#
# A fatal error has been detected by the Java Runtime Environment:
#
#  SIGSEGV (0xb) at pc=0x0000000040a89ee3, pid=13207, tid=140641576359680
#
# JRE version: OpenJDK Runtime Environment (7.0_85-b01) (build 1.7.0_85-b01)
# Java VM: OpenJDK 64-Bit Server VM (24.85-b03 mixed mode linux-amd64 compressed oops)
# Derivative: IcedTea 2.6.1
# Distribution: Debian GNU/Linux 8.2 (jessie), package 7u85-2.6.1-6+deb8u1
# Problematic frame:
# C  0x0000000040a89ee3
#
# Failed to write core dump. Core dumps have been disabled. To enable core dumping, try "ulimit -c unlimited" before starting Java again
#
# If you would like to submit a bug report, please include
# instructions on how to reproduce the bug and visit:
#   http://icedtea.classpath.org/bugzilla
# The crash happened outside the Java Virtual Machine in native code.
# See problematic frame for where to report the bug.
#

---------------  T H R E A D  ---------------

Current thread (0x00007fe9a400a800):  JavaThread "main" [_thread_in_native, id=13209, stack(0x00007fe9ab231000,0x00007fe9ab332000)]

siginfo:si_signo=SIGSEGV: si_errno=0, si_code=1 (SEGV_MAPERR), si_addr=0x0000000000000000

Registers:
RAX=0x00007fe94873d534, RBX=0x0000000040632000, RCX=0x0000000000000000, RDX=0x0000000000000066
RSP=0x00007fe9ab32ffb8, RBP=0x000000003f080000, RSI=0x0000000000000000, RDI=0x0000000000000000
R8 =0x00007fe9a46cc190, R9 =0x0000000120980000, R10=0x247c8b489f75caff, R11=0x0000000000000000
R12=0x0000000000000000, R13=0x0000000000000066, R14=0x0000000000000000, R15=0x00007fe9a4587cd0
RIP=0x0000000040a89ee3, EFLAGS=0x0000000000010246, CSGSFS=0x0000000000000033, ERR=0x0000000000000004
  TRAPNO=0x000000000000000e

Top of Stack: (sp=0x00007fe9ab32ffb8)
0x00007fe9ab32ffb8:   00007fe93adb9fc4 0000000400000000
0x00007fe9ab32ffc8:   00007fe9a46f07b8 00007fe9a400a800
0x00007fe9ab32ffd8:   00007fe93adba96e 00007fe94873d534
0x00007fe9ab32ffe8:   0000000040632000 0000000040676100
0x00007fe9ab32fff8:   0000000000000004 0000000000000000
0x00007fe9ab330008:   00007fe9ab330120 00007fe9a400a800
0x00007fe9ab330018:   00007fe93a9c8798 00007fe9ab330100
0x00007fe9ab330028:   00000066472e6e00 00000006fc66d810
0x00007fe9ab330038:   0000000000000000 00000006fc66d810
0x00007fe9ab330048:   00000006fc66d810 00007fe9ab3300e0
0x00007fe9ab330058:   0000000000000000 00000006fc66d810
0x00007fe9ab330068:   00007fe9a0e02758 00007fe9a400b738
0x00007fe9ab330078:   00007fe9a400b738 00007fe9a400b718
0x00007fe9ab330088:   00007fe9a400b718 00007fe9fffffffe
0x00007fe9ab330098:   0000000000000000 00007fe9ab3300a0
0x00007fe9ab3300a8:   00000006fc66d810 00007fe9ab330120
0x00007fe9ab3300b8:   00000006fc689a80 0000000000000000
0x00007fe9ab3300c8:   00000006fc66d810 0000000000000000
0x00007fe9ab3300d8:   00007fe9ab330100 00007fe9ab330168
0x00007fe9ab3300e8:   00007fe9a0df6058 00000007ad55c088
0x00007fe9ab3300f8:   00007fe9a0dfecd8 00007fe9491ee780
0x00007fe9ab330108:   00007fe9ab330168 0000000000000066
0x00007fe9ab330118:   0000000000000000 0000000000000004
0x00007fe9ab330128:   00007fe9ab330128 00000006fc66d704
0x00007fe9ab330138:   00007fe9ab3301a0 00000006fc689a80
0x00007fe9ab330148:   0000000000000000 00000006fc66d750
0x00007fe9ab330158:   00007fe9ab330100 00007fe9ab330190
0x00007fe9ab330168:   00007fe9ab3301e8 00007fe9a0df6058
0x00007fe9ab330178:   00007fe9491ee780 0000000000000000
0x00007fe9ab330188:   00000007ad509f08 0000000000000066
0x00007fe9ab330198:   0000000000000000 0000000000000004
0x00007fe9ab3301a8:   00007fe9ab3301a8 00000006fc6cdc7b 

Instructions: (pc=0x0000000040a89ee3)
0x0000000040a89ec3:   68 04 48 be 78 2d 68 40 00 00 00 00 48 8b 36 48
0x0000000040a89ed3:   8b b6 38 03 00 00 48 8b f9 48 c1 e7 04 48 03 f7
0x0000000040a89ee3:   8b 3e 8b 6e 04 89 78 08 89 68 0c 8b 7e 08 8b 6e
0x0000000040a89ef3:   0c 89 78 10 89 68 14 48 83 c0 18 ff c1 ff ca 75 

Register to memory mapping:

RAX=0x00007fe94873d534 is an unknown value
RBX=0x0000000040632000 is an unknown value
RCX=0x0000000000000000 is an unknown value
RDX=0x0000000000000066 is an unknown value
RSP=0x00007fe9ab32ffb8 is pointing into the stack for thread: 0x00007fe9a400a800
RBP=0x000000003f080000 is an unknown value
RSI=0x0000000000000000 is an unknown value
RDI=0x0000000000000000 is an unknown value
R8 =0x00007fe9a46cc190 is an unknown value
R9 =0x0000000120980000 is an unknown value
R10=0x247c8b489f75caff is an unknown value
R11=0x0000000000000000 is an unknown value
R12=0x0000000000000000 is an unknown value
R13=0x0000000000000066 is an unknown value
R14=0x0000000000000000 is an unknown value
R15=0x00007fe9a4587cd0 is an unknown value


Stack: [0x00007fe9ab231000,0x00007fe9ab332000],  sp=0x00007fe9ab32ffb8,  free space=1019k
Native frames: (J=compiled Java code, j=interpreted, Vv=VM code, C=native code)
C  0x0000000040a89ee3

[error occurred during error reporting (printing native stack), id 0xb]

Java frames: (J=compiled Java code, j=interpreted, Vv=VM code)
j  org.lwjgl.opengl.GL11.nglDrawArrays(IIIJ)V+0
j  org.lwjgl.opengl.GL11.glDrawArrays(III)V+20
j  fontRendering.FontRenderer.renderText(LfontMeshCreator/GUIText;)V+43
j  fontRendering.FontRenderer.render(Ljava/util/Map;)V+92
j  fontRendering.TextMaster.render()V+6
j  engine.GameLoop.main([Ljava/lang/String;)V+140
v  ~StubRoutines::call_stub
j  sun.reflect.NativeMethodAccessorImpl.invoke0(Ljava/lang/reflect/Method;Ljava/lang/Object;[Ljava/lang/Object;)Ljava/lang/Object;+0
j  sun.reflect.NativeMethodAccessorImpl.invoke(Ljava/lang/Object;[Ljava/lang/Object;)Ljava/lang/Object;+87
j  sun.reflect.DelegatingMethodAccessorImpl.invoke(Ljava/lang/Object;[Ljava/lang/Object;)Ljava/lang/Object;+6
j  java.lang.reflect.Method.invoke(Ljava/lang/Object;[Ljava/lang/Object;)Ljava/lang/Object;+57
j  com.intellij.rt.execution.application.AppMain.main([Ljava/lang/String;)V+170
v  ~StubRoutines::call_stub

---------------  P R O C E S S  ---------------

Java Threads: ( => current thread )
  0x00007fe9a4250000 JavaThread "process reaper" daemon [_thread_blocked, id=13249, stack(0x00007fe99c026000,0x00007fe99c05f000)]
  0x00007fe9a4243000 JavaThread "AWT-XAWT" daemon [_thread_in_native, id=13247, stack(0x00007fe97004f000,0x00007fe970150000)]
  0x00007fe9a4225800 JavaThread "Java2D Disposer" daemon [_thread_blocked, id=13246, stack(0x00007fe99c05f000,0x00007fe99c160000)]
  0x00007fe9a4190000 JavaThread "Monitor Ctrl-Break" daemon [_thread_in_native, id=13245, stack(0x00007fe99c38f000,0x00007fe99c490000)]
  0x00007fe9a40b7800 JavaThread "Service Thread" daemon [_thread_blocked, id=13243, stack(0x00007fe99c82c000,0x00007fe99c92d000)]
  0x00007fe9a40b5800 JavaThread "C2 CompilerThread1" daemon [_thread_in_native, id=13242, stack(0x00007fe99c92d000,0x00007fe99ca2e000)]
  0x00007fe9a40b2800 JavaThread "C2 CompilerThread0" daemon [_thread_blocked, id=13241, stack(0x00007fe99ca2e000,0x00007fe99cb2f000)]
  0x00007fe9a40b0800 JavaThread "Signal Dispatcher" daemon [_thread_blocked, id=13240, stack(0x00007fe99cb2f000,0x00007fe99cc30000)]
  0x00007fe9a4085000 JavaThread "Finalizer" daemon [_thread_blocked, id=13232, stack(0x00007fe99cdba000,0x00007fe99cebb000)]
  0x00007fe9a4083000 JavaThread "Reference Handler" daemon [_thread_blocked, id=13231, stack(0x00007fe99cebb000,0x00007fe99cfbc000)]
=>0x00007fe9a400a800 JavaThread "main" [_thread_in_native, id=13209, stack(0x00007fe9ab231000,0x00007fe9ab332000)]

Other Threads:
  0x00007fe9a407f000 VMThread [stack: 0x00007fe99cfbc000,0x00007fe99d0bd000] [id=13230]
  0x00007fe9a40c2800 WatcherThread [stack: 0x00007fe99c72b000,0x00007fe99c82c000] [id=13244]

VM state:not at safepoint (normal execution)

VM Mutex/Monitor currently owned by a thread: None

Heap
 PSYoungGen      total 75264K, used 13094K [0x00000007acc80000, 0x00000007b2000000, 0x0000000800000000)
  eden space 65024K, 20% used [0x00000007acc80000,0x00000007ad949918,0x00000007b0c00000)
  from space 10240K, 0% used [0x00000007b1600000,0x00000007b1600000,0x00000007b2000000)
  to   space 10240K, 0% used [0x00000007b0c00000,0x00000007b0c00000,0x00000007b1600000)
 ParOldGen       total 169984K, used 0K [0x0000000706600000, 0x0000000710c00000, 0x00000007acc80000)
  object space 169984K, 0% used [0x0000000706600000,0x0000000706600000,0x0000000710c00000)
 PSPermGen       total 21504K, used 7826K [0x00000006fc000000, 0x00000006fd500000, 0x0000000706600000)
  object space 21504K, 36% used [0x00000006fc000000,0x00000006fc7a48f8,0x00000006fd500000)

Card table byte_map: [0x00007fe9a05cf000,0x00007fe9a0df0000] byte_map_base: 0x00007fe99cdef000

Polling page: 0x00007fe9ab230000

Code Cache  [0x00007fe9a0df0000, 0x00007fe9a1060000, 0x00007fe9a3df0000)
 total_blobs=476 nmethods=30 adapters=401 free_code_cache=48584Kb largest_free_block=49731712

Compilation events (10 events):
Event: 0.871 Thread 0x00007fe9a40b2800   27             java.lang.Math::min (11 bytes)
Event: 0.872 Thread 0x00007fe9a40b2800 nmethod 27 0x00007fe9a0e78050 code [0x00007fe9a0e78180, 0x00007fe9a0e781b8]
Event: 0.874 Thread 0x00007fe9a40b2800   28             java.lang.String::replace (127 bytes)
Event: 0.879 Thread 0x00007fe9a40b5800 nmethod 26 0x00007fe9a0e7a110 code [0x00007fe9a0e7a2c0, 0x00007fe9a0e7aaa8]
Event: 0.884 Thread 0x00007fe9a40b2800 nmethod 28 0x00007fe9a0e7b0d0 code [0x00007fe9a0e7b220, 0x00007fe9a0e7b6b8]
Event: 0.959 Thread 0x00007fe9a40b5800   29   !         java.io.BufferedReader::readLine (304 bytes)
Event: 0.969 Thread 0x00007fe9a40b2800   30             sun.nio.cs.UTF_8$Decoder::decodeArrayLoop (543 bytes)
Event: 0.981 Thread 0x00007fe9a40b5800 nmethod 29 0x00007fe9a0e7f490 code [0x00007fe9a0e7f660, 0x00007fe9a0e80670]
Event: 0.983 Thread 0x00007fe9a40b2800 nmethod 30 0x00007fe9a0e80d90 code [0x00007fe9a0e81000, 0x00007fe9a0e81b98]
Event: 1.002 Thread 0x00007fe9a40b5800   31             java.lang.String::indexOf (166 bytes)

GC Heap History (0 events):
No events

Deoptimization events (2 events):
Event: 0.140 Thread 0x00007fe9a400a800 Uncommon trap: reason=unstable_if action=reinterpret pc=0x00007fe9a0e50de4 method=java.lang.String.indexOf([CII[CIII)I @ 123
Event: 0.890 Thread 0x00007fe9a400a800 Uncommon trap: reason=unstable_if action=reinterpret pc=0x00007fe9a0e639e8 method=java.lang.String.indexOf([CII[CIII)I @ 3

Internal exceptions (10 events):
Event: 0.994 Thread 0x00007fe9a400a800 Threw 0x00000007ad8c19e8 at /home/jmm/jdk2/openjdk-7-7u85-2.6.1/build/openjdk/hotspot/src/share/vm/prims/jvm.cpp:1322
Event: 0.995 Thread 0x00007fe9a400a800 Threw 0x00000007ad8c6368 at /home/jmm/jdk2/openjdk-7-7u85-2.6.1/build/openjdk/hotspot/src/share/vm/prims/jvm.cpp:1322
Event: 0.996 Thread 0x00007fe9a400a800 Threw 0x00000007ad8ce0e0 at /home/jmm/jdk2/openjdk-7-7u85-2.6.1/build/openjdk/hotspot/src/share/vm/prims/jvm.cpp:1322
Event: 0.996 Thread 0x00007fe9a400a800 Threw 0x00000007ad8d2b10 at /home/jmm/jdk2/openjdk-7-7u85-2.6.1/build/openjdk/hotspot/src/share/vm/prims/jvm.cpp:1322
Event: 0.997 Thread 0x00007fe9a400a800 Threw 0x00000007ad8d7278 at /home/jmm/jdk2/openjdk-7-7u85-2.6.1/build/openjdk/hotspot/src/share/vm/prims/jvm.cpp:1322
Event: 0.998 Thread 0x00007fe9a400a800 Threw 0x00000007ad8daaf0 at /home/jmm/jdk2/openjdk-7-7u85-2.6.1/build/openjdk/hotspot/src/share/vm/prims/jvm.cpp:1322
Event: 1.000 Thread 0x00007fe9a400a800 Threw 0x00000007ad8e1980 at /home/jmm/jdk2/openjdk-7-7u85-2.6.1/build/openjdk/hotspot/src/share/vm/prims/jvm.cpp:1322
Event: 1.002 Thread 0x00007fe9a400a800 Threw 0x00000007ad8e59c0 at /home/jmm/jdk2/openjdk-7-7u85-2.6.1/build/openjdk/hotspot/src/share/vm/prims/jvm.cpp:1322
Event: 1.003 Thread 0x00007fe9a400a800 Threw 0x00000007ad8e9168 at /home/jmm/jdk2/openjdk-7-7u85-2.6.1/build/openjdk/hotspot/src/share/vm/prims/jvm.cpp:1322
Event: 1.004 Thread 0x00007fe9a400a800 Threw 0x00000007ad8eca48 at /home/jmm/jdk2/openjdk-7-7u85-2.6.1/build/openjdk/hotspot/src/share/vm/prims/jvm.cpp:1322

Events (10 events):
Event: 0.998 loading class 0x00007fe9a49db930
Event: 0.998 loading class 0x00007fe9a49db930 done
Event: 1.000 loading class 0x00007fe9a49ca710
Event: 1.000 loading class 0x00007fe9a49ca710 done
Event: 1.002 loading class 0x00007fe9a4190f10
Event: 1.002 loading class 0x00007fe9a4190f10 done
Event: 1.003 loading class 0x00007fe9a4190f40
Event: 1.003 loading class 0x00007fe9a4190f40 done
Event: 1.004 loading class 0x00007fe9a49bac50
Event: 1.004 loading class 0x00007fe9a49bac50 done


Dynamic libraries:
00400000-00401000 r-xp 00000000 08:01 2101986                            /usr/lib/jvm/java-7-openjdk-amd64/jre/bin/java
00600000-00601000 r--p 00000000 08:01 2101986                            /usr/lib/jvm/java-7-openjdk-amd64/jre/bin/java
00601000-00602000 rw-p 00001000 08:01 2101986                            /usr/lib/jvm/java-7-openjdk-amd64/jre/bin/java
0249f000-024c0000 rw-p 00000000 00:00 0                                  [heap]
40632000-406d1000 rw-p 00000000 00:00 0 
40a88000-40a8a000 r-xs 00000000 08:12 33                                 /tmp/.glTwiaFk (deleted)
6fc000000-6fd500000 rw-p 00000000 00:00 0 
6fd500000-706600000 rw-p 00000000 00:00 0 
706600000-710c00000 rw-p 00000000 00:00 0 
710c00000-7acc80000 rw-p 00000000 00:00 0 
7acc80000-7b2000000 rw-p 00000000 00:00 0 
7b2000000-800000000 rw-p 00000000 00:00 0 
7fe939568000-7fe93af65000 r-xp 00000000 08:01 1339821                    /usr/lib/x86_64-linux-gnu/libnvidia-glcore.so.352.55
7fe93af65000-7fe93af85000 rwxp 019fd000 08:01 1339821                    /usr/lib/x86_64-linux-gnu/libnvidia-glcore.so.352.55
7fe93af85000-7fe93b24c000 r-xp 01a1d000 08:01 1339821                    /usr/lib/x86_64-linux-gnu/libnvidia-glcore.so.352.55
7fe93b24c000-7fe93b44b000 ---p 01ce4000 08:01 1339821                    /usr/lib/x86_64-linux-gnu/libnvidia-glcore.so.352.55
7fe93b44b000-7fe93bfe7000 rw-p 01ce3000 08:01 1339821                    /usr/lib/x86_64-linux-gnu/libnvidia-glcore.so.352.55
7fe93bfe7000-7fe93bffb000 rw-p 00000000 00:00 0 
7fe93c000000-7fe93c021000 rw-p 00000000 00:00 0 
7fe93c021000-7fe940000000 ---p 00000000 00:00 0 
7fe940000000-7fe940021000 rw-p 00000000 00:00 0 
7fe940021000-7fe944000000 ---p 00000000 00:00 0 
7fe944000000-7fe944021000 rw-p 00000000 00:00 0 
7fe944021000-7fe948000000 ---p 00000000 00:00 0 
7fe9486e3000-7fe9488e3000 rw-s 35b803000 00:05 17965                     /dev/nvidiactl
7fe9488e8000-7fe9488f9000 r-xp 00000000 08:01 2101924                    /usr/lib/jvm/java-7-openjdk-amd64/jre/lib/amd64/libnio.so
7fe9488f9000-7fe948af8000 ---p 00011000 08:01 2101924                    /usr/lib/jvm/java-7-openjdk-amd64/jre/lib/amd64/libnio.so
7fe948af8000-7fe948af9000 r--p 00010000 08:01 2101924                    /usr/lib/jvm/java-7-openjdk-amd64/jre/lib/amd64/libnio.so
7fe948af9000-7fe948afa000 rw-p 00011000 08:01 2101924                    /usr/lib/jvm/java-7-openjdk-amd64/jre/lib/amd64/libnio.so
7fe948afb000-7fe948b7b000 rw-s 35b923000 00:05 17965                     /dev/nvidiactl
7fe948b80000-7fe948b82000 rw-s 00000000 08:12 33                         /tmp/.glTwiaFk (deleted)
7fe948b82000-7fe948c02000 rw-s 33b27a000 00:05 17965                     /dev/nvidiactl
7fe948c05000-7fe948c85000 rw-s 3d03fd000 00:05 17965                     /dev/nvidiactl
7fe948c8b000-7fe948d8b000 rw-s 3fe79b000 00:05 17965                     /dev/nvidiactl
7fe948d90000-7fe948da3000 rw-s 402c40000 00:05 17965                     /dev/nvidiactl
7fe948da8000-7fe948dc8000 rw-s c0260000 00:05 19540                      /dev/nvidia0
7fe948dcc000-7fe948dcd000 rw-s 1f4694000 00:05 17965                     /dev/nvidiactl
7fe948dce000-7fe948dd2000 rw-s 33b1d6000 00:05 17965                     /dev/nvidiactl
7fe948dd4000-7fe948e14000 rw-s 267934000 00:05 17965                     /dev/nvidiactl
7fe948e1b000-7fe948e5b000 rw-s 33b3f3000 00:05 17965                     /dev/nvidiactl
7fe948e5e000-7fe948f12000 rw-s 42b5be000 00:05 17965                     /dev/nvidiactl
7fe948f18000-7fe948f1b000 r-xp 00000000 08:01 1339825                    /usr/lib/x86_64-linux-gnu/tls/libnvidia-tls.so.352.55
7fe948f1b000-7fe94911a000 ---p 00003000 08:01 1339825                    /usr/lib/x86_64-linux-gnu/tls/libnvidia-tls.so.352.55
7fe94911a000-7fe94911b000 rw-p 00002000 08:01 1339825                    /usr/lib/x86_64-linux-gnu/tls/libnvidia-tls.so.352.55
7fe949120000-7fe9491de000 r-xp 00000000 08:01 1339822                    /usr/lib/x86_64-linux-gnu/libGL.so.352.55
7fe9491de000-7fe949211000 rwxp 000be000 08:01 1339822                    /usr/lib/x86_64-linux-gnu/libGL.so.352.55
7fe949211000-7fe949223000 r-xp 000f1000 08:01 1339822                    /usr/lib/x86_64-linux-gnu/libGL.so.352.55
7fe949223000-7fe949422000 ---p 00103000 08:01 1339822                    /usr/lib/x86_64-linux-gnu/libGL.so.352.55
7fe949422000-7fe94944a000 rw-p 00102000 08:01 1339822                    /usr/lib/x86_64-linux-gnu/libGL.so.352.55
7fe94944a000-7fe949450000 rw-p 00000000 00:00 0 
7fe949450000-7fe949455000 r-xp 00000000 08:01 1317786                    /usr/lib/x86_64-linux-gnu/libXxf86vm.so.1.0.0
7fe949455000-7fe949654000 ---p 00005000 08:01 1317786                    /usr/lib/x86_64-linux-gnu/libXxf86vm.so.1.0.0
7fe949654000-7fe949655000 r--p 00004000 08:01 1317786                    /usr/lib/x86_64-linux-gnu/libXxf86vm.so.1.0.0
7fe949655000-7fe949656000 rw-p 00005000 08:01 1317786                    /usr/lib/x86_64-linux-gnu/libXxf86vm.so.1.0.0
7fe949658000-7fe949661000 r-xp 00000000 08:01 1317776                    /usr/lib/x86_64-linux-gnu/libXrandr.so.2.2.0
7fe949661000-7fe949860000 ---p 00009000 08:01 1317776                    /usr/lib/x86_64-linux-gnu/libXrandr.so.2.2.0
7fe949860000-7fe949861000 r--p 00008000 08:01 1317776                    /usr/lib/x86_64-linux-gnu/libXrandr.so.2.2.0
7fe949861000-7fe949862000 rw-p 00009000 08:01 1317776                    /usr/lib/x86_64-linux-gnu/libXrandr.so.2.2.0
7fe949868000-7fe9498d8000 r-xp 00000000 08:13 9045172                    /home/mart/IdeaProjects/Multiplayer World 2/libs/liblwjgl64.so
7fe9498d8000-7fe949ad8000 ---p 00070000 08:13 9045172                    /home/mart/IdeaProjects/Multiplayer World 2/libs/liblwjgl64.so
7fe949ad8000-7fe949ada000 r--p 00070000 08:13 9045172                    /home/mart/IdeaProjects/Multiplayer World 2/libs/liblwjgl64.so
7fe949ada000-7fe949adb000 rw-p 00072000 08:13 9045172                    /home/mart/IdeaProjects/Multiplayer World 2/libs/liblwjgl64.so
7fe949ae0000-7fe949ae1000 r-xp 00000000 08:01 2101945                    /usr/lib/jvm/java-7-openjdk-amd64/jre/lib/amd64/libjawt.so
7fe949ae1000-7fe949ce0000 ---p 00001000 08:01 2101945                    /usr/lib/jvm/java-7-openjdk-amd64/jre/lib/amd64/libjawt.so
7fe949ce0000-7fe949ce1000 r--p 00000000 08:01 2101945                    /usr/lib/jvm/java-7-openjdk-amd64/jre/lib/amd64/libjawt.so
7fe949ce1000-7fe949ce2000 rw-p 00001000 08:01 2101945                    /usr/lib/jvm/java-7-openjdk-amd64/jre/lib/amd64/libjawt.so
7fe949ce8000-7fe949ced000 r-xp 00000000 08:01 1318319                    /usr/lib/x86_64-linux-gnu/libXfixes.so.3.1.0
7fe949ced000-7fe949eec000 ---p 00005000 08:01 1318319                    /usr/lib/x86_64-linux-gnu/libXfixes.so.3.1.0
7fe949eec000-7fe949eed000 r--p 00004000 08:01 1318319                    /usr/lib/x86_64-linux-gnu/libXfixes.so.3.1.0
7fe949eed000-7fe949eee000 rw-p 00005000 08:01 1318319                    /usr/lib/x86_64-linux-gnu/libXfixes.so.3.1.0
7fe949ef0000-7fe949efa000 r-xp 00000000 08:01 1318351                    /usr/lib/x86_64-linux-gnu/libXcursor.so.1.0.2
7fe949efa000-7fe94a0f9000 ---p 0000a000 08:01 1318351                    /usr/lib/x86_64-linux-gnu/libXcursor.so.1.0.2
7fe94a0f9000-7fe94a0fa000 r--p 00009000 08:01 1318351                    /usr/lib/x86_64-linux-gnu/libXcursor.so.1.0.2
7fe94a0fa000-7fe94a0fb000 rw-p 0000a000 08:01 1318351                    /usr/lib/x86_64-linux-gnu/libXcursor.so.1.0.2
7fe94a100000-7fe94a147000 r-xp 00000000 08:01 6423007                    /lib/x86_64-linux-gnu/libdbus-1.so.3.8.13
7fe94a147000-7fe94a346000 ---p 00047000 08:01 6423007                    /lib/x86_64-linux-gnu/libdbus-1.so.3.8.13
7fe94a346000-7fe94a347000 r--p 00046000 08:01 6423007                    /lib/x86_64-linux-gnu/libdbus-1.so.3.8.13
7fe94a347000-7fe94a348000 rw-p 00047000 08:01 6423007                    /lib/x86_64-linux-gnu/libdbus-1.so.3.8.13
7fe94a348000-7fe94a3c9000 r-xp 00000000 08:01 1315106                    /usr/lib/x86_64-linux-gnu/libgmp.so.10.2.0
7fe94a3c9000-7fe94a5c9000 ---p 00081000 08:01 1315106                    /usr/lib/x86_64-linux-gnu/libgmp.so.10.2.0
7fe94a5c9000-7fe94a5ca000 r--p 00081000 08:01 1315106                    /usr/lib/x86_64-linux-gnu/libgmp.so.10.2.0
7fe94a5ca000-7fe94a5cb000 rw-p 00082000 08:01 1315106                    /usr/lib/x86_64-linux-gnu/libgmp.so.10.2.0
7fe94a5d0000-7fe94a5fe000 r-xp 00000000 08:01 1315110                    /usr/lib/x86_64-linux-gnu/libhogweed.so.2.5
7fe94a5fe000-7fe94a7fd000 ---p 0002e000 08:01 1315110                    /usr/lib/x86_64-linux-gnu/libhogweed.so.2.5
7fe94a7fd000-7fe94a7fe000 r--p 0002d000 08:01 1315110                    /usr/lib/x86_64-linux-gnu/libhogweed.so.2.5
7fe94a7fe000-7fe94a7ff000 rw-p 0002e000 08:01 1315110                    /usr/lib/x86_64-linux-gnu/libhogweed.so.2.5
7fe94a800000-7fe94a830000 r-xp 00000000 08:01 1315108                    /usr/lib/x86_64-linux-gnu/libnettle.so.4.7
7fe94a830000-7fe94aa30000 ---p 00030000 08:01 1315108                    /usr/lib/x86_64-linux-gnu/libnettle.so.4.7
7fe94aa30000-7fe94aa31000 r--p 00030000 08:01 1315108                    /usr/lib/x86_64-linux-gnu/libnettle.so.4.7
7fe94aa31000-7fe94aa32000 rw-p 00031000 08:01 1315108                    /usr/lib/x86_64-linux-gnu/libnettle.so.4.7
7fe94aa38000-7fe94aa49000 r-xp 00000000 08:01 1315458                    /usr/lib/x86_64-linux-gnu/libtasn1.so.6.3.2
7fe94aa49000-7fe94ac49000 ---p 00011000 08:01 1315458                    /usr/lib/x86_64-linux-gnu/libtasn1.so.6.3.2
7fe94ac49000-7fe94ac4b000 r--p 00011000 08:01 1315458                    /usr/lib/x86_64-linux-gnu/libtasn1.so.6.3.2
7fe94ac4b000-7fe94ac4c000 rw-p 00013000 08:01 1315458                    /usr/lib/x86_64-linux-gnu/libtasn1.so.6.3.2
7fe94ac50000-7fe94ac8c000 r-xp 00000000 08:01 1315113                    /usr/lib/x86_64-linux-gnu/libp11-kit.so.0.0.0
7fe94ac8c000-7fe94ae8b000 ---p 0003c000 08:01 1315113                    /usr/lib/x86_64-linux-gnu/libp11-kit.so.0.0.0
7fe94ae8b000-7fe94ae94000 r--p 0003b000 08:01 1315113                    /usr/lib/x86_64-linux-gnu/libp11-kit.so.0.0.0
7fe94ae94000-7fe94ae96000 rw-p 00044000 08:01 1315113                    /usr/lib/x86_64-linux-gnu/libp11-kit.so.0.0.0
7fe94ae98000-7fe94ae9b000 r-xp 00000000 08:01 6422538                    /lib/x86_64-linux-gnu/libkeyutils.so.1.5
7fe94ae9b000-7fe94b09a000 ---p 00003000 08:01 6422538                    /lib/x86_64-linux-gnu/libkeyutils.so.1.5
7fe94b09a000-7fe94b09b000 r--p 00002000 08:01 6422538                    /lib/x86_64-linux-gnu/libkeyutils.so.1.5
7fe94b09b000-7fe94b09c000 rw-p 00003000 08:01 6422538                    /lib/x86_64-linux-gnu/libkeyutils.so.1.5
7fe94b0a0000-7fe94b0ab000 r-xp 00000000 08:01 1317160                    /usr/lib/x86_64-linux-gnu/libkrb5support.so.0.1
7fe94b0ab000-7fe94b2aa000 ---p 0000b000 08:01 1317160                    /usr/lib/x86_64-linux-gnu/libkrb5support.so.0.1
7fe94b2aa000-7fe94b2ab000 r--p 0000a000 08:01 1317160                    /usr/lib/x86_64-linux-gnu/libkrb5support.so.0.1
7fe94b2ab000-7fe94b2ac000 rw-p 0000b000 08:01 1317160                    /usr/lib/x86_64-linux-gnu/libkrb5support.so.0.1
7fe94b2b0000-7fe94b2b3000 r-xp 00000000 08:01 6422616                    /lib/x86_64-linux-gnu/libcom_err.so.2.1
7fe94b2b3000-7fe94b4b2000 ---p 00003000 08:01 6422616                    /lib/x86_64-linux-gnu/libcom_err.so.2.1
7fe94b4b2000-7fe94b4b3000 r--p 00002000 08:01 6422616                    /lib/x86_64-linux-gnu/libcom_err.so.2.1
7fe94b4b3000-7fe94b4b4000 rw-p 00003000 08:01 6422616                    /lib/x86_64-linux-gnu/libcom_err.so.2.1
7fe94b4b8000-7fe94b4e6000 r-xp 00000000 08:01 1317162                    /usr/lib/x86_64-linux-gnu/libk5crypto.so.3.1
7fe94b4e6000-7fe94b6e5000 ---p 0002e000 08:01 1317162                    /usr/lib/x86_64-linux-gnu/libk5crypto.so.3.1
7fe94b6e5000-7fe94b6e7000 r--p 0002d000 08:01 1317162                    /usr/lib/x86_64-linux-gnu/libk5crypto.so.3.1
7fe94b6e7000-7fe94b6e8000 rw-p 0002f000 08:01 1317162                    /usr/lib/x86_64-linux-gnu/libk5crypto.so.3.1
7fe94b6e8000-7fe94b6e9000 rw-p 00000000 00:00 0 
7fe94b6f0000-7fe94b7b4000 r-xp 00000000 08:01 1317164                    /usr/lib/x86_64-linux-gnu/libkrb5.so.3.3
7fe94b7b4000-7fe94b9b4000 ---p 000c4000 08:01 1317164                    /usr/lib/x86_64-linux-gnu/libkrb5.so.3.3
7fe94b9b4000-7fe94b9c1000 r--p 000c4000 08:01 1317164                    /usr/lib/x86_64-linux-gnu/libkrb5.so.3.3
7fe94b9c1000-7fe94b9c4000 rw-p 000d1000 08:01 1317164                    /usr/lib/x86_64-linux-gnu/libkrb5.so.3.3
7fe94b9c8000-7fe94b9cd000 r-xp 00000000 08:01 1317761                    /usr/lib/x86_64-linux-gnu/libXdmcp.so.6.0.0
7fe94b9cd000-7fe94bbcc000 ---p 00005000 08:01 1317761                    /usr/lib/x86_64-linux-gnu/libXdmcp.so.6.0.0
7fe94bbcc000-7fe94bbcd000 rw-p 00004000 08:01 1317761                    /usr/lib/x86_64-linux-gnu/libXdmcp.so.6.0.0
7fe94bbd0000-7fe94bbd3000 r-xp 00000000 08:01 1317759                    /usr/lib/x86_64-linux-gnu/libXau.so.6.0.0
7fe94bbd3000-7fe94bdd2000 ---p 00003000 08:01 1317759                    /usr/lib/x86_64-linux-gnu/libXau.so.6.0.0
7fe94bdd2000-7fe94bdd3000 r--p 00002000 08:01 1317759                    /usr/lib/x86_64-linux-gnu/libXau.so.6.0.0
7fe94bdd3000-7fe94bdd4000 rw-p 00003000 08:01 1317759                    /usr/lib/x86_64-linux-gnu/libXau.so.6.0.0
7fe94bdd8000-7fe94bdfe000 r-xp 00000000 08:01 6423568                    /lib/x86_64-linux-gnu/libpng12.so.0.50.0
7fe94bdfe000-7fe94bffd000 ---p 00026000 08:01 6423568                    /lib/x86_64-linux-gnu/libpng12.so.0.50.0
7fe94bffd000-7fe94bffe000 r--p 00025000 08:01 6423568                    /lib/x86_64-linux-gnu/libpng12.so.0.50.0
7fe94bffe000-7fe94bfff000 rw-p 00026000 08:01 6423568                    /lib/x86_64-linux-gnu/libpng12.so.0.50.0
7fe94c000000-7fe94c021000 rw-p 00000000 00:00 0 
7fe94c021000-7fe950000000 ---p 00000000 00:00 0 
7fe950000000-7fe950021000 rw-p 00000000 00:00 0 
7fe950021000-7fe954000000 ---p 00000000 00:00 0 
7fe954000000-7fe95418a000 rw-p 00000000 00:00 0 
7fe95418a000-7fe958000000 ---p 00000000 00:00 0 
7fe958000000-7fe958021000 rw-p 00000000 00:00 0 
7fe958021000-7fe95c000000 ---p 00000000 00:00 0 
7fe95c000000-7fe95c021000 rw-p 00000000 00:00 0 
7fe95c021000-7fe960000000 ---p 00000000 00:00 0 
7fe960000000-7fe9601f9000 rw-p 00000000 00:00 0 
7fe9601f9000-7fe964000000 ---p 00000000 00:00 0 
7fe964000000-7fe964021000 rw-p 00000000 00:00 0 
7fe964021000-7fe968000000 ---p 00000000 00:00 0 
7fe968000000-7fe968021000 rw-p 00000000 00:00 0 
7fe968021000-7fe96c000000 ---p 00000000 00:00 0 
7fe96c000000-7fe96c021000 rw-p 00000000 00:00 0 
7fe96c021000-7fe970000000 ---p 00000000 00:00 0 
7fe970004000-7fe970005000 rw-s cfd64000 00:05 19540                      /dev/nvidia0
7fe970009000-7fe970029000 rw-s 33b351000 00:05 17965                     /dev/nvidiactl
7fe97002f000-7fe97004f000 rw-s 3b247f000 00:05 17965                     /dev/nvidiactl
7fe97004f000-7fe970052000 ---p 00000000 00:00 0 
7fe970052000-7fe970150000 rw-p 00000000 00:00 0                          [stack:13247]
7fe970150000-7fe970176000 r-xp 00000000 08:01 6422533                    /lib/x86_64-linux-gnu/libexpat.so.1.6.0
7fe970176000-7fe970375000 ---p 00026000 08:01 6422533                    /lib/x86_64-linux-gnu/libexpat.so.1.6.0
7fe970375000-7fe970378000 r--p 00025000 08:01 6422533                    /lib/x86_64-linux-gnu/libexpat.so.1.6.0
7fe970378000-7fe970379000 rw-p 00028000 08:01 6422533                    /lib/x86_64-linux-gnu/libexpat.so.1.6.0
7fe970380000-7fe970390000 r-xp 00000000 08:01 1317911                    /usr/lib/x86_64-linux-gnu/libavahi-client.so.3.2.9
7fe970390000-7fe97058f000 ---p 00010000 08:01 1317911                    /usr/lib/x86_64-linux-gnu/libavahi-client.so.3.2.9
7fe97058f000-7fe970590000 r--p 0000f000 08:01 1317911                    /usr/lib/x86_64-linux-gnu/libavahi-client.so.3.2.9
7fe970590000-7fe970591000 rw-p 00010000 08:01 1317911                    /usr/lib/x86_64-linux-gnu/libavahi-client.so.3.2.9
7fe970598000-7fe9705a4000 r-xp 00000000 08:01 1317908                    /usr/lib/x86_64-linux-gnu/libavahi-common.so.3.5.3
7fe9705a4000-7fe9707a3000 ---p 0000c000 08:01 1317908                    /usr/lib/x86_64-linux-gnu/libavahi-common.so.3.5.3
7fe9707a3000-7fe9707a4000 r--p 0000b000 08:01 1317908                    /usr/lib/x86_64-linux-gnu/libavahi-common.so.3.5.3
7fe9707a4000-7fe9707a5000 rw-p 0000c000 08:01 1317908                    /usr/lib/x86_64-linux-gnu/libavahi-common.so.3.5.3
7fe9707a8000-7fe9708bb000 r-xp 00000000 08:01 1314044                    /usr/lib/x86_64-linux-gnu/libgnutls-deb0.so.28.41.0
7fe9708bb000-7fe970abb000 ---p 00113000 08:01 1314044                    /usr/lib/x86_64-linux-gnu/libgnutls-deb0.so.28.41.0
7fe970abb000-7fe970ac4000 r--p 00113000 08:01 1314044                    /usr/lib/x86_64-linux-gnu/libgnutls-deb0.so.28.41.0
7fe970ac4000-7fe970ac6000 rw-p 0011c000 08:01 1314044                    /usr/lib/x86_64-linux-gnu/libgnutls-deb0.so.28.41.0
7fe970ac6000-7fe970ac7000 rw-p 00000000 00:00 0 
7fe970ac8000-7fe970b0e000 r-xp 00000000 08:01 1317167                    /usr/lib/x86_64-linux-gnu/libgssapi_krb5.so.2.2
7fe970b0e000-7fe970d0e000 ---p 00046000 08:01 1317167                    /usr/lib/x86_64-linux-gnu/libgssapi_krb5.so.2.2
7fe970d0e000-7fe970d10000 r--p 00046000 08:01 1317167                    /usr/lib/x86_64-linux-gnu/libgssapi_krb5.so.2.2
7fe970d10000-7fe970d12000 rw-p 00048000 08:01 1317167                    /usr/lib/x86_64-linux-gnu/libgssapi_krb5.so.2.2
7fe970d18000-7fe970d39000 r-xp 00000000 08:01 1317763                    /usr/lib/x86_64-linux-gnu/libxcb.so.1.1.0
7fe970d39000-7fe970f38000 ---p 00021000 08:01 1317763                    /usr/lib/x86_64-linux-gnu/libxcb.so.1.1.0
7fe970f38000-7fe970f39000 r--p 00020000 08:01 1317763                    /usr/lib/x86_64-linux-gnu/libxcb.so.1.1.0
7fe970f39000-7fe970f3a000 rw-p 00021000 08:01 1317763                    /usr/lib/x86_64-linux-gnu/libxcb.so.1.1.0
7fe970f40000-7fe970fe4000 r-xp 00000000 08:01 1318123                    /usr/lib/x86_64-linux-gnu/libfreetype.so.6.11.1
7fe970fe4000-7fe9711e3000 ---p 000a4000 08:01 1318123                    /usr/lib/x86_64-linux-gnu/libfreetype.so.6.11.1
7fe9711e3000-7fe9711e9000 r--p 000a3000 08:01 1318123                    /usr/lib/x86_64-linux-gnu/libfreetype.so.6.11.1
7fe9711e9000-7fe9711ea000 rw-p 000a9000 08:01 1318123                    /usr/lib/x86_64-linux-gnu/libfreetype.so.6.11.1
7fe9711f0000-7fe97122b000 r-xp 00000000 08:01 1318125                    /usr/lib/x86_64-linux-gnu/libfontconfig.so.1.8.0
7fe97122b000-7fe97142a000 ---p 0003b000 08:01 1318125                    /usr/lib/x86_64-linux-gnu/libfontconfig.so.1.8.0
7fe97142a000-7fe97142c000 r--p 0003a000 08:01 1318125                    /usr/lib/x86_64-linux-gnu/libfontconfig.so.1.8.0
7fe97142c000-7fe97142d000 rw-p 0003c000 08:01 1318125                    /usr/lib/x86_64-linux-gnu/libfontconfig.so.1.8.0
7fe971430000-7fe9714a0000 r-xp 00000000 08:01 1317913                    /usr/lib/x86_64-linux-gnu/libcups.so.2
7fe9714a0000-7fe97169f000 ---p 00070000 08:01 1317913                    /usr/lib/x86_64-linux-gnu/libcups.so.2
7fe97169f000-7fe9716a7000 r--p 0006f000 08:01 1317913                    /usr/lib/x86_64-linux-gnu/libcups.so.2
7fe9716a7000-7fe9716a8000 rw-p 00077000 08:01 1317913                    /usr/lib/x86_64-linux-gnu/libcups.so.2
7fe9716a8000-7fe9716b7000 r-xp 00000000 08:01 1318353                    /usr/lib/x86_64-linux-gnu/libXi.so.6.1.0
7fe9716b7000-7fe9718b6000 ---p 0000f000 08:01 1318353                    /usr/lib/x86_64-linux-gnu/libXi.so.6.1.0
7fe9718b6000-7fe9718b7000 r--p 0000e000 08:01 1318353                    /usr/lib/x86_64-linux-gnu/libXi.so.6.1.0
7fe9718b7000-7fe9718b8000 rw-p 0000f000 08:01 1318353                    /usr/lib/x86_64-linux-gnu/libXi.so.6.1.0
7fe9718b8000-7fe9718bd000 r-xp 00000000 08:01 1318983                    /usr/lib/x86_64-linux-gnu/libXtst.so.6.1.0
7fe9718bd000-7fe971abc000 ---p 00005000 08:01 1318983                    /usr/lib/x86_64-linux-gnu/libXtst.so.6.1.0
7fe971abc000-7fe971abd000 r--p 00004000 08:01 1318983                    /usr/lib/x86_64-linux-gnu/libXtst.so.6.1.0
7fe971abd000-7fe971abe000 rw-p 00005000 08:01 1318983                    /usr/lib/x86_64-linux-gnu/libXtst.so.6.1.0
7fe971ac0000-7fe971ac9000 r-xp 00000000 08:01 1317774                    /usr/lib/x86_64-linux-gnu/libXrender.so.1.3.0
7fe971ac9000-7fe971cc8000 ---p 00009000 08:01 1317774                    /usr/lib/x86_64-linux-gnu/libXrender.so.1.3.0
7fe971cc8000-7fe971cc9000 r--p 00008000 08:01 1317774                    /usr/lib/x86_64-linux-gnu/libXrender.so.1.3.0
7fe971cc9000-7fe971cca000 rw-p 00009000 08:01 1317774                    /usr/lib/x86_64-linux-gnu/libXrender.so.1.3.0
7fe971cd0000-7fe971e0c000 r-xp 00000000 08:01 1317767                    /usr/lib/x86_64-linux-gnu/libX11.so.6.3.0
7fe971e0c000-7fe97200b000 ---p 0013c000 08:01 1317767                    /usr/lib/x86_64-linux-gnu/libX11.so.6.3.0
7fe97200b000-7fe97200d000 r--p 0013b000 08:01 1317767                    /usr/lib/x86_64-linux-gnu/libX11.so.6.3.0
7fe97200d000-7fe972012000 rw-p 0013d000 08:01 1317767                    /usr/lib/x86_64-linux-gnu/libX11.so.6.3.0
7fe972012000-7fe972013000 rw-p 00000000 00:00 0 
7fe972018000-7fe972029000 r-xp 00000000 08:01 1317770                    /usr/lib/x86_64-linux-gnu/libXext.so.6.4.0
7fe972029000-7fe972228000 ---p 00011000 08:01 1317770                    /usr/lib/x86_64-linux-gnu/libXext.so.6.4.0
7fe972228000-7fe972229000 r--p 00010000 08:01 1317770                    /usr/lib/x86_64-linux-gnu/libXext.so.6.4.0
7fe972229000-7fe97222a000 rw-p 00011000 08:01 1317770                    /usr/lib/x86_64-linux-gnu/libXext.so.6.4.0
7fe972230000-7fe972279000 r-xp 00000000 08:01 2235730                    /usr/lib/jvm/java-7-openjdk-amd64/jre/lib/amd64/xawt/libmawt.so
7fe972279000-7fe972478000 ---p 00049000 08:01 2235730                    /usr/lib/jvm/java-7-openjdk-amd64/jre/lib/amd64/xawt/libmawt.so
7fe972478000-7fe972479000 r--p 00048000 08:01 2235730                    /usr/lib/jvm/java-7-openjdk-amd64/jre/lib/amd64/xawt/libmawt.so
7fe972479000-7fe97247c000 rw-p 00049000 08:01 2235730                    /usr/lib/jvm/java-7-openjdk-amd64/jre/lib/amd64/xawt/libmawt.so
7fe97247c000-7fe97247d000 rw-p 00000000 00:00 0 
7fe972480000-7fe972521000 r-xp 00000000 08:01 2101931                    /usr/lib/jvm/java-7-openjdk-amd64/jre/lib/amd64/libawt.so
7fe972521000-7fe972720000 ---p 000a1000 08:01 2101931                    /usr/lib/jvm/java-7-openjdk-amd64/jre/lib/amd64/libawt.so
7fe972720000-7fe972721000 r--p 000a0000 08:01 2101931                    /usr/lib/jvm/java-7-openjdk-amd64/jre/lib/amd64/libawt.so
7fe972721000-7fe97272c000 rw-p 000a1000 08:01 2101931                    /usr/lib/jvm/java-7-openjdk-amd64/jre/lib/amd64/libawt.so
7fe97272c000-7fe972751000 rw-p 00000000 00:00 0 
7fe972757000-7fe972a58000 rw-p 00000000 00:00 0 
7fe972a58000-7fe972ac4000 r-xp 00000000 08:01 6423678                    /lib/x86_64-linux-gnu/libpcre.so.3.13.1
7fe972ac4000-7fe972cc4000 ---p 0006c000 08:01 6423678                    /lib/x86_64-linux-gnu/libpcre.so.3.13.1
7fe972cc4000-7fe972cc5000 r--p 0006c000 08:01 6423678                    /lib/x86_64-linux-gnu/libpcre.so.3.13.1
7fe972cc5000-7fe972cc6000 rw-p 0006d000 08:01 6423678                    /lib/x86_64-linux-gnu/libpcre.so.3.13.1
7fe972cc8000-7fe972ccf000 r-xp 00000000 08:01 1315076                    /usr/lib/x86_64-linux-gnu/libffi.so.6.0.2
7fe972ccf000-7fe972ece000 ---p 00007000 08:01 1315076                    /usr/lib/x86_64-linux-gnu/libffi.so.6.0.2
7fe972ece000-7fe972ecf000 r--p 00006000 08:01 1315076                    /usr/lib/x86_64-linux-gnu/libffi.so.6.0.2
7fe972ecf000-7fe972ed0000 rw-p 00007000 08:01 1315076                    /usr/lib/x86_64-linux-gnu/libffi.so.6.0.2
7fe972ed0000-7fe972ee4000 r-xp 00000000 08:01 6425568                    /lib/x86_64-linux-gnu/libresolv-2.19.so
7fe972ee4000-7fe9730e3000 ---p 00014000 08:01 6425568                    /lib/x86_64-linux-gnu/libresolv-2.19.so
7fe9730e3000-7fe9730e4000 r--p 00013000 08:01 6425568                    /lib/x86_64-linux-gnu/libresolv-2.19.so
7fe9730e4000-7fe9730e5000 rw-p 00014000 08:01 6425568                    /lib/x86_64-linux-gnu/libresolv-2.19.so
7fe9730e5000-7fe9730e7000 rw-p 00000000 00:00 0 
7fe9730e8000-7fe973109000 r-xp 00000000 08:01 6422627                    /lib/x86_64-linux-gnu/libselinux.so.1
7fe973109000-7fe973309000 ---p 00021000 08:01 6422627                    /lib/x86_64-linux-gnu/libselinux.so.1
7fe973309000-7fe97330a000 r--p 00021000 08:01 6422627                    /lib/x86_64-linux-gnu/libselinux.so.1
7fe97330a000-7fe97330b000 rw-p 00022000 08:01 6422627                    /lib/x86_64-linux-gnu/libselinux.so.1
7fe97330b000-7fe97330d000 rw-p 00000000 00:00 0 
7fe973310000-7fe973313000 r-xp 00000000 08:01 1318028                    /usr/lib/x86_64-linux-gnu/libgmodule-2.0.so.0.4200.1
7fe973313000-7fe973512000 ---p 00003000 08:01 1318028                    /usr/lib/x86_64-linux-gnu/libgmodule-2.0.so.0.4200.1
7fe973512000-7fe973513000 r--p 00002000 08:01 1318028                    /usr/lib/x86_64-linux-gnu/libgmodule-2.0.so.0.4200.1
7fe973513000-7fe973514000 rw-p 00003000 08:01 1318028                    /usr/lib/x86_64-linux-gnu/libgmodule-2.0.so.0.4200.1
7fe973518000-7fe973624000 r-xp 00000000 08:01 6423013                    /lib/x86_64-linux-gnu/libglib-2.0.so.0.4200.1
7fe973624000-7fe973824000 ---p 0010c000 08:01 6423013                    /lib/x86_64-linux-gnu/libglib-2.0.so.0.4200.1
7fe973824000-7fe973825000 r--p 0010c000 08:01 6423013                    /lib/x86_64-linux-gnu/libglib-2.0.so.0.4200.1
7fe973825000-7fe973826000 rw-p 0010d000 08:01 6423013                    /lib/x86_64-linux-gnu/libglib-2.0.so.0.4200.1
7fe973826000-7fe973827000 rw-p 00000000 00:00 0 
7fe973828000-7fe973879000 r-xp 00000000 08:01 1318029                    /usr/lib/x86_64-linux-gnu/libgobject-2.0.so.0.4200.1
7fe973879000-7fe973a78000 ---p 00051000 08:01 1318029                    /usr/lib/x86_64-linux-gnu/libgobject-2.0.so.0.4200.1
7fe973a78000-7fe973a79000 r--p 00050000 08:01 1318029                    /usr/lib/x86_64-linux-gnu/libgobject-2.0.so.0.4200.1
7fe973a79000-7fe973a7a000 rw-p 00051000 08:01 1318029                    /usr/lib/x86_64-linux-gnu/libgobject-2.0.so.0.4200.1
7fe973a80000-7fe973bf1000 r-xp 00000000 08:01 1318031                    /usr/lib/x86_64-linux-gnu/libgio-2.0.so.0.4200.1
7fe973bf1000-7fe973df1000 ---p 00171000 08:01 1318031                    /usr/lib/x86_64-linux-gnu/libgio-2.0.so.0.4200.1
7fe973df1000-7fe973df5000 r--p 00171000 08:01 1318031                    /usr/lib/x86_64-linux-gnu/libgio-2.0.so.0.4200.1
7fe973df5000-7fe973df7000 rw-p 00175000 08:01 1318031                    /usr/lib/x86_64-linux-gnu/libgio-2.0.so.0.4200.1
7fe973df7000-7fe973df9000 rw-p 00000000 00:00 0 
7fe973e00000-7fe97c000000 rw-p 00000000 00:00 0 
7fe97c000000-7fe97c021000 rw-p 00000000 00:00 0 
7fe97c021000-7fe980000000 ---p 00000000 00:00 0 
7fe980000000-7fe980021000 rw-p 00000000 00:00 0 
7fe980021000-7fe984000000 ---p 00000000 00:00 0 
7fe984000000-7fe984021000 rw-p 00000000 00:00 0 
7fe984021000-7fe988000000 ---p 00000000 00:00 0 
7fe988000000-7fe988021000 rw-p 00000000 00:00 0 
7fe988021000-7fe98c000000 ---p 00000000 00:00 0 
7fe98c000000-7fe98c021000 rw-p 00000000 00:00 0 
7fe98c021000-7fe990000000 ---p 00000000 00:00 0 
7fe990000000-7fe990021000 rw-p 00000000 00:00 0 
7fe990021000-7fe994000000 ---p 00000000 00:00 0 
7fe994000000-7fe994021000 rw-p 00000000 00:00 0 
7fe994021000-7fe998000000 ---p 00000000 00:00 0 
7fe998000000-7fe998021000 rw-p 00000000 00:00 0 
7fe998021000-7fe99c000000 ---p 00000000 00:00 0 
7fe99c004000-7fe99c005000 rw-s cfd64000 00:05 19540                      /dev/nvidia0
7fe99c00a000-7fe99c00b000 rw-s fd642000 00:05 19540                      /dev/nvidia0
7fe99c00b000-7fe99c00c000 rw-s 418c63000 00:05 17965                     /dev/nvidiactl
7fe99c011000-7fe99c012000 rw-s fd641000 00:05 19540                      /dev/nvidia0
7fe99c018000-7fe99c019000 rw-s 41ad40000 00:05 17965                     /dev/nvidiactl
7fe99c019000-7fe99c01a000 rw-s 35bbe9000 00:05 17965                     /dev/nvidiactl
7fe99c020000-7fe99c021000 rw-s fd060000 00:05 19540                      /dev/nvidia0
7fe99c026000-7fe99c029000 ---p 00000000 00:00 0 
7fe99c029000-7fe99c05f000 rw-p 00000000 00:00 0                          [stack:13249]
7fe99c05f000-7fe99c062000 ---p 00000000 00:00 0 
7fe99c062000-7fe99c160000 rw-p 00000000 00:00 0                          [stack:13246]
7fe99c160000-7fe99c161000 r--p 00000000 08:01 1314157                    /usr/share/locale/en_GB/LC_MESSAGES/libc.mo
7fe99c163000-7fe99c16e000 r--s 00203000 08:01 2101903                    /usr/lib/jvm/java-7-openjdk-amd64/jre/lib/charsets.jar
7fe99c170000-7fe99c188000 r-xp 00000000 08:01 2101942                    /usr/lib/jvm/java-7-openjdk-amd64/jre/lib/amd64/libnet.so
7fe99c188000-7fe99c387000 ---p 00018000 08:01 2101942                    /usr/lib/jvm/java-7-openjdk-amd64/jre/lib/amd64/libnet.so
7fe99c387000-7fe99c388000 r--p 00017000 08:01 2101942                    /usr/lib/jvm/java-7-openjdk-amd64/jre/lib/amd64/libnet.so
7fe99c388000-7fe99c389000 rw-p 00018000 08:01 2101942                    /usr/lib/jvm/java-7-openjdk-amd64/jre/lib/amd64/libnet.so
7fe99c38f000-7fe99c392000 ---p 00000000 00:00 0 
7fe99c392000-7fe99c490000 rw-p 00000000 00:00 0                          [stack:13245]
7fe99c490000-7fe99c491000 r-xp 00000000 08:01 1573728                    /opt/intellij-idea/bin/libbreakgen64.so
7fe99c491000-7fe99c690000 ---p 00001000 08:01 1573728                    /opt/intellij-idea/bin/libbreakgen64.so
7fe99c690000-7fe99c691000 r--p 00000000 08:01 1573728                    /opt/intellij-idea/bin/libbreakgen64.so
7fe99c691000-7fe99c692000 rw-p 00001000 08:01 1573728                    /opt/intellij-idea/bin/libbreakgen64.so
7fe99c699000-7fe99c69b000 r--s 00019000 08:01 1578241                    /opt/intellij-idea/lib/idea_rt.jar
7fe99c6a2000-7fe99c6a3000 r--s 00002000 08:13 4850952                    /home/mart/IdeaProjects/Multiplayer World 2/libs/PNGDecoder.jar
7fe99c6a7000-7fe99c6aa000 r--s 00017000 08:13 9045358                    /home/mart/IdeaProjects/Multiplayer World 2/libs/slick-util.jar
7fe99c6af000-7fe99c6b3000 r--s 00027000 08:13 9045357                    /home/mart/IdeaProjects/Multiplayer World 2/libs/lwjgl_util.jar
7fe99c6b3000-7fe99c6c2000 r--s 000f3000 08:13 9045342                    /home/mart/IdeaProjects/Multiplayer World 2/libs/lwjgl.jar
7fe99c6c7000-7fe99c6d5000 r--s 0010f000 08:01 2101969                    /usr/lib/jvm/java-7-openjdk-amd64/jre/lib/rhino.jar
7fe99c6d6000-7fe99c6e0000 r--s 000ae000 08:01 2101899                    /usr/lib/jvm/java-7-openjdk-amd64/jre/lib/resources.jar
7fe99c6e0000-7fe99c6e1000 r--s 00000000 08:01 2101978                    /usr/lib/jvm/java-7-openjdk-amd64/jre/lib/management-agent.jar
7fe99c6e6000-7fe99c6eb000 r--s 0004e000 08:01 2101968                    /usr/lib/jvm/java-7-openjdk-amd64/jre/lib/jsse.jar
7fe99c6f0000-7fe99c6f2000 r--s 00018000 08:01 2101971                    /usr/lib/jvm/java-7-openjdk-amd64/jre/lib/jce.jar
7fe99c6f2000-7fe99c6f3000 r--s 0000a000 08:01 2101901                    /usr/lib/jvm/java-7-openjdk-amd64/jre/lib/javazic.jar
7fe99c6f8000-7fe99c6f9000 r--s 00000000 08:01 2101972                    /usr/lib/jvm/java-7-openjdk-amd64/jre/lib/compilefontconfig.jar
7fe99c6fb000-7fe99c706000 r--s 00203000 08:01 2101903                    /usr/lib/jvm/java-7-openjdk-amd64/jre/lib/charsets.jar
7fe99c707000-7fe99c70a000 r--s 0000f000 08:01 2101910                    /usr/lib/jvm/java-7-openjdk-amd64/jre/lib/ext/icedtea-sound.jar
7fe99c70c000-7fe99c710000 r--s 00034000 08:01 2101912                    /usr/lib/jvm/java-7-openjdk-amd64/jre/lib/ext/sunjce_provider.jar
7fe99c716000-7fe99c718000 r--s 00006000 08:01 1841746                    /usr/share/java/java-atk-wrapper.jar
7fe99c71a000-7fe99c71c000 r--s 00012000 08:01 2101907                    /usr/lib/jvm/java-7-openjdk-amd64/jre/lib/ext/zipfs.jar
7fe99c71d000-7fe99c721000 r--s 00085000 08:01 2101908                    /usr/lib/jvm/java-7-openjdk-amd64/jre/lib/ext/localedata.jar
7fe99c724000-7fe99c728000 r--s 0003c000 08:01 2101911                    /usr/lib/jvm/java-7-openjdk-amd64/jre/lib/ext/sunpkcs11.jar
7fe99c72b000-7fe99c72c000 ---p 00000000 00:00 0 
7fe99c72c000-7fe99c82c000 rw-p 00000000 00:00 0                          [stack:13244]
7fe99c82c000-7fe99c82f000 ---p 00000000 00:00 0 
7fe99c82f000-7fe99c92d000 rw-p 00000000 00:00 0                          [stack:13243]
7fe99c92d000-7fe99c930000 ---p 00000000 00:00 0 
7fe99c930000-7fe99ca2e000 rw-p 00000000 00:00 0                          [stack:13242]
7fe99ca2e000-7fe99ca31000 ---p 00000000 00:00 0 
7fe99ca31000-7fe99cb2f000 rw-p 00000000 00:00 0                          [stack:13241]
7fe99cb2f000-7fe99cb32000 ---p 00000000 00:00 0 
7fe99cb32000-7fe99cc30000 rw-p 00000000 00:00 0                          [stack:13240]
7fe99cc30000-7fe99cdb9000 r--p 00000000 08:01 1314223                    /usr/lib/locale/locale-archive
7fe99cdba000-7fe99cdbd000 ---p 00000000 00:00 0 
7fe99cdbd000-7fe99cebb000 rw-p 00000000 00:00 0                          [stack:13232]
7fe99cebb000-7fe99cebe000 ---p 00000000 00:00 0 
7fe99cebe000-7fe99cfbc000 rw-p 00000000 00:00 0                          [stack:13231]
7fe99cfbc000-7fe99cfbd000 ---p 00000000 00:00 0 
7fe99cfbd000-7fe99ed4a000 rw-p 00000000 00:00 0                          [stack:13230]
7fe99ed4a000-7fe99eefc000 r--s 01d32000 08:01 2101898                    /usr/lib/jvm/java-7-openjdk-amd64/jre/lib/rt.jar
7fe99eefd000-7fe99f840000 rw-p 00000000 00:00 0 
7fe99f840000-7fe99f841000 ---p 00000000 00:00 0 
7fe99f841000-7fe99f941000 rw-p 00000000 00:00 0                          [stack:13226]
7fe99f941000-7fe99f942000 ---p 00000000 00:00 0 
7fe99f942000-7fe99fa42000 rw-p 00000000 00:00 0                          [stack:13225]
7fe99fa42000-7fe99fa43000 ---p 00000000 00:00 0 
7fe99fa43000-7fe99fb43000 rw-p 00000000 00:00 0                          [stack:13224]
7fe99fb43000-7fe99fb44000 ---p 00000000 00:00 0 
7fe99fb44000-7fe99fc44000 rw-p 00000000 00:00 0                          [stack:13223]
7fe99fc44000-7fe99fc45000 ---p 00000000 00:00 0 
7fe99fc45000-7fe99fd45000 rw-p 00000000 00:00 0                          [stack:13222]
7fe99fd45000-7fe99fd46000 ---p 00000000 00:00 0 
7fe99fd46000-7fe99fe46000 rw-p 00000000 00:00 0                          [stack:13221]
7fe99fe46000-7fe99fe47000 ---p 00000000 00:00 0 
7fe99fe47000-7fe99ff47000 rw-p 00000000 00:00 0                          [stack:13220]
7fe99ff47000-7fe99ff48000 ---p 00000000 00:00 0 
7fe99ff48000-7fe9a0053000 rw-p 00000000 00:00 0                          [stack:13219]
7fe9a0053000-7fe9a009b000 rw-p 00000000 00:00 0 
7fe9a009b000-7fe9a00ee000 rw-p 00000000 00:00 0 
7fe9a00ee000-7fe9a05cf000 rw-p 00000000 00:00 0 
7fe9a05cf000-7fe9a05da000 rw-p 00000000 00:00 0 
7fe9a05da000-7fe9a0622000 rw-p 00000000 00:00 0 
7fe9a0622000-7fe9a0675000 rw-p 00000000 00:00 0 
7fe9a0675000-7fe9a0b55000 rw-p 00000000 00:00 0 
7fe9a0b55000-7fe9a0b7f000 rw-p 00000000 00:00 0 
7fe9a0b7f000-7fe9a0def000 rw-p 00000000 00:00 0 
7fe9a0def000-7fe9a0df0000 rw-p 00000000 00:00 0 
7fe9a0df0000-7fe9a1060000 rwxp 00000000 00:00 0 
7fe9a1060000-7fe9a3df0000 rw-p 00000000 00:00 0 
7fe9a3df0000-7fe9a3df8000 r-xp 00000000 08:01 2101919                    /usr/lib/jvm/java-7-openjdk-amd64/jre/lib/amd64/libzip.so
7fe9a3df8000-7fe9a3ff7000 ---p 00008000 08:01 2101919                    /usr/lib/jvm/java-7-openjdk-amd64/jre/lib/amd64/libzip.so
7fe9a3ff7000-7fe9a3ff8000 r--p 00007000 08:01 2101919                    /usr/lib/jvm/java-7-openjdk-amd64/jre/lib/amd64/libzip.so
7fe9a3ff8000-7fe9a3ff9000 rw-p 00008000 08:01 2101919                    /usr/lib/jvm/java-7-openjdk-amd64/jre/lib/amd64/libzip.so
7fe9a4000000-7fe9a4ab0000 rw-p 00000000 00:00 0 
7fe9a4ab0000-7fe9a8000000 ---p 00000000 00:00 0 
7fe9a8002000-7fe9a8003000 r--s 00002000 08:01 2101909                    /usr/lib/jvm/java-7-openjdk-amd64/jre/lib/ext/dnsns.jar
7fe9a8008000-7fe9a8013000 r-xp 00000000 08:01 6425563                    /lib/x86_64-linux-gnu/libnss_files-2.19.so
7fe9a8013000-7fe9a8212000 ---p 0000b000 08:01 6425563                    /lib/x86_64-linux-gnu/libnss_files-2.19.so
7fe9a8212000-7fe9a8213000 r--p 0000a000 08:01 6425563                    /lib/x86_64-linux-gnu/libnss_files-2.19.so
7fe9a8213000-7fe9a8214000 rw-p 0000b000 08:01 6425563                    /lib/x86_64-linux-gnu/libnss_files-2.19.so
7fe9a8218000-7fe9a8222000 r-xp 00000000 08:01 6425565                    /lib/x86_64-linux-gnu/libnss_nis-2.19.so
7fe9a8222000-7fe9a8421000 ---p 0000a000 08:01 6425565                    /lib/x86_64-linux-gnu/libnss_nis-2.19.so
7fe9a8421000-7fe9a8422000 r--p 00009000 08:01 6425565                    /lib/x86_64-linux-gnu/libnss_nis-2.19.so
7fe9a8422000-7fe9a8423000 rw-p 0000a000 08:01 6425565                    /lib/x86_64-linux-gnu/libnss_nis-2.19.so
7fe9a8428000-7fe9a843d000 r-xp 00000000 08:01 6425560                    /lib/x86_64-linux-gnu/libnsl-2.19.so
7fe9a843d000-7fe9a863c000 ---p 00015000 08:01 6425560                    /lib/x86_64-linux-gnu/libnsl-2.19.so
7fe9a863c000-7fe9a863d000 r--p 00014000 08:01 6425560                    /lib/x86_64-linux-gnu/libnsl-2.19.so
7fe9a863d000-7fe9a863e000 rw-p 00015000 08:01 6425560                    /lib/x86_64-linux-gnu/libnsl-2.19.so
7fe9a863e000-7fe9a8640000 rw-p 00000000 00:00 0 
7fe9a8640000-7fe9a8647000 r-xp 00000000 08:01 6425561                    /lib/x86_64-linux-gnu/libnss_compat-2.19.so
7fe9a8647000-7fe9a8846000 ---p 00007000 08:01 6425561                    /lib/x86_64-linux-gnu/libnss_compat-2.19.so
7fe9a8846000-7fe9a8847000 r--p 00006000 08:01 6425561                    /lib/x86_64-linux-gnu/libnss_compat-2.19.so
7fe9a8847000-7fe9a8848000 rw-p 00007000 08:01 6425561                    /lib/x86_64-linux-gnu/libnss_compat-2.19.so
7fe9a8848000-7fe9a8875000 r-xp 00000000 08:01 2101951                    /usr/lib/jvm/java-7-openjdk-amd64/jre/lib/amd64/libjava.so
7fe9a8875000-7fe9a8a74000 ---p 0002d000 08:01 2101951                    /usr/lib/jvm/java-7-openjdk-amd64/jre/lib/amd64/libjava.so
7fe9a8a74000-7fe9a8a75000 r--p 0002c000 08:01 2101951                    /usr/lib/jvm/java-7-openjdk-amd64/jre/lib/amd64/libjava.so
7fe9a8a75000-7fe9a8a77000 rw-p 0002d000 08:01 2101951                    /usr/lib/jvm/java-7-openjdk-amd64/jre/lib/amd64/libjava.so
7fe9a8a78000-7fe9a8a87000 r-xp 00000000 08:01 2101914                    /usr/lib/jvm/java-7-openjdk-amd64/jre/lib/amd64/libverify.so
7fe9a8a87000-7fe9a8c86000 ---p 0000f000 08:01 2101914                    /usr/lib/jvm/java-7-openjdk-amd64/jre/lib/amd64/libverify.so
7fe9a8c86000-7fe9a8c89000 r--p 0000e000 08:01 2101914                    /usr/lib/jvm/java-7-openjdk-amd64/jre/lib/amd64/libverify.so
7fe9a8c89000-7fe9a8c8a000 rw-p 00011000 08:01 2101914                    /usr/lib/jvm/java-7-openjdk-amd64/jre/lib/amd64/libverify.so
7fe9a8c90000-7fe9a8c97000 r-xp 00000000 08:01 6425569                    /lib/x86_64-linux-gnu/librt-2.19.so
7fe9a8c97000-7fe9a8e96000 ---p 00007000 08:01 6425569                    /lib/x86_64-linux-gnu/librt-2.19.so
7fe9a8e96000-7fe9a8e97000 r--p 00006000 08:01 6425569                    /lib/x86_64-linux-gnu/librt-2.19.so
7fe9a8e97000-7fe9a8e98000 rw-p 00007000 08:01 6425569                    /lib/x86_64-linux-gnu/librt-2.19.so
7fe9a8e98000-7fe9a8eae000 r-xp 00000000 08:01 6422532                    /lib/x86_64-linux-gnu/libgcc_s.so.1
7fe9a8eae000-7fe9a90ad000 ---p 00016000 08:01 6422532                    /lib/x86_64-linux-gnu/libgcc_s.so.1
7fe9a90ad000-7fe9a90ae000 rw-p 00015000 08:01 6422532                    /lib/x86_64-linux-gnu/libgcc_s.so.1
7fe9a90b0000-7fe9a91b0000 r-xp 00000000 08:01 6425558                    /lib/x86_64-linux-gnu/libm-2.19.so
7fe9a91b0000-7fe9a93af000 ---p 00100000 08:01 6425558                    /lib/x86_64-linux-gnu/libm-2.19.so
7fe9a93af000-7fe9a93b0000 r--p 000ff000 08:01 6425558                    /lib/x86_64-linux-gnu/libm-2.19.so
7fe9a93b0000-7fe9a93b1000 rw-p 00100000 08:01 6425558                    /lib/x86_64-linux-gnu/libm-2.19.so
7fe9a93b8000-7fe9a94a4000 r-xp 00000000 08:01 1315446                    /usr/lib/x86_64-linux-gnu/libstdc++.so.6.0.20
7fe9a94a4000-7fe9a96a4000 ---p 000ec000 08:01 1315446                    /usr/lib/x86_64-linux-gnu/libstdc++.so.6.0.20
7fe9a96a4000-7fe9a96ac000 r--p 000ec000 08:01 1315446                    /usr/lib/x86_64-linux-gnu/libstdc++.so.6.0.20
7fe9a96ac000-7fe9a96ae000 rw-p 000f4000 08:01 1315446                    /usr/lib/x86_64-linux-gnu/libstdc++.so.6.0.20
7fe9a96ae000-7fe9a96c3000 rw-p 00000000 00:00 0 
7fe9a96c8000-7fe9aa21e000 r-xp 00000000 08:01 2101927                    /usr/lib/jvm/java-7-openjdk-amd64/jre/lib/amd64/server/libjvm.so
7fe9aa21e000-7fe9aa41e000 ---p 00b56000 08:01 2101927                    /usr/lib/jvm/java-7-openjdk-amd64/jre/lib/amd64/server/libjvm.so
7fe9aa41e000-7fe9aa4bd000 r--p 00b56000 08:01 2101927                    /usr/lib/jvm/java-7-openjdk-amd64/jre/lib/amd64/server/libjvm.so
7fe9aa4bd000-7fe9aa4e0000 rw-p 00bf5000 08:01 2101927                    /usr/lib/jvm/java-7-openjdk-amd64/jre/lib/amd64/server/libjvm.so
7fe9aa4e0000-7fe9aa50d000 rw-p 00000000 00:00 0 
7fe9aa510000-7fe9aa52a000 r-xp 00000000 08:01 6422628                    /lib/x86_64-linux-gnu/libz.so.1.2.8
7fe9aa52a000-7fe9aa729000 ---p 0001a000 08:01 6422628                    /lib/x86_64-linux-gnu/libz.so.1.2.8
7fe9aa729000-7fe9aa72a000 r--p 00019000 08:01 6422628                    /lib/x86_64-linux-gnu/libz.so.1.2.8
7fe9aa72a000-7fe9aa72b000 rw-p 0001a000 08:01 6422628                    /lib/x86_64-linux-gnu/libz.so.1.2.8
7fe9aa730000-7fe9aa8cf000 r-xp 00000000 08:01 6425554                    /lib/x86_64-linux-gnu/libc-2.19.so
7fe9aa8cf000-7fe9aaacf000 ---p 0019f000 08:01 6425554                    /lib/x86_64-linux-gnu/libc-2.19.so
7fe9aaacf000-7fe9aaad3000 r--p 0019f000 08:01 6425554                    /lib/x86_64-linux-gnu/libc-2.19.so
7fe9aaad3000-7fe9aaad5000 rw-p 001a3000 08:01 6425554                    /lib/x86_64-linux-gnu/libc-2.19.so
7fe9aaad5000-7fe9aaad9000 rw-p 00000000 00:00 0 
7fe9aaae0000-7fe9aaae3000 r-xp 00000000 08:01 6425557                    /lib/x86_64-linux-gnu/libdl-2.19.so
7fe9aaae3000-7fe9aace2000 ---p 00003000 08:01 6425557                    /lib/x86_64-linux-gnu/libdl-2.19.so
7fe9aace2000-7fe9aace3000 r--p 00002000 08:01 6425557                    /lib/x86_64-linux-gnu/libdl-2.19.so
7fe9aace3000-7fe9aace4000 rw-p 00003000 08:01 6425557                    /lib/x86_64-linux-gnu/libdl-2.19.so
7fe9aace8000-7fe9aacf5000 r-xp 00000000 08:01 2101917                    /usr/lib/jvm/java-7-openjdk-amd64/jre/lib/amd64/jli/libjli.so
7fe9aacf5000-7fe9aaef4000 ---p 0000d000 08:01 2101917                    /usr/lib/jvm/java-7-openjdk-amd64/jre/lib/amd64/jli/libjli.so
7fe9aaef4000-7fe9aaef5000 r--p 0000c000 08:01 2101917                    /usr/lib/jvm/java-7-openjdk-amd64/jre/lib/amd64/jli/libjli.so
7fe9aaef5000-7fe9aaef6000 rw-p 0000d000 08:01 2101917                    /usr/lib/jvm/java-7-openjdk-amd64/jre/lib/amd64/jli/libjli.so
7fe9aaef8000-7fe9aaf10000 r-xp 00000000 08:01 6425550                    /lib/x86_64-linux-gnu/libpthread-2.19.so
7fe9aaf10000-7fe9ab10f000 ---p 00018000 08:01 6425550                    /lib/x86_64-linux-gnu/libpthread-2.19.so
7fe9ab10f000-7fe9ab110000 r--p 00017000 08:01 6425550                    /lib/x86_64-linux-gnu/libpthread-2.19.so
7fe9ab110000-7fe9ab111000 rw-p 00018000 08:01 6425550                    /lib/x86_64-linux-gnu/libpthread-2.19.so
7fe9ab111000-7fe9ab115000 rw-p 00000000 00:00 0 
7fe9ab118000-7fe9ab138000 r-xp 00000000 08:01 6425551                    /lib/x86_64-linux-gnu/ld-2.19.so
7fe9ab138000-7fe9ab16a000 rw-p 00000000 00:00 0 
7fe9ab16a000-7fe9ab220000 rw-p 00000000 00:00 0 
7fe9ab220000-7fe9ab228000 rw-s 00000000 08:12 3145731                    /tmp/hsperfdata_mart/13207
7fe9ab22d000-7fe9ab230000 rw-p 00000000 00:00 0 
7fe9ab230000-7fe9ab231000 r--p 00000000 00:00 0 
7fe9ab231000-7fe9ab234000 ---p 00000000 00:00 0 
7fe9ab234000-7fe9ab338000 rw-p 00000000 00:00 0                          [stack:13209]
7fe9ab338000-7fe9ab339000 r--p 00020000 08:01 6425551                    /lib/x86_64-linux-gnu/ld-2.19.so
7fe9ab339000-7fe9ab33a000 rw-p 00021000 08:01 6425551                    /lib/x86_64-linux-gnu/ld-2.19.so
7fe9ab33a000-7fe9ab33c000 rw-p 00000000 00:00 0 
7ffc03537000-7ffc03558000 rw-p 00000000 00:00 0                          [stack]
7ffc035e0000-7ffc035e2000 r-xp 00000000 00:00 0                          [vdso]
7ffc035e2000-7ffc035e4000 r--p 00000000 00:00 0                          [vvar]
ffffffffff600000-ffffffffff601000 r-xp 00000000 00:00 0                  [vsyscall]

VM Arguments:
jvm_args: -Djava.library.path=libs/ -Didea.launcher.port=7534 -Didea.launcher.bin.path=/opt/intellij-idea/bin -Dfile.encoding=UTF-8 
java_command: com.intellij.rt.execution.application.AppMain engine.GameLoop
Launcher Type: SUN_STANDARD

Environment Variables:
PATH=/usr/local/bin:/usr/bin:/bin:/usr/local/games:/usr/games
USERNAME=mart
LD_LIBRARY_PATH=/opt/intellij-idea/bin:
SHELL=/bin/bash
DISPLAY=:0

Signal Handlers:
SIGSEGV: [libjvm.so+0x988620], sa_mask[0]=0x7ffbfeff, sa_flags=0x10000004
SIGBUS: [libjvm.so+0x988620], sa_mask[0]=0x7ffbfeff, sa_flags=0x10000004
SIGFPE: [libjvm.so+0x7f5420], sa_mask[0]=0x7ffbfeff, sa_flags=0x10000004
SIGPIPE: [libjvm.so+0x7f5420], sa_mask[0]=0x7ffbfeff, sa_flags=0x10000004
SIGXFSZ: [libjvm.so+0x7f5420], sa_mask[0]=0x7ffbfeff, sa_flags=0x10000004
SIGILL: [libjvm.so+0x7f5420], sa_mask[0]=0x7ffbfeff, sa_flags=0x10000004
SIGUSR1: SIG_DFL, sa_mask[0]=0x00000000, sa_flags=0x00000000
SIGUSR2: [libjvm.so+0x7f52a0], sa_mask[0]=0x00000004, sa_flags=0x10000004
SIGHUP: [libjvm.so+0x7f54a0], sa_mask[0]=0x7ffbfeff, sa_flags=0x10000004
SIGINT: [libjvm.so+0x7f54a0], sa_mask[0]=0x7ffbfeff, sa_flags=0x10000004
SIGTERM: [libjvm.so+0x7f54a0], sa_mask[0]=0x7ffbfeff, sa_flags=0x10000004
SIGQUIT: [libjvm.so+0x7f54a0], sa_mask[0]=0x7ffbfeff, sa_flags=0x10000004
SIGTRAP: SIG_DFL, sa_mask[0]=0x00000000, sa_flags=0x00000000


---------------  S Y S T E M  ---------------

OS:8.2

uname:Linux 3.16.0-4-amd64 #1 SMP Debian 3.16.7-ckt11-1+deb8u5 (2015-10-09) x86_64
libc:glibc 2.19 NPTL 2.19 
rlimit: STACK 8192k, CORE 0k, NPROC 63809, NOFILE 65536, AS infinity
load average:1.42 1.08 0.97

/proc/meminfo:
MemTotal:       16352924 kB
MemFree:         9144044 kB
MemAvailable:   12695588 kB
Buffers:          353420 kB
Cached:          3095788 kB
SwapCached:            0 kB
Active:          5359012 kB
Inactive:        1277816 kB
Active(anon):    3191204 kB
Inactive(anon):    21912 kB
Active(file):    2167808 kB
Inactive(file):  1255904 kB
Unevictable:          32 kB
Mlocked:              32 kB
SwapTotal:             0 kB
SwapFree:              0 kB
Dirty:               616 kB
Writeback:             0 kB
AnonPages:       3187556 kB
Mapped:           416008 kB
Shmem:             25516 kB
Slab:             428620 kB
SReclaimable:     381248 kB
SUnreclaim:        47372 kB
KernelStack:       11088 kB
PageTables:        31932 kB
NFS_Unstable:          0 kB
Bounce:                0 kB
WritebackTmp:          0 kB
CommitLimit:     8176460 kB
Committed_AS:    8181900 kB
VmallocTotal:   34359738367 kB
VmallocUsed:      330552 kB
VmallocChunk:   34359391740 kB
HardwareCorrupted:     0 kB
AnonHugePages:         0 kB
HugePages_Total:       0
HugePages_Free:        0
HugePages_Rsvd:        0
HugePages_Surp:        0
Hugepagesize:       2048 kB
DirectMap4k:      213428 kB
DirectMap2M:    13365248 kB
DirectMap1G:     3145728 kB


CPU:total 8 (8 cores per cpu, 1 threads per core) family 21 model 2 stepping 0, cmov, cx8, fxsr, mmx, sse, sse2, sse3, ssse3, sse4.1, sse4.2, popcnt, avx, aes, mmxext, 3dnowpref, lzcnt, sse4a, tsc, tscinvbit, tscinv

/proc/cpuinfo:
processor	: 0
vendor_id	: AuthenticAMD
cpu family	: 21
model		: 2
model name	: AMD FX(tm)-8320 Eight-Core Processor
stepping	: 0
microcode	: 0x6000822
cpu MHz		: 1400.000
cache size	: 2048 KB
physical id	: 0
siblings	: 8
core id		: 0
cpu cores	: 4
apicid		: 16
initial apicid	: 0
fpu		: yes
fpu_exception	: yes
cpuid level	: 13
wp		: yes
flags		: fpu vme de pse tsc msr pae mce cx8 apic sep mtrr pge mca cmov pat pse36 clflush mmx fxsr sse sse2 ht syscall nx mmxext fxsr_opt pdpe1gb rdtscp lm constant_tsc rep_good nopl nonstop_tsc extd_apicid aperfmperf pni pclmulqdq monitor ssse3 fma cx16 sse4_1 sse4_2 popcnt aes xsave avx f16c lahf_lm cmp_legacy svm extapic cr8_legacy abm sse4a misalignsse 3dnowprefetch osvw ibs xop skinit wdt lwp fma4 tce nodeid_msr tbm topoext perfctr_core perfctr_nb arat cpb hw_pstate npt lbrv svm_lock nrip_save tsc_scale vmcb_clean flushbyasid decodeassists pausefilter pfthreshold vmmcall bmi1
bogomips	: 7000.16
TLB size	: 1536 4K pages
clflush size	: 64
cache_alignment	: 64
address sizes	: 48 bits physical, 48 bits virtual
power management: ts ttp tm 100mhzsteps hwpstate cpb eff_freq_ro

processor	: 1
vendor_id	: AuthenticAMD
cpu family	: 21
model		: 2
model name	: AMD FX(tm)-8320 Eight-Core Processor           
stepping	: 0
microcode	: 0x6000822
cpu MHz		: 3500.000
cache size	: 2048 KB
physical id	: 0
siblings	: 8
core id		: 1
cpu cores	: 4
apicid		: 17
initial apicid	: 1
fpu		: yes
fpu_exception	: yes
cpuid level	: 13
wp		: yes
flags		: fpu vme de pse tsc msr pae mce cx8 apic sep mtrr pge mca cmov pat pse36 clflush mmx fxsr sse sse2 ht syscall nx mmxext fxsr_opt pdpe1gb rdtscp lm constant_tsc rep_good nopl nonstop_tsc extd_apicid aperfmperf pni pclmulqdq monitor ssse3 fma cx16 sse4_1 sse4_2 popcnt aes xsave avx f16c lahf_lm cmp_legacy svm extapic cr8_legacy abm sse4a misalignsse 3dnowprefetch osvw ibs xop skinit wdt lwp fma4 tce nodeid_msr tbm topoext perfctr_core perfctr_nb arat cpb hw_pstate npt lbrv svm_lock nrip_save tsc_scale vmcb_clean flushbyasid decodeassists pausefilter pfthreshold vmmcall bmi1
bogomips	: 7000.16
TLB size	: 1536 4K pages
clflush size	: 64
cache_alignment	: 64
address sizes	: 48 bits physical, 48 bits virtual
power management: ts ttp tm 100mhzsteps hwpstate cpb eff_freq_ro

processor	: 2
vendor_id	: AuthenticAMD
cpu family	: 21
model		: 2
model name	: AMD FX(tm)-8320 Eight-Core Processor           
stepping	: 0
microcode	: 0x6000822
cpu MHz		: 3500.000
cache size	: 2048 KB
physical id	: 0
siblings	: 8
core id		: 2
cpu cores	: 4
apicid		: 18
initial apicid	: 2
fpu		: yes
fpu_exception	: yes
cpuid level	: 13
wp		: yes
flags		: fpu vme de pse tsc msr pae mce cx8 apic sep mtrr pge mca cmov pat pse36 clflush mmx fxsr sse sse2 ht syscall nx mmxext fxsr_opt pdpe1gb rdtscp lm constant_tsc rep_good nopl nonstop_tsc extd_apicid aperfmperf pni pclmulqdq monitor ssse3 fma cx16 sse4_1 sse4_2 popcnt aes xsave avx f16c lahf_lm cmp_legacy svm extapic cr8_legacy abm sse4a misalignsse 3dnowprefetch osvw ibs xop skinit wdt lwp fma4 tce nodeid_msr tbm topoext perfctr_core perfctr_nb arat cpb hw_pstate npt lbrv svm_lock nrip_save tsc_scale vmcb_clean flushbyasid decodeassists pausefilter pfthreshold vmmcall bmi1
bogomips	: 7000.16
TLB size	: 1536 4K pages
clflush size	: 64
cache_alignment	: 64
address sizes	: 48 bits physical, 48 bits virtual
power management: ts ttp tm 100mhzsteps hwpstate cpb eff_freq_ro

processor	: 3
vendor_id	: AuthenticAMD
cpu family	: 21
model		: 2
model name	: AMD FX(tm)-8320 Eight-Core Processor           
stepping	: 0
microcode	: 0x6000822
cpu MHz		: 3500.000
cache size	: 2048 KB
physical id	: 0
siblings	: 8
core id		: 3
cpu cores	: 4
apicid		: 19
initial apicid	: 3
fpu		: yes
fpu_exception	: yes
cpuid level	: 13
wp		: yes
flags		: fpu vme de pse tsc msr pae mce cx8 apic sep mtrr pge mca cmov pat pse36 clflush mmx fxsr sse sse2 ht syscall nx mmxext fxsr_opt pdpe1gb rdtscp lm constant_tsc rep_good nopl nonstop_tsc extd_apicid aperfmperf pni pclmulqdq monitor ssse3 fma cx16 sse4_1 sse4_2 popcnt aes xsave avx f16c lahf_lm cmp_legacy svm extapic cr8_legacy abm sse4a misalignsse 3dnowprefetch osvw ibs xop skinit wdt lwp fma4 tce nodeid_msr tbm topoext perfctr_core perfctr_nb arat cpb hw_pstate npt lbrv svm_lock nrip_save tsc_scale vmcb_clean flushbyasid decodeassists pausefilter pfthreshold vmmcall bmi1
bogomips	: 7000.16
TLB size	: 1536 4K pages
clflush size	: 64
cache_alignment	: 64
address sizes	: 48 bits physical, 48 bits virtual
power management: ts ttp tm 100mhzsteps hwpstate cpb eff_freq_ro

processor	: 4
vendor_id	: AuthenticAMD
cpu family	: 21
model		: 2
model name	: AMD FX(tm)-8320 Eight-Core Processor           
stepping	: 0
microcode	: 0x6000822
cpu MHz		: 1400.000
cache size	: 2048 KB
physical id	: 0
siblings	: 8
core id		: 4
cpu cores	: 4
apicid		: 20
initial apicid	: 4
fpu		: yes
fpu_exception	: yes
cpuid level	: 13
wp		: yes
flags		: fpu vme de pse tsc msr pae mce cx8 apic sep mtrr pge mca cmov pat pse36 clflush mmx fxsr sse sse2 ht syscall nx mmxext fxsr_opt pdpe1gb rdtscp lm constant_tsc rep_good nopl nonstop_tsc extd_apicid aperfmperf pni pclmulqdq monitor ssse3 fma cx16 sse4_1 sse4_2 popcnt aes xsave avx f16c lahf_lm cmp_legacy svm extapic cr8_legacy abm sse4a misalignsse 3dnowprefetch osvw ibs xop skinit wdt lwp fma4 tce nodeid_msr tbm topoext perfctr_core perfctr_nb arat cpb hw_pstate npt lbrv svm_lock nrip_save tsc_scale vmcb_clean flushbyasid decodeassists pausefilter pfthreshold vmmcall bmi1
bogomips	: 7000.16
TLB size	: 1536 4K pages
clflush size	: 64
cache_alignment	: 64
address sizes	: 48 bits physical, 48 bits virtual
power management: ts ttp tm 100mhzsteps hwpstate cpb eff_freq_ro

processor	: 5
vendor_id	: AuthenticAMD
cpu family	: 21
model		: 2
model name	: AMD FX(tm)-8320 Eight-Core Processor           
stepping	: 0
microcode	: 0x6000822
cpu MHz		: 3500.000
cache size	: 2048 KB
physical id	: 0
siblings	: 8
core id		: 5
cpu cores	: 4
apicid		: 21
initial apicid	: 5
fpu		: yes
fpu_exception	: yes
cpuid level	: 13
wp		: yes
flags		: fpu vme de pse tsc msr pae mce cx8 apic sep mtrr pge mca cmov pat pse36 clflush mmx fxsr sse sse2 ht syscall nx mmxext fxsr_opt pdpe1gb rdtscp lm constant_tsc rep_good nopl nonstop_tsc extd_apicid aperfmperf pni pclmulqdq monitor ssse3 fma cx16 sse4_1 sse4_2 popcnt aes xsave avx f16c lahf_lm cmp_legacy svm extapic cr8_legacy abm sse4a misalignsse 3dnowprefetch osvw ibs xop skinit wdt lwp fma4 tce nodeid_msr tbm topoext perfctr_core perfctr_nb arat cpb hw_pstate npt lbrv svm_lock nrip_save tsc_scale vmcb_clean flushbyasid decodeassists pausefilter pfthreshold vmmcall bmi1
bogomips	: 7000.16
TLB size	: 1536 4K pages
clflush size	: 64
cache_alignment	: 64
address sizes	: 48 bits physical, 48 bits virtual
power management: ts ttp tm 100mhzsteps hwpstate cpb eff_freq_ro

processor	: 6
vendor_id	: AuthenticAMD
cpu family	: 21
model		: 2
model name	: AMD FX(tm)-8320 Eight-Core Processor           
stepping	: 0
microcode	: 0x6000822
cpu MHz		: 2900.000
cache size	: 2048 KB
physical id	: 0
siblings	: 8
core id		: 6
cpu cores	: 4
apicid		: 22
initial apicid	: 6
fpu		: yes
fpu_exception	: yes
cpuid level	: 13
wp		: yes
flags		: fpu vme de pse tsc msr pae mce cx8 apic sep mtrr pge mca cmov pat pse36 clflush mmx fxsr sse sse2 ht syscall nx mmxext fxsr_opt pdpe1gb rdtscp lm constant_tsc rep_good nopl nonstop_tsc extd_apicid aperfmperf pni pclmulqdq monitor ssse3 fma cx16 sse4_1 sse4_2 popcnt aes xsave avx f16c lahf_lm cmp_legacy svm extapic cr8_legacy abm sse4a misalignsse 3dnowprefetch osvw ibs xop skinit wdt lwp fma4 tce nodeid_msr tbm topoext perfctr_core perfctr_nb arat cpb hw_pstate npt lbrv svm_lock nrip_save tsc_scale vmcb_clean flushbyasid decodeassists pausefilter pfthreshold vmmcall bmi1
bogomips	: 7000.16
TLB size	: 1536 4K pages
clflush size	: 64
cache_alignment	: 64
address sizes	: 48 bits physical, 48 bits virtual
power management: ts ttp tm 100mhzsteps hwpstate cpb eff_freq_ro

processor	: 7
vendor_id	: AuthenticAMD
cpu family	: 21
model		: 2
model name	: AMD FX(tm)-8320 Eight-Core Processor           
stepping	: 0
microcode	: 0x6000822
cpu MHz		: 3500.000
cache size	: 2048 KB
physical id	: 0
siblings	: 8
core id		: 7
cpu cores	: 4
apicid		: 23
initial apicid	: 7
fpu		: yes
fpu_exception	: yes
cpuid level	: 13
wp		: yes
flags		: fpu vme de pse tsc msr pae mce cx8 apic sep mtrr pge mca cmov pat pse36 clflush mmx fxsr sse sse2 ht syscall nx mmxext fxsr_opt pdpe1gb rdtscp lm constant_tsc rep_good nopl nonstop_tsc extd_apicid aperfmperf pni pclmulqdq monitor ssse3 fma cx16 sse4_1 sse4_2 popcnt aes xsave avx f16c lahf_lm cmp_legacy svm extapic cr8_legacy abm sse4a misalignsse 3dnowprefetch osvw ibs xop skinit wdt lwp fma4 tce nodeid_msr tbm topoext perfctr_core perfctr_nb arat cpb hw_pstate npt lbrv svm_lock nrip_save tsc_scale vmcb_clean flushbyasid decodeassists pausefilter pfthreshold vmmcall bmi1
bogomips	: 7000.16
TLB size	: 1536 4K pages
clflush size	: 64
cache_alignment	: 64
address sizes	: 48 bits physical, 48 bits virtual
power management: ts ttp tm 100mhzsteps hwpstate cpb eff_freq_ro



Memory: 4k page, physical 16352924k(9144044k free), swap 0k(0k free)

vm_info: OpenJDK 64-Bit Server VM (24.85-b03) for linux-amd64 JRE (1.7.0_85-b01), built on Oct 31 2015 21:30:47 by "jmm" with gcc 4.9.2

time: Tue Jan 10 22:33:06 2017
elapsed time: 1 seconds

