#
# A fatal error has been detected by the Java Runtime Environment:
#
#  SIGSEGV (0xb) at pc=0x00000000416a1ee3, pid=14914, tid=139918947104512
#
# JRE version: OpenJDK Runtime Environment (7.0_85-b01) (build 1.7.0_85-b01)
# Java VM: OpenJDK 64-Bit Server VM (24.85-b03 mixed mode linux-amd64 compressed oops)
# Derivative: IcedTea 2.6.1
# Distribution: Debian GNU/Linux 8.2 (jessie), package 7u85-2.6.1-6+deb8u1
# Problematic frame:
# C  0x00000000416a1ee3
#
# Failed to write core dump. Core dumps have been disabled. To enable core dumping, try "ulimit -c unlimited" before starting Java again
#
# If you would like to submit a bug report, please include
# instructions on how to reproduce the bug and visit:
#   http://icedtea.classpath.org/bugzilla
# The crash happened outside the Java Virtual Machine in native code.
# See problematic frame for where to report the bug.
#

---------------  T H R E A D  ---------------

Current thread (0x00007f416400a800):  JavaThread "main" [_thread_in_native, id=14917, stack(0x00007f416b13b000,0x00007f416b23c000)]

siginfo:si_signo=SIGSEGV: si_errno=0, si_code=1 (SEGV_MAPERR), si_addr=0x0000000000000000

Registers:
RAX=0x00007f412c66c534, RBX=0x00000000411cd000, RCX=0x0000000000000000, RDX=0x0000000000000066
RSP=0x00007f416b239fb8, RBP=0x000000003f080000, RSI=0x0000000000000000, RDI=0x0000000000000000
R8 =0x00007f4164995ed0, R9 =0x0000000128b00000, R10=0x247c8b489f75caff, R11=0x0000000000000000
R12=0x0000000000000000, R13=0x0000000000000066, R14=0x0000000000000000, R15=0x00007f416457aef0
RIP=0x00000000416a1ee3, EFLAGS=0x0000000000010246, CSGSFS=0x0000000000000033, ERR=0x0000000000000004
  TRAPNO=0x000000000000000e

Top of Stack: (sp=0x00007f416b239fb8)
0x00007f416b239fb8:   00007f40fedb9fc4 0000000500000000
0x00007f416b239fc8:   00007f4164a08698 00007f416400a800
0x00007f416b239fd8:   00007f40fedba96e 00007f412c66c534
0x00007f416b239fe8:   00000000411cd000 0000000041211100
0x00007f416b239ff8:   0000000000000005 0000000000000000
0x00007f416b23a008:   00007f416b23a120 00007f416400a800
0x00007f416b23a018:   00007f40fe9c8798 00007f416b23a100
0x00007f416b23a028:   000000666bed7a00 00000006fc66d810
0x00007f416b23a038:   0000000000000000 00000006fc66d810
0x00007f416b23a048:   00000006fc66d810 00007f416b23a0e0
0x00007f416b23a058:   0000000000000000 00000006fc66d810
0x00007f416b23a068:   00007f4160bf2758 00007f416400b738
0x00007f416b23a078:   00007f416400b738 00007f416400b718
0x00007f416b23a088:   00007f416400b718 00007f41fffffffe
0x00007f416b23a098:   0000000000000000 00007f416b23a0a0
0x00007f416b23a0a8:   00000006fc66d810 00007f416b23a120
0x00007f416b23a0b8:   00000006fc689a80 0000000000000000
0x00007f416b23a0c8:   00000006fc66d810 0000000000000000
0x00007f416b23a0d8:   00007f416b23a100 00007f416b23a168
0x00007f416b23a0e8:   00007f4160be6058 00000007ad55c088
0x00007f416b23a0f8:   00007f4160beecd8 00007f412d116780
0x00007f416b23a108:   00007f416b23a168 0000000000000066
0x00007f416b23a118:   0000000000000000 0000000000000005
0x00007f416b23a128:   00007f416b23a128 00000006fc66d704
0x00007f416b23a138:   00007f416b23a1a0 00000006fc689a80
0x00007f416b23a148:   0000000000000000 00000006fc66d750
0x00007f416b23a158:   00007f416b23a100 00007f416b23a190
0x00007f416b23a168:   00007f416b23a1e8 00007f4160be6058
0x00007f416b23a178:   00007f412d116780 0000000000000000
0x00007f416b23a188:   00000007ad509f08 0000000000000066
0x00007f416b23a198:   0000000000000000 0000000000000005
0x00007f416b23a1a8:   00007f416b23a1a8 00000006fc6cdc7b 

Instructions: (pc=0x00000000416a1ee3)
0x00000000416a1ec3:   68 04 48 be 78 dd 21 41 00 00 00 00 48 8b 36 48
0x00000000416a1ed3:   8b b6 38 03 00 00 48 8b f9 48 c1 e7 04 48 03 f7
0x00000000416a1ee3:   8b 3e 8b 6e 04 89 78 08 89 68 0c 8b 7e 08 8b 6e
0x00000000416a1ef3:   0c 89 78 10 89 68 14 48 83 c0 18 ff c1 ff ca 75 

Register to memory mapping:

RAX=0x00007f412c66c534 is an unknown value
RBX=0x00000000411cd000 is an unknown value
RCX=0x0000000000000000 is an unknown value
RDX=0x0000000000000066 is an unknown value
RSP=0x00007f416b239fb8 is pointing into the stack for thread: 0x00007f416400a800
RBP=0x000000003f080000 is an unknown value
RSI=0x0000000000000000 is an unknown value
RDI=0x0000000000000000 is an unknown value
R8 =0x00007f4164995ed0 is an unknown value
R9 =0x0000000128b00000 is an unknown value
R10=0x247c8b489f75caff is an unknown value
R11=0x0000000000000000 is an unknown value
R12=0x0000000000000000 is an unknown value
R13=0x0000000000000066 is an unknown value
R14=0x0000000000000000 is an unknown value
R15=0x00007f416457aef0 is an unknown value


Stack: [0x00007f416b13b000,0x00007f416b23c000],  sp=0x00007f416b239fb8,  free space=1019k
Native frames: (J=compiled Java code, j=interpreted, Vv=VM code, C=native code)
C  0x00000000416a1ee3

[error occurred during error reporting (printing native stack), id 0xb]

Java frames: (J=compiled Java code, j=interpreted, Vv=VM code)
j  org.lwjgl.opengl.GL11.nglDrawArrays(IIIJ)V+0
j  org.lwjgl.opengl.GL11.glDrawArrays(III)V+20
j  fontRendering.FontRenderer.renderText(LfontMeshCreator/GUIText;)V+43
j  fontRendering.FontRenderer.render(Ljava/util/Map;)V+92
j  fontRendering.TextMaster.render()V+6
j  engine.GameLoop.main([Ljava/lang/String;)V+140
v  ~StubRoutines::call_stub
j  sun.reflect.NativeMethodAccessorImpl.invoke0(Ljava/lang/reflect/Method;Ljava/lang/Object;[Ljava/lang/Object;)Ljava/lang/Object;+0
j  sun.reflect.NativeMethodAccessorImpl.invoke(Ljava/lang/Object;[Ljava/lang/Object;)Ljava/lang/Object;+87
j  sun.reflect.DelegatingMethodAccessorImpl.invoke(Ljava/lang/Object;[Ljava/lang/Object;)Ljava/lang/Object;+6
j  java.lang.reflect.Method.invoke(Ljava/lang/Object;[Ljava/lang/Object;)Ljava/lang/Object;+57
j  com.intellij.rt.execution.application.AppMain.main([Ljava/lang/String;)V+170
v  ~StubRoutines::call_stub

---------------  P R O C E S S  ---------------

Java Threads: ( => current thread )
  0x00007f416424e000 JavaThread "process reaper" daemon [_thread_blocked, id=14956, stack(0x00007f415c057000,0x00007f415c090000)]
  0x00007f4164245800 JavaThread "AWT-XAWT" daemon [_thread_in_native, id=14954, stack(0x00007f412dc0f000,0x00007f412dd10000)]
  0x00007f4164228000 JavaThread "Java2D Disposer" daemon [_thread_blocked, id=14953, stack(0x00007f4144027000,0x00007f4144128000)]
  0x00007f416418f800 JavaThread "Monitor Ctrl-Break" daemon [_thread_in_native, id=14952, stack(0x00007f415c2bf000,0x00007f415c3c0000)]
  0x00007f41640b7800 JavaThread "Service Thread" daemon [_thread_blocked, id=14950, stack(0x00007f415c71c000,0x00007f415c81d000)]
  0x00007f41640b5800 JavaThread "C2 CompilerThread1" daemon [_thread_blocked, id=14949, stack(0x00007f415c81d000,0x00007f415c91e000)]
  0x00007f41640b2800 JavaThread "C2 CompilerThread0" daemon [_thread_in_native, id=14948, stack(0x00007f415c91e000,0x00007f415ca1f000)]
  0x00007f41640b0800 JavaThread "Signal Dispatcher" daemon [_thread_blocked, id=14947, stack(0x00007f415ca1f000,0x00007f415cb20000)]
  0x00007f4164085000 JavaThread "Finalizer" daemon [_thread_blocked, id=14939, stack(0x00007f415ccaa000,0x00007f415cdab000)]
  0x00007f4164083000 JavaThread "Reference Handler" daemon [_thread_blocked, id=14938, stack(0x00007f415cdab000,0x00007f415ceac000)]
=>0x00007f416400a800 JavaThread "main" [_thread_in_native, id=14917, stack(0x00007f416b13b000,0x00007f416b23c000)]

Other Threads:
  0x00007f416407f000 VMThread [stack: 0x00007f415ceac000,0x00007f415cfad000] [id=14935]
  0x00007f41640c2800 WatcherThread [stack: 0x00007f415c61b000,0x00007f415c71c000] [id=14951]

VM state:not at safepoint (normal execution)

VM Mutex/Monitor currently owned by a thread: None

Heap
 PSYoungGen      total 75264K, used 13094K [0x00000007acc80000, 0x00000007b2000000, 0x0000000800000000)
  eden space 65024K, 20% used [0x00000007acc80000,0x00000007ad949910,0x00000007b0c00000)
  from space 10240K, 0% used [0x00000007b1600000,0x00000007b1600000,0x00000007b2000000)
  to   space 10240K, 0% used [0x00000007b0c00000,0x00000007b0c00000,0x00000007b1600000)
 ParOldGen       total 169984K, used 0K [0x0000000706600000, 0x0000000710c00000, 0x00000007acc80000)
  object space 169984K, 0% used [0x0000000706600000,0x0000000706600000,0x0000000710c00000)
 PSPermGen       total 21504K, used 7826K [0x00000006fc000000, 0x00000006fd500000, 0x0000000706600000)
  object space 21504K, 36% used [0x00000006fc000000,0x00000006fc7a48f8,0x00000006fd500000)

Card table byte_map: [0x00007f41603bf000,0x00007f4160be0000] byte_map_base: 0x00007f415cbdf000

Polling page: 0x00007f416b266000

Code Cache  [0x00007f4160be0000, 0x00007f4160e50000, 0x00007f4163be0000)
 total_blobs=476 nmethods=30 adapters=401 free_code_cache=48584Kb largest_free_block=49732608

Compilation events (10 events):
Event: 0.843 Thread 0x00007f41640b5800   27             java.lang.Math::min (11 bytes)
Event: 0.843 Thread 0x00007f41640b5800 nmethod 27 0x00007f4160c60350 code [0x00007f4160c60480, 0x00007f4160c604b8]
Event: 0.846 Thread 0x00007f41640b5800   28             java.lang.String::replace (127 bytes)
Event: 0.851 Thread 0x00007f41640b2800 nmethod 26 0x00007f4160c69e90 code [0x00007f4160c6a040, 0x00007f4160c6a828]
Event: 0.859 Thread 0x00007f41640b5800 nmethod 28 0x00007f4160c65650 code [0x00007f4160c657a0, 0x00007f4160c65c38]
Event: 0.923 Thread 0x00007f41640b2800   29   !         java.io.BufferedReader::readLine (304 bytes)
Event: 0.934 Thread 0x00007f41640b5800   30             sun.nio.cs.UTF_8$Decoder::decodeArrayLoop (543 bytes)
Event: 0.943 Thread 0x00007f41640b2800 nmethod 29 0x00007f4160c6f110 code [0x00007f4160c6f2e0, 0x00007f4160c702f0]
Event: 0.946 Thread 0x00007f41640b5800 nmethod 30 0x00007f4160c70a10 code [0x00007f4160c70c80, 0x00007f4160c71818]
Event: 0.964 Thread 0x00007f41640b2800   31             java.lang.String::indexOf (166 bytes)

GC Heap History (0 events):
No events

Deoptimization events (2 events):
Event: 0.140 Thread 0x00007f416400a800 Uncommon trap: reason=unstable_if action=reinterpret pc=0x00007f4160c40bf0 method=java.lang.String.indexOf([CII[CIII)I @ 123
Event: 0.861 Thread 0x00007f416400a800 Uncommon trap: reason=unstable_if action=reinterpret pc=0x00007f4160c54f68 method=java.lang.String.indexOf([CII[CIII)I @ 3

Internal exceptions (10 events):
Event: 0.957 Thread 0x00007f416400a800 Threw 0x00000007ad8c19e0 at /home/jmm/jdk2/openjdk-7-7u85-2.6.1/build/openjdk/hotspot/src/share/vm/prims/jvm.cpp:1322
Event: 0.958 Thread 0x00007f416400a800 Threw 0x00000007ad8c6360 at /home/jmm/jdk2/openjdk-7-7u85-2.6.1/build/openjdk/hotspot/src/share/vm/prims/jvm.cpp:1322
Event: 0.959 Thread 0x00007f416400a800 Threw 0x00000007ad8ce0d8 at /home/jmm/jdk2/openjdk-7-7u85-2.6.1/build/openjdk/hotspot/src/share/vm/prims/jvm.cpp:1322
Event: 0.959 Thread 0x00007f416400a800 Threw 0x00000007ad8d2b08 at /home/jmm/jdk2/openjdk-7-7u85-2.6.1/build/openjdk/hotspot/src/share/vm/prims/jvm.cpp:1322
Event: 0.960 Thread 0x00007f416400a800 Threw 0x00000007ad8d7270 at /home/jmm/jdk2/openjdk-7-7u85-2.6.1/build/openjdk/hotspot/src/share/vm/prims/jvm.cpp:1322
Event: 0.961 Thread 0x00007f416400a800 Threw 0x00000007ad8daae8 at /home/jmm/jdk2/openjdk-7-7u85-2.6.1/build/openjdk/hotspot/src/share/vm/prims/jvm.cpp:1322
Event: 0.963 Thread 0x00007f416400a800 Threw 0x00000007ad8e1978 at /home/jmm/jdk2/openjdk-7-7u85-2.6.1/build/openjdk/hotspot/src/share/vm/prims/jvm.cpp:1322
Event: 0.964 Thread 0x00007f416400a800 Threw 0x00000007ad8e59b8 at /home/jmm/jdk2/openjdk-7-7u85-2.6.1/build/openjdk/hotspot/src/share/vm/prims/jvm.cpp:1322
Event: 0.964 Thread 0x00007f416400a800 Threw 0x00000007ad8e9160 at /home/jmm/jdk2/openjdk-7-7u85-2.6.1/build/openjdk/hotspot/src/share/vm/prims/jvm.cpp:1322
Event: 0.965 Thread 0x00007f416400a800 Threw 0x00000007ad8eca40 at /home/jmm/jdk2/openjdk-7-7u85-2.6.1/build/openjdk/hotspot/src/share/vm/prims/jvm.cpp:1322

Events (10 events):
Event: 0.961 loading class 0x00007f4164a0a020
Event: 0.961 loading class 0x00007f4164a0a020 done
Event: 0.963 loading class 0x00007f4164981400
Event: 0.963 loading class 0x00007f4164981400 done
Event: 0.964 loading class 0x00007f4164189d20
Event: 0.964 loading class 0x00007f4164189d20 done
Event: 0.964 loading class 0x00007f4164189d50
Event: 0.964 loading class 0x00007f4164189d50 done
Event: 0.965 loading class 0x00007f416496f8a0
Event: 0.965 loading class 0x00007f416496f8a0 done


Dynamic libraries:
00400000-00401000 r-xp 00000000 08:01 2101986                            /usr/lib/jvm/java-7-openjdk-amd64/jre/bin/java
00600000-00601000 r--p 00000000 08:01 2101986                            /usr/lib/jvm/java-7-openjdk-amd64/jre/bin/java
00601000-00602000 rw-p 00001000 08:01 2101986                            /usr/lib/jvm/java-7-openjdk-amd64/jre/bin/java
0175e000-0177f000 rw-p 00000000 00:00 0                                  [heap]
411cd000-4126c000 rw-p 00000000 00:00 0 
416a0000-416a2000 r-xs 00000000 08:12 34                                 /tmp/.gl4Cy3iM (deleted)
6fc000000-6fd500000 rw-p 00000000 00:00 0 
6fd500000-706600000 rw-p 00000000 00:00 0 
706600000-710c00000 rw-p 00000000 00:00 0 
710c00000-7acc80000 rw-p 00000000 00:00 0 
7acc80000-7b2000000 rw-p 00000000 00:00 0 
7b2000000-800000000 rw-p 00000000 00:00 0 
7f40f8000000-7f40f8021000 rw-p 00000000 00:00 0 
7f40f8021000-7f40fc000000 ---p 00000000 00:00 0 
7f40fd568000-7f40fef65000 r-xp 00000000 08:01 1339821                    /usr/lib/x86_64-linux-gnu/libnvidia-glcore.so.352.55
7f40fef65000-7f40fef85000 rwxp 019fd000 08:01 1339821                    /usr/lib/x86_64-linux-gnu/libnvidia-glcore.so.352.55
7f40fef85000-7f40ff24c000 r-xp 01a1d000 08:01 1339821                    /usr/lib/x86_64-linux-gnu/libnvidia-glcore.so.352.55
7f40ff24c000-7f40ff44b000 ---p 01ce4000 08:01 1339821                    /usr/lib/x86_64-linux-gnu/libnvidia-glcore.so.352.55
7f40ff44b000-7f40fffe7000 rw-p 01ce3000 08:01 1339821                    /usr/lib/x86_64-linux-gnu/libnvidia-glcore.so.352.55
7f40fffe7000-7f40ffffb000 rw-p 00000000 00:00 0 
7f4100000000-7f4100021000 rw-p 00000000 00:00 0 
7f4100021000-7f4104000000 ---p 00000000 00:00 0 
7f4104000000-7f4104021000 rw-p 00000000 00:00 0 
7f4104021000-7f4108000000 ---p 00000000 00:00 0 
7f4108000000-7f4108021000 rw-p 00000000 00:00 0 
7f4108021000-7f410c000000 ---p 00000000 00:00 0 
7f410c000000-7f410c021000 rw-p 00000000 00:00 0 
7f410c021000-7f4110000000 ---p 00000000 00:00 0 
7f4110000000-7f41101ca000 rw-p 00000000 00:00 0 
7f41101ca000-7f4114000000 ---p 00000000 00:00 0 
7f4114000000-7f4114021000 rw-p 00000000 00:00 0 
7f4114021000-7f4118000000 ---p 00000000 00:00 0 
7f4118000000-7f4118021000 rw-p 00000000 00:00 0 
7f4118021000-7f411c000000 ---p 00000000 00:00 0 
7f411c000000-7f411c1fc000 rw-p 00000000 00:00 0 
7f411c1fc000-7f4120000000 ---p 00000000 00:00 0 
7f4120000000-7f4120021000 rw-p 00000000 00:00 0 
7f4120021000-7f4124000000 ---p 00000000 00:00 0 
7f4124000000-7f4124021000 rw-p 00000000 00:00 0 
7f4124021000-7f4128000000 ---p 00000000 00:00 0 
7f4128000000-7f4128021000 rw-p 00000000 00:00 0 
7f4128021000-7f412c000000 ---p 00000000 00:00 0 
7f412c612000-7f412c812000 rw-s 33b1b2000 00:05 17965                     /dev/nvidiactl
7f412c818000-7f412c829000 r-xp 00000000 08:01 2101924                    /usr/lib/jvm/java-7-openjdk-amd64/jre/lib/amd64/libnio.so
7f412c829000-7f412ca28000 ---p 00011000 08:01 2101924                    /usr/lib/jvm/java-7-openjdk-amd64/jre/lib/amd64/libnio.so
7f412ca28000-7f412ca29000 r--p 00010000 08:01 2101924                    /usr/lib/jvm/java-7-openjdk-amd64/jre/lib/amd64/libnio.so
7f412ca29000-7f412ca2a000 rw-p 00011000 08:01 2101924                    /usr/lib/jvm/java-7-openjdk-amd64/jre/lib/amd64/libnio.so
7f412ca31000-7f412cab1000 rw-s 3b2689000 00:05 17965                     /dev/nvidiactl
7f412cab8000-7f412caba000 rw-s 00000000 08:12 34                         /tmp/.gl4Cy3iM (deleted)
7f412cabd000-7f412cb3d000 rw-s 33b16d000 00:05 17965                     /dev/nvidiactl
7f412cb3f000-7f412cbbf000 rw-s 35b897000 00:05 17965                     /dev/nvidiactl
7f412cbc3000-7f412ccc3000 rw-s 35ba9b000 00:05 17965                     /dev/nvidiactl
7f412ccc4000-7f412ccd7000 rw-s 33f994000 00:05 17965                     /dev/nvidiactl
7f412ccd8000-7f412ccf8000 rw-s c0260000 00:05 19540                      /dev/nvidia0
7f412ccf9000-7f412ccfa000 rw-s 33f9a9000 00:05 17965                     /dev/nvidiactl
7f412ccfb000-7f412cd3b000 rw-s 33f8c3000 00:05 17965                     /dev/nvidiactl
7f412cd42000-7f412cd82000 rw-s 3b2682000 00:05 17965                     /dev/nvidiactl
7f412cd86000-7f412ce3a000 rw-s 42b5be000 00:05 17965                     /dev/nvidiactl
7f412ce40000-7f412ce43000 r-xp 00000000 08:01 1339825                    /usr/lib/x86_64-linux-gnu/tls/libnvidia-tls.so.352.55
7f412ce43000-7f412d042000 ---p 00003000 08:01 1339825                    /usr/lib/x86_64-linux-gnu/tls/libnvidia-tls.so.352.55
7f412d042000-7f412d043000 rw-p 00002000 08:01 1339825                    /usr/lib/x86_64-linux-gnu/tls/libnvidia-tls.so.352.55
7f412d048000-7f412d106000 r-xp 00000000 08:01 1339822                    /usr/lib/x86_64-linux-gnu/libGL.so.352.55
7f412d106000-7f412d139000 rwxp 000be000 08:01 1339822                    /usr/lib/x86_64-linux-gnu/libGL.so.352.55
7f412d139000-7f412d14b000 r-xp 000f1000 08:01 1339822                    /usr/lib/x86_64-linux-gnu/libGL.so.352.55
7f412d14b000-7f412d34a000 ---p 00103000 08:01 1339822                    /usr/lib/x86_64-linux-gnu/libGL.so.352.55
7f412d34a000-7f412d372000 rw-p 00102000 08:01 1339822                    /usr/lib/x86_64-linux-gnu/libGL.so.352.55
7f412d372000-7f412d378000 rw-p 00000000 00:00 0 
7f412d378000-7f412d37d000 r-xp 00000000 08:01 1317786                    /usr/lib/x86_64-linux-gnu/libXxf86vm.so.1.0.0
7f412d37d000-7f412d57c000 ---p 00005000 08:01 1317786                    /usr/lib/x86_64-linux-gnu/libXxf86vm.so.1.0.0
7f412d57c000-7f412d57d000 r--p 00004000 08:01 1317786                    /usr/lib/x86_64-linux-gnu/libXxf86vm.so.1.0.0
7f412d57d000-7f412d57e000 rw-p 00005000 08:01 1317786                    /usr/lib/x86_64-linux-gnu/libXxf86vm.so.1.0.0
7f412d580000-7f412d589000 r-xp 00000000 08:01 1317776                    /usr/lib/x86_64-linux-gnu/libXrandr.so.2.2.0
7f412d589000-7f412d788000 ---p 00009000 08:01 1317776                    /usr/lib/x86_64-linux-gnu/libXrandr.so.2.2.0
7f412d788000-7f412d789000 r--p 00008000 08:01 1317776                    /usr/lib/x86_64-linux-gnu/libXrandr.so.2.2.0
7f412d789000-7f412d78a000 rw-p 00009000 08:01 1317776                    /usr/lib/x86_64-linux-gnu/libXrandr.so.2.2.0
7f412d790000-7f412d800000 r-xp 00000000 08:13 9045172                    /home/mart/IdeaProjects/Multiplayer World 2/libs/liblwjgl64.so
7f412d800000-7f412da00000 ---p 00070000 08:13 9045172                    /home/mart/IdeaProjects/Multiplayer World 2/libs/liblwjgl64.so
7f412da00000-7f412da02000 r--p 00070000 08:13 9045172                    /home/mart/IdeaProjects/Multiplayer World 2/libs/liblwjgl64.so
7f412da02000-7f412da03000 rw-p 00072000 08:13 9045172                    /home/mart/IdeaProjects/Multiplayer World 2/libs/liblwjgl64.so
7f412da08000-7f412da09000 r-xp 00000000 08:01 2101945                    /usr/lib/jvm/java-7-openjdk-amd64/jre/lib/amd64/libjawt.so
7f412da09000-7f412dc08000 ---p 00001000 08:01 2101945                    /usr/lib/jvm/java-7-openjdk-amd64/jre/lib/amd64/libjawt.so
7f412dc08000-7f412dc09000 r--p 00000000 08:01 2101945                    /usr/lib/jvm/java-7-openjdk-amd64/jre/lib/amd64/libjawt.so
7f412dc09000-7f412dc0a000 rw-p 00001000 08:01 2101945                    /usr/lib/jvm/java-7-openjdk-amd64/jre/lib/amd64/libjawt.so
7f412dc0f000-7f412dc12000 ---p 00000000 00:00 0 
7f412dc12000-7f412dd10000 rw-p 00000000 00:00 0                          [stack:14954]
7f412dd10000-7f412dd15000 r-xp 00000000 08:01 1318319                    /usr/lib/x86_64-linux-gnu/libXfixes.so.3.1.0
7f412dd15000-7f412df14000 ---p 00005000 08:01 1318319                    /usr/lib/x86_64-linux-gnu/libXfixes.so.3.1.0
7f412df14000-7f412df15000 r--p 00004000 08:01 1318319                    /usr/lib/x86_64-linux-gnu/libXfixes.so.3.1.0
7f412df15000-7f412df16000 rw-p 00005000 08:01 1318319                    /usr/lib/x86_64-linux-gnu/libXfixes.so.3.1.0
7f412df18000-7f412df22000 r-xp 00000000 08:01 1318351                    /usr/lib/x86_64-linux-gnu/libXcursor.so.1.0.2
7f412df22000-7f412e121000 ---p 0000a000 08:01 1318351                    /usr/lib/x86_64-linux-gnu/libXcursor.so.1.0.2
7f412e121000-7f412e122000 r--p 00009000 08:01 1318351                    /usr/lib/x86_64-linux-gnu/libXcursor.so.1.0.2
7f412e122000-7f412e123000 rw-p 0000a000 08:01 1318351                    /usr/lib/x86_64-linux-gnu/libXcursor.so.1.0.2
7f412e128000-7f412e16f000 r-xp 00000000 08:01 6423007                    /lib/x86_64-linux-gnu/libdbus-1.so.3.8.13
7f412e16f000-7f412e36e000 ---p 00047000 08:01 6423007                    /lib/x86_64-linux-gnu/libdbus-1.so.3.8.13
7f412e36e000-7f412e36f000 r--p 00046000 08:01 6423007                    /lib/x86_64-linux-gnu/libdbus-1.so.3.8.13
7f412e36f000-7f412e370000 rw-p 00047000 08:01 6423007                    /lib/x86_64-linux-gnu/libdbus-1.so.3.8.13
7f412e370000-7f412e3f1000 r-xp 00000000 08:01 1315106                    /usr/lib/x86_64-linux-gnu/libgmp.so.10.2.0
7f412e3f1000-7f412e5f1000 ---p 00081000 08:01 1315106                    /usr/lib/x86_64-linux-gnu/libgmp.so.10.2.0
7f412e5f1000-7f412e5f2000 r--p 00081000 08:01 1315106                    /usr/lib/x86_64-linux-gnu/libgmp.so.10.2.0
7f412e5f2000-7f412e5f3000 rw-p 00082000 08:01 1315106                    /usr/lib/x86_64-linux-gnu/libgmp.so.10.2.0
7f412e5f8000-7f412e626000 r-xp 00000000 08:01 1315110                    /usr/lib/x86_64-linux-gnu/libhogweed.so.2.5
7f412e626000-7f412e825000 ---p 0002e000 08:01 1315110                    /usr/lib/x86_64-linux-gnu/libhogweed.so.2.5
7f412e825000-7f412e826000 r--p 0002d000 08:01 1315110                    /usr/lib/x86_64-linux-gnu/libhogweed.so.2.5
7f412e826000-7f412e827000 rw-p 0002e000 08:01 1315110                    /usr/lib/x86_64-linux-gnu/libhogweed.so.2.5
7f412e828000-7f412e858000 r-xp 00000000 08:01 1315108                    /usr/lib/x86_64-linux-gnu/libnettle.so.4.7
7f412e858000-7f412ea58000 ---p 00030000 08:01 1315108                    /usr/lib/x86_64-linux-gnu/libnettle.so.4.7
7f412ea58000-7f412ea59000 r--p 00030000 08:01 1315108                    /usr/lib/x86_64-linux-gnu/libnettle.so.4.7
7f412ea59000-7f412ea5a000 rw-p 00031000 08:01 1315108                    /usr/lib/x86_64-linux-gnu/libnettle.so.4.7
7f412ea60000-7f412ea71000 r-xp 00000000 08:01 1315458                    /usr/lib/x86_64-linux-gnu/libtasn1.so.6.3.2
7f412ea71000-7f412ec71000 ---p 00011000 08:01 1315458                    /usr/lib/x86_64-linux-gnu/libtasn1.so.6.3.2
7f412ec71000-7f412ec73000 r--p 00011000 08:01 1315458                    /usr/lib/x86_64-linux-gnu/libtasn1.so.6.3.2
7f412ec73000-7f412ec74000 rw-p 00013000 08:01 1315458                    /usr/lib/x86_64-linux-gnu/libtasn1.so.6.3.2
7f412ec78000-7f412ecb4000 r-xp 00000000 08:01 1315113                    /usr/lib/x86_64-linux-gnu/libp11-kit.so.0.0.0
7f412ecb4000-7f412eeb3000 ---p 0003c000 08:01 1315113                    /usr/lib/x86_64-linux-gnu/libp11-kit.so.0.0.0
7f412eeb3000-7f412eebc000 r--p 0003b000 08:01 1315113                    /usr/lib/x86_64-linux-gnu/libp11-kit.so.0.0.0
7f412eebc000-7f412eebe000 rw-p 00044000 08:01 1315113                    /usr/lib/x86_64-linux-gnu/libp11-kit.so.0.0.0
7f412eec0000-7f412eec3000 r-xp 00000000 08:01 6422538                    /lib/x86_64-linux-gnu/libkeyutils.so.1.5
7f412eec3000-7f412f0c2000 ---p 00003000 08:01 6422538                    /lib/x86_64-linux-gnu/libkeyutils.so.1.5
7f412f0c2000-7f412f0c3000 r--p 00002000 08:01 6422538                    /lib/x86_64-linux-gnu/libkeyutils.so.1.5
7f412f0c3000-7f412f0c4000 rw-p 00003000 08:01 6422538                    /lib/x86_64-linux-gnu/libkeyutils.so.1.5
7f412f0c8000-7f412f0d3000 r-xp 00000000 08:01 1317160                    /usr/lib/x86_64-linux-gnu/libkrb5support.so.0.1
7f412f0d3000-7f412f2d2000 ---p 0000b000 08:01 1317160                    /usr/lib/x86_64-linux-gnu/libkrb5support.so.0.1
7f412f2d2000-7f412f2d3000 r--p 0000a000 08:01 1317160                    /usr/lib/x86_64-linux-gnu/libkrb5support.so.0.1
7f412f2d3000-7f412f2d4000 rw-p 0000b000 08:01 1317160                    /usr/lib/x86_64-linux-gnu/libkrb5support.so.0.1
7f412f2d8000-7f412f2db000 r-xp 00000000 08:01 6422616                    /lib/x86_64-linux-gnu/libcom_err.so.2.1
7f412f2db000-7f412f4da000 ---p 00003000 08:01 6422616                    /lib/x86_64-linux-gnu/libcom_err.so.2.1
7f412f4da000-7f412f4db000 r--p 00002000 08:01 6422616                    /lib/x86_64-linux-gnu/libcom_err.so.2.1
7f412f4db000-7f412f4dc000 rw-p 00003000 08:01 6422616                    /lib/x86_64-linux-gnu/libcom_err.so.2.1
7f412f4e0000-7f412f50e000 r-xp 00000000 08:01 1317162                    /usr/lib/x86_64-linux-gnu/libk5crypto.so.3.1
7f412f50e000-7f412f70d000 ---p 0002e000 08:01 1317162                    /usr/lib/x86_64-linux-gnu/libk5crypto.so.3.1
7f412f70d000-7f412f70f000 r--p 0002d000 08:01 1317162                    /usr/lib/x86_64-linux-gnu/libk5crypto.so.3.1
7f412f70f000-7f412f710000 rw-p 0002f000 08:01 1317162                    /usr/lib/x86_64-linux-gnu/libk5crypto.so.3.1
7f412f710000-7f412f711000 rw-p 00000000 00:00 0 
7f412f718000-7f412f7dc000 r-xp 00000000 08:01 1317164                    /usr/lib/x86_64-linux-gnu/libkrb5.so.3.3
7f412f7dc000-7f412f9dc000 ---p 000c4000 08:01 1317164                    /usr/lib/x86_64-linux-gnu/libkrb5.so.3.3
7f412f9dc000-7f412f9e9000 r--p 000c4000 08:01 1317164                    /usr/lib/x86_64-linux-gnu/libkrb5.so.3.3
7f412f9e9000-7f412f9ec000 rw-p 000d1000 08:01 1317164                    /usr/lib/x86_64-linux-gnu/libkrb5.so.3.3
7f412f9f0000-7f412f9f5000 r-xp 00000000 08:01 1317761                    /usr/lib/x86_64-linux-gnu/libXdmcp.so.6.0.0
7f412f9f5000-7f412fbf4000 ---p 00005000 08:01 1317761                    /usr/lib/x86_64-linux-gnu/libXdmcp.so.6.0.0
7f412fbf4000-7f412fbf5000 rw-p 00004000 08:01 1317761                    /usr/lib/x86_64-linux-gnu/libXdmcp.so.6.0.0
7f412fbf8000-7f412fbfb000 r-xp 00000000 08:01 1317759                    /usr/lib/x86_64-linux-gnu/libXau.so.6.0.0
7f412fbfb000-7f412fdfa000 ---p 00003000 08:01 1317759                    /usr/lib/x86_64-linux-gnu/libXau.so.6.0.0
7f412fdfa000-7f412fdfb000 r--p 00002000 08:01 1317759                    /usr/lib/x86_64-linux-gnu/libXau.so.6.0.0
7f412fdfb000-7f412fdfc000 rw-p 00003000 08:01 1317759                    /usr/lib/x86_64-linux-gnu/libXau.so.6.0.0
7f412fe00000-7f4138000000 rw-p 00000000 00:00 0 
7f4138000000-7f4138021000 rw-p 00000000 00:00 0 
7f4138021000-7f413c000000 ---p 00000000 00:00 0 
7f413c000000-7f413c021000 rw-p 00000000 00:00 0 
7f413c021000-7f4140000000 ---p 00000000 00:00 0 
7f4140000000-7f4140021000 rw-p 00000000 00:00 0 
7f4140021000-7f4144000000 ---p 00000000 00:00 0 
7f4144002000-7f4144022000 rw-s 267aa2000 00:05 17965                     /dev/nvidiactl
7f4144027000-7f414402a000 ---p 00000000 00:00 0 
7f414402a000-7f4144128000 rw-p 00000000 00:00 0                          [stack:14953]
7f4144128000-7f414414e000 r-xp 00000000 08:01 6423568                    /lib/x86_64-linux-gnu/libpng12.so.0.50.0
7f414414e000-7f414434d000 ---p 00026000 08:01 6423568                    /lib/x86_64-linux-gnu/libpng12.so.0.50.0
7f414434d000-7f414434e000 r--p 00025000 08:01 6423568                    /lib/x86_64-linux-gnu/libpng12.so.0.50.0
7f414434e000-7f414434f000 rw-p 00026000 08:01 6423568                    /lib/x86_64-linux-gnu/libpng12.so.0.50.0
7f4144350000-7f4144376000 r-xp 00000000 08:01 6422533                    /lib/x86_64-linux-gnu/libexpat.so.1.6.0
7f4144376000-7f4144575000 ---p 00026000 08:01 6422533                    /lib/x86_64-linux-gnu/libexpat.so.1.6.0
7f4144575000-7f4144578000 r--p 00025000 08:01 6422533                    /lib/x86_64-linux-gnu/libexpat.so.1.6.0
7f4144578000-7f4144579000 rw-p 00028000 08:01 6422533                    /lib/x86_64-linux-gnu/libexpat.so.1.6.0
7f4144580000-7f4144590000 r-xp 00000000 08:01 1317911                    /usr/lib/x86_64-linux-gnu/libavahi-client.so.3.2.9
7f4144590000-7f414478f000 ---p 00010000 08:01 1317911                    /usr/lib/x86_64-linux-gnu/libavahi-client.so.3.2.9
7f414478f000-7f4144790000 r--p 0000f000 08:01 1317911                    /usr/lib/x86_64-linux-gnu/libavahi-client.so.3.2.9
7f4144790000-7f4144791000 rw-p 00010000 08:01 1317911                    /usr/lib/x86_64-linux-gnu/libavahi-client.so.3.2.9
7f4144798000-7f41447a4000 r-xp 00000000 08:01 1317908                    /usr/lib/x86_64-linux-gnu/libavahi-common.so.3.5.3
7f41447a4000-7f41449a3000 ---p 0000c000 08:01 1317908                    /usr/lib/x86_64-linux-gnu/libavahi-common.so.3.5.3
7f41449a3000-7f41449a4000 r--p 0000b000 08:01 1317908                    /usr/lib/x86_64-linux-gnu/libavahi-common.so.3.5.3
7f41449a4000-7f41449a5000 rw-p 0000c000 08:01 1317908                    /usr/lib/x86_64-linux-gnu/libavahi-common.so.3.5.3
7f41449a8000-7f4144abb000 r-xp 00000000 08:01 1314044                    /usr/lib/x86_64-linux-gnu/libgnutls-deb0.so.28.41.0
7f4144abb000-7f4144cbb000 ---p 00113000 08:01 1314044                    /usr/lib/x86_64-linux-gnu/libgnutls-deb0.so.28.41.0
7f4144cbb000-7f4144cc4000 r--p 00113000 08:01 1314044                    /usr/lib/x86_64-linux-gnu/libgnutls-deb0.so.28.41.0
7f4144cc4000-7f4144cc6000 rw-p 0011c000 08:01 1314044                    /usr/lib/x86_64-linux-gnu/libgnutls-deb0.so.28.41.0
7f4144cc6000-7f4144cc7000 rw-p 00000000 00:00 0 
7f4144cc8000-7f4144d0e000 r-xp 00000000 08:01 1317167                    /usr/lib/x86_64-linux-gnu/libgssapi_krb5.so.2.2
7f4144d0e000-7f4144f0e000 ---p 00046000 08:01 1317167                    /usr/lib/x86_64-linux-gnu/libgssapi_krb5.so.2.2
7f4144f0e000-7f4144f10000 r--p 00046000 08:01 1317167                    /usr/lib/x86_64-linux-gnu/libgssapi_krb5.so.2.2
7f4144f10000-7f4144f12000 rw-p 00048000 08:01 1317167                    /usr/lib/x86_64-linux-gnu/libgssapi_krb5.so.2.2
7f4144f18000-7f4144f39000 r-xp 00000000 08:01 1317763                    /usr/lib/x86_64-linux-gnu/libxcb.so.1.1.0
7f4144f39000-7f4145138000 ---p 00021000 08:01 1317763                    /usr/lib/x86_64-linux-gnu/libxcb.so.1.1.0
7f4145138000-7f4145139000 r--p 00020000 08:01 1317763                    /usr/lib/x86_64-linux-gnu/libxcb.so.1.1.0
7f4145139000-7f414513a000 rw-p 00021000 08:01 1317763                    /usr/lib/x86_64-linux-gnu/libxcb.so.1.1.0
7f4145140000-7f41451e4000 r-xp 00000000 08:01 1318123                    /usr/lib/x86_64-linux-gnu/libfreetype.so.6.11.1
7f41451e4000-7f41453e3000 ---p 000a4000 08:01 1318123                    /usr/lib/x86_64-linux-gnu/libfreetype.so.6.11.1
7f41453e3000-7f41453e9000 r--p 000a3000 08:01 1318123                    /usr/lib/x86_64-linux-gnu/libfreetype.so.6.11.1
7f41453e9000-7f41453ea000 rw-p 000a9000 08:01 1318123                    /usr/lib/x86_64-linux-gnu/libfreetype.so.6.11.1
7f41453f0000-7f414542b000 r-xp 00000000 08:01 1318125                    /usr/lib/x86_64-linux-gnu/libfontconfig.so.1.8.0
7f414542b000-7f414562a000 ---p 0003b000 08:01 1318125                    /usr/lib/x86_64-linux-gnu/libfontconfig.so.1.8.0
7f414562a000-7f414562c000 r--p 0003a000 08:01 1318125                    /usr/lib/x86_64-linux-gnu/libfontconfig.so.1.8.0
7f414562c000-7f414562d000 rw-p 0003c000 08:01 1318125                    /usr/lib/x86_64-linux-gnu/libfontconfig.so.1.8.0
7f4145630000-7f41456a0000 r-xp 00000000 08:01 1317913                    /usr/lib/x86_64-linux-gnu/libcups.so.2
7f41456a0000-7f414589f000 ---p 00070000 08:01 1317913                    /usr/lib/x86_64-linux-gnu/libcups.so.2
7f414589f000-7f41458a7000 r--p 0006f000 08:01 1317913                    /usr/lib/x86_64-linux-gnu/libcups.so.2
7f41458a7000-7f41458a8000 rw-p 00077000 08:01 1317913                    /usr/lib/x86_64-linux-gnu/libcups.so.2
7f41458a8000-7f41458b7000 r-xp 00000000 08:01 1318353                    /usr/lib/x86_64-linux-gnu/libXi.so.6.1.0
7f41458b7000-7f4145ab6000 ---p 0000f000 08:01 1318353                    /usr/lib/x86_64-linux-gnu/libXi.so.6.1.0
7f4145ab6000-7f4145ab7000 r--p 0000e000 08:01 1318353                    /usr/lib/x86_64-linux-gnu/libXi.so.6.1.0
7f4145ab7000-7f4145ab8000 rw-p 0000f000 08:01 1318353                    /usr/lib/x86_64-linux-gnu/libXi.so.6.1.0
7f4145ab8000-7f4145abd000 r-xp 00000000 08:01 1318983                    /usr/lib/x86_64-linux-gnu/libXtst.so.6.1.0
7f4145abd000-7f4145cbc000 ---p 00005000 08:01 1318983                    /usr/lib/x86_64-linux-gnu/libXtst.so.6.1.0
7f4145cbc000-7f4145cbd000 r--p 00004000 08:01 1318983                    /usr/lib/x86_64-linux-gnu/libXtst.so.6.1.0
7f4145cbd000-7f4145cbe000 rw-p 00005000 08:01 1318983                    /usr/lib/x86_64-linux-gnu/libXtst.so.6.1.0
7f4145cc0000-7f4145cc9000 r-xp 00000000 08:01 1317774                    /usr/lib/x86_64-linux-gnu/libXrender.so.1.3.0
7f4145cc9000-7f4145ec8000 ---p 00009000 08:01 1317774                    /usr/lib/x86_64-linux-gnu/libXrender.so.1.3.0
7f4145ec8000-7f4145ec9000 r--p 00008000 08:01 1317774                    /usr/lib/x86_64-linux-gnu/libXrender.so.1.3.0
7f4145ec9000-7f4145eca000 rw-p 00009000 08:01 1317774                    /usr/lib/x86_64-linux-gnu/libXrender.so.1.3.0
7f4145ed0000-7f414600c000 r-xp 00000000 08:01 1317767                    /usr/lib/x86_64-linux-gnu/libX11.so.6.3.0
7f414600c000-7f414620b000 ---p 0013c000 08:01 1317767                    /usr/lib/x86_64-linux-gnu/libX11.so.6.3.0
7f414620b000-7f414620d000 r--p 0013b000 08:01 1317767                    /usr/lib/x86_64-linux-gnu/libX11.so.6.3.0
7f414620d000-7f4146212000 rw-p 0013d000 08:01 1317767                    /usr/lib/x86_64-linux-gnu/libX11.so.6.3.0
7f4146212000-7f4146213000 rw-p 00000000 00:00 0 
7f4146218000-7f4146229000 r-xp 00000000 08:01 1317770                    /usr/lib/x86_64-linux-gnu/libXext.so.6.4.0
7f4146229000-7f4146428000 ---p 00011000 08:01 1317770                    /usr/lib/x86_64-linux-gnu/libXext.so.6.4.0
7f4146428000-7f4146429000 r--p 00010000 08:01 1317770                    /usr/lib/x86_64-linux-gnu/libXext.so.6.4.0
7f4146429000-7f414642a000 rw-p 00011000 08:01 1317770                    /usr/lib/x86_64-linux-gnu/libXext.so.6.4.0
7f4146430000-7f4146479000 r-xp 00000000 08:01 2235730                    /usr/lib/jvm/java-7-openjdk-amd64/jre/lib/amd64/xawt/libmawt.so
7f4146479000-7f4146678000 ---p 00049000 08:01 2235730                    /usr/lib/jvm/java-7-openjdk-amd64/jre/lib/amd64/xawt/libmawt.so
7f4146678000-7f4146679000 r--p 00048000 08:01 2235730                    /usr/lib/jvm/java-7-openjdk-amd64/jre/lib/amd64/xawt/libmawt.so
7f4146679000-7f414667c000 rw-p 00049000 08:01 2235730                    /usr/lib/jvm/java-7-openjdk-amd64/jre/lib/amd64/xawt/libmawt.so
7f414667c000-7f414667d000 rw-p 00000000 00:00 0 
7f4146680000-7f4146721000 r-xp 00000000 08:01 2101931                    /usr/lib/jvm/java-7-openjdk-amd64/jre/lib/amd64/libawt.so
7f4146721000-7f4146920000 ---p 000a1000 08:01 2101931                    /usr/lib/jvm/java-7-openjdk-amd64/jre/lib/amd64/libawt.so
7f4146920000-7f4146921000 r--p 000a0000 08:01 2101931                    /usr/lib/jvm/java-7-openjdk-amd64/jre/lib/amd64/libawt.so
7f4146921000-7f414692c000 rw-p 000a1000 08:01 2101931                    /usr/lib/jvm/java-7-openjdk-amd64/jre/lib/amd64/libawt.so
7f414692c000-7f4146951000 rw-p 00000000 00:00 0 
7f4146957000-7f4146c58000 rw-p 00000000 00:00 0 
7f4146c58000-7f4146cc4000 r-xp 00000000 08:01 6423678                    /lib/x86_64-linux-gnu/libpcre.so.3.13.1
7f4146cc4000-7f4146ec4000 ---p 0006c000 08:01 6423678                    /lib/x86_64-linux-gnu/libpcre.so.3.13.1
7f4146ec4000-7f4146ec5000 r--p 0006c000 08:01 6423678                    /lib/x86_64-linux-gnu/libpcre.so.3.13.1
7f4146ec5000-7f4146ec6000 rw-p 0006d000 08:01 6423678                    /lib/x86_64-linux-gnu/libpcre.so.3.13.1
7f4146ec8000-7f4146ecf000 r-xp 00000000 08:01 1315076                    /usr/lib/x86_64-linux-gnu/libffi.so.6.0.2
7f4146ecf000-7f41470ce000 ---p 00007000 08:01 1315076                    /usr/lib/x86_64-linux-gnu/libffi.so.6.0.2
7f41470ce000-7f41470cf000 r--p 00006000 08:01 1315076                    /usr/lib/x86_64-linux-gnu/libffi.so.6.0.2
7f41470cf000-7f41470d0000 rw-p 00007000 08:01 1315076                    /usr/lib/x86_64-linux-gnu/libffi.so.6.0.2
7f41470d0000-7f41470e4000 r-xp 00000000 08:01 6425568                    /lib/x86_64-linux-gnu/libresolv-2.19.so
7f41470e4000-7f41472e3000 ---p 00014000 08:01 6425568                    /lib/x86_64-linux-gnu/libresolv-2.19.so
7f41472e3000-7f41472e4000 r--p 00013000 08:01 6425568                    /lib/x86_64-linux-gnu/libresolv-2.19.so
7f41472e4000-7f41472e5000 rw-p 00014000 08:01 6425568                    /lib/x86_64-linux-gnu/libresolv-2.19.so
7f41472e5000-7f41472e7000 rw-p 00000000 00:00 0 
7f41472e8000-7f4147309000 r-xp 00000000 08:01 6422627                    /lib/x86_64-linux-gnu/libselinux.so.1
7f4147309000-7f4147509000 ---p 00021000 08:01 6422627                    /lib/x86_64-linux-gnu/libselinux.so.1
7f4147509000-7f414750a000 r--p 00021000 08:01 6422627                    /lib/x86_64-linux-gnu/libselinux.so.1
7f414750a000-7f414750b000 rw-p 00022000 08:01 6422627                    /lib/x86_64-linux-gnu/libselinux.so.1
7f414750b000-7f414750d000 rw-p 00000000 00:00 0 
7f4147510000-7f4147513000 r-xp 00000000 08:01 1318028                    /usr/lib/x86_64-linux-gnu/libgmodule-2.0.so.0.4200.1
7f4147513000-7f4147712000 ---p 00003000 08:01 1318028                    /usr/lib/x86_64-linux-gnu/libgmodule-2.0.so.0.4200.1
7f4147712000-7f4147713000 r--p 00002000 08:01 1318028                    /usr/lib/x86_64-linux-gnu/libgmodule-2.0.so.0.4200.1
7f4147713000-7f4147714000 rw-p 00003000 08:01 1318028                    /usr/lib/x86_64-linux-gnu/libgmodule-2.0.so.0.4200.1
7f4147718000-7f4147824000 r-xp 00000000 08:01 6423013                    /lib/x86_64-linux-gnu/libglib-2.0.so.0.4200.1
7f4147824000-7f4147a24000 ---p 0010c000 08:01 6423013                    /lib/x86_64-linux-gnu/libglib-2.0.so.0.4200.1
7f4147a24000-7f4147a25000 r--p 0010c000 08:01 6423013                    /lib/x86_64-linux-gnu/libglib-2.0.so.0.4200.1
7f4147a25000-7f4147a26000 rw-p 0010d000 08:01 6423013                    /lib/x86_64-linux-gnu/libglib-2.0.so.0.4200.1
7f4147a26000-7f4147a27000 rw-p 00000000 00:00 0 
7f4147a28000-7f4147a79000 r-xp 00000000 08:01 1318029                    /usr/lib/x86_64-linux-gnu/libgobject-2.0.so.0.4200.1
7f4147a79000-7f4147c78000 ---p 00051000 08:01 1318029                    /usr/lib/x86_64-linux-gnu/libgobject-2.0.so.0.4200.1
7f4147c78000-7f4147c79000 r--p 00050000 08:01 1318029                    /usr/lib/x86_64-linux-gnu/libgobject-2.0.so.0.4200.1
7f4147c79000-7f4147c7a000 rw-p 00051000 08:01 1318029                    /usr/lib/x86_64-linux-gnu/libgobject-2.0.so.0.4200.1
7f4147c80000-7f4147df1000 r-xp 00000000 08:01 1318031                    /usr/lib/x86_64-linux-gnu/libgio-2.0.so.0.4200.1
7f4147df1000-7f4147ff1000 ---p 00171000 08:01 1318031                    /usr/lib/x86_64-linux-gnu/libgio-2.0.so.0.4200.1
7f4147ff1000-7f4147ff5000 r--p 00171000 08:01 1318031                    /usr/lib/x86_64-linux-gnu/libgio-2.0.so.0.4200.1
7f4147ff5000-7f4147ff7000 rw-p 00175000 08:01 1318031                    /usr/lib/x86_64-linux-gnu/libgio-2.0.so.0.4200.1
7f4147ff7000-7f4147ff9000 rw-p 00000000 00:00 0 
7f4148000000-7f4148021000 rw-p 00000000 00:00 0 
7f4148021000-7f414c000000 ---p 00000000 00:00 0 
7f414c000000-7f414c021000 rw-p 00000000 00:00 0 
7f414c021000-7f4150000000 ---p 00000000 00:00 0 
7f4150000000-7f4150021000 rw-p 00000000 00:00 0 
7f4150021000-7f4154000000 ---p 00000000 00:00 0 
7f4154000000-7f4154021000 rw-p 00000000 00:00 0 
7f4154021000-7f4158000000 ---p 00000000 00:00 0 
7f4158000000-7f4158021000 rw-p 00000000 00:00 0 
7f4158021000-7f415c000000 ---p 00000000 00:00 0 
7f415c003000-7f415c007000 rw-s 267b63000 00:05 17965                     /dev/nvidiactl
7f415c00c000-7f415c00d000 rw-s cfd64000 00:05 19540                      /dev/nvidia0
7f415c014000-7f415c015000 rw-s cfd64000 00:05 19540                      /dev/nvidia0
7f415c018000-7f415c038000 rw-s 2679c0000 00:05 17965                     /dev/nvidiactl
7f415c03a000-7f415c03b000 rw-s fd642000 00:05 19540                      /dev/nvidia0
7f415c03b000-7f415c03c000 rw-s 418c63000 00:05 17965                     /dev/nvidiactl
7f415c041000-7f415c042000 rw-s fd641000 00:05 19540                      /dev/nvidia0
7f415c048000-7f415c049000 rw-s 41ad40000 00:05 17965                     /dev/nvidiactl
7f415c049000-7f415c04a000 rw-s 2679c1000 00:05 17965                     /dev/nvidiactl
7f415c050000-7f415c051000 rw-s fd060000 00:05 19540                      /dev/nvidia0
7f415c057000-7f415c05a000 ---p 00000000 00:00 0 
7f415c05a000-7f415c090000 rw-p 00000000 00:00 0                          [stack:14956]
7f415c090000-7f415c091000 r--p 00000000 08:01 1314157                    /usr/share/locale/en_GB/LC_MESSAGES/libc.mo
7f415c093000-7f415c09e000 r--s 00203000 08:01 2101903                    /usr/lib/jvm/java-7-openjdk-amd64/jre/lib/charsets.jar
7f415c0a0000-7f415c0b8000 r-xp 00000000 08:01 2101942                    /usr/lib/jvm/java-7-openjdk-amd64/jre/lib/amd64/libnet.so
7f415c0b8000-7f415c2b7000 ---p 00018000 08:01 2101942                    /usr/lib/jvm/java-7-openjdk-amd64/jre/lib/amd64/libnet.so
7f415c2b7000-7f415c2b8000 r--p 00017000 08:01 2101942                    /usr/lib/jvm/java-7-openjdk-amd64/jre/lib/amd64/libnet.so
7f415c2b8000-7f415c2b9000 rw-p 00018000 08:01 2101942                    /usr/lib/jvm/java-7-openjdk-amd64/jre/lib/amd64/libnet.so
7f415c2bf000-7f415c2c2000 ---p 00000000 00:00 0 
7f415c2c2000-7f415c3c0000 rw-p 00000000 00:00 0                          [stack:14952]
7f415c3c0000-7f415c3c1000 r-xp 00000000 08:01 1573728                    /opt/intellij-idea/bin/libbreakgen64.so
7f415c3c1000-7f415c5c0000 ---p 00001000 08:01 1573728                    /opt/intellij-idea/bin/libbreakgen64.so
7f415c5c0000-7f415c5c1000 r--p 00000000 08:01 1573728                    /opt/intellij-idea/bin/libbreakgen64.so
7f415c5c1000-7f415c5c2000 rw-p 00001000 08:01 1573728                    /opt/intellij-idea/bin/libbreakgen64.so
7f415c5c9000-7f415c5cb000 r--s 00019000 08:01 1578241                    /opt/intellij-idea/lib/idea_rt.jar
7f415c5d2000-7f415c5d3000 r--s 00002000 08:13 4850952                    /home/mart/IdeaProjects/Multiplayer World 2/libs/PNGDecoder.jar
7f415c5d7000-7f415c5da000 r--s 00017000 08:13 9045358                    /home/mart/IdeaProjects/Multiplayer World 2/libs/slick-util.jar
7f415c5df000-7f415c5e3000 r--s 00027000 08:13 9045357                    /home/mart/IdeaProjects/Multiplayer World 2/libs/lwjgl_util.jar
7f415c5e3000-7f415c5f2000 r--s 000f3000 08:13 9045342                    /home/mart/IdeaProjects/Multiplayer World 2/libs/lwjgl.jar
7f415c5f7000-7f415c605000 r--s 0010f000 08:01 2101969                    /usr/lib/jvm/java-7-openjdk-amd64/jre/lib/rhino.jar
7f415c606000-7f415c610000 r--s 000ae000 08:01 2101899                    /usr/lib/jvm/java-7-openjdk-amd64/jre/lib/resources.jar
7f415c616000-7f415c61b000 r--s 0004e000 08:01 2101968                    /usr/lib/jvm/java-7-openjdk-amd64/jre/lib/jsse.jar
7f415c61b000-7f415c61c000 ---p 00000000 00:00 0 
7f415c61c000-7f415c71c000 rw-p 00000000 00:00 0                          [stack:14951]
7f415c71c000-7f415c71f000 ---p 00000000 00:00 0 
7f415c71f000-7f415c81d000 rw-p 00000000 00:00 0                          [stack:14950]
7f415c81d000-7f415c820000 ---p 00000000 00:00 0 
7f415c820000-7f415c91e000 rw-p 00000000 00:00 0                          [stack:14949]
7f415c91e000-7f415c921000 ---p 00000000 00:00 0 
7f415c921000-7f415ca1f000 rw-p 00000000 00:00 0                          [stack:14948]
7f415ca1f000-7f415ca22000 ---p 00000000 00:00 0 
7f415ca22000-7f415cb20000 rw-p 00000000 00:00 0                          [stack:14947]
7f415cb20000-7f415cca9000 r--p 00000000 08:01 1314223                    /usr/lib/locale/locale-archive
7f415ccaa000-7f415ccad000 ---p 00000000 00:00 0 
7f415ccad000-7f415cdab000 rw-p 00000000 00:00 0                          [stack:14939]
7f415cdab000-7f415cdae000 ---p 00000000 00:00 0 
7f415cdae000-7f415ceac000 rw-p 00000000 00:00 0                          [stack:14938]
7f415ceac000-7f415cead000 ---p 00000000 00:00 0 
7f415cead000-7f415ec3a000 rw-p 00000000 00:00 0                          [stack:14935]
7f415ec3a000-7f415edec000 r--s 01d32000 08:01 2101898                    /usr/lib/jvm/java-7-openjdk-amd64/jre/lib/rt.jar
7f415eded000-7f415f683000 rw-p 00000000 00:00 0 
7f415f683000-7f415f684000 ---p 00000000 00:00 0 
7f415f684000-7f415f784000 rw-p 00000000 00:00 0                          [stack:14925]
7f415f784000-7f415f785000 ---p 00000000 00:00 0 
7f415f785000-7f415f885000 rw-p 00000000 00:00 0                          [stack:14924]
7f415f885000-7f415f886000 ---p 00000000 00:00 0 
7f415f886000-7f415f986000 rw-p 00000000 00:00 0                          [stack:14923]
7f415f986000-7f415f987000 ---p 00000000 00:00 0 
7f415f987000-7f415fa87000 rw-p 00000000 00:00 0                          [stack:14922]
7f415fa87000-7f415fa88000 ---p 00000000 00:00 0 
7f415fa88000-7f415fb88000 rw-p 00000000 00:00 0                          [stack:14921]
7f415fb88000-7f415fb89000 ---p 00000000 00:00 0 
7f415fb89000-7f415fc89000 rw-p 00000000 00:00 0                          [stack:14920]
7f415fc89000-7f415fc8a000 ---p 00000000 00:00 0 
7f415fc8a000-7f415fd8a000 rw-p 00000000 00:00 0                          [stack:14919]
7f415fd8a000-7f415fd8b000 ---p 00000000 00:00 0 
7f415fd8b000-7f415fede000 rw-p 00000000 00:00 0                          [stack:14918]
7f415fede000-7f41603bf000 rw-p 00000000 00:00 0 
7f41603bf000-7f41603ca000 rw-p 00000000 00:00 0 
7f41603ca000-7f4160412000 rw-p 00000000 00:00 0 
7f4160412000-7f4160465000 rw-p 00000000 00:00 0 
7f4160465000-7f4160945000 rw-p 00000000 00:00 0 
7f4160945000-7f416096f000 rw-p 00000000 00:00 0 
7f416096f000-7f4160bdf000 rw-p 00000000 00:00 0 
7f4160bdf000-7f4160be0000 rw-p 00000000 00:00 0 
7f4160be0000-7f4160e50000 rwxp 00000000 00:00 0 
7f4160e50000-7f4163be0000 rw-p 00000000 00:00 0 
7f4163be0000-7f4163be8000 r-xp 00000000 08:01 2101919                    /usr/lib/jvm/java-7-openjdk-amd64/jre/lib/amd64/libzip.so
7f4163be8000-7f4163de7000 ---p 00008000 08:01 2101919                    /usr/lib/jvm/java-7-openjdk-amd64/jre/lib/amd64/libzip.so
7f4163de7000-7f4163de8000 r--p 00007000 08:01 2101919                    /usr/lib/jvm/java-7-openjdk-amd64/jre/lib/amd64/libzip.so
7f4163de8000-7f4163de9000 rw-p 00008000 08:01 2101919                    /usr/lib/jvm/java-7-openjdk-amd64/jre/lib/amd64/libzip.so
7f4163df0000-7f4163dfb000 r-xp 00000000 08:01 6425563                    /lib/x86_64-linux-gnu/libnss_files-2.19.so
7f4163dfb000-7f4163ffa000 ---p 0000b000 08:01 6425563                    /lib/x86_64-linux-gnu/libnss_files-2.19.so
7f4163ffa000-7f4163ffb000 r--p 0000a000 08:01 6425563                    /lib/x86_64-linux-gnu/libnss_files-2.19.so
7f4163ffb000-7f4163ffc000 rw-p 0000b000 08:01 6425563                    /lib/x86_64-linux-gnu/libnss_files-2.19.so
7f4164000000-7f4164a8f000 rw-p 00000000 00:00 0 
7f4164a8f000-7f4168000000 ---p 00000000 00:00 0 
7f4168000000-7f4168001000 r--s 00000000 08:01 2101978                    /usr/lib/jvm/java-7-openjdk-amd64/jre/lib/management-agent.jar
7f4168008000-7f416800a000 r--s 00018000 08:01 2101971                    /usr/lib/jvm/java-7-openjdk-amd64/jre/lib/jce.jar
7f416800a000-7f416800b000 r--s 0000a000 08:01 2101901                    /usr/lib/jvm/java-7-openjdk-amd64/jre/lib/javazic.jar
7f4168010000-7f4168011000 r--s 00000000 08:01 2101972                    /usr/lib/jvm/java-7-openjdk-amd64/jre/lib/compilefontconfig.jar
7f4168013000-7f416801e000 r--s 00203000 08:01 2101903                    /usr/lib/jvm/java-7-openjdk-amd64/jre/lib/charsets.jar
7f4168020000-7f4168100000 rw-p 00000000 00:00 0 
7f4168100000-7f4168148000 rw-p 00000000 00:00 0 
7f4168148000-7f4168152000 r-xp 00000000 08:01 6425565                    /lib/x86_64-linux-gnu/libnss_nis-2.19.so
7f4168152000-7f4168351000 ---p 0000a000 08:01 6425565                    /lib/x86_64-linux-gnu/libnss_nis-2.19.so
7f4168351000-7f4168352000 r--p 00009000 08:01 6425565                    /lib/x86_64-linux-gnu/libnss_nis-2.19.so
7f4168352000-7f4168353000 rw-p 0000a000 08:01 6425565                    /lib/x86_64-linux-gnu/libnss_nis-2.19.so
7f4168358000-7f416836d000 r-xp 00000000 08:01 6425560                    /lib/x86_64-linux-gnu/libnsl-2.19.so
7f416836d000-7f416856c000 ---p 00015000 08:01 6425560                    /lib/x86_64-linux-gnu/libnsl-2.19.so
7f416856c000-7f416856d000 r--p 00014000 08:01 6425560                    /lib/x86_64-linux-gnu/libnsl-2.19.so
7f416856d000-7f416856e000 rw-p 00015000 08:01 6425560                    /lib/x86_64-linux-gnu/libnsl-2.19.so
7f416856e000-7f4168570000 rw-p 00000000 00:00 0 
7f4168570000-7f4168577000 r-xp 00000000 08:01 6425561                    /lib/x86_64-linux-gnu/libnss_compat-2.19.so
7f4168577000-7f4168776000 ---p 00007000 08:01 6425561                    /lib/x86_64-linux-gnu/libnss_compat-2.19.so
7f4168776000-7f4168777000 r--p 00006000 08:01 6425561                    /lib/x86_64-linux-gnu/libnss_compat-2.19.so
7f4168777000-7f4168778000 rw-p 00007000 08:01 6425561                    /lib/x86_64-linux-gnu/libnss_compat-2.19.so
7f4168778000-7f41687a5000 r-xp 00000000 08:01 2101951                    /usr/lib/jvm/java-7-openjdk-amd64/jre/lib/amd64/libjava.so
7f41687a5000-7f41689a4000 ---p 0002d000 08:01 2101951                    /usr/lib/jvm/java-7-openjdk-amd64/jre/lib/amd64/libjava.so
7f41689a4000-7f41689a5000 r--p 0002c000 08:01 2101951                    /usr/lib/jvm/java-7-openjdk-amd64/jre/lib/amd64/libjava.so
7f41689a5000-7f41689a7000 rw-p 0002d000 08:01 2101951                    /usr/lib/jvm/java-7-openjdk-amd64/jre/lib/amd64/libjava.so
7f41689a8000-7f41689b7000 r-xp 00000000 08:01 2101914                    /usr/lib/jvm/java-7-openjdk-amd64/jre/lib/amd64/libverify.so
7f41689b7000-7f4168bb6000 ---p 0000f000 08:01 2101914                    /usr/lib/jvm/java-7-openjdk-amd64/jre/lib/amd64/libverify.so
7f4168bb6000-7f4168bb9000 r--p 0000e000 08:01 2101914                    /usr/lib/jvm/java-7-openjdk-amd64/jre/lib/amd64/libverify.so
7f4168bb9000-7f4168bba000 rw-p 00011000 08:01 2101914                    /usr/lib/jvm/java-7-openjdk-amd64/jre/lib/amd64/libverify.so
7f4168bc0000-7f4168bc7000 r-xp 00000000 08:01 6425569                    /lib/x86_64-linux-gnu/librt-2.19.so
7f4168bc7000-7f4168dc6000 ---p 00007000 08:01 6425569                    /lib/x86_64-linux-gnu/librt-2.19.so
7f4168dc6000-7f4168dc7000 r--p 00006000 08:01 6425569                    /lib/x86_64-linux-gnu/librt-2.19.so
7f4168dc7000-7f4168dc8000 rw-p 00007000 08:01 6425569                    /lib/x86_64-linux-gnu/librt-2.19.so
7f4168dc8000-7f4168dde000 r-xp 00000000 08:01 6422532                    /lib/x86_64-linux-gnu/libgcc_s.so.1
7f4168dde000-7f4168fdd000 ---p 00016000 08:01 6422532                    /lib/x86_64-linux-gnu/libgcc_s.so.1
7f4168fdd000-7f4168fde000 rw-p 00015000 08:01 6422532                    /lib/x86_64-linux-gnu/libgcc_s.so.1
7f4168fe0000-7f41690e0000 r-xp 00000000 08:01 6425558                    /lib/x86_64-linux-gnu/libm-2.19.so
7f41690e0000-7f41692df000 ---p 00100000 08:01 6425558                    /lib/x86_64-linux-gnu/libm-2.19.so
7f41692df000-7f41692e0000 r--p 000ff000 08:01 6425558                    /lib/x86_64-linux-gnu/libm-2.19.so
7f41692e0000-7f41692e1000 rw-p 00100000 08:01 6425558                    /lib/x86_64-linux-gnu/libm-2.19.so
7f41692e8000-7f41693d4000 r-xp 00000000 08:01 1315446                    /usr/lib/x86_64-linux-gnu/libstdc++.so.6.0.20
7f41693d4000-7f41695d4000 ---p 000ec000 08:01 1315446                    /usr/lib/x86_64-linux-gnu/libstdc++.so.6.0.20
7f41695d4000-7f41695dc000 r--p 000ec000 08:01 1315446                    /usr/lib/x86_64-linux-gnu/libstdc++.so.6.0.20
7f41695dc000-7f41695de000 rw-p 000f4000 08:01 1315446                    /usr/lib/x86_64-linux-gnu/libstdc++.so.6.0.20
7f41695de000-7f41695f3000 rw-p 00000000 00:00 0 
7f41695f8000-7f416a14e000 r-xp 00000000 08:01 2101927                    /usr/lib/jvm/java-7-openjdk-amd64/jre/lib/amd64/server/libjvm.so
7f416a14e000-7f416a34e000 ---p 00b56000 08:01 2101927                    /usr/lib/jvm/java-7-openjdk-amd64/jre/lib/amd64/server/libjvm.so
7f416a34e000-7f416a3ed000 r--p 00b56000 08:01 2101927                    /usr/lib/jvm/java-7-openjdk-amd64/jre/lib/amd64/server/libjvm.so
7f416a3ed000-7f416a410000 rw-p 00bf5000 08:01 2101927                    /usr/lib/jvm/java-7-openjdk-amd64/jre/lib/amd64/server/libjvm.so
7f416a410000-7f416a43d000 rw-p 00000000 00:00 0 
7f416a440000-7f416a45a000 r-xp 00000000 08:01 6422628                    /lib/x86_64-linux-gnu/libz.so.1.2.8
7f416a45a000-7f416a659000 ---p 0001a000 08:01 6422628                    /lib/x86_64-linux-gnu/libz.so.1.2.8
7f416a659000-7f416a65a000 r--p 00019000 08:01 6422628                    /lib/x86_64-linux-gnu/libz.so.1.2.8
7f416a65a000-7f416a65b000 rw-p 0001a000 08:01 6422628                    /lib/x86_64-linux-gnu/libz.so.1.2.8
7f416a660000-7f416a7ff000 r-xp 00000000 08:01 6425554                    /lib/x86_64-linux-gnu/libc-2.19.so
7f416a7ff000-7f416a9ff000 ---p 0019f000 08:01 6425554                    /lib/x86_64-linux-gnu/libc-2.19.so
7f416a9ff000-7f416aa03000 r--p 0019f000 08:01 6425554                    /lib/x86_64-linux-gnu/libc-2.19.so
7f416aa03000-7f416aa05000 rw-p 001a3000 08:01 6425554                    /lib/x86_64-linux-gnu/libc-2.19.so
7f416aa05000-7f416aa09000 rw-p 00000000 00:00 0 
7f416aa10000-7f416aa13000 r-xp 00000000 08:01 6425557                    /lib/x86_64-linux-gnu/libdl-2.19.so
7f416aa13000-7f416ac12000 ---p 00003000 08:01 6425557                    /lib/x86_64-linux-gnu/libdl-2.19.so
7f416ac12000-7f416ac13000 r--p 00002000 08:01 6425557                    /lib/x86_64-linux-gnu/libdl-2.19.so
7f416ac13000-7f416ac14000 rw-p 00003000 08:01 6425557                    /lib/x86_64-linux-gnu/libdl-2.19.so
7f416ac18000-7f416ac25000 r-xp 00000000 08:01 2101917                    /usr/lib/jvm/java-7-openjdk-amd64/jre/lib/amd64/jli/libjli.so
7f416ac25000-7f416ae24000 ---p 0000d000 08:01 2101917                    /usr/lib/jvm/java-7-openjdk-amd64/jre/lib/amd64/jli/libjli.so
7f416ae24000-7f416ae25000 r--p 0000c000 08:01 2101917                    /usr/lib/jvm/java-7-openjdk-amd64/jre/lib/amd64/jli/libjli.so
7f416ae25000-7f416ae26000 rw-p 0000d000 08:01 2101917                    /usr/lib/jvm/java-7-openjdk-amd64/jre/lib/amd64/jli/libjli.so
7f416ae28000-7f416ae40000 r-xp 00000000 08:01 6425550                    /lib/x86_64-linux-gnu/libpthread-2.19.so
7f416ae40000-7f416b03f000 ---p 00018000 08:01 6425550                    /lib/x86_64-linux-gnu/libpthread-2.19.so
7f416b03f000-7f416b040000 r--p 00017000 08:01 6425550                    /lib/x86_64-linux-gnu/libpthread-2.19.so
7f416b040000-7f416b041000 rw-p 00018000 08:01 6425550                    /lib/x86_64-linux-gnu/libpthread-2.19.so
7f416b041000-7f416b045000 rw-p 00000000 00:00 0 
7f416b048000-7f416b068000 r-xp 00000000 08:01 6425551                    /lib/x86_64-linux-gnu/ld-2.19.so
7f416b06f000-7f416b072000 r--s 0000f000 08:01 2101910                    /usr/lib/jvm/java-7-openjdk-amd64/jre/lib/ext/icedtea-sound.jar
7f416b074000-7f416b078000 r--s 00034000 08:01 2101912                    /usr/lib/jvm/java-7-openjdk-amd64/jre/lib/ext/sunjce_provider.jar
7f416b07b000-7f416b085000 rw-p 00000000 00:00 0 
7f416b085000-7f416b13b000 rw-p 00000000 00:00 0 
7f416b13b000-7f416b13e000 ---p 00000000 00:00 0 
7f416b13e000-7f416b240000 rw-p 00000000 00:00 0                          [stack:14917]
7f416b246000-7f416b248000 r--s 00006000 08:01 1841746                    /usr/share/java/java-atk-wrapper.jar
7f416b24a000-7f416b24c000 r--s 00012000 08:01 2101907                    /usr/lib/jvm/java-7-openjdk-amd64/jre/lib/ext/zipfs.jar
7f416b24d000-7f416b251000 r--s 00085000 08:01 2101908                    /usr/lib/jvm/java-7-openjdk-amd64/jre/lib/ext/localedata.jar
7f416b252000-7f416b253000 r--s 00002000 08:01 2101909                    /usr/lib/jvm/java-7-openjdk-amd64/jre/lib/ext/dnsns.jar
7f416b254000-7f416b258000 r--s 0003c000 08:01 2101911                    /usr/lib/jvm/java-7-openjdk-amd64/jre/lib/ext/sunpkcs11.jar
7f416b258000-7f416b260000 rw-s 00000000 08:12 3145731                    /tmp/hsperfdata_mart/14914
7f416b263000-7f416b266000 rw-p 00000000 00:00 0 
7f416b266000-7f416b267000 r--p 00000000 00:00 0 
7f416b267000-7f416b268000 rw-p 00000000 00:00 0 
7f416b268000-7f416b269000 r--p 00020000 08:01 6425551                    /lib/x86_64-linux-gnu/ld-2.19.so
7f416b269000-7f416b26a000 rw-p 00021000 08:01 6425551                    /lib/x86_64-linux-gnu/ld-2.19.so
7f416b26a000-7f416b26d000 rw-p 00000000 00:00 0 
7ffc31c8b000-7ffc31cac000 rw-p 00000000 00:00 0                          [stack]
7ffc31d10000-7ffc31d12000 r-xp 00000000 00:00 0                          [vdso]
7ffc31d12000-7ffc31d14000 r--p 00000000 00:00 0                          [vvar]
ffffffffff600000-ffffffffff601000 r-xp 00000000 00:00 0                  [vsyscall]

VM Arguments:
jvm_args: -Djava.library.path=libs/ -Didea.launcher.port=7541 -Didea.launcher.bin.path=/opt/intellij-idea/bin -Dfile.encoding=UTF-8 
java_command: com.intellij.rt.execution.application.AppMain engine.GameLoop
Launcher Type: SUN_STANDARD

Environment Variables:
PATH=/usr/local/bin:/usr/bin:/bin:/usr/local/games:/usr/games
USERNAME=mart
LD_LIBRARY_PATH=/opt/intellij-idea/bin:
SHELL=/bin/bash
DISPLAY=:0

Signal Handlers:
SIGSEGV: [libjvm.so+0x988620], sa_mask[0]=0x7ffbfeff, sa_flags=0x10000004
SIGBUS: [libjvm.so+0x988620], sa_mask[0]=0x7ffbfeff, sa_flags=0x10000004
SIGFPE: [libjvm.so+0x7f5420], sa_mask[0]=0x7ffbfeff, sa_flags=0x10000004
SIGPIPE: [libjvm.so+0x7f5420], sa_mask[0]=0x7ffbfeff, sa_flags=0x10000004
SIGXFSZ: [libjvm.so+0x7f5420], sa_mask[0]=0x7ffbfeff, sa_flags=0x10000004
SIGILL: [libjvm.so+0x7f5420], sa_mask[0]=0x7ffbfeff, sa_flags=0x10000004
SIGUSR1: SIG_DFL, sa_mask[0]=0x00000000, sa_flags=0x00000000
SIGUSR2: [libjvm.so+0x7f52a0], sa_mask[0]=0x00000004, sa_flags=0x10000004
SIGHUP: [libjvm.so+0x7f54a0], sa_mask[0]=0x7ffbfeff, sa_flags=0x10000004
SIGINT: [libjvm.so+0x7f54a0], sa_mask[0]=0x7ffbfeff, sa_flags=0x10000004
SIGTERM: [libjvm.so+0x7f54a0], sa_mask[0]=0x7ffbfeff, sa_flags=0x10000004
SIGQUIT: [libjvm.so+0x7f54a0], sa_mask[0]=0x7ffbfeff, sa_flags=0x10000004
SIGTRAP: SIG_DFL, sa_mask[0]=0x00000000, sa_flags=0x00000000


---------------  S Y S T E M  ---------------

OS:8.2

uname:Linux 3.16.0-4-amd64 #1 SMP Debian 3.16.7-ckt11-1+deb8u5 (2015-10-09) x86_64
libc:glibc 2.19 NPTL 2.19 
rlimit: STACK 8192k, CORE 0k, NPROC 63809, NOFILE 65536, AS infinity
load average:0.51 0.42 0.56

/proc/meminfo:
MemTotal:       16352924 kB
MemFree:         9071504 kB
MemAvailable:   12634504 kB
Buffers:          357456 kB
Cached:          3104240 kB
SwapCached:            0 kB
Active:          5436056 kB
Inactive:        1274036 kB
Active(anon):    3251992 kB
Inactive(anon):    23256 kB
Active(file):    2184064 kB
Inactive(file):  1250780 kB
Unevictable:          32 kB
Mlocked:              32 kB
SwapTotal:             0 kB
SwapFree:              0 kB
Dirty:              3988 kB
Writeback:             0 kB
AnonPages:       3248644 kB
Mapped:           420368 kB
Shmem:             26864 kB
Slab:             428716 kB
SReclaimable:     381572 kB
SUnreclaim:        47144 kB
KernelStack:       11024 kB
PageTables:        32920 kB
NFS_Unstable:          0 kB
Bounce:                0 kB
WritebackTmp:          0 kB
CommitLimit:     8176460 kB
Committed_AS:    8287108 kB
VmallocTotal:   34359738367 kB
VmallocUsed:      330552 kB
VmallocChunk:   34359391740 kB
HardwareCorrupted:     0 kB
AnonHugePages:         0 kB
HugePages_Total:       0
HugePages_Free:        0
HugePages_Rsvd:        0
HugePages_Surp:        0
Hugepagesize:       2048 kB
DirectMap4k:      213428 kB
DirectMap2M:    13365248 kB
DirectMap1G:     3145728 kB


CPU:total 8 (8 cores per cpu, 1 threads per core) family 21 model 2 stepping 0, cmov, cx8, fxsr, mmx, sse, sse2, sse3, ssse3, sse4.1, sse4.2, popcnt, avx, aes, mmxext, 3dnowpref, lzcnt, sse4a, tsc, tscinvbit, tscinv

/proc/cpuinfo:
processor	: 0
vendor_id	: AuthenticAMD
cpu family	: 21
model		: 2
model name	: AMD FX(tm)-8320 Eight-Core Processor
stepping	: 0
microcode	: 0x6000822
cpu MHz		: 3500.000
cache size	: 2048 KB
physical id	: 0
siblings	: 8
core id		: 0
cpu cores	: 4
apicid		: 16
initial apicid	: 0
fpu		: yes
fpu_exception	: yes
cpuid level	: 13
wp		: yes
flags		: fpu vme de pse tsc msr pae mce cx8 apic sep mtrr pge mca cmov pat pse36 clflush mmx fxsr sse sse2 ht syscall nx mmxext fxsr_opt pdpe1gb rdtscp lm constant_tsc rep_good nopl nonstop_tsc extd_apicid aperfmperf pni pclmulqdq monitor ssse3 fma cx16 sse4_1 sse4_2 popcnt aes xsave avx f16c lahf_lm cmp_legacy svm extapic cr8_legacy abm sse4a misalignsse 3dnowprefetch osvw ibs xop skinit wdt lwp fma4 tce nodeid_msr tbm topoext perfctr_core perfctr_nb arat cpb hw_pstate npt lbrv svm_lock nrip_save tsc_scale vmcb_clean flushbyasid decodeassists pausefilter pfthreshold vmmcall bmi1
bogomips	: 7000.16
TLB size	: 1536 4K pages
clflush size	: 64
cache_alignment	: 64
address sizes	: 48 bits physical, 48 bits virtual
power management: ts ttp tm 100mhzsteps hwpstate cpb eff_freq_ro

processor	: 1
vendor_id	: AuthenticAMD
cpu family	: 21
model		: 2
model name	: AMD FX(tm)-8320 Eight-Core Processor           
stepping	: 0
microcode	: 0x6000822
cpu MHz		: 1400.000
cache size	: 2048 KB
physical id	: 0
siblings	: 8
core id		: 1
cpu cores	: 4
apicid		: 17
initial apicid	: 1
fpu		: yes
fpu_exception	: yes
cpuid level	: 13
wp		: yes
flags		: fpu vme de pse tsc msr pae mce cx8 apic sep mtrr pge mca cmov pat pse36 clflush mmx fxsr sse sse2 ht syscall nx mmxext fxsr_opt pdpe1gb rdtscp lm constant_tsc rep_good nopl nonstop_tsc extd_apicid aperfmperf pni pclmulqdq monitor ssse3 fma cx16 sse4_1 sse4_2 popcnt aes xsave avx f16c lahf_lm cmp_legacy svm extapic cr8_legacy abm sse4a misalignsse 3dnowprefetch osvw ibs xop skinit wdt lwp fma4 tce nodeid_msr tbm topoext perfctr_core perfctr_nb arat cpb hw_pstate npt lbrv svm_lock nrip_save tsc_scale vmcb_clean flushbyasid decodeassists pausefilter pfthreshold vmmcall bmi1
bogomips	: 7000.16
TLB size	: 1536 4K pages
clflush size	: 64
cache_alignment	: 64
address sizes	: 48 bits physical, 48 bits virtual
power management: ts ttp tm 100mhzsteps hwpstate cpb eff_freq_ro

processor	: 2
vendor_id	: AuthenticAMD
cpu family	: 21
model		: 2
model name	: AMD FX(tm)-8320 Eight-Core Processor           
stepping	: 0
microcode	: 0x6000822
cpu MHz		: 3500.000
cache size	: 2048 KB
physical id	: 0
siblings	: 8
core id		: 2
cpu cores	: 4
apicid		: 18
initial apicid	: 2
fpu		: yes
fpu_exception	: yes
cpuid level	: 13
wp		: yes
flags		: fpu vme de pse tsc msr pae mce cx8 apic sep mtrr pge mca cmov pat pse36 clflush mmx fxsr sse sse2 ht syscall nx mmxext fxsr_opt pdpe1gb rdtscp lm constant_tsc rep_good nopl nonstop_tsc extd_apicid aperfmperf pni pclmulqdq monitor ssse3 fma cx16 sse4_1 sse4_2 popcnt aes xsave avx f16c lahf_lm cmp_legacy svm extapic cr8_legacy abm sse4a misalignsse 3dnowprefetch osvw ibs xop skinit wdt lwp fma4 tce nodeid_msr tbm topoext perfctr_core perfctr_nb arat cpb hw_pstate npt lbrv svm_lock nrip_save tsc_scale vmcb_clean flushbyasid decodeassists pausefilter pfthreshold vmmcall bmi1
bogomips	: 7000.16
TLB size	: 1536 4K pages
clflush size	: 64
cache_alignment	: 64
address sizes	: 48 bits physical, 48 bits virtual
power management: ts ttp tm 100mhzsteps hwpstate cpb eff_freq_ro

processor	: 3
vendor_id	: AuthenticAMD
cpu family	: 21
model		: 2
model name	: AMD FX(tm)-8320 Eight-Core Processor           
stepping	: 0
microcode	: 0x6000822
cpu MHz		: 3500.000
cache size	: 2048 KB
physical id	: 0
siblings	: 8
core id		: 3
cpu cores	: 4
apicid		: 19
initial apicid	: 3
fpu		: yes
fpu_exception	: yes
cpuid level	: 13
wp		: yes
flags		: fpu vme de pse tsc msr pae mce cx8 apic sep mtrr pge mca cmov pat pse36 clflush mmx fxsr sse sse2 ht syscall nx mmxext fxsr_opt pdpe1gb rdtscp lm constant_tsc rep_good nopl nonstop_tsc extd_apicid aperfmperf pni pclmulqdq monitor ssse3 fma cx16 sse4_1 sse4_2 popcnt aes xsave avx f16c lahf_lm cmp_legacy svm extapic cr8_legacy abm sse4a misalignsse 3dnowprefetch osvw ibs xop skinit wdt lwp fma4 tce nodeid_msr tbm topoext perfctr_core perfctr_nb arat cpb hw_pstate npt lbrv svm_lock nrip_save tsc_scale vmcb_clean flushbyasid decodeassists pausefilter pfthreshold vmmcall bmi1
bogomips	: 7000.16
TLB size	: 1536 4K pages
clflush size	: 64
cache_alignment	: 64
address sizes	: 48 bits physical, 48 bits virtual
power management: ts ttp tm 100mhzsteps hwpstate cpb eff_freq_ro

processor	: 4
vendor_id	: AuthenticAMD
cpu family	: 21
model		: 2
model name	: AMD FX(tm)-8320 Eight-Core Processor           
stepping	: 0
microcode	: 0x6000822
cpu MHz		: 1400.000
cache size	: 2048 KB
physical id	: 0
siblings	: 8
core id		: 4
cpu cores	: 4
apicid		: 20
initial apicid	: 4
fpu		: yes
fpu_exception	: yes
cpuid level	: 13
wp		: yes
flags		: fpu vme de pse tsc msr pae mce cx8 apic sep mtrr pge mca cmov pat pse36 clflush mmx fxsr sse sse2 ht syscall nx mmxext fxsr_opt pdpe1gb rdtscp lm constant_tsc rep_good nopl nonstop_tsc extd_apicid aperfmperf pni pclmulqdq monitor ssse3 fma cx16 sse4_1 sse4_2 popcnt aes xsave avx f16c lahf_lm cmp_legacy svm extapic cr8_legacy abm sse4a misalignsse 3dnowprefetch osvw ibs xop skinit wdt lwp fma4 tce nodeid_msr tbm topoext perfctr_core perfctr_nb arat cpb hw_pstate npt lbrv svm_lock nrip_save tsc_scale vmcb_clean flushbyasid decodeassists pausefilter pfthreshold vmmcall bmi1
bogomips	: 7000.16
TLB size	: 1536 4K pages
clflush size	: 64
cache_alignment	: 64
address sizes	: 48 bits physical, 48 bits virtual
power management: ts ttp tm 100mhzsteps hwpstate cpb eff_freq_ro

processor	: 5
vendor_id	: AuthenticAMD
cpu family	: 21
model		: 2
model name	: AMD FX(tm)-8320 Eight-Core Processor           
stepping	: 0
microcode	: 0x6000822
cpu MHz		: 1400.000
cache size	: 2048 KB
physical id	: 0
siblings	: 8
core id		: 5
cpu cores	: 4
apicid		: 21
initial apicid	: 5
fpu		: yes
fpu_exception	: yes
cpuid level	: 13
wp		: yes
flags		: fpu vme de pse tsc msr pae mce cx8 apic sep mtrr pge mca cmov pat pse36 clflush mmx fxsr sse sse2 ht syscall nx mmxext fxsr_opt pdpe1gb rdtscp lm constant_tsc rep_good nopl nonstop_tsc extd_apicid aperfmperf pni pclmulqdq monitor ssse3 fma cx16 sse4_1 sse4_2 popcnt aes xsave avx f16c lahf_lm cmp_legacy svm extapic cr8_legacy abm sse4a misalignsse 3dnowprefetch osvw ibs xop skinit wdt lwp fma4 tce nodeid_msr tbm topoext perfctr_core perfctr_nb arat cpb hw_pstate npt lbrv svm_lock nrip_save tsc_scale vmcb_clean flushbyasid decodeassists pausefilter pfthreshold vmmcall bmi1
bogomips	: 7000.16
TLB size	: 1536 4K pages
clflush size	: 64
cache_alignment	: 64
address sizes	: 48 bits physical, 48 bits virtual
power management: ts ttp tm 100mhzsteps hwpstate cpb eff_freq_ro

processor	: 6
vendor_id	: AuthenticAMD
cpu family	: 21
model		: 2
model name	: AMD FX(tm)-8320 Eight-Core Processor           
stepping	: 0
microcode	: 0x6000822
cpu MHz		: 3500.000
cache size	: 2048 KB
physical id	: 0
siblings	: 8
core id		: 6
cpu cores	: 4
apicid		: 22
initial apicid	: 6
fpu		: yes
fpu_exception	: yes
cpuid level	: 13
wp		: yes
flags		: fpu vme de pse tsc msr pae mce cx8 apic sep mtrr pge mca cmov pat pse36 clflush mmx fxsr sse sse2 ht syscall nx mmxext fxsr_opt pdpe1gb rdtscp lm constant_tsc rep_good nopl nonstop_tsc extd_apicid aperfmperf pni pclmulqdq monitor ssse3 fma cx16 sse4_1 sse4_2 popcnt aes xsave avx f16c lahf_lm cmp_legacy svm extapic cr8_legacy abm sse4a misalignsse 3dnowprefetch osvw ibs xop skinit wdt lwp fma4 tce nodeid_msr tbm topoext perfctr_core perfctr_nb arat cpb hw_pstate npt lbrv svm_lock nrip_save tsc_scale vmcb_clean flushbyasid decodeassists pausefilter pfthreshold vmmcall bmi1
bogomips	: 7000.16
TLB size	: 1536 4K pages
clflush size	: 64
cache_alignment	: 64
address sizes	: 48 bits physical, 48 bits virtual
power management: ts ttp tm 100mhzsteps hwpstate cpb eff_freq_ro

processor	: 7
vendor_id	: AuthenticAMD
cpu family	: 21
model		: 2
model name	: AMD FX(tm)-8320 Eight-Core Processor           
stepping	: 0
microcode	: 0x6000822
cpu MHz		: 3500.000
cache size	: 2048 KB
physical id	: 0
siblings	: 8
core id		: 7
cpu cores	: 4
apicid		: 23
initial apicid	: 7
fpu		: yes
fpu_exception	: yes
cpuid level	: 13
wp		: yes
flags		: fpu vme de pse tsc msr pae mce cx8 apic sep mtrr pge mca cmov pat pse36 clflush mmx fxsr sse sse2 ht syscall nx mmxext fxsr_opt pdpe1gb rdtscp lm constant_tsc rep_good nopl nonstop_tsc extd_apicid aperfmperf pni pclmulqdq monitor ssse3 fma cx16 sse4_1 sse4_2 popcnt aes xsave avx f16c lahf_lm cmp_legacy svm extapic cr8_legacy abm sse4a misalignsse 3dnowprefetch osvw ibs xop skinit wdt lwp fma4 tce nodeid_msr tbm topoext perfctr_core perfctr_nb arat cpb hw_pstate npt lbrv svm_lock nrip_save tsc_scale vmcb_clean flushbyasid decodeassists pausefilter pfthreshold vmmcall bmi1
bogomips	: 7000.16
TLB size	: 1536 4K pages
clflush size	: 64
cache_alignment	: 64
address sizes	: 48 bits physical, 48 bits virtual
power management: ts ttp tm 100mhzsteps hwpstate cpb eff_freq_ro



Memory: 4k page, physical 16352924k(9071504k free), swap 0k(0k free)

vm_info: OpenJDK 64-Bit Server VM (24.85-b03) for linux-amd64 JRE (1.7.0_85-b01), built on Oct 31 2015 21:30:47 by "jmm" with gcc 4.9.2

time: Tue Jan 10 23:02:59 2017
elapsed time: 0 seconds

