#
# A fatal error has been detected by the Java Runtime Environment:
#
#  SIGSEGV (0xb) at pc=0x0000000041a71ee3, pid=15597, tid=140476655404800
#
# JRE version: OpenJDK Runtime Environment (7.0_85-b01) (build 1.7.0_85-b01)
# Java VM: OpenJDK 64-Bit Server VM (24.85-b03 mixed mode linux-amd64 compressed oops)
# Derivative: IcedTea 2.6.1
# Distribution: Debian GNU/Linux 8.2 (jessie), package 7u85-2.6.1-6+deb8u1
# Problematic frame:
# C  0x0000000041a71ee3
#
# Failed to write core dump. Core dumps have been disabled. To enable core dumping, try "ulimit -c unlimited" before starting Java again
#
# If you would like to submit a bug report, please include
# instructions on how to reproduce the bug and visit:
#   http://icedtea.classpath.org/bugzilla
# The crash happened outside the Java Virtual Machine in native code.
# See problematic frame for where to report the bug.
#

---------------  T H R E A D  ---------------

Current thread (0x00007fc33c00a800):  JavaThread "main" [_thread_in_native, id=15607, stack(0x00007fc345150000,0x00007fc345251000)]

siginfo:si_signo=SIGSEGV: si_errno=0, si_code=1 (SEGV_MAPERR), si_addr=0x0000000000000000

Registers:
RAX=0x00007fc2d7bb3534, RBX=0x0000000040011000, RCX=0x0000000000000000, RDX=0x0000000000000066
RSP=0x00007fc34524efb8, RBP=0x000000003f0b0000, RSI=0x0000000000000000, RDI=0x0000000000000000
R8 =0x00007fc33c9a04f0, R9 =0x0000000120980000, R10=0x247c8b489f75caff, R11=0x0000000000000000
R12=0x0000000000000000, R13=0x0000000000000066, R14=0x0000000000000000, R15=0x00007fc33c57e070
RIP=0x0000000041a71ee3, EFLAGS=0x0000000000010246, CSGSFS=0x0000000000000033, ERR=0x0000000000000004
  TRAPNO=0x000000000000000e

Top of Stack: (sp=0x00007fc34524efb8)
0x00007fc34524efb8:   00007fc2e1bd1fc4 0000000400000000
0x00007fc34524efc8:   00007fc33ca1bcf8 00007fc33c00a800
0x00007fc34524efd8:   00007fc2e1bd296e 00007fc2d7bb3534
0x00007fc34524efe8:   0000000040011000 0000000040055100
0x00007fc34524eff8:   0000000000000004 0000000000000000
0x00007fc34524f008:   00007fc34524f120 00007fc33c00a800
0x00007fc34524f018:   00007fc2e17e0798 00007fc34524f100
0x00007fc34524f028:   00000066bfad1c00 00000006fc66d810
0x00007fc34524f038:   0000000000000000 00000006fc66d810
0x00007fc34524f048:   00000006fc66d810 00007fc34524f0e0
0x00007fc34524f058:   0000000000000000 00000006fc66d810
0x00007fc34524f068:   00007fc339012758 00007fc33c00b738
0x00007fc34524f078:   00007fc33c00b738 00007fc33c00b718
0x00007fc34524f088:   00007fc33c00b718 00007fc3fffffffe
0x00007fc34524f098:   0000000000000000 00007fc34524f0a0
0x00007fc34524f0a8:   00000006fc66d810 00007fc34524f120
0x00007fc34524f0b8:   00000006fc689a80 0000000000000000
0x00007fc34524f0c8:   00000006fc66d810 0000000000000000
0x00007fc34524f0d8:   00007fc34524f100 00007fc34524f168
0x00007fc34524f0e8:   00007fc339006058 00000007ad55c088
0x00007fc34524f0f8:   00007fc33900ecd8 00007fc2e30ee780
0x00007fc34524f108:   00007fc34524f168 0000000000000066
0x00007fc34524f118:   0000000000000000 0000000000000004
0x00007fc34524f128:   00007fc34524f128 00000006fc66d704
0x00007fc34524f138:   00007fc34524f1a0 00000006fc689a80
0x00007fc34524f148:   0000000000000000 00000006fc66d750
0x00007fc34524f158:   00007fc34524f100 00007fc34524f190
0x00007fc34524f168:   00007fc34524f1e8 00007fc339006058
0x00007fc34524f178:   00007fc2e30ee780 0000000000000000
0x00007fc34524f188:   00000007ad509f08 0000000000000066
0x00007fc34524f198:   0000000000000000 0000000000000004
0x00007fc34524f1a8:   00007fc34524f1a8 00000006fc6cdc7b 

Instructions: (pc=0x0000000041a71ee3)
0x0000000041a71ec3:   68 04 48 be 78 1d 06 40 00 00 00 00 48 8b 36 48
0x0000000041a71ed3:   8b b6 38 03 00 00 48 8b f9 48 c1 e7 04 48 03 f7
0x0000000041a71ee3:   8b 3e 8b 6e 04 89 78 08 89 68 0c 8b 7e 08 8b 6e
0x0000000041a71ef3:   0c 89 78 10 89 68 14 48 83 c0 18 ff c1 ff ca 75 

Register to memory mapping:

RAX=0x00007fc2d7bb3534 is an unknown value
RBX=0x0000000040011000 is an unknown value
RCX=0x0000000000000000 is an unknown value
RDX=0x0000000000000066 is an unknown value
RSP=0x00007fc34524efb8 is pointing into the stack for thread: 0x00007fc33c00a800
RBP=0x000000003f0b0000 is an unknown value
RSI=0x0000000000000000 is an unknown value
RDI=0x0000000000000000 is an unknown value
R8 =0x00007fc33c9a04f0 is an unknown value
R9 =0x0000000120980000 is an unknown value
R10=0x247c8b489f75caff is an unknown value
R11=0x0000000000000000 is an unknown value
R12=0x0000000000000000 is an unknown value
R13=0x0000000000000066 is an unknown value
R14=0x0000000000000000 is an unknown value
R15=0x00007fc33c57e070 is an unknown value


Stack: [0x00007fc345150000,0x00007fc345251000],  sp=0x00007fc34524efb8,  free space=1019k
Native frames: (J=compiled Java code, j=interpreted, Vv=VM code, C=native code)
C  0x0000000041a71ee3

[error occurred during error reporting (printing native stack), id 0xb]

Java frames: (J=compiled Java code, j=interpreted, Vv=VM code)
j  org.lwjgl.opengl.GL11.nglDrawArrays(IIIJ)V+0
j  org.lwjgl.opengl.GL11.glDrawArrays(III)V+20
j  fontRendering.FontRenderer.renderText(LfontMeshCreator/GUIText;)V+43
j  fontRendering.FontRenderer.render(Ljava/util/Map;)V+92
j  fontRendering.TextMaster.render()V+6
j  engine.GameLoop.main([Ljava/lang/String;)V+140
v  ~StubRoutines::call_stub
j  sun.reflect.NativeMethodAccessorImpl.invoke0(Ljava/lang/reflect/Method;Ljava/lang/Object;[Ljava/lang/Object;)Ljava/lang/Object;+0
j  sun.reflect.NativeMethodAccessorImpl.invoke(Ljava/lang/Object;[Ljava/lang/Object;)Ljava/lang/Object;+87
j  sun.reflect.DelegatingMethodAccessorImpl.invoke(Ljava/lang/Object;[Ljava/lang/Object;)Ljava/lang/Object;+6
j  java.lang.reflect.Method.invoke(Ljava/lang/Object;[Ljava/lang/Object;)Ljava/lang/Object;+57
j  com.intellij.rt.execution.application.AppMain.main([Ljava/lang/String;)V+170
v  ~StubRoutines::call_stub

---------------  P R O C E S S  ---------------

Java Threads: ( => current thread )
  0x00007fc33c25b800 JavaThread "process reaper" daemon [_thread_blocked, id=15638, stack(0x00007fc318007000,0x00007fc318040000)]
  0x00007fc33c253000 JavaThread "AWT-XAWT" daemon [_thread_in_native, id=15636, stack(0x00007fc308046000,0x00007fc308147000)]
  0x00007fc33c235800 JavaThread "Java2D Disposer" daemon [_thread_blocked, id=15635, stack(0x00007fc308147000,0x00007fc308248000)]
  0x00007fc33c18f000 JavaThread "Monitor Ctrl-Break" daemon [_thread_in_native, id=15634, stack(0x00007fc31a2a7000,0x00007fc31a3a8000)]
  0x00007fc33c0b7800 JavaThread "Service Thread" daemon [_thread_blocked, id=15632, stack(0x00007fc31a73c000,0x00007fc31a83d000)]
  0x00007fc33c0b5800 JavaThread "C2 CompilerThread1" daemon [_thread_blocked, id=15631, stack(0x00007fc31a83d000,0x00007fc31a93e000)]
  0x00007fc33c0b2800 JavaThread "C2 CompilerThread0" daemon [_thread_in_native, id=15630, stack(0x00007fc31a93e000,0x00007fc31aa3f000)]
  0x00007fc33c0b0800 JavaThread "Signal Dispatcher" daemon [_thread_blocked, id=15629, stack(0x00007fc31aa3f000,0x00007fc31ab40000)]
  0x00007fc33c085000 JavaThread "Finalizer" daemon [_thread_blocked, id=15621, stack(0x00007fc31accc000,0x00007fc31adcd000)]
  0x00007fc33c083000 JavaThread "Reference Handler" daemon [_thread_blocked, id=15620, stack(0x00007fc31adcd000,0x00007fc31aece000)]
=>0x00007fc33c00a800 JavaThread "main" [_thread_in_native, id=15607, stack(0x00007fc345150000,0x00007fc345251000)]

Other Threads:
  0x00007fc33c07f000 VMThread [stack: 0x00007fc31aece000,0x00007fc31afcf000] [id=15619]
  0x00007fc33c0c2800 WatcherThread [stack: 0x00007fc31a63b000,0x00007fc31a73c000] [id=15633]

VM state:not at safepoint (normal execution)

VM Mutex/Monitor currently owned by a thread: None

Heap
 PSYoungGen      total 75264K, used 13094K [0x00000007acc80000, 0x00000007b2000000, 0x0000000800000000)
  eden space 65024K, 20% used [0x00000007acc80000,0x00000007ad9498c8,0x00000007b0c00000)
  from space 10240K, 0% used [0x00000007b1600000,0x00000007b1600000,0x00000007b2000000)
  to   space 10240K, 0% used [0x00000007b0c00000,0x00000007b0c00000,0x00000007b1600000)
 ParOldGen       total 169984K, used 0K [0x0000000706600000, 0x0000000710c00000, 0x00000007acc80000)
  object space 169984K, 0% used [0x0000000706600000,0x0000000706600000,0x0000000710c00000)
 PSPermGen       total 21504K, used 7825K [0x00000006fc000000, 0x00000006fd500000, 0x0000000706600000)
  object space 21504K, 36% used [0x00000006fc000000,0x00000006fc7a45e8,0x00000006fd500000)

Card table byte_map: [0x00007fc3414f7000,0x00007fc341d18000] byte_map_base: 0x00007fc33dd17000

Polling page: 0x00007fc34514f000

Code Cache  [0x00007fc339000000, 0x00007fc339270000, 0x00007fc33c000000)
 total_blobs=476 nmethods=30 adapters=401 free_code_cache=48584Kb largest_free_block=49733824

Compilation events (10 events):
Event: 0.910 Thread 0x00007fc33c0b5800   27             java.lang.Math::min (11 bytes)
Event: 0.910 Thread 0x00007fc33c0b5800 nmethod 27 0x00007fc339080410 code [0x00007fc339080540, 0x00007fc339080578]
Event: 0.912 Thread 0x00007fc33c0b5800   28             java.lang.String::replace (127 bytes)
Event: 0.918 Thread 0x00007fc33c0b2800 nmethod 26 0x00007fc339086e10 code [0x00007fc339086fc0, 0x00007fc3390877a8]
Event: 0.920 Thread 0x00007fc33c0b5800 nmethod 28 0x00007fc3390865d0 code [0x00007fc339086720, 0x00007fc339086bb8]
Event: 0.987 Thread 0x00007fc33c0b2800   29   !         java.io.BufferedReader::readLine (304 bytes)
Event: 0.996 Thread 0x00007fc33c0b5800   30             sun.nio.cs.UTF_8$Decoder::decodeArrayLoop (543 bytes)
Event: 1.010 Thread 0x00007fc33c0b2800 nmethod 29 0x00007fc33908ed50 code [0x00007fc33908ef20, 0x00007fc33908fe70]
Event: 1.022 Thread 0x00007fc33c0b2800   31             java.lang.String::indexOf (166 bytes)
Event: 1.024 Thread 0x00007fc33c0b5800 nmethod 30 0x00007fc339090550 code [0x00007fc3390907c0, 0x00007fc339091358]

GC Heap History (0 events):
No events

Deoptimization events (2 events):
Event: 0.140 Thread 0x00007fc33c00a800 Uncommon trap: reason=unstable_if action=reinterpret pc=0x00007fc339067b30 method=java.lang.String.indexOf([CII[CIII)I @ 123
Event: 0.925 Thread 0x00007fc33c00a800 Uncommon trap: reason=unstable_if action=reinterpret pc=0x00007fc339073928 method=java.lang.String.indexOf([CII[CIII)I @ 3

Internal exceptions (10 events):
Event: 1.015 Thread 0x00007fc33c00a800 Threw 0x00000007ad8c6198 at /home/jmm/jdk2/openjdk-7-7u85-2.6.1/build/openjdk/hotspot/src/share/vm/prims/jvm.cpp:1322
Event: 1.015 Thread 0x00007fc33c00a800 Threw 0x00000007ad8cab18 at /home/jmm/jdk2/openjdk-7-7u85-2.6.1/build/openjdk/hotspot/src/share/vm/prims/jvm.cpp:1322
Event: 1.016 Thread 0x00007fc33c00a800 Threw 0x00000007ad8d2890 at /home/jmm/jdk2/openjdk-7-7u85-2.6.1/build/openjdk/hotspot/src/share/vm/prims/jvm.cpp:1322
Event: 1.017 Thread 0x00007fc33c00a800 Threw 0x00000007ad8d72c0 at /home/jmm/jdk2/openjdk-7-7u85-2.6.1/build/openjdk/hotspot/src/share/vm/prims/jvm.cpp:1322
Event: 1.018 Thread 0x00007fc33c00a800 Threw 0x00000007ad8dba28 at /home/jmm/jdk2/openjdk-7-7u85-2.6.1/build/openjdk/hotspot/src/share/vm/prims/jvm.cpp:1322
Event: 1.018 Thread 0x00007fc33c00a800 Threw 0x00000007ad8df2a0 at /home/jmm/jdk2/openjdk-7-7u85-2.6.1/build/openjdk/hotspot/src/share/vm/prims/jvm.cpp:1322
Event: 1.020 Thread 0x00007fc33c00a800 Threw 0x00000007ad8e6130 at /home/jmm/jdk2/openjdk-7-7u85-2.6.1/build/openjdk/hotspot/src/share/vm/prims/jvm.cpp:1322
Event: 1.021 Thread 0x00007fc33c00a800 Threw 0x00000007ad8ea170 at /home/jmm/jdk2/openjdk-7-7u85-2.6.1/build/openjdk/hotspot/src/share/vm/prims/jvm.cpp:1322
Event: 1.022 Thread 0x00007fc33c00a800 Threw 0x00000007ad8ed918 at /home/jmm/jdk2/openjdk-7-7u85-2.6.1/build/openjdk/hotspot/src/share/vm/prims/jvm.cpp:1322
Event: 1.023 Thread 0x00007fc33c00a800 Threw 0x00000007ad8f11f8 at /home/jmm/jdk2/openjdk-7-7u85-2.6.1/build/openjdk/hotspot/src/share/vm/prims/jvm.cpp:1322

Events (10 events):
Event: 1.018 loading class 0x00007fc33ca1f490
Event: 1.018 loading class 0x00007fc33ca1f490 done
Event: 1.020 loading class 0x00007fc33c98c220
Event: 1.020 loading class 0x00007fc33c98c220 done
Event: 1.021 loading class 0x00007fc33c189960
Event: 1.021 loading class 0x00007fc33c189960 done
Event: 1.022 loading class 0x00007fc33c189990
Event: 1.022 loading class 0x00007fc33c189990 done
Event: 1.023 loading class 0x00007fc33c97d370
Event: 1.023 loading class 0x00007fc33c97d370 done


Dynamic libraries:
00400000-00401000 r-xp 00000000 08:01 2101986                            /usr/lib/jvm/java-7-openjdk-amd64/jre/bin/java
00600000-00601000 r--p 00000000 08:01 2101986                            /usr/lib/jvm/java-7-openjdk-amd64/jre/bin/java
00601000-00602000 rw-p 00001000 08:01 2101986                            /usr/lib/jvm/java-7-openjdk-amd64/jre/bin/java
009b1000-009d2000 rw-p 00000000 00:00 0                                  [heap]
40011000-400b0000 rw-p 00000000 00:00 0 
41a70000-41a72000 r-xs 00000000 08:12 34                                 /tmp/.glhcblSU (deleted)
6fc000000-6fd500000 rw-p 00000000 00:00 0 
6fd500000-706600000 rw-p 00000000 00:00 0 
706600000-710c00000 rw-p 00000000 00:00 0 
710c00000-7acc80000 rw-p 00000000 00:00 0 
7acc80000-7b2000000 rw-p 00000000 00:00 0 
7b2000000-800000000 rw-p 00000000 00:00 0 
7fc2d0000000-7fc2d0021000 rw-p 00000000 00:00 0 
7fc2d0021000-7fc2d4000000 ---p 00000000 00:00 0 
7fc2d7b59000-7fc2d7d59000 rw-s 33f9a1000 00:05 17965                     /dev/nvidiactl
7fc2d7d60000-7fc2d7d71000 r-xp 00000000 08:01 2101924                    /usr/lib/jvm/java-7-openjdk-amd64/jre/lib/amd64/libnio.so
7fc2d7d71000-7fc2d7f70000 ---p 00011000 08:01 2101924                    /usr/lib/jvm/java-7-openjdk-amd64/jre/lib/amd64/libnio.so
7fc2d7f70000-7fc2d7f71000 r--p 00010000 08:01 2101924                    /usr/lib/jvm/java-7-openjdk-amd64/jre/lib/amd64/libnio.so
7fc2d7f71000-7fc2d7f72000 rw-p 00011000 08:01 2101924                    /usr/lib/jvm/java-7-openjdk-amd64/jre/lib/amd64/libnio.so
7fc2d7f79000-7fc2d7ff9000 rw-s 2fded1000 00:05 17965                     /dev/nvidiactl
7fc2d8000000-7fc2d8021000 rw-p 00000000 00:00 0 
7fc2d8021000-7fc2dc000000 ---p 00000000 00:00 0 
7fc2dc000000-7fc2dc021000 rw-p 00000000 00:00 0 
7fc2dc021000-7fc2e0000000 ---p 00000000 00:00 0 
7fc2e0009000-7fc2e0089000 rw-s 3b2739000 00:05 17965                     /dev/nvidiactl
7fc2e008b000-7fc2e010b000 rw-s 33f86b000 00:05 17965                     /dev/nvidiactl
7fc2e010b000-7fc2e020b000 rw-s 3b26fb000 00:05 17965                     /dev/nvidiactl
7fc2e020d000-7fc2e0220000 rw-s 3b27c5000 00:05 17965                     /dev/nvidiactl
7fc2e0220000-7fc2e0240000 rw-s c0260000 00:05 19540                      /dev/nvidia0
7fc2e0240000-7fc2e0280000 rw-s 33f9a8000 00:05 17965                     /dev/nvidiactl
7fc2e0281000-7fc2e02c1000 rw-s 2fdef1000 00:05 17965                     /dev/nvidiactl
7fc2e02c6000-7fc2e037a000 rw-s 42b5be000 00:05 17965                     /dev/nvidiactl
7fc2e0380000-7fc2e1d7d000 r-xp 00000000 08:01 1339821                    /usr/lib/x86_64-linux-gnu/libnvidia-glcore.so.352.55
7fc2e1d7d000-7fc2e1d9d000 rwxp 019fd000 08:01 1339821                    /usr/lib/x86_64-linux-gnu/libnvidia-glcore.so.352.55
7fc2e1d9d000-7fc2e2064000 r-xp 01a1d000 08:01 1339821                    /usr/lib/x86_64-linux-gnu/libnvidia-glcore.so.352.55
7fc2e2064000-7fc2e2263000 ---p 01ce4000 08:01 1339821                    /usr/lib/x86_64-linux-gnu/libnvidia-glcore.so.352.55
7fc2e2263000-7fc2e2dff000 rw-p 01ce3000 08:01 1339821                    /usr/lib/x86_64-linux-gnu/libnvidia-glcore.so.352.55
7fc2e2dff000-7fc2e2e13000 rw-p 00000000 00:00 0 
7fc2e2e18000-7fc2e2e1b000 r-xp 00000000 08:01 1339825                    /usr/lib/x86_64-linux-gnu/tls/libnvidia-tls.so.352.55
7fc2e2e1b000-7fc2e301a000 ---p 00003000 08:01 1339825                    /usr/lib/x86_64-linux-gnu/tls/libnvidia-tls.so.352.55
7fc2e301a000-7fc2e301b000 rw-p 00002000 08:01 1339825                    /usr/lib/x86_64-linux-gnu/tls/libnvidia-tls.so.352.55
7fc2e3020000-7fc2e30de000 r-xp 00000000 08:01 1339822                    /usr/lib/x86_64-linux-gnu/libGL.so.352.55
7fc2e30de000-7fc2e3111000 rwxp 000be000 08:01 1339822                    /usr/lib/x86_64-linux-gnu/libGL.so.352.55
7fc2e3111000-7fc2e3123000 r-xp 000f1000 08:01 1339822                    /usr/lib/x86_64-linux-gnu/libGL.so.352.55
7fc2e3123000-7fc2e3322000 ---p 00103000 08:01 1339822                    /usr/lib/x86_64-linux-gnu/libGL.so.352.55
7fc2e3322000-7fc2e334a000 rw-p 00102000 08:01 1339822                    /usr/lib/x86_64-linux-gnu/libGL.so.352.55
7fc2e334a000-7fc2e3350000 rw-p 00000000 00:00 0 
7fc2e3350000-7fc2e3355000 r-xp 00000000 08:01 1317786                    /usr/lib/x86_64-linux-gnu/libXxf86vm.so.1.0.0
7fc2e3355000-7fc2e3554000 ---p 00005000 08:01 1317786                    /usr/lib/x86_64-linux-gnu/libXxf86vm.so.1.0.0
7fc2e3554000-7fc2e3555000 r--p 00004000 08:01 1317786                    /usr/lib/x86_64-linux-gnu/libXxf86vm.so.1.0.0
7fc2e3555000-7fc2e3556000 rw-p 00005000 08:01 1317786                    /usr/lib/x86_64-linux-gnu/libXxf86vm.so.1.0.0
7fc2e3558000-7fc2e3561000 r-xp 00000000 08:01 1317776                    /usr/lib/x86_64-linux-gnu/libXrandr.so.2.2.0
7fc2e3561000-7fc2e3760000 ---p 00009000 08:01 1317776                    /usr/lib/x86_64-linux-gnu/libXrandr.so.2.2.0
7fc2e3760000-7fc2e3761000 r--p 00008000 08:01 1317776                    /usr/lib/x86_64-linux-gnu/libXrandr.so.2.2.0
7fc2e3761000-7fc2e3762000 rw-p 00009000 08:01 1317776                    /usr/lib/x86_64-linux-gnu/libXrandr.so.2.2.0
7fc2e3768000-7fc2e37d8000 r-xp 00000000 08:13 9045172                    /home/mart/IdeaProjects/Multiplayer World 2/libs/liblwjgl64.so
7fc2e37d8000-7fc2e39d8000 ---p 00070000 08:13 9045172                    /home/mart/IdeaProjects/Multiplayer World 2/libs/liblwjgl64.so
7fc2e39d8000-7fc2e39da000 r--p 00070000 08:13 9045172                    /home/mart/IdeaProjects/Multiplayer World 2/libs/liblwjgl64.so
7fc2e39da000-7fc2e39db000 rw-p 00072000 08:13 9045172                    /home/mart/IdeaProjects/Multiplayer World 2/libs/liblwjgl64.so
7fc2e39e0000-7fc2e39e1000 r-xp 00000000 08:01 2101945                    /usr/lib/jvm/java-7-openjdk-amd64/jre/lib/amd64/libjawt.so
7fc2e39e1000-7fc2e3be0000 ---p 00001000 08:01 2101945                    /usr/lib/jvm/java-7-openjdk-amd64/jre/lib/amd64/libjawt.so
7fc2e3be0000-7fc2e3be1000 r--p 00000000 08:01 2101945                    /usr/lib/jvm/java-7-openjdk-amd64/jre/lib/amd64/libjawt.so
7fc2e3be1000-7fc2e3be2000 rw-p 00001000 08:01 2101945                    /usr/lib/jvm/java-7-openjdk-amd64/jre/lib/amd64/libjawt.so
7fc2e3be8000-7fc2e3bed000 r-xp 00000000 08:01 1318319                    /usr/lib/x86_64-linux-gnu/libXfixes.so.3.1.0
7fc2e3bed000-7fc2e3dec000 ---p 00005000 08:01 1318319                    /usr/lib/x86_64-linux-gnu/libXfixes.so.3.1.0
7fc2e3dec000-7fc2e3ded000 r--p 00004000 08:01 1318319                    /usr/lib/x86_64-linux-gnu/libXfixes.so.3.1.0
7fc2e3ded000-7fc2e3dee000 rw-p 00005000 08:01 1318319                    /usr/lib/x86_64-linux-gnu/libXfixes.so.3.1.0
7fc2e3df0000-7fc2e3dfa000 r-xp 00000000 08:01 1318351                    /usr/lib/x86_64-linux-gnu/libXcursor.so.1.0.2
7fc2e3dfa000-7fc2e3ff9000 ---p 0000a000 08:01 1318351                    /usr/lib/x86_64-linux-gnu/libXcursor.so.1.0.2
7fc2e3ff9000-7fc2e3ffa000 r--p 00009000 08:01 1318351                    /usr/lib/x86_64-linux-gnu/libXcursor.so.1.0.2
7fc2e3ffa000-7fc2e3ffb000 rw-p 0000a000 08:01 1318351                    /usr/lib/x86_64-linux-gnu/libXcursor.so.1.0.2
7fc2e4000000-7fc2e4021000 rw-p 00000000 00:00 0 
7fc2e4021000-7fc2e8000000 ---p 00000000 00:00 0 
7fc2e8000000-7fc2e8021000 rw-p 00000000 00:00 0 
7fc2e8021000-7fc2ec000000 ---p 00000000 00:00 0 
7fc2ec000000-7fc2ec12e000 rw-p 00000000 00:00 0 
7fc2ec12e000-7fc2f0000000 ---p 00000000 00:00 0 
7fc2f0000000-7fc2f0021000 rw-p 00000000 00:00 0 
7fc2f0021000-7fc2f4000000 ---p 00000000 00:00 0 
7fc2f4000000-7fc2f4021000 rw-p 00000000 00:00 0 
7fc2f4021000-7fc2f8000000 ---p 00000000 00:00 0 
7fc2f8000000-7fc2f8213000 rw-p 00000000 00:00 0 
7fc2f8213000-7fc2fc000000 ---p 00000000 00:00 0 
7fc2fc000000-7fc2fc021000 rw-p 00000000 00:00 0 
7fc2fc021000-7fc300000000 ---p 00000000 00:00 0 
7fc300000000-7fc300021000 rw-p 00000000 00:00 0 
7fc300021000-7fc304000000 ---p 00000000 00:00 0 
7fc304000000-7fc304021000 rw-p 00000000 00:00 0 
7fc304021000-7fc308000000 ---p 00000000 00:00 0 
7fc308010000-7fc308012000 rw-s 00000000 08:12 34                         /tmp/.glhcblSU (deleted)
7fc308014000-7fc308015000 rw-s 3b27c4000 00:05 17965                     /dev/nvidiactl
7fc30801a000-7fc30801e000 rw-s 42d23a000 00:05 17965                     /dev/nvidiactl
7fc308024000-7fc308025000 rw-s cfd64000 00:05 19540                      /dev/nvidia0
7fc308025000-7fc308045000 rw-s 35b96d000 00:05 17965                     /dev/nvidiactl
7fc308046000-7fc308049000 ---p 00000000 00:00 0 
7fc308049000-7fc308147000 rw-p 00000000 00:00 0                          [stack:15636]
7fc308147000-7fc30814a000 ---p 00000000 00:00 0 
7fc30814a000-7fc308248000 rw-p 00000000 00:00 0                          [stack:15635]
7fc308248000-7fc30828f000 r-xp 00000000 08:01 6423007                    /lib/x86_64-linux-gnu/libdbus-1.so.3.8.13
7fc30828f000-7fc30848e000 ---p 00047000 08:01 6423007                    /lib/x86_64-linux-gnu/libdbus-1.so.3.8.13
7fc30848e000-7fc30848f000 r--p 00046000 08:01 6423007                    /lib/x86_64-linux-gnu/libdbus-1.so.3.8.13
7fc30848f000-7fc308490000 rw-p 00047000 08:01 6423007                    /lib/x86_64-linux-gnu/libdbus-1.so.3.8.13
7fc308490000-7fc308511000 r-xp 00000000 08:01 1315106                    /usr/lib/x86_64-linux-gnu/libgmp.so.10.2.0
7fc308511000-7fc308711000 ---p 00081000 08:01 1315106                    /usr/lib/x86_64-linux-gnu/libgmp.so.10.2.0
7fc308711000-7fc308712000 r--p 00081000 08:01 1315106                    /usr/lib/x86_64-linux-gnu/libgmp.so.10.2.0
7fc308712000-7fc308713000 rw-p 00082000 08:01 1315106                    /usr/lib/x86_64-linux-gnu/libgmp.so.10.2.0
7fc308718000-7fc308746000 r-xp 00000000 08:01 1315110                    /usr/lib/x86_64-linux-gnu/libhogweed.so.2.5
7fc308746000-7fc308945000 ---p 0002e000 08:01 1315110                    /usr/lib/x86_64-linux-gnu/libhogweed.so.2.5
7fc308945000-7fc308946000 r--p 0002d000 08:01 1315110                    /usr/lib/x86_64-linux-gnu/libhogweed.so.2.5
7fc308946000-7fc308947000 rw-p 0002e000 08:01 1315110                    /usr/lib/x86_64-linux-gnu/libhogweed.so.2.5
7fc308948000-7fc308978000 r-xp 00000000 08:01 1315108                    /usr/lib/x86_64-linux-gnu/libnettle.so.4.7
7fc308978000-7fc308b78000 ---p 00030000 08:01 1315108                    /usr/lib/x86_64-linux-gnu/libnettle.so.4.7
7fc308b78000-7fc308b79000 r--p 00030000 08:01 1315108                    /usr/lib/x86_64-linux-gnu/libnettle.so.4.7
7fc308b79000-7fc308b7a000 rw-p 00031000 08:01 1315108                    /usr/lib/x86_64-linux-gnu/libnettle.so.4.7
7fc308b80000-7fc308b91000 r-xp 00000000 08:01 1315458                    /usr/lib/x86_64-linux-gnu/libtasn1.so.6.3.2
7fc308b91000-7fc308d91000 ---p 00011000 08:01 1315458                    /usr/lib/x86_64-linux-gnu/libtasn1.so.6.3.2
7fc308d91000-7fc308d93000 r--p 00011000 08:01 1315458                    /usr/lib/x86_64-linux-gnu/libtasn1.so.6.3.2
7fc308d93000-7fc308d94000 rw-p 00013000 08:01 1315458                    /usr/lib/x86_64-linux-gnu/libtasn1.so.6.3.2
7fc308d98000-7fc308dd4000 r-xp 00000000 08:01 1315113                    /usr/lib/x86_64-linux-gnu/libp11-kit.so.0.0.0
7fc308dd4000-7fc308fd3000 ---p 0003c000 08:01 1315113                    /usr/lib/x86_64-linux-gnu/libp11-kit.so.0.0.0
7fc308fd3000-7fc308fdc000 r--p 0003b000 08:01 1315113                    /usr/lib/x86_64-linux-gnu/libp11-kit.so.0.0.0
7fc308fdc000-7fc308fde000 rw-p 00044000 08:01 1315113                    /usr/lib/x86_64-linux-gnu/libp11-kit.so.0.0.0
7fc308fe0000-7fc308fe3000 r-xp 00000000 08:01 6422538                    /lib/x86_64-linux-gnu/libkeyutils.so.1.5
7fc308fe3000-7fc3091e2000 ---p 00003000 08:01 6422538                    /lib/x86_64-linux-gnu/libkeyutils.so.1.5
7fc3091e2000-7fc3091e3000 r--p 00002000 08:01 6422538                    /lib/x86_64-linux-gnu/libkeyutils.so.1.5
7fc3091e3000-7fc3091e4000 rw-p 00003000 08:01 6422538                    /lib/x86_64-linux-gnu/libkeyutils.so.1.5
7fc3091e8000-7fc3091f3000 r-xp 00000000 08:01 1317160                    /usr/lib/x86_64-linux-gnu/libkrb5support.so.0.1
7fc3091f3000-7fc3093f2000 ---p 0000b000 08:01 1317160                    /usr/lib/x86_64-linux-gnu/libkrb5support.so.0.1
7fc3093f2000-7fc3093f3000 r--p 0000a000 08:01 1317160                    /usr/lib/x86_64-linux-gnu/libkrb5support.so.0.1
7fc3093f3000-7fc3093f4000 rw-p 0000b000 08:01 1317160                    /usr/lib/x86_64-linux-gnu/libkrb5support.so.0.1
7fc3093f8000-7fc3093fb000 r-xp 00000000 08:01 6422616                    /lib/x86_64-linux-gnu/libcom_err.so.2.1
7fc3093fb000-7fc3095fa000 ---p 00003000 08:01 6422616                    /lib/x86_64-linux-gnu/libcom_err.so.2.1
7fc3095fa000-7fc3095fb000 r--p 00002000 08:01 6422616                    /lib/x86_64-linux-gnu/libcom_err.so.2.1
7fc3095fb000-7fc3095fc000 rw-p 00003000 08:01 6422616                    /lib/x86_64-linux-gnu/libcom_err.so.2.1
7fc309600000-7fc30962e000 r-xp 00000000 08:01 1317162                    /usr/lib/x86_64-linux-gnu/libk5crypto.so.3.1
7fc30962e000-7fc30982d000 ---p 0002e000 08:01 1317162                    /usr/lib/x86_64-linux-gnu/libk5crypto.so.3.1
7fc30982d000-7fc30982f000 r--p 0002d000 08:01 1317162                    /usr/lib/x86_64-linux-gnu/libk5crypto.so.3.1
7fc30982f000-7fc309830000 rw-p 0002f000 08:01 1317162                    /usr/lib/x86_64-linux-gnu/libk5crypto.so.3.1
7fc309830000-7fc309831000 rw-p 00000000 00:00 0 
7fc309838000-7fc3098fc000 r-xp 00000000 08:01 1317164                    /usr/lib/x86_64-linux-gnu/libkrb5.so.3.3
7fc3098fc000-7fc309afc000 ---p 000c4000 08:01 1317164                    /usr/lib/x86_64-linux-gnu/libkrb5.so.3.3
7fc309afc000-7fc309b09000 r--p 000c4000 08:01 1317164                    /usr/lib/x86_64-linux-gnu/libkrb5.so.3.3
7fc309b09000-7fc309b0c000 rw-p 000d1000 08:01 1317164                    /usr/lib/x86_64-linux-gnu/libkrb5.so.3.3
7fc309b10000-7fc309b15000 r-xp 00000000 08:01 1317761                    /usr/lib/x86_64-linux-gnu/libXdmcp.so.6.0.0
7fc309b15000-7fc309d14000 ---p 00005000 08:01 1317761                    /usr/lib/x86_64-linux-gnu/libXdmcp.so.6.0.0
7fc309d14000-7fc309d15000 rw-p 00004000 08:01 1317761                    /usr/lib/x86_64-linux-gnu/libXdmcp.so.6.0.0
7fc309d18000-7fc309d1b000 r-xp 00000000 08:01 1317759                    /usr/lib/x86_64-linux-gnu/libXau.so.6.0.0
7fc309d1b000-7fc309f1a000 ---p 00003000 08:01 1317759                    /usr/lib/x86_64-linux-gnu/libXau.so.6.0.0
7fc309f1a000-7fc309f1b000 r--p 00002000 08:01 1317759                    /usr/lib/x86_64-linux-gnu/libXau.so.6.0.0
7fc309f1b000-7fc309f1c000 rw-p 00003000 08:01 1317759                    /usr/lib/x86_64-linux-gnu/libXau.so.6.0.0
7fc309f20000-7fc309f46000 r-xp 00000000 08:01 6423568                    /lib/x86_64-linux-gnu/libpng12.so.0.50.0
7fc309f46000-7fc30a145000 ---p 00026000 08:01 6423568                    /lib/x86_64-linux-gnu/libpng12.so.0.50.0
7fc30a145000-7fc30a146000 r--p 00025000 08:01 6423568                    /lib/x86_64-linux-gnu/libpng12.so.0.50.0
7fc30a146000-7fc30a147000 rw-p 00026000 08:01 6423568                    /lib/x86_64-linux-gnu/libpng12.so.0.50.0
7fc30a148000-7fc30a16e000 r-xp 00000000 08:01 6422533                    /lib/x86_64-linux-gnu/libexpat.so.1.6.0
7fc30a16e000-7fc30a36d000 ---p 00026000 08:01 6422533                    /lib/x86_64-linux-gnu/libexpat.so.1.6.0
7fc30a36d000-7fc30a370000 r--p 00025000 08:01 6422533                    /lib/x86_64-linux-gnu/libexpat.so.1.6.0
7fc30a370000-7fc30a371000 rw-p 00028000 08:01 6422533                    /lib/x86_64-linux-gnu/libexpat.so.1.6.0
7fc30a378000-7fc30a388000 r-xp 00000000 08:01 1317911                    /usr/lib/x86_64-linux-gnu/libavahi-client.so.3.2.9
7fc30a388000-7fc30a587000 ---p 00010000 08:01 1317911                    /usr/lib/x86_64-linux-gnu/libavahi-client.so.3.2.9
7fc30a587000-7fc30a588000 r--p 0000f000 08:01 1317911                    /usr/lib/x86_64-linux-gnu/libavahi-client.so.3.2.9
7fc30a588000-7fc30a589000 rw-p 00010000 08:01 1317911                    /usr/lib/x86_64-linux-gnu/libavahi-client.so.3.2.9
7fc30a590000-7fc30a59c000 r-xp 00000000 08:01 1317908                    /usr/lib/x86_64-linux-gnu/libavahi-common.so.3.5.3
7fc30a59c000-7fc30a79b000 ---p 0000c000 08:01 1317908                    /usr/lib/x86_64-linux-gnu/libavahi-common.so.3.5.3
7fc30a79b000-7fc30a79c000 r--p 0000b000 08:01 1317908                    /usr/lib/x86_64-linux-gnu/libavahi-common.so.3.5.3
7fc30a79c000-7fc30a79d000 rw-p 0000c000 08:01 1317908                    /usr/lib/x86_64-linux-gnu/libavahi-common.so.3.5.3
7fc30a7a0000-7fc30a8b3000 r-xp 00000000 08:01 1314044                    /usr/lib/x86_64-linux-gnu/libgnutls-deb0.so.28.41.0
7fc30a8b3000-7fc30aab3000 ---p 00113000 08:01 1314044                    /usr/lib/x86_64-linux-gnu/libgnutls-deb0.so.28.41.0
7fc30aab3000-7fc30aabc000 r--p 00113000 08:01 1314044                    /usr/lib/x86_64-linux-gnu/libgnutls-deb0.so.28.41.0
7fc30aabc000-7fc30aabe000 rw-p 0011c000 08:01 1314044                    /usr/lib/x86_64-linux-gnu/libgnutls-deb0.so.28.41.0
7fc30aabe000-7fc30aabf000 rw-p 00000000 00:00 0 
7fc30aac0000-7fc30ab06000 r-xp 00000000 08:01 1317167                    /usr/lib/x86_64-linux-gnu/libgssapi_krb5.so.2.2
7fc30ab06000-7fc30ad06000 ---p 00046000 08:01 1317167                    /usr/lib/x86_64-linux-gnu/libgssapi_krb5.so.2.2
7fc30ad06000-7fc30ad08000 r--p 00046000 08:01 1317167                    /usr/lib/x86_64-linux-gnu/libgssapi_krb5.so.2.2
7fc30ad08000-7fc30ad0a000 rw-p 00048000 08:01 1317167                    /usr/lib/x86_64-linux-gnu/libgssapi_krb5.so.2.2
7fc30ad10000-7fc30ad31000 r-xp 00000000 08:01 1317763                    /usr/lib/x86_64-linux-gnu/libxcb.so.1.1.0
7fc30ad31000-7fc30af30000 ---p 00021000 08:01 1317763                    /usr/lib/x86_64-linux-gnu/libxcb.so.1.1.0
7fc30af30000-7fc30af31000 r--p 00020000 08:01 1317763                    /usr/lib/x86_64-linux-gnu/libxcb.so.1.1.0
7fc30af31000-7fc30af32000 rw-p 00021000 08:01 1317763                    /usr/lib/x86_64-linux-gnu/libxcb.so.1.1.0
7fc30af38000-7fc30afdc000 r-xp 00000000 08:01 1318123                    /usr/lib/x86_64-linux-gnu/libfreetype.so.6.11.1
7fc30afdc000-7fc30b1db000 ---p 000a4000 08:01 1318123                    /usr/lib/x86_64-linux-gnu/libfreetype.so.6.11.1
7fc30b1db000-7fc30b1e1000 r--p 000a3000 08:01 1318123                    /usr/lib/x86_64-linux-gnu/libfreetype.so.6.11.1
7fc30b1e1000-7fc30b1e2000 rw-p 000a9000 08:01 1318123                    /usr/lib/x86_64-linux-gnu/libfreetype.so.6.11.1
7fc30b1e8000-7fc30b223000 r-xp 00000000 08:01 1318125                    /usr/lib/x86_64-linux-gnu/libfontconfig.so.1.8.0
7fc30b223000-7fc30b422000 ---p 0003b000 08:01 1318125                    /usr/lib/x86_64-linux-gnu/libfontconfig.so.1.8.0
7fc30b422000-7fc30b424000 r--p 0003a000 08:01 1318125                    /usr/lib/x86_64-linux-gnu/libfontconfig.so.1.8.0
7fc30b424000-7fc30b425000 rw-p 0003c000 08:01 1318125                    /usr/lib/x86_64-linux-gnu/libfontconfig.so.1.8.0
7fc30b428000-7fc30b498000 r-xp 00000000 08:01 1317913                    /usr/lib/x86_64-linux-gnu/libcups.so.2
7fc30b498000-7fc30b697000 ---p 00070000 08:01 1317913                    /usr/lib/x86_64-linux-gnu/libcups.so.2
7fc30b697000-7fc30b69f000 r--p 0006f000 08:01 1317913                    /usr/lib/x86_64-linux-gnu/libcups.so.2
7fc30b69f000-7fc30b6a0000 rw-p 00077000 08:01 1317913                    /usr/lib/x86_64-linux-gnu/libcups.so.2
7fc30b6a0000-7fc30b6af000 r-xp 00000000 08:01 1318353                    /usr/lib/x86_64-linux-gnu/libXi.so.6.1.0
7fc30b6af000-7fc30b8ae000 ---p 0000f000 08:01 1318353                    /usr/lib/x86_64-linux-gnu/libXi.so.6.1.0
7fc30b8ae000-7fc30b8af000 r--p 0000e000 08:01 1318353                    /usr/lib/x86_64-linux-gnu/libXi.so.6.1.0
7fc30b8af000-7fc30b8b0000 rw-p 0000f000 08:01 1318353                    /usr/lib/x86_64-linux-gnu/libXi.so.6.1.0
7fc30b8b0000-7fc30b8b5000 r-xp 00000000 08:01 1318983                    /usr/lib/x86_64-linux-gnu/libXtst.so.6.1.0
7fc30b8b5000-7fc30bab4000 ---p 00005000 08:01 1318983                    /usr/lib/x86_64-linux-gnu/libXtst.so.6.1.0
7fc30bab4000-7fc30bab5000 r--p 00004000 08:01 1318983                    /usr/lib/x86_64-linux-gnu/libXtst.so.6.1.0
7fc30bab5000-7fc30bab6000 rw-p 00005000 08:01 1318983                    /usr/lib/x86_64-linux-gnu/libXtst.so.6.1.0
7fc30bab8000-7fc30bbf4000 r-xp 00000000 08:01 1317767                    /usr/lib/x86_64-linux-gnu/libX11.so.6.3.0
7fc30bbf4000-7fc30bdf3000 ---p 0013c000 08:01 1317767                    /usr/lib/x86_64-linux-gnu/libX11.so.6.3.0
7fc30bdf3000-7fc30bdf5000 r--p 0013b000 08:01 1317767                    /usr/lib/x86_64-linux-gnu/libX11.so.6.3.0
7fc30bdf5000-7fc30bdfa000 rw-p 0013d000 08:01 1317767                    /usr/lib/x86_64-linux-gnu/libX11.so.6.3.0
7fc30bdfa000-7fc30bdfb000 rw-p 00000000 00:00 0 
7fc30be00000-7fc314000000 rw-p 00000000 00:00 0 
7fc314000000-7fc314021000 rw-p 00000000 00:00 0 
7fc314021000-7fc318000000 ---p 00000000 00:00 0 
7fc318007000-7fc31800a000 ---p 00000000 00:00 0 
7fc31800a000-7fc318040000 rw-p 00000000 00:00 0                          [stack:15638]
7fc318040000-7fc318049000 r-xp 00000000 08:01 1317774                    /usr/lib/x86_64-linux-gnu/libXrender.so.1.3.0
7fc318049000-7fc318248000 ---p 00009000 08:01 1317774                    /usr/lib/x86_64-linux-gnu/libXrender.so.1.3.0
7fc318248000-7fc318249000 r--p 00008000 08:01 1317774                    /usr/lib/x86_64-linux-gnu/libXrender.so.1.3.0
7fc318249000-7fc31824a000 rw-p 00009000 08:01 1317774                    /usr/lib/x86_64-linux-gnu/libXrender.so.1.3.0
7fc318250000-7fc318261000 r-xp 00000000 08:01 1317770                    /usr/lib/x86_64-linux-gnu/libXext.so.6.4.0
7fc318261000-7fc318460000 ---p 00011000 08:01 1317770                    /usr/lib/x86_64-linux-gnu/libXext.so.6.4.0
7fc318460000-7fc318461000 r--p 00010000 08:01 1317770                    /usr/lib/x86_64-linux-gnu/libXext.so.6.4.0
7fc318461000-7fc318462000 rw-p 00011000 08:01 1317770                    /usr/lib/x86_64-linux-gnu/libXext.so.6.4.0
7fc318464000-7fc318465000 rw-s cfd64000 00:05 19540                      /dev/nvidia0
7fc31846a000-7fc31848a000 rw-s 2fd12a000 00:05 17965                     /dev/nvidiactl
7fc31848a000-7fc31848b000 rw-s fd642000 00:05 19540                      /dev/nvidia0
7fc318490000-7fc3184d9000 r-xp 00000000 08:01 2235730                    /usr/lib/jvm/java-7-openjdk-amd64/jre/lib/amd64/xawt/libmawt.so
7fc3184d9000-7fc3186d8000 ---p 00049000 08:01 2235730                    /usr/lib/jvm/java-7-openjdk-amd64/jre/lib/amd64/xawt/libmawt.so
7fc3186d8000-7fc3186d9000 r--p 00048000 08:01 2235730                    /usr/lib/jvm/java-7-openjdk-amd64/jre/lib/amd64/xawt/libmawt.so
7fc3186d9000-7fc3186dc000 rw-p 00049000 08:01 2235730                    /usr/lib/jvm/java-7-openjdk-amd64/jre/lib/amd64/xawt/libmawt.so
7fc3186dc000-7fc3186dd000 rw-p 00000000 00:00 0 
7fc3186e0000-7fc318781000 r-xp 00000000 08:01 2101931                    /usr/lib/jvm/java-7-openjdk-amd64/jre/lib/amd64/libawt.so
7fc318781000-7fc318980000 ---p 000a1000 08:01 2101931                    /usr/lib/jvm/java-7-openjdk-amd64/jre/lib/amd64/libawt.so
7fc318980000-7fc318981000 r--p 000a0000 08:01 2101931                    /usr/lib/jvm/java-7-openjdk-amd64/jre/lib/amd64/libawt.so
7fc318981000-7fc31898c000 rw-p 000a1000 08:01 2101931                    /usr/lib/jvm/java-7-openjdk-amd64/jre/lib/amd64/libawt.so
7fc31898c000-7fc3189b1000 rw-p 00000000 00:00 0 
7fc3189b7000-7fc318cb8000 rw-p 00000000 00:00 0 
7fc318cb8000-7fc318d24000 r-xp 00000000 08:01 6423678                    /lib/x86_64-linux-gnu/libpcre.so.3.13.1
7fc318d24000-7fc318f24000 ---p 0006c000 08:01 6423678                    /lib/x86_64-linux-gnu/libpcre.so.3.13.1
7fc318f24000-7fc318f25000 r--p 0006c000 08:01 6423678                    /lib/x86_64-linux-gnu/libpcre.so.3.13.1
7fc318f25000-7fc318f26000 rw-p 0006d000 08:01 6423678                    /lib/x86_64-linux-gnu/libpcre.so.3.13.1
7fc318f28000-7fc318f2f000 r-xp 00000000 08:01 1315076                    /usr/lib/x86_64-linux-gnu/libffi.so.6.0.2
7fc318f2f000-7fc31912e000 ---p 00007000 08:01 1315076                    /usr/lib/x86_64-linux-gnu/libffi.so.6.0.2
7fc31912e000-7fc31912f000 r--p 00006000 08:01 1315076                    /usr/lib/x86_64-linux-gnu/libffi.so.6.0.2
7fc31912f000-7fc319130000 rw-p 00007000 08:01 1315076                    /usr/lib/x86_64-linux-gnu/libffi.so.6.0.2
7fc319130000-7fc319144000 r-xp 00000000 08:01 6425568                    /lib/x86_64-linux-gnu/libresolv-2.19.so
7fc319144000-7fc319343000 ---p 00014000 08:01 6425568                    /lib/x86_64-linux-gnu/libresolv-2.19.so
7fc319343000-7fc319344000 r--p 00013000 08:01 6425568                    /lib/x86_64-linux-gnu/libresolv-2.19.so
7fc319344000-7fc319345000 rw-p 00014000 08:01 6425568                    /lib/x86_64-linux-gnu/libresolv-2.19.so
7fc319345000-7fc319347000 rw-p 00000000 00:00 0 
7fc319348000-7fc319369000 r-xp 00000000 08:01 6422627                    /lib/x86_64-linux-gnu/libselinux.so.1
7fc319369000-7fc319569000 ---p 00021000 08:01 6422627                    /lib/x86_64-linux-gnu/libselinux.so.1
7fc319569000-7fc31956a000 r--p 00021000 08:01 6422627                    /lib/x86_64-linux-gnu/libselinux.so.1
7fc31956a000-7fc31956b000 rw-p 00022000 08:01 6422627                    /lib/x86_64-linux-gnu/libselinux.so.1
7fc31956b000-7fc31956d000 rw-p 00000000 00:00 0 
7fc319570000-7fc319573000 r-xp 00000000 08:01 1318028                    /usr/lib/x86_64-linux-gnu/libgmodule-2.0.so.0.4200.1
7fc319573000-7fc319772000 ---p 00003000 08:01 1318028                    /usr/lib/x86_64-linux-gnu/libgmodule-2.0.so.0.4200.1
7fc319772000-7fc319773000 r--p 00002000 08:01 1318028                    /usr/lib/x86_64-linux-gnu/libgmodule-2.0.so.0.4200.1
7fc319773000-7fc319774000 rw-p 00003000 08:01 1318028                    /usr/lib/x86_64-linux-gnu/libgmodule-2.0.so.0.4200.1
7fc319778000-7fc319884000 r-xp 00000000 08:01 6423013                    /lib/x86_64-linux-gnu/libglib-2.0.so.0.4200.1
7fc319884000-7fc319a84000 ---p 0010c000 08:01 6423013                    /lib/x86_64-linux-gnu/libglib-2.0.so.0.4200.1
7fc319a84000-7fc319a85000 r--p 0010c000 08:01 6423013                    /lib/x86_64-linux-gnu/libglib-2.0.so.0.4200.1
7fc319a85000-7fc319a86000 rw-p 0010d000 08:01 6423013                    /lib/x86_64-linux-gnu/libglib-2.0.so.0.4200.1
7fc319a86000-7fc319a87000 rw-p 00000000 00:00 0 
7fc319a88000-7fc319ad9000 r-xp 00000000 08:01 1318029                    /usr/lib/x86_64-linux-gnu/libgobject-2.0.so.0.4200.1
7fc319ad9000-7fc319cd8000 ---p 00051000 08:01 1318029                    /usr/lib/x86_64-linux-gnu/libgobject-2.0.so.0.4200.1
7fc319cd8000-7fc319cd9000 r--p 00050000 08:01 1318029                    /usr/lib/x86_64-linux-gnu/libgobject-2.0.so.0.4200.1
7fc319cd9000-7fc319cda000 rw-p 00051000 08:01 1318029                    /usr/lib/x86_64-linux-gnu/libgobject-2.0.so.0.4200.1
7fc319ce0000-7fc319e51000 r-xp 00000000 08:01 1318031                    /usr/lib/x86_64-linux-gnu/libgio-2.0.so.0.4200.1
7fc319e51000-7fc31a051000 ---p 00171000 08:01 1318031                    /usr/lib/x86_64-linux-gnu/libgio-2.0.so.0.4200.1
7fc31a051000-7fc31a055000 r--p 00171000 08:01 1318031                    /usr/lib/x86_64-linux-gnu/libgio-2.0.so.0.4200.1
7fc31a055000-7fc31a057000 rw-p 00175000 08:01 1318031                    /usr/lib/x86_64-linux-gnu/libgio-2.0.so.0.4200.1
7fc31a057000-7fc31a059000 rw-p 00000000 00:00 0 
7fc31a05b000-7fc31a05c000 rw-s 418c63000 00:05 17965                     /dev/nvidiactl
7fc31a061000-7fc31a062000 rw-s fd641000 00:05 19540                      /dev/nvidia0
7fc31a068000-7fc31a069000 rw-s 41ad40000 00:05 17965                     /dev/nvidiactl
7fc31a06e000-7fc31a06f000 rw-s 35b9be000 00:05 17965                     /dev/nvidiactl
7fc31a070000-7fc31a071000 rw-s fd060000 00:05 19540                      /dev/nvidia0
7fc31a078000-7fc31a079000 r--p 00000000 08:01 1314157                    /usr/share/locale/en_GB/LC_MESSAGES/libc.mo
7fc31a07b000-7fc31a086000 r--s 00203000 08:01 2101903                    /usr/lib/jvm/java-7-openjdk-amd64/jre/lib/charsets.jar
7fc31a088000-7fc31a0a0000 r-xp 00000000 08:01 2101942                    /usr/lib/jvm/java-7-openjdk-amd64/jre/lib/amd64/libnet.so
7fc31a0a0000-7fc31a29f000 ---p 00018000 08:01 2101942                    /usr/lib/jvm/java-7-openjdk-amd64/jre/lib/amd64/libnet.so
7fc31a29f000-7fc31a2a0000 r--p 00017000 08:01 2101942                    /usr/lib/jvm/java-7-openjdk-amd64/jre/lib/amd64/libnet.so
7fc31a2a0000-7fc31a2a1000 rw-p 00018000 08:01 2101942                    /usr/lib/jvm/java-7-openjdk-amd64/jre/lib/amd64/libnet.so
7fc31a2a7000-7fc31a2aa000 ---p 00000000 00:00 0 
7fc31a2aa000-7fc31a3a8000 rw-p 00000000 00:00 0                          [stack:15634]
7fc31a3a8000-7fc31a3a9000 r-xp 00000000 08:01 1573728                    /opt/intellij-idea/bin/libbreakgen64.so
7fc31a3a9000-7fc31a5a8000 ---p 00001000 08:01 1573728                    /opt/intellij-idea/bin/libbreakgen64.so
7fc31a5a8000-7fc31a5a9000 r--p 00000000 08:01 1573728                    /opt/intellij-idea/bin/libbreakgen64.so
7fc31a5a9000-7fc31a5aa000 rw-p 00001000 08:01 1573728                    /opt/intellij-idea/bin/libbreakgen64.so
7fc31a5b1000-7fc31a5b3000 r--s 00019000 08:01 1578241                    /opt/intellij-idea/lib/idea_rt.jar
7fc31a5ba000-7fc31a5bb000 r--s 00002000 08:13 4850952                    /home/mart/IdeaProjects/Multiplayer World 2/libs/PNGDecoder.jar
7fc31a5bf000-7fc31a5c2000 r--s 00017000 08:13 9045358                    /home/mart/IdeaProjects/Multiplayer World 2/libs/slick-util.jar
7fc31a5c7000-7fc31a5cb000 r--s 00027000 08:13 9045357                    /home/mart/IdeaProjects/Multiplayer World 2/libs/lwjgl_util.jar
7fc31a5cb000-7fc31a5da000 r--s 000f3000 08:13 9045342                    /home/mart/IdeaProjects/Multiplayer World 2/libs/lwjgl.jar
7fc31a5df000-7fc31a5ed000 r--s 0010f000 08:01 2101969                    /usr/lib/jvm/java-7-openjdk-amd64/jre/lib/rhino.jar
7fc31a5ee000-7fc31a5f8000 r--s 000ae000 08:01 2101899                    /usr/lib/jvm/java-7-openjdk-amd64/jre/lib/resources.jar
7fc31a5f8000-7fc31a5f9000 r--s 00000000 08:01 2101978                    /usr/lib/jvm/java-7-openjdk-amd64/jre/lib/management-agent.jar
7fc31a5fe000-7fc31a603000 r--s 0004e000 08:01 2101968                    /usr/lib/jvm/java-7-openjdk-amd64/jre/lib/jsse.jar
7fc31a608000-7fc31a60a000 r--s 00018000 08:01 2101971                    /usr/lib/jvm/java-7-openjdk-amd64/jre/lib/jce.jar
7fc31a60a000-7fc31a60b000 r--s 0000a000 08:01 2101901                    /usr/lib/jvm/java-7-openjdk-amd64/jre/lib/javazic.jar
7fc31a610000-7fc31a611000 r--s 00000000 08:01 2101972                    /usr/lib/jvm/java-7-openjdk-amd64/jre/lib/compilefontconfig.jar
7fc31a613000-7fc31a61e000 r--s 00203000 08:01 2101903                    /usr/lib/jvm/java-7-openjdk-amd64/jre/lib/charsets.jar
7fc31a61f000-7fc31a622000 r--s 0000f000 08:01 2101910                    /usr/lib/jvm/java-7-openjdk-amd64/jre/lib/ext/icedtea-sound.jar
7fc31a624000-7fc31a628000 r--s 00034000 08:01 2101912                    /usr/lib/jvm/java-7-openjdk-amd64/jre/lib/ext/sunjce_provider.jar
7fc31a62e000-7fc31a630000 r--s 00006000 08:01 1841746                    /usr/share/java/java-atk-wrapper.jar
7fc31a635000-7fc31a639000 r--s 00085000 08:01 2101908                    /usr/lib/jvm/java-7-openjdk-amd64/jre/lib/ext/localedata.jar
7fc31a63b000-7fc31a63c000 ---p 00000000 00:00 0 
7fc31a63c000-7fc31a73c000 rw-p 00000000 00:00 0                          [stack:15633]
7fc31a73c000-7fc31a73f000 ---p 00000000 00:00 0 
7fc31a73f000-7fc31a83d000 rw-p 00000000 00:00 0                          [stack:15632]
7fc31a83d000-7fc31a840000 ---p 00000000 00:00 0 
7fc31a840000-7fc31a93e000 rw-p 00000000 00:00 0                          [stack:15631]
7fc31a93e000-7fc31a941000 ---p 00000000 00:00 0 
7fc31a941000-7fc31aa3f000 rw-p 00000000 00:00 0                          [stack:15630]
7fc31aa3f000-7fc31aa42000 ---p 00000000 00:00 0 
7fc31aa42000-7fc31ab40000 rw-p 00000000 00:00 0                          [stack:15629]
7fc31ab40000-7fc31acc9000 r--p 00000000 08:01 1314223                    /usr/lib/locale/locale-archive
7fc31accc000-7fc31accf000 ---p 00000000 00:00 0 
7fc31accf000-7fc31adcd000 rw-p 00000000 00:00 0                          [stack:15621]
7fc31adcd000-7fc31add0000 ---p 00000000 00:00 0 
7fc31add0000-7fc31aece000 rw-p 00000000 00:00 0                          [stack:15620]
7fc31aece000-7fc31aecf000 ---p 00000000 00:00 0 
7fc31aecf000-7fc31c000000 rw-p 00000000 00:00 0                          [stack:15619]
7fc31c000000-7fc31c021000 rw-p 00000000 00:00 0 
7fc31c021000-7fc320000000 ---p 00000000 00:00 0 
7fc320000000-7fc320021000 rw-p 00000000 00:00 0 
7fc320021000-7fc324000000 ---p 00000000 00:00 0 
7fc324000000-7fc324021000 rw-p 00000000 00:00 0 
7fc324021000-7fc328000000 ---p 00000000 00:00 0 
7fc328000000-7fc328021000 rw-p 00000000 00:00 0 
7fc328021000-7fc32c000000 ---p 00000000 00:00 0 
7fc32c000000-7fc32c021000 rw-p 00000000 00:00 0 
7fc32c021000-7fc330000000 ---p 00000000 00:00 0 
7fc330000000-7fc330021000 rw-p 00000000 00:00 0 
7fc330021000-7fc334000000 ---p 00000000 00:00 0 
7fc334000000-7fc334021000 rw-p 00000000 00:00 0 
7fc334021000-7fc338000000 ---p 00000000 00:00 0 
7fc338002000-7fc338004000 r--s 00012000 08:01 2101907                    /usr/lib/jvm/java-7-openjdk-amd64/jre/lib/ext/zipfs.jar
7fc33800a000-7fc33800b000 r--s 00002000 08:01 2101909                    /usr/lib/jvm/java-7-openjdk-amd64/jre/lib/ext/dnsns.jar
7fc33800c000-7fc338010000 r--s 0003c000 08:01 2101911                    /usr/lib/jvm/java-7-openjdk-amd64/jre/lib/ext/sunpkcs11.jar
7fc338013000-7fc339000000 rw-p 00000000 00:00 0 
7fc339000000-7fc339270000 rwxp 00000000 00:00 0 
7fc339270000-7fc33ca8d000 rw-p 00000000 00:00 0 
7fc33ca8d000-7fc340000000 ---p 00000000 00:00 0 
7fc340003000-7fc340492000 rw-p 00000000 00:00 0 
7fc340492000-7fc340644000 r--s 01d32000 08:01 2101898                    /usr/lib/jvm/java-7-openjdk-amd64/jre/lib/rt.jar
7fc340645000-7fc340768000 rw-p 00000000 00:00 0 
7fc340768000-7fc340769000 ---p 00000000 00:00 0 
7fc340769000-7fc340869000 rw-p 00000000 00:00 0                          [stack:15615]
7fc340869000-7fc34086a000 ---p 00000000 00:00 0 
7fc34086a000-7fc34096a000 rw-p 00000000 00:00 0                          [stack:15614]
7fc34096a000-7fc34096b000 ---p 00000000 00:00 0 
7fc34096b000-7fc340a6b000 rw-p 00000000 00:00 0                          [stack:15613]
7fc340a6b000-7fc340a6c000 ---p 00000000 00:00 0 
7fc340a6c000-7fc340b6c000 rw-p 00000000 00:00 0                          [stack:15612]
7fc340b6c000-7fc340b6d000 ---p 00000000 00:00 0 
7fc340b6d000-7fc340c6d000 rw-p 00000000 00:00 0                          [stack:15611]
7fc340c6d000-7fc340c6e000 ---p 00000000 00:00 0 
7fc340c6e000-7fc340d6e000 rw-p 00000000 00:00 0                          [stack:15610]
7fc340d6e000-7fc340d6f000 ---p 00000000 00:00 0 
7fc340d6f000-7fc340e6f000 rw-p 00000000 00:00 0                          [stack:15609]
7fc340e6f000-7fc340e70000 ---p 00000000 00:00 0 
7fc340e70000-7fc340f7b000 rw-p 00000000 00:00 0                          [stack:15608]
7fc340f7b000-7fc340fc3000 rw-p 00000000 00:00 0 
7fc340fc3000-7fc341016000 rw-p 00000000 00:00 0 
7fc341016000-7fc3414f7000 rw-p 00000000 00:00 0 
7fc3414f7000-7fc341502000 rw-p 00000000 00:00 0 
7fc341502000-7fc34154a000 rw-p 00000000 00:00 0 
7fc34154a000-7fc34159d000 rw-p 00000000 00:00 0 
7fc34159d000-7fc341a7d000 rw-p 00000000 00:00 0 
7fc341a7d000-7fc341aa7000 rw-p 00000000 00:00 0 
7fc341aa7000-7fc341d17000 rw-p 00000000 00:00 0 
7fc341d17000-7fc341d18000 rw-p 00000000 00:00 0 
7fc341d18000-7fc341d20000 r-xp 00000000 08:01 2101919                    /usr/lib/jvm/java-7-openjdk-amd64/jre/lib/amd64/libzip.so
7fc341d20000-7fc341f1f000 ---p 00008000 08:01 2101919                    /usr/lib/jvm/java-7-openjdk-amd64/jre/lib/amd64/libzip.so
7fc341f1f000-7fc341f20000 r--p 00007000 08:01 2101919                    /usr/lib/jvm/java-7-openjdk-amd64/jre/lib/amd64/libzip.so
7fc341f20000-7fc341f21000 rw-p 00008000 08:01 2101919                    /usr/lib/jvm/java-7-openjdk-amd64/jre/lib/amd64/libzip.so
7fc341f28000-7fc341f33000 r-xp 00000000 08:01 6425563                    /lib/x86_64-linux-gnu/libnss_files-2.19.so
7fc341f33000-7fc342132000 ---p 0000b000 08:01 6425563                    /lib/x86_64-linux-gnu/libnss_files-2.19.so
7fc342132000-7fc342133000 r--p 0000a000 08:01 6425563                    /lib/x86_64-linux-gnu/libnss_files-2.19.so
7fc342133000-7fc342134000 rw-p 0000b000 08:01 6425563                    /lib/x86_64-linux-gnu/libnss_files-2.19.so
7fc342138000-7fc342142000 r-xp 00000000 08:01 6425565                    /lib/x86_64-linux-gnu/libnss_nis-2.19.so
7fc342142000-7fc342341000 ---p 0000a000 08:01 6425565                    /lib/x86_64-linux-gnu/libnss_nis-2.19.so
7fc342341000-7fc342342000 r--p 00009000 08:01 6425565                    /lib/x86_64-linux-gnu/libnss_nis-2.19.so
7fc342342000-7fc342343000 rw-p 0000a000 08:01 6425565                    /lib/x86_64-linux-gnu/libnss_nis-2.19.so
7fc342348000-7fc34235d000 r-xp 00000000 08:01 6425560                    /lib/x86_64-linux-gnu/libnsl-2.19.so
7fc34235d000-7fc34255c000 ---p 00015000 08:01 6425560                    /lib/x86_64-linux-gnu/libnsl-2.19.so
7fc34255c000-7fc34255d000 r--p 00014000 08:01 6425560                    /lib/x86_64-linux-gnu/libnsl-2.19.so
7fc34255d000-7fc34255e000 rw-p 00015000 08:01 6425560                    /lib/x86_64-linux-gnu/libnsl-2.19.so
7fc34255e000-7fc342560000 rw-p 00000000 00:00 0 
7fc342560000-7fc342567000 r-xp 00000000 08:01 6425561                    /lib/x86_64-linux-gnu/libnss_compat-2.19.so
7fc342567000-7fc342766000 ---p 00007000 08:01 6425561                    /lib/x86_64-linux-gnu/libnss_compat-2.19.so
7fc342766000-7fc342767000 r--p 00006000 08:01 6425561                    /lib/x86_64-linux-gnu/libnss_compat-2.19.so
7fc342767000-7fc342768000 rw-p 00007000 08:01 6425561                    /lib/x86_64-linux-gnu/libnss_compat-2.19.so
7fc342768000-7fc342795000 r-xp 00000000 08:01 2101951                    /usr/lib/jvm/java-7-openjdk-amd64/jre/lib/amd64/libjava.so
7fc342795000-7fc342994000 ---p 0002d000 08:01 2101951                    /usr/lib/jvm/java-7-openjdk-amd64/jre/lib/amd64/libjava.so
7fc342994000-7fc342995000 r--p 0002c000 08:01 2101951                    /usr/lib/jvm/java-7-openjdk-amd64/jre/lib/amd64/libjava.so
7fc342995000-7fc342997000 rw-p 0002d000 08:01 2101951                    /usr/lib/jvm/java-7-openjdk-amd64/jre/lib/amd64/libjava.so
7fc342998000-7fc3429a7000 r-xp 00000000 08:01 2101914                    /usr/lib/jvm/java-7-openjdk-amd64/jre/lib/amd64/libverify.so
7fc3429a7000-7fc342ba6000 ---p 0000f000 08:01 2101914                    /usr/lib/jvm/java-7-openjdk-amd64/jre/lib/amd64/libverify.so
7fc342ba6000-7fc342ba9000 r--p 0000e000 08:01 2101914                    /usr/lib/jvm/java-7-openjdk-amd64/jre/lib/amd64/libverify.so
7fc342ba9000-7fc342baa000 rw-p 00011000 08:01 2101914                    /usr/lib/jvm/java-7-openjdk-amd64/jre/lib/amd64/libverify.so
7fc342bb0000-7fc342bb7000 r-xp 00000000 08:01 6425569                    /lib/x86_64-linux-gnu/librt-2.19.so
7fc342bb7000-7fc342db6000 ---p 00007000 08:01 6425569                    /lib/x86_64-linux-gnu/librt-2.19.so
7fc342db6000-7fc342db7000 r--p 00006000 08:01 6425569                    /lib/x86_64-linux-gnu/librt-2.19.so
7fc342db7000-7fc342db8000 rw-p 00007000 08:01 6425569                    /lib/x86_64-linux-gnu/librt-2.19.so
7fc342db8000-7fc342dce000 r-xp 00000000 08:01 6422532                    /lib/x86_64-linux-gnu/libgcc_s.so.1
7fc342dce000-7fc342fcd000 ---p 00016000 08:01 6422532                    /lib/x86_64-linux-gnu/libgcc_s.so.1
7fc342fcd000-7fc342fce000 rw-p 00015000 08:01 6422532                    /lib/x86_64-linux-gnu/libgcc_s.so.1
7fc342fd0000-7fc3430d0000 r-xp 00000000 08:01 6425558                    /lib/x86_64-linux-gnu/libm-2.19.so
7fc3430d0000-7fc3432cf000 ---p 00100000 08:01 6425558                    /lib/x86_64-linux-gnu/libm-2.19.so
7fc3432cf000-7fc3432d0000 r--p 000ff000 08:01 6425558                    /lib/x86_64-linux-gnu/libm-2.19.so
7fc3432d0000-7fc3432d1000 rw-p 00100000 08:01 6425558                    /lib/x86_64-linux-gnu/libm-2.19.so
7fc3432d8000-7fc3433c4000 r-xp 00000000 08:01 1315446                    /usr/lib/x86_64-linux-gnu/libstdc++.so.6.0.20
7fc3433c4000-7fc3435c4000 ---p 000ec000 08:01 1315446                    /usr/lib/x86_64-linux-gnu/libstdc++.so.6.0.20
7fc3435c4000-7fc3435cc000 r--p 000ec000 08:01 1315446                    /usr/lib/x86_64-linux-gnu/libstdc++.so.6.0.20
7fc3435cc000-7fc3435ce000 rw-p 000f4000 08:01 1315446                    /usr/lib/x86_64-linux-gnu/libstdc++.so.6.0.20
7fc3435ce000-7fc3435e3000 rw-p 00000000 00:00 0 
7fc3435e8000-7fc34413e000 r-xp 00000000 08:01 2101927                    /usr/lib/jvm/java-7-openjdk-amd64/jre/lib/amd64/server/libjvm.so
7fc34413e000-7fc34433e000 ---p 00b56000 08:01 2101927                    /usr/lib/jvm/java-7-openjdk-amd64/jre/lib/amd64/server/libjvm.so
7fc34433e000-7fc3443dd000 r--p 00b56000 08:01 2101927                    /usr/lib/jvm/java-7-openjdk-amd64/jre/lib/amd64/server/libjvm.so
7fc3443dd000-7fc344400000 rw-p 00bf5000 08:01 2101927                    /usr/lib/jvm/java-7-openjdk-amd64/jre/lib/amd64/server/libjvm.so
7fc344400000-7fc34442d000 rw-p 00000000 00:00 0 
7fc344430000-7fc34444a000 r-xp 00000000 08:01 6422628                    /lib/x86_64-linux-gnu/libz.so.1.2.8
7fc34444a000-7fc344649000 ---p 0001a000 08:01 6422628                    /lib/x86_64-linux-gnu/libz.so.1.2.8
7fc344649000-7fc34464a000 r--p 00019000 08:01 6422628                    /lib/x86_64-linux-gnu/libz.so.1.2.8
7fc34464a000-7fc34464b000 rw-p 0001a000 08:01 6422628                    /lib/x86_64-linux-gnu/libz.so.1.2.8
7fc344650000-7fc3447ef000 r-xp 00000000 08:01 6425554                    /lib/x86_64-linux-gnu/libc-2.19.so
7fc3447ef000-7fc3449ef000 ---p 0019f000 08:01 6425554                    /lib/x86_64-linux-gnu/libc-2.19.so
7fc3449ef000-7fc3449f3000 r--p 0019f000 08:01 6425554                    /lib/x86_64-linux-gnu/libc-2.19.so
7fc3449f3000-7fc3449f5000 rw-p 001a3000 08:01 6425554                    /lib/x86_64-linux-gnu/libc-2.19.so
7fc3449f5000-7fc3449f9000 rw-p 00000000 00:00 0 
7fc344a00000-7fc344a03000 r-xp 00000000 08:01 6425557                    /lib/x86_64-linux-gnu/libdl-2.19.so
7fc344a03000-7fc344c02000 ---p 00003000 08:01 6425557                    /lib/x86_64-linux-gnu/libdl-2.19.so
7fc344c02000-7fc344c03000 r--p 00002000 08:01 6425557                    /lib/x86_64-linux-gnu/libdl-2.19.so
7fc344c03000-7fc344c04000 rw-p 00003000 08:01 6425557                    /lib/x86_64-linux-gnu/libdl-2.19.so
7fc344c08000-7fc344c15000 r-xp 00000000 08:01 2101917                    /usr/lib/jvm/java-7-openjdk-amd64/jre/lib/amd64/jli/libjli.so
7fc344c15000-7fc344e14000 ---p 0000d000 08:01 2101917                    /usr/lib/jvm/java-7-openjdk-amd64/jre/lib/amd64/jli/libjli.so
7fc344e14000-7fc344e15000 r--p 0000c000 08:01 2101917                    /usr/lib/jvm/java-7-openjdk-amd64/jre/lib/amd64/jli/libjli.so
7fc344e15000-7fc344e16000 rw-p 0000d000 08:01 2101917                    /usr/lib/jvm/java-7-openjdk-amd64/jre/lib/amd64/jli/libjli.so
7fc344e18000-7fc344e30000 r-xp 00000000 08:01 6425550                    /lib/x86_64-linux-gnu/libpthread-2.19.so
7fc344e30000-7fc34502f000 ---p 00018000 08:01 6425550                    /lib/x86_64-linux-gnu/libpthread-2.19.so
7fc34502f000-7fc345030000 r--p 00017000 08:01 6425550                    /lib/x86_64-linux-gnu/libpthread-2.19.so
7fc345030000-7fc345031000 rw-p 00018000 08:01 6425550                    /lib/x86_64-linux-gnu/libpthread-2.19.so
7fc345031000-7fc345035000 rw-p 00000000 00:00 0 
7fc345038000-7fc345058000 r-xp 00000000 08:01 6425551                    /lib/x86_64-linux-gnu/ld-2.19.so
7fc345058000-7fc34508a000 rw-p 00000000 00:00 0 
7fc34508a000-7fc345140000 rw-p 00000000 00:00 0 
7fc345140000-7fc345148000 rw-s 00000000 08:12 3145732                    /tmp/hsperfdata_mart/15597
7fc34514c000-7fc34514f000 rw-p 00000000 00:00 0 
7fc34514f000-7fc345150000 r--p 00000000 00:00 0 
7fc345150000-7fc345153000 ---p 00000000 00:00 0 
7fc345153000-7fc345258000 rw-p 00000000 00:00 0                          [stack:15607]
7fc345258000-7fc345259000 r--p 00020000 08:01 6425551                    /lib/x86_64-linux-gnu/ld-2.19.so
7fc345259000-7fc34525a000 rw-p 00021000 08:01 6425551                    /lib/x86_64-linux-gnu/ld-2.19.so
7fc34525a000-7fc34525b000 rw-p 00000000 00:00 0 
7fffb7444000-7fffb7465000 rw-p 00000000 00:00 0                          [stack]
7fffb7578000-7fffb757a000 r-xp 00000000 00:00 0                          [vdso]
7fffb757a000-7fffb757c000 r--p 00000000 00:00 0                          [vvar]
ffffffffff600000-ffffffffff601000 r-xp 00000000 00:00 0                  [vsyscall]

VM Arguments:
jvm_args: -Djava.library.path=libs/ -Didea.launcher.port=7548 -Didea.launcher.bin.path=/opt/intellij-idea/bin -Dfile.encoding=UTF-8 
java_command: com.intellij.rt.execution.application.AppMain engine.GameLoop
Launcher Type: SUN_STANDARD

Environment Variables:
PATH=/usr/local/bin:/usr/bin:/bin:/usr/local/games:/usr/games
USERNAME=mart
LD_LIBRARY_PATH=/opt/intellij-idea/bin:
SHELL=/bin/bash
DISPLAY=:0

Signal Handlers:
SIGSEGV: [libjvm.so+0x988620], sa_mask[0]=0x7ffbfeff, sa_flags=0x10000004
SIGBUS: [libjvm.so+0x988620], sa_mask[0]=0x7ffbfeff, sa_flags=0x10000004
SIGFPE: [libjvm.so+0x7f5420], sa_mask[0]=0x7ffbfeff, sa_flags=0x10000004
SIGPIPE: [libjvm.so+0x7f5420], sa_mask[0]=0x7ffbfeff, sa_flags=0x10000004
SIGXFSZ: [libjvm.so+0x7f5420], sa_mask[0]=0x7ffbfeff, sa_flags=0x10000004
SIGILL: [libjvm.so+0x7f5420], sa_mask[0]=0x7ffbfeff, sa_flags=0x10000004
SIGUSR1: SIG_DFL, sa_mask[0]=0x00000000, sa_flags=0x00000000
SIGUSR2: [libjvm.so+0x7f52a0], sa_mask[0]=0x00000004, sa_flags=0x10000004
SIGHUP: [libjvm.so+0x7f54a0], sa_mask[0]=0x7ffbfeff, sa_flags=0x10000004
SIGINT: [libjvm.so+0x7f54a0], sa_mask[0]=0x7ffbfeff, sa_flags=0x10000004
SIGTERM: [libjvm.so+0x7f54a0], sa_mask[0]=0x7ffbfeff, sa_flags=0x10000004
SIGQUIT: [libjvm.so+0x7f54a0], sa_mask[0]=0x7ffbfeff, sa_flags=0x10000004
SIGTRAP: SIG_DFL, sa_mask[0]=0x00000000, sa_flags=0x00000000


---------------  S Y S T E M  ---------------

OS:8.2

uname:Linux 3.16.0-4-amd64 #1 SMP Debian 3.16.7-ckt11-1+deb8u5 (2015-10-09) x86_64
libc:glibc 2.19 NPTL 2.19 
rlimit: STACK 8192k, CORE 0k, NPROC 63809, NOFILE 65536, AS infinity
load average:1.80 0.98 0.74

/proc/meminfo:
MemTotal:       16352924 kB
MemFree:         9032016 kB
MemAvailable:   12589716 kB
Buffers:          358908 kB
Cached:          3097676 kB
SwapCached:            0 kB
Active:          5479512 kB
Inactive:        1268288 kB
Active(anon):    3294808 kB
Inactive(anon):    23472 kB
Active(file):    2184704 kB
Inactive(file):  1244816 kB
Unevictable:          32 kB
Mlocked:              32 kB
SwapTotal:             0 kB
SwapFree:              0 kB
Dirty:              2620 kB
Writeback:             0 kB
AnonPages:       3291188 kB
Mapped:           420800 kB
Shmem:             27084 kB
Slab:             429724 kB
SReclaimable:     381596 kB
SUnreclaim:        48128 kB
KernelStack:       11152 kB
PageTables:        33068 kB
NFS_Unstable:          0 kB
Bounce:                0 kB
WritebackTmp:          0 kB
CommitLimit:     8176460 kB
Committed_AS:    8345312 kB
VmallocTotal:   34359738367 kB
VmallocUsed:      330552 kB
VmallocChunk:   34359391740 kB
HardwareCorrupted:     0 kB
AnonHugePages:         0 kB
HugePages_Total:       0
HugePages_Free:        0
HugePages_Rsvd:        0
HugePages_Surp:        0
Hugepagesize:       2048 kB
DirectMap4k:      213428 kB
DirectMap2M:    13365248 kB
DirectMap1G:     3145728 kB


CPU:total 8 (8 cores per cpu, 1 threads per core) family 21 model 2 stepping 0, cmov, cx8, fxsr, mmx, sse, sse2, sse3, ssse3, sse4.1, sse4.2, popcnt, avx, aes, mmxext, 3dnowpref, lzcnt, sse4a, tsc, tscinvbit, tscinv

/proc/cpuinfo:
processor	: 0
vendor_id	: AuthenticAMD
cpu family	: 21
model		: 2
model name	: AMD FX(tm)-8320 Eight-Core Processor
stepping	: 0
microcode	: 0x6000822
cpu MHz		: 3500.000
cache size	: 2048 KB
physical id	: 0
siblings	: 8
core id		: 0
cpu cores	: 4
apicid		: 16
initial apicid	: 0
fpu		: yes
fpu_exception	: yes
cpuid level	: 13
wp		: yes
flags		: fpu vme de pse tsc msr pae mce cx8 apic sep mtrr pge mca cmov pat pse36 clflush mmx fxsr sse sse2 ht syscall nx mmxext fxsr_opt pdpe1gb rdtscp lm constant_tsc rep_good nopl nonstop_tsc extd_apicid aperfmperf pni pclmulqdq monitor ssse3 fma cx16 sse4_1 sse4_2 popcnt aes xsave avx f16c lahf_lm cmp_legacy svm extapic cr8_legacy abm sse4a misalignsse 3dnowprefetch osvw ibs xop skinit wdt lwp fma4 tce nodeid_msr tbm topoext perfctr_core perfctr_nb arat cpb hw_pstate npt lbrv svm_lock nrip_save tsc_scale vmcb_clean flushbyasid decodeassists pausefilter pfthreshold vmmcall bmi1
bogomips	: 7000.16
TLB size	: 1536 4K pages
clflush size	: 64
cache_alignment	: 64
address sizes	: 48 bits physical, 48 bits virtual
power management: ts ttp tm 100mhzsteps hwpstate cpb eff_freq_ro

processor	: 1
vendor_id	: AuthenticAMD
cpu family	: 21
model		: 2
model name	: AMD FX(tm)-8320 Eight-Core Processor           
stepping	: 0
microcode	: 0x6000822
cpu MHz		: 1400.000
cache size	: 2048 KB
physical id	: 0
siblings	: 8
core id		: 1
cpu cores	: 4
apicid		: 17
initial apicid	: 1
fpu		: yes
fpu_exception	: yes
cpuid level	: 13
wp		: yes
flags		: fpu vme de pse tsc msr pae mce cx8 apic sep mtrr pge mca cmov pat pse36 clflush mmx fxsr sse sse2 ht syscall nx mmxext fxsr_opt pdpe1gb rdtscp lm constant_tsc rep_good nopl nonstop_tsc extd_apicid aperfmperf pni pclmulqdq monitor ssse3 fma cx16 sse4_1 sse4_2 popcnt aes xsave avx f16c lahf_lm cmp_legacy svm extapic cr8_legacy abm sse4a misalignsse 3dnowprefetch osvw ibs xop skinit wdt lwp fma4 tce nodeid_msr tbm topoext perfctr_core perfctr_nb arat cpb hw_pstate npt lbrv svm_lock nrip_save tsc_scale vmcb_clean flushbyasid decodeassists pausefilter pfthreshold vmmcall bmi1
bogomips	: 7000.16
TLB size	: 1536 4K pages
clflush size	: 64
cache_alignment	: 64
address sizes	: 48 bits physical, 48 bits virtual
power management: ts ttp tm 100mhzsteps hwpstate cpb eff_freq_ro

processor	: 2
vendor_id	: AuthenticAMD
cpu family	: 21
model		: 2
model name	: AMD FX(tm)-8320 Eight-Core Processor           
stepping	: 0
microcode	: 0x6000822
cpu MHz		: 2900.000
cache size	: 2048 KB
physical id	: 0
siblings	: 8
core id		: 2
cpu cores	: 4
apicid		: 18
initial apicid	: 2
fpu		: yes
fpu_exception	: yes
cpuid level	: 13
wp		: yes
flags		: fpu vme de pse tsc msr pae mce cx8 apic sep mtrr pge mca cmov pat pse36 clflush mmx fxsr sse sse2 ht syscall nx mmxext fxsr_opt pdpe1gb rdtscp lm constant_tsc rep_good nopl nonstop_tsc extd_apicid aperfmperf pni pclmulqdq monitor ssse3 fma cx16 sse4_1 sse4_2 popcnt aes xsave avx f16c lahf_lm cmp_legacy svm extapic cr8_legacy abm sse4a misalignsse 3dnowprefetch osvw ibs xop skinit wdt lwp fma4 tce nodeid_msr tbm topoext perfctr_core perfctr_nb arat cpb hw_pstate npt lbrv svm_lock nrip_save tsc_scale vmcb_clean flushbyasid decodeassists pausefilter pfthreshold vmmcall bmi1
bogomips	: 7000.16
TLB size	: 1536 4K pages
clflush size	: 64
cache_alignment	: 64
address sizes	: 48 bits physical, 48 bits virtual
power management: ts ttp tm 100mhzsteps hwpstate cpb eff_freq_ro

processor	: 3
vendor_id	: AuthenticAMD
cpu family	: 21
model		: 2
model name	: AMD FX(tm)-8320 Eight-Core Processor           
stepping	: 0
microcode	: 0x6000822
cpu MHz		: 3500.000
cache size	: 2048 KB
physical id	: 0
siblings	: 8
core id		: 3
cpu cores	: 4
apicid		: 19
initial apicid	: 3
fpu		: yes
fpu_exception	: yes
cpuid level	: 13
wp		: yes
flags		: fpu vme de pse tsc msr pae mce cx8 apic sep mtrr pge mca cmov pat pse36 clflush mmx fxsr sse sse2 ht syscall nx mmxext fxsr_opt pdpe1gb rdtscp lm constant_tsc rep_good nopl nonstop_tsc extd_apicid aperfmperf pni pclmulqdq monitor ssse3 fma cx16 sse4_1 sse4_2 popcnt aes xsave avx f16c lahf_lm cmp_legacy svm extapic cr8_legacy abm sse4a misalignsse 3dnowprefetch osvw ibs xop skinit wdt lwp fma4 tce nodeid_msr tbm topoext perfctr_core perfctr_nb arat cpb hw_pstate npt lbrv svm_lock nrip_save tsc_scale vmcb_clean flushbyasid decodeassists pausefilter pfthreshold vmmcall bmi1
bogomips	: 7000.16
TLB size	: 1536 4K pages
clflush size	: 64
cache_alignment	: 64
address sizes	: 48 bits physical, 48 bits virtual
power management: ts ttp tm 100mhzsteps hwpstate cpb eff_freq_ro

processor	: 4
vendor_id	: AuthenticAMD
cpu family	: 21
model		: 2
model name	: AMD FX(tm)-8320 Eight-Core Processor           
stepping	: 0
microcode	: 0x6000822
cpu MHz		: 1400.000
cache size	: 2048 KB
physical id	: 0
siblings	: 8
core id		: 4
cpu cores	: 4
apicid		: 20
initial apicid	: 4
fpu		: yes
fpu_exception	: yes
cpuid level	: 13
wp		: yes
flags		: fpu vme de pse tsc msr pae mce cx8 apic sep mtrr pge mca cmov pat pse36 clflush mmx fxsr sse sse2 ht syscall nx mmxext fxsr_opt pdpe1gb rdtscp lm constant_tsc rep_good nopl nonstop_tsc extd_apicid aperfmperf pni pclmulqdq monitor ssse3 fma cx16 sse4_1 sse4_2 popcnt aes xsave avx f16c lahf_lm cmp_legacy svm extapic cr8_legacy abm sse4a misalignsse 3dnowprefetch osvw ibs xop skinit wdt lwp fma4 tce nodeid_msr tbm topoext perfctr_core perfctr_nb arat cpb hw_pstate npt lbrv svm_lock nrip_save tsc_scale vmcb_clean flushbyasid decodeassists pausefilter pfthreshold vmmcall bmi1
bogomips	: 7000.16
TLB size	: 1536 4K pages
clflush size	: 64
cache_alignment	: 64
address sizes	: 48 bits physical, 48 bits virtual
power management: ts ttp tm 100mhzsteps hwpstate cpb eff_freq_ro

processor	: 5
vendor_id	: AuthenticAMD
cpu family	: 21
model		: 2
model name	: AMD FX(tm)-8320 Eight-Core Processor           
stepping	: 0
microcode	: 0x6000822
cpu MHz		: 1400.000
cache size	: 2048 KB
physical id	: 0
siblings	: 8
core id		: 5
cpu cores	: 4
apicid		: 21
initial apicid	: 5
fpu		: yes
fpu_exception	: yes
cpuid level	: 13
wp		: yes
flags		: fpu vme de pse tsc msr pae mce cx8 apic sep mtrr pge mca cmov pat pse36 clflush mmx fxsr sse sse2 ht syscall nx mmxext fxsr_opt pdpe1gb rdtscp lm constant_tsc rep_good nopl nonstop_tsc extd_apicid aperfmperf pni pclmulqdq monitor ssse3 fma cx16 sse4_1 sse4_2 popcnt aes xsave avx f16c lahf_lm cmp_legacy svm extapic cr8_legacy abm sse4a misalignsse 3dnowprefetch osvw ibs xop skinit wdt lwp fma4 tce nodeid_msr tbm topoext perfctr_core perfctr_nb arat cpb hw_pstate npt lbrv svm_lock nrip_save tsc_scale vmcb_clean flushbyasid decodeassists pausefilter pfthreshold vmmcall bmi1
bogomips	: 7000.16
TLB size	: 1536 4K pages
clflush size	: 64
cache_alignment	: 64
address sizes	: 48 bits physical, 48 bits virtual
power management: ts ttp tm 100mhzsteps hwpstate cpb eff_freq_ro

processor	: 6
vendor_id	: AuthenticAMD
cpu family	: 21
model		: 2
model name	: AMD FX(tm)-8320 Eight-Core Processor           
stepping	: 0
microcode	: 0x6000822
cpu MHz		: 3500.000
cache size	: 2048 KB
physical id	: 0
siblings	: 8
core id		: 6
cpu cores	: 4
apicid		: 22
initial apicid	: 6
fpu		: yes
fpu_exception	: yes
cpuid level	: 13
wp		: yes
flags		: fpu vme de pse tsc msr pae mce cx8 apic sep mtrr pge mca cmov pat pse36 clflush mmx fxsr sse sse2 ht syscall nx mmxext fxsr_opt pdpe1gb rdtscp lm constant_tsc rep_good nopl nonstop_tsc extd_apicid aperfmperf pni pclmulqdq monitor ssse3 fma cx16 sse4_1 sse4_2 popcnt aes xsave avx f16c lahf_lm cmp_legacy svm extapic cr8_legacy abm sse4a misalignsse 3dnowprefetch osvw ibs xop skinit wdt lwp fma4 tce nodeid_msr tbm topoext perfctr_core perfctr_nb arat cpb hw_pstate npt lbrv svm_lock nrip_save tsc_scale vmcb_clean flushbyasid decodeassists pausefilter pfthreshold vmmcall bmi1
bogomips	: 7000.16
TLB size	: 1536 4K pages
clflush size	: 64
cache_alignment	: 64
address sizes	: 48 bits physical, 48 bits virtual
power management: ts ttp tm 100mhzsteps hwpstate cpb eff_freq_ro

processor	: 7
vendor_id	: AuthenticAMD
cpu family	: 21
model		: 2
model name	: AMD FX(tm)-8320 Eight-Core Processor           
stepping	: 0
microcode	: 0x6000822
cpu MHz		: 3500.000
cache size	: 2048 KB
physical id	: 0
siblings	: 8
core id		: 7
cpu cores	: 4
apicid		: 23
initial apicid	: 7
fpu		: yes
fpu_exception	: yes
cpuid level	: 13
wp		: yes
flags		: fpu vme de pse tsc msr pae mce cx8 apic sep mtrr pge mca cmov pat pse36 clflush mmx fxsr sse sse2 ht syscall nx mmxext fxsr_opt pdpe1gb rdtscp lm constant_tsc rep_good nopl nonstop_tsc extd_apicid aperfmperf pni pclmulqdq monitor ssse3 fma cx16 sse4_1 sse4_2 popcnt aes xsave avx f16c lahf_lm cmp_legacy svm extapic cr8_legacy abm sse4a misalignsse 3dnowprefetch osvw ibs xop skinit wdt lwp fma4 tce nodeid_msr tbm topoext perfctr_core perfctr_nb arat cpb hw_pstate npt lbrv svm_lock nrip_save tsc_scale vmcb_clean flushbyasid decodeassists pausefilter pfthreshold vmmcall bmi1
bogomips	: 7000.16
TLB size	: 1536 4K pages
clflush size	: 64
cache_alignment	: 64
address sizes	: 48 bits physical, 48 bits virtual
power management: ts ttp tm 100mhzsteps hwpstate cpb eff_freq_ro



Memory: 4k page, physical 16352924k(9031644k free), swap 0k(0k free)

vm_info: OpenJDK 64-Bit Server VM (24.85-b03) for linux-amd64 JRE (1.7.0_85-b01), built on Oct 31 2015 21:30:47 by "jmm" with gcc 4.9.2

time: Tue Jan 10 23:12:46 2017
elapsed time: 1 seconds

