#
# A fatal error has been detected by the Java Runtime Environment:
#
#  SIGSEGV (0xb) at pc=0x0000000040ef9ee3, pid=14206, tid=140038239483648
#
# JRE version: OpenJDK Runtime Environment (7.0_85-b01) (build 1.7.0_85-b01)
# Java VM: OpenJDK 64-Bit Server VM (24.85-b03 mixed mode linux-amd64 compressed oops)
# Derivative: IcedTea 2.6.1
# Distribution: Debian GNU/Linux 8.2 (jessie), package 7u85-2.6.1-6+deb8u1
# Problematic frame:
# C  0x0000000040ef9ee3
#
# Failed to write core dump. Core dumps have been disabled. To enable core dumping, try "ulimit -c unlimited" before starting Java again
#
# If you would like to submit a bug report, please include
# instructions on how to reproduce the bug and visit:
#   http://icedtea.classpath.org/bugzilla
# The crash happened outside the Java Virtual Machine in native code.
# See problematic frame for where to report the bug.
#

---------------  T H R E A D  ---------------

Current thread (0x00007f5d2800d000):  JavaThread "main" [_thread_in_native, id=14208, stack(0x00007f5d3174f000,0x00007f5d31850000)]

siginfo:si_signo=SIGSEGV: si_errno=0, si_code=1 (SEGV_MAPERR), si_addr=0x0000000000000000

Registers:
RAX=0x00007f5cbbb54534, RBX=0x00000000401a5000, RCX=0x0000000000000000, RDX=0x0000000000000066
RSP=0x00007f5d3184e6c8, RBP=0x000000003f080000, RSI=0x0000000000000000, RDI=0x0000000000000000
R8 =0x00007f5d28799660, R9 =0x00000001235a0000, R10=0x247c8b489f75caff, R11=0x0000000000000000
R12=0x0000000000000000, R13=0x0000000000000066, R14=0x0000000000000000, R15=0x00007f5d285d3a20
RIP=0x0000000040ef9ee3, EFLAGS=0x0000000000010246, CSGSFS=0x0000000000000033, ERR=0x0000000000000004
  TRAPNO=0x000000000000000e

Top of Stack: (sp=0x00007f5d3184e6c8)
0x00007f5d3184e6c8:   00007f5cc1fe9fc4 0000000400000000
0x00007f5d3184e6d8:   00007f5d2879a728 00007f5d2800d000
0x00007f5d3184e6e8:   00007f5cc1fea96e 00007f5cbbb54534
0x00007f5d3184e6f8:   00000000401a5000 00000000401e9100
0x00007f5d3184e708:   0000000000000004 0000000000000000
0x00007f5d3184e718:   00007f5d3184e828 00007f5d2800d000
0x00007f5d3184e728:   00007f5cc1bf8798 00007f5d3184e800
0x00007f5d3184e738:   00000066336e1900 00000006fc641f58
0x00007f5d3184e748:   0000000000000000 00000006fc641f58
0x00007f5d3184e758:   00000006fc641f58 00007f5d3184e7e8
0x00007f5d3184e768:   0000000000000000 00000006fc641f58
0x00007f5d3184e778:   00007f5d250185f9 00007f5d2800db98
0x00007f5d3184e788:   00007f5d2800db98 00007f5d2800db78
0x00007f5d3184e798:   00007f5d2800db78 00007f5dfffffffe
0x00007f5d3184e7a8:   00007f5d3184e7a8 00000006fc641f58
0x00007f5d3184e7b8:   00007f5d3184e828 00000006fc65eac0
0x00007f5d3184e7c8:   0000000000000000 00000006fc641f58
0x00007f5d3184e7d8:   0000000000000000 00007f5d3184e808
0x00007f5d3184e7e8:   00007f5d3184e870 00007f5d250060d8
0x00007f5d3184e7f8:   00000007ad560048 00007f5d25012f38
0x00007f5d3184e808:   00007f5cc3506780 00007f5d3184e870
0x00007f5d3184e818:   0000000000000066 0000000000000000
0x00007f5d3184e828:   0000000000000004 00007f5d3184e830
0x00007f5d3184e838:   00000006fc641e4c 00007f5d3184e8a8
0x00007f5d3184e848:   00000006fc65eac0 0000000000000000
0x00007f5d3184e858:   00000006fc641e98 00007f5d3184e808
0x00007f5d3184e868:   00007f5d3184e898 00007f5d3184e8f0
0x00007f5d3184e878:   00007f5d250060d8 00007f5cc3506780
0x00007f5d3184e888:   0000000000000000 00000007ad4f8120
0x00007f5d3184e898:   0000000000000066 0000000000000000
0x00007f5d3184e8a8:   0000000000000004 00007f5d3184e8b0
0x00007f5d3184e8b8:   00000006fc68343b 00007f5d3184e908 

Instructions: (pc=0x0000000040ef9ee3)
0x0000000040ef9ec3:   68 04 48 be 78 5d 1f 40 00 00 00 00 48 8b 36 48
0x0000000040ef9ed3:   8b b6 38 03 00 00 48 8b f9 48 c1 e7 04 48 03 f7
0x0000000040ef9ee3:   8b 3e 8b 6e 04 89 78 08 89 68 0c 8b 7e 08 8b 6e
0x0000000040ef9ef3:   0c 89 78 10 89 68 14 48 83 c0 18 ff c1 ff ca 75 

Register to memory mapping:

RAX=0x00007f5cbbb54534 is an unknown value
RBX=0x00000000401a5000 is an unknown value
RCX=0x0000000000000000 is an unknown value
RDX=0x0000000000000066 is an unknown value
RSP=0x00007f5d3184e6c8 is pointing into the stack for thread: 0x00007f5d2800d000
RBP=0x000000003f080000 is an unknown value
RSI=0x0000000000000000 is an unknown value
RDI=0x0000000000000000 is an unknown value
R8 =0x00007f5d28799660 is an unknown value
R9 =0x00000001235a0000 is an unknown value
R10=0x247c8b489f75caff is an unknown value
R11=0x0000000000000000 is an unknown value
R12=0x0000000000000000 is an unknown value
R13=0x0000000000000066 is an unknown value
R14=0x0000000000000000 is an unknown value
R15=0x00007f5d285d3a20 is an unknown value


Stack: [0x00007f5d3174f000,0x00007f5d31850000],  sp=0x00007f5d3184e6c8,  free space=1021k
Native frames: (J=compiled Java code, j=interpreted, Vv=VM code, C=native code)
C  0x0000000040ef9ee3

[error occurred during error reporting (printing native stack), id 0xb]

Java frames: (J=compiled Java code, j=interpreted, Vv=VM code)
j  org.lwjgl.opengl.GL11.nglDrawArrays(IIIJ)V+0
j  org.lwjgl.opengl.GL11.glDrawArrays(III)V+20
j  fontRendering.FontRenderer.renderText(LfontMeshCreator/GUIText;)V+43
j  fontRendering.FontRenderer.render(Ljava/util/Map;)V+92
j  fontRendering.TextMaster.render()V+6
j  engine.GameLoop.main([Ljava/lang/String;)V+116
v  ~StubRoutines::call_stub

---------------  P R O C E S S  ---------------

Java Threads: ( => current thread )
  0x00007f5d28296800 JavaThread "process reaper" daemon [_thread_blocked, id=14251, stack(0x00007f5cc80ee000,0x00007f5cc8127000)]
  0x00007f5d2828e000 JavaThread "AWT-XAWT" daemon [_thread_in_native, id=14249, stack(0x00007f5cc8127000,0x00007f5cc8228000)]
  0x00007f5d2826d000 JavaThread "Java2D Disposer" daemon [_thread_blocked, id=14248, stack(0x00007f5cc8667000,0x00007f5cc8768000)]
  0x00007f5d280c9800 JavaThread "Service Thread" daemon [_thread_blocked, id=14246, stack(0x00007f5cfa1da000,0x00007f5cfa2db000)]
  0x00007f5d280c7800 JavaThread "C2 CompilerThread1" daemon [_thread_blocked, id=14245, stack(0x00007f5cfa2db000,0x00007f5cfa3dc000)]
  0x00007f5d280c4800 JavaThread "C2 CompilerThread0" daemon [_thread_blocked, id=14244, stack(0x00007f5cfa3dc000,0x00007f5cfa4dd000)]
  0x00007f5ce8001000 JavaThread "JDWP Command Reader" daemon [_thread_in_native, id=14243, stack(0x00007f5cfa4dd000,0x00007f5cfa5de000)]
  0x00007f5d280c2000 JavaThread "JDWP Event Helper Thread" daemon [_thread_blocked, id=14241, stack(0x00007f5cfa5de000,0x00007f5cfa6df000)]
  0x00007f5d280be800 JavaThread "JDWP Transport Listener: dt_socket" daemon [_thread_blocked, id=14239, stack(0x00007f5cfa6df000,0x00007f5cfa7e0000)]
  0x00007f5d280b1800 JavaThread "Signal Dispatcher" daemon [_thread_blocked, id=14238, stack(0x00007f5cfa9ec000,0x00007f5cfaaed000)]
  0x00007f5d28087800 JavaThread "Finalizer" daemon [_thread_blocked, id=14230, stack(0x00007f5cfaaed000,0x00007f5cfabee000)]
  0x00007f5d28085800 JavaThread "Reference Handler" daemon [_thread_blocked, id=14229, stack(0x00007f5cfabee000,0x00007f5cfacef000)]
=>0x00007f5d2800d000 JavaThread "main" [_thread_in_native, id=14208, stack(0x00007f5d3174f000,0x00007f5d31850000)]

Other Threads:
  0x00007f5d28081000 VMThread [stack: 0x00007f5cfacef000,0x00007f5cfadf0000] [id=14226]
  0x00007f5d280d4800 WatcherThread [stack: 0x00007f5cfa0d9000,0x00007f5cfa1da000] [id=14247]

VM state:not at safepoint (normal execution)

VM Mutex/Monitor currently owned by a thread: None

Heap
 PSYoungGen      total 75264K, used 13015K [0x00000007acc80000, 0x00000007b2000000, 0x0000000800000000)
  eden space 65024K, 20% used [0x00000007acc80000,0x00000007ad935d28,0x00000007b0c00000)
  from space 10240K, 0% used [0x00000007b1600000,0x00000007b1600000,0x00000007b2000000)
  to   space 10240K, 0% used [0x00000007b0c00000,0x00000007b0c00000,0x00000007b1600000)
 ParOldGen       total 169984K, used 0K [0x0000000706600000, 0x0000000710c00000, 0x00000007acc80000)
  object space 169984K, 0% used [0x0000000706600000,0x0000000706600000,0x0000000710c00000)
 PSPermGen       total 21504K, used 7657K [0x00000006fc000000, 0x00000006fd500000, 0x0000000706600000)
  object space 21504K, 35% used [0x00000006fc000000,0x00000006fc77a598,0x00000006fd500000)

Card table byte_map: [0x00007f5d2d517000,0x00007f5d2dd38000] byte_map_base: 0x00007f5d29d37000

Polling page: 0x00007f5d3174e000

Code Cache  [0x00007f5d25000000, 0x00007f5d25270000, 0x00007f5d28000000)
 total_blobs=467 nmethods=33 adapters=397 free_code_cache=48574Kb largest_free_block=49723072

Compilation events (10 events):
Event: 0.968 Thread 0x00007f5d280c4800   29             java.lang.Math::min (11 bytes)
Event: 0.968 Thread 0x00007f5d280c4800 nmethod 29 0x00007f5d25077f10 code [0x00007f5d25078040, 0x00007f5d25078078]
Event: 0.968 Thread 0x00007f5d280c7800   30             java.lang.String::replace (127 bytes)
Event: 0.982 Thread 0x00007f5d280c7800 nmethod 30 0x00007f5d25088210 code [0x00007f5d25088380, 0x00007f5d25088898]
Event: 1.025 Thread 0x00007f5d280c4800   31   !         java.io.BufferedReader::readLine (304 bytes)
Event: 1.032 Thread 0x00007f5d280c7800   32             sun.nio.cs.UTF_8$Decoder::decodeArrayLoop (543 bytes)
Event: 1.041 Thread 0x00007f5d280c4800 nmethod 31 0x00007f5d2508ca50 code [0x00007f5d2508cc20, 0x00007f5d2508dc40]
Event: 1.054 Thread 0x00007f5d280c7800 nmethod 32 0x00007f5d25090a50 code [0x00007f5d25090d00, 0x00007f5d25091cf0]
Event: 1.060 Thread 0x00007f5d280c4800   33             java.lang.String::indexOf (166 bytes)
Event: 1.067 Thread 0x00007f5d280c4800 nmethod 33 0x00007f5d2508eb90 code [0x00007f5d2508ed00, 0x00007f5d2508f238]

GC Heap History (0 events):
No events

Deoptimization events (3 events):
Event: 0.115 Thread 0x00007f5d2800d000 Uncommon trap: reason=unstable_if action=reinterpret pc=0x00007f5d2505fb5c method=java.lang.String.indexOf(II)I @ 49
Event: 0.170 Thread 0x00007f5d2800d000 Uncommon trap: reason=unstable_if action=reinterpret pc=0x00007f5d25061aec method=java.lang.String.indexOf([CII[CIII)I @ 123
Event: 0.960 Thread 0x00007f5d2800d000 Uncommon trap: reason=unstable_if action=reinterpret pc=0x00007f5d25077b00 method=java.lang.String.indexOf([CII[CIII)I @ 3

Internal exceptions (10 events):
Event: 1.056 Thread 0x00007f5d2800d000 Threw 0x00000007ad889d50 at /home/jmm/jdk2/openjdk-7-7u85-2.6.1/build/openjdk/hotspot/src/share/vm/prims/jvm.cpp:1322
Event: 1.056 Thread 0x00007f5d2800d000 Threw 0x00000007ad88e780 at /home/jmm/jdk2/openjdk-7-7u85-2.6.1/build/openjdk/hotspot/src/share/vm/prims/jvm.cpp:1322
Event: 1.057 Thread 0x00007f5d2800d000 Threw 0x00000007ad892ee8 at /home/jmm/jdk2/openjdk-7-7u85-2.6.1/build/openjdk/hotspot/src/share/vm/prims/jvm.cpp:1322
Event: 1.058 Thread 0x00007f5d2800d000 Threw 0x00000007ad896760 at /home/jmm/jdk2/openjdk-7-7u85-2.6.1/build/openjdk/hotspot/src/share/vm/prims/jvm.cpp:1322
Event: 1.060 Thread 0x00007f5d2800d000 Threw 0x00000007ad89d5f0 at /home/jmm/jdk2/openjdk-7-7u85-2.6.1/build/openjdk/hotspot/src/share/vm/prims/jvm.cpp:1322
Event: 1.061 Thread 0x00007f5d2800d000 Threw 0x00000007ad8a1698 at /home/jmm/jdk2/openjdk-7-7u85-2.6.1/build/openjdk/hotspot/src/share/vm/prims/jvm.cpp:1322
Event: 1.062 Thread 0x00007f5d2800d000 Threw 0x00000007ad8a5ef0 at /home/jmm/jdk2/openjdk-7-7u85-2.6.1/build/openjdk/hotspot/src/share/vm/prims/jvm.cpp:1322
Event: 1.064 Thread 0x00007f5d2800d000 Threw 0x00000007ad8b2c88 at /home/jmm/jdk2/openjdk-7-7u85-2.6.1/build/openjdk/hotspot/src/share/vm/prims/jvm.cpp:1322
Event: 1.065 Thread 0x00007f5d2800d000 Threw 0x00000007ad8b6608 at /home/jmm/jdk2/openjdk-7-7u85-2.6.1/build/openjdk/hotspot/src/share/vm/prims/jvm.cpp:1322
Event: 1.066 Thread 0x00007f5d2800d000 Threw 0x00000007ad8b9d98 at /home/jmm/jdk2/openjdk-7-7u85-2.6.1/build/openjdk/hotspot/src/share/vm/prims/jvm.cpp:1322

Events (10 events):
Event: 1.061 loading class 0x00007f5d28a6ab60
Event: 1.061 loading class 0x00007f5d28a6ab60 done
Event: 1.062 loading class 0x00007f5d2873b6b0
Event: 1.062 loading class 0x00007f5d2873b6b0 done
Event: 1.064 loading class 0x00007f5d28179380
Event: 1.064 loading class 0x00007f5d28179380 done
Event: 1.065 loading class 0x00007f5d281793b0
Event: 1.065 loading class 0x00007f5d281793b0 done
Event: 1.066 loading class 0x00007f5d2873b6e0
Event: 1.066 loading class 0x00007f5d2873b6e0 done


Dynamic libraries:
00400000-00401000 r-xp 00000000 08:01 2101986                            /usr/lib/jvm/java-7-openjdk-amd64/jre/bin/java
00600000-00601000 r--p 00000000 08:01 2101986                            /usr/lib/jvm/java-7-openjdk-amd64/jre/bin/java
00601000-00602000 rw-p 00001000 08:01 2101986                            /usr/lib/jvm/java-7-openjdk-amd64/jre/bin/java
0119d000-011be000 rw-p 00000000 00:00 0                                  [heap]
401a5000-40244000 rw-p 00000000 00:00 0 
40ef8000-40efa000 r-xs 00000000 08:12 34                                 /tmp/.glADCERR (deleted)
6fc000000-6fd500000 rw-p 00000000 00:00 0 
6fd500000-706600000 rw-p 00000000 00:00 0 
706600000-710c00000 rw-p 00000000 00:00 0 
710c00000-7acc80000 rw-p 00000000 00:00 0 
7acc80000-7b2000000 rw-p 00000000 00:00 0 
7b2000000-800000000 rw-p 00000000 00:00 0 
7f5cb4000000-7f5cb4021000 rw-p 00000000 00:00 0 
7f5cb4021000-7f5cb8000000 ---p 00000000 00:00 0 
7f5cbbafa000-7f5cbbcfa000 rw-s 33b27a000 00:05 17965                     /dev/nvidiactl
7f5cbbcff000-7f5cbc000000 rw-p 00000000 00:00 0 
7f5cbc000000-7f5cbc021000 rw-p 00000000 00:00 0 
7f5cbc021000-7f5cc0000000 ---p 00000000 00:00 0 
7f5cc0008000-7f5cc0020000 r-xp 00000000 08:01 2101942                    /usr/lib/jvm/java-7-openjdk-amd64/jre/lib/amd64/libnet.so
7f5cc0020000-7f5cc021f000 ---p 00018000 08:01 2101942                    /usr/lib/jvm/java-7-openjdk-amd64/jre/lib/amd64/libnet.so
7f5cc021f000-7f5cc0220000 r--p 00017000 08:01 2101942                    /usr/lib/jvm/java-7-openjdk-amd64/jre/lib/amd64/libnet.so
7f5cc0220000-7f5cc0221000 rw-p 00018000 08:01 2101942                    /usr/lib/jvm/java-7-openjdk-amd64/jre/lib/amd64/libnet.so
7f5cc0228000-7f5cc0239000 r-xp 00000000 08:01 2101924                    /usr/lib/jvm/java-7-openjdk-amd64/jre/lib/amd64/libnio.so
7f5cc0239000-7f5cc0438000 ---p 00011000 08:01 2101924                    /usr/lib/jvm/java-7-openjdk-amd64/jre/lib/amd64/libnio.so
7f5cc0438000-7f5cc0439000 r--p 00010000 08:01 2101924                    /usr/lib/jvm/java-7-openjdk-amd64/jre/lib/amd64/libnio.so
7f5cc0439000-7f5cc043a000 rw-p 00011000 08:01 2101924                    /usr/lib/jvm/java-7-openjdk-amd64/jre/lib/amd64/libnio.so
7f5cc0441000-7f5cc04c1000 rw-s 33fa29000 00:05 17965                     /dev/nvidiactl
7f5cc04c8000-7f5cc04ca000 rw-s 00000000 08:12 34                         /tmp/.glADCERR (deleted)
7f5cc04cf000-7f5cc054f000 rw-s 3b2697000 00:05 17965                     /dev/nvidiactl
7f5cc054f000-7f5cc05cf000 rw-s 33b18f000 00:05 17965                     /dev/nvidiactl
7f5cc05d1000-7f5cc06d1000 rw-s 35b891000 00:05 17965                     /dev/nvidiactl
7f5cc06d3000-7f5cc06e6000 rw-s 3b2663000 00:05 17965                     /dev/nvidiactl
7f5cc06e8000-7f5cc0708000 rw-s c0260000 00:05 19540                      /dev/nvidia0
7f5cc070f000-7f5cc074f000 rw-s 267857000 00:05 17965                     /dev/nvidiactl
7f5cc0756000-7f5cc0796000 rw-s 2fd19e000 00:05 17965                     /dev/nvidiactl
7f5cc0798000-7f5cc2195000 r-xp 00000000 08:01 1339821                    /usr/lib/x86_64-linux-gnu/libnvidia-glcore.so.352.55
7f5cc2195000-7f5cc21b5000 rwxp 019fd000 08:01 1339821                    /usr/lib/x86_64-linux-gnu/libnvidia-glcore.so.352.55
7f5cc21b5000-7f5cc247c000 r-xp 01a1d000 08:01 1339821                    /usr/lib/x86_64-linux-gnu/libnvidia-glcore.so.352.55
7f5cc247c000-7f5cc267b000 ---p 01ce4000 08:01 1339821                    /usr/lib/x86_64-linux-gnu/libnvidia-glcore.so.352.55
7f5cc267b000-7f5cc3217000 rw-p 01ce3000 08:01 1339821                    /usr/lib/x86_64-linux-gnu/libnvidia-glcore.so.352.55
7f5cc3217000-7f5cc322b000 rw-p 00000000 00:00 0 
7f5cc3230000-7f5cc3233000 r-xp 00000000 08:01 1339825                    /usr/lib/x86_64-linux-gnu/tls/libnvidia-tls.so.352.55
7f5cc3233000-7f5cc3432000 ---p 00003000 08:01 1339825                    /usr/lib/x86_64-linux-gnu/tls/libnvidia-tls.so.352.55
7f5cc3432000-7f5cc3433000 rw-p 00002000 08:01 1339825                    /usr/lib/x86_64-linux-gnu/tls/libnvidia-tls.so.352.55
7f5cc3438000-7f5cc34f6000 r-xp 00000000 08:01 1339822                    /usr/lib/x86_64-linux-gnu/libGL.so.352.55
7f5cc34f6000-7f5cc3529000 rwxp 000be000 08:01 1339822                    /usr/lib/x86_64-linux-gnu/libGL.so.352.55
7f5cc3529000-7f5cc353b000 r-xp 000f1000 08:01 1339822                    /usr/lib/x86_64-linux-gnu/libGL.so.352.55
7f5cc353b000-7f5cc373a000 ---p 00103000 08:01 1339822                    /usr/lib/x86_64-linux-gnu/libGL.so.352.55
7f5cc373a000-7f5cc3762000 rw-p 00102000 08:01 1339822                    /usr/lib/x86_64-linux-gnu/libGL.so.352.55
7f5cc3762000-7f5cc3768000 rw-p 00000000 00:00 0 
7f5cc3768000-7f5cc376d000 r-xp 00000000 08:01 1317786                    /usr/lib/x86_64-linux-gnu/libXxf86vm.so.1.0.0
7f5cc376d000-7f5cc396c000 ---p 00005000 08:01 1317786                    /usr/lib/x86_64-linux-gnu/libXxf86vm.so.1.0.0
7f5cc396c000-7f5cc396d000 r--p 00004000 08:01 1317786                    /usr/lib/x86_64-linux-gnu/libXxf86vm.so.1.0.0
7f5cc396d000-7f5cc396e000 rw-p 00005000 08:01 1317786                    /usr/lib/x86_64-linux-gnu/libXxf86vm.so.1.0.0
7f5cc3970000-7f5cc3979000 r-xp 00000000 08:01 1317776                    /usr/lib/x86_64-linux-gnu/libXrandr.so.2.2.0
7f5cc3979000-7f5cc3b78000 ---p 00009000 08:01 1317776                    /usr/lib/x86_64-linux-gnu/libXrandr.so.2.2.0
7f5cc3b78000-7f5cc3b79000 r--p 00008000 08:01 1317776                    /usr/lib/x86_64-linux-gnu/libXrandr.so.2.2.0
7f5cc3b79000-7f5cc3b7a000 rw-p 00009000 08:01 1317776                    /usr/lib/x86_64-linux-gnu/libXrandr.so.2.2.0
7f5cc3b80000-7f5cc3bf0000 r-xp 00000000 08:13 9045172                    /home/mart/IdeaProjects/Multiplayer World 2/libs/liblwjgl64.so
7f5cc3bf0000-7f5cc3df0000 ---p 00070000 08:13 9045172                    /home/mart/IdeaProjects/Multiplayer World 2/libs/liblwjgl64.so
7f5cc3df0000-7f5cc3df2000 r--p 00070000 08:13 9045172                    /home/mart/IdeaProjects/Multiplayer World 2/libs/liblwjgl64.so
7f5cc3df2000-7f5cc3df3000 rw-p 00072000 08:13 9045172                    /home/mart/IdeaProjects/Multiplayer World 2/libs/liblwjgl64.so
7f5cc3df8000-7f5cc3df9000 r-xp 00000000 08:01 2101945                    /usr/lib/jvm/java-7-openjdk-amd64/jre/lib/amd64/libjawt.so
7f5cc3df9000-7f5cc3ff8000 ---p 00001000 08:01 2101945                    /usr/lib/jvm/java-7-openjdk-amd64/jre/lib/amd64/libjawt.so
7f5cc3ff8000-7f5cc3ff9000 r--p 00000000 08:01 2101945                    /usr/lib/jvm/java-7-openjdk-amd64/jre/lib/amd64/libjawt.so
7f5cc3ff9000-7f5cc3ffa000 rw-p 00001000 08:01 2101945                    /usr/lib/jvm/java-7-openjdk-amd64/jre/lib/amd64/libjawt.so
7f5cc4000000-7f5cc4021000 rw-p 00000000 00:00 0 
7f5cc4021000-7f5cc8000000 ---p 00000000 00:00 0 
7f5cc8002000-7f5cc8003000 rw-s 3b2662000 00:05 17965                     /dev/nvidiactl
7f5cc8008000-7f5cc800c000 rw-s 2fdd58000 00:05 17965                     /dev/nvidiactl
7f5cc800c000-7f5cc800d000 rw-s cfd64000 00:05 19540                      /dev/nvidia0
7f5cc8014000-7f5cc8034000 rw-s 2679a4000 00:05 17965                     /dev/nvidiactl
7f5cc8034000-7f5cc8035000 rw-s cfd64000 00:05 19540                      /dev/nvidia0
7f5cc8036000-7f5cc80ea000 rw-s 42b5be000 00:05 17965                     /dev/nvidiactl
7f5cc80ee000-7f5cc80f1000 ---p 00000000 00:00 0 
7f5cc80f1000-7f5cc8127000 rw-p 00000000 00:00 0                          [stack:14251]
7f5cc8127000-7f5cc812a000 ---p 00000000 00:00 0 
7f5cc812a000-7f5cc8228000 rw-p 00000000 00:00 0                          [stack:14249]
7f5cc8228000-7f5cc822d000 r-xp 00000000 08:01 1318319                    /usr/lib/x86_64-linux-gnu/libXfixes.so.3.1.0
7f5cc822d000-7f5cc842c000 ---p 00005000 08:01 1318319                    /usr/lib/x86_64-linux-gnu/libXfixes.so.3.1.0
7f5cc842c000-7f5cc842d000 r--p 00004000 08:01 1318319                    /usr/lib/x86_64-linux-gnu/libXfixes.so.3.1.0
7f5cc842d000-7f5cc842e000 rw-p 00005000 08:01 1318319                    /usr/lib/x86_64-linux-gnu/libXfixes.so.3.1.0
7f5cc8430000-7f5cc843a000 r-xp 00000000 08:01 1318351                    /usr/lib/x86_64-linux-gnu/libXcursor.so.1.0.2
7f5cc843a000-7f5cc8639000 ---p 0000a000 08:01 1318351                    /usr/lib/x86_64-linux-gnu/libXcursor.so.1.0.2
7f5cc8639000-7f5cc863a000 r--p 00009000 08:01 1318351                    /usr/lib/x86_64-linux-gnu/libXcursor.so.1.0.2
7f5cc863a000-7f5cc863b000 rw-p 0000a000 08:01 1318351                    /usr/lib/x86_64-linux-gnu/libXcursor.so.1.0.2
7f5cc863d000-7f5cc865d000 rw-s 35b835000 00:05 17965                     /dev/nvidiactl
7f5cc8662000-7f5cc8663000 rw-s fd642000 00:05 19540                      /dev/nvidia0
7f5cc8667000-7f5cc866a000 ---p 00000000 00:00 0 
7f5cc866a000-7f5cc8768000 rw-p 00000000 00:00 0                          [stack:14248]
7f5cc8768000-7f5cc87af000 r-xp 00000000 08:01 6423007                    /lib/x86_64-linux-gnu/libdbus-1.so.3.8.13
7f5cc87af000-7f5cc89ae000 ---p 00047000 08:01 6423007                    /lib/x86_64-linux-gnu/libdbus-1.so.3.8.13
7f5cc89ae000-7f5cc89af000 r--p 00046000 08:01 6423007                    /lib/x86_64-linux-gnu/libdbus-1.so.3.8.13
7f5cc89af000-7f5cc89b0000 rw-p 00047000 08:01 6423007                    /lib/x86_64-linux-gnu/libdbus-1.so.3.8.13
7f5cc89b0000-7f5cc8a31000 r-xp 00000000 08:01 1315106                    /usr/lib/x86_64-linux-gnu/libgmp.so.10.2.0
7f5cc8a31000-7f5cc8c31000 ---p 00081000 08:01 1315106                    /usr/lib/x86_64-linux-gnu/libgmp.so.10.2.0
7f5cc8c31000-7f5cc8c32000 r--p 00081000 08:01 1315106                    /usr/lib/x86_64-linux-gnu/libgmp.so.10.2.0
7f5cc8c32000-7f5cc8c33000 rw-p 00082000 08:01 1315106                    /usr/lib/x86_64-linux-gnu/libgmp.so.10.2.0
7f5cc8c38000-7f5cc8c66000 r-xp 00000000 08:01 1315110                    /usr/lib/x86_64-linux-gnu/libhogweed.so.2.5
7f5cc8c66000-7f5cc8e65000 ---p 0002e000 08:01 1315110                    /usr/lib/x86_64-linux-gnu/libhogweed.so.2.5
7f5cc8e65000-7f5cc8e66000 r--p 0002d000 08:01 1315110                    /usr/lib/x86_64-linux-gnu/libhogweed.so.2.5
7f5cc8e66000-7f5cc8e67000 rw-p 0002e000 08:01 1315110                    /usr/lib/x86_64-linux-gnu/libhogweed.so.2.5
7f5cc8e68000-7f5cc8e98000 r-xp 00000000 08:01 1315108                    /usr/lib/x86_64-linux-gnu/libnettle.so.4.7
7f5cc8e98000-7f5cc9098000 ---p 00030000 08:01 1315108                    /usr/lib/x86_64-linux-gnu/libnettle.so.4.7
7f5cc9098000-7f5cc9099000 r--p 00030000 08:01 1315108                    /usr/lib/x86_64-linux-gnu/libnettle.so.4.7
7f5cc9099000-7f5cc909a000 rw-p 00031000 08:01 1315108                    /usr/lib/x86_64-linux-gnu/libnettle.so.4.7
7f5cc90a0000-7f5cc90b1000 r-xp 00000000 08:01 1315458                    /usr/lib/x86_64-linux-gnu/libtasn1.so.6.3.2
7f5cc90b1000-7f5cc92b1000 ---p 00011000 08:01 1315458                    /usr/lib/x86_64-linux-gnu/libtasn1.so.6.3.2
7f5cc92b1000-7f5cc92b3000 r--p 00011000 08:01 1315458                    /usr/lib/x86_64-linux-gnu/libtasn1.so.6.3.2
7f5cc92b3000-7f5cc92b4000 rw-p 00013000 08:01 1315458                    /usr/lib/x86_64-linux-gnu/libtasn1.so.6.3.2
7f5cc92b8000-7f5cc92f4000 r-xp 00000000 08:01 1315113                    /usr/lib/x86_64-linux-gnu/libp11-kit.so.0.0.0
7f5cc92f4000-7f5cc94f3000 ---p 0003c000 08:01 1315113                    /usr/lib/x86_64-linux-gnu/libp11-kit.so.0.0.0
7f5cc94f3000-7f5cc94fc000 r--p 0003b000 08:01 1315113                    /usr/lib/x86_64-linux-gnu/libp11-kit.so.0.0.0
7f5cc94fc000-7f5cc94fe000 rw-p 00044000 08:01 1315113                    /usr/lib/x86_64-linux-gnu/libp11-kit.so.0.0.0
7f5cc9500000-7f5cc9503000 r-xp 00000000 08:01 6422538                    /lib/x86_64-linux-gnu/libkeyutils.so.1.5
7f5cc9503000-7f5cc9702000 ---p 00003000 08:01 6422538                    /lib/x86_64-linux-gnu/libkeyutils.so.1.5
7f5cc9702000-7f5cc9703000 r--p 00002000 08:01 6422538                    /lib/x86_64-linux-gnu/libkeyutils.so.1.5
7f5cc9703000-7f5cc9704000 rw-p 00003000 08:01 6422538                    /lib/x86_64-linux-gnu/libkeyutils.so.1.5
7f5cc9708000-7f5cc9713000 r-xp 00000000 08:01 1317160                    /usr/lib/x86_64-linux-gnu/libkrb5support.so.0.1
7f5cc9713000-7f5cc9912000 ---p 0000b000 08:01 1317160                    /usr/lib/x86_64-linux-gnu/libkrb5support.so.0.1
7f5cc9912000-7f5cc9913000 r--p 0000a000 08:01 1317160                    /usr/lib/x86_64-linux-gnu/libkrb5support.so.0.1
7f5cc9913000-7f5cc9914000 rw-p 0000b000 08:01 1317160                    /usr/lib/x86_64-linux-gnu/libkrb5support.so.0.1
7f5cc9918000-7f5cc991b000 r-xp 00000000 08:01 6422616                    /lib/x86_64-linux-gnu/libcom_err.so.2.1
7f5cc991b000-7f5cc9b1a000 ---p 00003000 08:01 6422616                    /lib/x86_64-linux-gnu/libcom_err.so.2.1
7f5cc9b1a000-7f5cc9b1b000 r--p 00002000 08:01 6422616                    /lib/x86_64-linux-gnu/libcom_err.so.2.1
7f5cc9b1b000-7f5cc9b1c000 rw-p 00003000 08:01 6422616                    /lib/x86_64-linux-gnu/libcom_err.so.2.1
7f5cc9b20000-7f5cc9b4e000 r-xp 00000000 08:01 1317162                    /usr/lib/x86_64-linux-gnu/libk5crypto.so.3.1
7f5cc9b4e000-7f5cc9d4d000 ---p 0002e000 08:01 1317162                    /usr/lib/x86_64-linux-gnu/libk5crypto.so.3.1
7f5cc9d4d000-7f5cc9d4f000 r--p 0002d000 08:01 1317162                    /usr/lib/x86_64-linux-gnu/libk5crypto.so.3.1
7f5cc9d4f000-7f5cc9d50000 rw-p 0002f000 08:01 1317162                    /usr/lib/x86_64-linux-gnu/libk5crypto.so.3.1
7f5cc9d50000-7f5cc9d51000 rw-p 00000000 00:00 0 
7f5cc9d58000-7f5cc9e1c000 r-xp 00000000 08:01 1317164                    /usr/lib/x86_64-linux-gnu/libkrb5.so.3.3
7f5cc9e1c000-7f5cca01c000 ---p 000c4000 08:01 1317164                    /usr/lib/x86_64-linux-gnu/libkrb5.so.3.3
7f5cca01c000-7f5cca029000 r--p 000c4000 08:01 1317164                    /usr/lib/x86_64-linux-gnu/libkrb5.so.3.3
7f5cca029000-7f5cca02c000 rw-p 000d1000 08:01 1317164                    /usr/lib/x86_64-linux-gnu/libkrb5.so.3.3
7f5cca030000-7f5cca035000 r-xp 00000000 08:01 1317761                    /usr/lib/x86_64-linux-gnu/libXdmcp.so.6.0.0
7f5cca035000-7f5cca234000 ---p 00005000 08:01 1317761                    /usr/lib/x86_64-linux-gnu/libXdmcp.so.6.0.0
7f5cca234000-7f5cca235000 rw-p 00004000 08:01 1317761                    /usr/lib/x86_64-linux-gnu/libXdmcp.so.6.0.0
7f5cca238000-7f5cca23b000 r-xp 00000000 08:01 1317759                    /usr/lib/x86_64-linux-gnu/libXau.so.6.0.0
7f5cca23b000-7f5cca43a000 ---p 00003000 08:01 1317759                    /usr/lib/x86_64-linux-gnu/libXau.so.6.0.0
7f5cca43a000-7f5cca43b000 r--p 00002000 08:01 1317759                    /usr/lib/x86_64-linux-gnu/libXau.so.6.0.0
7f5cca43b000-7f5cca43c000 rw-p 00003000 08:01 1317759                    /usr/lib/x86_64-linux-gnu/libXau.so.6.0.0
7f5cca440000-7f5cca4ac000 r-xp 00000000 08:01 6423678                    /lib/x86_64-linux-gnu/libpcre.so.3.13.1
7f5cca4ac000-7f5cca6ac000 ---p 0006c000 08:01 6423678                    /lib/x86_64-linux-gnu/libpcre.so.3.13.1
7f5cca6ac000-7f5cca6ad000 r--p 0006c000 08:01 6423678                    /lib/x86_64-linux-gnu/libpcre.so.3.13.1
7f5cca6ad000-7f5cca6ae000 rw-p 0006d000 08:01 6423678                    /lib/x86_64-linux-gnu/libpcre.so.3.13.1
7f5cca6b0000-7f5cca6b7000 r-xp 00000000 08:01 1315076                    /usr/lib/x86_64-linux-gnu/libffi.so.6.0.2
7f5cca6b7000-7f5cca8b6000 ---p 00007000 08:01 1315076                    /usr/lib/x86_64-linux-gnu/libffi.so.6.0.2
7f5cca8b6000-7f5cca8b7000 r--p 00006000 08:01 1315076                    /usr/lib/x86_64-linux-gnu/libffi.so.6.0.2
7f5cca8b7000-7f5cca8b8000 rw-p 00007000 08:01 1315076                    /usr/lib/x86_64-linux-gnu/libffi.so.6.0.2
7f5cca8b8000-7f5cca8cc000 r-xp 00000000 08:01 6425568                    /lib/x86_64-linux-gnu/libresolv-2.19.so
7f5cca8cc000-7f5ccaacb000 ---p 00014000 08:01 6425568                    /lib/x86_64-linux-gnu/libresolv-2.19.so
7f5ccaacb000-7f5ccaacc000 r--p 00013000 08:01 6425568                    /lib/x86_64-linux-gnu/libresolv-2.19.so
7f5ccaacc000-7f5ccaacd000 rw-p 00014000 08:01 6425568                    /lib/x86_64-linux-gnu/libresolv-2.19.so
7f5ccaacd000-7f5ccaacf000 rw-p 00000000 00:00 0 
7f5ccaad0000-7f5ccaaf1000 r-xp 00000000 08:01 6422627                    /lib/x86_64-linux-gnu/libselinux.so.1
7f5ccaaf1000-7f5ccacf1000 ---p 00021000 08:01 6422627                    /lib/x86_64-linux-gnu/libselinux.so.1
7f5ccacf1000-7f5ccacf2000 r--p 00021000 08:01 6422627                    /lib/x86_64-linux-gnu/libselinux.so.1
7f5ccacf2000-7f5ccacf3000 rw-p 00022000 08:01 6422627                    /lib/x86_64-linux-gnu/libselinux.so.1
7f5ccacf3000-7f5ccacf5000 rw-p 00000000 00:00 0 
7f5ccacf8000-7f5ccacfb000 r-xp 00000000 08:01 1318028                    /usr/lib/x86_64-linux-gnu/libgmodule-2.0.so.0.4200.1
7f5ccacfb000-7f5ccaefa000 ---p 00003000 08:01 1318028                    /usr/lib/x86_64-linux-gnu/libgmodule-2.0.so.0.4200.1
7f5ccaefa000-7f5ccaefb000 r--p 00002000 08:01 1318028                    /usr/lib/x86_64-linux-gnu/libgmodule-2.0.so.0.4200.1
7f5ccaefb000-7f5ccaefc000 rw-p 00003000 08:01 1318028                    /usr/lib/x86_64-linux-gnu/libgmodule-2.0.so.0.4200.1
7f5ccaf00000-7f5ccaf26000 r-xp 00000000 08:01 6423568                    /lib/x86_64-linux-gnu/libpng12.so.0.50.0
7f5ccaf26000-7f5ccb125000 ---p 00026000 08:01 6423568                    /lib/x86_64-linux-gnu/libpng12.so.0.50.0
7f5ccb125000-7f5ccb126000 r--p 00025000 08:01 6423568                    /lib/x86_64-linux-gnu/libpng12.so.0.50.0
7f5ccb126000-7f5ccb127000 rw-p 00026000 08:01 6423568                    /lib/x86_64-linux-gnu/libpng12.so.0.50.0
7f5ccb128000-7f5ccb14e000 r-xp 00000000 08:01 6422533                    /lib/x86_64-linux-gnu/libexpat.so.1.6.0
7f5ccb14e000-7f5ccb34d000 ---p 00026000 08:01 6422533                    /lib/x86_64-linux-gnu/libexpat.so.1.6.0
7f5ccb34d000-7f5ccb350000 r--p 00025000 08:01 6422533                    /lib/x86_64-linux-gnu/libexpat.so.1.6.0
7f5ccb350000-7f5ccb351000 rw-p 00028000 08:01 6422533                    /lib/x86_64-linux-gnu/libexpat.so.1.6.0
7f5ccb358000-7f5ccb368000 r-xp 00000000 08:01 1317911                    /usr/lib/x86_64-linux-gnu/libavahi-client.so.3.2.9
7f5ccb368000-7f5ccb567000 ---p 00010000 08:01 1317911                    /usr/lib/x86_64-linux-gnu/libavahi-client.so.3.2.9
7f5ccb567000-7f5ccb568000 r--p 0000f000 08:01 1317911                    /usr/lib/x86_64-linux-gnu/libavahi-client.so.3.2.9
7f5ccb568000-7f5ccb569000 rw-p 00010000 08:01 1317911                    /usr/lib/x86_64-linux-gnu/libavahi-client.so.3.2.9
7f5ccb570000-7f5ccb57c000 r-xp 00000000 08:01 1317908                    /usr/lib/x86_64-linux-gnu/libavahi-common.so.3.5.3
7f5ccb57c000-7f5ccb77b000 ---p 0000c000 08:01 1317908                    /usr/lib/x86_64-linux-gnu/libavahi-common.so.3.5.3
7f5ccb77b000-7f5ccb77c000 r--p 0000b000 08:01 1317908                    /usr/lib/x86_64-linux-gnu/libavahi-common.so.3.5.3
7f5ccb77c000-7f5ccb77d000 rw-p 0000c000 08:01 1317908                    /usr/lib/x86_64-linux-gnu/libavahi-common.so.3.5.3
7f5ccb780000-7f5ccb893000 r-xp 00000000 08:01 1314044                    /usr/lib/x86_64-linux-gnu/libgnutls-deb0.so.28.41.0
7f5ccb893000-7f5ccba93000 ---p 00113000 08:01 1314044                    /usr/lib/x86_64-linux-gnu/libgnutls-deb0.so.28.41.0
7f5ccba93000-7f5ccba9c000 r--p 00113000 08:01 1314044                    /usr/lib/x86_64-linux-gnu/libgnutls-deb0.so.28.41.0
7f5ccba9c000-7f5ccba9e000 rw-p 0011c000 08:01 1314044                    /usr/lib/x86_64-linux-gnu/libgnutls-deb0.so.28.41.0
7f5ccba9e000-7f5ccba9f000 rw-p 00000000 00:00 0 
7f5ccbaa0000-7f5ccbae6000 r-xp 00000000 08:01 1317167                    /usr/lib/x86_64-linux-gnu/libgssapi_krb5.so.2.2
7f5ccbae6000-7f5ccbce6000 ---p 00046000 08:01 1317167                    /usr/lib/x86_64-linux-gnu/libgssapi_krb5.so.2.2
7f5ccbce6000-7f5ccbce8000 r--p 00046000 08:01 1317167                    /usr/lib/x86_64-linux-gnu/libgssapi_krb5.so.2.2
7f5ccbce8000-7f5ccbcea000 rw-p 00048000 08:01 1317167                    /usr/lib/x86_64-linux-gnu/libgssapi_krb5.so.2.2
7f5ccbcf0000-7f5ccbdfc000 r-xp 00000000 08:01 6423013                    /lib/x86_64-linux-gnu/libglib-2.0.so.0.4200.1
7f5ccbdfc000-7f5ccbffc000 ---p 0010c000 08:01 6423013                    /lib/x86_64-linux-gnu/libglib-2.0.so.0.4200.1
7f5ccbffc000-7f5ccbffd000 r--p 0010c000 08:01 6423013                    /lib/x86_64-linux-gnu/libglib-2.0.so.0.4200.1
7f5ccbffd000-7f5ccbffe000 rw-p 0010d000 08:01 6423013                    /lib/x86_64-linux-gnu/libglib-2.0.so.0.4200.1
7f5ccbffe000-7f5ccbfff000 rw-p 00000000 00:00 0 
7f5ccc000000-7f5ccc021000 rw-p 00000000 00:00 0 
7f5ccc021000-7f5cd0000000 ---p 00000000 00:00 0 
7f5cd0000000-7f5cd01f1000 rw-p 00000000 00:00 0 
7f5cd01f1000-7f5cd4000000 ---p 00000000 00:00 0 
7f5cd4000000-7f5cd4190000 rw-p 00000000 00:00 0 
7f5cd4190000-7f5cd8000000 ---p 00000000 00:00 0 
7f5cd8000000-7f5cd8021000 rw-p 00000000 00:00 0 
7f5cd8021000-7f5cdc000000 ---p 00000000 00:00 0 
7f5cdc000000-7f5cdc021000 rw-p 00000000 00:00 0 
7f5cdc021000-7f5ce0000000 ---p 00000000 00:00 0 
7f5ce0000000-7f5ce0021000 rw-p 00000000 00:00 0 
7f5ce0021000-7f5ce4000000 ---p 00000000 00:00 0 
7f5ce4000000-7f5ce4021000 rw-p 00000000 00:00 0 
7f5ce4021000-7f5ce8000000 ---p 00000000 00:00 0 
7f5ce8000000-7f5ce8021000 rw-p 00000000 00:00 0 
7f5ce8021000-7f5cec000000 ---p 00000000 00:00 0 
7f5cec000000-7f5cec021000 rw-p 00000000 00:00 0 
7f5cec021000-7f5cf0000000 ---p 00000000 00:00 0 
7f5cf0000000-7f5cf0021000 rw-p 00000000 00:00 0 
7f5cf0021000-7f5cf4000000 ---p 00000000 00:00 0 
7f5cf4000000-7f5cf4021000 rw-p 00000000 00:00 0 
7f5cf4021000-7f5cf8000000 ---p 00000000 00:00 0 
7f5cf8003000-7f5cf8004000 rw-s 418c63000 00:05 17965                     /dev/nvidiactl
7f5cf8008000-7f5cf8029000 r-xp 00000000 08:01 1317763                    /usr/lib/x86_64-linux-gnu/libxcb.so.1.1.0
7f5cf8029000-7f5cf8228000 ---p 00021000 08:01 1317763                    /usr/lib/x86_64-linux-gnu/libxcb.so.1.1.0
7f5cf8228000-7f5cf8229000 r--p 00020000 08:01 1317763                    /usr/lib/x86_64-linux-gnu/libxcb.so.1.1.0
7f5cf8229000-7f5cf822a000 rw-p 00021000 08:01 1317763                    /usr/lib/x86_64-linux-gnu/libxcb.so.1.1.0
7f5cf8230000-7f5cf8281000 r-xp 00000000 08:01 1318029                    /usr/lib/x86_64-linux-gnu/libgobject-2.0.so.0.4200.1
7f5cf8281000-7f5cf8480000 ---p 00051000 08:01 1318029                    /usr/lib/x86_64-linux-gnu/libgobject-2.0.so.0.4200.1
7f5cf8480000-7f5cf8481000 r--p 00050000 08:01 1318029                    /usr/lib/x86_64-linux-gnu/libgobject-2.0.so.0.4200.1
7f5cf8481000-7f5cf8482000 rw-p 00051000 08:01 1318029                    /usr/lib/x86_64-linux-gnu/libgobject-2.0.so.0.4200.1
7f5cf8488000-7f5cf85f9000 r-xp 00000000 08:01 1318031                    /usr/lib/x86_64-linux-gnu/libgio-2.0.so.0.4200.1
7f5cf85f9000-7f5cf87f9000 ---p 00171000 08:01 1318031                    /usr/lib/x86_64-linux-gnu/libgio-2.0.so.0.4200.1
7f5cf87f9000-7f5cf87fd000 r--p 00171000 08:01 1318031                    /usr/lib/x86_64-linux-gnu/libgio-2.0.so.0.4200.1
7f5cf87fd000-7f5cf87ff000 rw-p 00175000 08:01 1318031                    /usr/lib/x86_64-linux-gnu/libgio-2.0.so.0.4200.1
7f5cf87ff000-7f5cf8801000 rw-p 00000000 00:00 0 
7f5cf8808000-7f5cf88ac000 r-xp 00000000 08:01 1318123                    /usr/lib/x86_64-linux-gnu/libfreetype.so.6.11.1
7f5cf88ac000-7f5cf8aab000 ---p 000a4000 08:01 1318123                    /usr/lib/x86_64-linux-gnu/libfreetype.so.6.11.1
7f5cf8aab000-7f5cf8ab1000 r--p 000a3000 08:01 1318123                    /usr/lib/x86_64-linux-gnu/libfreetype.so.6.11.1
7f5cf8ab1000-7f5cf8ab2000 rw-p 000a9000 08:01 1318123                    /usr/lib/x86_64-linux-gnu/libfreetype.so.6.11.1
7f5cf8ab8000-7f5cf8af3000 r-xp 00000000 08:01 1318125                    /usr/lib/x86_64-linux-gnu/libfontconfig.so.1.8.0
7f5cf8af3000-7f5cf8cf2000 ---p 0003b000 08:01 1318125                    /usr/lib/x86_64-linux-gnu/libfontconfig.so.1.8.0
7f5cf8cf2000-7f5cf8cf4000 r--p 0003a000 08:01 1318125                    /usr/lib/x86_64-linux-gnu/libfontconfig.so.1.8.0
7f5cf8cf4000-7f5cf8cf5000 rw-p 0003c000 08:01 1318125                    /usr/lib/x86_64-linux-gnu/libfontconfig.so.1.8.0
7f5cf8cf8000-7f5cf8d68000 r-xp 00000000 08:01 1317913                    /usr/lib/x86_64-linux-gnu/libcups.so.2
7f5cf8d68000-7f5cf8f67000 ---p 00070000 08:01 1317913                    /usr/lib/x86_64-linux-gnu/libcups.so.2
7f5cf8f67000-7f5cf8f6f000 r--p 0006f000 08:01 1317913                    /usr/lib/x86_64-linux-gnu/libcups.so.2
7f5cf8f6f000-7f5cf8f70000 rw-p 00077000 08:01 1317913                    /usr/lib/x86_64-linux-gnu/libcups.so.2
7f5cf8f70000-7f5cf8f7f000 r-xp 00000000 08:01 1318353                    /usr/lib/x86_64-linux-gnu/libXi.so.6.1.0
7f5cf8f7f000-7f5cf917e000 ---p 0000f000 08:01 1318353                    /usr/lib/x86_64-linux-gnu/libXi.so.6.1.0
7f5cf917e000-7f5cf917f000 r--p 0000e000 08:01 1318353                    /usr/lib/x86_64-linux-gnu/libXi.so.6.1.0
7f5cf917f000-7f5cf9180000 rw-p 0000f000 08:01 1318353                    /usr/lib/x86_64-linux-gnu/libXi.so.6.1.0
7f5cf9180000-7f5cf9185000 r-xp 00000000 08:01 1318983                    /usr/lib/x86_64-linux-gnu/libXtst.so.6.1.0
7f5cf9185000-7f5cf9384000 ---p 00005000 08:01 1318983                    /usr/lib/x86_64-linux-gnu/libXtst.so.6.1.0
7f5cf9384000-7f5cf9385000 r--p 00004000 08:01 1318983                    /usr/lib/x86_64-linux-gnu/libXtst.so.6.1.0
7f5cf9385000-7f5cf9386000 rw-p 00005000 08:01 1318983                    /usr/lib/x86_64-linux-gnu/libXtst.so.6.1.0
7f5cf9388000-7f5cf9391000 r-xp 00000000 08:01 1317774                    /usr/lib/x86_64-linux-gnu/libXrender.so.1.3.0
7f5cf9391000-7f5cf9590000 ---p 00009000 08:01 1317774                    /usr/lib/x86_64-linux-gnu/libXrender.so.1.3.0
7f5cf9590000-7f5cf9591000 r--p 00008000 08:01 1317774                    /usr/lib/x86_64-linux-gnu/libXrender.so.1.3.0
7f5cf9591000-7f5cf9592000 rw-p 00009000 08:01 1317774                    /usr/lib/x86_64-linux-gnu/libXrender.so.1.3.0
7f5cf9598000-7f5cf96d4000 r-xp 00000000 08:01 1317767                    /usr/lib/x86_64-linux-gnu/libX11.so.6.3.0
7f5cf96d4000-7f5cf98d3000 ---p 0013c000 08:01 1317767                    /usr/lib/x86_64-linux-gnu/libX11.so.6.3.0
7f5cf98d3000-7f5cf98d5000 r--p 0013b000 08:01 1317767                    /usr/lib/x86_64-linux-gnu/libX11.so.6.3.0
7f5cf98d5000-7f5cf98da000 rw-p 0013d000 08:01 1317767                    /usr/lib/x86_64-linux-gnu/libX11.so.6.3.0
7f5cf98da000-7f5cf98db000 rw-p 00000000 00:00 0 
7f5cf98e0000-7f5cf98f1000 r-xp 00000000 08:01 1317770                    /usr/lib/x86_64-linux-gnu/libXext.so.6.4.0
7f5cf98f1000-7f5cf9af0000 ---p 00011000 08:01 1317770                    /usr/lib/x86_64-linux-gnu/libXext.so.6.4.0
7f5cf9af0000-7f5cf9af1000 r--p 00010000 08:01 1317770                    /usr/lib/x86_64-linux-gnu/libXext.so.6.4.0
7f5cf9af1000-7f5cf9af2000 rw-p 00011000 08:01 1317770                    /usr/lib/x86_64-linux-gnu/libXext.so.6.4.0
7f5cf9af9000-7f5cf9afa000 rw-s fd641000 00:05 19540                      /dev/nvidia0
7f5cf9b00000-7f5cf9b01000 rw-s 41ad40000 00:05 17965                     /dev/nvidiactl
7f5cf9b08000-7f5cf9b09000 rw-s 33fa28000 00:05 17965                     /dev/nvidiactl
7f5cf9b10000-7f5cf9b11000 rw-s fd060000 00:05 19540                      /dev/nvidia0
7f5cf9b18000-7f5cf9b19000 r--p 00000000 08:01 1314157                    /usr/share/locale/en_GB/LC_MESSAGES/libc.mo
7f5cf9b20000-7f5cf9b69000 r-xp 00000000 08:01 2235730                    /usr/lib/jvm/java-7-openjdk-amd64/jre/lib/amd64/xawt/libmawt.so
7f5cf9b69000-7f5cf9d68000 ---p 00049000 08:01 2235730                    /usr/lib/jvm/java-7-openjdk-amd64/jre/lib/amd64/xawt/libmawt.so
7f5cf9d68000-7f5cf9d69000 r--p 00048000 08:01 2235730                    /usr/lib/jvm/java-7-openjdk-amd64/jre/lib/amd64/xawt/libmawt.so
7f5cf9d69000-7f5cf9d6c000 rw-p 00049000 08:01 2235730                    /usr/lib/jvm/java-7-openjdk-amd64/jre/lib/amd64/xawt/libmawt.so
7f5cf9d6c000-7f5cf9d6d000 rw-p 00000000 00:00 0 
7f5cf9d70000-7f5cf9e11000 r-xp 00000000 08:01 2101931                    /usr/lib/jvm/java-7-openjdk-amd64/jre/lib/amd64/libawt.so
7f5cf9e11000-7f5cfa010000 ---p 000a1000 08:01 2101931                    /usr/lib/jvm/java-7-openjdk-amd64/jre/lib/amd64/libawt.so
7f5cfa010000-7f5cfa011000 r--p 000a0000 08:01 2101931                    /usr/lib/jvm/java-7-openjdk-amd64/jre/lib/amd64/libawt.so
7f5cfa011000-7f5cfa01c000 rw-p 000a1000 08:01 2101931                    /usr/lib/jvm/java-7-openjdk-amd64/jre/lib/amd64/libawt.so
7f5cfa01c000-7f5cfa041000 rw-p 00000000 00:00 0 
7f5cfa041000-7f5cfa043000 r--s 00019000 08:01 1578241                    /opt/intellij-idea/lib/idea_rt.jar
7f5cfa04a000-7f5cfa04b000 r--s 00002000 08:13 4850952                    /home/mart/IdeaProjects/Multiplayer World 2/libs/PNGDecoder.jar
7f5cfa04f000-7f5cfa052000 r--s 00017000 08:13 9045358                    /home/mart/IdeaProjects/Multiplayer World 2/libs/slick-util.jar
7f5cfa057000-7f5cfa05b000 r--s 00027000 08:13 9045357                    /home/mart/IdeaProjects/Multiplayer World 2/libs/lwjgl_util.jar
7f5cfa05b000-7f5cfa066000 r--s 00203000 08:01 2101903                    /usr/lib/jvm/java-7-openjdk-amd64/jre/lib/charsets.jar
7f5cfa06b000-7f5cfa07a000 r--s 000f3000 08:13 9045342                    /home/mart/IdeaProjects/Multiplayer World 2/libs/lwjgl.jar
7f5cfa07f000-7f5cfa08d000 r--s 0010f000 08:01 2101969                    /usr/lib/jvm/java-7-openjdk-amd64/jre/lib/rhino.jar
7f5cfa08e000-7f5cfa098000 r--s 000ae000 08:01 2101899                    /usr/lib/jvm/java-7-openjdk-amd64/jre/lib/resources.jar
7f5cfa098000-7f5cfa099000 r--s 00000000 08:01 2101978                    /usr/lib/jvm/java-7-openjdk-amd64/jre/lib/management-agent.jar
7f5cfa09e000-7f5cfa0a3000 r--s 0004e000 08:01 2101968                    /usr/lib/jvm/java-7-openjdk-amd64/jre/lib/jsse.jar
7f5cfa0a8000-7f5cfa0aa000 r--s 00018000 08:01 2101971                    /usr/lib/jvm/java-7-openjdk-amd64/jre/lib/jce.jar
7f5cfa0aa000-7f5cfa0ab000 r--s 0000a000 08:01 2101901                    /usr/lib/jvm/java-7-openjdk-amd64/jre/lib/javazic.jar
7f5cfa0b0000-7f5cfa0b1000 r--s 00000000 08:01 2101972                    /usr/lib/jvm/java-7-openjdk-amd64/jre/lib/compilefontconfig.jar
7f5cfa0b3000-7f5cfa0be000 r--s 00203000 08:01 2101903                    /usr/lib/jvm/java-7-openjdk-amd64/jre/lib/charsets.jar
7f5cfa0bf000-7f5cfa0c2000 r--s 0000f000 08:01 2101910                    /usr/lib/jvm/java-7-openjdk-amd64/jre/lib/ext/icedtea-sound.jar
7f5cfa0c4000-7f5cfa0c8000 r--s 00034000 08:01 2101912                    /usr/lib/jvm/java-7-openjdk-amd64/jre/lib/ext/sunjce_provider.jar
7f5cfa0ce000-7f5cfa0d0000 r--s 00006000 08:01 1841746                    /usr/share/java/java-atk-wrapper.jar
7f5cfa0d2000-7f5cfa0d4000 r--s 00012000 08:01 2101907                    /usr/lib/jvm/java-7-openjdk-amd64/jre/lib/ext/zipfs.jar
7f5cfa0d9000-7f5cfa0da000 ---p 00000000 00:00 0 
7f5cfa0da000-7f5cfa1da000 rw-p 00000000 00:00 0                          [stack:14247]
7f5cfa1da000-7f5cfa1dd000 ---p 00000000 00:00 0 
7f5cfa1dd000-7f5cfa2db000 rw-p 00000000 00:00 0                          [stack:14246]
7f5cfa2db000-7f5cfa2de000 ---p 00000000 00:00 0 
7f5cfa2de000-7f5cfa3dc000 rw-p 00000000 00:00 0                          [stack:14245]
7f5cfa3dc000-7f5cfa3df000 ---p 00000000 00:00 0 
7f5cfa3df000-7f5cfa4dd000 rw-p 00000000 00:00 0                          [stack:14244]
7f5cfa4dd000-7f5cfa4e0000 ---p 00000000 00:00 0 
7f5cfa4e0000-7f5cfa5de000 rw-p 00000000 00:00 0                          [stack:14243]
7f5cfa5de000-7f5cfa5e1000 ---p 00000000 00:00 0 
7f5cfa5e1000-7f5cfa6df000 rw-p 00000000 00:00 0                          [stack:14241]
7f5cfa6df000-7f5cfa6e2000 ---p 00000000 00:00 0 
7f5cfa6e2000-7f5cfa7e0000 rw-p 00000000 00:00 0                          [stack:14239]
7f5cfa7e0000-7f5cfa7e4000 r-xp 00000000 08:01 2101920                    /usr/lib/jvm/java-7-openjdk-amd64/jre/lib/amd64/libdt_socket.so
7f5cfa7e4000-7f5cfa9e3000 ---p 00004000 08:01 2101920                    /usr/lib/jvm/java-7-openjdk-amd64/jre/lib/amd64/libdt_socket.so
7f5cfa9e3000-7f5cfa9e4000 r--p 00003000 08:01 2101920                    /usr/lib/jvm/java-7-openjdk-amd64/jre/lib/amd64/libdt_socket.so
7f5cfa9e4000-7f5cfa9e5000 rw-p 00004000 08:01 2101920                    /usr/lib/jvm/java-7-openjdk-amd64/jre/lib/amd64/libdt_socket.so
7f5cfa9ec000-7f5cfa9ef000 ---p 00000000 00:00 0 
7f5cfa9ef000-7f5cfaaed000 rw-p 00000000 00:00 0                          [stack:14238]
7f5cfaaed000-7f5cfaaf0000 ---p 00000000 00:00 0 
7f5cfaaf0000-7f5cfabee000 rw-p 00000000 00:00 0                          [stack:14230]
7f5cfabee000-7f5cfabf1000 ---p 00000000 00:00 0 
7f5cfabf1000-7f5cfacef000 rw-p 00000000 00:00 0                          [stack:14229]
7f5cfacef000-7f5cfacf0000 ---p 00000000 00:00 0 
7f5cfacf0000-7f5d04000000 rw-p 00000000 00:00 0                          [stack:14226]
7f5d04000000-7f5d04021000 rw-p 00000000 00:00 0 
7f5d04021000-7f5d08000000 ---p 00000000 00:00 0 
7f5d08000000-7f5d08021000 rw-p 00000000 00:00 0 
7f5d08021000-7f5d0c000000 ---p 00000000 00:00 0 
7f5d0c000000-7f5d0c021000 rw-p 00000000 00:00 0 
7f5d0c021000-7f5d10000000 ---p 00000000 00:00 0 
7f5d10000000-7f5d10021000 rw-p 00000000 00:00 0 
7f5d10021000-7f5d14000000 ---p 00000000 00:00 0 
7f5d14000000-7f5d14021000 rw-p 00000000 00:00 0 
7f5d14021000-7f5d18000000 ---p 00000000 00:00 0 
7f5d18000000-7f5d18021000 rw-p 00000000 00:00 0 
7f5d18021000-7f5d1c000000 ---p 00000000 00:00 0 
7f5d1c000000-7f5d1c021000 rw-p 00000000 00:00 0 
7f5d1c021000-7f5d20000000 ---p 00000000 00:00 0 
7f5d20000000-7f5d20021000 rw-p 00000000 00:00 0 
7f5d20021000-7f5d24000000 ---p 00000000 00:00 0 
7f5d24005000-7f5d24009000 r--s 00085000 08:01 2101908                    /usr/lib/jvm/java-7-openjdk-amd64/jre/lib/ext/localedata.jar
7f5d2400c000-7f5d24010000 r--s 0003c000 08:01 2101911                    /usr/lib/jvm/java-7-openjdk-amd64/jre/lib/ext/sunpkcs11.jar
7f5d24013000-7f5d25000000 rw-p 00000000 00:00 0 
7f5d25000000-7f5d25270000 rwxp 00000000 00:00 0 
7f5d25270000-7f5d28a8f000 rw-p 00000000 00:00 0 
7f5d28a8f000-7f5d2c000000 ---p 00000000 00:00 0 
7f5d2c002000-7f5d2c4b2000 rw-p 00000000 00:00 0 
7f5d2c4b2000-7f5d2c664000 r--s 01d32000 08:01 2101898                    /usr/lib/jvm/java-7-openjdk-amd64/jre/lib/rt.jar
7f5d2c665000-7f5d2c788000 rw-p 00000000 00:00 0 
7f5d2c788000-7f5d2c789000 ---p 00000000 00:00 0 
7f5d2c789000-7f5d2c889000 rw-p 00000000 00:00 0                          [stack:14224]
7f5d2c889000-7f5d2c88a000 ---p 00000000 00:00 0 
7f5d2c88a000-7f5d2c98a000 rw-p 00000000 00:00 0                          [stack:14223]
7f5d2c98a000-7f5d2c98b000 ---p 00000000 00:00 0 
7f5d2c98b000-7f5d2ca8b000 rw-p 00000000 00:00 0                          [stack:14222]
7f5d2ca8b000-7f5d2ca8c000 ---p 00000000 00:00 0 
7f5d2ca8c000-7f5d2cb8c000 rw-p 00000000 00:00 0                          [stack:14221]
7f5d2cb8c000-7f5d2cb8d000 ---p 00000000 00:00 0 
7f5d2cb8d000-7f5d2cc8d000 rw-p 00000000 00:00 0                          [stack:14220]
7f5d2cc8d000-7f5d2cc8e000 ---p 00000000 00:00 0 
7f5d2cc8e000-7f5d2cd8e000 rw-p 00000000 00:00 0                          [stack:14219]
7f5d2cd8e000-7f5d2cd8f000 ---p 00000000 00:00 0 
7f5d2cd8f000-7f5d2ce8f000 rw-p 00000000 00:00 0                          [stack:14218]
7f5d2ce8f000-7f5d2ce90000 ---p 00000000 00:00 0 
7f5d2ce90000-7f5d2cf9b000 rw-p 00000000 00:00 0                          [stack:14217]
7f5d2cf9b000-7f5d2cfe3000 rw-p 00000000 00:00 0 
7f5d2cfe3000-7f5d2d036000 rw-p 00000000 00:00 0 
7f5d2d036000-7f5d2d517000 rw-p 00000000 00:00 0 
7f5d2d517000-7f5d2d522000 rw-p 00000000 00:00 0 
7f5d2d522000-7f5d2d56a000 rw-p 00000000 00:00 0 
7f5d2d56a000-7f5d2d5bd000 rw-p 00000000 00:00 0 
7f5d2d5bd000-7f5d2da9d000 rw-p 00000000 00:00 0 
7f5d2da9d000-7f5d2dac7000 rw-p 00000000 00:00 0 
7f5d2dac7000-7f5d2dd37000 rw-p 00000000 00:00 0 
7f5d2dd37000-7f5d2dd38000 rw-p 00000000 00:00 0 
7f5d2dd38000-7f5d2dd40000 r-xp 00000000 08:01 2101919                    /usr/lib/jvm/java-7-openjdk-amd64/jre/lib/amd64/libzip.so
7f5d2dd40000-7f5d2df3f000 ---p 00008000 08:01 2101919                    /usr/lib/jvm/java-7-openjdk-amd64/jre/lib/amd64/libzip.so
7f5d2df3f000-7f5d2df40000 r--p 00007000 08:01 2101919                    /usr/lib/jvm/java-7-openjdk-amd64/jre/lib/amd64/libzip.so
7f5d2df40000-7f5d2df41000 rw-p 00008000 08:01 2101919                    /usr/lib/jvm/java-7-openjdk-amd64/jre/lib/amd64/libzip.so
7f5d2df48000-7f5d2df53000 r-xp 00000000 08:01 6425563                    /lib/x86_64-linux-gnu/libnss_files-2.19.so
7f5d2df53000-7f5d2e152000 ---p 0000b000 08:01 6425563                    /lib/x86_64-linux-gnu/libnss_files-2.19.so
7f5d2e152000-7f5d2e153000 r--p 0000a000 08:01 6425563                    /lib/x86_64-linux-gnu/libnss_files-2.19.so
7f5d2e153000-7f5d2e154000 rw-p 0000b000 08:01 6425563                    /lib/x86_64-linux-gnu/libnss_files-2.19.so
7f5d2e158000-7f5d2e162000 r-xp 00000000 08:01 6425565                    /lib/x86_64-linux-gnu/libnss_nis-2.19.so
7f5d2e162000-7f5d2e361000 ---p 0000a000 08:01 6425565                    /lib/x86_64-linux-gnu/libnss_nis-2.19.so
7f5d2e361000-7f5d2e362000 r--p 00009000 08:01 6425565                    /lib/x86_64-linux-gnu/libnss_nis-2.19.so
7f5d2e362000-7f5d2e363000 rw-p 0000a000 08:01 6425565                    /lib/x86_64-linux-gnu/libnss_nis-2.19.so
7f5d2e368000-7f5d2e37d000 r-xp 00000000 08:01 6425560                    /lib/x86_64-linux-gnu/libnsl-2.19.so
7f5d2e37d000-7f5d2e57c000 ---p 00015000 08:01 6425560                    /lib/x86_64-linux-gnu/libnsl-2.19.so
7f5d2e57c000-7f5d2e57d000 r--p 00014000 08:01 6425560                    /lib/x86_64-linux-gnu/libnsl-2.19.so
7f5d2e57d000-7f5d2e57e000 rw-p 00015000 08:01 6425560                    /lib/x86_64-linux-gnu/libnsl-2.19.so
7f5d2e57e000-7f5d2e580000 rw-p 00000000 00:00 0 
7f5d2e580000-7f5d2e587000 r-xp 00000000 08:01 6425561                    /lib/x86_64-linux-gnu/libnss_compat-2.19.so
7f5d2e587000-7f5d2e786000 ---p 00007000 08:01 6425561                    /lib/x86_64-linux-gnu/libnss_compat-2.19.so
7f5d2e786000-7f5d2e787000 r--p 00006000 08:01 6425561                    /lib/x86_64-linux-gnu/libnss_compat-2.19.so
7f5d2e787000-7f5d2e788000 rw-p 00007000 08:01 6425561                    /lib/x86_64-linux-gnu/libnss_compat-2.19.so
7f5d2e788000-7f5d2e911000 r--p 00000000 08:01 1314223                    /usr/lib/locale/locale-archive
7f5d2e918000-7f5d2e91a000 r-xp 00000000 08:01 2101929                    /usr/lib/jvm/java-7-openjdk-amd64/jre/lib/amd64/libnpt.so
7f5d2e91a000-7f5d2eb1a000 ---p 00002000 08:01 2101929                    /usr/lib/jvm/java-7-openjdk-amd64/jre/lib/amd64/libnpt.so
7f5d2eb1a000-7f5d2eb1b000 r--p 00002000 08:01 2101929                    /usr/lib/jvm/java-7-openjdk-amd64/jre/lib/amd64/libnpt.so
7f5d2eb1b000-7f5d2eb1c000 rw-p 00003000 08:01 2101929                    /usr/lib/jvm/java-7-openjdk-amd64/jre/lib/amd64/libnpt.so
7f5d2eb20000-7f5d2eb5b000 r-xp 00000000 08:01 2101915                    /usr/lib/jvm/java-7-openjdk-amd64/jre/lib/amd64/libjdwp.so
7f5d2eb5b000-7f5d2ed5a000 ---p 0003b000 08:01 2101915                    /usr/lib/jvm/java-7-openjdk-amd64/jre/lib/amd64/libjdwp.so
7f5d2ed5a000-7f5d2ed5b000 r--p 0003a000 08:01 2101915                    /usr/lib/jvm/java-7-openjdk-amd64/jre/lib/amd64/libjdwp.so
7f5d2ed5b000-7f5d2ed5c000 rw-p 0003b000 08:01 2101915                    /usr/lib/jvm/java-7-openjdk-amd64/jre/lib/amd64/libjdwp.so
7f5d2ed5c000-7f5d2ed5d000 rw-p 00000000 00:00 0 
7f5d2ed60000-7f5d2ed8d000 r-xp 00000000 08:01 2101951                    /usr/lib/jvm/java-7-openjdk-amd64/jre/lib/amd64/libjava.so
7f5d2ed8d000-7f5d2ef8c000 ---p 0002d000 08:01 2101951                    /usr/lib/jvm/java-7-openjdk-amd64/jre/lib/amd64/libjava.so
7f5d2ef8c000-7f5d2ef8d000 r--p 0002c000 08:01 2101951                    /usr/lib/jvm/java-7-openjdk-amd64/jre/lib/amd64/libjava.so
7f5d2ef8d000-7f5d2ef8f000 rw-p 0002d000 08:01 2101951                    /usr/lib/jvm/java-7-openjdk-amd64/jre/lib/amd64/libjava.so
7f5d2ef90000-7f5d2ef9f000 r-xp 00000000 08:01 2101914                    /usr/lib/jvm/java-7-openjdk-amd64/jre/lib/amd64/libverify.so
7f5d2ef9f000-7f5d2f19e000 ---p 0000f000 08:01 2101914                    /usr/lib/jvm/java-7-openjdk-amd64/jre/lib/amd64/libverify.so
7f5d2f19e000-7f5d2f1a1000 r--p 0000e000 08:01 2101914                    /usr/lib/jvm/java-7-openjdk-amd64/jre/lib/amd64/libverify.so
7f5d2f1a1000-7f5d2f1a2000 rw-p 00011000 08:01 2101914                    /usr/lib/jvm/java-7-openjdk-amd64/jre/lib/amd64/libverify.so
7f5d2f1a8000-7f5d2f1af000 r-xp 00000000 08:01 6425569                    /lib/x86_64-linux-gnu/librt-2.19.so
7f5d2f1af000-7f5d2f3ae000 ---p 00007000 08:01 6425569                    /lib/x86_64-linux-gnu/librt-2.19.so
7f5d2f3ae000-7f5d2f3af000 r--p 00006000 08:01 6425569                    /lib/x86_64-linux-gnu/librt-2.19.so
7f5d2f3af000-7f5d2f3b0000 rw-p 00007000 08:01 6425569                    /lib/x86_64-linux-gnu/librt-2.19.so
7f5d2f3b0000-7f5d2f3c6000 r-xp 00000000 08:01 6422532                    /lib/x86_64-linux-gnu/libgcc_s.so.1
7f5d2f3c6000-7f5d2f5c5000 ---p 00016000 08:01 6422532                    /lib/x86_64-linux-gnu/libgcc_s.so.1
7f5d2f5c5000-7f5d2f5c6000 rw-p 00015000 08:01 6422532                    /lib/x86_64-linux-gnu/libgcc_s.so.1
7f5d2f5c8000-7f5d2f6c8000 r-xp 00000000 08:01 6425558                    /lib/x86_64-linux-gnu/libm-2.19.so
7f5d2f6c8000-7f5d2f8c7000 ---p 00100000 08:01 6425558                    /lib/x86_64-linux-gnu/libm-2.19.so
7f5d2f8c7000-7f5d2f8c8000 r--p 000ff000 08:01 6425558                    /lib/x86_64-linux-gnu/libm-2.19.so
7f5d2f8c8000-7f5d2f8c9000 rw-p 00100000 08:01 6425558                    /lib/x86_64-linux-gnu/libm-2.19.so
7f5d2f8d0000-7f5d2f9bc000 r-xp 00000000 08:01 1315446                    /usr/lib/x86_64-linux-gnu/libstdc++.so.6.0.20
7f5d2f9bc000-7f5d2fbbc000 ---p 000ec000 08:01 1315446                    /usr/lib/x86_64-linux-gnu/libstdc++.so.6.0.20
7f5d2fbbc000-7f5d2fbc4000 r--p 000ec000 08:01 1315446                    /usr/lib/x86_64-linux-gnu/libstdc++.so.6.0.20
7f5d2fbc4000-7f5d2fbc6000 rw-p 000f4000 08:01 1315446                    /usr/lib/x86_64-linux-gnu/libstdc++.so.6.0.20
7f5d2fbc6000-7f5d2fbdb000 rw-p 00000000 00:00 0 
7f5d2fbe0000-7f5d30736000 r-xp 00000000 08:01 2101927                    /usr/lib/jvm/java-7-openjdk-amd64/jre/lib/amd64/server/libjvm.so
7f5d30736000-7f5d30936000 ---p 00b56000 08:01 2101927                    /usr/lib/jvm/java-7-openjdk-amd64/jre/lib/amd64/server/libjvm.so
7f5d30936000-7f5d309d5000 r--p 00b56000 08:01 2101927                    /usr/lib/jvm/java-7-openjdk-amd64/jre/lib/amd64/server/libjvm.so
7f5d309d5000-7f5d309f8000 rw-p 00bf5000 08:01 2101927                    /usr/lib/jvm/java-7-openjdk-amd64/jre/lib/amd64/server/libjvm.so
7f5d309f8000-7f5d30a25000 rw-p 00000000 00:00 0 
7f5d30a28000-7f5d30a42000 r-xp 00000000 08:01 6422628                    /lib/x86_64-linux-gnu/libz.so.1.2.8
7f5d30a42000-7f5d30c41000 ---p 0001a000 08:01 6422628                    /lib/x86_64-linux-gnu/libz.so.1.2.8
7f5d30c41000-7f5d30c42000 r--p 00019000 08:01 6422628                    /lib/x86_64-linux-gnu/libz.so.1.2.8
7f5d30c42000-7f5d30c43000 rw-p 0001a000 08:01 6422628                    /lib/x86_64-linux-gnu/libz.so.1.2.8
7f5d30c48000-7f5d30de7000 r-xp 00000000 08:01 6425554                    /lib/x86_64-linux-gnu/libc-2.19.so
7f5d30de7000-7f5d30fe7000 ---p 0019f000 08:01 6425554                    /lib/x86_64-linux-gnu/libc-2.19.so
7f5d30fe7000-7f5d30feb000 r--p 0019f000 08:01 6425554                    /lib/x86_64-linux-gnu/libc-2.19.so
7f5d30feb000-7f5d30fed000 rw-p 001a3000 08:01 6425554                    /lib/x86_64-linux-gnu/libc-2.19.so
7f5d30fed000-7f5d30ff1000 rw-p 00000000 00:00 0 
7f5d30ff8000-7f5d30ffb000 r-xp 00000000 08:01 6425557                    /lib/x86_64-linux-gnu/libdl-2.19.so
7f5d30ffb000-7f5d311fa000 ---p 00003000 08:01 6425557                    /lib/x86_64-linux-gnu/libdl-2.19.so
7f5d311fa000-7f5d311fb000 r--p 00002000 08:01 6425557                    /lib/x86_64-linux-gnu/libdl-2.19.so
7f5d311fb000-7f5d311fc000 rw-p 00003000 08:01 6425557                    /lib/x86_64-linux-gnu/libdl-2.19.so
7f5d31200000-7f5d3120d000 r-xp 00000000 08:01 2101917                    /usr/lib/jvm/java-7-openjdk-amd64/jre/lib/amd64/jli/libjli.so
7f5d3120d000-7f5d3140c000 ---p 0000d000 08:01 2101917                    /usr/lib/jvm/java-7-openjdk-amd64/jre/lib/amd64/jli/libjli.so
7f5d3140c000-7f5d3140d000 r--p 0000c000 08:01 2101917                    /usr/lib/jvm/java-7-openjdk-amd64/jre/lib/amd64/jli/libjli.so
7f5d3140d000-7f5d3140e000 rw-p 0000d000 08:01 2101917                    /usr/lib/jvm/java-7-openjdk-amd64/jre/lib/amd64/jli/libjli.so
7f5d31410000-7f5d31428000 r-xp 00000000 08:01 6425550                    /lib/x86_64-linux-gnu/libpthread-2.19.so
7f5d31428000-7f5d31627000 ---p 00018000 08:01 6425550                    /lib/x86_64-linux-gnu/libpthread-2.19.so
7f5d31627000-7f5d31628000 r--p 00017000 08:01 6425550                    /lib/x86_64-linux-gnu/libpthread-2.19.so
7f5d31628000-7f5d31629000 rw-p 00018000 08:01 6425550                    /lib/x86_64-linux-gnu/libpthread-2.19.so
7f5d31629000-7f5d3162d000 rw-p 00000000 00:00 0 
7f5d31630000-7f5d31650000 r-xp 00000000 08:01 6425551                    /lib/x86_64-linux-gnu/ld-2.19.so
7f5d31652000-7f5d31653000 r--s 00002000 08:01 2101909                    /usr/lib/jvm/java-7-openjdk-amd64/jre/lib/ext/dnsns.jar
7f5d31658000-7f5d3168a000 rw-p 00000000 00:00 0 
7f5d3168a000-7f5d31740000 rw-p 00000000 00:00 0 
7f5d31740000-7f5d31748000 rw-s 00000000 08:12 3145732                    /tmp/hsperfdata_mart/14206
7f5d3174b000-7f5d3174e000 rw-p 00000000 00:00 0 
7f5d3174e000-7f5d3174f000 r--p 00000000 00:00 0 
7f5d3174f000-7f5d31752000 ---p 00000000 00:00 0 
7f5d31752000-7f5d31850000 rw-p 00000000 00:00 0                          [stack:14208]
7f5d31850000-7f5d31851000 r--p 00020000 08:01 6425551                    /lib/x86_64-linux-gnu/ld-2.19.so
7f5d31851000-7f5d31852000 rw-p 00021000 08:01 6425551                    /lib/x86_64-linux-gnu/ld-2.19.so
7f5d31852000-7f5d31854000 rw-p 00000000 00:00 0 
7f5d31854000-7f5d3185a000 rw-p 00000000 00:00 0 
7fff723a6000-7fff723c7000 rw-p 00000000 00:00 0                          [stack]
7fff723f0000-7fff723f2000 r-xp 00000000 00:00 0                          [vdso]
7fff723f2000-7fff723f4000 r--p 00000000 00:00 0                          [vvar]
ffffffffff600000-ffffffffff601000 r-xp 00000000 00:00 0                  [vsyscall]

VM Arguments:
jvm_args: -agentlib:jdwp=transport=dt_socket,address=127.0.0.1:53351,suspend=y,server=n -Djava.library.path=libs/ -Dfile.encoding=UTF-8 
java_command: engine.GameLoop
Launcher Type: SUN_STANDARD

Environment Variables:
PATH=/usr/local/bin:/usr/bin:/bin:/usr/local/games:/usr/games
USERNAME=mart
LD_LIBRARY_PATH=/opt/intellij-idea/bin:
SHELL=/bin/bash
DISPLAY=:0

Signal Handlers:
SIGSEGV: [libjvm.so+0x988620], sa_mask[0]=0x7ffbfeff, sa_flags=0x10000004
SIGBUS: [libjvm.so+0x988620], sa_mask[0]=0x7ffbfeff, sa_flags=0x10000004
SIGFPE: [libjvm.so+0x7f5420], sa_mask[0]=0x7ffbfeff, sa_flags=0x10000004
SIGPIPE: [libjvm.so+0x7f5420], sa_mask[0]=0x7ffbfeff, sa_flags=0x10000004
SIGXFSZ: [libjvm.so+0x7f5420], sa_mask[0]=0x7ffbfeff, sa_flags=0x10000004
SIGILL: [libjvm.so+0x7f5420], sa_mask[0]=0x7ffbfeff, sa_flags=0x10000004
SIGUSR1: SIG_DFL, sa_mask[0]=0x00000000, sa_flags=0x00000000
SIGUSR2: [libjvm.so+0x7f52a0], sa_mask[0]=0x00000004, sa_flags=0x10000004
SIGHUP: [libjvm.so+0x7f54a0], sa_mask[0]=0x7ffbfeff, sa_flags=0x10000004
SIGINT: [libjvm.so+0x7f54a0], sa_mask[0]=0x7ffbfeff, sa_flags=0x10000004
SIGTERM: [libjvm.so+0x7f54a0], sa_mask[0]=0x7ffbfeff, sa_flags=0x10000004
SIGQUIT: [libjvm.so+0x7f54a0], sa_mask[0]=0x7ffbfeff, sa_flags=0x10000004
SIGTRAP: SIG_DFL, sa_mask[0]=0x00000000, sa_flags=0x00000000


---------------  S Y S T E M  ---------------

OS:8.2

uname:Linux 3.16.0-4-amd64 #1 SMP Debian 3.16.7-ckt11-1+deb8u5 (2015-10-09) x86_64
libc:glibc 2.19 NPTL 2.19 
rlimit: STACK 8192k, CORE 0k, NPROC 63809, NOFILE 65536, AS infinity
load average:0.37 0.48 0.66

/proc/meminfo:
MemTotal:       16352924 kB
MemFree:         8994744 kB
MemAvailable:   12554736 kB
Buffers:          355700 kB
Cached:          3103776 kB
SwapCached:            0 kB
Active:          5504512 kB
Inactive:        1280516 kB
Active(anon):    3329140 kB
Inactive(anon):    24052 kB
Active(file):    2175372 kB
Inactive(file):  1256464 kB
Unevictable:          32 kB
Mlocked:              32 kB
SwapTotal:             0 kB
SwapFree:              0 kB
Dirty:              5828 kB
Writeback:           388 kB
AnonPages:       3325728 kB
Mapped:           423140 kB
Shmem:             27660 kB
Slab:             429972 kB
SReclaimable:     381572 kB
SUnreclaim:        48400 kB
KernelStack:       11296 kB
PageTables:        33200 kB
NFS_Unstable:          0 kB
Bounce:                0 kB
WritebackTmp:          0 kB
CommitLimit:     8176460 kB
Committed_AS:    8314268 kB
VmallocTotal:   34359738367 kB
VmallocUsed:      330552 kB
VmallocChunk:   34359391740 kB
HardwareCorrupted:     0 kB
AnonHugePages:         0 kB
HugePages_Total:       0
HugePages_Free:        0
HugePages_Rsvd:        0
HugePages_Surp:        0
Hugepagesize:       2048 kB
DirectMap4k:      213428 kB
DirectMap2M:    13365248 kB
DirectMap1G:     3145728 kB


CPU:total 8 (8 cores per cpu, 1 threads per core) family 21 model 2 stepping 0, cmov, cx8, fxsr, mmx, sse, sse2, sse3, ssse3, sse4.1, sse4.2, popcnt, avx, aes, mmxext, 3dnowpref, lzcnt, sse4a, tsc, tscinvbit, tscinv

/proc/cpuinfo:
processor	: 0
vendor_id	: AuthenticAMD
cpu family	: 21
model		: 2
model name	: AMD FX(tm)-8320 Eight-Core Processor
stepping	: 0
microcode	: 0x6000822
cpu MHz		: 1400.000
cache size	: 2048 KB
physical id	: 0
siblings	: 8
core id		: 0
cpu cores	: 4
apicid		: 16
initial apicid	: 0
fpu		: yes
fpu_exception	: yes
cpuid level	: 13
wp		: yes
flags		: fpu vme de pse tsc msr pae mce cx8 apic sep mtrr pge mca cmov pat pse36 clflush mmx fxsr sse sse2 ht syscall nx mmxext fxsr_opt pdpe1gb rdtscp lm constant_tsc rep_good nopl nonstop_tsc extd_apicid aperfmperf pni pclmulqdq monitor ssse3 fma cx16 sse4_1 sse4_2 popcnt aes xsave avx f16c lahf_lm cmp_legacy svm extapic cr8_legacy abm sse4a misalignsse 3dnowprefetch osvw ibs xop skinit wdt lwp fma4 tce nodeid_msr tbm topoext perfctr_core perfctr_nb arat cpb hw_pstate npt lbrv svm_lock nrip_save tsc_scale vmcb_clean flushbyasid decodeassists pausefilter pfthreshold vmmcall bmi1
bogomips	: 7000.16
TLB size	: 1536 4K pages
clflush size	: 64
cache_alignment	: 64
address sizes	: 48 bits physical, 48 bits virtual
power management: ts ttp tm 100mhzsteps hwpstate cpb eff_freq_ro

processor	: 1
vendor_id	: AuthenticAMD
cpu family	: 21
model		: 2
model name	: AMD FX(tm)-8320 Eight-Core Processor           
stepping	: 0
microcode	: 0x6000822
cpu MHz		: 3500.000
cache size	: 2048 KB
physical id	: 0
siblings	: 8
core id		: 1
cpu cores	: 4
apicid		: 17
initial apicid	: 1
fpu		: yes
fpu_exception	: yes
cpuid level	: 13
wp		: yes
flags		: fpu vme de pse tsc msr pae mce cx8 apic sep mtrr pge mca cmov pat pse36 clflush mmx fxsr sse sse2 ht syscall nx mmxext fxsr_opt pdpe1gb rdtscp lm constant_tsc rep_good nopl nonstop_tsc extd_apicid aperfmperf pni pclmulqdq monitor ssse3 fma cx16 sse4_1 sse4_2 popcnt aes xsave avx f16c lahf_lm cmp_legacy svm extapic cr8_legacy abm sse4a misalignsse 3dnowprefetch osvw ibs xop skinit wdt lwp fma4 tce nodeid_msr tbm topoext perfctr_core perfctr_nb arat cpb hw_pstate npt lbrv svm_lock nrip_save tsc_scale vmcb_clean flushbyasid decodeassists pausefilter pfthreshold vmmcall bmi1
bogomips	: 7000.16
TLB size	: 1536 4K pages
clflush size	: 64
cache_alignment	: 64
address sizes	: 48 bits physical, 48 bits virtual
power management: ts ttp tm 100mhzsteps hwpstate cpb eff_freq_ro

processor	: 2
vendor_id	: AuthenticAMD
cpu family	: 21
model		: 2
model name	: AMD FX(tm)-8320 Eight-Core Processor           
stepping	: 0
microcode	: 0x6000822
cpu MHz		: 1400.000
cache size	: 2048 KB
physical id	: 0
siblings	: 8
core id		: 2
cpu cores	: 4
apicid		: 18
initial apicid	: 2
fpu		: yes
fpu_exception	: yes
cpuid level	: 13
wp		: yes
flags		: fpu vme de pse tsc msr pae mce cx8 apic sep mtrr pge mca cmov pat pse36 clflush mmx fxsr sse sse2 ht syscall nx mmxext fxsr_opt pdpe1gb rdtscp lm constant_tsc rep_good nopl nonstop_tsc extd_apicid aperfmperf pni pclmulqdq monitor ssse3 fma cx16 sse4_1 sse4_2 popcnt aes xsave avx f16c lahf_lm cmp_legacy svm extapic cr8_legacy abm sse4a misalignsse 3dnowprefetch osvw ibs xop skinit wdt lwp fma4 tce nodeid_msr tbm topoext perfctr_core perfctr_nb arat cpb hw_pstate npt lbrv svm_lock nrip_save tsc_scale vmcb_clean flushbyasid decodeassists pausefilter pfthreshold vmmcall bmi1
bogomips	: 7000.16
TLB size	: 1536 4K pages
clflush size	: 64
cache_alignment	: 64
address sizes	: 48 bits physical, 48 bits virtual
power management: ts ttp tm 100mhzsteps hwpstate cpb eff_freq_ro

processor	: 3
vendor_id	: AuthenticAMD
cpu family	: 21
model		: 2
model name	: AMD FX(tm)-8320 Eight-Core Processor           
stepping	: 0
microcode	: 0x6000822
cpu MHz		: 3500.000
cache size	: 2048 KB
physical id	: 0
siblings	: 8
core id		: 3
cpu cores	: 4
apicid		: 19
initial apicid	: 3
fpu		: yes
fpu_exception	: yes
cpuid level	: 13
wp		: yes
flags		: fpu vme de pse tsc msr pae mce cx8 apic sep mtrr pge mca cmov pat pse36 clflush mmx fxsr sse sse2 ht syscall nx mmxext fxsr_opt pdpe1gb rdtscp lm constant_tsc rep_good nopl nonstop_tsc extd_apicid aperfmperf pni pclmulqdq monitor ssse3 fma cx16 sse4_1 sse4_2 popcnt aes xsave avx f16c lahf_lm cmp_legacy svm extapic cr8_legacy abm sse4a misalignsse 3dnowprefetch osvw ibs xop skinit wdt lwp fma4 tce nodeid_msr tbm topoext perfctr_core perfctr_nb arat cpb hw_pstate npt lbrv svm_lock nrip_save tsc_scale vmcb_clean flushbyasid decodeassists pausefilter pfthreshold vmmcall bmi1
bogomips	: 7000.16
TLB size	: 1536 4K pages
clflush size	: 64
cache_alignment	: 64
address sizes	: 48 bits physical, 48 bits virtual
power management: ts ttp tm 100mhzsteps hwpstate cpb eff_freq_ro

processor	: 4
vendor_id	: AuthenticAMD
cpu family	: 21
model		: 2
model name	: AMD FX(tm)-8320 Eight-Core Processor           
stepping	: 0
microcode	: 0x6000822
cpu MHz		: 3500.000
cache size	: 2048 KB
physical id	: 0
siblings	: 8
core id		: 4
cpu cores	: 4
apicid		: 20
initial apicid	: 4
fpu		: yes
fpu_exception	: yes
cpuid level	: 13
wp		: yes
flags		: fpu vme de pse tsc msr pae mce cx8 apic sep mtrr pge mca cmov pat pse36 clflush mmx fxsr sse sse2 ht syscall nx mmxext fxsr_opt pdpe1gb rdtscp lm constant_tsc rep_good nopl nonstop_tsc extd_apicid aperfmperf pni pclmulqdq monitor ssse3 fma cx16 sse4_1 sse4_2 popcnt aes xsave avx f16c lahf_lm cmp_legacy svm extapic cr8_legacy abm sse4a misalignsse 3dnowprefetch osvw ibs xop skinit wdt lwp fma4 tce nodeid_msr tbm topoext perfctr_core perfctr_nb arat cpb hw_pstate npt lbrv svm_lock nrip_save tsc_scale vmcb_clean flushbyasid decodeassists pausefilter pfthreshold vmmcall bmi1
bogomips	: 7000.16
TLB size	: 1536 4K pages
clflush size	: 64
cache_alignment	: 64
address sizes	: 48 bits physical, 48 bits virtual
power management: ts ttp tm 100mhzsteps hwpstate cpb eff_freq_ro

processor	: 5
vendor_id	: AuthenticAMD
cpu family	: 21
model		: 2
model name	: AMD FX(tm)-8320 Eight-Core Processor           
stepping	: 0
microcode	: 0x6000822
cpu MHz		: 1400.000
cache size	: 2048 KB
physical id	: 0
siblings	: 8
core id		: 5
cpu cores	: 4
apicid		: 21
initial apicid	: 5
fpu		: yes
fpu_exception	: yes
cpuid level	: 13
wp		: yes
flags		: fpu vme de pse tsc msr pae mce cx8 apic sep mtrr pge mca cmov pat pse36 clflush mmx fxsr sse sse2 ht syscall nx mmxext fxsr_opt pdpe1gb rdtscp lm constant_tsc rep_good nopl nonstop_tsc extd_apicid aperfmperf pni pclmulqdq monitor ssse3 fma cx16 sse4_1 sse4_2 popcnt aes xsave avx f16c lahf_lm cmp_legacy svm extapic cr8_legacy abm sse4a misalignsse 3dnowprefetch osvw ibs xop skinit wdt lwp fma4 tce nodeid_msr tbm topoext perfctr_core perfctr_nb arat cpb hw_pstate npt lbrv svm_lock nrip_save tsc_scale vmcb_clean flushbyasid decodeassists pausefilter pfthreshold vmmcall bmi1
bogomips	: 7000.16
TLB size	: 1536 4K pages
clflush size	: 64
cache_alignment	: 64
address sizes	: 48 bits physical, 48 bits virtual
power management: ts ttp tm 100mhzsteps hwpstate cpb eff_freq_ro

processor	: 6
vendor_id	: AuthenticAMD
cpu family	: 21
model		: 2
model name	: AMD FX(tm)-8320 Eight-Core Processor           
stepping	: 0
microcode	: 0x6000822
cpu MHz		: 3500.000
cache size	: 2048 KB
physical id	: 0
siblings	: 8
core id		: 6
cpu cores	: 4
apicid		: 22
initial apicid	: 6
fpu		: yes
fpu_exception	: yes
cpuid level	: 13
wp		: yes
flags		: fpu vme de pse tsc msr pae mce cx8 apic sep mtrr pge mca cmov pat pse36 clflush mmx fxsr sse sse2 ht syscall nx mmxext fxsr_opt pdpe1gb rdtscp lm constant_tsc rep_good nopl nonstop_tsc extd_apicid aperfmperf pni pclmulqdq monitor ssse3 fma cx16 sse4_1 sse4_2 popcnt aes xsave avx f16c lahf_lm cmp_legacy svm extapic cr8_legacy abm sse4a misalignsse 3dnowprefetch osvw ibs xop skinit wdt lwp fma4 tce nodeid_msr tbm topoext perfctr_core perfctr_nb arat cpb hw_pstate npt lbrv svm_lock nrip_save tsc_scale vmcb_clean flushbyasid decodeassists pausefilter pfthreshold vmmcall bmi1
bogomips	: 7000.16
TLB size	: 1536 4K pages
clflush size	: 64
cache_alignment	: 64
address sizes	: 48 bits physical, 48 bits virtual
power management: ts ttp tm 100mhzsteps hwpstate cpb eff_freq_ro

processor	: 7
vendor_id	: AuthenticAMD
cpu family	: 21
model		: 2
model name	: AMD FX(tm)-8320 Eight-Core Processor           
stepping	: 0
microcode	: 0x6000822
cpu MHz		: 3500.000
cache size	: 2048 KB
physical id	: 0
siblings	: 8
core id		: 7
cpu cores	: 4
apicid		: 23
initial apicid	: 7
fpu		: yes
fpu_exception	: yes
cpuid level	: 13
wp		: yes
flags		: fpu vme de pse tsc msr pae mce cx8 apic sep mtrr pge mca cmov pat pse36 clflush mmx fxsr sse sse2 ht syscall nx mmxext fxsr_opt pdpe1gb rdtscp lm constant_tsc rep_good nopl nonstop_tsc extd_apicid aperfmperf pni pclmulqdq monitor ssse3 fma cx16 sse4_1 sse4_2 popcnt aes xsave avx f16c lahf_lm cmp_legacy svm extapic cr8_legacy abm sse4a misalignsse 3dnowprefetch osvw ibs xop skinit wdt lwp fma4 tce nodeid_msr tbm topoext perfctr_core perfctr_nb arat cpb hw_pstate npt lbrv svm_lock nrip_save tsc_scale vmcb_clean flushbyasid decodeassists pausefilter pfthreshold vmmcall bmi1
bogomips	: 7000.16
TLB size	: 1536 4K pages
clflush size	: 64
cache_alignment	: 64
address sizes	: 48 bits physical, 48 bits virtual
power management: ts ttp tm 100mhzsteps hwpstate cpb eff_freq_ro



Memory: 4k page, physical 16352924k(8994460k free), swap 0k(0k free)

vm_info: OpenJDK 64-Bit Server VM (24.85-b03) for linux-amd64 JRE (1.7.0_85-b01), built on Oct 31 2015 21:30:47 by "jmm" with gcc 4.9.2

time: Tue Jan 10 22:49:03 2017
elapsed time: 1 seconds

