#
# A fatal error has been detected by the Java Runtime Environment:
#
#  SIGSEGV (0xb) at pc=0x0000000041e31ee3, pid=11907, tid=140413624137472
#
# JRE version: OpenJDK Runtime Environment (7.0_85-b01) (build 1.7.0_85-b01)
# Java VM: OpenJDK 64-Bit Server VM (24.85-b03 mixed mode linux-amd64 compressed oops)
# Derivative: IcedTea 2.6.1
# Distribution: Debian GNU/Linux 8.2 (jessie), package 7u85-2.6.1-6+deb8u1
# Problematic frame:
# C  0x0000000041e31ee3
#
# Failed to write core dump. Core dumps have been disabled. To enable core dumping, try "ulimit -c unlimited" before starting Java again
#
# If you would like to submit a bug report, please include
# instructions on how to reproduce the bug and visit:
#   http://icedtea.classpath.org/bugzilla
# The crash happened outside the Java Virtual Machine in native code.
# See problematic frame for where to report the bug.
#

---------------  T H R E A D  ---------------

Current thread (0x00007fb49000a800):  JavaThread "main" [_thread_in_native, id=11909, stack(0x00007fb498203000,0x00007fb498304000)]

siginfo:si_signo=SIGSEGV: si_errno=0, si_code=1 (SEGV_MAPERR), si_addr=0x0000000000000000

Registers:
RAX=0x00007fb454e9bb24, RBX=0x00000000415cf000, RCX=0x0000000000000000, RDX=0x0000000000000066
RSP=0x00007fb498301fb8, RBP=0x000000003f080000, RSI=0x0000000000000000, RDI=0x0000000000000000
R8 =0x00007fb4906c5980, R9 =0x000000012ba80000, R10=0x247c8b489f75caff, R11=0x0000000000000000
R12=0x0000000000000000, R13=0x0000000000000066, R14=0x0000000000000000, R15=0x00007fb490562900
RIP=0x0000000041e31ee3, EFLAGS=0x0000000000010246, CSGSFS=0x0000000000000033, ERR=0x0000000000000004
  TRAPNO=0x000000000000000e

Top of Stack: (sp=0x00007fb498301fb8)
0x00007fb498301fb8:   00007fb426db9fc4 0000000400000000
0x00007fb498301fc8:   00007fb4906cbab8 00007fb49000a800
0x00007fb498301fd8:   00007fb426dba96e 00007fb454e9bb24
0x00007fb498301fe8:   00000000415cf000 0000000041613100
0x00007fb498301ff8:   0000000000000004 0000000000000000
0x00007fb498302008:   00007fb498302118 00007fb49000a800
0x00007fb498302018:   00007fb4269c8798 00000006fc0c51e0
0x00007fb498302028:   0000006600000000 00000006fc038f48
0x00007fb498302038:   0000000000000000 00007fb498302068
0x00007fb498302048:   00000006fc66d8a8 00007fb4983020d8
0x00007fb498302058:   0000000000000000 00000006fc66d8a8
0x00007fb498302068:   00007fb48d012758 00007fb498302070
0x00007fb498302078:   00000006fc57b508 00007fb4983020c0
0x00007fb498302088:   00000006fc57cc18 0000000000000000
0x00007fb498302098:   00007fb498302098 0000000000000000
0x00007fb4983020a8:   00007fb498302118 00000006fc689b18
0x00007fb4983020b8:   0000000000000000 00000006fc66d8a8
0x00007fb4983020c8:   0000000000000000 00007fb4983020f8
0x00007fb4983020d8:   00007fb498302160 00007fb48d006058
0x00007fb4983020e8:   00000007ad55c088 00007fb48d00ecd8
0x00007fb4983020f8:   00007fb456156780 00007fb498302160
0x00007fb498302108:   0000000000000066 0000000000000000
0x00007fb498302118:   0000000000000004 00007fb498302120
0x00007fb498302128:   00000006fc66d79c 00007fb498302198
0x00007fb498302138:   00000006fc689b18 0000000000000000
0x00007fb498302148:   00000006fc66d7e8 00007fb4983020f8
0x00007fb498302158:   00007fb498302188 00007fb4983021e0
0x00007fb498302168:   00007fb48d006058 00007fb456156780
0x00007fb498302178:   0000000000000000 00000007ad509f08
0x00007fb498302188:   0000000000000066 0000000000000000
0x00007fb498302198:   0000000000000004 00007fb4983021a0
0x00007fb4983021a8:   00000006fc6cdd13 00007fb4983021f8 

Instructions: (pc=0x0000000041e31ee3)
0x0000000041e31ec3:   68 04 48 be 78 fd 61 41 00 00 00 00 48 8b 36 48
0x0000000041e31ed3:   8b b6 38 03 00 00 48 8b f9 48 c1 e7 04 48 03 f7
0x0000000041e31ee3:   8b 3e 8b 6e 04 89 78 08 89 68 0c 8b 7e 08 8b 6e
0x0000000041e31ef3:   0c 89 78 10 89 68 14 48 83 c0 18 ff c1 ff ca 75 

Register to memory mapping:

RAX=0x00007fb454e9bb24 is an unknown value
RBX=0x00000000415cf000 is an unknown value
RCX=0x0000000000000000 is an unknown value
RDX=0x0000000000000066 is an unknown value
RSP=0x00007fb498301fb8 is pointing into the stack for thread: 0x00007fb49000a800
RBP=0x000000003f080000 is an unknown value
RSI=0x0000000000000000 is an unknown value
RDI=0x0000000000000000 is an unknown value
R8 =0x00007fb4906c5980 is an unknown value
R9 =0x000000012ba80000 is an unknown value
R10=0x247c8b489f75caff is an unknown value
R11=0x0000000000000000 is an unknown value
R12=0x0000000000000000 is an unknown value
R13=0x0000000000000066 is an unknown value
R14=0x0000000000000000 is an unknown value
R15=0x00007fb490562900 is an unknown value


Stack: [0x00007fb498203000,0x00007fb498304000],  sp=0x00007fb498301fb8,  free space=1019k
Native frames: (J=compiled Java code, j=interpreted, Vv=VM code, C=native code)
C  0x0000000041e31ee3

[error occurred during error reporting (printing native stack), id 0xb]

Java frames: (J=compiled Java code, j=interpreted, Vv=VM code)
j  org.lwjgl.opengl.GL11.nglDrawArrays(IIIJ)V+0
j  org.lwjgl.opengl.GL11.glDrawArrays(III)V+20
j  fontRendering.FontRenderer.renderText(LfontMeshCreator/GUIText;)V+43
j  fontRendering.FontRenderer.render(Ljava/util/Map;)V+92
j  fontRendering.TextMaster.render()V+6
j  engine.GameLoop.main([Ljava/lang/String;)V+162
v  ~StubRoutines::call_stub
j  sun.reflect.NativeMethodAccessorImpl.invoke0(Ljava/lang/reflect/Method;Ljava/lang/Object;[Ljava/lang/Object;)Ljava/lang/Object;+0
j  sun.reflect.NativeMethodAccessorImpl.invoke(Ljava/lang/Object;[Ljava/lang/Object;)Ljava/lang/Object;+87
j  sun.reflect.DelegatingMethodAccessorImpl.invoke(Ljava/lang/Object;[Ljava/lang/Object;)Ljava/lang/Object;+6
j  java.lang.reflect.Method.invoke(Ljava/lang/Object;[Ljava/lang/Object;)Ljava/lang/Object;+57
j  com.intellij.rt.execution.application.AppMain.main([Ljava/lang/String;)V+170
v  ~StubRoutines::call_stub

---------------  P R O C E S S  ---------------

Java Threads: ( => current thread )
  0x00007fb490248000 JavaThread "process reaper" daemon [_thread_blocked, id=11949, stack(0x00007fb47c0df000,0x00007fb47c118000)]
  0x00007fb49023b800 JavaThread "AWT-XAWT" daemon [_thread_in_native, id=11947, stack(0x00007fb484006000,0x00007fb484107000)]
  0x00007fb49021d800 JavaThread "Java2D Disposer" daemon [_thread_blocked, id=11946, stack(0x00007fb484107000,0x00007fb484208000)]
  0x00007fb490188000 JavaThread "Monitor Ctrl-Break" daemon [_thread_in_native, id=11945, stack(0x00007fb48537f000,0x00007fb485480000)]
  0x00007fb4900b0000 JavaThread "Service Thread" daemon [_thread_blocked, id=11941, stack(0x00007fb4857d4000,0x00007fb4858d5000)]
  0x00007fb4900ad800 JavaThread "C2 CompilerThread1" daemon [_thread_blocked, id=11940, stack(0x00007fb4858d5000,0x00007fb4859d6000)]
  0x00007fb4900aa800 JavaThread "C2 CompilerThread0" daemon [_thread_blocked, id=11939, stack(0x00007fb4859d6000,0x00007fb485ad7000)]
  0x00007fb4900a8800 JavaThread "Signal Dispatcher" daemon [_thread_blocked, id=11938, stack(0x00007fb485ad7000,0x00007fb485bd8000)]
  0x00007fb490085000 JavaThread "Finalizer" daemon [_thread_blocked, id=11929, stack(0x00007fb485d63000,0x00007fb485e64000)]
  0x00007fb490083000 JavaThread "Reference Handler" daemon [_thread_blocked, id=11928, stack(0x00007fb485e64000,0x00007fb485f65000)]
=>0x00007fb49000a800 JavaThread "main" [_thread_in_native, id=11909, stack(0x00007fb498203000,0x00007fb498304000)]

Other Threads:
  0x00007fb49007f000 VMThread [stack: 0x00007fb485f65000,0x00007fb486066000] [id=11927]
  0x00007fb4900ba800 WatcherThread [stack: 0x00007fb4856d3000,0x00007fb4857d4000] [id=11942]

VM state:not at safepoint (normal execution)

VM Mutex/Monitor currently owned by a thread: None

Heap
 PSYoungGen      total 75264K, used 13094K [0x00000007acc80000, 0x00000007b2000000, 0x0000000800000000)
  eden space 65024K, 20% used [0x00000007acc80000,0x00000007ad9498a0,0x00000007b0c00000)
  from space 10240K, 0% used [0x00000007b1600000,0x00000007b1600000,0x00000007b2000000)
  to   space 10240K, 0% used [0x00000007b0c00000,0x00000007b0c00000,0x00000007b1600000)
 ParOldGen       total 169984K, used 0K [0x0000000706600000, 0x0000000710c00000, 0x00000007acc80000)
  object space 169984K, 0% used [0x0000000706600000,0x0000000706600000,0x0000000710c00000)
 PSPermGen       total 21504K, used 7856K [0x00000006fc000000, 0x00000006fd500000, 0x0000000706600000)
  object space 21504K, 36% used [0x00000006fc000000,0x00000006fc7ac180,0x00000006fd500000)

Card table byte_map: [0x00007fb4945cf000,0x00007fb494df0000] byte_map_base: 0x00007fb490def000

Polling page: 0x00007fb49832e000

Code Cache  [0x00007fb48d000000, 0x00007fb48d270000, 0x00007fb490000000)
 total_blobs=483 nmethods=33 adapters=405 free_code_cache=48577Kb largest_free_block=49732032

Compilation events (10 events):
Event: 0.886 Thread 0x00007fb4900aa800   29   !         java.io.BufferedReader::readLine (304 bytes)
Event: 0.895 Thread 0x00007fb4900ad800   30             sun.nio.cs.UTF_8$Decoder::decodeArrayLoop (543 bytes)
Event: 0.902 Thread 0x00007fb4900aa800 nmethod 29 0x00007fb48d08f350 code [0x00007fb48d08f520, 0x00007fb48d090530]
Event: 0.915 Thread 0x00007fb4900ad800 nmethod 30 0x00007fb48d090c50 code [0x00007fb48d090ec0, 0x00007fb48d091a58]
Event: 0.924 Thread 0x00007fb4900aa800   31             java.lang.String::indexOf (166 bytes)
Event: 0.927 Thread 0x00007fb4900ad800   32             org.newdawn.slick.opengl.PNGDecoder::unfilterUp (38 bytes)
Event: 0.933 Thread 0x00007fb4900ad800 nmethod 32 0x00007fb48d088a10 code [0x00007fb48d088b60, 0x00007fb48d088cd8]
Event: 0.933 Thread 0x00007fb4900ad800   33 %           org.newdawn.slick.opengl.PNGDecoder::unfilterUp @ 12 (38 bytes)
Event: 0.936 Thread 0x00007fb4900aa800 nmethod 31 0x00007fb48d08b9d0 code [0x00007fb48d08bb20, 0x00007fb48d08bfd8]
Event: 0.939 Thread 0x00007fb4900ad800 nmethod 33% 0x00007fb48d088510 code [0x00007fb48d088660, 0x00007fb48d0888b8]

GC Heap History (0 events):
No events

Deoptimization events (2 events):
Event: 0.125 Thread 0x00007fb49000a800 Uncommon trap: reason=unstable_if action=reinterpret pc=0x00007fb48d060df0 method=java.lang.String.indexOf([CII[CIII)I @ 123
Event: 0.822 Thread 0x00007fb49000a800 Uncommon trap: reason=unstable_if action=reinterpret pc=0x00007fb48d0739e8 method=java.lang.String.indexOf([CII[CIII)I @ 3

Internal exceptions (10 events):
Event: 0.920 Thread 0x00007fb49000a800 Threw 0x00000007ad8d71b8 at /home/jmm/jdk2/openjdk-7-7u85-2.6.1/build/openjdk/hotspot/src/share/vm/prims/jvm.cpp:1322
Event: 0.921 Thread 0x00007fb49000a800 Threw 0x00000007ad8daa30 at /home/jmm/jdk2/openjdk-7-7u85-2.6.1/build/openjdk/hotspot/src/share/vm/prims/jvm.cpp:1322
Event: 0.923 Thread 0x00007fb49000a800 Threw 0x00000007ad8e18c0 at /home/jmm/jdk2/openjdk-7-7u85-2.6.1/build/openjdk/hotspot/src/share/vm/prims/jvm.cpp:1322
Event: 0.924 Thread 0x00007fb49000a800 Threw 0x00000007ad8e5600 at /home/jmm/jdk2/openjdk-7-7u85-2.6.1/build/openjdk/hotspot/src/share/vm/prims/jvm.cpp:1322
Event: 0.967 Thread 0x00007fb49000a800 Threw 0x00000007ad8f01d8 at /home/jmm/jdk2/openjdk-7-7u85-2.6.1/build/openjdk/hotspot/src/share/vm/prims/jvm.cpp:1322
Event: 0.967 Thread 0x00007fb49000a800 Threw 0x00000007ad8f3980 at /home/jmm/jdk2/openjdk-7-7u85-2.6.1/build/openjdk/hotspot/src/share/vm/prims/jvm.cpp:1322
Event: 0.968 Thread 0x00007fb49000a800 Threw 0x00000007ad8f7190 at /home/jmm/jdk2/openjdk-7-7u85-2.6.1/build/openjdk/hotspot/src/share/vm/prims/jvm.cpp:1322
Event: 0.970 Thread 0x00007fb49000a800 Threw 0x00000007ad904718 at /home/jmm/jdk2/openjdk-7-7u85-2.6.1/build/openjdk/hotspot/src/share/vm/prims/jvm.cpp:1322
Event: 0.970 Thread 0x00007fb49000a800 Threw 0x00000007ad9082d8 at /home/jmm/jdk2/openjdk-7-7u85-2.6.1/build/openjdk/hotspot/src/share/vm/prims/jvm.cpp:1322
Event: 0.971 Thread 0x00007fb49000a800 Threw 0x00000007ad915cf0 at /home/jmm/jdk2/openjdk-7-7u85-2.6.1/build/openjdk/hotspot/src/share/vm/prims/jvm.cpp:1322

Events (10 events):
Event: 0.967 loading class 0x00007fb490189140
Event: 0.967 loading class 0x00007fb490189140 done
Event: 0.968 loading class 0x00007fb4909a9070
Event: 0.968 loading class 0x00007fb4909a9070 done
Event: 0.969 loading class 0x00007fb4909a94c0
Event: 0.969 loading class 0x00007fb4909a94c0 done
Event: 0.970 loading class 0x00007fb4909b80c0
Event: 0.970 loading class 0x00007fb4909b80c0 done
Event: 0.971 loading class 0x00007fb490924b80
Event: 0.971 loading class 0x00007fb490924b80 done


Dynamic libraries:
00400000-00401000 r-xp 00000000 08:01 2101986                            /usr/lib/jvm/java-7-openjdk-amd64/jre/bin/java
00600000-00601000 r--p 00000000 08:01 2101986                            /usr/lib/jvm/java-7-openjdk-amd64/jre/bin/java
00601000-00602000 rw-p 00001000 08:01 2101986                            /usr/lib/jvm/java-7-openjdk-amd64/jre/bin/java
015d9000-015fa000 rw-p 00000000 00:00 0                                  [heap]
415cf000-4166e000 rw-p 00000000 00:00 0 
41e30000-41e32000 r-xs 00000000 08:12 35                                 /tmp/.glzl0gSi (deleted)
6fc000000-6fd500000 rw-p 00000000 00:00 0 
6fd500000-706600000 rw-p 00000000 00:00 0 
706600000-710c00000 rw-p 00000000 00:00 0 
710c00000-7acc80000 rw-p 00000000 00:00 0 
7acc80000-7b2000000 rw-p 00000000 00:00 0 
7b2000000-800000000 rw-p 00000000 00:00 0 
7fb425568000-7fb426f65000 r-xp 00000000 08:01 1339821                    /usr/lib/x86_64-linux-gnu/libnvidia-glcore.so.352.55
7fb426f65000-7fb426f85000 rwxp 019fd000 08:01 1339821                    /usr/lib/x86_64-linux-gnu/libnvidia-glcore.so.352.55
7fb426f85000-7fb42724c000 r-xp 01a1d000 08:01 1339821                    /usr/lib/x86_64-linux-gnu/libnvidia-glcore.so.352.55
7fb42724c000-7fb42744b000 ---p 01ce4000 08:01 1339821                    /usr/lib/x86_64-linux-gnu/libnvidia-glcore.so.352.55
7fb42744b000-7fb427fe7000 rw-p 01ce3000 08:01 1339821                    /usr/lib/x86_64-linux-gnu/libnvidia-glcore.so.352.55
7fb427fe7000-7fb427ffb000 rw-p 00000000 00:00 0 
7fb428000000-7fb428021000 rw-p 00000000 00:00 0 
7fb428021000-7fb42c000000 ---p 00000000 00:00 0 
7fb42c000000-7fb42c021000 rw-p 00000000 00:00 0 
7fb42c021000-7fb430000000 ---p 00000000 00:00 0 
7fb430000000-7fb430021000 rw-p 00000000 00:00 0 
7fb430021000-7fb434000000 ---p 00000000 00:00 0 
7fb434000000-7fb434021000 rw-p 00000000 00:00 0 
7fb434021000-7fb438000000 ---p 00000000 00:00 0 
7fb438000000-7fb438021000 rw-p 00000000 00:00 0 
7fb438021000-7fb43c000000 ---p 00000000 00:00 0 
7fb43c000000-7fb43c021000 rw-p 00000000 00:00 0 
7fb43c021000-7fb440000000 ---p 00000000 00:00 0 
7fb440000000-7fb4401c4000 rw-p 00000000 00:00 0 
7fb4401c4000-7fb444000000 ---p 00000000 00:00 0 
7fb444000000-7fb4441d6000 rw-p 00000000 00:00 0 
7fb4441d6000-7fb448000000 ---p 00000000 00:00 0 
7fb448000000-7fb448021000 rw-p 00000000 00:00 0 
7fb448021000-7fb44c000000 ---p 00000000 00:00 0 
7fb44c000000-7fb44c021000 rw-p 00000000 00:00 0 
7fb44c021000-7fb450000000 ---p 00000000 00:00 0 
7fb450000000-7fb450021000 rw-p 00000000 00:00 0 
7fb450021000-7fb454000000 ---p 00000000 00:00 0 
7fb454ac0000-7fb454ec0000 rw-s 35b9e8000 00:05 17965                     /dev/nvidiactl
7fb454ec2000-7fb4556c4000 rw-p 00000000 00:00 0 
7fb4556c4000-7fb4558c4000 rw-s 267a54000 00:05 17965                     /dev/nvidiactl
7fb4558c8000-7fb4558d9000 r-xp 00000000 08:01 2101924                    /usr/lib/jvm/java-7-openjdk-amd64/jre/lib/amd64/libnio.so
7fb4558d9000-7fb455ad8000 ---p 00011000 08:01 2101924                    /usr/lib/jvm/java-7-openjdk-amd64/jre/lib/amd64/libnio.so
7fb455ad8000-7fb455ad9000 r--p 00010000 08:01 2101924                    /usr/lib/jvm/java-7-openjdk-amd64/jre/lib/amd64/libnio.so
7fb455ad9000-7fb455ada000 rw-p 00011000 08:01 2101924                    /usr/lib/jvm/java-7-openjdk-amd64/jre/lib/amd64/libnio.so
7fb455adb000-7fb455b5b000 rw-s 33b223000 00:05 17965                     /dev/nvidiactl
7fb455b60000-7fb455b62000 rw-s 00000000 08:12 35                         /tmp/.glzl0gSi (deleted)
7fb455b66000-7fb455be6000 rw-s 1f469e000 00:05 17965                     /dev/nvidiactl
7fb455be8000-7fb455c68000 rw-s 2fdef8000 00:05 17965                     /dev/nvidiactl
7fb455c6f000-7fb455d6f000 rw-s 33f957000 00:05 17965                     /dev/nvidiactl
7fb455d76000-7fb455d89000 rw-s 33b1d6000 00:05 17965                     /dev/nvidiactl
7fb455d90000-7fb455db0000 rw-s c0260000 00:05 19540                      /dev/nvidia0
7fb455db1000-7fb455df1000 rw-s 33fb49000 00:05 17965                     /dev/nvidiactl
7fb455df2000-7fb455e12000 rw-s 33b182000 00:05 17965                     /dev/nvidiactl
7fb455e18000-7fb455e58000 rw-s 267ae0000 00:05 17965                     /dev/nvidiactl
7fb455e5d000-7fb455e7d000 rw-s 7daad000 00:05 17965                      /dev/nvidiactl
7fb455e80000-7fb455e83000 r-xp 00000000 08:01 1339825                    /usr/lib/x86_64-linux-gnu/tls/libnvidia-tls.so.352.55
7fb455e83000-7fb456082000 ---p 00003000 08:01 1339825                    /usr/lib/x86_64-linux-gnu/tls/libnvidia-tls.so.352.55
7fb456082000-7fb456083000 rw-p 00002000 08:01 1339825                    /usr/lib/x86_64-linux-gnu/tls/libnvidia-tls.so.352.55
7fb456088000-7fb456146000 r-xp 00000000 08:01 1339822                    /usr/lib/x86_64-linux-gnu/libGL.so.352.55
7fb456146000-7fb456179000 rwxp 000be000 08:01 1339822                    /usr/lib/x86_64-linux-gnu/libGL.so.352.55
7fb456179000-7fb45618b000 r-xp 000f1000 08:01 1339822                    /usr/lib/x86_64-linux-gnu/libGL.so.352.55
7fb45618b000-7fb45638a000 ---p 00103000 08:01 1339822                    /usr/lib/x86_64-linux-gnu/libGL.so.352.55
7fb45638a000-7fb4563b2000 rw-p 00102000 08:01 1339822                    /usr/lib/x86_64-linux-gnu/libGL.so.352.55
7fb4563b2000-7fb4563b8000 rw-p 00000000 00:00 0 
7fb4563b8000-7fb4563bd000 r-xp 00000000 08:01 1317786                    /usr/lib/x86_64-linux-gnu/libXxf86vm.so.1.0.0
7fb4563bd000-7fb4565bc000 ---p 00005000 08:01 1317786                    /usr/lib/x86_64-linux-gnu/libXxf86vm.so.1.0.0
7fb4565bc000-7fb4565bd000 r--p 00004000 08:01 1317786                    /usr/lib/x86_64-linux-gnu/libXxf86vm.so.1.0.0
7fb4565bd000-7fb4565be000 rw-p 00005000 08:01 1317786                    /usr/lib/x86_64-linux-gnu/libXxf86vm.so.1.0.0
7fb4565c0000-7fb4565c9000 r-xp 00000000 08:01 1317776                    /usr/lib/x86_64-linux-gnu/libXrandr.so.2.2.0
7fb4565c9000-7fb4567c8000 ---p 00009000 08:01 1317776                    /usr/lib/x86_64-linux-gnu/libXrandr.so.2.2.0
7fb4567c8000-7fb4567c9000 r--p 00008000 08:01 1317776                    /usr/lib/x86_64-linux-gnu/libXrandr.so.2.2.0
7fb4567c9000-7fb4567ca000 rw-p 00009000 08:01 1317776                    /usr/lib/x86_64-linux-gnu/libXrandr.so.2.2.0
7fb4567d0000-7fb456840000 r-xp 00000000 08:13 9045172                    /home/mart/IdeaProjects/Multiplayer World 2/libs/liblwjgl64.so
7fb456840000-7fb456a40000 ---p 00070000 08:13 9045172                    /home/mart/IdeaProjects/Multiplayer World 2/libs/liblwjgl64.so
7fb456a40000-7fb456a42000 r--p 00070000 08:13 9045172                    /home/mart/IdeaProjects/Multiplayer World 2/libs/liblwjgl64.so
7fb456a42000-7fb456a43000 rw-p 00072000 08:13 9045172                    /home/mart/IdeaProjects/Multiplayer World 2/libs/liblwjgl64.so
7fb456a48000-7fb456a49000 r-xp 00000000 08:01 2101945                    /usr/lib/jvm/java-7-openjdk-amd64/jre/lib/amd64/libjawt.so
7fb456a49000-7fb456c48000 ---p 00001000 08:01 2101945                    /usr/lib/jvm/java-7-openjdk-amd64/jre/lib/amd64/libjawt.so
7fb456c48000-7fb456c49000 r--p 00000000 08:01 2101945                    /usr/lib/jvm/java-7-openjdk-amd64/jre/lib/amd64/libjawt.so
7fb456c49000-7fb456c4a000 rw-p 00001000 08:01 2101945                    /usr/lib/jvm/java-7-openjdk-amd64/jre/lib/amd64/libjawt.so
7fb456c50000-7fb456c55000 r-xp 00000000 08:01 1318319                    /usr/lib/x86_64-linux-gnu/libXfixes.so.3.1.0
7fb456c55000-7fb456e54000 ---p 00005000 08:01 1318319                    /usr/lib/x86_64-linux-gnu/libXfixes.so.3.1.0
7fb456e54000-7fb456e55000 r--p 00004000 08:01 1318319                    /usr/lib/x86_64-linux-gnu/libXfixes.so.3.1.0
7fb456e55000-7fb456e56000 rw-p 00005000 08:01 1318319                    /usr/lib/x86_64-linux-gnu/libXfixes.so.3.1.0
7fb456e58000-7fb456e62000 r-xp 00000000 08:01 1318351                    /usr/lib/x86_64-linux-gnu/libXcursor.so.1.0.2
7fb456e62000-7fb457061000 ---p 0000a000 08:01 1318351                    /usr/lib/x86_64-linux-gnu/libXcursor.so.1.0.2
7fb457061000-7fb457062000 r--p 00009000 08:01 1318351                    /usr/lib/x86_64-linux-gnu/libXcursor.so.1.0.2
7fb457062000-7fb457063000 rw-p 0000a000 08:01 1318351                    /usr/lib/x86_64-linux-gnu/libXcursor.so.1.0.2
7fb457068000-7fb4570af000 r-xp 00000000 08:01 6423007                    /lib/x86_64-linux-gnu/libdbus-1.so.3.8.13
7fb4570af000-7fb4572ae000 ---p 00047000 08:01 6423007                    /lib/x86_64-linux-gnu/libdbus-1.so.3.8.13
7fb4572ae000-7fb4572af000 r--p 00046000 08:01 6423007                    /lib/x86_64-linux-gnu/libdbus-1.so.3.8.13
7fb4572af000-7fb4572b0000 rw-p 00047000 08:01 6423007                    /lib/x86_64-linux-gnu/libdbus-1.so.3.8.13
7fb4572b0000-7fb457331000 r-xp 00000000 08:01 1315106                    /usr/lib/x86_64-linux-gnu/libgmp.so.10.2.0
7fb457331000-7fb457531000 ---p 00081000 08:01 1315106                    /usr/lib/x86_64-linux-gnu/libgmp.so.10.2.0
7fb457531000-7fb457532000 r--p 00081000 08:01 1315106                    /usr/lib/x86_64-linux-gnu/libgmp.so.10.2.0
7fb457532000-7fb457533000 rw-p 00082000 08:01 1315106                    /usr/lib/x86_64-linux-gnu/libgmp.so.10.2.0
7fb457538000-7fb457566000 r-xp 00000000 08:01 1315110                    /usr/lib/x86_64-linux-gnu/libhogweed.so.2.5
7fb457566000-7fb457765000 ---p 0002e000 08:01 1315110                    /usr/lib/x86_64-linux-gnu/libhogweed.so.2.5
7fb457765000-7fb457766000 r--p 0002d000 08:01 1315110                    /usr/lib/x86_64-linux-gnu/libhogweed.so.2.5
7fb457766000-7fb457767000 rw-p 0002e000 08:01 1315110                    /usr/lib/x86_64-linux-gnu/libhogweed.so.2.5
7fb457768000-7fb457798000 r-xp 00000000 08:01 1315108                    /usr/lib/x86_64-linux-gnu/libnettle.so.4.7
7fb457798000-7fb457998000 ---p 00030000 08:01 1315108                    /usr/lib/x86_64-linux-gnu/libnettle.so.4.7
7fb457998000-7fb457999000 r--p 00030000 08:01 1315108                    /usr/lib/x86_64-linux-gnu/libnettle.so.4.7
7fb457999000-7fb45799a000 rw-p 00031000 08:01 1315108                    /usr/lib/x86_64-linux-gnu/libnettle.so.4.7
7fb4579a0000-7fb4579b1000 r-xp 00000000 08:01 1315458                    /usr/lib/x86_64-linux-gnu/libtasn1.so.6.3.2
7fb4579b1000-7fb457bb1000 ---p 00011000 08:01 1315458                    /usr/lib/x86_64-linux-gnu/libtasn1.so.6.3.2
7fb457bb1000-7fb457bb3000 r--p 00011000 08:01 1315458                    /usr/lib/x86_64-linux-gnu/libtasn1.so.6.3.2
7fb457bb3000-7fb457bb4000 rw-p 00013000 08:01 1315458                    /usr/lib/x86_64-linux-gnu/libtasn1.so.6.3.2
7fb457bb8000-7fb457bf4000 r-xp 00000000 08:01 1315113                    /usr/lib/x86_64-linux-gnu/libp11-kit.so.0.0.0
7fb457bf4000-7fb457df3000 ---p 0003c000 08:01 1315113                    /usr/lib/x86_64-linux-gnu/libp11-kit.so.0.0.0
7fb457df3000-7fb457dfc000 r--p 0003b000 08:01 1315113                    /usr/lib/x86_64-linux-gnu/libp11-kit.so.0.0.0
7fb457dfc000-7fb457dfe000 rw-p 00044000 08:01 1315113                    /usr/lib/x86_64-linux-gnu/libp11-kit.so.0.0.0
7fb457e00000-7fb460000000 rw-p 00000000 00:00 0 
7fb460000000-7fb460021000 rw-p 00000000 00:00 0 
7fb460021000-7fb464000000 ---p 00000000 00:00 0 
7fb464000000-7fb464021000 rw-p 00000000 00:00 0 
7fb464021000-7fb468000000 ---p 00000000 00:00 0 
7fb468000000-7fb468021000 rw-p 00000000 00:00 0 
7fb468021000-7fb46c000000 ---p 00000000 00:00 0 
7fb46c000000-7fb46c021000 rw-p 00000000 00:00 0 
7fb46c021000-7fb470000000 ---p 00000000 00:00 0 
7fb470000000-7fb470021000 rw-p 00000000 00:00 0 
7fb470021000-7fb474000000 ---p 00000000 00:00 0 
7fb474000000-7fb474021000 rw-p 00000000 00:00 0 
7fb474021000-7fb478000000 ---p 00000000 00:00 0 
7fb478000000-7fb478021000 rw-p 00000000 00:00 0 
7fb478021000-7fb47c000000 ---p 00000000 00:00 0 
7fb47c003000-7fb47c004000 rw-s 2679f3000 00:05 17965                     /dev/nvidiactl
7fb47c00b000-7fb47c00f000 rw-s 3b2543000 00:05 17965                     /dev/nvidiactl
7fb47c014000-7fb47c015000 rw-s cfd64000 00:05 19540                      /dev/nvidia0
7fb47c01c000-7fb47c01d000 rw-s cfd64000 00:05 19540                      /dev/nvidia0
7fb47c022000-7fb47c023000 rw-s fd642000 00:05 19540                      /dev/nvidia0
7fb47c026000-7fb47c0da000 rw-s 42b5be000 00:05 17965                     /dev/nvidiactl
7fb47c0df000-7fb47c0e2000 ---p 00000000 00:00 0 
7fb47c0e2000-7fb47c118000 rw-p 00000000 00:00 0                          [stack:11949]
7fb47c118000-7fb47c11b000 r-xp 00000000 08:01 6422538                    /lib/x86_64-linux-gnu/libkeyutils.so.1.5
7fb47c11b000-7fb47c31a000 ---p 00003000 08:01 6422538                    /lib/x86_64-linux-gnu/libkeyutils.so.1.5
7fb47c31a000-7fb47c31b000 r--p 00002000 08:01 6422538                    /lib/x86_64-linux-gnu/libkeyutils.so.1.5
7fb47c31b000-7fb47c31c000 rw-p 00003000 08:01 6422538                    /lib/x86_64-linux-gnu/libkeyutils.so.1.5
7fb47c320000-7fb47c32b000 r-xp 00000000 08:01 1317160                    /usr/lib/x86_64-linux-gnu/libkrb5support.so.0.1
7fb47c32b000-7fb47c52a000 ---p 0000b000 08:01 1317160                    /usr/lib/x86_64-linux-gnu/libkrb5support.so.0.1
7fb47c52a000-7fb47c52b000 r--p 0000a000 08:01 1317160                    /usr/lib/x86_64-linux-gnu/libkrb5support.so.0.1
7fb47c52b000-7fb47c52c000 rw-p 0000b000 08:01 1317160                    /usr/lib/x86_64-linux-gnu/libkrb5support.so.0.1
7fb47c530000-7fb47c533000 r-xp 00000000 08:01 6422616                    /lib/x86_64-linux-gnu/libcom_err.so.2.1
7fb47c533000-7fb47c732000 ---p 00003000 08:01 6422616                    /lib/x86_64-linux-gnu/libcom_err.so.2.1
7fb47c732000-7fb47c733000 r--p 00002000 08:01 6422616                    /lib/x86_64-linux-gnu/libcom_err.so.2.1
7fb47c733000-7fb47c734000 rw-p 00003000 08:01 6422616                    /lib/x86_64-linux-gnu/libcom_err.so.2.1
7fb47c738000-7fb47c766000 r-xp 00000000 08:01 1317162                    /usr/lib/x86_64-linux-gnu/libk5crypto.so.3.1
7fb47c766000-7fb47c965000 ---p 0002e000 08:01 1317162                    /usr/lib/x86_64-linux-gnu/libk5crypto.so.3.1
7fb47c965000-7fb47c967000 r--p 0002d000 08:01 1317162                    /usr/lib/x86_64-linux-gnu/libk5crypto.so.3.1
7fb47c967000-7fb47c968000 rw-p 0002f000 08:01 1317162                    /usr/lib/x86_64-linux-gnu/libk5crypto.so.3.1
7fb47c968000-7fb47c969000 rw-p 00000000 00:00 0 
7fb47c970000-7fb47ca34000 r-xp 00000000 08:01 1317164                    /usr/lib/x86_64-linux-gnu/libkrb5.so.3.3
7fb47ca34000-7fb47cc34000 ---p 000c4000 08:01 1317164                    /usr/lib/x86_64-linux-gnu/libkrb5.so.3.3
7fb47cc34000-7fb47cc41000 r--p 000c4000 08:01 1317164                    /usr/lib/x86_64-linux-gnu/libkrb5.so.3.3
7fb47cc41000-7fb47cc44000 rw-p 000d1000 08:01 1317164                    /usr/lib/x86_64-linux-gnu/libkrb5.so.3.3
7fb47cc48000-7fb47cc4d000 r-xp 00000000 08:01 1317761                    /usr/lib/x86_64-linux-gnu/libXdmcp.so.6.0.0
7fb47cc4d000-7fb47ce4c000 ---p 00005000 08:01 1317761                    /usr/lib/x86_64-linux-gnu/libXdmcp.so.6.0.0
7fb47ce4c000-7fb47ce4d000 rw-p 00004000 08:01 1317761                    /usr/lib/x86_64-linux-gnu/libXdmcp.so.6.0.0
7fb47ce50000-7fb47ce53000 r-xp 00000000 08:01 1317759                    /usr/lib/x86_64-linux-gnu/libXau.so.6.0.0
7fb47ce53000-7fb47d052000 ---p 00003000 08:01 1317759                    /usr/lib/x86_64-linux-gnu/libXau.so.6.0.0
7fb47d052000-7fb47d053000 r--p 00002000 08:01 1317759                    /usr/lib/x86_64-linux-gnu/libXau.so.6.0.0
7fb47d053000-7fb47d054000 rw-p 00003000 08:01 1317759                    /usr/lib/x86_64-linux-gnu/libXau.so.6.0.0
7fb47d058000-7fb47d07e000 r-xp 00000000 08:01 6423568                    /lib/x86_64-linux-gnu/libpng12.so.0.50.0
7fb47d07e000-7fb47d27d000 ---p 00026000 08:01 6423568                    /lib/x86_64-linux-gnu/libpng12.so.0.50.0
7fb47d27d000-7fb47d27e000 r--p 00025000 08:01 6423568                    /lib/x86_64-linux-gnu/libpng12.so.0.50.0
7fb47d27e000-7fb47d27f000 rw-p 00026000 08:01 6423568                    /lib/x86_64-linux-gnu/libpng12.so.0.50.0
7fb47d280000-7fb47d2a6000 r-xp 00000000 08:01 6422533                    /lib/x86_64-linux-gnu/libexpat.so.1.6.0
7fb47d2a6000-7fb47d4a5000 ---p 00026000 08:01 6422533                    /lib/x86_64-linux-gnu/libexpat.so.1.6.0
7fb47d4a5000-7fb47d4a8000 r--p 00025000 08:01 6422533                    /lib/x86_64-linux-gnu/libexpat.so.1.6.0
7fb47d4a8000-7fb47d4a9000 rw-p 00028000 08:01 6422533                    /lib/x86_64-linux-gnu/libexpat.so.1.6.0
7fb47d4b0000-7fb47d4c0000 r-xp 00000000 08:01 1317911                    /usr/lib/x86_64-linux-gnu/libavahi-client.so.3.2.9
7fb47d4c0000-7fb47d6bf000 ---p 00010000 08:01 1317911                    /usr/lib/x86_64-linux-gnu/libavahi-client.so.3.2.9
7fb47d6bf000-7fb47d6c0000 r--p 0000f000 08:01 1317911                    /usr/lib/x86_64-linux-gnu/libavahi-client.so.3.2.9
7fb47d6c0000-7fb47d6c1000 rw-p 00010000 08:01 1317911                    /usr/lib/x86_64-linux-gnu/libavahi-client.so.3.2.9
7fb47d6c8000-7fb47d6d4000 r-xp 00000000 08:01 1317908                    /usr/lib/x86_64-linux-gnu/libavahi-common.so.3.5.3
7fb47d6d4000-7fb47d8d3000 ---p 0000c000 08:01 1317908                    /usr/lib/x86_64-linux-gnu/libavahi-common.so.3.5.3
7fb47d8d3000-7fb47d8d4000 r--p 0000b000 08:01 1317908                    /usr/lib/x86_64-linux-gnu/libavahi-common.so.3.5.3
7fb47d8d4000-7fb47d8d5000 rw-p 0000c000 08:01 1317908                    /usr/lib/x86_64-linux-gnu/libavahi-common.so.3.5.3
7fb47d8d8000-7fb47d9eb000 r-xp 00000000 08:01 1314044                    /usr/lib/x86_64-linux-gnu/libgnutls-deb0.so.28.41.0
7fb47d9eb000-7fb47dbeb000 ---p 00113000 08:01 1314044                    /usr/lib/x86_64-linux-gnu/libgnutls-deb0.so.28.41.0
7fb47dbeb000-7fb47dbf4000 r--p 00113000 08:01 1314044                    /usr/lib/x86_64-linux-gnu/libgnutls-deb0.so.28.41.0
7fb47dbf4000-7fb47dbf6000 rw-p 0011c000 08:01 1314044                    /usr/lib/x86_64-linux-gnu/libgnutls-deb0.so.28.41.0
7fb47dbf6000-7fb47dbf7000 rw-p 00000000 00:00 0 
7fb47dbf8000-7fb47dc3e000 r-xp 00000000 08:01 1317167                    /usr/lib/x86_64-linux-gnu/libgssapi_krb5.so.2.2
7fb47dc3e000-7fb47de3e000 ---p 00046000 08:01 1317167                    /usr/lib/x86_64-linux-gnu/libgssapi_krb5.so.2.2
7fb47de3e000-7fb47de40000 r--p 00046000 08:01 1317167                    /usr/lib/x86_64-linux-gnu/libgssapi_krb5.so.2.2
7fb47de40000-7fb47de42000 rw-p 00048000 08:01 1317167                    /usr/lib/x86_64-linux-gnu/libgssapi_krb5.so.2.2
7fb47de48000-7fb47de69000 r-xp 00000000 08:01 1317763                    /usr/lib/x86_64-linux-gnu/libxcb.so.1.1.0
7fb47de69000-7fb47e068000 ---p 00021000 08:01 1317763                    /usr/lib/x86_64-linux-gnu/libxcb.so.1.1.0
7fb47e068000-7fb47e069000 r--p 00020000 08:01 1317763                    /usr/lib/x86_64-linux-gnu/libxcb.so.1.1.0
7fb47e069000-7fb47e06a000 rw-p 00021000 08:01 1317763                    /usr/lib/x86_64-linux-gnu/libxcb.so.1.1.0
7fb47e070000-7fb47e114000 r-xp 00000000 08:01 1318123                    /usr/lib/x86_64-linux-gnu/libfreetype.so.6.11.1
7fb47e114000-7fb47e313000 ---p 000a4000 08:01 1318123                    /usr/lib/x86_64-linux-gnu/libfreetype.so.6.11.1
7fb47e313000-7fb47e319000 r--p 000a3000 08:01 1318123                    /usr/lib/x86_64-linux-gnu/libfreetype.so.6.11.1
7fb47e319000-7fb47e31a000 rw-p 000a9000 08:01 1318123                    /usr/lib/x86_64-linux-gnu/libfreetype.so.6.11.1
7fb47e320000-7fb47e35b000 r-xp 00000000 08:01 1318125                    /usr/lib/x86_64-linux-gnu/libfontconfig.so.1.8.0
7fb47e35b000-7fb47e55a000 ---p 0003b000 08:01 1318125                    /usr/lib/x86_64-linux-gnu/libfontconfig.so.1.8.0
7fb47e55a000-7fb47e55c000 r--p 0003a000 08:01 1318125                    /usr/lib/x86_64-linux-gnu/libfontconfig.so.1.8.0
7fb47e55c000-7fb47e55d000 rw-p 0003c000 08:01 1318125                    /usr/lib/x86_64-linux-gnu/libfontconfig.so.1.8.0
7fb47e560000-7fb47e5d0000 r-xp 00000000 08:01 1317913                    /usr/lib/x86_64-linux-gnu/libcups.so.2
7fb47e5d0000-7fb47e7cf000 ---p 00070000 08:01 1317913                    /usr/lib/x86_64-linux-gnu/libcups.so.2
7fb47e7cf000-7fb47e7d7000 r--p 0006f000 08:01 1317913                    /usr/lib/x86_64-linux-gnu/libcups.so.2
7fb47e7d7000-7fb47e7d8000 rw-p 00077000 08:01 1317913                    /usr/lib/x86_64-linux-gnu/libcups.so.2
7fb47e7d8000-7fb47e7e7000 r-xp 00000000 08:01 1318353                    /usr/lib/x86_64-linux-gnu/libXi.so.6.1.0
7fb47e7e7000-7fb47e9e6000 ---p 0000f000 08:01 1318353                    /usr/lib/x86_64-linux-gnu/libXi.so.6.1.0
7fb47e9e6000-7fb47e9e7000 r--p 0000e000 08:01 1318353                    /usr/lib/x86_64-linux-gnu/libXi.so.6.1.0
7fb47e9e7000-7fb47e9e8000 rw-p 0000f000 08:01 1318353                    /usr/lib/x86_64-linux-gnu/libXi.so.6.1.0
7fb47e9e8000-7fb47e9ed000 r-xp 00000000 08:01 1318983                    /usr/lib/x86_64-linux-gnu/libXtst.so.6.1.0
7fb47e9ed000-7fb47ebec000 ---p 00005000 08:01 1318983                    /usr/lib/x86_64-linux-gnu/libXtst.so.6.1.0
7fb47ebec000-7fb47ebed000 r--p 00004000 08:01 1318983                    /usr/lib/x86_64-linux-gnu/libXtst.so.6.1.0
7fb47ebed000-7fb47ebee000 rw-p 00005000 08:01 1318983                    /usr/lib/x86_64-linux-gnu/libXtst.so.6.1.0
7fb47ebf0000-7fb47ebf9000 r-xp 00000000 08:01 1317774                    /usr/lib/x86_64-linux-gnu/libXrender.so.1.3.0
7fb47ebf9000-7fb47edf8000 ---p 00009000 08:01 1317774                    /usr/lib/x86_64-linux-gnu/libXrender.so.1.3.0
7fb47edf8000-7fb47edf9000 r--p 00008000 08:01 1317774                    /usr/lib/x86_64-linux-gnu/libXrender.so.1.3.0
7fb47edf9000-7fb47edfa000 rw-p 00009000 08:01 1317774                    /usr/lib/x86_64-linux-gnu/libXrender.so.1.3.0
7fb47ee00000-7fb47ef3c000 r-xp 00000000 08:01 1317767                    /usr/lib/x86_64-linux-gnu/libX11.so.6.3.0
7fb47ef3c000-7fb47f13b000 ---p 0013c000 08:01 1317767                    /usr/lib/x86_64-linux-gnu/libX11.so.6.3.0
7fb47f13b000-7fb47f13d000 r--p 0013b000 08:01 1317767                    /usr/lib/x86_64-linux-gnu/libX11.so.6.3.0
7fb47f13d000-7fb47f142000 rw-p 0013d000 08:01 1317767                    /usr/lib/x86_64-linux-gnu/libX11.so.6.3.0
7fb47f142000-7fb47f143000 rw-p 00000000 00:00 0 
7fb47f148000-7fb47f159000 r-xp 00000000 08:01 1317770                    /usr/lib/x86_64-linux-gnu/libXext.so.6.4.0
7fb47f159000-7fb47f358000 ---p 00011000 08:01 1317770                    /usr/lib/x86_64-linux-gnu/libXext.so.6.4.0
7fb47f358000-7fb47f359000 r--p 00010000 08:01 1317770                    /usr/lib/x86_64-linux-gnu/libXext.so.6.4.0
7fb47f359000-7fb47f35a000 rw-p 00011000 08:01 1317770                    /usr/lib/x86_64-linux-gnu/libXext.so.6.4.0
7fb47f360000-7fb47f3a9000 r-xp 00000000 08:01 2235730                    /usr/lib/jvm/java-7-openjdk-amd64/jre/lib/amd64/xawt/libmawt.so
7fb47f3a9000-7fb47f5a8000 ---p 00049000 08:01 2235730                    /usr/lib/jvm/java-7-openjdk-amd64/jre/lib/amd64/xawt/libmawt.so
7fb47f5a8000-7fb47f5a9000 r--p 00048000 08:01 2235730                    /usr/lib/jvm/java-7-openjdk-amd64/jre/lib/amd64/xawt/libmawt.so
7fb47f5a9000-7fb47f5ac000 rw-p 00049000 08:01 2235730                    /usr/lib/jvm/java-7-openjdk-amd64/jre/lib/amd64/xawt/libmawt.so
7fb47f5ac000-7fb47f5ad000 rw-p 00000000 00:00 0 
7fb47f5b0000-7fb47f651000 r-xp 00000000 08:01 2101931                    /usr/lib/jvm/java-7-openjdk-amd64/jre/lib/amd64/libawt.so
7fb47f651000-7fb47f850000 ---p 000a1000 08:01 2101931                    /usr/lib/jvm/java-7-openjdk-amd64/jre/lib/amd64/libawt.so
7fb47f850000-7fb47f851000 r--p 000a0000 08:01 2101931                    /usr/lib/jvm/java-7-openjdk-amd64/jre/lib/amd64/libawt.so
7fb47f851000-7fb47f85c000 rw-p 000a1000 08:01 2101931                    /usr/lib/jvm/java-7-openjdk-amd64/jre/lib/amd64/libawt.so
7fb47f85c000-7fb47f881000 rw-p 00000000 00:00 0 
7fb47f887000-7fb47fb88000 rw-p 00000000 00:00 0 
7fb47fb88000-7fb47fbf4000 r-xp 00000000 08:01 6423678                    /lib/x86_64-linux-gnu/libpcre.so.3.13.1
7fb47fbf4000-7fb47fdf4000 ---p 0006c000 08:01 6423678                    /lib/x86_64-linux-gnu/libpcre.so.3.13.1
7fb47fdf4000-7fb47fdf5000 r--p 0006c000 08:01 6423678                    /lib/x86_64-linux-gnu/libpcre.so.3.13.1
7fb47fdf5000-7fb47fdf6000 rw-p 0006d000 08:01 6423678                    /lib/x86_64-linux-gnu/libpcre.so.3.13.1
7fb47fdf8000-7fb47fdff000 r-xp 00000000 08:01 1315076                    /usr/lib/x86_64-linux-gnu/libffi.so.6.0.2
7fb47fdff000-7fb47fffe000 ---p 00007000 08:01 1315076                    /usr/lib/x86_64-linux-gnu/libffi.so.6.0.2
7fb47fffe000-7fb47ffff000 r--p 00006000 08:01 1315076                    /usr/lib/x86_64-linux-gnu/libffi.so.6.0.2
7fb47ffff000-7fb480000000 rw-p 00007000 08:01 1315076                    /usr/lib/x86_64-linux-gnu/libffi.so.6.0.2
7fb480000000-7fb480021000 rw-p 00000000 00:00 0 
7fb480021000-7fb484000000 ---p 00000000 00:00 0 
7fb484006000-7fb484009000 ---p 00000000 00:00 0 
7fb484009000-7fb484107000 rw-p 00000000 00:00 0                          [stack:11947]
7fb484107000-7fb48410a000 ---p 00000000 00:00 0 
7fb48410a000-7fb484208000 rw-p 00000000 00:00 0                          [stack:11946]
7fb484208000-7fb48421c000 r-xp 00000000 08:01 6425568                    /lib/x86_64-linux-gnu/libresolv-2.19.so
7fb48421c000-7fb48441b000 ---p 00014000 08:01 6425568                    /lib/x86_64-linux-gnu/libresolv-2.19.so
7fb48441b000-7fb48441c000 r--p 00013000 08:01 6425568                    /lib/x86_64-linux-gnu/libresolv-2.19.so
7fb48441c000-7fb48441d000 rw-p 00014000 08:01 6425568                    /lib/x86_64-linux-gnu/libresolv-2.19.so
7fb48441d000-7fb48441f000 rw-p 00000000 00:00 0 
7fb484420000-7fb484441000 r-xp 00000000 08:01 6422627                    /lib/x86_64-linux-gnu/libselinux.so.1
7fb484441000-7fb484641000 ---p 00021000 08:01 6422627                    /lib/x86_64-linux-gnu/libselinux.so.1
7fb484641000-7fb484642000 r--p 00021000 08:01 6422627                    /lib/x86_64-linux-gnu/libselinux.so.1
7fb484642000-7fb484643000 rw-p 00022000 08:01 6422627                    /lib/x86_64-linux-gnu/libselinux.so.1
7fb484643000-7fb484645000 rw-p 00000000 00:00 0 
7fb484648000-7fb48464b000 r-xp 00000000 08:01 1318028                    /usr/lib/x86_64-linux-gnu/libgmodule-2.0.so.0.4200.1
7fb48464b000-7fb48484a000 ---p 00003000 08:01 1318028                    /usr/lib/x86_64-linux-gnu/libgmodule-2.0.so.0.4200.1
7fb48484a000-7fb48484b000 r--p 00002000 08:01 1318028                    /usr/lib/x86_64-linux-gnu/libgmodule-2.0.so.0.4200.1
7fb48484b000-7fb48484c000 rw-p 00003000 08:01 1318028                    /usr/lib/x86_64-linux-gnu/libgmodule-2.0.so.0.4200.1
7fb484850000-7fb48495c000 r-xp 00000000 08:01 6423013                    /lib/x86_64-linux-gnu/libglib-2.0.so.0.4200.1
7fb48495c000-7fb484b5c000 ---p 0010c000 08:01 6423013                    /lib/x86_64-linux-gnu/libglib-2.0.so.0.4200.1
7fb484b5c000-7fb484b5d000 r--p 0010c000 08:01 6423013                    /lib/x86_64-linux-gnu/libglib-2.0.so.0.4200.1
7fb484b5d000-7fb484b5e000 rw-p 0010d000 08:01 6423013                    /lib/x86_64-linux-gnu/libglib-2.0.so.0.4200.1
7fb484b5e000-7fb484b5f000 rw-p 00000000 00:00 0 
7fb484b60000-7fb484bb1000 r-xp 00000000 08:01 1318029                    /usr/lib/x86_64-linux-gnu/libgobject-2.0.so.0.4200.1
7fb484bb1000-7fb484db0000 ---p 00051000 08:01 1318029                    /usr/lib/x86_64-linux-gnu/libgobject-2.0.so.0.4200.1
7fb484db0000-7fb484db1000 r--p 00050000 08:01 1318029                    /usr/lib/x86_64-linux-gnu/libgobject-2.0.so.0.4200.1
7fb484db1000-7fb484db2000 rw-p 00051000 08:01 1318029                    /usr/lib/x86_64-linux-gnu/libgobject-2.0.so.0.4200.1
7fb484db8000-7fb484f29000 r-xp 00000000 08:01 1318031                    /usr/lib/x86_64-linux-gnu/libgio-2.0.so.0.4200.1
7fb484f29000-7fb485129000 ---p 00171000 08:01 1318031                    /usr/lib/x86_64-linux-gnu/libgio-2.0.so.0.4200.1
7fb485129000-7fb48512d000 r--p 00171000 08:01 1318031                    /usr/lib/x86_64-linux-gnu/libgio-2.0.so.0.4200.1
7fb48512d000-7fb48512f000 rw-p 00175000 08:01 1318031                    /usr/lib/x86_64-linux-gnu/libgio-2.0.so.0.4200.1
7fb48512f000-7fb485131000 rw-p 00000000 00:00 0 
7fb485133000-7fb485134000 rw-s 418c63000 00:05 17965                     /dev/nvidiactl
7fb485139000-7fb48513a000 rw-s fd641000 00:05 19540                      /dev/nvidia0
7fb485140000-7fb485141000 rw-s 41ad40000 00:05 17965                     /dev/nvidiactl
7fb485142000-7fb485143000 rw-s a0d5a000 00:05 17965                      /dev/nvidiactl
7fb485148000-7fb485149000 rw-s fd060000 00:05 19540                      /dev/nvidia0
7fb485150000-7fb485151000 r--p 00000000 08:01 1314157                    /usr/share/locale/en_GB/LC_MESSAGES/libc.mo
7fb485153000-7fb48515e000 r--s 00203000 08:01 2101903                    /usr/lib/jvm/java-7-openjdk-amd64/jre/lib/charsets.jar
7fb485160000-7fb485178000 r-xp 00000000 08:01 2101942                    /usr/lib/jvm/java-7-openjdk-amd64/jre/lib/amd64/libnet.so
7fb485178000-7fb485377000 ---p 00018000 08:01 2101942                    /usr/lib/jvm/java-7-openjdk-amd64/jre/lib/amd64/libnet.so
7fb485377000-7fb485378000 r--p 00017000 08:01 2101942                    /usr/lib/jvm/java-7-openjdk-amd64/jre/lib/amd64/libnet.so
7fb485378000-7fb485379000 rw-p 00018000 08:01 2101942                    /usr/lib/jvm/java-7-openjdk-amd64/jre/lib/amd64/libnet.so
7fb48537f000-7fb485382000 ---p 00000000 00:00 0 
7fb485382000-7fb485480000 rw-p 00000000 00:00 0                          [stack:11945]
7fb485480000-7fb485481000 r-xp 00000000 08:01 1573728                    /opt/intellij-idea/bin/libbreakgen64.so
7fb485481000-7fb485680000 ---p 00001000 08:01 1573728                    /opt/intellij-idea/bin/libbreakgen64.so
7fb485680000-7fb485681000 r--p 00000000 08:01 1573728                    /opt/intellij-idea/bin/libbreakgen64.so
7fb485681000-7fb485682000 rw-p 00001000 08:01 1573728                    /opt/intellij-idea/bin/libbreakgen64.so
7fb485689000-7fb48568b000 r--s 00019000 08:01 1578241                    /opt/intellij-idea/lib/idea_rt.jar
7fb485692000-7fb485693000 r--s 00002000 08:13 4850952                    /home/mart/IdeaProjects/Multiplayer World 2/libs/PNGDecoder.jar
7fb485697000-7fb48569a000 r--s 00017000 08:13 9045358                    /home/mart/IdeaProjects/Multiplayer World 2/libs/slick-util.jar
7fb48569f000-7fb4856a3000 r--s 00027000 08:13 9045357                    /home/mart/IdeaProjects/Multiplayer World 2/libs/lwjgl_util.jar
7fb4856a3000-7fb4856b2000 r--s 000f3000 08:13 9045342                    /home/mart/IdeaProjects/Multiplayer World 2/libs/lwjgl.jar
7fb4856b7000-7fb4856c5000 r--s 0010f000 08:01 2101969                    /usr/lib/jvm/java-7-openjdk-amd64/jre/lib/rhino.jar
7fb4856c6000-7fb4856d0000 r--s 000ae000 08:01 2101899                    /usr/lib/jvm/java-7-openjdk-amd64/jre/lib/resources.jar
7fb4856d3000-7fb4856d4000 ---p 00000000 00:00 0 
7fb4856d4000-7fb4857d4000 rw-p 00000000 00:00 0                          [stack:11942]
7fb4857d4000-7fb4857d7000 ---p 00000000 00:00 0 
7fb4857d7000-7fb4858d5000 rw-p 00000000 00:00 0                          [stack:11941]
7fb4858d5000-7fb4858d8000 ---p 00000000 00:00 0 
7fb4858d8000-7fb4859d6000 rw-p 00000000 00:00 0                          [stack:11940]
7fb4859d6000-7fb4859d9000 ---p 00000000 00:00 0 
7fb4859d9000-7fb485ad7000 rw-p 00000000 00:00 0                          [stack:11939]
7fb485ad7000-7fb485ada000 ---p 00000000 00:00 0 
7fb485ada000-7fb485bd8000 rw-p 00000000 00:00 0                          [stack:11938]
7fb485bd8000-7fb485d61000 r--p 00000000 08:01 1314223                    /usr/lib/locale/locale-archive
7fb485d63000-7fb485d66000 ---p 00000000 00:00 0 
7fb485d66000-7fb485e64000 rw-p 00000000 00:00 0                          [stack:11929]
7fb485e64000-7fb485e67000 ---p 00000000 00:00 0 
7fb485e67000-7fb485f65000 rw-p 00000000 00:00 0                          [stack:11928]
7fb485f65000-7fb485f66000 ---p 00000000 00:00 0 
7fb485f66000-7fb488000000 rw-p 00000000 00:00 0                          [stack:11927]
7fb488000000-7fb488021000 rw-p 00000000 00:00 0 
7fb488021000-7fb48c000000 ---p 00000000 00:00 0 
7fb48c006000-7fb48c00b000 r--s 0004e000 08:01 2101968                    /usr/lib/jvm/java-7-openjdk-amd64/jre/lib/jsse.jar
7fb48c00f000-7fb48c522000 rw-p 00000000 00:00 0 
7fb48c522000-7fb48c6d4000 r--s 01d32000 08:01 2101898                    /usr/lib/jvm/java-7-openjdk-amd64/jre/lib/rt.jar
7fb48c6d5000-7fb48c7f8000 rw-p 00000000 00:00 0 
7fb48c7f8000-7fb48c7f9000 ---p 00000000 00:00 0 
7fb48c7f9000-7fb48c8f9000 rw-p 00000000 00:00 0                          [stack:11918]
7fb48c8f9000-7fb48c8fa000 ---p 00000000 00:00 0 
7fb48c8fa000-7fb48c9fa000 rw-p 00000000 00:00 0                          [stack:11917]
7fb48c9fa000-7fb48c9fb000 ---p 00000000 00:00 0 
7fb48c9fb000-7fb48cafb000 rw-p 00000000 00:00 0                          [stack:11916]
7fb48cafb000-7fb48cafc000 ---p 00000000 00:00 0 
7fb48cafc000-7fb48cbfc000 rw-p 00000000 00:00 0                          [stack:11915]
7fb48cbfc000-7fb48cbfd000 ---p 00000000 00:00 0 
7fb48cbfd000-7fb48ccfd000 rw-p 00000000 00:00 0                          [stack:11914]
7fb48ccfd000-7fb48ccfe000 ---p 00000000 00:00 0 
7fb48ccfe000-7fb48cdfe000 rw-p 00000000 00:00 0                          [stack:11913]
7fb48cdfe000-7fb48cdff000 ---p 00000000 00:00 0 
7fb48cdff000-7fb48ceff000 rw-p 00000000 00:00 0                          [stack:11912]
7fb48ceff000-7fb48cf00000 ---p 00000000 00:00 0 
7fb48cf00000-7fb48d000000 rw-p 00000000 00:00 0                          [stack:11911]
7fb48d000000-7fb48d270000 rwxp 00000000 00:00 0 
7fb48d270000-7fb490bce000 rw-p 00000000 00:00 0 
7fb490bce000-7fb494000000 ---p 00000000 00:00 0 
7fb494000000-7fb494001000 r--s 00000000 08:01 2101978                    /usr/lib/jvm/java-7-openjdk-amd64/jre/lib/management-agent.jar
7fb494008000-7fb49400a000 r--s 00018000 08:01 2101971                    /usr/lib/jvm/java-7-openjdk-amd64/jre/lib/jce.jar
7fb49400a000-7fb49400b000 r--s 0000a000 08:01 2101901                    /usr/lib/jvm/java-7-openjdk-amd64/jre/lib/javazic.jar
7fb494010000-7fb494011000 r--s 00000000 08:01 2101972                    /usr/lib/jvm/java-7-openjdk-amd64/jre/lib/compilefontconfig.jar
7fb494013000-7fb49401e000 r--s 00203000 08:01 2101903                    /usr/lib/jvm/java-7-openjdk-amd64/jre/lib/charsets.jar
7fb494020000-7fb494053000 rw-p 00000000 00:00 0 
7fb494053000-7fb49409b000 rw-p 00000000 00:00 0 
7fb49409b000-7fb4940ee000 rw-p 00000000 00:00 0 
7fb4940ee000-7fb4945cf000 rw-p 00000000 00:00 0 
7fb4945cf000-7fb4945da000 rw-p 00000000 00:00 0 
7fb4945da000-7fb494622000 rw-p 00000000 00:00 0 
7fb494622000-7fb494675000 rw-p 00000000 00:00 0 
7fb494675000-7fb494b55000 rw-p 00000000 00:00 0 
7fb494b55000-7fb494b7f000 rw-p 00000000 00:00 0 
7fb494b7f000-7fb494def000 rw-p 00000000 00:00 0 
7fb494def000-7fb494df0000 rw-p 00000000 00:00 0 
7fb494df0000-7fb494df8000 r-xp 00000000 08:01 2101919                    /usr/lib/jvm/java-7-openjdk-amd64/jre/lib/amd64/libzip.so
7fb494df8000-7fb494ff7000 ---p 00008000 08:01 2101919                    /usr/lib/jvm/java-7-openjdk-amd64/jre/lib/amd64/libzip.so
7fb494ff7000-7fb494ff8000 r--p 00007000 08:01 2101919                    /usr/lib/jvm/java-7-openjdk-amd64/jre/lib/amd64/libzip.so
7fb494ff8000-7fb494ff9000 rw-p 00008000 08:01 2101919                    /usr/lib/jvm/java-7-openjdk-amd64/jre/lib/amd64/libzip.so
7fb495000000-7fb49500b000 r-xp 00000000 08:01 6425563                    /lib/x86_64-linux-gnu/libnss_files-2.19.so
7fb49500b000-7fb49520a000 ---p 0000b000 08:01 6425563                    /lib/x86_64-linux-gnu/libnss_files-2.19.so
7fb49520a000-7fb49520b000 r--p 0000a000 08:01 6425563                    /lib/x86_64-linux-gnu/libnss_files-2.19.so
7fb49520b000-7fb49520c000 rw-p 0000b000 08:01 6425563                    /lib/x86_64-linux-gnu/libnss_files-2.19.so
7fb495210000-7fb49521a000 r-xp 00000000 08:01 6425565                    /lib/x86_64-linux-gnu/libnss_nis-2.19.so
7fb49521a000-7fb495419000 ---p 0000a000 08:01 6425565                    /lib/x86_64-linux-gnu/libnss_nis-2.19.so
7fb495419000-7fb49541a000 r--p 00009000 08:01 6425565                    /lib/x86_64-linux-gnu/libnss_nis-2.19.so
7fb49541a000-7fb49541b000 rw-p 0000a000 08:01 6425565                    /lib/x86_64-linux-gnu/libnss_nis-2.19.so
7fb495420000-7fb495435000 r-xp 00000000 08:01 6425560                    /lib/x86_64-linux-gnu/libnsl-2.19.so
7fb495435000-7fb495634000 ---p 00015000 08:01 6425560                    /lib/x86_64-linux-gnu/libnsl-2.19.so
7fb495634000-7fb495635000 r--p 00014000 08:01 6425560                    /lib/x86_64-linux-gnu/libnsl-2.19.so
7fb495635000-7fb495636000 rw-p 00015000 08:01 6425560                    /lib/x86_64-linux-gnu/libnsl-2.19.so
7fb495636000-7fb495638000 rw-p 00000000 00:00 0 
7fb495638000-7fb49563f000 r-xp 00000000 08:01 6425561                    /lib/x86_64-linux-gnu/libnss_compat-2.19.so
7fb49563f000-7fb49583e000 ---p 00007000 08:01 6425561                    /lib/x86_64-linux-gnu/libnss_compat-2.19.so
7fb49583e000-7fb49583f000 r--p 00006000 08:01 6425561                    /lib/x86_64-linux-gnu/libnss_compat-2.19.so
7fb49583f000-7fb495840000 rw-p 00007000 08:01 6425561                    /lib/x86_64-linux-gnu/libnss_compat-2.19.so
7fb495840000-7fb49586d000 r-xp 00000000 08:01 2101951                    /usr/lib/jvm/java-7-openjdk-amd64/jre/lib/amd64/libjava.so
7fb49586d000-7fb495a6c000 ---p 0002d000 08:01 2101951                    /usr/lib/jvm/java-7-openjdk-amd64/jre/lib/amd64/libjava.so
7fb495a6c000-7fb495a6d000 r--p 0002c000 08:01 2101951                    /usr/lib/jvm/java-7-openjdk-amd64/jre/lib/amd64/libjava.so
7fb495a6d000-7fb495a6f000 rw-p 0002d000 08:01 2101951                    /usr/lib/jvm/java-7-openjdk-amd64/jre/lib/amd64/libjava.so
7fb495a70000-7fb495a7f000 r-xp 00000000 08:01 2101914                    /usr/lib/jvm/java-7-openjdk-amd64/jre/lib/amd64/libverify.so
7fb495a7f000-7fb495c7e000 ---p 0000f000 08:01 2101914                    /usr/lib/jvm/java-7-openjdk-amd64/jre/lib/amd64/libverify.so
7fb495c7e000-7fb495c81000 r--p 0000e000 08:01 2101914                    /usr/lib/jvm/java-7-openjdk-amd64/jre/lib/amd64/libverify.so
7fb495c81000-7fb495c82000 rw-p 00011000 08:01 2101914                    /usr/lib/jvm/java-7-openjdk-amd64/jre/lib/amd64/libverify.so
7fb495c88000-7fb495c8f000 r-xp 00000000 08:01 6425569                    /lib/x86_64-linux-gnu/librt-2.19.so
7fb495c8f000-7fb495e8e000 ---p 00007000 08:01 6425569                    /lib/x86_64-linux-gnu/librt-2.19.so
7fb495e8e000-7fb495e8f000 r--p 00006000 08:01 6425569                    /lib/x86_64-linux-gnu/librt-2.19.so
7fb495e8f000-7fb495e90000 rw-p 00007000 08:01 6425569                    /lib/x86_64-linux-gnu/librt-2.19.so
7fb495e90000-7fb495ea6000 r-xp 00000000 08:01 6422532                    /lib/x86_64-linux-gnu/libgcc_s.so.1
7fb495ea6000-7fb4960a5000 ---p 00016000 08:01 6422532                    /lib/x86_64-linux-gnu/libgcc_s.so.1
7fb4960a5000-7fb4960a6000 rw-p 00015000 08:01 6422532                    /lib/x86_64-linux-gnu/libgcc_s.so.1
7fb4960a8000-7fb4961a8000 r-xp 00000000 08:01 6425558                    /lib/x86_64-linux-gnu/libm-2.19.so
7fb4961a8000-7fb4963a7000 ---p 00100000 08:01 6425558                    /lib/x86_64-linux-gnu/libm-2.19.so
7fb4963a7000-7fb4963a8000 r--p 000ff000 08:01 6425558                    /lib/x86_64-linux-gnu/libm-2.19.so
7fb4963a8000-7fb4963a9000 rw-p 00100000 08:01 6425558                    /lib/x86_64-linux-gnu/libm-2.19.so
7fb4963b0000-7fb49649c000 r-xp 00000000 08:01 1315446                    /usr/lib/x86_64-linux-gnu/libstdc++.so.6.0.20
7fb49649c000-7fb49669c000 ---p 000ec000 08:01 1315446                    /usr/lib/x86_64-linux-gnu/libstdc++.so.6.0.20
7fb49669c000-7fb4966a4000 r--p 000ec000 08:01 1315446                    /usr/lib/x86_64-linux-gnu/libstdc++.so.6.0.20
7fb4966a4000-7fb4966a6000 rw-p 000f4000 08:01 1315446                    /usr/lib/x86_64-linux-gnu/libstdc++.so.6.0.20
7fb4966a6000-7fb4966bb000 rw-p 00000000 00:00 0 
7fb4966c0000-7fb497216000 r-xp 00000000 08:01 2101927                    /usr/lib/jvm/java-7-openjdk-amd64/jre/lib/amd64/server/libjvm.so
7fb497216000-7fb497416000 ---p 00b56000 08:01 2101927                    /usr/lib/jvm/java-7-openjdk-amd64/jre/lib/amd64/server/libjvm.so
7fb497416000-7fb4974b5000 r--p 00b56000 08:01 2101927                    /usr/lib/jvm/java-7-openjdk-amd64/jre/lib/amd64/server/libjvm.so
7fb4974b5000-7fb4974d8000 rw-p 00bf5000 08:01 2101927                    /usr/lib/jvm/java-7-openjdk-amd64/jre/lib/amd64/server/libjvm.so
7fb4974d8000-7fb497505000 rw-p 00000000 00:00 0 
7fb497508000-7fb497522000 r-xp 00000000 08:01 6422628                    /lib/x86_64-linux-gnu/libz.so.1.2.8
7fb497522000-7fb497721000 ---p 0001a000 08:01 6422628                    /lib/x86_64-linux-gnu/libz.so.1.2.8
7fb497721000-7fb497722000 r--p 00019000 08:01 6422628                    /lib/x86_64-linux-gnu/libz.so.1.2.8
7fb497722000-7fb497723000 rw-p 0001a000 08:01 6422628                    /lib/x86_64-linux-gnu/libz.so.1.2.8
7fb497728000-7fb4978c7000 r-xp 00000000 08:01 6425554                    /lib/x86_64-linux-gnu/libc-2.19.so
7fb4978c7000-7fb497ac7000 ---p 0019f000 08:01 6425554                    /lib/x86_64-linux-gnu/libc-2.19.so
7fb497ac7000-7fb497acb000 r--p 0019f000 08:01 6425554                    /lib/x86_64-linux-gnu/libc-2.19.so
7fb497acb000-7fb497acd000 rw-p 001a3000 08:01 6425554                    /lib/x86_64-linux-gnu/libc-2.19.so
7fb497acd000-7fb497ad1000 rw-p 00000000 00:00 0 
7fb497ad8000-7fb497adb000 r-xp 00000000 08:01 6425557                    /lib/x86_64-linux-gnu/libdl-2.19.so
7fb497adb000-7fb497cda000 ---p 00003000 08:01 6425557                    /lib/x86_64-linux-gnu/libdl-2.19.so
7fb497cda000-7fb497cdb000 r--p 00002000 08:01 6425557                    /lib/x86_64-linux-gnu/libdl-2.19.so
7fb497cdb000-7fb497cdc000 rw-p 00003000 08:01 6425557                    /lib/x86_64-linux-gnu/libdl-2.19.so
7fb497ce0000-7fb497ced000 r-xp 00000000 08:01 2101917                    /usr/lib/jvm/java-7-openjdk-amd64/jre/lib/amd64/jli/libjli.so
7fb497ced000-7fb497eec000 ---p 0000d000 08:01 2101917                    /usr/lib/jvm/java-7-openjdk-amd64/jre/lib/amd64/jli/libjli.so
7fb497eec000-7fb497eed000 r--p 0000c000 08:01 2101917                    /usr/lib/jvm/java-7-openjdk-amd64/jre/lib/amd64/jli/libjli.so
7fb497eed000-7fb497eee000 rw-p 0000d000 08:01 2101917                    /usr/lib/jvm/java-7-openjdk-amd64/jre/lib/amd64/jli/libjli.so
7fb497ef0000-7fb497f08000 r-xp 00000000 08:01 6425550                    /lib/x86_64-linux-gnu/libpthread-2.19.so
7fb497f08000-7fb498107000 ---p 00018000 08:01 6425550                    /lib/x86_64-linux-gnu/libpthread-2.19.so
7fb498107000-7fb498108000 r--p 00017000 08:01 6425550                    /lib/x86_64-linux-gnu/libpthread-2.19.so
7fb498108000-7fb498109000 rw-p 00018000 08:01 6425550                    /lib/x86_64-linux-gnu/libpthread-2.19.so
7fb498109000-7fb49810d000 rw-p 00000000 00:00 0 
7fb498110000-7fb498130000 r-xp 00000000 08:01 6425551                    /lib/x86_64-linux-gnu/ld-2.19.so
7fb498137000-7fb49813a000 r--s 0000f000 08:01 2101910                    /usr/lib/jvm/java-7-openjdk-amd64/jre/lib/ext/icedtea-sound.jar
7fb49813c000-7fb498140000 r--s 00034000 08:01 2101912                    /usr/lib/jvm/java-7-openjdk-amd64/jre/lib/ext/sunjce_provider.jar
7fb498143000-7fb49814d000 rw-p 00000000 00:00 0 
7fb49814d000-7fb498203000 rw-p 00000000 00:00 0 
7fb498203000-7fb498206000 ---p 00000000 00:00 0 
7fb498206000-7fb498308000 rw-p 00000000 00:00 0                          [stack:11909]
7fb49830e000-7fb498310000 r--s 00006000 08:01 1841746                    /usr/share/java/java-atk-wrapper.jar
7fb498312000-7fb498314000 r--s 00012000 08:01 2101907                    /usr/lib/jvm/java-7-openjdk-amd64/jre/lib/ext/zipfs.jar
7fb498315000-7fb498319000 r--s 00085000 08:01 2101908                    /usr/lib/jvm/java-7-openjdk-amd64/jre/lib/ext/localedata.jar
7fb49831a000-7fb49831b000 r--s 00002000 08:01 2101909                    /usr/lib/jvm/java-7-openjdk-amd64/jre/lib/ext/dnsns.jar
7fb49831c000-7fb498320000 r--s 0003c000 08:01 2101911                    /usr/lib/jvm/java-7-openjdk-amd64/jre/lib/ext/sunpkcs11.jar
7fb498320000-7fb498328000 rw-s 00000000 08:12 3145731                    /tmp/hsperfdata_mart/11907
7fb49832b000-7fb49832e000 rw-p 00000000 00:00 0 
7fb49832e000-7fb49832f000 r--p 00000000 00:00 0 
7fb49832f000-7fb498330000 rw-p 00000000 00:00 0 
7fb498330000-7fb498331000 r--p 00020000 08:01 6425551                    /lib/x86_64-linux-gnu/ld-2.19.so
7fb498331000-7fb498332000 rw-p 00021000 08:01 6425551                    /lib/x86_64-linux-gnu/ld-2.19.so
7fb498332000-7fb498335000 rw-p 00000000 00:00 0 
7fffa5394000-7fffa53b5000 rw-p 00000000 00:00 0                          [stack]
7fffa53d8000-7fffa53da000 r-xp 00000000 00:00 0                          [vdso]
7fffa53da000-7fffa53dc000 r--p 00000000 00:00 0                          [vvar]
ffffffffff600000-ffffffffff601000 r-xp 00000000 00:00 0                  [vsyscall]

VM Arguments:
jvm_args: -Djava.library.path=libs/ -Didea.launcher.port=7540 -Didea.launcher.bin.path=/opt/intellij-idea/bin -Dfile.encoding=UTF-8 
java_command: com.intellij.rt.execution.application.AppMain engine.GameLoop
Launcher Type: SUN_STANDARD

Environment Variables:
PATH=/usr/local/bin:/usr/bin:/bin:/usr/local/games:/usr/games
USERNAME=mart
LD_LIBRARY_PATH=/opt/intellij-idea/bin:
SHELL=/bin/bash
DISPLAY=:0

Signal Handlers:
SIGSEGV: [libjvm.so+0x988620], sa_mask[0]=0x7ffbfeff, sa_flags=0x10000004
SIGBUS: [libjvm.so+0x988620], sa_mask[0]=0x7ffbfeff, sa_flags=0x10000004
SIGFPE: [libjvm.so+0x7f5420], sa_mask[0]=0x7ffbfeff, sa_flags=0x10000004
SIGPIPE: [libjvm.so+0x7f5420], sa_mask[0]=0x7ffbfeff, sa_flags=0x10000004
SIGXFSZ: [libjvm.so+0x7f5420], sa_mask[0]=0x7ffbfeff, sa_flags=0x10000004
SIGILL: [libjvm.so+0x7f5420], sa_mask[0]=0x7ffbfeff, sa_flags=0x10000004
SIGUSR1: SIG_DFL, sa_mask[0]=0x00000000, sa_flags=0x00000000
SIGUSR2: [libjvm.so+0x7f52a0], sa_mask[0]=0x00000004, sa_flags=0x10000004
SIGHUP: [libjvm.so+0x7f54a0], sa_mask[0]=0x7ffbfeff, sa_flags=0x10000004
SIGINT: [libjvm.so+0x7f54a0], sa_mask[0]=0x7ffbfeff, sa_flags=0x10000004
SIGTERM: [libjvm.so+0x7f54a0], sa_mask[0]=0x7ffbfeff, sa_flags=0x10000004
SIGQUIT: [libjvm.so+0x7f54a0], sa_mask[0]=0x7ffbfeff, sa_flags=0x10000004
SIGTRAP: SIG_DFL, sa_mask[0]=0x00000000, sa_flags=0x00000000


---------------  S Y S T E M  ---------------

OS:8.2

uname:Linux 3.16.0-4-amd64 #1 SMP Debian 3.16.7-ckt11-1+deb8u5 (2015-10-09) x86_64
libc:glibc 2.19 NPTL 2.19 
rlimit: STACK 8192k, CORE 0k, NPROC 63809, NOFILE 65536, AS infinity
load average:0.64 0.53 0.64

/proc/meminfo:
MemTotal:       16352924 kB
MemFree:         9081592 kB
MemAvailable:   12624116 kB
Buffers:          345448 kB
Cached:          3099592 kB
SwapCached:            0 kB
Active:          5410592 kB
Inactive:        1284616 kB
Active(anon):    3252780 kB
Inactive(anon):    26772 kB
Active(file):    2157812 kB
Inactive(file):  1257844 kB
Unevictable:          32 kB
Mlocked:              32 kB
SwapTotal:             0 kB
SwapFree:              0 kB
Dirty:              8668 kB
Writeback:             0 kB
AnonPages:       3250560 kB
Mapped:           426004 kB
Shmem:             29404 kB
Slab:             428096 kB
SReclaimable:     380284 kB
SUnreclaim:        47812 kB
KernelStack:       12544 kB
PageTables:        32924 kB
NFS_Unstable:          0 kB
Bounce:                0 kB
WritebackTmp:          0 kB
CommitLimit:     8176460 kB
Committed_AS:    8982824 kB
VmallocTotal:   34359738367 kB
VmallocUsed:      330552 kB
VmallocChunk:   34359391740 kB
HardwareCorrupted:     0 kB
AnonHugePages:         0 kB
HugePages_Total:       0
HugePages_Free:        0
HugePages_Rsvd:        0
HugePages_Surp:        0
Hugepagesize:       2048 kB
DirectMap4k:      213428 kB
DirectMap2M:    13365248 kB
DirectMap1G:     3145728 kB


CPU:total 8 (8 cores per cpu, 1 threads per core) family 21 model 2 stepping 0, cmov, cx8, fxsr, mmx, sse, sse2, sse3, ssse3, sse4.1, sse4.2, popcnt, avx, aes, mmxext, 3dnowpref, lzcnt, sse4a, tsc, tscinvbit, tscinv

/proc/cpuinfo:
processor	: 0
vendor_id	: AuthenticAMD
cpu family	: 21
model		: 2
model name	: AMD FX(tm)-8320 Eight-Core Processor
stepping	: 0
microcode	: 0x6000822
cpu MHz		: 3500.000
cache size	: 2048 KB
physical id	: 0
siblings	: 8
core id		: 0
cpu cores	: 4
apicid		: 16
initial apicid	: 0
fpu		: yes
fpu_exception	: yes
cpuid level	: 13
wp		: yes
flags		: fpu vme de pse tsc msr pae mce cx8 apic sep mtrr pge mca cmov pat pse36 clflush mmx fxsr sse sse2 ht syscall nx mmxext fxsr_opt pdpe1gb rdtscp lm constant_tsc rep_good nopl nonstop_tsc extd_apicid aperfmperf pni pclmulqdq monitor ssse3 fma cx16 sse4_1 sse4_2 popcnt aes xsave avx f16c lahf_lm cmp_legacy svm extapic cr8_legacy abm sse4a misalignsse 3dnowprefetch osvw ibs xop skinit wdt lwp fma4 tce nodeid_msr tbm topoext perfctr_core perfctr_nb arat cpb hw_pstate npt lbrv svm_lock nrip_save tsc_scale vmcb_clean flushbyasid decodeassists pausefilter pfthreshold vmmcall bmi1
bogomips	: 7000.16
TLB size	: 1536 4K pages
clflush size	: 64
cache_alignment	: 64
address sizes	: 48 bits physical, 48 bits virtual
power management: ts ttp tm 100mhzsteps hwpstate cpb eff_freq_ro

processor	: 1
vendor_id	: AuthenticAMD
cpu family	: 21
model		: 2
model name	: AMD FX(tm)-8320 Eight-Core Processor           
stepping	: 0
microcode	: 0x6000822
cpu MHz		: 3500.000
cache size	: 2048 KB
physical id	: 0
siblings	: 8
core id		: 1
cpu cores	: 4
apicid		: 17
initial apicid	: 1
fpu		: yes
fpu_exception	: yes
cpuid level	: 13
wp		: yes
flags		: fpu vme de pse tsc msr pae mce cx8 apic sep mtrr pge mca cmov pat pse36 clflush mmx fxsr sse sse2 ht syscall nx mmxext fxsr_opt pdpe1gb rdtscp lm constant_tsc rep_good nopl nonstop_tsc extd_apicid aperfmperf pni pclmulqdq monitor ssse3 fma cx16 sse4_1 sse4_2 popcnt aes xsave avx f16c lahf_lm cmp_legacy svm extapic cr8_legacy abm sse4a misalignsse 3dnowprefetch osvw ibs xop skinit wdt lwp fma4 tce nodeid_msr tbm topoext perfctr_core perfctr_nb arat cpb hw_pstate npt lbrv svm_lock nrip_save tsc_scale vmcb_clean flushbyasid decodeassists pausefilter pfthreshold vmmcall bmi1
bogomips	: 7000.16
TLB size	: 1536 4K pages
clflush size	: 64
cache_alignment	: 64
address sizes	: 48 bits physical, 48 bits virtual
power management: ts ttp tm 100mhzsteps hwpstate cpb eff_freq_ro

processor	: 2
vendor_id	: AuthenticAMD
cpu family	: 21
model		: 2
model name	: AMD FX(tm)-8320 Eight-Core Processor           
stepping	: 0
microcode	: 0x6000822
cpu MHz		: 3500.000
cache size	: 2048 KB
physical id	: 0
siblings	: 8
core id		: 2
cpu cores	: 4
apicid		: 18
initial apicid	: 2
fpu		: yes
fpu_exception	: yes
cpuid level	: 13
wp		: yes
flags		: fpu vme de pse tsc msr pae mce cx8 apic sep mtrr pge mca cmov pat pse36 clflush mmx fxsr sse sse2 ht syscall nx mmxext fxsr_opt pdpe1gb rdtscp lm constant_tsc rep_good nopl nonstop_tsc extd_apicid aperfmperf pni pclmulqdq monitor ssse3 fma cx16 sse4_1 sse4_2 popcnt aes xsave avx f16c lahf_lm cmp_legacy svm extapic cr8_legacy abm sse4a misalignsse 3dnowprefetch osvw ibs xop skinit wdt lwp fma4 tce nodeid_msr tbm topoext perfctr_core perfctr_nb arat cpb hw_pstate npt lbrv svm_lock nrip_save tsc_scale vmcb_clean flushbyasid decodeassists pausefilter pfthreshold vmmcall bmi1
bogomips	: 7000.16
TLB size	: 1536 4K pages
clflush size	: 64
cache_alignment	: 64
address sizes	: 48 bits physical, 48 bits virtual
power management: ts ttp tm 100mhzsteps hwpstate cpb eff_freq_ro

processor	: 3
vendor_id	: AuthenticAMD
cpu family	: 21
model		: 2
model name	: AMD FX(tm)-8320 Eight-Core Processor           
stepping	: 0
microcode	: 0x6000822
cpu MHz		: 3500.000
cache size	: 2048 KB
physical id	: 0
siblings	: 8
core id		: 3
cpu cores	: 4
apicid		: 19
initial apicid	: 3
fpu		: yes
fpu_exception	: yes
cpuid level	: 13
wp		: yes
flags		: fpu vme de pse tsc msr pae mce cx8 apic sep mtrr pge mca cmov pat pse36 clflush mmx fxsr sse sse2 ht syscall nx mmxext fxsr_opt pdpe1gb rdtscp lm constant_tsc rep_good nopl nonstop_tsc extd_apicid aperfmperf pni pclmulqdq monitor ssse3 fma cx16 sse4_1 sse4_2 popcnt aes xsave avx f16c lahf_lm cmp_legacy svm extapic cr8_legacy abm sse4a misalignsse 3dnowprefetch osvw ibs xop skinit wdt lwp fma4 tce nodeid_msr tbm topoext perfctr_core perfctr_nb arat cpb hw_pstate npt lbrv svm_lock nrip_save tsc_scale vmcb_clean flushbyasid decodeassists pausefilter pfthreshold vmmcall bmi1
bogomips	: 7000.16
TLB size	: 1536 4K pages
clflush size	: 64
cache_alignment	: 64
address sizes	: 48 bits physical, 48 bits virtual
power management: ts ttp tm 100mhzsteps hwpstate cpb eff_freq_ro

processor	: 4
vendor_id	: AuthenticAMD
cpu family	: 21
model		: 2
model name	: AMD FX(tm)-8320 Eight-Core Processor           
stepping	: 0
microcode	: 0x6000822
cpu MHz		: 1700.000
cache size	: 2048 KB
physical id	: 0
siblings	: 8
core id		: 4
cpu cores	: 4
apicid		: 20
initial apicid	: 4
fpu		: yes
fpu_exception	: yes
cpuid level	: 13
wp		: yes
flags		: fpu vme de pse tsc msr pae mce cx8 apic sep mtrr pge mca cmov pat pse36 clflush mmx fxsr sse sse2 ht syscall nx mmxext fxsr_opt pdpe1gb rdtscp lm constant_tsc rep_good nopl nonstop_tsc extd_apicid aperfmperf pni pclmulqdq monitor ssse3 fma cx16 sse4_1 sse4_2 popcnt aes xsave avx f16c lahf_lm cmp_legacy svm extapic cr8_legacy abm sse4a misalignsse 3dnowprefetch osvw ibs xop skinit wdt lwp fma4 tce nodeid_msr tbm topoext perfctr_core perfctr_nb arat cpb hw_pstate npt lbrv svm_lock nrip_save tsc_scale vmcb_clean flushbyasid decodeassists pausefilter pfthreshold vmmcall bmi1
bogomips	: 7000.16
TLB size	: 1536 4K pages
clflush size	: 64
cache_alignment	: 64
address sizes	: 48 bits physical, 48 bits virtual
power management: ts ttp tm 100mhzsteps hwpstate cpb eff_freq_ro

processor	: 5
vendor_id	: AuthenticAMD
cpu family	: 21
model		: 2
model name	: AMD FX(tm)-8320 Eight-Core Processor           
stepping	: 0
microcode	: 0x6000822
cpu MHz		: 1400.000
cache size	: 2048 KB
physical id	: 0
siblings	: 8
core id		: 5
cpu cores	: 4
apicid		: 21
initial apicid	: 5
fpu		: yes
fpu_exception	: yes
cpuid level	: 13
wp		: yes
flags		: fpu vme de pse tsc msr pae mce cx8 apic sep mtrr pge mca cmov pat pse36 clflush mmx fxsr sse sse2 ht syscall nx mmxext fxsr_opt pdpe1gb rdtscp lm constant_tsc rep_good nopl nonstop_tsc extd_apicid aperfmperf pni pclmulqdq monitor ssse3 fma cx16 sse4_1 sse4_2 popcnt aes xsave avx f16c lahf_lm cmp_legacy svm extapic cr8_legacy abm sse4a misalignsse 3dnowprefetch osvw ibs xop skinit wdt lwp fma4 tce nodeid_msr tbm topoext perfctr_core perfctr_nb arat cpb hw_pstate npt lbrv svm_lock nrip_save tsc_scale vmcb_clean flushbyasid decodeassists pausefilter pfthreshold vmmcall bmi1
bogomips	: 7000.16
TLB size	: 1536 4K pages
clflush size	: 64
cache_alignment	: 64
address sizes	: 48 bits physical, 48 bits virtual
power management: ts ttp tm 100mhzsteps hwpstate cpb eff_freq_ro

processor	: 6
vendor_id	: AuthenticAMD
cpu family	: 21
model		: 2
model name	: AMD FX(tm)-8320 Eight-Core Processor           
stepping	: 0
microcode	: 0x6000822
cpu MHz		: 1400.000
cache size	: 2048 KB
physical id	: 0
siblings	: 8
core id		: 6
cpu cores	: 4
apicid		: 22
initial apicid	: 6
fpu		: yes
fpu_exception	: yes
cpuid level	: 13
wp		: yes
flags		: fpu vme de pse tsc msr pae mce cx8 apic sep mtrr pge mca cmov pat pse36 clflush mmx fxsr sse sse2 ht syscall nx mmxext fxsr_opt pdpe1gb rdtscp lm constant_tsc rep_good nopl nonstop_tsc extd_apicid aperfmperf pni pclmulqdq monitor ssse3 fma cx16 sse4_1 sse4_2 popcnt aes xsave avx f16c lahf_lm cmp_legacy svm extapic cr8_legacy abm sse4a misalignsse 3dnowprefetch osvw ibs xop skinit wdt lwp fma4 tce nodeid_msr tbm topoext perfctr_core perfctr_nb arat cpb hw_pstate npt lbrv svm_lock nrip_save tsc_scale vmcb_clean flushbyasid decodeassists pausefilter pfthreshold vmmcall bmi1
bogomips	: 7000.16
TLB size	: 1536 4K pages
clflush size	: 64
cache_alignment	: 64
address sizes	: 48 bits physical, 48 bits virtual
power management: ts ttp tm 100mhzsteps hwpstate cpb eff_freq_ro

processor	: 7
vendor_id	: AuthenticAMD
cpu family	: 21
model		: 2
model name	: AMD FX(tm)-8320 Eight-Core Processor           
stepping	: 0
microcode	: 0x6000822
cpu MHz		: 3500.000
cache size	: 2048 KB
physical id	: 0
siblings	: 8
core id		: 7
cpu cores	: 4
apicid		: 23
initial apicid	: 7
fpu		: yes
fpu_exception	: yes
cpuid level	: 13
wp		: yes
flags		: fpu vme de pse tsc msr pae mce cx8 apic sep mtrr pge mca cmov pat pse36 clflush mmx fxsr sse sse2 ht syscall nx mmxext fxsr_opt pdpe1gb rdtscp lm constant_tsc rep_good nopl nonstop_tsc extd_apicid aperfmperf pni pclmulqdq monitor ssse3 fma cx16 sse4_1 sse4_2 popcnt aes xsave avx f16c lahf_lm cmp_legacy svm extapic cr8_legacy abm sse4a misalignsse 3dnowprefetch osvw ibs xop skinit wdt lwp fma4 tce nodeid_msr tbm topoext perfctr_core perfctr_nb arat cpb hw_pstate npt lbrv svm_lock nrip_save tsc_scale vmcb_clean flushbyasid decodeassists pausefilter pfthreshold vmmcall bmi1
bogomips	: 7000.16
TLB size	: 1536 4K pages
clflush size	: 64
cache_alignment	: 64
address sizes	: 48 bits physical, 48 bits virtual
power management: ts ttp tm 100mhzsteps hwpstate cpb eff_freq_ro



Memory: 4k page, physical 16352924k(9081220k free), swap 0k(0k free)

vm_info: OpenJDK 64-Bit Server VM (24.85-b03) for linux-amd64 JRE (1.7.0_85-b01), built on Oct 31 2015 21:30:47 by "jmm" with gcc 4.9.2

time: Tue Jan 10 21:25:18 2017
elapsed time: 0 seconds

