#
# A fatal error has been detected by the Java Runtime Environment:
#
#  SIGSEGV (0xb) at pc=0x0000000040611ee3, pid=15681, tid=139836585076480
#
# JRE version: OpenJDK Runtime Environment (7.0_85-b01) (build 1.7.0_85-b01)
# Java VM: OpenJDK 64-Bit Server VM (24.85-b03 mixed mode linux-amd64 compressed oops)
# Derivative: IcedTea 2.6.1
# Distribution: Debian GNU/Linux 8.2 (jessie), package 7u85-2.6.1-6+deb8u1
# Problematic frame:
# C  0x0000000040611ee3
#
# Failed to write core dump. Core dumps have been disabled. To enable core dumping, try "ulimit -c unlimited" before starting Java again
#
# If you would like to submit a bug report, please include
# instructions on how to reproduce the bug and visit:
#   http://icedtea.classpath.org/bugzilla
# The crash happened outside the Java Virtual Machine in native code.
# See problematic frame for where to report the bug.
#

---------------  T H R E A D  ---------------

Current thread (0x00007f2e3400a800):  JavaThread "main" [_thread_in_native, id=15682, stack(0x00007f2e3deae000,0x00007f2e3dfaf000)]

siginfo:si_signo=SIGSEGV: si_errno=0, si_code=1 (SEGV_MAPERR), si_addr=0x0000000000000000

Registers:
RAX=0x00007f2dcc928534, RBX=0x000000004136c000, RCX=0x0000000000000000, RDX=0x0000000000000066
RSP=0x00007f2e3dfacfb8, RBP=0x000000003f0b0000, RSI=0x0000000000000000, RDI=0x0000000000000000
R8 =0x00007f2e34a20260, R9 =0x0000000120980000, R10=0x247c8b489f75caff, R11=0x0000000000000000
R12=0x0000000000000000, R13=0x0000000000000066, R14=0x0000000000000000, R15=0x00007f2e3458e4e0
RIP=0x0000000040611ee3, EFLAGS=0x0000000000010246, CSGSFS=0x0000000000000033, ERR=0x0000000000000004
  TRAPNO=0x000000000000000e

Top of Stack: (sp=0x00007f2e3dfacfb8)
0x00007f2e3dfacfb8:   00007f2dce881fc4 0000000400000000
0x00007f2e3dfacfc8:   00007f2e34a31fe8 00007f2e3400a800
0x00007f2e3dfacfd8:   00007f2dce88296e 00007f2dcc928534
0x00007f2e3dfacfe8:   000000004136c000 00000000413b0100
0x00007f2e3dfacff8:   0000000000000004 0000000000000000
0x00007f2e3dfad008:   00007f2e3dfad120 00007f2e3400a800
0x00007f2e3dfad018:   00007f2dce490798 00007f2e3dfad100
0x00007f2e3dfad028:   00000066b1ab1300 00000006fc66d810
0x00007f2e3dfad038:   0000000000000000 00000006fc66d810
0x00007f2e3dfad048:   00000006fc66d810 00007f2e3dfad0e0
0x00007f2e3dfad058:   0000000000000000 00000006fc66d810
0x00007f2e3dfad068:   00007f2e31012758 00007f2e3400b738
0x00007f2e3dfad078:   00007f2e3400b738 00007f2e3400b718
0x00007f2e3dfad088:   00007f2e3400b718 00007f2efffffffe
0x00007f2e3dfad098:   0000000000000000 00007f2e3dfad0a0
0x00007f2e3dfad0a8:   00000006fc66d810 00007f2e3dfad120
0x00007f2e3dfad0b8:   00000006fc689a80 0000000000000000
0x00007f2e3dfad0c8:   00000006fc66d810 0000000000000000
0x00007f2e3dfad0d8:   00007f2e3dfad100 00007f2e3dfad168
0x00007f2e3dfad0e8:   00007f2e31006058 00000007ad55c068
0x00007f2e3dfad0f8:   00007f2e3100ecd8 00007f2dcfd9e780
0x00007f2e3dfad108:   00007f2e3dfad168 0000000000000066
0x00007f2e3dfad118:   0000000000000000 0000000000000004
0x00007f2e3dfad128:   00007f2e3dfad128 00000006fc66d704
0x00007f2e3dfad138:   00007f2e3dfad1a0 00000006fc689a80
0x00007f2e3dfad148:   0000000000000000 00000006fc66d750
0x00007f2e3dfad158:   00007f2e3dfad100 00007f2e3dfad190
0x00007f2e3dfad168:   00007f2e3dfad1e8 00007f2e31006058
0x00007f2e3dfad178:   00007f2dcfd9e780 0000000000000000
0x00007f2e3dfad188:   00000007ad509ee8 0000000000000066
0x00007f2e3dfad198:   0000000000000000 0000000000000004
0x00007f2e3dfad1a8:   00007f2e3dfad1a8 00000006fc6cdc7b 

Instructions: (pc=0x0000000040611ee3)
0x0000000040611ec3:   68 04 48 be 78 cd 3b 41 00 00 00 00 48 8b 36 48
0x0000000040611ed3:   8b b6 38 03 00 00 48 8b f9 48 c1 e7 04 48 03 f7
0x0000000040611ee3:   8b 3e 8b 6e 04 89 78 08 89 68 0c 8b 7e 08 8b 6e
0x0000000040611ef3:   0c 89 78 10 89 68 14 48 83 c0 18 ff c1 ff ca 75 

Register to memory mapping:

RAX=0x00007f2dcc928534 is an unknown value
RBX=0x000000004136c000 is an unknown value
RCX=0x0000000000000000 is an unknown value
RDX=0x0000000000000066 is an unknown value
RSP=0x00007f2e3dfacfb8 is pointing into the stack for thread: 0x00007f2e3400a800
RBP=0x000000003f0b0000 is an unknown value
RSI=0x0000000000000000 is an unknown value
RDI=0x0000000000000000 is an unknown value
R8 =0x00007f2e34a20260 is an unknown value
R9 =0x0000000120980000 is an unknown value
R10=0x247c8b489f75caff is an unknown value
R11=0x0000000000000000 is an unknown value
R12=0x0000000000000000 is an unknown value
R13=0x0000000000000066 is an unknown value
R14=0x0000000000000000 is an unknown value
R15=0x00007f2e3458e4e0 is an unknown value


Stack: [0x00007f2e3deae000,0x00007f2e3dfaf000],  sp=0x00007f2e3dfacfb8,  free space=1019k
Native frames: (J=compiled Java code, j=interpreted, Vv=VM code, C=native code)
C  0x0000000040611ee3

[error occurred during error reporting (printing native stack), id 0xb]

Java frames: (J=compiled Java code, j=interpreted, Vv=VM code)
j  org.lwjgl.opengl.GL11.nglDrawArrays(IIIJ)V+0
j  org.lwjgl.opengl.GL11.glDrawArrays(III)V+20
j  fontRendering.FontRenderer.renderText(LfontMeshCreator/GUIText;)V+43
j  fontRendering.FontRenderer.render(Ljava/util/Map;)V+92
j  fontRendering.TextMaster.render()V+6
j  engine.GameLoop.main([Ljava/lang/String;)V+140
v  ~StubRoutines::call_stub
j  sun.reflect.NativeMethodAccessorImpl.invoke0(Ljava/lang/reflect/Method;Ljava/lang/Object;[Ljava/lang/Object;)Ljava/lang/Object;+0
j  sun.reflect.NativeMethodAccessorImpl.invoke(Ljava/lang/Object;[Ljava/lang/Object;)Ljava/lang/Object;+87
j  sun.reflect.DelegatingMethodAccessorImpl.invoke(Ljava/lang/Object;[Ljava/lang/Object;)Ljava/lang/Object;+6
j  java.lang.reflect.Method.invoke(Ljava/lang/Object;[Ljava/lang/Object;)Ljava/lang/Object;+57
j  com.intellij.rt.execution.application.AppMain.main([Ljava/lang/String;)V+170
v  ~StubRoutines::call_stub

---------------  P R O C E S S  ---------------

Java Threads: ( => current thread )
  0x00007f2e34257000 JavaThread "process reaper" daemon [_thread_blocked, id=15703, stack(0x00007f2e040a6000,0x00007f2e040df000)]
  0x00007f2e3424b800 JavaThread "AWT-XAWT" daemon [_thread_in_native, id=15701, stack(0x00007f2ddc907000,0x00007f2ddca08000)]
  0x00007f2e3422e000 JavaThread "Java2D Disposer" daemon [_thread_blocked, id=15700, stack(0x00007f2e040df000,0x00007f2e041e0000)]
  0x00007f2e34198800 JavaThread "Monitor Ctrl-Break" daemon [_thread_in_native, id=15699, stack(0x00007f2e06e1f000,0x00007f2e06f20000)]
  0x00007f2e340b7800 JavaThread "Service Thread" daemon [_thread_blocked, id=15697, stack(0x00007f2e0726c000,0x00007f2e0736d000)]
  0x00007f2e340b5800 JavaThread "C2 CompilerThread1" daemon [_thread_in_native, id=15696, stack(0x00007f2e0736d000,0x00007f2e0746e000)]
  0x00007f2e340b2800 JavaThread "C2 CompilerThread0" daemon [_thread_blocked, id=15695, stack(0x00007f2e0746e000,0x00007f2e0756f000)]
  0x00007f2e340b0800 JavaThread "Signal Dispatcher" daemon [_thread_blocked, id=15694, stack(0x00007f2e0756f000,0x00007f2e07670000)]
  0x00007f2e34085000 JavaThread "Finalizer" daemon [_thread_blocked, id=15693, stack(0x00007f2e077fa000,0x00007f2e078fb000)]
  0x00007f2e34083000 JavaThread "Reference Handler" daemon [_thread_blocked, id=15692, stack(0x00007f2e078fb000,0x00007f2e079fc000)]
=>0x00007f2e3400a800 JavaThread "main" [_thread_in_native, id=15682, stack(0x00007f2e3deae000,0x00007f2e3dfaf000)]

Other Threads:
  0x00007f2e3407f000 VMThread [stack: 0x00007f2e079fc000,0x00007f2e07afd000] [id=15691]
  0x00007f2e340c2800 WatcherThread [stack: 0x00007f2e0716b000,0x00007f2e0726c000] [id=15698]

VM state:not at safepoint (normal execution)

VM Mutex/Monitor currently owned by a thread: None

Heap
 PSYoungGen      total 75264K, used 13094K [0x00000007acc80000, 0x00000007b2000000, 0x0000000800000000)
  eden space 65024K, 20% used [0x00000007acc80000,0x00000007ad9498e0,0x00000007b0c00000)
  from space 10240K, 0% used [0x00000007b1600000,0x00000007b1600000,0x00000007b2000000)
  to   space 10240K, 0% used [0x00000007b0c00000,0x00000007b0c00000,0x00000007b1600000)
 ParOldGen       total 169984K, used 0K [0x0000000706600000, 0x0000000710c00000, 0x00000007acc80000)
  object space 169984K, 0% used [0x0000000706600000,0x0000000706600000,0x0000000710c00000)
 PSPermGen       total 21504K, used 7825K [0x00000006fc000000, 0x00000006fd500000, 0x0000000706600000)
  object space 21504K, 36% used [0x00000006fc000000,0x00000006fc7a45e8,0x00000006fd500000)

Card table byte_map: [0x00007f2e3a277000,0x00007f2e3aa98000] byte_map_base: 0x00007f2e36a97000

Polling page: 0x00007f2e3dfd6000

Code Cache  [0x00007f2e31000000, 0x00007f2e31270000, 0x00007f2e34000000)
 total_blobs=478 nmethods=32 adapters=401 free_code_cache=48583Kb largest_free_block=49731264

Compilation events (10 events):
Event: 0.893 Thread 0x00007f2e340b2800   29             java.lang.Math::min (11 bytes)
Event: 0.893 Thread 0x00007f2e340b2800 nmethod 29 0x00007f2e31088b50 code [0x00007f2e31088c80, 0x00007f2e31088cb8]
Event: 0.896 Thread 0x00007f2e340b2800   30             java.lang.String::replace (127 bytes)
Event: 0.902 Thread 0x00007f2e340b5800 nmethod 28 0x00007f2e3108ac10 code [0x00007f2e3108adc0, 0x00007f2e3108b5a8]
Event: 0.905 Thread 0x00007f2e340b2800 nmethod 30 0x00007f2e31088d10 code [0x00007f2e31088e60, 0x00007f2e310892f8]
Event: 0.973 Thread 0x00007f2e340b5800   31   !         java.io.BufferedReader::readLine (304 bytes)
Event: 0.983 Thread 0x00007f2e340b2800   32             sun.nio.cs.UTF_8$Decoder::decodeArrayLoop (543 bytes)
Event: 0.994 Thread 0x00007f2e340b5800 nmethod 31 0x00007f2e3108f750 code [0x00007f2e3108f920, 0x00007f2e31090870]
Event: 0.997 Thread 0x00007f2e340b2800 nmethod 32 0x00007f2e31090f50 code [0x00007f2e310911c0, 0x00007f2e31091d58]
Event: 1.011 Thread 0x00007f2e340b5800   33             java.lang.String::indexOf (166 bytes)

GC Heap History (0 events):
No events

Deoptimization events (3 events):
Event: 0.099 Thread 0x00007f2e3400a800 Uncommon trap: reason=unstable_if action=reinterpret pc=0x00007f2e31060710 method=java.lang.String.indexOf(II)I @ 49
Event: 0.153 Thread 0x00007f2e3400a800 Uncommon trap: reason=unstable_if action=reinterpret pc=0x00007f2e31064a70 method=java.lang.String.indexOf([CII[CIII)I @ 123
Event: 0.910 Thread 0x00007f2e3400a800 Uncommon trap: reason=unstable_if action=reinterpret pc=0x00007f2e31074428 method=java.lang.String.indexOf([CII[CIII)I @ 3

Internal exceptions (10 events):
Event: 1.003 Thread 0x00007f2e3400a800 Threw 0x00000007ad8c5e08 at /home/jmm/jdk2/openjdk-7-7u85-2.6.1/build/openjdk/hotspot/src/share/vm/prims/jvm.cpp:1322
Event: 1.004 Thread 0x00007f2e3400a800 Threw 0x00000007ad8ca788 at /home/jmm/jdk2/openjdk-7-7u85-2.6.1/build/openjdk/hotspot/src/share/vm/prims/jvm.cpp:1322
Event: 1.005 Thread 0x00007f2e3400a800 Threw 0x00000007ad8d2500 at /home/jmm/jdk2/openjdk-7-7u85-2.6.1/build/openjdk/hotspot/src/share/vm/prims/jvm.cpp:1322
Event: 1.006 Thread 0x00007f2e3400a800 Threw 0x00000007ad8d6f30 at /home/jmm/jdk2/openjdk-7-7u85-2.6.1/build/openjdk/hotspot/src/share/vm/prims/jvm.cpp:1322
Event: 1.007 Thread 0x00007f2e3400a800 Threw 0x00000007ad8db698 at /home/jmm/jdk2/openjdk-7-7u85-2.6.1/build/openjdk/hotspot/src/share/vm/prims/jvm.cpp:1322
Event: 1.007 Thread 0x00007f2e3400a800 Threw 0x00000007ad8def10 at /home/jmm/jdk2/openjdk-7-7u85-2.6.1/build/openjdk/hotspot/src/share/vm/prims/jvm.cpp:1322
Event: 1.009 Thread 0x00007f2e3400a800 Threw 0x00000007ad8e5da0 at /home/jmm/jdk2/openjdk-7-7u85-2.6.1/build/openjdk/hotspot/src/share/vm/prims/jvm.cpp:1322
Event: 1.011 Thread 0x00007f2e3400a800 Threw 0x00000007ad8e9de0 at /home/jmm/jdk2/openjdk-7-7u85-2.6.1/build/openjdk/hotspot/src/share/vm/prims/jvm.cpp:1322
Event: 1.011 Thread 0x00007f2e3400a800 Threw 0x00000007ad8ed588 at /home/jmm/jdk2/openjdk-7-7u85-2.6.1/build/openjdk/hotspot/src/share/vm/prims/jvm.cpp:1322
Event: 1.012 Thread 0x00007f2e3400a800 Threw 0x00000007ad8f0e68 at /home/jmm/jdk2/openjdk-7-7u85-2.6.1/build/openjdk/hotspot/src/share/vm/prims/jvm.cpp:1322

Events (10 events):
Event: 1.007 loading class 0x00007f2e34a2f990
Event: 1.007 loading class 0x00007f2e34a2f990 done
Event: 1.009 loading class 0x00007f2e34983600
Event: 1.009 loading class 0x00007f2e34983600 done
Event: 1.010 loading class 0x00007f2e34193050
Event: 1.010 loading class 0x00007f2e34193050 done
Event: 1.011 loading class 0x00007f2e34193080
Event: 1.011 loading class 0x00007f2e34193080 done
Event: 1.012 loading class 0x00007f2e3497dac0
Event: 1.012 loading class 0x00007f2e3497dac0 done


Dynamic libraries:
00400000-00401000 r-xp 00000000 08:01 2101986                            /usr/lib/jvm/java-7-openjdk-amd64/jre/bin/java
00600000-00601000 r--p 00000000 08:01 2101986                            /usr/lib/jvm/java-7-openjdk-amd64/jre/bin/java
00601000-00602000 rw-p 00001000 08:01 2101986                            /usr/lib/jvm/java-7-openjdk-amd64/jre/bin/java
01354000-01375000 rw-p 00000000 00:00 0                                  [heap]
40610000-40612000 r-xs 00000000 08:12 34                                 /tmp/.gl6qFB40 (deleted)
4136c000-4140b000 rw-p 00000000 00:00 0 
6fc000000-6fd500000 rw-p 00000000 00:00 0 
6fd500000-706600000 rw-p 00000000 00:00 0 
706600000-710c00000 rw-p 00000000 00:00 0 
710c00000-7acc80000 rw-p 00000000 00:00 0 
7acc80000-7b2000000 rw-p 00000000 00:00 0 
7b2000000-800000000 rw-p 00000000 00:00 0 
7f2dcc8ce000-7f2dccace000 rw-s 2fd136000 00:05 17965                     /dev/nvidiactl
7f2dccad0000-7f2dccae1000 r-xp 00000000 08:01 2101924                    /usr/lib/jvm/java-7-openjdk-amd64/jre/lib/amd64/libnio.so
7f2dccae1000-7f2dccce0000 ---p 00011000 08:01 2101924                    /usr/lib/jvm/java-7-openjdk-amd64/jre/lib/amd64/libnio.so
7f2dccce0000-7f2dccce1000 r--p 00010000 08:01 2101924                    /usr/lib/jvm/java-7-openjdk-amd64/jre/lib/amd64/libnio.so
7f2dccce1000-7f2dccce2000 rw-p 00011000 08:01 2101924                    /usr/lib/jvm/java-7-openjdk-amd64/jre/lib/amd64/libnio.so
7f2dccce4000-7f2dccd64000 rw-s 2fd1ec000 00:05 17965                     /dev/nvidiactl
7f2dccd6a000-7f2dccdea000 rw-s 2fd1ea000 00:05 17965                     /dev/nvidiactl
7f2dccdec000-7f2dcce6c000 rw-s 33fb8c000 00:05 17965                     /dev/nvidiactl
7f2dcce73000-7f2dccf73000 rw-s 1f469b000 00:05 17965                     /dev/nvidiactl
7f2dccf76000-7f2dcd02a000 rw-s 42b5be000 00:05 17965                     /dev/nvidiactl
7f2dcd030000-7f2dcea2d000 r-xp 00000000 08:01 1339821                    /usr/lib/x86_64-linux-gnu/libnvidia-glcore.so.352.55
7f2dcea2d000-7f2dcea4d000 rwxp 019fd000 08:01 1339821                    /usr/lib/x86_64-linux-gnu/libnvidia-glcore.so.352.55
7f2dcea4d000-7f2dced14000 r-xp 01a1d000 08:01 1339821                    /usr/lib/x86_64-linux-gnu/libnvidia-glcore.so.352.55
7f2dced14000-7f2dcef13000 ---p 01ce4000 08:01 1339821                    /usr/lib/x86_64-linux-gnu/libnvidia-glcore.so.352.55
7f2dcef13000-7f2dcfaaf000 rw-p 01ce3000 08:01 1339821                    /usr/lib/x86_64-linux-gnu/libnvidia-glcore.so.352.55
7f2dcfaaf000-7f2dcfac3000 rw-p 00000000 00:00 0 
7f2dcfac8000-7f2dcfacb000 r-xp 00000000 08:01 1339825                    /usr/lib/x86_64-linux-gnu/tls/libnvidia-tls.so.352.55
7f2dcfacb000-7f2dcfcca000 ---p 00003000 08:01 1339825                    /usr/lib/x86_64-linux-gnu/tls/libnvidia-tls.so.352.55
7f2dcfcca000-7f2dcfccb000 rw-p 00002000 08:01 1339825                    /usr/lib/x86_64-linux-gnu/tls/libnvidia-tls.so.352.55
7f2dcfcd0000-7f2dcfd8e000 r-xp 00000000 08:01 1339822                    /usr/lib/x86_64-linux-gnu/libGL.so.352.55
7f2dcfd8e000-7f2dcfdc1000 rwxp 000be000 08:01 1339822                    /usr/lib/x86_64-linux-gnu/libGL.so.352.55
7f2dcfdc1000-7f2dcfdd3000 r-xp 000f1000 08:01 1339822                    /usr/lib/x86_64-linux-gnu/libGL.so.352.55
7f2dcfdd3000-7f2dcffd2000 ---p 00103000 08:01 1339822                    /usr/lib/x86_64-linux-gnu/libGL.so.352.55
7f2dcffd2000-7f2dcfffa000 rw-p 00102000 08:01 1339822                    /usr/lib/x86_64-linux-gnu/libGL.so.352.55
7f2dcfffa000-7f2dd0000000 rw-p 00000000 00:00 0 
7f2dd0000000-7f2dd0021000 rw-p 00000000 00:00 0 
7f2dd0021000-7f2dd4000000 ---p 00000000 00:00 0 
7f2dd4000000-7f2dd4021000 rw-p 00000000 00:00 0 
7f2dd4021000-7f2dd8000000 ---p 00000000 00:00 0 
7f2dd8000000-7f2dd8021000 rw-p 00000000 00:00 0 
7f2dd8021000-7f2ddc000000 ---p 00000000 00:00 0 
7f2ddc010000-7f2ddc023000 rw-s 35bb50000 00:05 17965                     /dev/nvidiactl
7f2ddc02a000-7f2ddc06a000 rw-s 33f8fa000 00:05 17965                     /dev/nvidiactl
7f2ddc070000-7f2ddc075000 r-xp 00000000 08:01 1317786                    /usr/lib/x86_64-linux-gnu/libXxf86vm.so.1.0.0
7f2ddc075000-7f2ddc274000 ---p 00005000 08:01 1317786                    /usr/lib/x86_64-linux-gnu/libXxf86vm.so.1.0.0
7f2ddc274000-7f2ddc275000 r--p 00004000 08:01 1317786                    /usr/lib/x86_64-linux-gnu/libXxf86vm.so.1.0.0
7f2ddc275000-7f2ddc276000 rw-p 00005000 08:01 1317786                    /usr/lib/x86_64-linux-gnu/libXxf86vm.so.1.0.0
7f2ddc278000-7f2ddc281000 r-xp 00000000 08:01 1317776                    /usr/lib/x86_64-linux-gnu/libXrandr.so.2.2.0
7f2ddc281000-7f2ddc480000 ---p 00009000 08:01 1317776                    /usr/lib/x86_64-linux-gnu/libXrandr.so.2.2.0
7f2ddc480000-7f2ddc481000 r--p 00008000 08:01 1317776                    /usr/lib/x86_64-linux-gnu/libXrandr.so.2.2.0
7f2ddc481000-7f2ddc482000 rw-p 00009000 08:01 1317776                    /usr/lib/x86_64-linux-gnu/libXrandr.so.2.2.0
7f2ddc488000-7f2ddc4f8000 r-xp 00000000 08:13 9045172                    /home/mart/IdeaProjects/Multiplayer World 2/libs/liblwjgl64.so
7f2ddc4f8000-7f2ddc6f8000 ---p 00070000 08:13 9045172                    /home/mart/IdeaProjects/Multiplayer World 2/libs/liblwjgl64.so
7f2ddc6f8000-7f2ddc6fa000 r--p 00070000 08:13 9045172                    /home/mart/IdeaProjects/Multiplayer World 2/libs/liblwjgl64.so
7f2ddc6fa000-7f2ddc6fb000 rw-p 00072000 08:13 9045172                    /home/mart/IdeaProjects/Multiplayer World 2/libs/liblwjgl64.so
7f2ddc700000-7f2ddc701000 r-xp 00000000 08:01 2101945                    /usr/lib/jvm/java-7-openjdk-amd64/jre/lib/amd64/libjawt.so
7f2ddc701000-7f2ddc900000 ---p 00001000 08:01 2101945                    /usr/lib/jvm/java-7-openjdk-amd64/jre/lib/amd64/libjawt.so
7f2ddc900000-7f2ddc901000 r--p 00000000 08:01 2101945                    /usr/lib/jvm/java-7-openjdk-amd64/jre/lib/amd64/libjawt.so
7f2ddc901000-7f2ddc902000 rw-p 00001000 08:01 2101945                    /usr/lib/jvm/java-7-openjdk-amd64/jre/lib/amd64/libjawt.so
7f2ddc907000-7f2ddc90a000 ---p 00000000 00:00 0 
7f2ddc90a000-7f2ddca08000 rw-p 00000000 00:00 0                          [stack:15701]
7f2ddca08000-7f2ddca0d000 r-xp 00000000 08:01 1318319                    /usr/lib/x86_64-linux-gnu/libXfixes.so.3.1.0
7f2ddca0d000-7f2ddcc0c000 ---p 00005000 08:01 1318319                    /usr/lib/x86_64-linux-gnu/libXfixes.so.3.1.0
7f2ddcc0c000-7f2ddcc0d000 r--p 00004000 08:01 1318319                    /usr/lib/x86_64-linux-gnu/libXfixes.so.3.1.0
7f2ddcc0d000-7f2ddcc0e000 rw-p 00005000 08:01 1318319                    /usr/lib/x86_64-linux-gnu/libXfixes.so.3.1.0
7f2ddcc10000-7f2ddcc1a000 r-xp 00000000 08:01 1318351                    /usr/lib/x86_64-linux-gnu/libXcursor.so.1.0.2
7f2ddcc1a000-7f2ddce19000 ---p 0000a000 08:01 1318351                    /usr/lib/x86_64-linux-gnu/libXcursor.so.1.0.2
7f2ddce19000-7f2ddce1a000 r--p 00009000 08:01 1318351                    /usr/lib/x86_64-linux-gnu/libXcursor.so.1.0.2
7f2ddce1a000-7f2ddce1b000 rw-p 0000a000 08:01 1318351                    /usr/lib/x86_64-linux-gnu/libXcursor.so.1.0.2
7f2ddce20000-7f2ddce67000 r-xp 00000000 08:01 6423007                    /lib/x86_64-linux-gnu/libdbus-1.so.3.8.13
7f2ddce67000-7f2ddd066000 ---p 00047000 08:01 6423007                    /lib/x86_64-linux-gnu/libdbus-1.so.3.8.13
7f2ddd066000-7f2ddd067000 r--p 00046000 08:01 6423007                    /lib/x86_64-linux-gnu/libdbus-1.so.3.8.13
7f2ddd067000-7f2ddd068000 rw-p 00047000 08:01 6423007                    /lib/x86_64-linux-gnu/libdbus-1.so.3.8.13
7f2ddd068000-7f2ddd0e9000 r-xp 00000000 08:01 1315106                    /usr/lib/x86_64-linux-gnu/libgmp.so.10.2.0
7f2ddd0e9000-7f2ddd2e9000 ---p 00081000 08:01 1315106                    /usr/lib/x86_64-linux-gnu/libgmp.so.10.2.0
7f2ddd2e9000-7f2ddd2ea000 r--p 00081000 08:01 1315106                    /usr/lib/x86_64-linux-gnu/libgmp.so.10.2.0
7f2ddd2ea000-7f2ddd2eb000 rw-p 00082000 08:01 1315106                    /usr/lib/x86_64-linux-gnu/libgmp.so.10.2.0
7f2ddd2f0000-7f2ddd31e000 r-xp 00000000 08:01 1315110                    /usr/lib/x86_64-linux-gnu/libhogweed.so.2.5
7f2ddd31e000-7f2ddd51d000 ---p 0002e000 08:01 1315110                    /usr/lib/x86_64-linux-gnu/libhogweed.so.2.5
7f2ddd51d000-7f2ddd51e000 r--p 0002d000 08:01 1315110                    /usr/lib/x86_64-linux-gnu/libhogweed.so.2.5
7f2ddd51e000-7f2ddd51f000 rw-p 0002e000 08:01 1315110                    /usr/lib/x86_64-linux-gnu/libhogweed.so.2.5
7f2ddd520000-7f2ddd550000 r-xp 00000000 08:01 1315108                    /usr/lib/x86_64-linux-gnu/libnettle.so.4.7
7f2ddd550000-7f2ddd750000 ---p 00030000 08:01 1315108                    /usr/lib/x86_64-linux-gnu/libnettle.so.4.7
7f2ddd750000-7f2ddd751000 r--p 00030000 08:01 1315108                    /usr/lib/x86_64-linux-gnu/libnettle.so.4.7
7f2ddd751000-7f2ddd752000 rw-p 00031000 08:01 1315108                    /usr/lib/x86_64-linux-gnu/libnettle.so.4.7
7f2ddd758000-7f2ddd769000 r-xp 00000000 08:01 1315458                    /usr/lib/x86_64-linux-gnu/libtasn1.so.6.3.2
7f2ddd769000-7f2ddd969000 ---p 00011000 08:01 1315458                    /usr/lib/x86_64-linux-gnu/libtasn1.so.6.3.2
7f2ddd969000-7f2ddd96b000 r--p 00011000 08:01 1315458                    /usr/lib/x86_64-linux-gnu/libtasn1.so.6.3.2
7f2ddd96b000-7f2ddd96c000 rw-p 00013000 08:01 1315458                    /usr/lib/x86_64-linux-gnu/libtasn1.so.6.3.2
7f2ddd970000-7f2ddd9ac000 r-xp 00000000 08:01 1315113                    /usr/lib/x86_64-linux-gnu/libp11-kit.so.0.0.0
7f2ddd9ac000-7f2dddbab000 ---p 0003c000 08:01 1315113                    /usr/lib/x86_64-linux-gnu/libp11-kit.so.0.0.0
7f2dddbab000-7f2dddbb4000 r--p 0003b000 08:01 1315113                    /usr/lib/x86_64-linux-gnu/libp11-kit.so.0.0.0
7f2dddbb4000-7f2dddbb6000 rw-p 00044000 08:01 1315113                    /usr/lib/x86_64-linux-gnu/libp11-kit.so.0.0.0
7f2dddbb8000-7f2dddbbb000 r-xp 00000000 08:01 6422538                    /lib/x86_64-linux-gnu/libkeyutils.so.1.5
7f2dddbbb000-7f2ddddba000 ---p 00003000 08:01 6422538                    /lib/x86_64-linux-gnu/libkeyutils.so.1.5
7f2ddddba000-7f2ddddbb000 r--p 00002000 08:01 6422538                    /lib/x86_64-linux-gnu/libkeyutils.so.1.5
7f2ddddbb000-7f2ddddbc000 rw-p 00003000 08:01 6422538                    /lib/x86_64-linux-gnu/libkeyutils.so.1.5
7f2ddddc0000-7f2ddddcb000 r-xp 00000000 08:01 1317160                    /usr/lib/x86_64-linux-gnu/libkrb5support.so.0.1
7f2ddddcb000-7f2dddfca000 ---p 0000b000 08:01 1317160                    /usr/lib/x86_64-linux-gnu/libkrb5support.so.0.1
7f2dddfca000-7f2dddfcb000 r--p 0000a000 08:01 1317160                    /usr/lib/x86_64-linux-gnu/libkrb5support.so.0.1
7f2dddfcb000-7f2dddfcc000 rw-p 0000b000 08:01 1317160                    /usr/lib/x86_64-linux-gnu/libkrb5support.so.0.1
7f2dddfd0000-7f2dddfd3000 r-xp 00000000 08:01 6422616                    /lib/x86_64-linux-gnu/libcom_err.so.2.1
7f2dddfd3000-7f2dde1d2000 ---p 00003000 08:01 6422616                    /lib/x86_64-linux-gnu/libcom_err.so.2.1
7f2dde1d2000-7f2dde1d3000 r--p 00002000 08:01 6422616                    /lib/x86_64-linux-gnu/libcom_err.so.2.1
7f2dde1d3000-7f2dde1d4000 rw-p 00003000 08:01 6422616                    /lib/x86_64-linux-gnu/libcom_err.so.2.1
7f2dde1d8000-7f2dde206000 r-xp 00000000 08:01 1317162                    /usr/lib/x86_64-linux-gnu/libk5crypto.so.3.1
7f2dde206000-7f2dde405000 ---p 0002e000 08:01 1317162                    /usr/lib/x86_64-linux-gnu/libk5crypto.so.3.1
7f2dde405000-7f2dde407000 r--p 0002d000 08:01 1317162                    /usr/lib/x86_64-linux-gnu/libk5crypto.so.3.1
7f2dde407000-7f2dde408000 rw-p 0002f000 08:01 1317162                    /usr/lib/x86_64-linux-gnu/libk5crypto.so.3.1
7f2dde408000-7f2dde409000 rw-p 00000000 00:00 0 
7f2dde410000-7f2dde4d4000 r-xp 00000000 08:01 1317164                    /usr/lib/x86_64-linux-gnu/libkrb5.so.3.3
7f2dde4d4000-7f2dde6d4000 ---p 000c4000 08:01 1317164                    /usr/lib/x86_64-linux-gnu/libkrb5.so.3.3
7f2dde6d4000-7f2dde6e1000 r--p 000c4000 08:01 1317164                    /usr/lib/x86_64-linux-gnu/libkrb5.so.3.3
7f2dde6e1000-7f2dde6e4000 rw-p 000d1000 08:01 1317164                    /usr/lib/x86_64-linux-gnu/libkrb5.so.3.3
7f2dde6e8000-7f2dde6ed000 r-xp 00000000 08:01 1317761                    /usr/lib/x86_64-linux-gnu/libXdmcp.so.6.0.0
7f2dde6ed000-7f2dde8ec000 ---p 00005000 08:01 1317761                    /usr/lib/x86_64-linux-gnu/libXdmcp.so.6.0.0
7f2dde8ec000-7f2dde8ed000 rw-p 00004000 08:01 1317761                    /usr/lib/x86_64-linux-gnu/libXdmcp.so.6.0.0
7f2dde8f0000-7f2dde8f3000 r-xp 00000000 08:01 1317759                    /usr/lib/x86_64-linux-gnu/libXau.so.6.0.0
7f2dde8f3000-7f2ddeaf2000 ---p 00003000 08:01 1317759                    /usr/lib/x86_64-linux-gnu/libXau.so.6.0.0
7f2ddeaf2000-7f2ddeaf3000 r--p 00002000 08:01 1317759                    /usr/lib/x86_64-linux-gnu/libXau.so.6.0.0
7f2ddeaf3000-7f2ddeaf4000 rw-p 00003000 08:01 1317759                    /usr/lib/x86_64-linux-gnu/libXau.so.6.0.0
7f2ddeaf8000-7f2ddeb1e000 r-xp 00000000 08:01 6423568                    /lib/x86_64-linux-gnu/libpng12.so.0.50.0
7f2ddeb1e000-7f2dded1d000 ---p 00026000 08:01 6423568                    /lib/x86_64-linux-gnu/libpng12.so.0.50.0
7f2dded1d000-7f2dded1e000 r--p 00025000 08:01 6423568                    /lib/x86_64-linux-gnu/libpng12.so.0.50.0
7f2dded1e000-7f2dded1f000 rw-p 00026000 08:01 6423568                    /lib/x86_64-linux-gnu/libpng12.so.0.50.0
7f2dded20000-7f2dded46000 r-xp 00000000 08:01 6422533                    /lib/x86_64-linux-gnu/libexpat.so.1.6.0
7f2dded46000-7f2ddef45000 ---p 00026000 08:01 6422533                    /lib/x86_64-linux-gnu/libexpat.so.1.6.0
7f2ddef45000-7f2ddef48000 r--p 00025000 08:01 6422533                    /lib/x86_64-linux-gnu/libexpat.so.1.6.0
7f2ddef48000-7f2ddef49000 rw-p 00028000 08:01 6422533                    /lib/x86_64-linux-gnu/libexpat.so.1.6.0
7f2ddef50000-7f2ddef60000 r-xp 00000000 08:01 1317911                    /usr/lib/x86_64-linux-gnu/libavahi-client.so.3.2.9
7f2ddef60000-7f2ddf15f000 ---p 00010000 08:01 1317911                    /usr/lib/x86_64-linux-gnu/libavahi-client.so.3.2.9
7f2ddf15f000-7f2ddf160000 r--p 0000f000 08:01 1317911                    /usr/lib/x86_64-linux-gnu/libavahi-client.so.3.2.9
7f2ddf160000-7f2ddf161000 rw-p 00010000 08:01 1317911                    /usr/lib/x86_64-linux-gnu/libavahi-client.so.3.2.9
7f2ddf168000-7f2ddf174000 r-xp 00000000 08:01 1317908                    /usr/lib/x86_64-linux-gnu/libavahi-common.so.3.5.3
7f2ddf174000-7f2ddf373000 ---p 0000c000 08:01 1317908                    /usr/lib/x86_64-linux-gnu/libavahi-common.so.3.5.3
7f2ddf373000-7f2ddf374000 r--p 0000b000 08:01 1317908                    /usr/lib/x86_64-linux-gnu/libavahi-common.so.3.5.3
7f2ddf374000-7f2ddf375000 rw-p 0000c000 08:01 1317908                    /usr/lib/x86_64-linux-gnu/libavahi-common.so.3.5.3
7f2ddf378000-7f2ddf48b000 r-xp 00000000 08:01 1314044                    /usr/lib/x86_64-linux-gnu/libgnutls-deb0.so.28.41.0
7f2ddf48b000-7f2ddf68b000 ---p 00113000 08:01 1314044                    /usr/lib/x86_64-linux-gnu/libgnutls-deb0.so.28.41.0
7f2ddf68b000-7f2ddf694000 r--p 00113000 08:01 1314044                    /usr/lib/x86_64-linux-gnu/libgnutls-deb0.so.28.41.0
7f2ddf694000-7f2ddf696000 rw-p 0011c000 08:01 1314044                    /usr/lib/x86_64-linux-gnu/libgnutls-deb0.so.28.41.0
7f2ddf696000-7f2ddf697000 rw-p 00000000 00:00 0 
7f2ddf698000-7f2ddf6de000 r-xp 00000000 08:01 1317167                    /usr/lib/x86_64-linux-gnu/libgssapi_krb5.so.2.2
7f2ddf6de000-7f2ddf8de000 ---p 00046000 08:01 1317167                    /usr/lib/x86_64-linux-gnu/libgssapi_krb5.so.2.2
7f2ddf8de000-7f2ddf8e0000 r--p 00046000 08:01 1317167                    /usr/lib/x86_64-linux-gnu/libgssapi_krb5.so.2.2
7f2ddf8e0000-7f2ddf8e2000 rw-p 00048000 08:01 1317167                    /usr/lib/x86_64-linux-gnu/libgssapi_krb5.so.2.2
7f2ddf8e8000-7f2ddf909000 r-xp 00000000 08:01 1317763                    /usr/lib/x86_64-linux-gnu/libxcb.so.1.1.0
7f2ddf909000-7f2ddfb08000 ---p 00021000 08:01 1317763                    /usr/lib/x86_64-linux-gnu/libxcb.so.1.1.0
7f2ddfb08000-7f2ddfb09000 r--p 00020000 08:01 1317763                    /usr/lib/x86_64-linux-gnu/libxcb.so.1.1.0
7f2ddfb09000-7f2ddfb0a000 rw-p 00021000 08:01 1317763                    /usr/lib/x86_64-linux-gnu/libxcb.so.1.1.0
7f2ddfb10000-7f2ddfbb4000 r-xp 00000000 08:01 1318123                    /usr/lib/x86_64-linux-gnu/libfreetype.so.6.11.1
7f2ddfbb4000-7f2ddfdb3000 ---p 000a4000 08:01 1318123                    /usr/lib/x86_64-linux-gnu/libfreetype.so.6.11.1
7f2ddfdb3000-7f2ddfdb9000 r--p 000a3000 08:01 1318123                    /usr/lib/x86_64-linux-gnu/libfreetype.so.6.11.1
7f2ddfdb9000-7f2ddfdba000 rw-p 000a9000 08:01 1318123                    /usr/lib/x86_64-linux-gnu/libfreetype.so.6.11.1
7f2ddfdc0000-7f2ddfdfb000 r-xp 00000000 08:01 1318125                    /usr/lib/x86_64-linux-gnu/libfontconfig.so.1.8.0
7f2ddfdfb000-7f2ddfffa000 ---p 0003b000 08:01 1318125                    /usr/lib/x86_64-linux-gnu/libfontconfig.so.1.8.0
7f2ddfffa000-7f2ddfffc000 r--p 0003a000 08:01 1318125                    /usr/lib/x86_64-linux-gnu/libfontconfig.so.1.8.0
7f2ddfffc000-7f2ddfffd000 rw-p 0003c000 08:01 1318125                    /usr/lib/x86_64-linux-gnu/libfontconfig.so.1.8.0
7f2de0000000-7f2de0021000 rw-p 00000000 00:00 0 
7f2de0021000-7f2de4000000 ---p 00000000 00:00 0 
7f2de4000000-7f2de4027000 rw-p 00000000 00:00 0 
7f2de4027000-7f2de8000000 ---p 00000000 00:00 0 
7f2de8000000-7f2de8186000 rw-p 00000000 00:00 0 
7f2de8186000-7f2dec000000 ---p 00000000 00:00 0 
7f2dec000000-7f2dec021000 rw-p 00000000 00:00 0 
7f2dec021000-7f2df0000000 ---p 00000000 00:00 0 
7f2df0000000-7f2df0021000 rw-p 00000000 00:00 0 
7f2df0021000-7f2df4000000 ---p 00000000 00:00 0 
7f2df4000000-7f2df41b4000 rw-p 00000000 00:00 0 
7f2df41b4000-7f2df8000000 ---p 00000000 00:00 0 
7f2df8000000-7f2df8021000 rw-p 00000000 00:00 0 
7f2df8021000-7f2dfc000000 ---p 00000000 00:00 0 
7f2dfc000000-7f2dfc021000 rw-p 00000000 00:00 0 
7f2dfc021000-7f2e00000000 ---p 00000000 00:00 0 
7f2e00000000-7f2e00021000 rw-p 00000000 00:00 0 
7f2e00021000-7f2e04000000 ---p 00000000 00:00 0 
7f2e04008000-7f2e0400a000 rw-s 00000000 08:12 34                         /tmp/.gl6qFB40 (deleted)
7f2e04010000-7f2e04030000 rw-s c0260000 00:05 19540                      /dev/nvidia0
7f2e04033000-7f2e04034000 rw-s 267b73000 00:05 17965                     /dev/nvidiactl
7f2e04038000-7f2e0403c000 rw-s 3b25f8000 00:05 17965                     /dev/nvidiactl
7f2e0403c000-7f2e0403d000 rw-s cfd64000 00:05 19540                      /dev/nvidia0
7f2e04040000-7f2e04060000 rw-s 3fe760000 00:05 17965                     /dev/nvidiactl
7f2e04064000-7f2e04065000 rw-s cfd64000 00:05 19540                      /dev/nvidia0
7f2e04066000-7f2e040a6000 rw-s 3b2606000 00:05 17965                     /dev/nvidiactl
7f2e040a6000-7f2e040a9000 ---p 00000000 00:00 0 
7f2e040a9000-7f2e040df000 rw-p 00000000 00:00 0                          [stack:15703]
7f2e040df000-7f2e040e2000 ---p 00000000 00:00 0 
7f2e040e2000-7f2e041e0000 rw-p 00000000 00:00 0                          [stack:15700]
7f2e041e0000-7f2e04250000 r-xp 00000000 08:01 1317913                    /usr/lib/x86_64-linux-gnu/libcups.so.2
7f2e04250000-7f2e0444f000 ---p 00070000 08:01 1317913                    /usr/lib/x86_64-linux-gnu/libcups.so.2
7f2e0444f000-7f2e04457000 r--p 0006f000 08:01 1317913                    /usr/lib/x86_64-linux-gnu/libcups.so.2
7f2e04457000-7f2e04458000 rw-p 00077000 08:01 1317913                    /usr/lib/x86_64-linux-gnu/libcups.so.2
7f2e04458000-7f2e04467000 r-xp 00000000 08:01 1318353                    /usr/lib/x86_64-linux-gnu/libXi.so.6.1.0
7f2e04467000-7f2e04666000 ---p 0000f000 08:01 1318353                    /usr/lib/x86_64-linux-gnu/libXi.so.6.1.0
7f2e04666000-7f2e04667000 r--p 0000e000 08:01 1318353                    /usr/lib/x86_64-linux-gnu/libXi.so.6.1.0
7f2e04667000-7f2e04668000 rw-p 0000f000 08:01 1318353                    /usr/lib/x86_64-linux-gnu/libXi.so.6.1.0
7f2e04668000-7f2e0466d000 r-xp 00000000 08:01 1318983                    /usr/lib/x86_64-linux-gnu/libXtst.so.6.1.0
7f2e0466d000-7f2e0486c000 ---p 00005000 08:01 1318983                    /usr/lib/x86_64-linux-gnu/libXtst.so.6.1.0
7f2e0486c000-7f2e0486d000 r--p 00004000 08:01 1318983                    /usr/lib/x86_64-linux-gnu/libXtst.so.6.1.0
7f2e0486d000-7f2e0486e000 rw-p 00005000 08:01 1318983                    /usr/lib/x86_64-linux-gnu/libXtst.so.6.1.0
7f2e04870000-7f2e04879000 r-xp 00000000 08:01 1317774                    /usr/lib/x86_64-linux-gnu/libXrender.so.1.3.0
7f2e04879000-7f2e04a78000 ---p 00009000 08:01 1317774                    /usr/lib/x86_64-linux-gnu/libXrender.so.1.3.0
7f2e04a78000-7f2e04a79000 r--p 00008000 08:01 1317774                    /usr/lib/x86_64-linux-gnu/libXrender.so.1.3.0
7f2e04a79000-7f2e04a7a000 rw-p 00009000 08:01 1317774                    /usr/lib/x86_64-linux-gnu/libXrender.so.1.3.0
7f2e04a80000-7f2e04bbc000 r-xp 00000000 08:01 1317767                    /usr/lib/x86_64-linux-gnu/libX11.so.6.3.0
7f2e04bbc000-7f2e04dbb000 ---p 0013c000 08:01 1317767                    /usr/lib/x86_64-linux-gnu/libX11.so.6.3.0
7f2e04dbb000-7f2e04dbd000 r--p 0013b000 08:01 1317767                    /usr/lib/x86_64-linux-gnu/libX11.so.6.3.0
7f2e04dbd000-7f2e04dc2000 rw-p 0013d000 08:01 1317767                    /usr/lib/x86_64-linux-gnu/libX11.so.6.3.0
7f2e04dc2000-7f2e04dc3000 rw-p 00000000 00:00 0 
7f2e04dc8000-7f2e04dd9000 r-xp 00000000 08:01 1317770                    /usr/lib/x86_64-linux-gnu/libXext.so.6.4.0
7f2e04dd9000-7f2e04fd8000 ---p 00011000 08:01 1317770                    /usr/lib/x86_64-linux-gnu/libXext.so.6.4.0
7f2e04fd8000-7f2e04fd9000 r--p 00010000 08:01 1317770                    /usr/lib/x86_64-linux-gnu/libXext.so.6.4.0
7f2e04fd9000-7f2e04fda000 rw-p 00011000 08:01 1317770                    /usr/lib/x86_64-linux-gnu/libXext.so.6.4.0
7f2e04fdf000-7f2e04fff000 rw-s 35ba57000 00:05 17965                     /dev/nvidiactl
7f2e05002000-7f2e05003000 rw-s fd642000 00:05 19540                      /dev/nvidia0
7f2e05008000-7f2e05051000 r-xp 00000000 08:01 2235730                    /usr/lib/jvm/java-7-openjdk-amd64/jre/lib/amd64/xawt/libmawt.so
7f2e05051000-7f2e05250000 ---p 00049000 08:01 2235730                    /usr/lib/jvm/java-7-openjdk-amd64/jre/lib/amd64/xawt/libmawt.so
7f2e05250000-7f2e05251000 r--p 00048000 08:01 2235730                    /usr/lib/jvm/java-7-openjdk-amd64/jre/lib/amd64/xawt/libmawt.so
7f2e05251000-7f2e05254000 rw-p 00049000 08:01 2235730                    /usr/lib/jvm/java-7-openjdk-amd64/jre/lib/amd64/xawt/libmawt.so
7f2e05254000-7f2e05255000 rw-p 00000000 00:00 0 
7f2e05258000-7f2e052f9000 r-xp 00000000 08:01 2101931                    /usr/lib/jvm/java-7-openjdk-amd64/jre/lib/amd64/libawt.so
7f2e052f9000-7f2e054f8000 ---p 000a1000 08:01 2101931                    /usr/lib/jvm/java-7-openjdk-amd64/jre/lib/amd64/libawt.so
7f2e054f8000-7f2e054f9000 r--p 000a0000 08:01 2101931                    /usr/lib/jvm/java-7-openjdk-amd64/jre/lib/amd64/libawt.so
7f2e054f9000-7f2e05504000 rw-p 000a1000 08:01 2101931                    /usr/lib/jvm/java-7-openjdk-amd64/jre/lib/amd64/libawt.so
7f2e05504000-7f2e05529000 rw-p 00000000 00:00 0 
7f2e0552f000-7f2e05830000 rw-p 00000000 00:00 0 
7f2e05830000-7f2e0589c000 r-xp 00000000 08:01 6423678                    /lib/x86_64-linux-gnu/libpcre.so.3.13.1
7f2e0589c000-7f2e05a9c000 ---p 0006c000 08:01 6423678                    /lib/x86_64-linux-gnu/libpcre.so.3.13.1
7f2e05a9c000-7f2e05a9d000 r--p 0006c000 08:01 6423678                    /lib/x86_64-linux-gnu/libpcre.so.3.13.1
7f2e05a9d000-7f2e05a9e000 rw-p 0006d000 08:01 6423678                    /lib/x86_64-linux-gnu/libpcre.so.3.13.1
7f2e05aa0000-7f2e05aa7000 r-xp 00000000 08:01 1315076                    /usr/lib/x86_64-linux-gnu/libffi.so.6.0.2
7f2e05aa7000-7f2e05ca6000 ---p 00007000 08:01 1315076                    /usr/lib/x86_64-linux-gnu/libffi.so.6.0.2
7f2e05ca6000-7f2e05ca7000 r--p 00006000 08:01 1315076                    /usr/lib/x86_64-linux-gnu/libffi.so.6.0.2
7f2e05ca7000-7f2e05ca8000 rw-p 00007000 08:01 1315076                    /usr/lib/x86_64-linux-gnu/libffi.so.6.0.2
7f2e05ca8000-7f2e05cbc000 r-xp 00000000 08:01 6425568                    /lib/x86_64-linux-gnu/libresolv-2.19.so
7f2e05cbc000-7f2e05ebb000 ---p 00014000 08:01 6425568                    /lib/x86_64-linux-gnu/libresolv-2.19.so
7f2e05ebb000-7f2e05ebc000 r--p 00013000 08:01 6425568                    /lib/x86_64-linux-gnu/libresolv-2.19.so
7f2e05ebc000-7f2e05ebd000 rw-p 00014000 08:01 6425568                    /lib/x86_64-linux-gnu/libresolv-2.19.so
7f2e05ebd000-7f2e05ebf000 rw-p 00000000 00:00 0 
7f2e05ec0000-7f2e05ee1000 r-xp 00000000 08:01 6422627                    /lib/x86_64-linux-gnu/libselinux.so.1
7f2e05ee1000-7f2e060e1000 ---p 00021000 08:01 6422627                    /lib/x86_64-linux-gnu/libselinux.so.1
7f2e060e1000-7f2e060e2000 r--p 00021000 08:01 6422627                    /lib/x86_64-linux-gnu/libselinux.so.1
7f2e060e2000-7f2e060e3000 rw-p 00022000 08:01 6422627                    /lib/x86_64-linux-gnu/libselinux.so.1
7f2e060e3000-7f2e060e5000 rw-p 00000000 00:00 0 
7f2e060e8000-7f2e060eb000 r-xp 00000000 08:01 1318028                    /usr/lib/x86_64-linux-gnu/libgmodule-2.0.so.0.4200.1
7f2e060eb000-7f2e062ea000 ---p 00003000 08:01 1318028                    /usr/lib/x86_64-linux-gnu/libgmodule-2.0.so.0.4200.1
7f2e062ea000-7f2e062eb000 r--p 00002000 08:01 1318028                    /usr/lib/x86_64-linux-gnu/libgmodule-2.0.so.0.4200.1
7f2e062eb000-7f2e062ec000 rw-p 00003000 08:01 1318028                    /usr/lib/x86_64-linux-gnu/libgmodule-2.0.so.0.4200.1
7f2e062f0000-7f2e063fc000 r-xp 00000000 08:01 6423013                    /lib/x86_64-linux-gnu/libglib-2.0.so.0.4200.1
7f2e063fc000-7f2e065fc000 ---p 0010c000 08:01 6423013                    /lib/x86_64-linux-gnu/libglib-2.0.so.0.4200.1
7f2e065fc000-7f2e065fd000 r--p 0010c000 08:01 6423013                    /lib/x86_64-linux-gnu/libglib-2.0.so.0.4200.1
7f2e065fd000-7f2e065fe000 rw-p 0010d000 08:01 6423013                    /lib/x86_64-linux-gnu/libglib-2.0.so.0.4200.1
7f2e065fe000-7f2e065ff000 rw-p 00000000 00:00 0 
7f2e06600000-7f2e06651000 r-xp 00000000 08:01 1318029                    /usr/lib/x86_64-linux-gnu/libgobject-2.0.so.0.4200.1
7f2e06651000-7f2e06850000 ---p 00051000 08:01 1318029                    /usr/lib/x86_64-linux-gnu/libgobject-2.0.so.0.4200.1
7f2e06850000-7f2e06851000 r--p 00050000 08:01 1318029                    /usr/lib/x86_64-linux-gnu/libgobject-2.0.so.0.4200.1
7f2e06851000-7f2e06852000 rw-p 00051000 08:01 1318029                    /usr/lib/x86_64-linux-gnu/libgobject-2.0.so.0.4200.1
7f2e06858000-7f2e069c9000 r-xp 00000000 08:01 1318031                    /usr/lib/x86_64-linux-gnu/libgio-2.0.so.0.4200.1
7f2e069c9000-7f2e06bc9000 ---p 00171000 08:01 1318031                    /usr/lib/x86_64-linux-gnu/libgio-2.0.so.0.4200.1
7f2e06bc9000-7f2e06bcd000 r--p 00171000 08:01 1318031                    /usr/lib/x86_64-linux-gnu/libgio-2.0.so.0.4200.1
7f2e06bcd000-7f2e06bcf000 rw-p 00175000 08:01 1318031                    /usr/lib/x86_64-linux-gnu/libgio-2.0.so.0.4200.1
7f2e06bcf000-7f2e06bd1000 rw-p 00000000 00:00 0 
7f2e06bd3000-7f2e06bd4000 rw-s 418c63000 00:05 17965                     /dev/nvidiactl
7f2e06bd9000-7f2e06bda000 rw-s fd641000 00:05 19540                      /dev/nvidia0
7f2e06be0000-7f2e06be1000 rw-s 41ad40000 00:05 17965                     /dev/nvidiactl
7f2e06be1000-7f2e06be2000 rw-s 35bb61000 00:05 17965                     /dev/nvidiactl
7f2e06be8000-7f2e06be9000 rw-s fd060000 00:05 19540                      /dev/nvidia0
7f2e06bf0000-7f2e06bf1000 r--p 00000000 08:01 1314157                    /usr/share/locale/en_GB/LC_MESSAGES/libc.mo
7f2e06bf3000-7f2e06bfe000 r--s 00203000 08:01 2101903                    /usr/lib/jvm/java-7-openjdk-amd64/jre/lib/charsets.jar
7f2e06c00000-7f2e06c18000 r-xp 00000000 08:01 2101942                    /usr/lib/jvm/java-7-openjdk-amd64/jre/lib/amd64/libnet.so
7f2e06c18000-7f2e06e17000 ---p 00018000 08:01 2101942                    /usr/lib/jvm/java-7-openjdk-amd64/jre/lib/amd64/libnet.so
7f2e06e17000-7f2e06e18000 r--p 00017000 08:01 2101942                    /usr/lib/jvm/java-7-openjdk-amd64/jre/lib/amd64/libnet.so
7f2e06e18000-7f2e06e19000 rw-p 00018000 08:01 2101942                    /usr/lib/jvm/java-7-openjdk-amd64/jre/lib/amd64/libnet.so
7f2e06e1f000-7f2e06e22000 ---p 00000000 00:00 0 
7f2e06e22000-7f2e06f20000 rw-p 00000000 00:00 0                          [stack:15699]
7f2e06f20000-7f2e06f21000 r-xp 00000000 08:01 1573728                    /opt/intellij-idea/bin/libbreakgen64.so
7f2e06f21000-7f2e07120000 ---p 00001000 08:01 1573728                    /opt/intellij-idea/bin/libbreakgen64.so
7f2e07120000-7f2e07121000 r--p 00000000 08:01 1573728                    /opt/intellij-idea/bin/libbreakgen64.so
7f2e07121000-7f2e07122000 rw-p 00001000 08:01 1573728                    /opt/intellij-idea/bin/libbreakgen64.so
7f2e07129000-7f2e0712b000 r--s 00019000 08:01 1578241                    /opt/intellij-idea/lib/idea_rt.jar
7f2e07132000-7f2e07133000 r--s 00002000 08:13 4850952                    /home/mart/IdeaProjects/Multiplayer World 2/libs/PNGDecoder.jar
7f2e07137000-7f2e0713a000 r--s 00017000 08:13 9045358                    /home/mart/IdeaProjects/Multiplayer World 2/libs/slick-util.jar
7f2e0713b000-7f2e0714a000 r--s 000f3000 08:13 9045342                    /home/mart/IdeaProjects/Multiplayer World 2/libs/lwjgl.jar
7f2e0714f000-7f2e0715d000 r--s 0010f000 08:01 2101969                    /usr/lib/jvm/java-7-openjdk-amd64/jre/lib/rhino.jar
7f2e0715e000-7f2e07168000 r--s 000ae000 08:01 2101899                    /usr/lib/jvm/java-7-openjdk-amd64/jre/lib/resources.jar
7f2e0716b000-7f2e0716c000 ---p 00000000 00:00 0 
7f2e0716c000-7f2e0726c000 rw-p 00000000 00:00 0                          [stack:15698]
7f2e0726c000-7f2e0726f000 ---p 00000000 00:00 0 
7f2e0726f000-7f2e0736d000 rw-p 00000000 00:00 0                          [stack:15697]
7f2e0736d000-7f2e07370000 ---p 00000000 00:00 0 
7f2e07370000-7f2e0746e000 rw-p 00000000 00:00 0                          [stack:15696]
7f2e0746e000-7f2e07471000 ---p 00000000 00:00 0 
7f2e07471000-7f2e0756f000 rw-p 00000000 00:00 0                          [stack:15695]
7f2e0756f000-7f2e07572000 ---p 00000000 00:00 0 
7f2e07572000-7f2e07670000 rw-p 00000000 00:00 0                          [stack:15694]
7f2e07670000-7f2e077f9000 r--p 00000000 08:01 1314223                    /usr/lib/locale/locale-archive
7f2e077fa000-7f2e077fd000 ---p 00000000 00:00 0 
7f2e077fd000-7f2e078fb000 rw-p 00000000 00:00 0                          [stack:15693]
7f2e078fb000-7f2e078fe000 ---p 00000000 00:00 0 
7f2e078fe000-7f2e079fc000 rw-p 00000000 00:00 0                          [stack:15692]
7f2e079fc000-7f2e079fd000 ---p 00000000 00:00 0 
7f2e079fd000-7f2e10000000 rw-p 00000000 00:00 0                          [stack:15691]
7f2e10000000-7f2e10021000 rw-p 00000000 00:00 0 
7f2e10021000-7f2e14000000 ---p 00000000 00:00 0 
7f2e14000000-7f2e14021000 rw-p 00000000 00:00 0 
7f2e14021000-7f2e18000000 ---p 00000000 00:00 0 
7f2e18000000-7f2e18021000 rw-p 00000000 00:00 0 
7f2e18021000-7f2e1c000000 ---p 00000000 00:00 0 
7f2e1c000000-7f2e1c021000 rw-p 00000000 00:00 0 
7f2e1c021000-7f2e20000000 ---p 00000000 00:00 0 
7f2e20000000-7f2e20021000 rw-p 00000000 00:00 0 
7f2e20021000-7f2e24000000 ---p 00000000 00:00 0 
7f2e24000000-7f2e24021000 rw-p 00000000 00:00 0 
7f2e24021000-7f2e28000000 ---p 00000000 00:00 0 
7f2e28000000-7f2e28021000 rw-p 00000000 00:00 0 
7f2e28021000-7f2e2c000000 ---p 00000000 00:00 0 
7f2e2c000000-7f2e2c021000 rw-p 00000000 00:00 0 
7f2e2c021000-7f2e30000000 ---p 00000000 00:00 0 
7f2e30007000-7f2e3000b000 r--s 00027000 08:13 9045357                    /home/mart/IdeaProjects/Multiplayer World 2/libs/lwjgl_util.jar
7f2e30010000-7f2e30011000 r--s 00000000 08:01 2101978                    /usr/lib/jvm/java-7-openjdk-amd64/jre/lib/management-agent.jar
7f2e30016000-7f2e3001b000 r--s 0004e000 08:01 2101968                    /usr/lib/jvm/java-7-openjdk-amd64/jre/lib/jsse.jar
7f2e30020000-7f2e30022000 r--s 00018000 08:01 2101971                    /usr/lib/jvm/java-7-openjdk-amd64/jre/lib/jce.jar
7f2e30022000-7f2e30023000 r--s 0000a000 08:01 2101901                    /usr/lib/jvm/java-7-openjdk-amd64/jre/lib/javazic.jar
7f2e30028000-7f2e30029000 r--s 00000000 08:01 2101972                    /usr/lib/jvm/java-7-openjdk-amd64/jre/lib/compilefontconfig.jar
7f2e3002b000-7f2e31000000 rw-p 00000000 00:00 0 
7f2e31000000-7f2e31270000 rwxp 00000000 00:00 0 
7f2e31270000-7f2e34a9d000 rw-p 00000000 00:00 0 
7f2e34a9d000-7f2e38000000 ---p 00000000 00:00 0 
7f2e38003000-7f2e3800e000 r--s 00203000 08:01 2101903                    /usr/lib/jvm/java-7-openjdk-amd64/jre/lib/charsets.jar
7f2e38015000-7f2e389ca000 rw-p 00000000 00:00 0 
7f2e389ca000-7f2e38b7c000 r--s 01d32000 08:01 2101898                    /usr/lib/jvm/java-7-openjdk-amd64/jre/lib/rt.jar
7f2e38b7d000-7f2e394e8000 rw-p 00000000 00:00 0 
7f2e394e8000-7f2e394e9000 ---p 00000000 00:00 0 
7f2e394e9000-7f2e395e9000 rw-p 00000000 00:00 0                          [stack:15690]
7f2e395e9000-7f2e395ea000 ---p 00000000 00:00 0 
7f2e395ea000-7f2e396ea000 rw-p 00000000 00:00 0                          [stack:15689]
7f2e396ea000-7f2e396eb000 ---p 00000000 00:00 0 
7f2e396eb000-7f2e397eb000 rw-p 00000000 00:00 0                          [stack:15688]
7f2e397eb000-7f2e397ec000 ---p 00000000 00:00 0 
7f2e397ec000-7f2e398ec000 rw-p 00000000 00:00 0                          [stack:15687]
7f2e398ec000-7f2e398ed000 ---p 00000000 00:00 0 
7f2e398ed000-7f2e399ed000 rw-p 00000000 00:00 0                          [stack:15686]
7f2e399ed000-7f2e399ee000 ---p 00000000 00:00 0 
7f2e399ee000-7f2e39aee000 rw-p 00000000 00:00 0                          [stack:15685]
7f2e39aee000-7f2e39aef000 ---p 00000000 00:00 0 
7f2e39aef000-7f2e39bef000 rw-p 00000000 00:00 0                          [stack:15684]
7f2e39bef000-7f2e39bf0000 ---p 00000000 00:00 0 
7f2e39bf0000-7f2e39cfb000 rw-p 00000000 00:00 0                          [stack:15683]
7f2e39cfb000-7f2e39d43000 rw-p 00000000 00:00 0 
7f2e39d43000-7f2e39d96000 rw-p 00000000 00:00 0 
7f2e39d96000-7f2e3a277000 rw-p 00000000 00:00 0 
7f2e3a277000-7f2e3a282000 rw-p 00000000 00:00 0 
7f2e3a282000-7f2e3a2ca000 rw-p 00000000 00:00 0 
7f2e3a2ca000-7f2e3a31d000 rw-p 00000000 00:00 0 
7f2e3a31d000-7f2e3a7fd000 rw-p 00000000 00:00 0 
7f2e3a7fd000-7f2e3a827000 rw-p 00000000 00:00 0 
7f2e3a827000-7f2e3aa97000 rw-p 00000000 00:00 0 
7f2e3aa97000-7f2e3aa98000 rw-p 00000000 00:00 0 
7f2e3aa98000-7f2e3aaa0000 r-xp 00000000 08:01 2101919                    /usr/lib/jvm/java-7-openjdk-amd64/jre/lib/amd64/libzip.so
7f2e3aaa0000-7f2e3ac9f000 ---p 00008000 08:01 2101919                    /usr/lib/jvm/java-7-openjdk-amd64/jre/lib/amd64/libzip.so
7f2e3ac9f000-7f2e3aca0000 r--p 00007000 08:01 2101919                    /usr/lib/jvm/java-7-openjdk-amd64/jre/lib/amd64/libzip.so
7f2e3aca0000-7f2e3aca1000 rw-p 00008000 08:01 2101919                    /usr/lib/jvm/java-7-openjdk-amd64/jre/lib/amd64/libzip.so
7f2e3aca8000-7f2e3acb3000 r-xp 00000000 08:01 6425563                    /lib/x86_64-linux-gnu/libnss_files-2.19.so
7f2e3acb3000-7f2e3aeb2000 ---p 0000b000 08:01 6425563                    /lib/x86_64-linux-gnu/libnss_files-2.19.so
7f2e3aeb2000-7f2e3aeb3000 r--p 0000a000 08:01 6425563                    /lib/x86_64-linux-gnu/libnss_files-2.19.so
7f2e3aeb3000-7f2e3aeb4000 rw-p 0000b000 08:01 6425563                    /lib/x86_64-linux-gnu/libnss_files-2.19.so
7f2e3aeb8000-7f2e3aec2000 r-xp 00000000 08:01 6425565                    /lib/x86_64-linux-gnu/libnss_nis-2.19.so
7f2e3aec2000-7f2e3b0c1000 ---p 0000a000 08:01 6425565                    /lib/x86_64-linux-gnu/libnss_nis-2.19.so
7f2e3b0c1000-7f2e3b0c2000 r--p 00009000 08:01 6425565                    /lib/x86_64-linux-gnu/libnss_nis-2.19.so
7f2e3b0c2000-7f2e3b0c3000 rw-p 0000a000 08:01 6425565                    /lib/x86_64-linux-gnu/libnss_nis-2.19.so
7f2e3b0c8000-7f2e3b0dd000 r-xp 00000000 08:01 6425560                    /lib/x86_64-linux-gnu/libnsl-2.19.so
7f2e3b0dd000-7f2e3b2dc000 ---p 00015000 08:01 6425560                    /lib/x86_64-linux-gnu/libnsl-2.19.so
7f2e3b2dc000-7f2e3b2dd000 r--p 00014000 08:01 6425560                    /lib/x86_64-linux-gnu/libnsl-2.19.so
7f2e3b2dd000-7f2e3b2de000 rw-p 00015000 08:01 6425560                    /lib/x86_64-linux-gnu/libnsl-2.19.so
7f2e3b2de000-7f2e3b2e0000 rw-p 00000000 00:00 0 
7f2e3b2e0000-7f2e3b2e7000 r-xp 00000000 08:01 6425561                    /lib/x86_64-linux-gnu/libnss_compat-2.19.so
7f2e3b2e7000-7f2e3b4e6000 ---p 00007000 08:01 6425561                    /lib/x86_64-linux-gnu/libnss_compat-2.19.so
7f2e3b4e6000-7f2e3b4e7000 r--p 00006000 08:01 6425561                    /lib/x86_64-linux-gnu/libnss_compat-2.19.so
7f2e3b4e7000-7f2e3b4e8000 rw-p 00007000 08:01 6425561                    /lib/x86_64-linux-gnu/libnss_compat-2.19.so
7f2e3b4e8000-7f2e3b515000 r-xp 00000000 08:01 2101951                    /usr/lib/jvm/java-7-openjdk-amd64/jre/lib/amd64/libjava.so
7f2e3b515000-7f2e3b714000 ---p 0002d000 08:01 2101951                    /usr/lib/jvm/java-7-openjdk-amd64/jre/lib/amd64/libjava.so
7f2e3b714000-7f2e3b715000 r--p 0002c000 08:01 2101951                    /usr/lib/jvm/java-7-openjdk-amd64/jre/lib/amd64/libjava.so
7f2e3b715000-7f2e3b717000 rw-p 0002d000 08:01 2101951                    /usr/lib/jvm/java-7-openjdk-amd64/jre/lib/amd64/libjava.so
7f2e3b718000-7f2e3b727000 r-xp 00000000 08:01 2101914                    /usr/lib/jvm/java-7-openjdk-amd64/jre/lib/amd64/libverify.so
7f2e3b727000-7f2e3b926000 ---p 0000f000 08:01 2101914                    /usr/lib/jvm/java-7-openjdk-amd64/jre/lib/amd64/libverify.so
7f2e3b926000-7f2e3b929000 r--p 0000e000 08:01 2101914                    /usr/lib/jvm/java-7-openjdk-amd64/jre/lib/amd64/libverify.so
7f2e3b929000-7f2e3b92a000 rw-p 00011000 08:01 2101914                    /usr/lib/jvm/java-7-openjdk-amd64/jre/lib/amd64/libverify.so
7f2e3b930000-7f2e3b937000 r-xp 00000000 08:01 6425569                    /lib/x86_64-linux-gnu/librt-2.19.so
7f2e3b937000-7f2e3bb36000 ---p 00007000 08:01 6425569                    /lib/x86_64-linux-gnu/librt-2.19.so
7f2e3bb36000-7f2e3bb37000 r--p 00006000 08:01 6425569                    /lib/x86_64-linux-gnu/librt-2.19.so
7f2e3bb37000-7f2e3bb38000 rw-p 00007000 08:01 6425569                    /lib/x86_64-linux-gnu/librt-2.19.so
7f2e3bb38000-7f2e3bb4e000 r-xp 00000000 08:01 6422532                    /lib/x86_64-linux-gnu/libgcc_s.so.1
7f2e3bb4e000-7f2e3bd4d000 ---p 00016000 08:01 6422532                    /lib/x86_64-linux-gnu/libgcc_s.so.1
7f2e3bd4d000-7f2e3bd4e000 rw-p 00015000 08:01 6422532                    /lib/x86_64-linux-gnu/libgcc_s.so.1
7f2e3bd50000-7f2e3be50000 r-xp 00000000 08:01 6425558                    /lib/x86_64-linux-gnu/libm-2.19.so
7f2e3be50000-7f2e3c04f000 ---p 00100000 08:01 6425558                    /lib/x86_64-linux-gnu/libm-2.19.so
7f2e3c04f000-7f2e3c050000 r--p 000ff000 08:01 6425558                    /lib/x86_64-linux-gnu/libm-2.19.so
7f2e3c050000-7f2e3c051000 rw-p 00100000 08:01 6425558                    /lib/x86_64-linux-gnu/libm-2.19.so
7f2e3c058000-7f2e3c144000 r-xp 00000000 08:01 1315446                    /usr/lib/x86_64-linux-gnu/libstdc++.so.6.0.20
7f2e3c144000-7f2e3c344000 ---p 000ec000 08:01 1315446                    /usr/lib/x86_64-linux-gnu/libstdc++.so.6.0.20
7f2e3c344000-7f2e3c34c000 r--p 000ec000 08:01 1315446                    /usr/lib/x86_64-linux-gnu/libstdc++.so.6.0.20
7f2e3c34c000-7f2e3c34e000 rw-p 000f4000 08:01 1315446                    /usr/lib/x86_64-linux-gnu/libstdc++.so.6.0.20
7f2e3c34e000-7f2e3c363000 rw-p 00000000 00:00 0 
7f2e3c368000-7f2e3cebe000 r-xp 00000000 08:01 2101927                    /usr/lib/jvm/java-7-openjdk-amd64/jre/lib/amd64/server/libjvm.so
7f2e3cebe000-7f2e3d0be000 ---p 00b56000 08:01 2101927                    /usr/lib/jvm/java-7-openjdk-amd64/jre/lib/amd64/server/libjvm.so
7f2e3d0be000-7f2e3d15d000 r--p 00b56000 08:01 2101927                    /usr/lib/jvm/java-7-openjdk-amd64/jre/lib/amd64/server/libjvm.so
7f2e3d15d000-7f2e3d180000 rw-p 00bf5000 08:01 2101927                    /usr/lib/jvm/java-7-openjdk-amd64/jre/lib/amd64/server/libjvm.so
7f2e3d180000-7f2e3d1ad000 rw-p 00000000 00:00 0 
7f2e3d1b0000-7f2e3d1ca000 r-xp 00000000 08:01 6422628                    /lib/x86_64-linux-gnu/libz.so.1.2.8
7f2e3d1ca000-7f2e3d3c9000 ---p 0001a000 08:01 6422628                    /lib/x86_64-linux-gnu/libz.so.1.2.8
7f2e3d3c9000-7f2e3d3ca000 r--p 00019000 08:01 6422628                    /lib/x86_64-linux-gnu/libz.so.1.2.8
7f2e3d3ca000-7f2e3d3cb000 rw-p 0001a000 08:01 6422628                    /lib/x86_64-linux-gnu/libz.so.1.2.8
7f2e3d3d0000-7f2e3d56f000 r-xp 00000000 08:01 6425554                    /lib/x86_64-linux-gnu/libc-2.19.so
7f2e3d56f000-7f2e3d76f000 ---p 0019f000 08:01 6425554                    /lib/x86_64-linux-gnu/libc-2.19.so
7f2e3d76f000-7f2e3d773000 r--p 0019f000 08:01 6425554                    /lib/x86_64-linux-gnu/libc-2.19.so
7f2e3d773000-7f2e3d775000 rw-p 001a3000 08:01 6425554                    /lib/x86_64-linux-gnu/libc-2.19.so
7f2e3d775000-7f2e3d779000 rw-p 00000000 00:00 0 
7f2e3d780000-7f2e3d783000 r-xp 00000000 08:01 6425557                    /lib/x86_64-linux-gnu/libdl-2.19.so
7f2e3d783000-7f2e3d982000 ---p 00003000 08:01 6425557                    /lib/x86_64-linux-gnu/libdl-2.19.so
7f2e3d982000-7f2e3d983000 r--p 00002000 08:01 6425557                    /lib/x86_64-linux-gnu/libdl-2.19.so
7f2e3d983000-7f2e3d984000 rw-p 00003000 08:01 6425557                    /lib/x86_64-linux-gnu/libdl-2.19.so
7f2e3d988000-7f2e3d995000 r-xp 00000000 08:01 2101917                    /usr/lib/jvm/java-7-openjdk-amd64/jre/lib/amd64/jli/libjli.so
7f2e3d995000-7f2e3db94000 ---p 0000d000 08:01 2101917                    /usr/lib/jvm/java-7-openjdk-amd64/jre/lib/amd64/jli/libjli.so
7f2e3db94000-7f2e3db95000 r--p 0000c000 08:01 2101917                    /usr/lib/jvm/java-7-openjdk-amd64/jre/lib/amd64/jli/libjli.so
7f2e3db95000-7f2e3db96000 rw-p 0000d000 08:01 2101917                    /usr/lib/jvm/java-7-openjdk-amd64/jre/lib/amd64/jli/libjli.so
7f2e3db98000-7f2e3dbb0000 r-xp 00000000 08:01 6425550                    /lib/x86_64-linux-gnu/libpthread-2.19.so
7f2e3dbb0000-7f2e3ddaf000 ---p 00018000 08:01 6425550                    /lib/x86_64-linux-gnu/libpthread-2.19.so
7f2e3ddaf000-7f2e3ddb0000 r--p 00017000 08:01 6425550                    /lib/x86_64-linux-gnu/libpthread-2.19.so
7f2e3ddb0000-7f2e3ddb1000 rw-p 00018000 08:01 6425550                    /lib/x86_64-linux-gnu/libpthread-2.19.so
7f2e3ddb1000-7f2e3ddb5000 rw-p 00000000 00:00 0 
7f2e3ddb8000-7f2e3ddd8000 r-xp 00000000 08:01 6425551                    /lib/x86_64-linux-gnu/ld-2.19.so
7f2e3dddf000-7f2e3dde2000 r--s 0000f000 08:01 2101910                    /usr/lib/jvm/java-7-openjdk-amd64/jre/lib/ext/icedtea-sound.jar
7f2e3dde4000-7f2e3dde8000 r--s 00034000 08:01 2101912                    /usr/lib/jvm/java-7-openjdk-amd64/jre/lib/ext/sunjce_provider.jar
7f2e3ddee000-7f2e3ddf8000 rw-p 00000000 00:00 0 
7f2e3ddf8000-7f2e3deae000 rw-p 00000000 00:00 0 
7f2e3deae000-7f2e3deb1000 ---p 00000000 00:00 0 
7f2e3deb1000-7f2e3dfb0000 rw-p 00000000 00:00 0                          [stack:15682]
7f2e3dfb6000-7f2e3dfb8000 r--s 00006000 08:01 1841746                    /usr/share/java/java-atk-wrapper.jar
7f2e3dfba000-7f2e3dfbc000 r--s 00012000 08:01 2101907                    /usr/lib/jvm/java-7-openjdk-amd64/jre/lib/ext/zipfs.jar
7f2e3dfbd000-7f2e3dfc1000 r--s 00085000 08:01 2101908                    /usr/lib/jvm/java-7-openjdk-amd64/jre/lib/ext/localedata.jar
7f2e3dfc2000-7f2e3dfc3000 r--s 00002000 08:01 2101909                    /usr/lib/jvm/java-7-openjdk-amd64/jre/lib/ext/dnsns.jar
7f2e3dfc4000-7f2e3dfc8000 r--s 0003c000 08:01 2101911                    /usr/lib/jvm/java-7-openjdk-amd64/jre/lib/ext/sunpkcs11.jar
7f2e3dfc8000-7f2e3dfd0000 rw-s 00000000 08:12 3145732                    /tmp/hsperfdata_mart/15681
7f2e3dfd3000-7f2e3dfd6000 rw-p 00000000 00:00 0 
7f2e3dfd6000-7f2e3dfd7000 r--p 00000000 00:00 0 
7f2e3dfd7000-7f2e3dfd8000 rw-p 00000000 00:00 0 
7f2e3dfd8000-7f2e3dfd9000 r--p 00020000 08:01 6425551                    /lib/x86_64-linux-gnu/ld-2.19.so
7f2e3dfd9000-7f2e3dfda000 rw-p 00021000 08:01 6425551                    /lib/x86_64-linux-gnu/ld-2.19.so
7f2e3dfda000-7f2e3dfdc000 rw-p 00000000 00:00 0 
7f2e3dfdc000-7f2e3dfe0000 rw-p 00000000 00:00 0 
7ffd6aadc000-7ffd6aafd000 rw-p 00000000 00:00 0                          [stack]
7ffd6ab78000-7ffd6ab7a000 r-xp 00000000 00:00 0                          [vdso]
7ffd6ab7a000-7ffd6ab7c000 r--p 00000000 00:00 0                          [vvar]
ffffffffff600000-ffffffffff601000 r-xp 00000000 00:00 0                  [vsyscall]

VM Arguments:
jvm_args: -Djava.library.path=libs/ -Didea.launcher.port=7546 -Didea.launcher.bin.path=/opt/intellij-idea/bin -Dfile.encoding=UTF-8 
java_command: com.intellij.rt.execution.application.AppMain engine.GameLoop
Launcher Type: SUN_STANDARD

Environment Variables:
PATH=/usr/local/bin:/usr/bin:/bin:/usr/local/games:/usr/games
USERNAME=mart
LD_LIBRARY_PATH=/opt/intellij-idea/bin:
SHELL=/bin/bash
DISPLAY=:0

Signal Handlers:
SIGSEGV: [libjvm.so+0x988620], sa_mask[0]=0x7ffbfeff, sa_flags=0x10000004
SIGBUS: [libjvm.so+0x988620], sa_mask[0]=0x7ffbfeff, sa_flags=0x10000004
SIGFPE: [libjvm.so+0x7f5420], sa_mask[0]=0x7ffbfeff, sa_flags=0x10000004
SIGPIPE: [libjvm.so+0x7f5420], sa_mask[0]=0x7ffbfeff, sa_flags=0x10000004
SIGXFSZ: [libjvm.so+0x7f5420], sa_mask[0]=0x7ffbfeff, sa_flags=0x10000004
SIGILL: [libjvm.so+0x7f5420], sa_mask[0]=0x7ffbfeff, sa_flags=0x10000004
SIGUSR1: SIG_DFL, sa_mask[0]=0x00000000, sa_flags=0x00000000
SIGUSR2: [libjvm.so+0x7f52a0], sa_mask[0]=0x00000004, sa_flags=0x10000004
SIGHUP: [libjvm.so+0x7f54a0], sa_mask[0]=0x7ffbfeff, sa_flags=0x10000004
SIGINT: [libjvm.so+0x7f54a0], sa_mask[0]=0x7ffbfeff, sa_flags=0x10000004
SIGTERM: [libjvm.so+0x7f54a0], sa_mask[0]=0x7ffbfeff, sa_flags=0x10000004
SIGQUIT: [libjvm.so+0x7f54a0], sa_mask[0]=0x7ffbfeff, sa_flags=0x10000004
SIGTRAP: SIG_DFL, sa_mask[0]=0x00000000, sa_flags=0x00000000


---------------  S Y S T E M  ---------------

OS:8.2

uname:Linux 3.16.0-4-amd64 #1 SMP Debian 3.16.7-ckt11-1+deb8u5 (2015-10-09) x86_64
libc:glibc 2.19 NPTL 2.19 
rlimit: STACK 8192k, CORE 0k, NPROC 63809, NOFILE 65536, AS infinity
load average:1.85 1.03 0.76

/proc/meminfo:
MemTotal:       16352924 kB
MemFree:         9019608 kB
MemAvailable:   12577620 kB
Buffers:          359024 kB
Cached:          3097876 kB
SwapCached:            0 kB
Active:          5489940 kB
Inactive:        1268468 kB
Active(anon):    3305100 kB
Inactive(anon):    23504 kB
Active(file):    2184840 kB
Inactive(file):  1244964 kB
Unevictable:          32 kB
Mlocked:              32 kB
SwapTotal:             0 kB
SwapFree:              0 kB
Dirty:             12908 kB
Writeback:             0 kB
AnonPages:       3301744 kB
Mapped:           420680 kB
Shmem:             27116 kB
Slab:             429668 kB
SReclaimable:     381624 kB
SUnreclaim:        48044 kB
KernelStack:       11136 kB
PageTables:        32908 kB
NFS_Unstable:          0 kB
Bounce:                0 kB
WritebackTmp:          0 kB
CommitLimit:     8176460 kB
Committed_AS:    8354572 kB
VmallocTotal:   34359738367 kB
VmallocUsed:      330552 kB
VmallocChunk:   34359391740 kB
HardwareCorrupted:     0 kB
AnonHugePages:         0 kB
HugePages_Total:       0
HugePages_Free:        0
HugePages_Rsvd:        0
HugePages_Surp:        0
Hugepagesize:       2048 kB
DirectMap4k:      213428 kB
DirectMap2M:    13365248 kB
DirectMap1G:     3145728 kB


CPU:total 8 (8 cores per cpu, 1 threads per core) family 21 model 2 stepping 0, cmov, cx8, fxsr, mmx, sse, sse2, sse3, ssse3, sse4.1, sse4.2, popcnt, avx, aes, mmxext, 3dnowpref, lzcnt, sse4a, tsc, tscinvbit, tscinv

/proc/cpuinfo:
processor	: 0
vendor_id	: AuthenticAMD
cpu family	: 21
model		: 2
model name	: AMD FX(tm)-8320 Eight-Core Processor
stepping	: 0
microcode	: 0x6000822
cpu MHz		: 3500.000
cache size	: 2048 KB
physical id	: 0
siblings	: 8
core id		: 0
cpu cores	: 4
apicid		: 16
initial apicid	: 0
fpu		: yes
fpu_exception	: yes
cpuid level	: 13
wp		: yes
flags		: fpu vme de pse tsc msr pae mce cx8 apic sep mtrr pge mca cmov pat pse36 clflush mmx fxsr sse sse2 ht syscall nx mmxext fxsr_opt pdpe1gb rdtscp lm constant_tsc rep_good nopl nonstop_tsc extd_apicid aperfmperf pni pclmulqdq monitor ssse3 fma cx16 sse4_1 sse4_2 popcnt aes xsave avx f16c lahf_lm cmp_legacy svm extapic cr8_legacy abm sse4a misalignsse 3dnowprefetch osvw ibs xop skinit wdt lwp fma4 tce nodeid_msr tbm topoext perfctr_core perfctr_nb arat cpb hw_pstate npt lbrv svm_lock nrip_save tsc_scale vmcb_clean flushbyasid decodeassists pausefilter pfthreshold vmmcall bmi1
bogomips	: 7000.16
TLB size	: 1536 4K pages
clflush size	: 64
cache_alignment	: 64
address sizes	: 48 bits physical, 48 bits virtual
power management: ts ttp tm 100mhzsteps hwpstate cpb eff_freq_ro

processor	: 1
vendor_id	: AuthenticAMD
cpu family	: 21
model		: 2
model name	: AMD FX(tm)-8320 Eight-Core Processor           
stepping	: 0
microcode	: 0x6000822
cpu MHz		: 3500.000
cache size	: 2048 KB
physical id	: 0
siblings	: 8
core id		: 1
cpu cores	: 4
apicid		: 17
initial apicid	: 1
fpu		: yes
fpu_exception	: yes
cpuid level	: 13
wp		: yes
flags		: fpu vme de pse tsc msr pae mce cx8 apic sep mtrr pge mca cmov pat pse36 clflush mmx fxsr sse sse2 ht syscall nx mmxext fxsr_opt pdpe1gb rdtscp lm constant_tsc rep_good nopl nonstop_tsc extd_apicid aperfmperf pni pclmulqdq monitor ssse3 fma cx16 sse4_1 sse4_2 popcnt aes xsave avx f16c lahf_lm cmp_legacy svm extapic cr8_legacy abm sse4a misalignsse 3dnowprefetch osvw ibs xop skinit wdt lwp fma4 tce nodeid_msr tbm topoext perfctr_core perfctr_nb arat cpb hw_pstate npt lbrv svm_lock nrip_save tsc_scale vmcb_clean flushbyasid decodeassists pausefilter pfthreshold vmmcall bmi1
bogomips	: 7000.16
TLB size	: 1536 4K pages
clflush size	: 64
cache_alignment	: 64
address sizes	: 48 bits physical, 48 bits virtual
power management: ts ttp tm 100mhzsteps hwpstate cpb eff_freq_ro

processor	: 2
vendor_id	: AuthenticAMD
cpu family	: 21
model		: 2
model name	: AMD FX(tm)-8320 Eight-Core Processor           
stepping	: 0
microcode	: 0x6000822
cpu MHz		: 3500.000
cache size	: 2048 KB
physical id	: 0
siblings	: 8
core id		: 2
cpu cores	: 4
apicid		: 18
initial apicid	: 2
fpu		: yes
fpu_exception	: yes
cpuid level	: 13
wp		: yes
flags		: fpu vme de pse tsc msr pae mce cx8 apic sep mtrr pge mca cmov pat pse36 clflush mmx fxsr sse sse2 ht syscall nx mmxext fxsr_opt pdpe1gb rdtscp lm constant_tsc rep_good nopl nonstop_tsc extd_apicid aperfmperf pni pclmulqdq monitor ssse3 fma cx16 sse4_1 sse4_2 popcnt aes xsave avx f16c lahf_lm cmp_legacy svm extapic cr8_legacy abm sse4a misalignsse 3dnowprefetch osvw ibs xop skinit wdt lwp fma4 tce nodeid_msr tbm topoext perfctr_core perfctr_nb arat cpb hw_pstate npt lbrv svm_lock nrip_save tsc_scale vmcb_clean flushbyasid decodeassists pausefilter pfthreshold vmmcall bmi1
bogomips	: 7000.16
TLB size	: 1536 4K pages
clflush size	: 64
cache_alignment	: 64
address sizes	: 48 bits physical, 48 bits virtual
power management: ts ttp tm 100mhzsteps hwpstate cpb eff_freq_ro

processor	: 3
vendor_id	: AuthenticAMD
cpu family	: 21
model		: 2
model name	: AMD FX(tm)-8320 Eight-Core Processor           
stepping	: 0
microcode	: 0x6000822
cpu MHz		: 3500.000
cache size	: 2048 KB
physical id	: 0
siblings	: 8
core id		: 3
cpu cores	: 4
apicid		: 19
initial apicid	: 3
fpu		: yes
fpu_exception	: yes
cpuid level	: 13
wp		: yes
flags		: fpu vme de pse tsc msr pae mce cx8 apic sep mtrr pge mca cmov pat pse36 clflush mmx fxsr sse sse2 ht syscall nx mmxext fxsr_opt pdpe1gb rdtscp lm constant_tsc rep_good nopl nonstop_tsc extd_apicid aperfmperf pni pclmulqdq monitor ssse3 fma cx16 sse4_1 sse4_2 popcnt aes xsave avx f16c lahf_lm cmp_legacy svm extapic cr8_legacy abm sse4a misalignsse 3dnowprefetch osvw ibs xop skinit wdt lwp fma4 tce nodeid_msr tbm topoext perfctr_core perfctr_nb arat cpb hw_pstate npt lbrv svm_lock nrip_save tsc_scale vmcb_clean flushbyasid decodeassists pausefilter pfthreshold vmmcall bmi1
bogomips	: 7000.16
TLB size	: 1536 4K pages
clflush size	: 64
cache_alignment	: 64
address sizes	: 48 bits physical, 48 bits virtual
power management: ts ttp tm 100mhzsteps hwpstate cpb eff_freq_ro

processor	: 4
vendor_id	: AuthenticAMD
cpu family	: 21
model		: 2
model name	: AMD FX(tm)-8320 Eight-Core Processor           
stepping	: 0
microcode	: 0x6000822
cpu MHz		: 1400.000
cache size	: 2048 KB
physical id	: 0
siblings	: 8
core id		: 4
cpu cores	: 4
apicid		: 20
initial apicid	: 4
fpu		: yes
fpu_exception	: yes
cpuid level	: 13
wp		: yes
flags		: fpu vme de pse tsc msr pae mce cx8 apic sep mtrr pge mca cmov pat pse36 clflush mmx fxsr sse sse2 ht syscall nx mmxext fxsr_opt pdpe1gb rdtscp lm constant_tsc rep_good nopl nonstop_tsc extd_apicid aperfmperf pni pclmulqdq monitor ssse3 fma cx16 sse4_1 sse4_2 popcnt aes xsave avx f16c lahf_lm cmp_legacy svm extapic cr8_legacy abm sse4a misalignsse 3dnowprefetch osvw ibs xop skinit wdt lwp fma4 tce nodeid_msr tbm topoext perfctr_core perfctr_nb arat cpb hw_pstate npt lbrv svm_lock nrip_save tsc_scale vmcb_clean flushbyasid decodeassists pausefilter pfthreshold vmmcall bmi1
bogomips	: 7000.16
TLB size	: 1536 4K pages
clflush size	: 64
cache_alignment	: 64
address sizes	: 48 bits physical, 48 bits virtual
power management: ts ttp tm 100mhzsteps hwpstate cpb eff_freq_ro

processor	: 5
vendor_id	: AuthenticAMD
cpu family	: 21
model		: 2
model name	: AMD FX(tm)-8320 Eight-Core Processor           
stepping	: 0
microcode	: 0x6000822
cpu MHz		: 2900.000
cache size	: 2048 KB
physical id	: 0
siblings	: 8
core id		: 5
cpu cores	: 4
apicid		: 21
initial apicid	: 5
fpu		: yes
fpu_exception	: yes
cpuid level	: 13
wp		: yes
flags		: fpu vme de pse tsc msr pae mce cx8 apic sep mtrr pge mca cmov pat pse36 clflush mmx fxsr sse sse2 ht syscall nx mmxext fxsr_opt pdpe1gb rdtscp lm constant_tsc rep_good nopl nonstop_tsc extd_apicid aperfmperf pni pclmulqdq monitor ssse3 fma cx16 sse4_1 sse4_2 popcnt aes xsave avx f16c lahf_lm cmp_legacy svm extapic cr8_legacy abm sse4a misalignsse 3dnowprefetch osvw ibs xop skinit wdt lwp fma4 tce nodeid_msr tbm topoext perfctr_core perfctr_nb arat cpb hw_pstate npt lbrv svm_lock nrip_save tsc_scale vmcb_clean flushbyasid decodeassists pausefilter pfthreshold vmmcall bmi1
bogomips	: 7000.16
TLB size	: 1536 4K pages
clflush size	: 64
cache_alignment	: 64
address sizes	: 48 bits physical, 48 bits virtual
power management: ts ttp tm 100mhzsteps hwpstate cpb eff_freq_ro

processor	: 6
vendor_id	: AuthenticAMD
cpu family	: 21
model		: 2
model name	: AMD FX(tm)-8320 Eight-Core Processor           
stepping	: 0
microcode	: 0x6000822
cpu MHz		: 3500.000
cache size	: 2048 KB
physical id	: 0
siblings	: 8
core id		: 6
cpu cores	: 4
apicid		: 22
initial apicid	: 6
fpu		: yes
fpu_exception	: yes
cpuid level	: 13
wp		: yes
flags		: fpu vme de pse tsc msr pae mce cx8 apic sep mtrr pge mca cmov pat pse36 clflush mmx fxsr sse sse2 ht syscall nx mmxext fxsr_opt pdpe1gb rdtscp lm constant_tsc rep_good nopl nonstop_tsc extd_apicid aperfmperf pni pclmulqdq monitor ssse3 fma cx16 sse4_1 sse4_2 popcnt aes xsave avx f16c lahf_lm cmp_legacy svm extapic cr8_legacy abm sse4a misalignsse 3dnowprefetch osvw ibs xop skinit wdt lwp fma4 tce nodeid_msr tbm topoext perfctr_core perfctr_nb arat cpb hw_pstate npt lbrv svm_lock nrip_save tsc_scale vmcb_clean flushbyasid decodeassists pausefilter pfthreshold vmmcall bmi1
bogomips	: 7000.16
TLB size	: 1536 4K pages
clflush size	: 64
cache_alignment	: 64
address sizes	: 48 bits physical, 48 bits virtual
power management: ts ttp tm 100mhzsteps hwpstate cpb eff_freq_ro

processor	: 7
vendor_id	: AuthenticAMD
cpu family	: 21
model		: 2
model name	: AMD FX(tm)-8320 Eight-Core Processor           
stepping	: 0
microcode	: 0x6000822
cpu MHz		: 3500.000
cache size	: 2048 KB
physical id	: 0
siblings	: 8
core id		: 7
cpu cores	: 4
apicid		: 23
initial apicid	: 7
fpu		: yes
fpu_exception	: yes
cpuid level	: 13
wp		: yes
flags		: fpu vme de pse tsc msr pae mce cx8 apic sep mtrr pge mca cmov pat pse36 clflush mmx fxsr sse sse2 ht syscall nx mmxext fxsr_opt pdpe1gb rdtscp lm constant_tsc rep_good nopl nonstop_tsc extd_apicid aperfmperf pni pclmulqdq monitor ssse3 fma cx16 sse4_1 sse4_2 popcnt aes xsave avx f16c lahf_lm cmp_legacy svm extapic cr8_legacy abm sse4a misalignsse 3dnowprefetch osvw ibs xop skinit wdt lwp fma4 tce nodeid_msr tbm topoext perfctr_core perfctr_nb arat cpb hw_pstate npt lbrv svm_lock nrip_save tsc_scale vmcb_clean flushbyasid decodeassists pausefilter pfthreshold vmmcall bmi1
bogomips	: 7000.16
TLB size	: 1536 4K pages
clflush size	: 64
cache_alignment	: 64
address sizes	: 48 bits physical, 48 bits virtual
power management: ts ttp tm 100mhzsteps hwpstate cpb eff_freq_ro



Memory: 4k page, physical 16352924k(9019608k free), swap 0k(0k free)

vm_info: OpenJDK 64-Bit Server VM (24.85-b03) for linux-amd64 JRE (1.7.0_85-b01), built on Oct 31 2015 21:30:47 by "jmm" with gcc 4.9.2

time: Tue Jan 10 23:13:00 2017
elapsed time: 1 seconds

