#
# A fatal error has been detected by the Java Runtime Environment:
#
#  SIGSEGV (0xb) at pc=0x0000000040651ee3, pid=14804, tid=140552970077952
#
# JRE version: OpenJDK Runtime Environment (7.0_85-b01) (build 1.7.0_85-b01)
# Java VM: OpenJDK 64-Bit Server VM (24.85-b03 mixed mode linux-amd64 compressed oops)
# Derivative: IcedTea 2.6.1
# Distribution: Debian GNU/Linux 8.2 (jessie), package 7u85-2.6.1-6+deb8u1
# Problematic frame:
# C  0x0000000040651ee3
#
# Failed to write core dump. Core dumps have been disabled. To enable core dumping, try "ulimit -c unlimited" before starting Java again
#
# If you would like to submit a bug report, please include
# instructions on how to reproduce the bug and visit:
#   http://icedtea.classpath.org/bugzilla
# The crash happened outside the Java Virtual Machine in native code.
# See problematic frame for where to report the bug.
#

---------------  T H R E A D  ---------------

Current thread (0x00007fd50000a800):  JavaThread "main" [_thread_in_native, id=14805, stack(0x00007fd509ca8000,0x00007fd509da9000)]

siginfo:si_signo=SIGSEGV: si_errno=0, si_code=1 (SEGV_MAPERR), si_addr=0x0000000000000000

Registers:
RAX=0x00007fd4c46fd534, RBX=0x00000000410ea000, RCX=0x0000000000000000, RDX=0x0000000000000066
RSP=0x00007fd509da6fb8, RBP=0x000000003f080000, RSI=0x0000000000000000, RDI=0x0000000000000000
R8 =0x00007fd5008c01e0, R9 =0x0000000123440000, R10=0x247c8b489f75caff, R11=0x0000000000000000
R12=0x0000000000000000, R13=0x0000000000000066, R14=0x0000000000000000, R15=0x00007fd5005ac810
RIP=0x0000000040651ee3, EFLAGS=0x0000000000010246, CSGSFS=0x0000000000000033, ERR=0x0000000000000004
  TRAPNO=0x000000000000000e

Top of Stack: (sp=0x00007fd509da6fb8)
0x00007fd509da6fb8:   00007fd4c6681fc4 0000000400000000
0x00007fd509da6fc8:   00007fd500930238 00007fd50000a800
0x00007fd509da6fd8:   00007fd4c668296e 00007fd4c46fd534
0x00007fd509da6fe8:   00000000410ea000 000000004112e100
0x00007fd509da6ff8:   0000000000000004 0000000000000000
0x00007fd509da7008:   00007fd509da7120 00007fd50000a800
0x00007fd509da7018:   00007fd4c6290798 00007fd509da7100
0x00007fd509da7028:   000000662425aa00 00000006fc66d810
0x00007fd509da7038:   0000000000000000 00000006fc66d810
0x00007fd509da7048:   00000006fc66d810 00007fd509da70e0
0x00007fd509da7058:   0000000000000000 00000006fc66d810
0x00007fd509da7068:   00007fd4fd012758 00007fd50000b738
0x00007fd509da7078:   00007fd50000b738 00007fd50000b718
0x00007fd509da7088:   00007fd50000b718 00007fd5fffffffe
0x00007fd509da7098:   0000000000000000 00007fd509da70a0
0x00007fd509da70a8:   00000006fc66d810 00007fd509da7120
0x00007fd509da70b8:   00000006fc689a80 0000000000000000
0x00007fd509da70c8:   00000006fc66d810 0000000000000000
0x00007fd509da70d8:   00007fd509da7100 00007fd509da7168
0x00007fd509da70e8:   00007fd4fd006058 00000007ad55c0a8
0x00007fd509da70f8:   00007fd4fd00ecd8 00007fd4c7b9e780
0x00007fd509da7108:   00007fd509da7168 0000000000000066
0x00007fd509da7118:   0000000000000000 0000000000000004
0x00007fd509da7128:   00007fd509da7128 00000006fc66d704
0x00007fd509da7138:   00007fd509da71a0 00000006fc689a80
0x00007fd509da7148:   0000000000000000 00000006fc66d750
0x00007fd509da7158:   00007fd509da7100 00007fd509da7190
0x00007fd509da7168:   00007fd509da71e8 00007fd4fd006058
0x00007fd509da7178:   00007fd4c7b9e780 0000000000000000
0x00007fd509da7188:   00000007ad509f28 0000000000000066
0x00007fd509da7198:   0000000000000000 0000000000000004
0x00007fd509da71a8:   00007fd509da71a8 00000006fc6cdc7b 

Instructions: (pc=0x0000000040651ee3)
0x0000000040651ec3:   68 04 48 be 78 ad 13 41 00 00 00 00 48 8b 36 48
0x0000000040651ed3:   8b b6 38 03 00 00 48 8b f9 48 c1 e7 04 48 03 f7
0x0000000040651ee3:   8b 3e 8b 6e 04 89 78 08 89 68 0c 8b 7e 08 8b 6e
0x0000000040651ef3:   0c 89 78 10 89 68 14 48 83 c0 18 ff c1 ff ca 75 

Register to memory mapping:

RAX=0x00007fd4c46fd534 is an unknown value
RBX=0x00000000410ea000 is an unknown value
RCX=0x0000000000000000 is an unknown value
RDX=0x0000000000000066 is an unknown value
RSP=0x00007fd509da6fb8 is pointing into the stack for thread: 0x00007fd50000a800
RBP=0x000000003f080000 is an unknown value
RSI=0x0000000000000000 is an unknown value
RDI=0x0000000000000000 is an unknown value
R8 =0x00007fd5008c01e0 is an unknown value
R9 =0x0000000123440000 is an unknown value
R10=0x247c8b489f75caff is an unknown value
R11=0x0000000000000000 is an unknown value
R12=0x0000000000000000 is an unknown value
R13=0x0000000000000066 is an unknown value
R14=0x0000000000000000 is an unknown value
R15=0x00007fd5005ac810 is an unknown value


Stack: [0x00007fd509ca8000,0x00007fd509da9000],  sp=0x00007fd509da6fb8,  free space=1019k
Native frames: (J=compiled Java code, j=interpreted, Vv=VM code, C=native code)
C  0x0000000040651ee3

[error occurred during error reporting (printing native stack), id 0xb]

Java frames: (J=compiled Java code, j=interpreted, Vv=VM code)
j  org.lwjgl.opengl.GL11.nglDrawArrays(IIIJ)V+0
j  org.lwjgl.opengl.GL11.glDrawArrays(III)V+20
j  fontRendering.FontRenderer.renderText(LfontMeshCreator/GUIText;)V+43
j  fontRendering.FontRenderer.render(Ljava/util/Map;)V+92
j  fontRendering.TextMaster.render()V+6
j  engine.GameLoop.main([Ljava/lang/String;)V+140
v  ~StubRoutines::call_stub
j  sun.reflect.NativeMethodAccessorImpl.invoke0(Ljava/lang/reflect/Method;Ljava/lang/Object;[Ljava/lang/Object;)Ljava/lang/Object;+0
j  sun.reflect.NativeMethodAccessorImpl.invoke(Ljava/lang/Object;[Ljava/lang/Object;)Ljava/lang/Object;+87
j  sun.reflect.DelegatingMethodAccessorImpl.invoke(Ljava/lang/Object;[Ljava/lang/Object;)Ljava/lang/Object;+6
j  java.lang.reflect.Method.invoke(Ljava/lang/Object;[Ljava/lang/Object;)Ljava/lang/Object;+57
j  com.intellij.rt.execution.application.AppMain.main([Ljava/lang/String;)V+170
v  ~StubRoutines::call_stub

---------------  P R O C E S S  ---------------

Java Threads: ( => current thread )
  0x00007fd50025f800 JavaThread "process reaper" daemon [_thread_blocked, id=14846, stack(0x00007fd4ec076000,0x00007fd4ec0af000)]
  0x00007fd500255800 JavaThread "AWT-XAWT" daemon [_thread_in_native, id=14844, stack(0x00007fd4e4907000,0x00007fd4e4a08000)]
  0x00007fd500237800 JavaThread "Java2D Disposer" daemon [_thread_blocked, id=14843, stack(0x00007fd4ec0af000,0x00007fd4ec1b0000)]
  0x00007fd5001a2000 JavaThread "Monitor Ctrl-Break" daemon [_thread_in_native, id=14842, stack(0x00007fd4eedef000,0x00007fd4eeef0000)]
  0x00007fd5000ba000 JavaThread "Service Thread" daemon [_thread_blocked, id=14840, stack(0x00007fd4ef264000,0x00007fd4ef365000)]
  0x00007fd5000b7800 JavaThread "C2 CompilerThread1" daemon [_thread_in_native, id=14839, stack(0x00007fd4ef365000,0x00007fd4ef466000)]
  0x00007fd5000b4800 JavaThread "C2 CompilerThread0" daemon [_thread_blocked, id=14838, stack(0x00007fd4ef466000,0x00007fd4ef567000)]
  0x00007fd5000b2800 JavaThread "Signal Dispatcher" daemon [_thread_blocked, id=14837, stack(0x00007fd4ef567000,0x00007fd4ef668000)]
  0x00007fd500085000 JavaThread "Finalizer" daemon [_thread_blocked, id=14827, stack(0x00007fd4ef7f8000,0x00007fd4ef8f9000)]
  0x00007fd500083000 JavaThread "Reference Handler" daemon [_thread_blocked, id=14826, stack(0x00007fd4ef8f9000,0x00007fd4ef9fa000)]
=>0x00007fd50000a800 JavaThread "main" [_thread_in_native, id=14805, stack(0x00007fd509ca8000,0x00007fd509da9000)]

Other Threads:
  0x00007fd50007f000 VMThread [stack: 0x00007fd4ef9fa000,0x00007fd4efafb000] [id=14824]
  0x00007fd5000c4800 WatcherThread [stack: 0x00007fd4ef163000,0x00007fd4ef264000] [id=14841]

VM state:not at safepoint (normal execution)

VM Mutex/Monitor currently owned by a thread: None

Heap
 PSYoungGen      total 75264K, used 13094K [0x00000007acc80000, 0x00000007b2000000, 0x0000000800000000)
  eden space 65024K, 20% used [0x00000007acc80000,0x00000007ad9498c8,0x00000007b0c00000)
  from space 10240K, 0% used [0x00000007b1600000,0x00000007b1600000,0x00000007b2000000)
  to   space 10240K, 0% used [0x00000007b0c00000,0x00000007b0c00000,0x00000007b1600000)
 ParOldGen       total 169984K, used 0K [0x0000000706600000, 0x0000000710c00000, 0x00000007acc80000)
  object space 169984K, 0% used [0x0000000706600000,0x0000000706600000,0x0000000710c00000)
 PSPermGen       total 21504K, used 7826K [0x00000006fc000000, 0x00000006fd500000, 0x0000000706600000)
  object space 21504K, 36% used [0x00000006fc000000,0x00000006fc7a48f8,0x00000006fd500000)

Card table byte_map: [0x00007fd50604f000,0x00007fd506870000] byte_map_base: 0x00007fd50286f000

Polling page: 0x00007fd509ca7000

Code Cache  [0x00007fd4fd000000, 0x00007fd4fd270000, 0x00007fd500000000)
 total_blobs=478 nmethods=32 adapters=401 free_code_cache=48582Kb largest_free_block=49731264

Compilation events (10 events):
Event: 0.886 Thread 0x00007fd5000b4800   29             java.lang.Math::min (11 bytes)
Event: 0.886 Thread 0x00007fd5000b4800 nmethod 29 0x00007fd4fd085590 code [0x00007fd4fd0856c0, 0x00007fd4fd0856f8]
Event: 0.889 Thread 0x00007fd5000b4800   30             java.lang.String::replace (127 bytes)
Event: 0.894 Thread 0x00007fd5000b7800 nmethod 28 0x00007fd4fd085a50 code [0x00007fd4fd085c00, 0x00007fd4fd0863e8]
Event: 0.897 Thread 0x00007fd5000b4800 nmethod 30 0x00007fd4fd08b290 code [0x00007fd4fd08b3e0, 0x00007fd4fd08b878]
Event: 0.961 Thread 0x00007fd5000b7800   31   !         java.io.BufferedReader::readLine (304 bytes)
Event: 0.972 Thread 0x00007fd5000b4800   32             sun.nio.cs.UTF_8$Decoder::decodeArrayLoop (543 bytes)
Event: 0.980 Thread 0x00007fd5000b7800 nmethod 31 0x00007fd4fd08f650 code [0x00007fd4fd08f820, 0x00007fd4fd090830]
Event: 0.991 Thread 0x00007fd5000b4800 nmethod 32 0x00007fd4fd090f50 code [0x00007fd4fd0911c0, 0x00007fd4fd091d58]
Event: 1.001 Thread 0x00007fd5000b7800   33             java.lang.String::indexOf (166 bytes)

GC Heap History (0 events):
No events

Deoptimization events (3 events):
Event: 0.074 Thread 0x00007fd50000a800 Uncommon trap: reason=unstable_if action=reinterpret pc=0x00007fd4fd060710 method=java.lang.String.indexOf(II)I @ 49
Event: 0.131 Thread 0x00007fd50000a800 Uncommon trap: reason=unstable_if action=reinterpret pc=0x00007fd4fd064a70 method=java.lang.String.indexOf([CII[CIII)I @ 123
Event: 0.902 Thread 0x00007fd50000a800 Uncommon trap: reason=unstable_if action=reinterpret pc=0x00007fd4fd074428 method=java.lang.String.indexOf([CII[CIII)I @ 3

Internal exceptions (10 events):
Event: 0.994 Thread 0x00007fd50000a800 Threw 0x00000007ad8c1998 at /home/jmm/jdk2/openjdk-7-7u85-2.6.1/build/openjdk/hotspot/src/share/vm/prims/jvm.cpp:1322
Event: 0.995 Thread 0x00007fd50000a800 Threw 0x00000007ad8c6318 at /home/jmm/jdk2/openjdk-7-7u85-2.6.1/build/openjdk/hotspot/src/share/vm/prims/jvm.cpp:1322
Event: 0.996 Thread 0x00007fd50000a800 Threw 0x00000007ad8ce090 at /home/jmm/jdk2/openjdk-7-7u85-2.6.1/build/openjdk/hotspot/src/share/vm/prims/jvm.cpp:1322
Event: 0.996 Thread 0x00007fd50000a800 Threw 0x00000007ad8d2ac0 at /home/jmm/jdk2/openjdk-7-7u85-2.6.1/build/openjdk/hotspot/src/share/vm/prims/jvm.cpp:1322
Event: 0.997 Thread 0x00007fd50000a800 Threw 0x00000007ad8d7228 at /home/jmm/jdk2/openjdk-7-7u85-2.6.1/build/openjdk/hotspot/src/share/vm/prims/jvm.cpp:1322
Event: 0.998 Thread 0x00007fd50000a800 Threw 0x00000007ad8daaa0 at /home/jmm/jdk2/openjdk-7-7u85-2.6.1/build/openjdk/hotspot/src/share/vm/prims/jvm.cpp:1322
Event: 1.000 Thread 0x00007fd50000a800 Threw 0x00000007ad8e1930 at /home/jmm/jdk2/openjdk-7-7u85-2.6.1/build/openjdk/hotspot/src/share/vm/prims/jvm.cpp:1322
Event: 1.001 Thread 0x00007fd50000a800 Threw 0x00000007ad8e5970 at /home/jmm/jdk2/openjdk-7-7u85-2.6.1/build/openjdk/hotspot/src/share/vm/prims/jvm.cpp:1322
Event: 1.002 Thread 0x00007fd50000a800 Threw 0x00000007ad8e9118 at /home/jmm/jdk2/openjdk-7-7u85-2.6.1/build/openjdk/hotspot/src/share/vm/prims/jvm.cpp:1322
Event: 1.003 Thread 0x00007fd50000a800 Threw 0x00000007ad8ec9f8 at /home/jmm/jdk2/openjdk-7-7u85-2.6.1/build/openjdk/hotspot/src/share/vm/prims/jvm.cpp:1322

Events (10 events):
Event: 0.998 loading class 0x00007fd5008b1eb0
Event: 0.998 loading class 0x00007fd5008b1eb0 done
Event: 1.000 loading class 0x00007fd50098c720
Event: 1.000 loading class 0x00007fd50098c720 done
Event: 1.001 loading class 0x00007fd50019cd80
Event: 1.001 loading class 0x00007fd50019cd80 done
Event: 1.002 loading class 0x00007fd50019cdb0
Event: 1.002 loading class 0x00007fd50019cdb0 done
Event: 1.003 loading class 0x00007fd5009872c0
Event: 1.003 loading class 0x00007fd5009872c0 done


Dynamic libraries:
00400000-00401000 r-xp 00000000 08:01 2101986                            /usr/lib/jvm/java-7-openjdk-amd64/jre/bin/java
00600000-00601000 r--p 00000000 08:01 2101986                            /usr/lib/jvm/java-7-openjdk-amd64/jre/bin/java
00601000-00602000 rw-p 00001000 08:01 2101986                            /usr/lib/jvm/java-7-openjdk-amd64/jre/bin/java
00da7000-00dc8000 rw-p 00000000 00:00 0                                  [heap]
40650000-40652000 r-xs 00000000 08:12 34                                 /tmp/.gly8AqIG (deleted)
410ea000-41189000 rw-p 00000000 00:00 0 
6fc000000-6fd500000 rw-p 00000000 00:00 0 
6fd500000-706600000 rw-p 00000000 00:00 0 
706600000-710c00000 rw-p 00000000 00:00 0 
710c00000-7acc80000 rw-p 00000000 00:00 0 
7acc80000-7b2000000 rw-p 00000000 00:00 0 
7b2000000-800000000 rw-p 00000000 00:00 0 
7fd498000000-7fd498021000 rw-p 00000000 00:00 0 
7fd498021000-7fd49c000000 ---p 00000000 00:00 0 
7fd49c000000-7fd49c021000 rw-p 00000000 00:00 0 
7fd49c021000-7fd4a0000000 ---p 00000000 00:00 0 
7fd4a0000000-7fd4a0021000 rw-p 00000000 00:00 0 
7fd4a0021000-7fd4a4000000 ---p 00000000 00:00 0 
7fd4a4000000-7fd4a4021000 rw-p 00000000 00:00 0 
7fd4a4021000-7fd4a8000000 ---p 00000000 00:00 0 
7fd4a8000000-7fd4a8021000 rw-p 00000000 00:00 0 
7fd4a8021000-7fd4ac000000 ---p 00000000 00:00 0 
7fd4ac000000-7fd4ac021000 rw-p 00000000 00:00 0 
7fd4ac021000-7fd4b0000000 ---p 00000000 00:00 0 
7fd4b0000000-7fd4b01e1000 rw-p 00000000 00:00 0 
7fd4b01e1000-7fd4b4000000 ---p 00000000 00:00 0 
7fd4b4000000-7fd4b4197000 rw-p 00000000 00:00 0 
7fd4b4197000-7fd4b8000000 ---p 00000000 00:00 0 
7fd4b8000000-7fd4b8021000 rw-p 00000000 00:00 0 
7fd4b8021000-7fd4bc000000 ---p 00000000 00:00 0 
7fd4bc000000-7fd4bc021000 rw-p 00000000 00:00 0 
7fd4bc021000-7fd4c0000000 ---p 00000000 00:00 0 
7fd4c0000000-7fd4c0021000 rw-p 00000000 00:00 0 
7fd4c0021000-7fd4c4000000 ---p 00000000 00:00 0 
7fd4c46a3000-7fd4c48a3000 rw-s 35b92b000 00:05 17965                     /dev/nvidiactl
7fd4c48a8000-7fd4c48b9000 r-xp 00000000 08:01 2101924                    /usr/lib/jvm/java-7-openjdk-amd64/jre/lib/amd64/libnio.so
7fd4c48b9000-7fd4c4ab8000 ---p 00011000 08:01 2101924                    /usr/lib/jvm/java-7-openjdk-amd64/jre/lib/amd64/libnio.so
7fd4c4ab8000-7fd4c4ab9000 r--p 00010000 08:01 2101924                    /usr/lib/jvm/java-7-openjdk-amd64/jre/lib/amd64/libnio.so
7fd4c4ab9000-7fd4c4aba000 rw-p 00011000 08:01 2101924                    /usr/lib/jvm/java-7-openjdk-amd64/jre/lib/amd64/libnio.so
7fd4c4abc000-7fd4c4b3c000 rw-s 2fd3dc000 00:05 17965                     /dev/nvidiactl
7fd4c4b40000-7fd4c4b42000 rw-s 00000000 08:12 34                         /tmp/.gly8AqIG (deleted)
7fd4c4b49000-7fd4c4bc9000 rw-s 33b1c9000 00:05 17965                     /dev/nvidiactl
7fd4c4bca000-7fd4c4c4a000 rw-s 7d98a000 00:05 17965                      /dev/nvidiactl
7fd4c4c4b000-7fd4c4d4b000 rw-s a0f53000 00:05 17965                      /dev/nvidiactl
7fd4c4d50000-7fd4c4d70000 rw-s c0260000 00:05 19540                      /dev/nvidia0
7fd4c4d76000-7fd4c4e2a000 rw-s 42b5be000 00:05 17965                     /dev/nvidiactl
7fd4c4e30000-7fd4c682d000 r-xp 00000000 08:01 1339821                    /usr/lib/x86_64-linux-gnu/libnvidia-glcore.so.352.55
7fd4c682d000-7fd4c684d000 rwxp 019fd000 08:01 1339821                    /usr/lib/x86_64-linux-gnu/libnvidia-glcore.so.352.55
7fd4c684d000-7fd4c6b14000 r-xp 01a1d000 08:01 1339821                    /usr/lib/x86_64-linux-gnu/libnvidia-glcore.so.352.55
7fd4c6b14000-7fd4c6d13000 ---p 01ce4000 08:01 1339821                    /usr/lib/x86_64-linux-gnu/libnvidia-glcore.so.352.55
7fd4c6d13000-7fd4c78af000 rw-p 01ce3000 08:01 1339821                    /usr/lib/x86_64-linux-gnu/libnvidia-glcore.so.352.55
7fd4c78af000-7fd4c78c3000 rw-p 00000000 00:00 0 
7fd4c78c8000-7fd4c78cb000 r-xp 00000000 08:01 1339825                    /usr/lib/x86_64-linux-gnu/tls/libnvidia-tls.so.352.55
7fd4c78cb000-7fd4c7aca000 ---p 00003000 08:01 1339825                    /usr/lib/x86_64-linux-gnu/tls/libnvidia-tls.so.352.55
7fd4c7aca000-7fd4c7acb000 rw-p 00002000 08:01 1339825                    /usr/lib/x86_64-linux-gnu/tls/libnvidia-tls.so.352.55
7fd4c7ad0000-7fd4c7b8e000 r-xp 00000000 08:01 1339822                    /usr/lib/x86_64-linux-gnu/libGL.so.352.55
7fd4c7b8e000-7fd4c7bc1000 rwxp 000be000 08:01 1339822                    /usr/lib/x86_64-linux-gnu/libGL.so.352.55
7fd4c7bc1000-7fd4c7bd3000 r-xp 000f1000 08:01 1339822                    /usr/lib/x86_64-linux-gnu/libGL.so.352.55
7fd4c7bd3000-7fd4c7dd2000 ---p 00103000 08:01 1339822                    /usr/lib/x86_64-linux-gnu/libGL.so.352.55
7fd4c7dd2000-7fd4c7dfa000 rw-p 00102000 08:01 1339822                    /usr/lib/x86_64-linux-gnu/libGL.so.352.55
7fd4c7dfa000-7fd4d0000000 rw-p 00000000 00:00 0 
7fd4d0000000-7fd4d0021000 rw-p 00000000 00:00 0 
7fd4d0021000-7fd4d4000000 ---p 00000000 00:00 0 
7fd4d4000000-7fd4d4021000 rw-p 00000000 00:00 0 
7fd4d4021000-7fd4d8000000 ---p 00000000 00:00 0 
7fd4d8000000-7fd4d8021000 rw-p 00000000 00:00 0 
7fd4d8021000-7fd4dc000000 ---p 00000000 00:00 0 
7fd4dc000000-7fd4dc021000 rw-p 00000000 00:00 0 
7fd4dc021000-7fd4e0000000 ---p 00000000 00:00 0 
7fd4e0000000-7fd4e0021000 rw-p 00000000 00:00 0 
7fd4e0021000-7fd4e4000000 ---p 00000000 00:00 0 
7fd4e4003000-7fd4e4016000 rw-s a0dbb000 00:05 17965                      /dev/nvidiactl
7fd4e401b000-7fd4e401c000 rw-s b8d6b000 00:05 17965                      /dev/nvidiactl
7fd4e4021000-7fd4e4025000 rw-s 7da91000 00:05 17965                      /dev/nvidiactl
7fd4e402c000-7fd4e402d000 rw-s cfd64000 00:05 19540                      /dev/nvidia0
7fd4e402d000-7fd4e406d000 rw-s 33b27d000 00:05 17965                     /dev/nvidiactl
7fd4e4070000-7fd4e4075000 r-xp 00000000 08:01 1317786                    /usr/lib/x86_64-linux-gnu/libXxf86vm.so.1.0.0
7fd4e4075000-7fd4e4274000 ---p 00005000 08:01 1317786                    /usr/lib/x86_64-linux-gnu/libXxf86vm.so.1.0.0
7fd4e4274000-7fd4e4275000 r--p 00004000 08:01 1317786                    /usr/lib/x86_64-linux-gnu/libXxf86vm.so.1.0.0
7fd4e4275000-7fd4e4276000 rw-p 00005000 08:01 1317786                    /usr/lib/x86_64-linux-gnu/libXxf86vm.so.1.0.0
7fd4e4278000-7fd4e4281000 r-xp 00000000 08:01 1317776                    /usr/lib/x86_64-linux-gnu/libXrandr.so.2.2.0
7fd4e4281000-7fd4e4480000 ---p 00009000 08:01 1317776                    /usr/lib/x86_64-linux-gnu/libXrandr.so.2.2.0
7fd4e4480000-7fd4e4481000 r--p 00008000 08:01 1317776                    /usr/lib/x86_64-linux-gnu/libXrandr.so.2.2.0
7fd4e4481000-7fd4e4482000 rw-p 00009000 08:01 1317776                    /usr/lib/x86_64-linux-gnu/libXrandr.so.2.2.0
7fd4e4488000-7fd4e44f8000 r-xp 00000000 08:13 9045172                    /home/mart/IdeaProjects/Multiplayer World 2/libs/liblwjgl64.so
7fd4e44f8000-7fd4e46f8000 ---p 00070000 08:13 9045172                    /home/mart/IdeaProjects/Multiplayer World 2/libs/liblwjgl64.so
7fd4e46f8000-7fd4e46fa000 r--p 00070000 08:13 9045172                    /home/mart/IdeaProjects/Multiplayer World 2/libs/liblwjgl64.so
7fd4e46fa000-7fd4e46fb000 rw-p 00072000 08:13 9045172                    /home/mart/IdeaProjects/Multiplayer World 2/libs/liblwjgl64.so
7fd4e4700000-7fd4e4701000 r-xp 00000000 08:01 2101945                    /usr/lib/jvm/java-7-openjdk-amd64/jre/lib/amd64/libjawt.so
7fd4e4701000-7fd4e4900000 ---p 00001000 08:01 2101945                    /usr/lib/jvm/java-7-openjdk-amd64/jre/lib/amd64/libjawt.so
7fd4e4900000-7fd4e4901000 r--p 00000000 08:01 2101945                    /usr/lib/jvm/java-7-openjdk-amd64/jre/lib/amd64/libjawt.so
7fd4e4901000-7fd4e4902000 rw-p 00001000 08:01 2101945                    /usr/lib/jvm/java-7-openjdk-amd64/jre/lib/amd64/libjawt.so
7fd4e4907000-7fd4e490a000 ---p 00000000 00:00 0 
7fd4e490a000-7fd4e4a08000 rw-p 00000000 00:00 0                          [stack:14844]
7fd4e4a08000-7fd4e4a0d000 r-xp 00000000 08:01 1318319                    /usr/lib/x86_64-linux-gnu/libXfixes.so.3.1.0
7fd4e4a0d000-7fd4e4c0c000 ---p 00005000 08:01 1318319                    /usr/lib/x86_64-linux-gnu/libXfixes.so.3.1.0
7fd4e4c0c000-7fd4e4c0d000 r--p 00004000 08:01 1318319                    /usr/lib/x86_64-linux-gnu/libXfixes.so.3.1.0
7fd4e4c0d000-7fd4e4c0e000 rw-p 00005000 08:01 1318319                    /usr/lib/x86_64-linux-gnu/libXfixes.so.3.1.0
7fd4e4c10000-7fd4e4c1a000 r-xp 00000000 08:01 1318351                    /usr/lib/x86_64-linux-gnu/libXcursor.so.1.0.2
7fd4e4c1a000-7fd4e4e19000 ---p 0000a000 08:01 1318351                    /usr/lib/x86_64-linux-gnu/libXcursor.so.1.0.2
7fd4e4e19000-7fd4e4e1a000 r--p 00009000 08:01 1318351                    /usr/lib/x86_64-linux-gnu/libXcursor.so.1.0.2
7fd4e4e1a000-7fd4e4e1b000 rw-p 0000a000 08:01 1318351                    /usr/lib/x86_64-linux-gnu/libXcursor.so.1.0.2
7fd4e4e20000-7fd4e4e67000 r-xp 00000000 08:01 6423007                    /lib/x86_64-linux-gnu/libdbus-1.so.3.8.13
7fd4e4e67000-7fd4e5066000 ---p 00047000 08:01 6423007                    /lib/x86_64-linux-gnu/libdbus-1.so.3.8.13
7fd4e5066000-7fd4e5067000 r--p 00046000 08:01 6423007                    /lib/x86_64-linux-gnu/libdbus-1.so.3.8.13
7fd4e5067000-7fd4e5068000 rw-p 00047000 08:01 6423007                    /lib/x86_64-linux-gnu/libdbus-1.so.3.8.13
7fd4e5068000-7fd4e50e9000 r-xp 00000000 08:01 1315106                    /usr/lib/x86_64-linux-gnu/libgmp.so.10.2.0
7fd4e50e9000-7fd4e52e9000 ---p 00081000 08:01 1315106                    /usr/lib/x86_64-linux-gnu/libgmp.so.10.2.0
7fd4e52e9000-7fd4e52ea000 r--p 00081000 08:01 1315106                    /usr/lib/x86_64-linux-gnu/libgmp.so.10.2.0
7fd4e52ea000-7fd4e52eb000 rw-p 00082000 08:01 1315106                    /usr/lib/x86_64-linux-gnu/libgmp.so.10.2.0
7fd4e52f0000-7fd4e531e000 r-xp 00000000 08:01 1315110                    /usr/lib/x86_64-linux-gnu/libhogweed.so.2.5
7fd4e531e000-7fd4e551d000 ---p 0002e000 08:01 1315110                    /usr/lib/x86_64-linux-gnu/libhogweed.so.2.5
7fd4e551d000-7fd4e551e000 r--p 0002d000 08:01 1315110                    /usr/lib/x86_64-linux-gnu/libhogweed.so.2.5
7fd4e551e000-7fd4e551f000 rw-p 0002e000 08:01 1315110                    /usr/lib/x86_64-linux-gnu/libhogweed.so.2.5
7fd4e5520000-7fd4e5550000 r-xp 00000000 08:01 1315108                    /usr/lib/x86_64-linux-gnu/libnettle.so.4.7
7fd4e5550000-7fd4e5750000 ---p 00030000 08:01 1315108                    /usr/lib/x86_64-linux-gnu/libnettle.so.4.7
7fd4e5750000-7fd4e5751000 r--p 00030000 08:01 1315108                    /usr/lib/x86_64-linux-gnu/libnettle.so.4.7
7fd4e5751000-7fd4e5752000 rw-p 00031000 08:01 1315108                    /usr/lib/x86_64-linux-gnu/libnettle.so.4.7
7fd4e5758000-7fd4e5769000 r-xp 00000000 08:01 1315458                    /usr/lib/x86_64-linux-gnu/libtasn1.so.6.3.2
7fd4e5769000-7fd4e5969000 ---p 00011000 08:01 1315458                    /usr/lib/x86_64-linux-gnu/libtasn1.so.6.3.2
7fd4e5969000-7fd4e596b000 r--p 00011000 08:01 1315458                    /usr/lib/x86_64-linux-gnu/libtasn1.so.6.3.2
7fd4e596b000-7fd4e596c000 rw-p 00013000 08:01 1315458                    /usr/lib/x86_64-linux-gnu/libtasn1.so.6.3.2
7fd4e5970000-7fd4e59ac000 r-xp 00000000 08:01 1315113                    /usr/lib/x86_64-linux-gnu/libp11-kit.so.0.0.0
7fd4e59ac000-7fd4e5bab000 ---p 0003c000 08:01 1315113                    /usr/lib/x86_64-linux-gnu/libp11-kit.so.0.0.0
7fd4e5bab000-7fd4e5bb4000 r--p 0003b000 08:01 1315113                    /usr/lib/x86_64-linux-gnu/libp11-kit.so.0.0.0
7fd4e5bb4000-7fd4e5bb6000 rw-p 00044000 08:01 1315113                    /usr/lib/x86_64-linux-gnu/libp11-kit.so.0.0.0
7fd4e5bb8000-7fd4e5bbb000 r-xp 00000000 08:01 6422538                    /lib/x86_64-linux-gnu/libkeyutils.so.1.5
7fd4e5bbb000-7fd4e5dba000 ---p 00003000 08:01 6422538                    /lib/x86_64-linux-gnu/libkeyutils.so.1.5
7fd4e5dba000-7fd4e5dbb000 r--p 00002000 08:01 6422538                    /lib/x86_64-linux-gnu/libkeyutils.so.1.5
7fd4e5dbb000-7fd4e5dbc000 rw-p 00003000 08:01 6422538                    /lib/x86_64-linux-gnu/libkeyutils.so.1.5
7fd4e5dc0000-7fd4e5dcb000 r-xp 00000000 08:01 1317160                    /usr/lib/x86_64-linux-gnu/libkrb5support.so.0.1
7fd4e5dcb000-7fd4e5fca000 ---p 0000b000 08:01 1317160                    /usr/lib/x86_64-linux-gnu/libkrb5support.so.0.1
7fd4e5fca000-7fd4e5fcb000 r--p 0000a000 08:01 1317160                    /usr/lib/x86_64-linux-gnu/libkrb5support.so.0.1
7fd4e5fcb000-7fd4e5fcc000 rw-p 0000b000 08:01 1317160                    /usr/lib/x86_64-linux-gnu/libkrb5support.so.0.1
7fd4e5fd0000-7fd4e5fd3000 r-xp 00000000 08:01 6422616                    /lib/x86_64-linux-gnu/libcom_err.so.2.1
7fd4e5fd3000-7fd4e61d2000 ---p 00003000 08:01 6422616                    /lib/x86_64-linux-gnu/libcom_err.so.2.1
7fd4e61d2000-7fd4e61d3000 r--p 00002000 08:01 6422616                    /lib/x86_64-linux-gnu/libcom_err.so.2.1
7fd4e61d3000-7fd4e61d4000 rw-p 00003000 08:01 6422616                    /lib/x86_64-linux-gnu/libcom_err.so.2.1
7fd4e61d8000-7fd4e6206000 r-xp 00000000 08:01 1317162                    /usr/lib/x86_64-linux-gnu/libk5crypto.so.3.1
7fd4e6206000-7fd4e6405000 ---p 0002e000 08:01 1317162                    /usr/lib/x86_64-linux-gnu/libk5crypto.so.3.1
7fd4e6405000-7fd4e6407000 r--p 0002d000 08:01 1317162                    /usr/lib/x86_64-linux-gnu/libk5crypto.so.3.1
7fd4e6407000-7fd4e6408000 rw-p 0002f000 08:01 1317162                    /usr/lib/x86_64-linux-gnu/libk5crypto.so.3.1
7fd4e6408000-7fd4e6409000 rw-p 00000000 00:00 0 
7fd4e6410000-7fd4e64d4000 r-xp 00000000 08:01 1317164                    /usr/lib/x86_64-linux-gnu/libkrb5.so.3.3
7fd4e64d4000-7fd4e66d4000 ---p 000c4000 08:01 1317164                    /usr/lib/x86_64-linux-gnu/libkrb5.so.3.3
7fd4e66d4000-7fd4e66e1000 r--p 000c4000 08:01 1317164                    /usr/lib/x86_64-linux-gnu/libkrb5.so.3.3
7fd4e66e1000-7fd4e66e4000 rw-p 000d1000 08:01 1317164                    /usr/lib/x86_64-linux-gnu/libkrb5.so.3.3
7fd4e66e8000-7fd4e66ed000 r-xp 00000000 08:01 1317761                    /usr/lib/x86_64-linux-gnu/libXdmcp.so.6.0.0
7fd4e66ed000-7fd4e68ec000 ---p 00005000 08:01 1317761                    /usr/lib/x86_64-linux-gnu/libXdmcp.so.6.0.0
7fd4e68ec000-7fd4e68ed000 rw-p 00004000 08:01 1317761                    /usr/lib/x86_64-linux-gnu/libXdmcp.so.6.0.0
7fd4e68f0000-7fd4e68f3000 r-xp 00000000 08:01 1317759                    /usr/lib/x86_64-linux-gnu/libXau.so.6.0.0
7fd4e68f3000-7fd4e6af2000 ---p 00003000 08:01 1317759                    /usr/lib/x86_64-linux-gnu/libXau.so.6.0.0
7fd4e6af2000-7fd4e6af3000 r--p 00002000 08:01 1317759                    /usr/lib/x86_64-linux-gnu/libXau.so.6.0.0
7fd4e6af3000-7fd4e6af4000 rw-p 00003000 08:01 1317759                    /usr/lib/x86_64-linux-gnu/libXau.so.6.0.0
7fd4e6af8000-7fd4e6b1e000 r-xp 00000000 08:01 6423568                    /lib/x86_64-linux-gnu/libpng12.so.0.50.0
7fd4e6b1e000-7fd4e6d1d000 ---p 00026000 08:01 6423568                    /lib/x86_64-linux-gnu/libpng12.so.0.50.0
7fd4e6d1d000-7fd4e6d1e000 r--p 00025000 08:01 6423568                    /lib/x86_64-linux-gnu/libpng12.so.0.50.0
7fd4e6d1e000-7fd4e6d1f000 rw-p 00026000 08:01 6423568                    /lib/x86_64-linux-gnu/libpng12.so.0.50.0
7fd4e6d20000-7fd4e6d46000 r-xp 00000000 08:01 6422533                    /lib/x86_64-linux-gnu/libexpat.so.1.6.0
7fd4e6d46000-7fd4e6f45000 ---p 00026000 08:01 6422533                    /lib/x86_64-linux-gnu/libexpat.so.1.6.0
7fd4e6f45000-7fd4e6f48000 r--p 00025000 08:01 6422533                    /lib/x86_64-linux-gnu/libexpat.so.1.6.0
7fd4e6f48000-7fd4e6f49000 rw-p 00028000 08:01 6422533                    /lib/x86_64-linux-gnu/libexpat.so.1.6.0
7fd4e6f50000-7fd4e6f60000 r-xp 00000000 08:01 1317911                    /usr/lib/x86_64-linux-gnu/libavahi-client.so.3.2.9
7fd4e6f60000-7fd4e715f000 ---p 00010000 08:01 1317911                    /usr/lib/x86_64-linux-gnu/libavahi-client.so.3.2.9
7fd4e715f000-7fd4e7160000 r--p 0000f000 08:01 1317911                    /usr/lib/x86_64-linux-gnu/libavahi-client.so.3.2.9
7fd4e7160000-7fd4e7161000 rw-p 00010000 08:01 1317911                    /usr/lib/x86_64-linux-gnu/libavahi-client.so.3.2.9
7fd4e7168000-7fd4e7174000 r-xp 00000000 08:01 1317908                    /usr/lib/x86_64-linux-gnu/libavahi-common.so.3.5.3
7fd4e7174000-7fd4e7373000 ---p 0000c000 08:01 1317908                    /usr/lib/x86_64-linux-gnu/libavahi-common.so.3.5.3
7fd4e7373000-7fd4e7374000 r--p 0000b000 08:01 1317908                    /usr/lib/x86_64-linux-gnu/libavahi-common.so.3.5.3
7fd4e7374000-7fd4e7375000 rw-p 0000c000 08:01 1317908                    /usr/lib/x86_64-linux-gnu/libavahi-common.so.3.5.3
7fd4e7378000-7fd4e748b000 r-xp 00000000 08:01 1314044                    /usr/lib/x86_64-linux-gnu/libgnutls-deb0.so.28.41.0
7fd4e748b000-7fd4e768b000 ---p 00113000 08:01 1314044                    /usr/lib/x86_64-linux-gnu/libgnutls-deb0.so.28.41.0
7fd4e768b000-7fd4e7694000 r--p 00113000 08:01 1314044                    /usr/lib/x86_64-linux-gnu/libgnutls-deb0.so.28.41.0
7fd4e7694000-7fd4e7696000 rw-p 0011c000 08:01 1314044                    /usr/lib/x86_64-linux-gnu/libgnutls-deb0.so.28.41.0
7fd4e7696000-7fd4e7697000 rw-p 00000000 00:00 0 
7fd4e7698000-7fd4e76de000 r-xp 00000000 08:01 1317167                    /usr/lib/x86_64-linux-gnu/libgssapi_krb5.so.2.2
7fd4e76de000-7fd4e78de000 ---p 00046000 08:01 1317167                    /usr/lib/x86_64-linux-gnu/libgssapi_krb5.so.2.2
7fd4e78de000-7fd4e78e0000 r--p 00046000 08:01 1317167                    /usr/lib/x86_64-linux-gnu/libgssapi_krb5.so.2.2
7fd4e78e0000-7fd4e78e2000 rw-p 00048000 08:01 1317167                    /usr/lib/x86_64-linux-gnu/libgssapi_krb5.so.2.2
7fd4e78e8000-7fd4e7909000 r-xp 00000000 08:01 1317763                    /usr/lib/x86_64-linux-gnu/libxcb.so.1.1.0
7fd4e7909000-7fd4e7b08000 ---p 00021000 08:01 1317763                    /usr/lib/x86_64-linux-gnu/libxcb.so.1.1.0
7fd4e7b08000-7fd4e7b09000 r--p 00020000 08:01 1317763                    /usr/lib/x86_64-linux-gnu/libxcb.so.1.1.0
7fd4e7b09000-7fd4e7b0a000 rw-p 00021000 08:01 1317763                    /usr/lib/x86_64-linux-gnu/libxcb.so.1.1.0
7fd4e7b10000-7fd4e7bb4000 r-xp 00000000 08:01 1318123                    /usr/lib/x86_64-linux-gnu/libfreetype.so.6.11.1
7fd4e7bb4000-7fd4e7db3000 ---p 000a4000 08:01 1318123                    /usr/lib/x86_64-linux-gnu/libfreetype.so.6.11.1
7fd4e7db3000-7fd4e7db9000 r--p 000a3000 08:01 1318123                    /usr/lib/x86_64-linux-gnu/libfreetype.so.6.11.1
7fd4e7db9000-7fd4e7dba000 rw-p 000a9000 08:01 1318123                    /usr/lib/x86_64-linux-gnu/libfreetype.so.6.11.1
7fd4e7dc0000-7fd4e7dfb000 r-xp 00000000 08:01 1318125                    /usr/lib/x86_64-linux-gnu/libfontconfig.so.1.8.0
7fd4e7dfb000-7fd4e7ffa000 ---p 0003b000 08:01 1318125                    /usr/lib/x86_64-linux-gnu/libfontconfig.so.1.8.0
7fd4e7ffa000-7fd4e7ffc000 r--p 0003a000 08:01 1318125                    /usr/lib/x86_64-linux-gnu/libfontconfig.so.1.8.0
7fd4e7ffc000-7fd4e7ffd000 rw-p 0003c000 08:01 1318125                    /usr/lib/x86_64-linux-gnu/libfontconfig.so.1.8.0
7fd4e8000000-7fd4e8021000 rw-p 00000000 00:00 0 
7fd4e8021000-7fd4ec000000 ---p 00000000 00:00 0 
7fd4ec007000-7fd4ec027000 rw-s 33b04f000 00:05 17965                     /dev/nvidiactl
7fd4ec02c000-7fd4ec02d000 rw-s cfd64000 00:05 19540                      /dev/nvidia0
7fd4ec031000-7fd4ec071000 rw-s 2fd3f9000 00:05 17965                     /dev/nvidiactl
7fd4ec076000-7fd4ec079000 ---p 00000000 00:00 0 
7fd4ec079000-7fd4ec0af000 rw-p 00000000 00:00 0                          [stack:14846]
7fd4ec0af000-7fd4ec0b2000 ---p 00000000 00:00 0 
7fd4ec0b2000-7fd4ec1b0000 rw-p 00000000 00:00 0                          [stack:14843]
7fd4ec1b0000-7fd4ec220000 r-xp 00000000 08:01 1317913                    /usr/lib/x86_64-linux-gnu/libcups.so.2
7fd4ec220000-7fd4ec41f000 ---p 00070000 08:01 1317913                    /usr/lib/x86_64-linux-gnu/libcups.so.2
7fd4ec41f000-7fd4ec427000 r--p 0006f000 08:01 1317913                    /usr/lib/x86_64-linux-gnu/libcups.so.2
7fd4ec427000-7fd4ec428000 rw-p 00077000 08:01 1317913                    /usr/lib/x86_64-linux-gnu/libcups.so.2
7fd4ec428000-7fd4ec437000 r-xp 00000000 08:01 1318353                    /usr/lib/x86_64-linux-gnu/libXi.so.6.1.0
7fd4ec437000-7fd4ec636000 ---p 0000f000 08:01 1318353                    /usr/lib/x86_64-linux-gnu/libXi.so.6.1.0
7fd4ec636000-7fd4ec637000 r--p 0000e000 08:01 1318353                    /usr/lib/x86_64-linux-gnu/libXi.so.6.1.0
7fd4ec637000-7fd4ec638000 rw-p 0000f000 08:01 1318353                    /usr/lib/x86_64-linux-gnu/libXi.so.6.1.0
7fd4ec638000-7fd4ec63d000 r-xp 00000000 08:01 1318983                    /usr/lib/x86_64-linux-gnu/libXtst.so.6.1.0
7fd4ec63d000-7fd4ec83c000 ---p 00005000 08:01 1318983                    /usr/lib/x86_64-linux-gnu/libXtst.so.6.1.0
7fd4ec83c000-7fd4ec83d000 r--p 00004000 08:01 1318983                    /usr/lib/x86_64-linux-gnu/libXtst.so.6.1.0
7fd4ec83d000-7fd4ec83e000 rw-p 00005000 08:01 1318983                    /usr/lib/x86_64-linux-gnu/libXtst.so.6.1.0
7fd4ec840000-7fd4ec849000 r-xp 00000000 08:01 1317774                    /usr/lib/x86_64-linux-gnu/libXrender.so.1.3.0
7fd4ec849000-7fd4eca48000 ---p 00009000 08:01 1317774                    /usr/lib/x86_64-linux-gnu/libXrender.so.1.3.0
7fd4eca48000-7fd4eca49000 r--p 00008000 08:01 1317774                    /usr/lib/x86_64-linux-gnu/libXrender.so.1.3.0
7fd4eca49000-7fd4eca4a000 rw-p 00009000 08:01 1317774                    /usr/lib/x86_64-linux-gnu/libXrender.so.1.3.0
7fd4eca50000-7fd4ecb8c000 r-xp 00000000 08:01 1317767                    /usr/lib/x86_64-linux-gnu/libX11.so.6.3.0
7fd4ecb8c000-7fd4ecd8b000 ---p 0013c000 08:01 1317767                    /usr/lib/x86_64-linux-gnu/libX11.so.6.3.0
7fd4ecd8b000-7fd4ecd8d000 r--p 0013b000 08:01 1317767                    /usr/lib/x86_64-linux-gnu/libX11.so.6.3.0
7fd4ecd8d000-7fd4ecd92000 rw-p 0013d000 08:01 1317767                    /usr/lib/x86_64-linux-gnu/libX11.so.6.3.0
7fd4ecd92000-7fd4ecd93000 rw-p 00000000 00:00 0 
7fd4ecd98000-7fd4ecda9000 r-xp 00000000 08:01 1317770                    /usr/lib/x86_64-linux-gnu/libXext.so.6.4.0
7fd4ecda9000-7fd4ecfa8000 ---p 00011000 08:01 1317770                    /usr/lib/x86_64-linux-gnu/libXext.so.6.4.0
7fd4ecfa8000-7fd4ecfa9000 r--p 00010000 08:01 1317770                    /usr/lib/x86_64-linux-gnu/libXext.so.6.4.0
7fd4ecfa9000-7fd4ecfaa000 rw-p 00011000 08:01 1317770                    /usr/lib/x86_64-linux-gnu/libXext.so.6.4.0
7fd4ecfab000-7fd4ecfcb000 rw-s 2fdd1b000 00:05 17965                     /dev/nvidiactl
7fd4ecfd2000-7fd4ecfd3000 rw-s fd642000 00:05 19540                      /dev/nvidia0
7fd4ecfd8000-7fd4ed021000 r-xp 00000000 08:01 2235730                    /usr/lib/jvm/java-7-openjdk-amd64/jre/lib/amd64/xawt/libmawt.so
7fd4ed021000-7fd4ed220000 ---p 00049000 08:01 2235730                    /usr/lib/jvm/java-7-openjdk-amd64/jre/lib/amd64/xawt/libmawt.so
7fd4ed220000-7fd4ed221000 r--p 00048000 08:01 2235730                    /usr/lib/jvm/java-7-openjdk-amd64/jre/lib/amd64/xawt/libmawt.so
7fd4ed221000-7fd4ed224000 rw-p 00049000 08:01 2235730                    /usr/lib/jvm/java-7-openjdk-amd64/jre/lib/amd64/xawt/libmawt.so
7fd4ed224000-7fd4ed225000 rw-p 00000000 00:00 0 
7fd4ed228000-7fd4ed2c9000 r-xp 00000000 08:01 2101931                    /usr/lib/jvm/java-7-openjdk-amd64/jre/lib/amd64/libawt.so
7fd4ed2c9000-7fd4ed4c8000 ---p 000a1000 08:01 2101931                    /usr/lib/jvm/java-7-openjdk-amd64/jre/lib/amd64/libawt.so
7fd4ed4c8000-7fd4ed4c9000 r--p 000a0000 08:01 2101931                    /usr/lib/jvm/java-7-openjdk-amd64/jre/lib/amd64/libawt.so
7fd4ed4c9000-7fd4ed4d4000 rw-p 000a1000 08:01 2101931                    /usr/lib/jvm/java-7-openjdk-amd64/jre/lib/amd64/libawt.so
7fd4ed4d4000-7fd4ed4f9000 rw-p 00000000 00:00 0 
7fd4ed4ff000-7fd4ed800000 rw-p 00000000 00:00 0 
7fd4ed800000-7fd4ed86c000 r-xp 00000000 08:01 6423678                    /lib/x86_64-linux-gnu/libpcre.so.3.13.1
7fd4ed86c000-7fd4eda6c000 ---p 0006c000 08:01 6423678                    /lib/x86_64-linux-gnu/libpcre.so.3.13.1
7fd4eda6c000-7fd4eda6d000 r--p 0006c000 08:01 6423678                    /lib/x86_64-linux-gnu/libpcre.so.3.13.1
7fd4eda6d000-7fd4eda6e000 rw-p 0006d000 08:01 6423678                    /lib/x86_64-linux-gnu/libpcre.so.3.13.1
7fd4eda70000-7fd4eda77000 r-xp 00000000 08:01 1315076                    /usr/lib/x86_64-linux-gnu/libffi.so.6.0.2
7fd4eda77000-7fd4edc76000 ---p 00007000 08:01 1315076                    /usr/lib/x86_64-linux-gnu/libffi.so.6.0.2
7fd4edc76000-7fd4edc77000 r--p 00006000 08:01 1315076                    /usr/lib/x86_64-linux-gnu/libffi.so.6.0.2
7fd4edc77000-7fd4edc78000 rw-p 00007000 08:01 1315076                    /usr/lib/x86_64-linux-gnu/libffi.so.6.0.2
7fd4edc78000-7fd4edc8c000 r-xp 00000000 08:01 6425568                    /lib/x86_64-linux-gnu/libresolv-2.19.so
7fd4edc8c000-7fd4ede8b000 ---p 00014000 08:01 6425568                    /lib/x86_64-linux-gnu/libresolv-2.19.so
7fd4ede8b000-7fd4ede8c000 r--p 00013000 08:01 6425568                    /lib/x86_64-linux-gnu/libresolv-2.19.so
7fd4ede8c000-7fd4ede8d000 rw-p 00014000 08:01 6425568                    /lib/x86_64-linux-gnu/libresolv-2.19.so
7fd4ede8d000-7fd4ede8f000 rw-p 00000000 00:00 0 
7fd4ede90000-7fd4edeb1000 r-xp 00000000 08:01 6422627                    /lib/x86_64-linux-gnu/libselinux.so.1
7fd4edeb1000-7fd4ee0b1000 ---p 00021000 08:01 6422627                    /lib/x86_64-linux-gnu/libselinux.so.1
7fd4ee0b1000-7fd4ee0b2000 r--p 00021000 08:01 6422627                    /lib/x86_64-linux-gnu/libselinux.so.1
7fd4ee0b2000-7fd4ee0b3000 rw-p 00022000 08:01 6422627                    /lib/x86_64-linux-gnu/libselinux.so.1
7fd4ee0b3000-7fd4ee0b5000 rw-p 00000000 00:00 0 
7fd4ee0b8000-7fd4ee0bb000 r-xp 00000000 08:01 1318028                    /usr/lib/x86_64-linux-gnu/libgmodule-2.0.so.0.4200.1
7fd4ee0bb000-7fd4ee2ba000 ---p 00003000 08:01 1318028                    /usr/lib/x86_64-linux-gnu/libgmodule-2.0.so.0.4200.1
7fd4ee2ba000-7fd4ee2bb000 r--p 00002000 08:01 1318028                    /usr/lib/x86_64-linux-gnu/libgmodule-2.0.so.0.4200.1
7fd4ee2bb000-7fd4ee2bc000 rw-p 00003000 08:01 1318028                    /usr/lib/x86_64-linux-gnu/libgmodule-2.0.so.0.4200.1
7fd4ee2c0000-7fd4ee3cc000 r-xp 00000000 08:01 6423013                    /lib/x86_64-linux-gnu/libglib-2.0.so.0.4200.1
7fd4ee3cc000-7fd4ee5cc000 ---p 0010c000 08:01 6423013                    /lib/x86_64-linux-gnu/libglib-2.0.so.0.4200.1
7fd4ee5cc000-7fd4ee5cd000 r--p 0010c000 08:01 6423013                    /lib/x86_64-linux-gnu/libglib-2.0.so.0.4200.1
7fd4ee5cd000-7fd4ee5ce000 rw-p 0010d000 08:01 6423013                    /lib/x86_64-linux-gnu/libglib-2.0.so.0.4200.1
7fd4ee5ce000-7fd4ee5cf000 rw-p 00000000 00:00 0 
7fd4ee5d0000-7fd4ee621000 r-xp 00000000 08:01 1318029                    /usr/lib/x86_64-linux-gnu/libgobject-2.0.so.0.4200.1
7fd4ee621000-7fd4ee820000 ---p 00051000 08:01 1318029                    /usr/lib/x86_64-linux-gnu/libgobject-2.0.so.0.4200.1
7fd4ee820000-7fd4ee821000 r--p 00050000 08:01 1318029                    /usr/lib/x86_64-linux-gnu/libgobject-2.0.so.0.4200.1
7fd4ee821000-7fd4ee822000 rw-p 00051000 08:01 1318029                    /usr/lib/x86_64-linux-gnu/libgobject-2.0.so.0.4200.1
7fd4ee828000-7fd4ee999000 r-xp 00000000 08:01 1318031                    /usr/lib/x86_64-linux-gnu/libgio-2.0.so.0.4200.1
7fd4ee999000-7fd4eeb99000 ---p 00171000 08:01 1318031                    /usr/lib/x86_64-linux-gnu/libgio-2.0.so.0.4200.1
7fd4eeb99000-7fd4eeb9d000 r--p 00171000 08:01 1318031                    /usr/lib/x86_64-linux-gnu/libgio-2.0.so.0.4200.1
7fd4eeb9d000-7fd4eeb9f000 rw-p 00175000 08:01 1318031                    /usr/lib/x86_64-linux-gnu/libgio-2.0.so.0.4200.1
7fd4eeb9f000-7fd4eeba1000 rw-p 00000000 00:00 0 
7fd4eeba3000-7fd4eeba4000 rw-s 418c63000 00:05 17965                     /dev/nvidiactl
7fd4eeba9000-7fd4eebaa000 rw-s fd641000 00:05 19540                      /dev/nvidia0
7fd4eebb0000-7fd4eebb1000 rw-s 41ad40000 00:05 17965                     /dev/nvidiactl
7fd4eebb3000-7fd4eebb4000 rw-s 42cd83000 00:05 17965                     /dev/nvidiactl
7fd4eebb8000-7fd4eebb9000 rw-s fd060000 00:05 19540                      /dev/nvidia0
7fd4eebc0000-7fd4eebc1000 r--p 00000000 08:01 1314157                    /usr/share/locale/en_GB/LC_MESSAGES/libc.mo
7fd4eebc3000-7fd4eebce000 r--s 00203000 08:01 2101903                    /usr/lib/jvm/java-7-openjdk-amd64/jre/lib/charsets.jar
7fd4eebd0000-7fd4eebe8000 r-xp 00000000 08:01 2101942                    /usr/lib/jvm/java-7-openjdk-amd64/jre/lib/amd64/libnet.so
7fd4eebe8000-7fd4eede7000 ---p 00018000 08:01 2101942                    /usr/lib/jvm/java-7-openjdk-amd64/jre/lib/amd64/libnet.so
7fd4eede7000-7fd4eede8000 r--p 00017000 08:01 2101942                    /usr/lib/jvm/java-7-openjdk-amd64/jre/lib/amd64/libnet.so
7fd4eede8000-7fd4eede9000 rw-p 00018000 08:01 2101942                    /usr/lib/jvm/java-7-openjdk-amd64/jre/lib/amd64/libnet.so
7fd4eedef000-7fd4eedf2000 ---p 00000000 00:00 0 
7fd4eedf2000-7fd4eeef0000 rw-p 00000000 00:00 0                          [stack:14842]
7fd4eeef0000-7fd4eeef1000 r-xp 00000000 08:01 1573728                    /opt/intellij-idea/bin/libbreakgen64.so
7fd4eeef1000-7fd4ef0f0000 ---p 00001000 08:01 1573728                    /opt/intellij-idea/bin/libbreakgen64.so
7fd4ef0f0000-7fd4ef0f1000 r--p 00000000 08:01 1573728                    /opt/intellij-idea/bin/libbreakgen64.so
7fd4ef0f1000-7fd4ef0f2000 rw-p 00001000 08:01 1573728                    /opt/intellij-idea/bin/libbreakgen64.so
7fd4ef0f9000-7fd4ef0fb000 r--s 00019000 08:01 1578241                    /opt/intellij-idea/lib/idea_rt.jar
7fd4ef102000-7fd4ef103000 r--s 00002000 08:13 4850952                    /home/mart/IdeaProjects/Multiplayer World 2/libs/PNGDecoder.jar
7fd4ef107000-7fd4ef10a000 r--s 00017000 08:13 9045358                    /home/mart/IdeaProjects/Multiplayer World 2/libs/slick-util.jar
7fd4ef10f000-7fd4ef113000 r--s 00027000 08:13 9045357                    /home/mart/IdeaProjects/Multiplayer World 2/libs/lwjgl_util.jar
7fd4ef113000-7fd4ef122000 r--s 000f3000 08:13 9045342                    /home/mart/IdeaProjects/Multiplayer World 2/libs/lwjgl.jar
7fd4ef127000-7fd4ef135000 r--s 0010f000 08:01 2101969                    /usr/lib/jvm/java-7-openjdk-amd64/jre/lib/rhino.jar
7fd4ef136000-7fd4ef140000 r--s 000ae000 08:01 2101899                    /usr/lib/jvm/java-7-openjdk-amd64/jre/lib/resources.jar
7fd4ef140000-7fd4ef141000 r--s 00000000 08:01 2101978                    /usr/lib/jvm/java-7-openjdk-amd64/jre/lib/management-agent.jar
7fd4ef146000-7fd4ef14b000 r--s 0004e000 08:01 2101968                    /usr/lib/jvm/java-7-openjdk-amd64/jre/lib/jsse.jar
7fd4ef150000-7fd4ef152000 r--s 00018000 08:01 2101971                    /usr/lib/jvm/java-7-openjdk-amd64/jre/lib/jce.jar
7fd4ef153000-7fd4ef15e000 r--s 00203000 08:01 2101903                    /usr/lib/jvm/java-7-openjdk-amd64/jre/lib/charsets.jar
7fd4ef163000-7fd4ef164000 ---p 00000000 00:00 0 
7fd4ef164000-7fd4ef264000 rw-p 00000000 00:00 0                          [stack:14841]
7fd4ef264000-7fd4ef267000 ---p 00000000 00:00 0 
7fd4ef267000-7fd4ef365000 rw-p 00000000 00:00 0                          [stack:14840]
7fd4ef365000-7fd4ef368000 ---p 00000000 00:00 0 
7fd4ef368000-7fd4ef466000 rw-p 00000000 00:00 0                          [stack:14839]
7fd4ef466000-7fd4ef469000 ---p 00000000 00:00 0 
7fd4ef469000-7fd4ef567000 rw-p 00000000 00:00 0                          [stack:14838]
7fd4ef567000-7fd4ef56a000 ---p 00000000 00:00 0 
7fd4ef56a000-7fd4ef668000 rw-p 00000000 00:00 0                          [stack:14837]
7fd4ef668000-7fd4ef7f1000 r--p 00000000 08:01 1314223                    /usr/lib/locale/locale-archive
7fd4ef7f8000-7fd4ef7fb000 ---p 00000000 00:00 0 
7fd4ef7fb000-7fd4ef8f9000 rw-p 00000000 00:00 0                          [stack:14827]
7fd4ef8f9000-7fd4ef8fc000 ---p 00000000 00:00 0 
7fd4ef8fc000-7fd4ef9fa000 rw-p 00000000 00:00 0                          [stack:14826]
7fd4ef9fa000-7fd4ef9fb000 ---p 00000000 00:00 0 
7fd4ef9fb000-7fd4f0000000 rw-p 00000000 00:00 0                          [stack:14824]
7fd4f0000000-7fd4f0021000 rw-p 00000000 00:00 0 
7fd4f0021000-7fd4f4000000 ---p 00000000 00:00 0 
7fd4f4000000-7fd4f4021000 rw-p 00000000 00:00 0 
7fd4f4021000-7fd4f8000000 ---p 00000000 00:00 0 
7fd4f8000000-7fd4f8021000 rw-p 00000000 00:00 0 
7fd4f8021000-7fd4fc000000 ---p 00000000 00:00 0 
7fd4fc002000-7fd4fc003000 r--s 0000a000 08:01 2101901                    /usr/lib/jvm/java-7-openjdk-amd64/jre/lib/javazic.jar
7fd4fc008000-7fd4fc009000 r--s 00000000 08:01 2101972                    /usr/lib/jvm/java-7-openjdk-amd64/jre/lib/compilefontconfig.jar
7fd4fc00f000-7fd4fc012000 r--s 0000f000 08:01 2101910                    /usr/lib/jvm/java-7-openjdk-amd64/jre/lib/ext/icedtea-sound.jar
7fd4fc014000-7fd4fc018000 r--s 00034000 08:01 2101912                    /usr/lib/jvm/java-7-openjdk-amd64/jre/lib/ext/sunjce_provider.jar
7fd4fc01e000-7fd4fc020000 r--s 00006000 08:01 1841746                    /usr/share/java/java-atk-wrapper.jar
7fd4fc025000-7fd4fc029000 r--s 00085000 08:01 2101908                    /usr/lib/jvm/java-7-openjdk-amd64/jre/lib/ext/localedata.jar
7fd4fc02b000-7fd4fd000000 rw-p 00000000 00:00 0 
7fd4fd000000-7fd4fd270000 rwxp 00000000 00:00 0 
7fd4fd270000-7fd500c67000 rw-p 00000000 00:00 0 
7fd500c67000-7fd504000000 ---p 00000000 00:00 0 
7fd504002000-7fd504004000 r--s 00012000 08:01 2101907                    /usr/lib/jvm/java-7-openjdk-amd64/jre/lib/ext/zipfs.jar
7fd50400a000-7fd50400b000 r--s 00002000 08:01 2101909                    /usr/lib/jvm/java-7-openjdk-amd64/jre/lib/ext/dnsns.jar
7fd50400c000-7fd504010000 r--s 0003c000 08:01 2101911                    /usr/lib/jvm/java-7-openjdk-amd64/jre/lib/ext/sunpkcs11.jar
7fd504017000-7fd5047ca000 rw-p 00000000 00:00 0 
7fd5047ca000-7fd50497c000 r--s 01d32000 08:01 2101898                    /usr/lib/jvm/java-7-openjdk-amd64/jre/lib/rt.jar
7fd50497d000-7fd5052c0000 rw-p 00000000 00:00 0 
7fd5052c0000-7fd5052c1000 ---p 00000000 00:00 0 
7fd5052c1000-7fd5053c1000 rw-p 00000000 00:00 0                          [stack:14814]
7fd5053c1000-7fd5053c2000 ---p 00000000 00:00 0 
7fd5053c2000-7fd5054c2000 rw-p 00000000 00:00 0                          [stack:14813]
7fd5054c2000-7fd5054c3000 ---p 00000000 00:00 0 
7fd5054c3000-7fd5055c3000 rw-p 00000000 00:00 0                          [stack:14812]
7fd5055c3000-7fd5055c4000 ---p 00000000 00:00 0 
7fd5055c4000-7fd5056c4000 rw-p 00000000 00:00 0                          [stack:14811]
7fd5056c4000-7fd5056c5000 ---p 00000000 00:00 0 
7fd5056c5000-7fd5057c5000 rw-p 00000000 00:00 0                          [stack:14810]
7fd5057c5000-7fd5057c6000 ---p 00000000 00:00 0 
7fd5057c6000-7fd5058c6000 rw-p 00000000 00:00 0                          [stack:14809]
7fd5058c6000-7fd5058c7000 ---p 00000000 00:00 0 
7fd5058c7000-7fd5059c7000 rw-p 00000000 00:00 0                          [stack:14808]
7fd5059c7000-7fd5059c8000 ---p 00000000 00:00 0 
7fd5059c8000-7fd505ad3000 rw-p 00000000 00:00 0                          [stack:14807]
7fd505ad3000-7fd505b1b000 rw-p 00000000 00:00 0 
7fd505b1b000-7fd505b6e000 rw-p 00000000 00:00 0 
7fd505b6e000-7fd50604f000 rw-p 00000000 00:00 0 
7fd50604f000-7fd50605a000 rw-p 00000000 00:00 0 
7fd50605a000-7fd5060a2000 rw-p 00000000 00:00 0 
7fd5060a2000-7fd5060f5000 rw-p 00000000 00:00 0 
7fd5060f5000-7fd5065d5000 rw-p 00000000 00:00 0 
7fd5065d5000-7fd5065ff000 rw-p 00000000 00:00 0 
7fd5065ff000-7fd50686f000 rw-p 00000000 00:00 0 
7fd50686f000-7fd506870000 rw-p 00000000 00:00 0 
7fd506870000-7fd506878000 r-xp 00000000 08:01 2101919                    /usr/lib/jvm/java-7-openjdk-amd64/jre/lib/amd64/libzip.so
7fd506878000-7fd506a77000 ---p 00008000 08:01 2101919                    /usr/lib/jvm/java-7-openjdk-amd64/jre/lib/amd64/libzip.so
7fd506a77000-7fd506a78000 r--p 00007000 08:01 2101919                    /usr/lib/jvm/java-7-openjdk-amd64/jre/lib/amd64/libzip.so
7fd506a78000-7fd506a79000 rw-p 00008000 08:01 2101919                    /usr/lib/jvm/java-7-openjdk-amd64/jre/lib/amd64/libzip.so
7fd506a80000-7fd506a8b000 r-xp 00000000 08:01 6425563                    /lib/x86_64-linux-gnu/libnss_files-2.19.so
7fd506a8b000-7fd506c8a000 ---p 0000b000 08:01 6425563                    /lib/x86_64-linux-gnu/libnss_files-2.19.so
7fd506c8a000-7fd506c8b000 r--p 0000a000 08:01 6425563                    /lib/x86_64-linux-gnu/libnss_files-2.19.so
7fd506c8b000-7fd506c8c000 rw-p 0000b000 08:01 6425563                    /lib/x86_64-linux-gnu/libnss_files-2.19.so
7fd506c90000-7fd506c9a000 r-xp 00000000 08:01 6425565                    /lib/x86_64-linux-gnu/libnss_nis-2.19.so
7fd506c9a000-7fd506e99000 ---p 0000a000 08:01 6425565                    /lib/x86_64-linux-gnu/libnss_nis-2.19.so
7fd506e99000-7fd506e9a000 r--p 00009000 08:01 6425565                    /lib/x86_64-linux-gnu/libnss_nis-2.19.so
7fd506e9a000-7fd506e9b000 rw-p 0000a000 08:01 6425565                    /lib/x86_64-linux-gnu/libnss_nis-2.19.so
7fd506ea0000-7fd506eb5000 r-xp 00000000 08:01 6425560                    /lib/x86_64-linux-gnu/libnsl-2.19.so
7fd506eb5000-7fd5070b4000 ---p 00015000 08:01 6425560                    /lib/x86_64-linux-gnu/libnsl-2.19.so
7fd5070b4000-7fd5070b5000 r--p 00014000 08:01 6425560                    /lib/x86_64-linux-gnu/libnsl-2.19.so
7fd5070b5000-7fd5070b6000 rw-p 00015000 08:01 6425560                    /lib/x86_64-linux-gnu/libnsl-2.19.so
7fd5070b6000-7fd5070b8000 rw-p 00000000 00:00 0 
7fd5070b8000-7fd5070bf000 r-xp 00000000 08:01 6425561                    /lib/x86_64-linux-gnu/libnss_compat-2.19.so
7fd5070bf000-7fd5072be000 ---p 00007000 08:01 6425561                    /lib/x86_64-linux-gnu/libnss_compat-2.19.so
7fd5072be000-7fd5072bf000 r--p 00006000 08:01 6425561                    /lib/x86_64-linux-gnu/libnss_compat-2.19.so
7fd5072bf000-7fd5072c0000 rw-p 00007000 08:01 6425561                    /lib/x86_64-linux-gnu/libnss_compat-2.19.so
7fd5072c0000-7fd5072ed000 r-xp 00000000 08:01 2101951                    /usr/lib/jvm/java-7-openjdk-amd64/jre/lib/amd64/libjava.so
7fd5072ed000-7fd5074ec000 ---p 0002d000 08:01 2101951                    /usr/lib/jvm/java-7-openjdk-amd64/jre/lib/amd64/libjava.so
7fd5074ec000-7fd5074ed000 r--p 0002c000 08:01 2101951                    /usr/lib/jvm/java-7-openjdk-amd64/jre/lib/amd64/libjava.so
7fd5074ed000-7fd5074ef000 rw-p 0002d000 08:01 2101951                    /usr/lib/jvm/java-7-openjdk-amd64/jre/lib/amd64/libjava.so
7fd5074f0000-7fd5074ff000 r-xp 00000000 08:01 2101914                    /usr/lib/jvm/java-7-openjdk-amd64/jre/lib/amd64/libverify.so
7fd5074ff000-7fd5076fe000 ---p 0000f000 08:01 2101914                    /usr/lib/jvm/java-7-openjdk-amd64/jre/lib/amd64/libverify.so
7fd5076fe000-7fd507701000 r--p 0000e000 08:01 2101914                    /usr/lib/jvm/java-7-openjdk-amd64/jre/lib/amd64/libverify.so
7fd507701000-7fd507702000 rw-p 00011000 08:01 2101914                    /usr/lib/jvm/java-7-openjdk-amd64/jre/lib/amd64/libverify.so
7fd507708000-7fd50770f000 r-xp 00000000 08:01 6425569                    /lib/x86_64-linux-gnu/librt-2.19.so
7fd50770f000-7fd50790e000 ---p 00007000 08:01 6425569                    /lib/x86_64-linux-gnu/librt-2.19.so
7fd50790e000-7fd50790f000 r--p 00006000 08:01 6425569                    /lib/x86_64-linux-gnu/librt-2.19.so
7fd50790f000-7fd507910000 rw-p 00007000 08:01 6425569                    /lib/x86_64-linux-gnu/librt-2.19.so
7fd507910000-7fd507926000 r-xp 00000000 08:01 6422532                    /lib/x86_64-linux-gnu/libgcc_s.so.1
7fd507926000-7fd507b25000 ---p 00016000 08:01 6422532                    /lib/x86_64-linux-gnu/libgcc_s.so.1
7fd507b25000-7fd507b26000 rw-p 00015000 08:01 6422532                    /lib/x86_64-linux-gnu/libgcc_s.so.1
7fd507b28000-7fd507c28000 r-xp 00000000 08:01 6425558                    /lib/x86_64-linux-gnu/libm-2.19.so
7fd507c28000-7fd507e27000 ---p 00100000 08:01 6425558                    /lib/x86_64-linux-gnu/libm-2.19.so
7fd507e27000-7fd507e28000 r--p 000ff000 08:01 6425558                    /lib/x86_64-linux-gnu/libm-2.19.so
7fd507e28000-7fd507e29000 rw-p 00100000 08:01 6425558                    /lib/x86_64-linux-gnu/libm-2.19.so
7fd507e30000-7fd507f1c000 r-xp 00000000 08:01 1315446                    /usr/lib/x86_64-linux-gnu/libstdc++.so.6.0.20
7fd507f1c000-7fd50811c000 ---p 000ec000 08:01 1315446                    /usr/lib/x86_64-linux-gnu/libstdc++.so.6.0.20
7fd50811c000-7fd508124000 r--p 000ec000 08:01 1315446                    /usr/lib/x86_64-linux-gnu/libstdc++.so.6.0.20
7fd508124000-7fd508126000 rw-p 000f4000 08:01 1315446                    /usr/lib/x86_64-linux-gnu/libstdc++.so.6.0.20
7fd508126000-7fd50813b000 rw-p 00000000 00:00 0 
7fd508140000-7fd508c96000 r-xp 00000000 08:01 2101927                    /usr/lib/jvm/java-7-openjdk-amd64/jre/lib/amd64/server/libjvm.so
7fd508c96000-7fd508e96000 ---p 00b56000 08:01 2101927                    /usr/lib/jvm/java-7-openjdk-amd64/jre/lib/amd64/server/libjvm.so
7fd508e96000-7fd508f35000 r--p 00b56000 08:01 2101927                    /usr/lib/jvm/java-7-openjdk-amd64/jre/lib/amd64/server/libjvm.so
7fd508f35000-7fd508f58000 rw-p 00bf5000 08:01 2101927                    /usr/lib/jvm/java-7-openjdk-amd64/jre/lib/amd64/server/libjvm.so
7fd508f58000-7fd508f85000 rw-p 00000000 00:00 0 
7fd508f88000-7fd508fa2000 r-xp 00000000 08:01 6422628                    /lib/x86_64-linux-gnu/libz.so.1.2.8
7fd508fa2000-7fd5091a1000 ---p 0001a000 08:01 6422628                    /lib/x86_64-linux-gnu/libz.so.1.2.8
7fd5091a1000-7fd5091a2000 r--p 00019000 08:01 6422628                    /lib/x86_64-linux-gnu/libz.so.1.2.8
7fd5091a2000-7fd5091a3000 rw-p 0001a000 08:01 6422628                    /lib/x86_64-linux-gnu/libz.so.1.2.8
7fd5091a8000-7fd509347000 r-xp 00000000 08:01 6425554                    /lib/x86_64-linux-gnu/libc-2.19.so
7fd509347000-7fd509547000 ---p 0019f000 08:01 6425554                    /lib/x86_64-linux-gnu/libc-2.19.so
7fd509547000-7fd50954b000 r--p 0019f000 08:01 6425554                    /lib/x86_64-linux-gnu/libc-2.19.so
7fd50954b000-7fd50954d000 rw-p 001a3000 08:01 6425554                    /lib/x86_64-linux-gnu/libc-2.19.so
7fd50954d000-7fd509551000 rw-p 00000000 00:00 0 
7fd509558000-7fd50955b000 r-xp 00000000 08:01 6425557                    /lib/x86_64-linux-gnu/libdl-2.19.so
7fd50955b000-7fd50975a000 ---p 00003000 08:01 6425557                    /lib/x86_64-linux-gnu/libdl-2.19.so
7fd50975a000-7fd50975b000 r--p 00002000 08:01 6425557                    /lib/x86_64-linux-gnu/libdl-2.19.so
7fd50975b000-7fd50975c000 rw-p 00003000 08:01 6425557                    /lib/x86_64-linux-gnu/libdl-2.19.so
7fd509760000-7fd50976d000 r-xp 00000000 08:01 2101917                    /usr/lib/jvm/java-7-openjdk-amd64/jre/lib/amd64/jli/libjli.so
7fd50976d000-7fd50996c000 ---p 0000d000 08:01 2101917                    /usr/lib/jvm/java-7-openjdk-amd64/jre/lib/amd64/jli/libjli.so
7fd50996c000-7fd50996d000 r--p 0000c000 08:01 2101917                    /usr/lib/jvm/java-7-openjdk-amd64/jre/lib/amd64/jli/libjli.so
7fd50996d000-7fd50996e000 rw-p 0000d000 08:01 2101917                    /usr/lib/jvm/java-7-openjdk-amd64/jre/lib/amd64/jli/libjli.so
7fd509970000-7fd509988000 r-xp 00000000 08:01 6425550                    /lib/x86_64-linux-gnu/libpthread-2.19.so
7fd509988000-7fd509b87000 ---p 00018000 08:01 6425550                    /lib/x86_64-linux-gnu/libpthread-2.19.so
7fd509b87000-7fd509b88000 r--p 00017000 08:01 6425550                    /lib/x86_64-linux-gnu/libpthread-2.19.so
7fd509b88000-7fd509b89000 rw-p 00018000 08:01 6425550                    /lib/x86_64-linux-gnu/libpthread-2.19.so
7fd509b89000-7fd509b8d000 rw-p 00000000 00:00 0 
7fd509b90000-7fd509bb0000 r-xp 00000000 08:01 6425551                    /lib/x86_64-linux-gnu/ld-2.19.so
7fd509bb0000-7fd509be2000 rw-p 00000000 00:00 0 
7fd509be2000-7fd509c98000 rw-p 00000000 00:00 0 
7fd509c98000-7fd509ca0000 rw-s 00000000 08:12 3145731                    /tmp/hsperfdata_mart/14804
7fd509ca4000-7fd509ca7000 rw-p 00000000 00:00 0 
7fd509ca7000-7fd509ca8000 r--p 00000000 00:00 0 
7fd509ca8000-7fd509cab000 ---p 00000000 00:00 0 
7fd509cab000-7fd509db0000 rw-p 00000000 00:00 0                          [stack:14805]
7fd509db0000-7fd509db1000 r--p 00020000 08:01 6425551                    /lib/x86_64-linux-gnu/ld-2.19.so
7fd509db1000-7fd509db2000 rw-p 00021000 08:01 6425551                    /lib/x86_64-linux-gnu/ld-2.19.so
7fd509db2000-7fd509db3000 rw-p 00000000 00:00 0 
7ffe1e89d000-7ffe1e8be000 rw-p 00000000 00:00 0                          [stack]
7ffe1e950000-7ffe1e952000 r-xp 00000000 00:00 0                          [vdso]
7ffe1e952000-7ffe1e954000 r--p 00000000 00:00 0                          [vvar]
ffffffffff600000-ffffffffff601000 r-xp 00000000 00:00 0                  [vsyscall]

VM Arguments:
jvm_args: -Djava.library.path=libs/ -Didea.launcher.port=7540 -Didea.launcher.bin.path=/opt/intellij-idea/bin -Dfile.encoding=UTF-8 
java_command: com.intellij.rt.execution.application.AppMain engine.GameLoop
Launcher Type: SUN_STANDARD

Environment Variables:
PATH=/usr/local/bin:/usr/bin:/bin:/usr/local/games:/usr/games
USERNAME=mart
LD_LIBRARY_PATH=/opt/intellij-idea/bin:
SHELL=/bin/bash
DISPLAY=:0

Signal Handlers:
SIGSEGV: [libjvm.so+0x988620], sa_mask[0]=0x7ffbfeff, sa_flags=0x10000004
SIGBUS: [libjvm.so+0x988620], sa_mask[0]=0x7ffbfeff, sa_flags=0x10000004
SIGFPE: [libjvm.so+0x7f5420], sa_mask[0]=0x7ffbfeff, sa_flags=0x10000004
SIGPIPE: [libjvm.so+0x7f5420], sa_mask[0]=0x7ffbfeff, sa_flags=0x10000004
SIGXFSZ: [libjvm.so+0x7f5420], sa_mask[0]=0x7ffbfeff, sa_flags=0x10000004
SIGILL: [libjvm.so+0x7f5420], sa_mask[0]=0x7ffbfeff, sa_flags=0x10000004
SIGUSR1: SIG_DFL, sa_mask[0]=0x00000000, sa_flags=0x00000000
SIGUSR2: [libjvm.so+0x7f52a0], sa_mask[0]=0x00000004, sa_flags=0x10000004
SIGHUP: [libjvm.so+0x7f54a0], sa_mask[0]=0x7ffbfeff, sa_flags=0x10000004
SIGINT: [libjvm.so+0x7f54a0], sa_mask[0]=0x7ffbfeff, sa_flags=0x10000004
SIGTERM: [libjvm.so+0x7f54a0], sa_mask[0]=0x7ffbfeff, sa_flags=0x10000004
SIGQUIT: [libjvm.so+0x7f54a0], sa_mask[0]=0x7ffbfeff, sa_flags=0x10000004
SIGTRAP: SIG_DFL, sa_mask[0]=0x00000000, sa_flags=0x00000000


---------------  S Y S T E M  ---------------

OS:8.2

uname:Linux 3.16.0-4-amd64 #1 SMP Debian 3.16.7-ckt11-1+deb8u5 (2015-10-09) x86_64
libc:glibc 2.19 NPTL 2.19 
rlimit: STACK 8192k, CORE 0k, NPROC 63809, NOFILE 65536, AS infinity
load average:0.22 0.46 0.59

/proc/meminfo:
MemTotal:       16352924 kB
MemFree:         8909620 kB
MemAvailable:   12471968 kB
Buffers:          357084 kB
Cached:          3104832 kB
SwapCached:            0 kB
Active:          5596904 kB
Inactive:        1275080 kB
Active(anon):    3413652 kB
Inactive(anon):    24064 kB
Active(file):    2183252 kB
Inactive(file):  1251016 kB
Unevictable:          32 kB
Mlocked:              32 kB
SwapTotal:             0 kB
SwapFree:              0 kB
Dirty:              3092 kB
Writeback:             0 kB
AnonPages:       3410276 kB
Mapped:           424348 kB
Shmem:             27668 kB
Slab:             428752 kB
SReclaimable:     381496 kB
SUnreclaim:        47256 kB
KernelStack:       11088 kB
PageTables:        32960 kB
NFS_Unstable:          0 kB
Bounce:                0 kB
WritebackTmp:          0 kB
CommitLimit:     8176460 kB
Committed_AS:    8400248 kB
VmallocTotal:   34359738367 kB
VmallocUsed:      330552 kB
VmallocChunk:   34359391740 kB
HardwareCorrupted:     0 kB
AnonHugePages:         0 kB
HugePages_Total:       0
HugePages_Free:        0
HugePages_Rsvd:        0
HugePages_Surp:        0
Hugepagesize:       2048 kB
DirectMap4k:      213428 kB
DirectMap2M:    13365248 kB
DirectMap1G:     3145728 kB


CPU:total 8 (8 cores per cpu, 1 threads per core) family 21 model 2 stepping 0, cmov, cx8, fxsr, mmx, sse, sse2, sse3, ssse3, sse4.1, sse4.2, popcnt, avx, aes, mmxext, 3dnowpref, lzcnt, sse4a, tsc, tscinvbit, tscinv

/proc/cpuinfo:
processor	: 0
vendor_id	: AuthenticAMD
cpu family	: 21
model		: 2
model name	: AMD FX(tm)-8320 Eight-Core Processor
stepping	: 0
microcode	: 0x6000822
cpu MHz		: 1400.000
cache size	: 2048 KB
physical id	: 0
siblings	: 8
core id		: 0
cpu cores	: 4
apicid		: 16
initial apicid	: 0
fpu		: yes
fpu_exception	: yes
cpuid level	: 13
wp		: yes
flags		: fpu vme de pse tsc msr pae mce cx8 apic sep mtrr pge mca cmov pat pse36 clflush mmx fxsr sse sse2 ht syscall nx mmxext fxsr_opt pdpe1gb rdtscp lm constant_tsc rep_good nopl nonstop_tsc extd_apicid aperfmperf pni pclmulqdq monitor ssse3 fma cx16 sse4_1 sse4_2 popcnt aes xsave avx f16c lahf_lm cmp_legacy svm extapic cr8_legacy abm sse4a misalignsse 3dnowprefetch osvw ibs xop skinit wdt lwp fma4 tce nodeid_msr tbm topoext perfctr_core perfctr_nb arat cpb hw_pstate npt lbrv svm_lock nrip_save tsc_scale vmcb_clean flushbyasid decodeassists pausefilter pfthreshold vmmcall bmi1
bogomips	: 7000.16
TLB size	: 1536 4K pages
clflush size	: 64
cache_alignment	: 64
address sizes	: 48 bits physical, 48 bits virtual
power management: ts ttp tm 100mhzsteps hwpstate cpb eff_freq_ro

processor	: 1
vendor_id	: AuthenticAMD
cpu family	: 21
model		: 2
model name	: AMD FX(tm)-8320 Eight-Core Processor           
stepping	: 0
microcode	: 0x6000822
cpu MHz		: 3500.000
cache size	: 2048 KB
physical id	: 0
siblings	: 8
core id		: 1
cpu cores	: 4
apicid		: 17
initial apicid	: 1
fpu		: yes
fpu_exception	: yes
cpuid level	: 13
wp		: yes
flags		: fpu vme de pse tsc msr pae mce cx8 apic sep mtrr pge mca cmov pat pse36 clflush mmx fxsr sse sse2 ht syscall nx mmxext fxsr_opt pdpe1gb rdtscp lm constant_tsc rep_good nopl nonstop_tsc extd_apicid aperfmperf pni pclmulqdq monitor ssse3 fma cx16 sse4_1 sse4_2 popcnt aes xsave avx f16c lahf_lm cmp_legacy svm extapic cr8_legacy abm sse4a misalignsse 3dnowprefetch osvw ibs xop skinit wdt lwp fma4 tce nodeid_msr tbm topoext perfctr_core perfctr_nb arat cpb hw_pstate npt lbrv svm_lock nrip_save tsc_scale vmcb_clean flushbyasid decodeassists pausefilter pfthreshold vmmcall bmi1
bogomips	: 7000.16
TLB size	: 1536 4K pages
clflush size	: 64
cache_alignment	: 64
address sizes	: 48 bits physical, 48 bits virtual
power management: ts ttp tm 100mhzsteps hwpstate cpb eff_freq_ro

processor	: 2
vendor_id	: AuthenticAMD
cpu family	: 21
model		: 2
model name	: AMD FX(tm)-8320 Eight-Core Processor           
stepping	: 0
microcode	: 0x6000822
cpu MHz		: 3500.000
cache size	: 2048 KB
physical id	: 0
siblings	: 8
core id		: 2
cpu cores	: 4
apicid		: 18
initial apicid	: 2
fpu		: yes
fpu_exception	: yes
cpuid level	: 13
wp		: yes
flags		: fpu vme de pse tsc msr pae mce cx8 apic sep mtrr pge mca cmov pat pse36 clflush mmx fxsr sse sse2 ht syscall nx mmxext fxsr_opt pdpe1gb rdtscp lm constant_tsc rep_good nopl nonstop_tsc extd_apicid aperfmperf pni pclmulqdq monitor ssse3 fma cx16 sse4_1 sse4_2 popcnt aes xsave avx f16c lahf_lm cmp_legacy svm extapic cr8_legacy abm sse4a misalignsse 3dnowprefetch osvw ibs xop skinit wdt lwp fma4 tce nodeid_msr tbm topoext perfctr_core perfctr_nb arat cpb hw_pstate npt lbrv svm_lock nrip_save tsc_scale vmcb_clean flushbyasid decodeassists pausefilter pfthreshold vmmcall bmi1
bogomips	: 7000.16
TLB size	: 1536 4K pages
clflush size	: 64
cache_alignment	: 64
address sizes	: 48 bits physical, 48 bits virtual
power management: ts ttp tm 100mhzsteps hwpstate cpb eff_freq_ro

processor	: 3
vendor_id	: AuthenticAMD
cpu family	: 21
model		: 2
model name	: AMD FX(tm)-8320 Eight-Core Processor           
stepping	: 0
microcode	: 0x6000822
cpu MHz		: 3500.000
cache size	: 2048 KB
physical id	: 0
siblings	: 8
core id		: 3
cpu cores	: 4
apicid		: 19
initial apicid	: 3
fpu		: yes
fpu_exception	: yes
cpuid level	: 13
wp		: yes
flags		: fpu vme de pse tsc msr pae mce cx8 apic sep mtrr pge mca cmov pat pse36 clflush mmx fxsr sse sse2 ht syscall nx mmxext fxsr_opt pdpe1gb rdtscp lm constant_tsc rep_good nopl nonstop_tsc extd_apicid aperfmperf pni pclmulqdq monitor ssse3 fma cx16 sse4_1 sse4_2 popcnt aes xsave avx f16c lahf_lm cmp_legacy svm extapic cr8_legacy abm sse4a misalignsse 3dnowprefetch osvw ibs xop skinit wdt lwp fma4 tce nodeid_msr tbm topoext perfctr_core perfctr_nb arat cpb hw_pstate npt lbrv svm_lock nrip_save tsc_scale vmcb_clean flushbyasid decodeassists pausefilter pfthreshold vmmcall bmi1
bogomips	: 7000.16
TLB size	: 1536 4K pages
clflush size	: 64
cache_alignment	: 64
address sizes	: 48 bits physical, 48 bits virtual
power management: ts ttp tm 100mhzsteps hwpstate cpb eff_freq_ro

processor	: 4
vendor_id	: AuthenticAMD
cpu family	: 21
model		: 2
model name	: AMD FX(tm)-8320 Eight-Core Processor           
stepping	: 0
microcode	: 0x6000822
cpu MHz		: 3500.000
cache size	: 2048 KB
physical id	: 0
siblings	: 8
core id		: 4
cpu cores	: 4
apicid		: 20
initial apicid	: 4
fpu		: yes
fpu_exception	: yes
cpuid level	: 13
wp		: yes
flags		: fpu vme de pse tsc msr pae mce cx8 apic sep mtrr pge mca cmov pat pse36 clflush mmx fxsr sse sse2 ht syscall nx mmxext fxsr_opt pdpe1gb rdtscp lm constant_tsc rep_good nopl nonstop_tsc extd_apicid aperfmperf pni pclmulqdq monitor ssse3 fma cx16 sse4_1 sse4_2 popcnt aes xsave avx f16c lahf_lm cmp_legacy svm extapic cr8_legacy abm sse4a misalignsse 3dnowprefetch osvw ibs xop skinit wdt lwp fma4 tce nodeid_msr tbm topoext perfctr_core perfctr_nb arat cpb hw_pstate npt lbrv svm_lock nrip_save tsc_scale vmcb_clean flushbyasid decodeassists pausefilter pfthreshold vmmcall bmi1
bogomips	: 7000.16
TLB size	: 1536 4K pages
clflush size	: 64
cache_alignment	: 64
address sizes	: 48 bits physical, 48 bits virtual
power management: ts ttp tm 100mhzsteps hwpstate cpb eff_freq_ro

processor	: 5
vendor_id	: AuthenticAMD
cpu family	: 21
model		: 2
model name	: AMD FX(tm)-8320 Eight-Core Processor           
stepping	: 0
microcode	: 0x6000822
cpu MHz		: 1400.000
cache size	: 2048 KB
physical id	: 0
siblings	: 8
core id		: 5
cpu cores	: 4
apicid		: 21
initial apicid	: 5
fpu		: yes
fpu_exception	: yes
cpuid level	: 13
wp		: yes
flags		: fpu vme de pse tsc msr pae mce cx8 apic sep mtrr pge mca cmov pat pse36 clflush mmx fxsr sse sse2 ht syscall nx mmxext fxsr_opt pdpe1gb rdtscp lm constant_tsc rep_good nopl nonstop_tsc extd_apicid aperfmperf pni pclmulqdq monitor ssse3 fma cx16 sse4_1 sse4_2 popcnt aes xsave avx f16c lahf_lm cmp_legacy svm extapic cr8_legacy abm sse4a misalignsse 3dnowprefetch osvw ibs xop skinit wdt lwp fma4 tce nodeid_msr tbm topoext perfctr_core perfctr_nb arat cpb hw_pstate npt lbrv svm_lock nrip_save tsc_scale vmcb_clean flushbyasid decodeassists pausefilter pfthreshold vmmcall bmi1
bogomips	: 7000.16
TLB size	: 1536 4K pages
clflush size	: 64
cache_alignment	: 64
address sizes	: 48 bits physical, 48 bits virtual
power management: ts ttp tm 100mhzsteps hwpstate cpb eff_freq_ro

processor	: 6
vendor_id	: AuthenticAMD
cpu family	: 21
model		: 2
model name	: AMD FX(tm)-8320 Eight-Core Processor           
stepping	: 0
microcode	: 0x6000822
cpu MHz		: 3500.000
cache size	: 2048 KB
physical id	: 0
siblings	: 8
core id		: 6
cpu cores	: 4
apicid		: 22
initial apicid	: 6
fpu		: yes
fpu_exception	: yes
cpuid level	: 13
wp		: yes
flags		: fpu vme de pse tsc msr pae mce cx8 apic sep mtrr pge mca cmov pat pse36 clflush mmx fxsr sse sse2 ht syscall nx mmxext fxsr_opt pdpe1gb rdtscp lm constant_tsc rep_good nopl nonstop_tsc extd_apicid aperfmperf pni pclmulqdq monitor ssse3 fma cx16 sse4_1 sse4_2 popcnt aes xsave avx f16c lahf_lm cmp_legacy svm extapic cr8_legacy abm sse4a misalignsse 3dnowprefetch osvw ibs xop skinit wdt lwp fma4 tce nodeid_msr tbm topoext perfctr_core perfctr_nb arat cpb hw_pstate npt lbrv svm_lock nrip_save tsc_scale vmcb_clean flushbyasid decodeassists pausefilter pfthreshold vmmcall bmi1
bogomips	: 7000.16
TLB size	: 1536 4K pages
clflush size	: 64
cache_alignment	: 64
address sizes	: 48 bits physical, 48 bits virtual
power management: ts ttp tm 100mhzsteps hwpstate cpb eff_freq_ro

processor	: 7
vendor_id	: AuthenticAMD
cpu family	: 21
model		: 2
model name	: AMD FX(tm)-8320 Eight-Core Processor           
stepping	: 0
microcode	: 0x6000822
cpu MHz		: 3500.000
cache size	: 2048 KB
physical id	: 0
siblings	: 8
core id		: 7
cpu cores	: 4
apicid		: 23
initial apicid	: 7
fpu		: yes
fpu_exception	: yes
cpuid level	: 13
wp		: yes
flags		: fpu vme de pse tsc msr pae mce cx8 apic sep mtrr pge mca cmov pat pse36 clflush mmx fxsr sse sse2 ht syscall nx mmxext fxsr_opt pdpe1gb rdtscp lm constant_tsc rep_good nopl nonstop_tsc extd_apicid aperfmperf pni pclmulqdq monitor ssse3 fma cx16 sse4_1 sse4_2 popcnt aes xsave avx f16c lahf_lm cmp_legacy svm extapic cr8_legacy abm sse4a misalignsse 3dnowprefetch osvw ibs xop skinit wdt lwp fma4 tce nodeid_msr tbm topoext perfctr_core perfctr_nb arat cpb hw_pstate npt lbrv svm_lock nrip_save tsc_scale vmcb_clean flushbyasid decodeassists pausefilter pfthreshold vmmcall bmi1
bogomips	: 7000.16
TLB size	: 1536 4K pages
clflush size	: 64
cache_alignment	: 64
address sizes	: 48 bits physical, 48 bits virtual
power management: ts ttp tm 100mhzsteps hwpstate cpb eff_freq_ro



Memory: 4k page, physical 16352924k(8908876k free), swap 0k(0k free)

vm_info: OpenJDK 64-Bit Server VM (24.85-b03) for linux-amd64 JRE (1.7.0_85-b01), built on Oct 31 2015 21:30:47 by "jmm" with gcc 4.9.2

time: Tue Jan 10 23:00:45 2017
elapsed time: 1 seconds

