#
# A fatal error has been detected by the Java Runtime Environment:
#
#  SIGSEGV (0xb) at pc=0x0000000040139ee3, pid=14149, tid=140587970774784
#
# JRE version: OpenJDK Runtime Environment (7.0_85-b01) (build 1.7.0_85-b01)
# Java VM: OpenJDK 64-Bit Server VM (24.85-b03 mixed mode linux-amd64 compressed oops)
# Derivative: IcedTea 2.6.1
# Distribution: Debian GNU/Linux 8.2 (jessie), package 7u85-2.6.1-6+deb8u1
# Problematic frame:
# C  0x0000000040139ee3
#
# Failed to write core dump. Core dumps have been disabled. To enable core dumping, try "ulimit -c unlimited" before starting Java again
#
# If you would like to submit a bug report, please include
# instructions on how to reproduce the bug and visit:
#   http://icedtea.classpath.org/bugzilla
# The crash happened outside the Java Virtual Machine in native code.
# See problematic frame for where to report the bug.
#

---------------  T H R E A D  ---------------

Current thread (0x00007fdd2800a800):  JavaThread "main" [_thread_in_native, id=14150, stack(0x00007fdd2ffec000,0x00007fdd300ed000)]

siginfo:si_signo=SIGSEGV: si_errno=0, si_code=1 (SEGV_MAPERR), si_addr=0x0000000000000000

Registers:
RAX=0x00007fdccd50f534, RBX=0x0000000041ff7000, RCX=0x0000000000000000, RDX=0x0000000000000066
RSP=0x00007fdd300eafc8, RBP=0x000000003f080000, RSI=0x0000000000000000, RDI=0x0000000000000000
R8 =0x00007fdd28a09ff0, R9 =0x00000001235a0000, R10=0x247c8b489f75caff, R11=0x0000000000000000
R12=0x0000000000000000, R13=0x0000000000000066, R14=0x0000000000000000, R15=0x00007fdd285a8f30
RIP=0x0000000040139ee3, EFLAGS=0x0000000000010246, CSGSFS=0x0000000000000033, ERR=0x0000000000000004
  TRAPNO=0x000000000000000e

Top of Stack: (sp=0x00007fdd300eafc8)
0x00007fdd300eafc8:   00007fdcbedb9fc4 0000000400000000
0x00007fdd300eafd8:   00007fdd2894fef8 00007fdd2800a800
0x00007fdd300eafe8:   00007fdcbedba96e 00007fdccd50f534
0x00007fdd300eaff8:   0000000041ff7000 000000004203b100
0x00007fdd300eb008:   0000000000000004 0000000000000000
0x00007fdd300eb018:   00007fdd300eb128 00007fdd2800a800
0x00007fdd300eb028:   00007fdcbe9c8798 00007fdd300eb110
0x00007fdd300eb038:   0000006650d87d00 00000006fc66d770
0x00007fdd300eb048:   0000000000000000 00000006fc66d770
0x00007fdd300eb058:   00000006fc66d770 00007fdd300eb0e8
0x00007fdd300eb068:   0000000000000000 00000006fc66d770
0x00007fdd300eb078:   00007fdd25012758 00007fdd2800b738
0x00007fdd300eb088:   00007fdd2800b738 00007fdd2800b718
0x00007fdd300eb098:   00007fdd2800b718 00007fddfffffffe
0x00007fdd300eb0a8:   00007fdd300eb0a8 00000006fc66d770
0x00007fdd300eb0b8:   00007fdd300eb128 00000006fc6899e0
0x00007fdd300eb0c8:   0000000000000000 00000006fc66d770
0x00007fdd300eb0d8:   0000000000000000 00007fdd300eb108
0x00007fdd300eb0e8:   00007fdd300eb170 00007fdd25006058
0x00007fdd300eb0f8:   00000007ad55c0a8 00007fdd2500ecd8
0x00007fdd300eb108:   00007fdccdfee780 00007fdd300eb170
0x00007fdd300eb118:   0000000000000066 0000000000000000
0x00007fdd300eb128:   0000000000000004 00007fdd300eb130
0x00007fdd300eb138:   00000006fc66d664 00007fdd300eb1a8
0x00007fdd300eb148:   00000006fc6899e0 0000000000000000
0x00007fdd300eb158:   00000006fc66d6b0 00007fdd300eb108
0x00007fdd300eb168:   00007fdd300eb198 00007fdd300eb1f0
0x00007fdd300eb178:   00007fdd25006058 00007fdccdfee780
0x00007fdd300eb188:   0000000000000000 00000007ad509f28
0x00007fdd300eb198:   0000000000000066 0000000000000000
0x00007fdd300eb1a8:   0000000000000004 00007fdd300eb1b0
0x00007fdd300eb1b8:   00000006fc6ade3b 00007fdd300eb208 

Instructions: (pc=0x0000000040139ee3)
0x0000000040139ec3:   68 04 48 be 78 7d 04 42 00 00 00 00 48 8b 36 48
0x0000000040139ed3:   8b b6 38 03 00 00 48 8b f9 48 c1 e7 04 48 03 f7
0x0000000040139ee3:   8b 3e 8b 6e 04 89 78 08 89 68 0c 8b 7e 08 8b 6e
0x0000000040139ef3:   0c 89 78 10 89 68 14 48 83 c0 18 ff c1 ff ca 75 

Register to memory mapping:

RAX=0x00007fdccd50f534 is an unknown value
RBX=0x0000000041ff7000 is an unknown value
RCX=0x0000000000000000 is an unknown value
RDX=0x0000000000000066 is an unknown value
RSP=0x00007fdd300eafc8 is pointing into the stack for thread: 0x00007fdd2800a800
RBP=0x000000003f080000 is an unknown value
RSI=0x0000000000000000 is an unknown value
RDI=0x0000000000000000 is an unknown value
R8 =0x00007fdd28a09ff0 is an unknown value
R9 =0x00000001235a0000 is an unknown value
R10=0x247c8b489f75caff is an unknown value
R11=0x0000000000000000 is an unknown value
R12=0x0000000000000000 is an unknown value
R13=0x0000000000000066 is an unknown value
R14=0x0000000000000000 is an unknown value
R15=0x00007fdd285a8f30 is an unknown value


Stack: [0x00007fdd2ffec000,0x00007fdd300ed000],  sp=0x00007fdd300eafc8,  free space=1019k
Native frames: (J=compiled Java code, j=interpreted, Vv=VM code, C=native code)
C  0x0000000040139ee3

[error occurred during error reporting (printing native stack), id 0xb]

Java frames: (J=compiled Java code, j=interpreted, Vv=VM code)
j  org.lwjgl.opengl.GL11.nglDrawArrays(IIIJ)V+0
j  org.lwjgl.opengl.GL11.glDrawArrays(III)V+20
j  fontRendering.FontRenderer.renderText(LfontMeshCreator/GUIText;)V+43
j  fontRendering.FontRenderer.render(Ljava/util/Map;)V+92
j  fontRendering.TextMaster.render()V+6
j  engine.GameLoop.main([Ljava/lang/String;)V+116
v  ~StubRoutines::call_stub
j  sun.reflect.NativeMethodAccessorImpl.invoke0(Ljava/lang/reflect/Method;Ljava/lang/Object;[Ljava/lang/Object;)Ljava/lang/Object;+0
j  sun.reflect.NativeMethodAccessorImpl.invoke(Ljava/lang/Object;[Ljava/lang/Object;)Ljava/lang/Object;+87
j  sun.reflect.DelegatingMethodAccessorImpl.invoke(Ljava/lang/Object;[Ljava/lang/Object;)Ljava/lang/Object;+6
j  java.lang.reflect.Method.invoke(Ljava/lang/Object;[Ljava/lang/Object;)Ljava/lang/Object;+57
j  com.intellij.rt.execution.application.AppMain.main([Ljava/lang/String;)V+170
v  ~StubRoutines::call_stub

---------------  P R O C E S S  ---------------

Java Threads: ( => current thread )
  0x00007fdd28275000 JavaThread "process reaper" daemon [_thread_blocked, id=14192, stack(0x00007fdcce257000,0x00007fdcce290000)]
  0x00007fdd28253000 JavaThread "AWT-XAWT" daemon [_thread_in_native, id=14190, stack(0x00007fdcceb27000,0x00007fdccec28000)]
  0x00007fdd28235800 JavaThread "Java2D Disposer" daemon [_thread_blocked, id=14189, stack(0x00007fdccf03f000,0x00007fdccf140000)]
  0x00007fdd28199000 JavaThread "Monitor Ctrl-Break" daemon [_thread_in_native, id=14187, stack(0x00007fdcf8f67000,0x00007fdcf9068000)]
  0x00007fdd280b7800 JavaThread "Service Thread" daemon [_thread_blocked, id=14185, stack(0x00007fdcf93d4000,0x00007fdcf94d5000)]
  0x00007fdd280b5800 JavaThread "C2 CompilerThread1" daemon [_thread_blocked, id=14184, stack(0x00007fdcf94d5000,0x00007fdcf95d6000)]
  0x00007fdd280b2800 JavaThread "C2 CompilerThread0" daemon [_thread_in_native, id=14183, stack(0x00007fdcf95d6000,0x00007fdcf96d7000)]
  0x00007fdd280b0800 JavaThread "Signal Dispatcher" daemon [_thread_blocked, id=14182, stack(0x00007fdcf96d7000,0x00007fdcf97d8000)]
  0x00007fdd28085000 JavaThread "Finalizer" daemon [_thread_blocked, id=14171, stack(0x00007fdcf9961000,0x00007fdcf9a62000)]
  0x00007fdd28083000 JavaThread "Reference Handler" daemon [_thread_blocked, id=14170, stack(0x00007fdcf9a62000,0x00007fdcf9b63000)]
=>0x00007fdd2800a800 JavaThread "main" [_thread_in_native, id=14150, stack(0x00007fdd2ffec000,0x00007fdd300ed000)]

Other Threads:
  0x00007fdd2807f000 VMThread [stack: 0x00007fdcf9b63000,0x00007fdcf9c64000] [id=14169]
  0x00007fdd280c2800 WatcherThread [stack: 0x00007fdcf92d3000,0x00007fdcf93d4000] [id=14186]

VM state:not at safepoint (normal execution)

VM Mutex/Monitor currently owned by a thread: None

Heap
 PSYoungGen      total 75264K, used 13101K [0x00000007acc80000, 0x00000007b2000000, 0x0000000800000000)
  eden space 65024K, 20% used [0x00000007acc80000,0x00000007ad94b4e0,0x00000007b0c00000)
  from space 10240K, 0% used [0x00000007b1600000,0x00000007b1600000,0x00000007b2000000)
  to   space 10240K, 0% used [0x00000007b0c00000,0x00000007b0c00000,0x00000007b1600000)
 ParOldGen       total 169984K, used 0K [0x0000000706600000, 0x0000000710c00000, 0x00000007acc80000)
  object space 169984K, 0% used [0x0000000706600000,0x0000000706600000,0x0000000710c00000)
 PSPermGen       total 21504K, used 7817K [0x00000006fc000000, 0x00000006fd500000, 0x0000000706600000)
  object space 21504K, 36% used [0x00000006fc000000,0x00000006fc7a2750,0x00000006fd500000)

Card table byte_map: [0x00007fdd2c3b7000,0x00007fdd2cbd8000] byte_map_base: 0x00007fdd28bd7000

Polling page: 0x00007fdd30116000

Code Cache  [0x00007fdd25000000, 0x00007fdd25270000, 0x00007fdd28000000)
 total_blobs=478 nmethods=32 adapters=401 free_code_cache=48582Kb largest_free_block=49733312

Compilation events (10 events):
Event: 0.917 Thread 0x00007fdd280b5800   29             java.lang.String::replace (127 bytes)
Event: 0.923 Thread 0x00007fdd280b2800 nmethod 28 0x00007fdd25089290 code [0x00007fdd25089440, 0x00007fdd25089c28]
Event: 0.926 Thread 0x00007fdd280b5800 nmethod 29 0x00007fdd2508a250 code [0x00007fdd2508a3a0, 0x00007fdd2508a838]
Event: 0.931 Thread 0x00007fdd280b2800   30             java.lang.Math::min (11 bytes)
Event: 0.931 Thread 0x00007fdd280b2800 nmethod 30 0x00007fdd250620d0 code [0x00007fdd25062200, 0x00007fdd25062238]
Event: 1.023 Thread 0x00007fdd280b5800   31   !         java.io.BufferedReader::readLine (304 bytes)
Event: 1.033 Thread 0x00007fdd280b2800   32             sun.nio.cs.UTF_8$Decoder::decodeArrayLoop (543 bytes)
Event: 1.052 Thread 0x00007fdd280b2800 nmethod 32 0x00007fdd2508e0d0 code [0x00007fdd2508e360, 0x00007fdd2508ee30]
Event: 1.054 Thread 0x00007fdd280b5800 nmethod 31 0x00007fdd2508b290 code [0x00007fdd2508b460, 0x00007fdd2508c450]
Event: 1.068 Thread 0x00007fdd280b2800   33             java.lang.String::indexOf (166 bytes)

GC Heap History (0 events):
No events

Deoptimization events (3 events):
Event: 0.094 Thread 0x00007fdd2800a800 Uncommon trap: reason=unstable_if action=reinterpret pc=0x00007fdd25060710 method=java.lang.String.indexOf(II)I @ 49
Event: 0.160 Thread 0x00007fdd2800a800 Uncommon trap: reason=unstable_if action=reinterpret pc=0x00007fdd25064a70 method=java.lang.String.indexOf([CII[CIII)I @ 123
Event: 0.940 Thread 0x00007fdd2800a800 Uncommon trap: reason=unstable_if action=reinterpret pc=0x00007fdd25074468 method=java.lang.String.indexOf([CII[CIII)I @ 3

Internal exceptions (10 events):
Event: 1.062 Thread 0x00007fdd2800a800 Threw 0x00000007ad89cd98 at /home/jmm/jdk2/openjdk-7-7u85-2.6.1/build/openjdk/hotspot/src/share/vm/prims/jvm.cpp:1322
Event: 1.063 Thread 0x00007fdd2800a800 Threw 0x00000007ad8a17c8 at /home/jmm/jdk2/openjdk-7-7u85-2.6.1/build/openjdk/hotspot/src/share/vm/prims/jvm.cpp:1322
Event: 1.064 Thread 0x00007fdd2800a800 Threw 0x00000007ad8a5f30 at /home/jmm/jdk2/openjdk-7-7u85-2.6.1/build/openjdk/hotspot/src/share/vm/prims/jvm.cpp:1322
Event: 1.065 Thread 0x00007fdd2800a800 Threw 0x00000007ad8a97a8 at /home/jmm/jdk2/openjdk-7-7u85-2.6.1/build/openjdk/hotspot/src/share/vm/prims/jvm.cpp:1322
Event: 1.067 Thread 0x00007fdd2800a800 Threw 0x00000007ad8b0638 at /home/jmm/jdk2/openjdk-7-7u85-2.6.1/build/openjdk/hotspot/src/share/vm/prims/jvm.cpp:1322
Event: 1.069 Thread 0x00007fdd2800a800 Threw 0x00000007ad8b46e0 at /home/jmm/jdk2/openjdk-7-7u85-2.6.1/build/openjdk/hotspot/src/share/vm/prims/jvm.cpp:1322
Event: 1.070 Thread 0x00007fdd2800a800 Threw 0x00000007ad8b9218 at /home/jmm/jdk2/openjdk-7-7u85-2.6.1/build/openjdk/hotspot/src/share/vm/prims/jvm.cpp:1322
Event: 1.072 Thread 0x00007fdd2800a800 Threw 0x00000007ad8c5fb0 at /home/jmm/jdk2/openjdk-7-7u85-2.6.1/build/openjdk/hotspot/src/share/vm/prims/jvm.cpp:1322
Event: 1.073 Thread 0x00007fdd2800a800 Threw 0x00000007ad8c9750 at /home/jmm/jdk2/openjdk-7-7u85-2.6.1/build/openjdk/hotspot/src/share/vm/prims/jvm.cpp:1322
Event: 1.074 Thread 0x00007fdd2800a800 Threw 0x00000007ad8ccee0 at /home/jmm/jdk2/openjdk-7-7u85-2.6.1/build/openjdk/hotspot/src/share/vm/prims/jvm.cpp:1322

Events (10 events):
Event: 1.069 loading class 0x00007fdd28a227d0
Event: 1.069 loading class 0x00007fdd28a227d0 done
Event: 1.070 loading class 0x00007fdd289dacb0
Event: 1.070 loading class 0x00007fdd289dacb0 done
Event: 1.072 loading class 0x00007fdd2819a240
Event: 1.072 loading class 0x00007fdd2819a240 done
Event: 1.073 loading class 0x00007fdd2819a270
Event: 1.073 loading class 0x00007fdd2819a270 done
Event: 1.074 loading class 0x00007fdd289dace0
Event: 1.074 loading class 0x00007fdd289dace0 done


Dynamic libraries:
00400000-00401000 r-xp 00000000 08:01 2101986                            /usr/lib/jvm/java-7-openjdk-amd64/jre/bin/java
00600000-00601000 r--p 00000000 08:01 2101986                            /usr/lib/jvm/java-7-openjdk-amd64/jre/bin/java
00601000-00602000 rw-p 00001000 08:01 2101986                            /usr/lib/jvm/java-7-openjdk-amd64/jre/bin/java
009f0000-00a11000 rw-p 00000000 00:00 0                                  [heap]
40138000-4013a000 r-xs 00000000 08:12 34                                 /tmp/.glydX18y (deleted)
41ff7000-42096000 rw-p 00000000 00:00 0 
6fc000000-6fd500000 rw-p 00000000 00:00 0 
6fd500000-706600000 rw-p 00000000 00:00 0 
706600000-710c00000 rw-p 00000000 00:00 0 
710c00000-7acc80000 rw-p 00000000 00:00 0 
7acc80000-7b2000000 rw-p 00000000 00:00 0 
7b2000000-800000000 rw-p 00000000 00:00 0 
7fdcbd568000-7fdcbef65000 r-xp 00000000 08:01 1339821                    /usr/lib/x86_64-linux-gnu/libnvidia-glcore.so.352.55
7fdcbef65000-7fdcbef85000 rwxp 019fd000 08:01 1339821                    /usr/lib/x86_64-linux-gnu/libnvidia-glcore.so.352.55
7fdcbef85000-7fdcbf24c000 r-xp 01a1d000 08:01 1339821                    /usr/lib/x86_64-linux-gnu/libnvidia-glcore.so.352.55
7fdcbf24c000-7fdcbf44b000 ---p 01ce4000 08:01 1339821                    /usr/lib/x86_64-linux-gnu/libnvidia-glcore.so.352.55
7fdcbf44b000-7fdcbffe7000 rw-p 01ce3000 08:01 1339821                    /usr/lib/x86_64-linux-gnu/libnvidia-glcore.so.352.55
7fdcbffe7000-7fdcbfffb000 rw-p 00000000 00:00 0 
7fdcc0000000-7fdcc0021000 rw-p 00000000 00:00 0 
7fdcc0021000-7fdcc4000000 ---p 00000000 00:00 0 
7fdcc4000000-7fdcc4021000 rw-p 00000000 00:00 0 
7fdcc4021000-7fdcc8000000 ---p 00000000 00:00 0 
7fdcc8000000-7fdcc8021000 rw-p 00000000 00:00 0 
7fdcc8021000-7fdccc000000 ---p 00000000 00:00 0 
7fdccd4b5000-7fdccd6b5000 rw-s 33fa55000 00:05 17965                     /dev/nvidiactl
7fdccd6b8000-7fdccd6c9000 r-xp 00000000 08:01 2101924                    /usr/lib/jvm/java-7-openjdk-amd64/jre/lib/amd64/libnio.so
7fdccd6c9000-7fdccd8c8000 ---p 00011000 08:01 2101924                    /usr/lib/jvm/java-7-openjdk-amd64/jre/lib/amd64/libnio.so
7fdccd8c8000-7fdccd8c9000 r--p 00010000 08:01 2101924                    /usr/lib/jvm/java-7-openjdk-amd64/jre/lib/amd64/libnio.so
7fdccd8c9000-7fdccd8ca000 rw-p 00011000 08:01 2101924                    /usr/lib/jvm/java-7-openjdk-amd64/jre/lib/amd64/libnio.so
7fdccd8cd000-7fdccd94d000 rw-s 267ac5000 00:05 17965                     /dev/nvidiactl
7fdccd950000-7fdccd952000 rw-s 00000000 08:12 34                         /tmp/.glydX18y (deleted)
7fdccd958000-7fdccd9d8000 rw-s 3d0280000 00:05 17965                     /dev/nvidiactl
7fdccd9db000-7fdccda5b000 rw-s 35b863000 00:05 17965                     /dev/nvidiactl
7fdccda61000-7fdccdb61000 rw-s 3b24f9000 00:05 17965                     /dev/nvidiactl
7fdccdb68000-7fdccdb7b000 rw-s 33fb18000 00:05 17965                     /dev/nvidiactl
7fdccdb80000-7fdccdba0000 rw-s c0260000 00:05 19540                      /dev/nvidia0
7fdccdba1000-7fdccdba2000 rw-s 33f801000 00:05 17965                     /dev/nvidiactl
7fdccdba6000-7fdccdbaa000 rw-s 235c46000 00:05 17965                     /dev/nvidiactl
7fdccdbac000-7fdccdbad000 rw-s cfd64000 00:05 19540                      /dev/nvidia0
7fdccdbb2000-7fdccdbf2000 rw-s a0e3a000 00:05 17965                      /dev/nvidiactl
7fdccdbf8000-7fdccdc18000 rw-s b8f98000 00:05 17965                      /dev/nvidiactl
7fdccdc1b000-7fdccdc5b000 rw-s a0dbb000 00:05 17965                      /dev/nvidiactl
7fdccdc5e000-7fdccdd12000 rw-s 42b5be000 00:05 17965                     /dev/nvidiactl
7fdccdd18000-7fdccdd1b000 r-xp 00000000 08:01 1339825                    /usr/lib/x86_64-linux-gnu/tls/libnvidia-tls.so.352.55
7fdccdd1b000-7fdccdf1a000 ---p 00003000 08:01 1339825                    /usr/lib/x86_64-linux-gnu/tls/libnvidia-tls.so.352.55
7fdccdf1a000-7fdccdf1b000 rw-p 00002000 08:01 1339825                    /usr/lib/x86_64-linux-gnu/tls/libnvidia-tls.so.352.55
7fdccdf20000-7fdccdfde000 r-xp 00000000 08:01 1339822                    /usr/lib/x86_64-linux-gnu/libGL.so.352.55
7fdccdfde000-7fdcce011000 rwxp 000be000 08:01 1339822                    /usr/lib/x86_64-linux-gnu/libGL.so.352.55
7fdcce011000-7fdcce023000 r-xp 000f1000 08:01 1339822                    /usr/lib/x86_64-linux-gnu/libGL.so.352.55
7fdcce023000-7fdcce222000 ---p 00103000 08:01 1339822                    /usr/lib/x86_64-linux-gnu/libGL.so.352.55
7fdcce222000-7fdcce24a000 rw-p 00102000 08:01 1339822                    /usr/lib/x86_64-linux-gnu/libGL.so.352.55
7fdcce24a000-7fdcce250000 rw-p 00000000 00:00 0 
7fdcce257000-7fdcce25a000 ---p 00000000 00:00 0 
7fdcce25a000-7fdcce290000 rw-p 00000000 00:00 0                          [stack:14192]
7fdcce290000-7fdcce295000 r-xp 00000000 08:01 1317786                    /usr/lib/x86_64-linux-gnu/libXxf86vm.so.1.0.0
7fdcce295000-7fdcce494000 ---p 00005000 08:01 1317786                    /usr/lib/x86_64-linux-gnu/libXxf86vm.so.1.0.0
7fdcce494000-7fdcce495000 r--p 00004000 08:01 1317786                    /usr/lib/x86_64-linux-gnu/libXxf86vm.so.1.0.0
7fdcce495000-7fdcce496000 rw-p 00005000 08:01 1317786                    /usr/lib/x86_64-linux-gnu/libXxf86vm.so.1.0.0
7fdcce498000-7fdcce4a1000 r-xp 00000000 08:01 1317776                    /usr/lib/x86_64-linux-gnu/libXrandr.so.2.2.0
7fdcce4a1000-7fdcce6a0000 ---p 00009000 08:01 1317776                    /usr/lib/x86_64-linux-gnu/libXrandr.so.2.2.0
7fdcce6a0000-7fdcce6a1000 r--p 00008000 08:01 1317776                    /usr/lib/x86_64-linux-gnu/libXrandr.so.2.2.0
7fdcce6a1000-7fdcce6a2000 rw-p 00009000 08:01 1317776                    /usr/lib/x86_64-linux-gnu/libXrandr.so.2.2.0
7fdcce6a8000-7fdcce718000 r-xp 00000000 08:13 9045172                    /home/mart/IdeaProjects/Multiplayer World 2/libs/liblwjgl64.so
7fdcce718000-7fdcce918000 ---p 00070000 08:13 9045172                    /home/mart/IdeaProjects/Multiplayer World 2/libs/liblwjgl64.so
7fdcce918000-7fdcce91a000 r--p 00070000 08:13 9045172                    /home/mart/IdeaProjects/Multiplayer World 2/libs/liblwjgl64.so
7fdcce91a000-7fdcce91b000 rw-p 00072000 08:13 9045172                    /home/mart/IdeaProjects/Multiplayer World 2/libs/liblwjgl64.so
7fdcce920000-7fdcce921000 r-xp 00000000 08:01 2101945                    /usr/lib/jvm/java-7-openjdk-amd64/jre/lib/amd64/libjawt.so
7fdcce921000-7fdcceb20000 ---p 00001000 08:01 2101945                    /usr/lib/jvm/java-7-openjdk-amd64/jre/lib/amd64/libjawt.so
7fdcceb20000-7fdcceb21000 r--p 00000000 08:01 2101945                    /usr/lib/jvm/java-7-openjdk-amd64/jre/lib/amd64/libjawt.so
7fdcceb21000-7fdcceb22000 rw-p 00001000 08:01 2101945                    /usr/lib/jvm/java-7-openjdk-amd64/jre/lib/amd64/libjawt.so
7fdcceb27000-7fdcceb2a000 ---p 00000000 00:00 0 
7fdcceb2a000-7fdccec28000 rw-p 00000000 00:00 0                          [stack:14190]
7fdccec28000-7fdccec2d000 r-xp 00000000 08:01 1318319                    /usr/lib/x86_64-linux-gnu/libXfixes.so.3.1.0
7fdccec2d000-7fdccee2c000 ---p 00005000 08:01 1318319                    /usr/lib/x86_64-linux-gnu/libXfixes.so.3.1.0
7fdccee2c000-7fdccee2d000 r--p 00004000 08:01 1318319                    /usr/lib/x86_64-linux-gnu/libXfixes.so.3.1.0
7fdccee2d000-7fdccee2e000 rw-p 00005000 08:01 1318319                    /usr/lib/x86_64-linux-gnu/libXfixes.so.3.1.0
7fdccee30000-7fdccee3a000 r-xp 00000000 08:01 1318351                    /usr/lib/x86_64-linux-gnu/libXcursor.so.1.0.2
7fdccee3a000-7fdccf039000 ---p 0000a000 08:01 1318351                    /usr/lib/x86_64-linux-gnu/libXcursor.so.1.0.2
7fdccf039000-7fdccf03a000 r--p 00009000 08:01 1318351                    /usr/lib/x86_64-linux-gnu/libXcursor.so.1.0.2
7fdccf03a000-7fdccf03b000 rw-p 0000a000 08:01 1318351                    /usr/lib/x86_64-linux-gnu/libXcursor.so.1.0.2
7fdccf03f000-7fdccf042000 ---p 00000000 00:00 0 
7fdccf042000-7fdccf140000 rw-p 00000000 00:00 0                          [stack:14189]
7fdccf140000-7fdccf187000 r-xp 00000000 08:01 6423007                    /lib/x86_64-linux-gnu/libdbus-1.so.3.8.13
7fdccf187000-7fdccf386000 ---p 00047000 08:01 6423007                    /lib/x86_64-linux-gnu/libdbus-1.so.3.8.13
7fdccf386000-7fdccf387000 r--p 00046000 08:01 6423007                    /lib/x86_64-linux-gnu/libdbus-1.so.3.8.13
7fdccf387000-7fdccf388000 rw-p 00047000 08:01 6423007                    /lib/x86_64-linux-gnu/libdbus-1.so.3.8.13
7fdccf388000-7fdccf409000 r-xp 00000000 08:01 1315106                    /usr/lib/x86_64-linux-gnu/libgmp.so.10.2.0
7fdccf409000-7fdccf609000 ---p 00081000 08:01 1315106                    /usr/lib/x86_64-linux-gnu/libgmp.so.10.2.0
7fdccf609000-7fdccf60a000 r--p 00081000 08:01 1315106                    /usr/lib/x86_64-linux-gnu/libgmp.so.10.2.0
7fdccf60a000-7fdccf60b000 rw-p 00082000 08:01 1315106                    /usr/lib/x86_64-linux-gnu/libgmp.so.10.2.0
7fdccf610000-7fdccf63e000 r-xp 00000000 08:01 1315110                    /usr/lib/x86_64-linux-gnu/libhogweed.so.2.5
7fdccf63e000-7fdccf83d000 ---p 0002e000 08:01 1315110                    /usr/lib/x86_64-linux-gnu/libhogweed.so.2.5
7fdccf83d000-7fdccf83e000 r--p 0002d000 08:01 1315110                    /usr/lib/x86_64-linux-gnu/libhogweed.so.2.5
7fdccf83e000-7fdccf83f000 rw-p 0002e000 08:01 1315110                    /usr/lib/x86_64-linux-gnu/libhogweed.so.2.5
7fdccf840000-7fdccf870000 r-xp 00000000 08:01 1315108                    /usr/lib/x86_64-linux-gnu/libnettle.so.4.7
7fdccf870000-7fdccfa70000 ---p 00030000 08:01 1315108                    /usr/lib/x86_64-linux-gnu/libnettle.so.4.7
7fdccfa70000-7fdccfa71000 r--p 00030000 08:01 1315108                    /usr/lib/x86_64-linux-gnu/libnettle.so.4.7
7fdccfa71000-7fdccfa72000 rw-p 00031000 08:01 1315108                    /usr/lib/x86_64-linux-gnu/libnettle.so.4.7
7fdccfa78000-7fdccfa89000 r-xp 00000000 08:01 1315458                    /usr/lib/x86_64-linux-gnu/libtasn1.so.6.3.2
7fdccfa89000-7fdccfc89000 ---p 00011000 08:01 1315458                    /usr/lib/x86_64-linux-gnu/libtasn1.so.6.3.2
7fdccfc89000-7fdccfc8b000 r--p 00011000 08:01 1315458                    /usr/lib/x86_64-linux-gnu/libtasn1.so.6.3.2
7fdccfc8b000-7fdccfc8c000 rw-p 00013000 08:01 1315458                    /usr/lib/x86_64-linux-gnu/libtasn1.so.6.3.2
7fdccfc90000-7fdccfccc000 r-xp 00000000 08:01 1315113                    /usr/lib/x86_64-linux-gnu/libp11-kit.so.0.0.0
7fdccfccc000-7fdccfecb000 ---p 0003c000 08:01 1315113                    /usr/lib/x86_64-linux-gnu/libp11-kit.so.0.0.0
7fdccfecb000-7fdccfed4000 r--p 0003b000 08:01 1315113                    /usr/lib/x86_64-linux-gnu/libp11-kit.so.0.0.0
7fdccfed4000-7fdccfed6000 rw-p 00044000 08:01 1315113                    /usr/lib/x86_64-linux-gnu/libp11-kit.so.0.0.0
7fdccfed8000-7fdccfedb000 r-xp 00000000 08:01 6422538                    /lib/x86_64-linux-gnu/libkeyutils.so.1.5
7fdccfedb000-7fdcd00da000 ---p 00003000 08:01 6422538                    /lib/x86_64-linux-gnu/libkeyutils.so.1.5
7fdcd00da000-7fdcd00db000 r--p 00002000 08:01 6422538                    /lib/x86_64-linux-gnu/libkeyutils.so.1.5
7fdcd00db000-7fdcd00dc000 rw-p 00003000 08:01 6422538                    /lib/x86_64-linux-gnu/libkeyutils.so.1.5
7fdcd00e0000-7fdcd00eb000 r-xp 00000000 08:01 1317160                    /usr/lib/x86_64-linux-gnu/libkrb5support.so.0.1
7fdcd00eb000-7fdcd02ea000 ---p 0000b000 08:01 1317160                    /usr/lib/x86_64-linux-gnu/libkrb5support.so.0.1
7fdcd02ea000-7fdcd02eb000 r--p 0000a000 08:01 1317160                    /usr/lib/x86_64-linux-gnu/libkrb5support.so.0.1
7fdcd02eb000-7fdcd02ec000 rw-p 0000b000 08:01 1317160                    /usr/lib/x86_64-linux-gnu/libkrb5support.so.0.1
7fdcd02f0000-7fdcd02f3000 r-xp 00000000 08:01 6422616                    /lib/x86_64-linux-gnu/libcom_err.so.2.1
7fdcd02f3000-7fdcd04f2000 ---p 00003000 08:01 6422616                    /lib/x86_64-linux-gnu/libcom_err.so.2.1
7fdcd04f2000-7fdcd04f3000 r--p 00002000 08:01 6422616                    /lib/x86_64-linux-gnu/libcom_err.so.2.1
7fdcd04f3000-7fdcd04f4000 rw-p 00003000 08:01 6422616                    /lib/x86_64-linux-gnu/libcom_err.so.2.1
7fdcd04f8000-7fdcd0526000 r-xp 00000000 08:01 1317162                    /usr/lib/x86_64-linux-gnu/libk5crypto.so.3.1
7fdcd0526000-7fdcd0725000 ---p 0002e000 08:01 1317162                    /usr/lib/x86_64-linux-gnu/libk5crypto.so.3.1
7fdcd0725000-7fdcd0727000 r--p 0002d000 08:01 1317162                    /usr/lib/x86_64-linux-gnu/libk5crypto.so.3.1
7fdcd0727000-7fdcd0728000 rw-p 0002f000 08:01 1317162                    /usr/lib/x86_64-linux-gnu/libk5crypto.so.3.1
7fdcd0728000-7fdcd0729000 rw-p 00000000 00:00 0 
7fdcd0730000-7fdcd07f4000 r-xp 00000000 08:01 1317164                    /usr/lib/x86_64-linux-gnu/libkrb5.so.3.3
7fdcd07f4000-7fdcd09f4000 ---p 000c4000 08:01 1317164                    /usr/lib/x86_64-linux-gnu/libkrb5.so.3.3
7fdcd09f4000-7fdcd0a01000 r--p 000c4000 08:01 1317164                    /usr/lib/x86_64-linux-gnu/libkrb5.so.3.3
7fdcd0a01000-7fdcd0a04000 rw-p 000d1000 08:01 1317164                    /usr/lib/x86_64-linux-gnu/libkrb5.so.3.3
7fdcd0a08000-7fdcd0a0d000 r-xp 00000000 08:01 1317761                    /usr/lib/x86_64-linux-gnu/libXdmcp.so.6.0.0
7fdcd0a0d000-7fdcd0c0c000 ---p 00005000 08:01 1317761                    /usr/lib/x86_64-linux-gnu/libXdmcp.so.6.0.0
7fdcd0c0c000-7fdcd0c0d000 rw-p 00004000 08:01 1317761                    /usr/lib/x86_64-linux-gnu/libXdmcp.so.6.0.0
7fdcd0c10000-7fdcd0c13000 r-xp 00000000 08:01 1317759                    /usr/lib/x86_64-linux-gnu/libXau.so.6.0.0
7fdcd0c13000-7fdcd0e12000 ---p 00003000 08:01 1317759                    /usr/lib/x86_64-linux-gnu/libXau.so.6.0.0
7fdcd0e12000-7fdcd0e13000 r--p 00002000 08:01 1317759                    /usr/lib/x86_64-linux-gnu/libXau.so.6.0.0
7fdcd0e13000-7fdcd0e14000 rw-p 00003000 08:01 1317759                    /usr/lib/x86_64-linux-gnu/libXau.so.6.0.0
7fdcd0e18000-7fdcd0e3e000 r-xp 00000000 08:01 6423568                    /lib/x86_64-linux-gnu/libpng12.so.0.50.0
7fdcd0e3e000-7fdcd103d000 ---p 00026000 08:01 6423568                    /lib/x86_64-linux-gnu/libpng12.so.0.50.0
7fdcd103d000-7fdcd103e000 r--p 00025000 08:01 6423568                    /lib/x86_64-linux-gnu/libpng12.so.0.50.0
7fdcd103e000-7fdcd103f000 rw-p 00026000 08:01 6423568                    /lib/x86_64-linux-gnu/libpng12.so.0.50.0
7fdcd1040000-7fdcd1066000 r-xp 00000000 08:01 6422533                    /lib/x86_64-linux-gnu/libexpat.so.1.6.0
7fdcd1066000-7fdcd1265000 ---p 00026000 08:01 6422533                    /lib/x86_64-linux-gnu/libexpat.so.1.6.0
7fdcd1265000-7fdcd1268000 r--p 00025000 08:01 6422533                    /lib/x86_64-linux-gnu/libexpat.so.1.6.0
7fdcd1268000-7fdcd1269000 rw-p 00028000 08:01 6422533                    /lib/x86_64-linux-gnu/libexpat.so.1.6.0
7fdcd1270000-7fdcd1280000 r-xp 00000000 08:01 1317911                    /usr/lib/x86_64-linux-gnu/libavahi-client.so.3.2.9
7fdcd1280000-7fdcd147f000 ---p 00010000 08:01 1317911                    /usr/lib/x86_64-linux-gnu/libavahi-client.so.3.2.9
7fdcd147f000-7fdcd1480000 r--p 0000f000 08:01 1317911                    /usr/lib/x86_64-linux-gnu/libavahi-client.so.3.2.9
7fdcd1480000-7fdcd1481000 rw-p 00010000 08:01 1317911                    /usr/lib/x86_64-linux-gnu/libavahi-client.so.3.2.9
7fdcd1488000-7fdcd1494000 r-xp 00000000 08:01 1317908                    /usr/lib/x86_64-linux-gnu/libavahi-common.so.3.5.3
7fdcd1494000-7fdcd1693000 ---p 0000c000 08:01 1317908                    /usr/lib/x86_64-linux-gnu/libavahi-common.so.3.5.3
7fdcd1693000-7fdcd1694000 r--p 0000b000 08:01 1317908                    /usr/lib/x86_64-linux-gnu/libavahi-common.so.3.5.3
7fdcd1694000-7fdcd1695000 rw-p 0000c000 08:01 1317908                    /usr/lib/x86_64-linux-gnu/libavahi-common.so.3.5.3
7fdcd1698000-7fdcd17ab000 r-xp 00000000 08:01 1314044                    /usr/lib/x86_64-linux-gnu/libgnutls-deb0.so.28.41.0
7fdcd17ab000-7fdcd19ab000 ---p 00113000 08:01 1314044                    /usr/lib/x86_64-linux-gnu/libgnutls-deb0.so.28.41.0
7fdcd19ab000-7fdcd19b4000 r--p 00113000 08:01 1314044                    /usr/lib/x86_64-linux-gnu/libgnutls-deb0.so.28.41.0
7fdcd19b4000-7fdcd19b6000 rw-p 0011c000 08:01 1314044                    /usr/lib/x86_64-linux-gnu/libgnutls-deb0.so.28.41.0
7fdcd19b6000-7fdcd19b7000 rw-p 00000000 00:00 0 
7fdcd19b8000-7fdcd19fe000 r-xp 00000000 08:01 1317167                    /usr/lib/x86_64-linux-gnu/libgssapi_krb5.so.2.2
7fdcd19fe000-7fdcd1bfe000 ---p 00046000 08:01 1317167                    /usr/lib/x86_64-linux-gnu/libgssapi_krb5.so.2.2
7fdcd1bfe000-7fdcd1c00000 r--p 00046000 08:01 1317167                    /usr/lib/x86_64-linux-gnu/libgssapi_krb5.so.2.2
7fdcd1c00000-7fdcd1c02000 rw-p 00048000 08:01 1317167                    /usr/lib/x86_64-linux-gnu/libgssapi_krb5.so.2.2
7fdcd1c08000-7fdcd1c29000 r-xp 00000000 08:01 1317763                    /usr/lib/x86_64-linux-gnu/libxcb.so.1.1.0
7fdcd1c29000-7fdcd1e28000 ---p 00021000 08:01 1317763                    /usr/lib/x86_64-linux-gnu/libxcb.so.1.1.0
7fdcd1e28000-7fdcd1e29000 r--p 00020000 08:01 1317763                    /usr/lib/x86_64-linux-gnu/libxcb.so.1.1.0
7fdcd1e29000-7fdcd1e2a000 rw-p 00021000 08:01 1317763                    /usr/lib/x86_64-linux-gnu/libxcb.so.1.1.0
7fdcd1e30000-7fdcd1ed4000 r-xp 00000000 08:01 1318123                    /usr/lib/x86_64-linux-gnu/libfreetype.so.6.11.1
7fdcd1ed4000-7fdcd20d3000 ---p 000a4000 08:01 1318123                    /usr/lib/x86_64-linux-gnu/libfreetype.so.6.11.1
7fdcd20d3000-7fdcd20d9000 r--p 000a3000 08:01 1318123                    /usr/lib/x86_64-linux-gnu/libfreetype.so.6.11.1
7fdcd20d9000-7fdcd20da000 rw-p 000a9000 08:01 1318123                    /usr/lib/x86_64-linux-gnu/libfreetype.so.6.11.1
7fdcd20e0000-7fdcd211b000 r-xp 00000000 08:01 1318125                    /usr/lib/x86_64-linux-gnu/libfontconfig.so.1.8.0
7fdcd211b000-7fdcd231a000 ---p 0003b000 08:01 1318125                    /usr/lib/x86_64-linux-gnu/libfontconfig.so.1.8.0
7fdcd231a000-7fdcd231c000 r--p 0003a000 08:01 1318125                    /usr/lib/x86_64-linux-gnu/libfontconfig.so.1.8.0
7fdcd231c000-7fdcd231d000 rw-p 0003c000 08:01 1318125                    /usr/lib/x86_64-linux-gnu/libfontconfig.so.1.8.0
7fdcd2320000-7fdcd2390000 r-xp 00000000 08:01 1317913                    /usr/lib/x86_64-linux-gnu/libcups.so.2
7fdcd2390000-7fdcd258f000 ---p 00070000 08:01 1317913                    /usr/lib/x86_64-linux-gnu/libcups.so.2
7fdcd258f000-7fdcd2597000 r--p 0006f000 08:01 1317913                    /usr/lib/x86_64-linux-gnu/libcups.so.2
7fdcd2597000-7fdcd2598000 rw-p 00077000 08:01 1317913                    /usr/lib/x86_64-linux-gnu/libcups.so.2
7fdcd2598000-7fdcd25a7000 r-xp 00000000 08:01 1318353                    /usr/lib/x86_64-linux-gnu/libXi.so.6.1.0
7fdcd25a7000-7fdcd27a6000 ---p 0000f000 08:01 1318353                    /usr/lib/x86_64-linux-gnu/libXi.so.6.1.0
7fdcd27a6000-7fdcd27a7000 r--p 0000e000 08:01 1318353                    /usr/lib/x86_64-linux-gnu/libXi.so.6.1.0
7fdcd27a7000-7fdcd27a8000 rw-p 0000f000 08:01 1318353                    /usr/lib/x86_64-linux-gnu/libXi.so.6.1.0
7fdcd27a8000-7fdcd27ad000 r-xp 00000000 08:01 1318983                    /usr/lib/x86_64-linux-gnu/libXtst.so.6.1.0
7fdcd27ad000-7fdcd29ac000 ---p 00005000 08:01 1318983                    /usr/lib/x86_64-linux-gnu/libXtst.so.6.1.0
7fdcd29ac000-7fdcd29ad000 r--p 00004000 08:01 1318983                    /usr/lib/x86_64-linux-gnu/libXtst.so.6.1.0
7fdcd29ad000-7fdcd29ae000 rw-p 00005000 08:01 1318983                    /usr/lib/x86_64-linux-gnu/libXtst.so.6.1.0
7fdcd29b0000-7fdcd29b9000 r-xp 00000000 08:01 1317774                    /usr/lib/x86_64-linux-gnu/libXrender.so.1.3.0
7fdcd29b9000-7fdcd2bb8000 ---p 00009000 08:01 1317774                    /usr/lib/x86_64-linux-gnu/libXrender.so.1.3.0
7fdcd2bb8000-7fdcd2bb9000 r--p 00008000 08:01 1317774                    /usr/lib/x86_64-linux-gnu/libXrender.so.1.3.0
7fdcd2bb9000-7fdcd2bba000 rw-p 00009000 08:01 1317774                    /usr/lib/x86_64-linux-gnu/libXrender.so.1.3.0
7fdcd2bc0000-7fdcd2cfc000 r-xp 00000000 08:01 1317767                    /usr/lib/x86_64-linux-gnu/libX11.so.6.3.0
7fdcd2cfc000-7fdcd2efb000 ---p 0013c000 08:01 1317767                    /usr/lib/x86_64-linux-gnu/libX11.so.6.3.0
7fdcd2efb000-7fdcd2efd000 r--p 0013b000 08:01 1317767                    /usr/lib/x86_64-linux-gnu/libX11.so.6.3.0
7fdcd2efd000-7fdcd2f02000 rw-p 0013d000 08:01 1317767                    /usr/lib/x86_64-linux-gnu/libX11.so.6.3.0
7fdcd2f02000-7fdcd2f03000 rw-p 00000000 00:00 0 
7fdcd2f08000-7fdcd2f19000 r-xp 00000000 08:01 1317770                    /usr/lib/x86_64-linux-gnu/libXext.so.6.4.0
7fdcd2f19000-7fdcd3118000 ---p 00011000 08:01 1317770                    /usr/lib/x86_64-linux-gnu/libXext.so.6.4.0
7fdcd3118000-7fdcd3119000 r--p 00010000 08:01 1317770                    /usr/lib/x86_64-linux-gnu/libXext.so.6.4.0
7fdcd3119000-7fdcd311a000 rw-p 00011000 08:01 1317770                    /usr/lib/x86_64-linux-gnu/libXext.so.6.4.0
7fdcd311c000-7fdcd311d000 rw-s cfd64000 00:05 19540                      /dev/nvidia0
7fdcd3124000-7fdcd3144000 rw-s b0274000 00:05 17965                      /dev/nvidiactl
7fdcd3148000-7fdcd3191000 r-xp 00000000 08:01 2235730                    /usr/lib/jvm/java-7-openjdk-amd64/jre/lib/amd64/xawt/libmawt.so
7fdcd3191000-7fdcd3390000 ---p 00049000 08:01 2235730                    /usr/lib/jvm/java-7-openjdk-amd64/jre/lib/amd64/xawt/libmawt.so
7fdcd3390000-7fdcd3391000 r--p 00048000 08:01 2235730                    /usr/lib/jvm/java-7-openjdk-amd64/jre/lib/amd64/xawt/libmawt.so
7fdcd3391000-7fdcd3394000 rw-p 00049000 08:01 2235730                    /usr/lib/jvm/java-7-openjdk-amd64/jre/lib/amd64/xawt/libmawt.so
7fdcd3394000-7fdcd3395000 rw-p 00000000 00:00 0 
7fdcd3398000-7fdcd3439000 r-xp 00000000 08:01 2101931                    /usr/lib/jvm/java-7-openjdk-amd64/jre/lib/amd64/libawt.so
7fdcd3439000-7fdcd3638000 ---p 000a1000 08:01 2101931                    /usr/lib/jvm/java-7-openjdk-amd64/jre/lib/amd64/libawt.so
7fdcd3638000-7fdcd3639000 r--p 000a0000 08:01 2101931                    /usr/lib/jvm/java-7-openjdk-amd64/jre/lib/amd64/libawt.so
7fdcd3639000-7fdcd3644000 rw-p 000a1000 08:01 2101931                    /usr/lib/jvm/java-7-openjdk-amd64/jre/lib/amd64/libawt.so
7fdcd3644000-7fdcd3669000 rw-p 00000000 00:00 0 
7fdcd366f000-7fdcd3970000 rw-p 00000000 00:00 0 
7fdcd3970000-7fdcd39dc000 r-xp 00000000 08:01 6423678                    /lib/x86_64-linux-gnu/libpcre.so.3.13.1
7fdcd39dc000-7fdcd3bdc000 ---p 0006c000 08:01 6423678                    /lib/x86_64-linux-gnu/libpcre.so.3.13.1
7fdcd3bdc000-7fdcd3bdd000 r--p 0006c000 08:01 6423678                    /lib/x86_64-linux-gnu/libpcre.so.3.13.1
7fdcd3bdd000-7fdcd3bde000 rw-p 0006d000 08:01 6423678                    /lib/x86_64-linux-gnu/libpcre.so.3.13.1
7fdcd3be0000-7fdcd3be7000 r-xp 00000000 08:01 1315076                    /usr/lib/x86_64-linux-gnu/libffi.so.6.0.2
7fdcd3be7000-7fdcd3de6000 ---p 00007000 08:01 1315076                    /usr/lib/x86_64-linux-gnu/libffi.so.6.0.2
7fdcd3de6000-7fdcd3de7000 r--p 00006000 08:01 1315076                    /usr/lib/x86_64-linux-gnu/libffi.so.6.0.2
7fdcd3de7000-7fdcd3de8000 rw-p 00007000 08:01 1315076                    /usr/lib/x86_64-linux-gnu/libffi.so.6.0.2
7fdcd3de8000-7fdcd3dfc000 r-xp 00000000 08:01 6425568                    /lib/x86_64-linux-gnu/libresolv-2.19.so
7fdcd3dfc000-7fdcd3ffb000 ---p 00014000 08:01 6425568                    /lib/x86_64-linux-gnu/libresolv-2.19.so
7fdcd3ffb000-7fdcd3ffc000 r--p 00013000 08:01 6425568                    /lib/x86_64-linux-gnu/libresolv-2.19.so
7fdcd3ffc000-7fdcd3ffd000 rw-p 00014000 08:01 6425568                    /lib/x86_64-linux-gnu/libresolv-2.19.so
7fdcd3ffd000-7fdcd3fff000 rw-p 00000000 00:00 0 
7fdcd4000000-7fdcd4021000 rw-p 00000000 00:00 0 
7fdcd4021000-7fdcd8000000 ---p 00000000 00:00 0 
7fdcd8000000-7fdcd8027000 rw-p 00000000 00:00 0 
7fdcd8027000-7fdcdc000000 ---p 00000000 00:00 0 
7fdcdc000000-7fdcdc1c9000 rw-p 00000000 00:00 0 
7fdcdc1c9000-7fdce0000000 ---p 00000000 00:00 0 
7fdce0000000-7fdce0021000 rw-p 00000000 00:00 0 
7fdce0021000-7fdce4000000 ---p 00000000 00:00 0 
7fdce4000000-7fdce4021000 rw-p 00000000 00:00 0 
7fdce4021000-7fdce8000000 ---p 00000000 00:00 0 
7fdce8000000-7fdce81a9000 rw-p 00000000 00:00 0 
7fdce81a9000-7fdcec000000 ---p 00000000 00:00 0 
7fdcec000000-7fdcec021000 rw-p 00000000 00:00 0 
7fdcec021000-7fdcf0000000 ---p 00000000 00:00 0 
7fdcf0000000-7fdcf0021000 rw-p 00000000 00:00 0 
7fdcf0021000-7fdcf4000000 ---p 00000000 00:00 0 
7fdcf4000000-7fdcf4021000 rw-p 00000000 00:00 0 
7fdcf4021000-7fdcf8000000 ---p 00000000 00:00 0 
7fdcf8002000-7fdcf8003000 rw-s fd642000 00:05 19540                      /dev/nvidia0
7fdcf8008000-7fdcf8029000 r-xp 00000000 08:01 6422627                    /lib/x86_64-linux-gnu/libselinux.so.1
7fdcf8029000-7fdcf8229000 ---p 00021000 08:01 6422627                    /lib/x86_64-linux-gnu/libselinux.so.1
7fdcf8229000-7fdcf822a000 r--p 00021000 08:01 6422627                    /lib/x86_64-linux-gnu/libselinux.so.1
7fdcf822a000-7fdcf822b000 rw-p 00022000 08:01 6422627                    /lib/x86_64-linux-gnu/libselinux.so.1
7fdcf822b000-7fdcf822d000 rw-p 00000000 00:00 0 
7fdcf8230000-7fdcf8233000 r-xp 00000000 08:01 1318028                    /usr/lib/x86_64-linux-gnu/libgmodule-2.0.so.0.4200.1
7fdcf8233000-7fdcf8432000 ---p 00003000 08:01 1318028                    /usr/lib/x86_64-linux-gnu/libgmodule-2.0.so.0.4200.1
7fdcf8432000-7fdcf8433000 r--p 00002000 08:01 1318028                    /usr/lib/x86_64-linux-gnu/libgmodule-2.0.so.0.4200.1
7fdcf8433000-7fdcf8434000 rw-p 00003000 08:01 1318028                    /usr/lib/x86_64-linux-gnu/libgmodule-2.0.so.0.4200.1
7fdcf8438000-7fdcf8544000 r-xp 00000000 08:01 6423013                    /lib/x86_64-linux-gnu/libglib-2.0.so.0.4200.1
7fdcf8544000-7fdcf8744000 ---p 0010c000 08:01 6423013                    /lib/x86_64-linux-gnu/libglib-2.0.so.0.4200.1
7fdcf8744000-7fdcf8745000 r--p 0010c000 08:01 6423013                    /lib/x86_64-linux-gnu/libglib-2.0.so.0.4200.1
7fdcf8745000-7fdcf8746000 rw-p 0010d000 08:01 6423013                    /lib/x86_64-linux-gnu/libglib-2.0.so.0.4200.1
7fdcf8746000-7fdcf8747000 rw-p 00000000 00:00 0 
7fdcf8748000-7fdcf8799000 r-xp 00000000 08:01 1318029                    /usr/lib/x86_64-linux-gnu/libgobject-2.0.so.0.4200.1
7fdcf8799000-7fdcf8998000 ---p 00051000 08:01 1318029                    /usr/lib/x86_64-linux-gnu/libgobject-2.0.so.0.4200.1
7fdcf8998000-7fdcf8999000 r--p 00050000 08:01 1318029                    /usr/lib/x86_64-linux-gnu/libgobject-2.0.so.0.4200.1
7fdcf8999000-7fdcf899a000 rw-p 00051000 08:01 1318029                    /usr/lib/x86_64-linux-gnu/libgobject-2.0.so.0.4200.1
7fdcf89a0000-7fdcf8b11000 r-xp 00000000 08:01 1318031                    /usr/lib/x86_64-linux-gnu/libgio-2.0.so.0.4200.1
7fdcf8b11000-7fdcf8d11000 ---p 00171000 08:01 1318031                    /usr/lib/x86_64-linux-gnu/libgio-2.0.so.0.4200.1
7fdcf8d11000-7fdcf8d15000 r--p 00171000 08:01 1318031                    /usr/lib/x86_64-linux-gnu/libgio-2.0.so.0.4200.1
7fdcf8d15000-7fdcf8d17000 rw-p 00175000 08:01 1318031                    /usr/lib/x86_64-linux-gnu/libgio-2.0.so.0.4200.1
7fdcf8d17000-7fdcf8d19000 rw-p 00000000 00:00 0 
7fdcf8d1b000-7fdcf8d1c000 rw-s 418c63000 00:05 17965                     /dev/nvidiactl
7fdcf8d21000-7fdcf8d22000 rw-s fd641000 00:05 19540                      /dev/nvidia0
7fdcf8d28000-7fdcf8d29000 rw-s 41ad40000 00:05 17965                     /dev/nvidiactl
7fdcf8d2c000-7fdcf8d2d000 rw-s 7daac000 00:05 17965                      /dev/nvidiactl
7fdcf8d30000-7fdcf8d31000 rw-s fd060000 00:05 19540                      /dev/nvidia0
7fdcf8d38000-7fdcf8d39000 r--p 00000000 08:01 1314157                    /usr/share/locale/en_GB/LC_MESSAGES/libc.mo
7fdcf8d3b000-7fdcf8d46000 r--s 00203000 08:01 2101903                    /usr/lib/jvm/java-7-openjdk-amd64/jre/lib/charsets.jar
7fdcf8d48000-7fdcf8d60000 r-xp 00000000 08:01 2101942                    /usr/lib/jvm/java-7-openjdk-amd64/jre/lib/amd64/libnet.so
7fdcf8d60000-7fdcf8f5f000 ---p 00018000 08:01 2101942                    /usr/lib/jvm/java-7-openjdk-amd64/jre/lib/amd64/libnet.so
7fdcf8f5f000-7fdcf8f60000 r--p 00017000 08:01 2101942                    /usr/lib/jvm/java-7-openjdk-amd64/jre/lib/amd64/libnet.so
7fdcf8f60000-7fdcf8f61000 rw-p 00018000 08:01 2101942                    /usr/lib/jvm/java-7-openjdk-amd64/jre/lib/amd64/libnet.so
7fdcf8f67000-7fdcf8f6a000 ---p 00000000 00:00 0 
7fdcf8f6a000-7fdcf9068000 rw-p 00000000 00:00 0                          [stack:14187]
7fdcf9068000-7fdcf9069000 r-xp 00000000 08:01 1573728                    /opt/intellij-idea/bin/libbreakgen64.so
7fdcf9069000-7fdcf9268000 ---p 00001000 08:01 1573728                    /opt/intellij-idea/bin/libbreakgen64.so
7fdcf9268000-7fdcf9269000 r--p 00000000 08:01 1573728                    /opt/intellij-idea/bin/libbreakgen64.so
7fdcf9269000-7fdcf926a000 rw-p 00001000 08:01 1573728                    /opt/intellij-idea/bin/libbreakgen64.so
7fdcf9271000-7fdcf9273000 r--s 00019000 08:01 1578241                    /opt/intellij-idea/lib/idea_rt.jar
7fdcf927a000-7fdcf927b000 r--s 00002000 08:13 4850952                    /home/mart/IdeaProjects/Multiplayer World 2/libs/PNGDecoder.jar
7fdcf927f000-7fdcf9282000 r--s 00017000 08:13 9045358                    /home/mart/IdeaProjects/Multiplayer World 2/libs/slick-util.jar
7fdcf9287000-7fdcf928b000 r--s 00027000 08:13 9045357                    /home/mart/IdeaProjects/Multiplayer World 2/libs/lwjgl_util.jar
7fdcf928b000-7fdcf929a000 r--s 000f3000 08:13 9045342                    /home/mart/IdeaProjects/Multiplayer World 2/libs/lwjgl.jar
7fdcf929f000-7fdcf92ad000 r--s 0010f000 08:01 2101969                    /usr/lib/jvm/java-7-openjdk-amd64/jre/lib/rhino.jar
7fdcf92ae000-7fdcf92b8000 r--s 000ae000 08:01 2101899                    /usr/lib/jvm/java-7-openjdk-amd64/jre/lib/resources.jar
7fdcf92b8000-7fdcf92b9000 r--s 00000000 08:01 2101978                    /usr/lib/jvm/java-7-openjdk-amd64/jre/lib/management-agent.jar
7fdcf92be000-7fdcf92c3000 r--s 0004e000 08:01 2101968                    /usr/lib/jvm/java-7-openjdk-amd64/jre/lib/jsse.jar
7fdcf92c3000-7fdcf92ce000 r--s 00203000 08:01 2101903                    /usr/lib/jvm/java-7-openjdk-amd64/jre/lib/charsets.jar
7fdcf92d3000-7fdcf92d4000 ---p 00000000 00:00 0 
7fdcf92d4000-7fdcf93d4000 rw-p 00000000 00:00 0                          [stack:14186]
7fdcf93d4000-7fdcf93d7000 ---p 00000000 00:00 0 
7fdcf93d7000-7fdcf94d5000 rw-p 00000000 00:00 0                          [stack:14185]
7fdcf94d5000-7fdcf94d8000 ---p 00000000 00:00 0 
7fdcf94d8000-7fdcf95d6000 rw-p 00000000 00:00 0                          [stack:14184]
7fdcf95d6000-7fdcf95d9000 ---p 00000000 00:00 0 
7fdcf95d9000-7fdcf96d7000 rw-p 00000000 00:00 0                          [stack:14183]
7fdcf96d7000-7fdcf96da000 ---p 00000000 00:00 0 
7fdcf96da000-7fdcf97d8000 rw-p 00000000 00:00 0                          [stack:14182]
7fdcf97d8000-7fdcf9961000 r--p 00000000 08:01 1314223                    /usr/lib/locale/locale-archive
7fdcf9961000-7fdcf9964000 ---p 00000000 00:00 0 
7fdcf9964000-7fdcf9a62000 rw-p 00000000 00:00 0                          [stack:14171]
7fdcf9a62000-7fdcf9a65000 ---p 00000000 00:00 0 
7fdcf9a65000-7fdcf9b63000 rw-p 00000000 00:00 0                          [stack:14170]
7fdcf9b63000-7fdcf9b64000 ---p 00000000 00:00 0 
7fdcf9b64000-7fdd04000000 rw-p 00000000 00:00 0                          [stack:14169]
7fdd04000000-7fdd04021000 rw-p 00000000 00:00 0 
7fdd04021000-7fdd08000000 ---p 00000000 00:00 0 
7fdd08000000-7fdd08021000 rw-p 00000000 00:00 0 
7fdd08021000-7fdd0c000000 ---p 00000000 00:00 0 
7fdd0c000000-7fdd0c021000 rw-p 00000000 00:00 0 
7fdd0c021000-7fdd10000000 ---p 00000000 00:00 0 
7fdd10000000-7fdd10021000 rw-p 00000000 00:00 0 
7fdd10021000-7fdd14000000 ---p 00000000 00:00 0 
7fdd14000000-7fdd14021000 rw-p 00000000 00:00 0 
7fdd14021000-7fdd18000000 ---p 00000000 00:00 0 
7fdd18000000-7fdd18021000 rw-p 00000000 00:00 0 
7fdd18021000-7fdd1c000000 ---p 00000000 00:00 0 
7fdd1c000000-7fdd1c021000 rw-p 00000000 00:00 0 
7fdd1c021000-7fdd20000000 ---p 00000000 00:00 0 
7fdd20000000-7fdd20021000 rw-p 00000000 00:00 0 
7fdd20021000-7fdd24000000 ---p 00000000 00:00 0 
7fdd24000000-7fdd24002000 r--s 00018000 08:01 2101971                    /usr/lib/jvm/java-7-openjdk-amd64/jre/lib/jce.jar
7fdd24009000-7fdd2431a000 rw-p 00000000 00:00 0 
7fdd2431a000-7fdd244cc000 r--s 01d32000 08:01 2101898                    /usr/lib/jvm/java-7-openjdk-amd64/jre/lib/rt.jar
7fdd244ce000-7fdd245c7000 rw-p 00000000 00:00 0 
7fdd245c7000-7fdd245c8000 ---p 00000000 00:00 0 
7fdd245c8000-7fdd246c8000 rw-p 00000000 00:00 0                          [stack:14168]
7fdd246c8000-7fdd246c9000 ---p 00000000 00:00 0 
7fdd246c9000-7fdd247c9000 rw-p 00000000 00:00 0                          [stack:14166]
7fdd247c9000-7fdd247ca000 ---p 00000000 00:00 0 
7fdd247ca000-7fdd248ca000 rw-p 00000000 00:00 0                          [stack:14165]
7fdd248ca000-7fdd248cb000 ---p 00000000 00:00 0 
7fdd248cb000-7fdd249cb000 rw-p 00000000 00:00 0                          [stack:14163]
7fdd249cb000-7fdd249cc000 ---p 00000000 00:00 0 
7fdd249cc000-7fdd24b1f000 rw-p 00000000 00:00 0                          [stack:14161]
7fdd24b1f000-7fdd25000000 rw-p 00000000 00:00 0 
7fdd25000000-7fdd25270000 rwxp 00000000 00:00 0 
7fdd25270000-7fdd28ad0000 rw-p 00000000 00:00 0 
7fdd28ad0000-7fdd2c000000 ---p 00000000 00:00 0 
7fdd2c002000-7fdd2c003000 r--s 0000a000 08:01 2101901                    /usr/lib/jvm/java-7-openjdk-amd64/jre/lib/javazic.jar
7fdd2c008000-7fdd2c009000 r--s 00000000 08:01 2101972                    /usr/lib/jvm/java-7-openjdk-amd64/jre/lib/compilefontconfig.jar
7fdd2c00f000-7fdd2c061000 rw-p 00000000 00:00 0 
7fdd2c061000-7fdd2c062000 ---p 00000000 00:00 0 
7fdd2c062000-7fdd2c162000 rw-p 00000000 00:00 0                          [stack:14159]
7fdd2c162000-7fdd2c163000 ---p 00000000 00:00 0 
7fdd2c163000-7fdd2c263000 rw-p 00000000 00:00 0                          [stack:14156]
7fdd2c263000-7fdd2c264000 ---p 00000000 00:00 0 
7fdd2c264000-7fdd2c36f000 rw-p 00000000 00:00 0                          [stack:14152]
7fdd2c36f000-7fdd2c3b7000 rw-p 00000000 00:00 0 
7fdd2c3b7000-7fdd2c3c2000 rw-p 00000000 00:00 0 
7fdd2c3c2000-7fdd2c40a000 rw-p 00000000 00:00 0 
7fdd2c40a000-7fdd2c45d000 rw-p 00000000 00:00 0 
7fdd2c45d000-7fdd2c93d000 rw-p 00000000 00:00 0 
7fdd2c93d000-7fdd2c967000 rw-p 00000000 00:00 0 
7fdd2c967000-7fdd2cbd7000 rw-p 00000000 00:00 0 
7fdd2cbd7000-7fdd2cbd8000 rw-p 00000000 00:00 0 
7fdd2cbd8000-7fdd2cbe0000 r-xp 00000000 08:01 2101919                    /usr/lib/jvm/java-7-openjdk-amd64/jre/lib/amd64/libzip.so
7fdd2cbe0000-7fdd2cddf000 ---p 00008000 08:01 2101919                    /usr/lib/jvm/java-7-openjdk-amd64/jre/lib/amd64/libzip.so
7fdd2cddf000-7fdd2cde0000 r--p 00007000 08:01 2101919                    /usr/lib/jvm/java-7-openjdk-amd64/jre/lib/amd64/libzip.so
7fdd2cde0000-7fdd2cde1000 rw-p 00008000 08:01 2101919                    /usr/lib/jvm/java-7-openjdk-amd64/jre/lib/amd64/libzip.so
7fdd2cde8000-7fdd2cdf3000 r-xp 00000000 08:01 6425563                    /lib/x86_64-linux-gnu/libnss_files-2.19.so
7fdd2cdf3000-7fdd2cff2000 ---p 0000b000 08:01 6425563                    /lib/x86_64-linux-gnu/libnss_files-2.19.so
7fdd2cff2000-7fdd2cff3000 r--p 0000a000 08:01 6425563                    /lib/x86_64-linux-gnu/libnss_files-2.19.so
7fdd2cff3000-7fdd2cff4000 rw-p 0000b000 08:01 6425563                    /lib/x86_64-linux-gnu/libnss_files-2.19.so
7fdd2cff8000-7fdd2d002000 r-xp 00000000 08:01 6425565                    /lib/x86_64-linux-gnu/libnss_nis-2.19.so
7fdd2d002000-7fdd2d201000 ---p 0000a000 08:01 6425565                    /lib/x86_64-linux-gnu/libnss_nis-2.19.so
7fdd2d201000-7fdd2d202000 r--p 00009000 08:01 6425565                    /lib/x86_64-linux-gnu/libnss_nis-2.19.so
7fdd2d202000-7fdd2d203000 rw-p 0000a000 08:01 6425565                    /lib/x86_64-linux-gnu/libnss_nis-2.19.so
7fdd2d208000-7fdd2d21d000 r-xp 00000000 08:01 6425560                    /lib/x86_64-linux-gnu/libnsl-2.19.so
7fdd2d21d000-7fdd2d41c000 ---p 00015000 08:01 6425560                    /lib/x86_64-linux-gnu/libnsl-2.19.so
7fdd2d41c000-7fdd2d41d000 r--p 00014000 08:01 6425560                    /lib/x86_64-linux-gnu/libnsl-2.19.so
7fdd2d41d000-7fdd2d41e000 rw-p 00015000 08:01 6425560                    /lib/x86_64-linux-gnu/libnsl-2.19.so
7fdd2d41e000-7fdd2d420000 rw-p 00000000 00:00 0 
7fdd2d420000-7fdd2d427000 r-xp 00000000 08:01 6425561                    /lib/x86_64-linux-gnu/libnss_compat-2.19.so
7fdd2d427000-7fdd2d626000 ---p 00007000 08:01 6425561                    /lib/x86_64-linux-gnu/libnss_compat-2.19.so
7fdd2d626000-7fdd2d627000 r--p 00006000 08:01 6425561                    /lib/x86_64-linux-gnu/libnss_compat-2.19.so
7fdd2d627000-7fdd2d628000 rw-p 00007000 08:01 6425561                    /lib/x86_64-linux-gnu/libnss_compat-2.19.so
7fdd2d628000-7fdd2d655000 r-xp 00000000 08:01 2101951                    /usr/lib/jvm/java-7-openjdk-amd64/jre/lib/amd64/libjava.so
7fdd2d655000-7fdd2d854000 ---p 0002d000 08:01 2101951                    /usr/lib/jvm/java-7-openjdk-amd64/jre/lib/amd64/libjava.so
7fdd2d854000-7fdd2d855000 r--p 0002c000 08:01 2101951                    /usr/lib/jvm/java-7-openjdk-amd64/jre/lib/amd64/libjava.so
7fdd2d855000-7fdd2d857000 rw-p 0002d000 08:01 2101951                    /usr/lib/jvm/java-7-openjdk-amd64/jre/lib/amd64/libjava.so
7fdd2d858000-7fdd2d867000 r-xp 00000000 08:01 2101914                    /usr/lib/jvm/java-7-openjdk-amd64/jre/lib/amd64/libverify.so
7fdd2d867000-7fdd2da66000 ---p 0000f000 08:01 2101914                    /usr/lib/jvm/java-7-openjdk-amd64/jre/lib/amd64/libverify.so
7fdd2da66000-7fdd2da69000 r--p 0000e000 08:01 2101914                    /usr/lib/jvm/java-7-openjdk-amd64/jre/lib/amd64/libverify.so
7fdd2da69000-7fdd2da6a000 rw-p 00011000 08:01 2101914                    /usr/lib/jvm/java-7-openjdk-amd64/jre/lib/amd64/libverify.so
7fdd2da70000-7fdd2da77000 r-xp 00000000 08:01 6425569                    /lib/x86_64-linux-gnu/librt-2.19.so
7fdd2da77000-7fdd2dc76000 ---p 00007000 08:01 6425569                    /lib/x86_64-linux-gnu/librt-2.19.so
7fdd2dc76000-7fdd2dc77000 r--p 00006000 08:01 6425569                    /lib/x86_64-linux-gnu/librt-2.19.so
7fdd2dc77000-7fdd2dc78000 rw-p 00007000 08:01 6425569                    /lib/x86_64-linux-gnu/librt-2.19.so
7fdd2dc78000-7fdd2dc8e000 r-xp 00000000 08:01 6422532                    /lib/x86_64-linux-gnu/libgcc_s.so.1
7fdd2dc8e000-7fdd2de8d000 ---p 00016000 08:01 6422532                    /lib/x86_64-linux-gnu/libgcc_s.so.1
7fdd2de8d000-7fdd2de8e000 rw-p 00015000 08:01 6422532                    /lib/x86_64-linux-gnu/libgcc_s.so.1
7fdd2de90000-7fdd2df90000 r-xp 00000000 08:01 6425558                    /lib/x86_64-linux-gnu/libm-2.19.so
7fdd2df90000-7fdd2e18f000 ---p 00100000 08:01 6425558                    /lib/x86_64-linux-gnu/libm-2.19.so
7fdd2e18f000-7fdd2e190000 r--p 000ff000 08:01 6425558                    /lib/x86_64-linux-gnu/libm-2.19.so
7fdd2e190000-7fdd2e191000 rw-p 00100000 08:01 6425558                    /lib/x86_64-linux-gnu/libm-2.19.so
7fdd2e198000-7fdd2e284000 r-xp 00000000 08:01 1315446                    /usr/lib/x86_64-linux-gnu/libstdc++.so.6.0.20
7fdd2e284000-7fdd2e484000 ---p 000ec000 08:01 1315446                    /usr/lib/x86_64-linux-gnu/libstdc++.so.6.0.20
7fdd2e484000-7fdd2e48c000 r--p 000ec000 08:01 1315446                    /usr/lib/x86_64-linux-gnu/libstdc++.so.6.0.20
7fdd2e48c000-7fdd2e48e000 rw-p 000f4000 08:01 1315446                    /usr/lib/x86_64-linux-gnu/libstdc++.so.6.0.20
7fdd2e48e000-7fdd2e4a3000 rw-p 00000000 00:00 0 
7fdd2e4a8000-7fdd2effe000 r-xp 00000000 08:01 2101927                    /usr/lib/jvm/java-7-openjdk-amd64/jre/lib/amd64/server/libjvm.so
7fdd2effe000-7fdd2f1fe000 ---p 00b56000 08:01 2101927                    /usr/lib/jvm/java-7-openjdk-amd64/jre/lib/amd64/server/libjvm.so
7fdd2f1fe000-7fdd2f29d000 r--p 00b56000 08:01 2101927                    /usr/lib/jvm/java-7-openjdk-amd64/jre/lib/amd64/server/libjvm.so
7fdd2f29d000-7fdd2f2c0000 rw-p 00bf5000 08:01 2101927                    /usr/lib/jvm/java-7-openjdk-amd64/jre/lib/amd64/server/libjvm.so
7fdd2f2c0000-7fdd2f2ed000 rw-p 00000000 00:00 0 
7fdd2f2f0000-7fdd2f30a000 r-xp 00000000 08:01 6422628                    /lib/x86_64-linux-gnu/libz.so.1.2.8
7fdd2f30a000-7fdd2f509000 ---p 0001a000 08:01 6422628                    /lib/x86_64-linux-gnu/libz.so.1.2.8
7fdd2f509000-7fdd2f50a000 r--p 00019000 08:01 6422628                    /lib/x86_64-linux-gnu/libz.so.1.2.8
7fdd2f50a000-7fdd2f50b000 rw-p 0001a000 08:01 6422628                    /lib/x86_64-linux-gnu/libz.so.1.2.8
7fdd2f510000-7fdd2f6af000 r-xp 00000000 08:01 6425554                    /lib/x86_64-linux-gnu/libc-2.19.so
7fdd2f6af000-7fdd2f8af000 ---p 0019f000 08:01 6425554                    /lib/x86_64-linux-gnu/libc-2.19.so
7fdd2f8af000-7fdd2f8b3000 r--p 0019f000 08:01 6425554                    /lib/x86_64-linux-gnu/libc-2.19.so
7fdd2f8b3000-7fdd2f8b5000 rw-p 001a3000 08:01 6425554                    /lib/x86_64-linux-gnu/libc-2.19.so
7fdd2f8b5000-7fdd2f8b9000 rw-p 00000000 00:00 0 
7fdd2f8c0000-7fdd2f8c3000 r-xp 00000000 08:01 6425557                    /lib/x86_64-linux-gnu/libdl-2.19.so
7fdd2f8c3000-7fdd2fac2000 ---p 00003000 08:01 6425557                    /lib/x86_64-linux-gnu/libdl-2.19.so
7fdd2fac2000-7fdd2fac3000 r--p 00002000 08:01 6425557                    /lib/x86_64-linux-gnu/libdl-2.19.so
7fdd2fac3000-7fdd2fac4000 rw-p 00003000 08:01 6425557                    /lib/x86_64-linux-gnu/libdl-2.19.so
7fdd2fac8000-7fdd2fad5000 r-xp 00000000 08:01 2101917                    /usr/lib/jvm/java-7-openjdk-amd64/jre/lib/amd64/jli/libjli.so
7fdd2fad5000-7fdd2fcd4000 ---p 0000d000 08:01 2101917                    /usr/lib/jvm/java-7-openjdk-amd64/jre/lib/amd64/jli/libjli.so
7fdd2fcd4000-7fdd2fcd5000 r--p 0000c000 08:01 2101917                    /usr/lib/jvm/java-7-openjdk-amd64/jre/lib/amd64/jli/libjli.so
7fdd2fcd5000-7fdd2fcd6000 rw-p 0000d000 08:01 2101917                    /usr/lib/jvm/java-7-openjdk-amd64/jre/lib/amd64/jli/libjli.so
7fdd2fcd8000-7fdd2fcf0000 r-xp 00000000 08:01 6425550                    /lib/x86_64-linux-gnu/libpthread-2.19.so
7fdd2fcf0000-7fdd2feef000 ---p 00018000 08:01 6425550                    /lib/x86_64-linux-gnu/libpthread-2.19.so
7fdd2feef000-7fdd2fef0000 r--p 00017000 08:01 6425550                    /lib/x86_64-linux-gnu/libpthread-2.19.so
7fdd2fef0000-7fdd2fef1000 rw-p 00018000 08:01 6425550                    /lib/x86_64-linux-gnu/libpthread-2.19.so
7fdd2fef1000-7fdd2fef5000 rw-p 00000000 00:00 0 
7fdd2fef8000-7fdd2ff18000 r-xp 00000000 08:01 6425551                    /lib/x86_64-linux-gnu/ld-2.19.so
7fdd2ff1f000-7fdd2ff22000 r--s 0000f000 08:01 2101910                    /usr/lib/jvm/java-7-openjdk-amd64/jre/lib/ext/icedtea-sound.jar
7fdd2ff24000-7fdd2ff28000 r--s 00034000 08:01 2101912                    /usr/lib/jvm/java-7-openjdk-amd64/jre/lib/ext/sunjce_provider.jar
7fdd2ff2c000-7fdd2ff36000 rw-p 00000000 00:00 0 
7fdd2ff36000-7fdd2ffec000 rw-p 00000000 00:00 0 
7fdd2ffec000-7fdd2ffef000 ---p 00000000 00:00 0 
7fdd2ffef000-7fdd300f0000 rw-p 00000000 00:00 0                          [stack:14150]
7fdd300f6000-7fdd300f8000 r--s 00006000 08:01 1841746                    /usr/share/java/java-atk-wrapper.jar
7fdd300fa000-7fdd300fc000 r--s 00012000 08:01 2101907                    /usr/lib/jvm/java-7-openjdk-amd64/jre/lib/ext/zipfs.jar
7fdd300fd000-7fdd30101000 r--s 00085000 08:01 2101908                    /usr/lib/jvm/java-7-openjdk-amd64/jre/lib/ext/localedata.jar
7fdd30102000-7fdd30103000 r--s 00002000 08:01 2101909                    /usr/lib/jvm/java-7-openjdk-amd64/jre/lib/ext/dnsns.jar
7fdd30104000-7fdd30108000 r--s 0003c000 08:01 2101911                    /usr/lib/jvm/java-7-openjdk-amd64/jre/lib/ext/sunpkcs11.jar
7fdd30108000-7fdd30110000 rw-s 00000000 08:12 3145731                    /tmp/hsperfdata_mart/14149
7fdd30113000-7fdd30116000 rw-p 00000000 00:00 0 
7fdd30116000-7fdd30117000 r--p 00000000 00:00 0 
7fdd30117000-7fdd30118000 rw-p 00000000 00:00 0 
7fdd30118000-7fdd30119000 r--p 00020000 08:01 6425551                    /lib/x86_64-linux-gnu/ld-2.19.so
7fdd30119000-7fdd3011a000 rw-p 00021000 08:01 6425551                    /lib/x86_64-linux-gnu/ld-2.19.so
7fdd3011a000-7fdd3011c000 rw-p 00000000 00:00 0 
7fdd3011c000-7fdd3011e000 rw-p 00000000 00:00 0 
7fff65ca8000-7fff65cc9000 rw-p 00000000 00:00 0                          [stack]
7fff65d20000-7fff65d22000 r-xp 00000000 00:00 0                          [vdso]
7fff65d22000-7fff65d24000 r--p 00000000 00:00 0                          [vvar]
ffffffffff600000-ffffffffff601000 r-xp 00000000 00:00 0                  [vsyscall]

VM Arguments:
jvm_args: -Djava.library.path=libs/ -Didea.launcher.port=7534 -Didea.launcher.bin.path=/opt/intellij-idea/bin -Dfile.encoding=UTF-8 
java_command: com.intellij.rt.execution.application.AppMain engine.GameLoop
Launcher Type: SUN_STANDARD

Environment Variables:
PATH=/usr/local/bin:/usr/bin:/bin:/usr/local/games:/usr/games
USERNAME=mart
LD_LIBRARY_PATH=/opt/intellij-idea/bin:
SHELL=/bin/bash
DISPLAY=:0

Signal Handlers:
SIGSEGV: [libjvm.so+0x988620], sa_mask[0]=0x7ffbfeff, sa_flags=0x10000004
SIGBUS: [libjvm.so+0x988620], sa_mask[0]=0x7ffbfeff, sa_flags=0x10000004
SIGFPE: [libjvm.so+0x7f5420], sa_mask[0]=0x7ffbfeff, sa_flags=0x10000004
SIGPIPE: [libjvm.so+0x7f5420], sa_mask[0]=0x7ffbfeff, sa_flags=0x10000004
SIGXFSZ: [libjvm.so+0x7f5420], sa_mask[0]=0x7ffbfeff, sa_flags=0x10000004
SIGILL: [libjvm.so+0x7f5420], sa_mask[0]=0x7ffbfeff, sa_flags=0x10000004
SIGUSR1: SIG_DFL, sa_mask[0]=0x00000000, sa_flags=0x00000000
SIGUSR2: [libjvm.so+0x7f52a0], sa_mask[0]=0x00000004, sa_flags=0x10000004
SIGHUP: [libjvm.so+0x7f54a0], sa_mask[0]=0x7ffbfeff, sa_flags=0x10000004
SIGINT: [libjvm.so+0x7f54a0], sa_mask[0]=0x7ffbfeff, sa_flags=0x10000004
SIGTERM: [libjvm.so+0x7f54a0], sa_mask[0]=0x7ffbfeff, sa_flags=0x10000004
SIGQUIT: [libjvm.so+0x7f54a0], sa_mask[0]=0x7ffbfeff, sa_flags=0x10000004
SIGTRAP: SIG_DFL, sa_mask[0]=0x00000000, sa_flags=0x00000000


---------------  S Y S T E M  ---------------

OS:8.2

uname:Linux 3.16.0-4-amd64 #1 SMP Debian 3.16.7-ckt11-1+deb8u5 (2015-10-09) x86_64
libc:glibc 2.19 NPTL 2.19 
rlimit: STACK 8192k, CORE 0k, NPROC 63809, NOFILE 65536, AS infinity
load average:0.37 0.48 0.66

/proc/meminfo:
MemTotal:       16352924 kB
MemFree:         8990408 kB
MemAvailable:   12550192 kB
Buffers:          355672 kB
Cached:          3103688 kB
SwapCached:            0 kB
Active:          5509264 kB
Inactive:        1280504 kB
Active(anon):    3333996 kB
Inactive(anon):    24132 kB
Active(file):    2175268 kB
Inactive(file):  1256372 kB
Unevictable:          32 kB
Mlocked:              32 kB
SwapTotal:             0 kB
SwapFree:              0 kB
Dirty:              8236 kB
Writeback:             0 kB
AnonPages:       3330492 kB
Mapped:           422784 kB
Shmem:             27740 kB
Slab:             429640 kB
SReclaimable:     381560 kB
SUnreclaim:        48080 kB
KernelStack:       11280 kB
PageTables:        33052 kB
NFS_Unstable:          0 kB
Bounce:                0 kB
WritebackTmp:          0 kB
CommitLimit:     8176460 kB
Committed_AS:    8327064 kB
VmallocTotal:   34359738367 kB
VmallocUsed:      330552 kB
VmallocChunk:   34359391740 kB
HardwareCorrupted:     0 kB
AnonHugePages:         0 kB
HugePages_Total:       0
HugePages_Free:        0
HugePages_Rsvd:        0
HugePages_Surp:        0
Hugepagesize:       2048 kB
DirectMap4k:      213428 kB
DirectMap2M:    13365248 kB
DirectMap1G:     3145728 kB


CPU:total 8 (8 cores per cpu, 1 threads per core) family 21 model 2 stepping 0, cmov, cx8, fxsr, mmx, sse, sse2, sse3, ssse3, sse4.1, sse4.2, popcnt, avx, aes, mmxext, 3dnowpref, lzcnt, sse4a, tsc, tscinvbit, tscinv

/proc/cpuinfo:
processor	: 0
vendor_id	: AuthenticAMD
cpu family	: 21
model		: 2
model name	: AMD FX(tm)-8320 Eight-Core Processor
stepping	: 0
microcode	: 0x6000822
cpu MHz		: 3500.000
cache size	: 2048 KB
physical id	: 0
siblings	: 8
core id		: 0
cpu cores	: 4
apicid		: 16
initial apicid	: 0
fpu		: yes
fpu_exception	: yes
cpuid level	: 13
wp		: yes
flags		: fpu vme de pse tsc msr pae mce cx8 apic sep mtrr pge mca cmov pat pse36 clflush mmx fxsr sse sse2 ht syscall nx mmxext fxsr_opt pdpe1gb rdtscp lm constant_tsc rep_good nopl nonstop_tsc extd_apicid aperfmperf pni pclmulqdq monitor ssse3 fma cx16 sse4_1 sse4_2 popcnt aes xsave avx f16c lahf_lm cmp_legacy svm extapic cr8_legacy abm sse4a misalignsse 3dnowprefetch osvw ibs xop skinit wdt lwp fma4 tce nodeid_msr tbm topoext perfctr_core perfctr_nb arat cpb hw_pstate npt lbrv svm_lock nrip_save tsc_scale vmcb_clean flushbyasid decodeassists pausefilter pfthreshold vmmcall bmi1
bogomips	: 7000.16
TLB size	: 1536 4K pages
clflush size	: 64
cache_alignment	: 64
address sizes	: 48 bits physical, 48 bits virtual
power management: ts ttp tm 100mhzsteps hwpstate cpb eff_freq_ro

processor	: 1
vendor_id	: AuthenticAMD
cpu family	: 21
model		: 2
model name	: AMD FX(tm)-8320 Eight-Core Processor           
stepping	: 0
microcode	: 0x6000822
cpu MHz		: 3500.000
cache size	: 2048 KB
physical id	: 0
siblings	: 8
core id		: 1
cpu cores	: 4
apicid		: 17
initial apicid	: 1
fpu		: yes
fpu_exception	: yes
cpuid level	: 13
wp		: yes
flags		: fpu vme de pse tsc msr pae mce cx8 apic sep mtrr pge mca cmov pat pse36 clflush mmx fxsr sse sse2 ht syscall nx mmxext fxsr_opt pdpe1gb rdtscp lm constant_tsc rep_good nopl nonstop_tsc extd_apicid aperfmperf pni pclmulqdq monitor ssse3 fma cx16 sse4_1 sse4_2 popcnt aes xsave avx f16c lahf_lm cmp_legacy svm extapic cr8_legacy abm sse4a misalignsse 3dnowprefetch osvw ibs xop skinit wdt lwp fma4 tce nodeid_msr tbm topoext perfctr_core perfctr_nb arat cpb hw_pstate npt lbrv svm_lock nrip_save tsc_scale vmcb_clean flushbyasid decodeassists pausefilter pfthreshold vmmcall bmi1
bogomips	: 7000.16
TLB size	: 1536 4K pages
clflush size	: 64
cache_alignment	: 64
address sizes	: 48 bits physical, 48 bits virtual
power management: ts ttp tm 100mhzsteps hwpstate cpb eff_freq_ro

processor	: 2
vendor_id	: AuthenticAMD
cpu family	: 21
model		: 2
model name	: AMD FX(tm)-8320 Eight-Core Processor           
stepping	: 0
microcode	: 0x6000822
cpu MHz		: 3500.000
cache size	: 2048 KB
physical id	: 0
siblings	: 8
core id		: 2
cpu cores	: 4
apicid		: 18
initial apicid	: 2
fpu		: yes
fpu_exception	: yes
cpuid level	: 13
wp		: yes
flags		: fpu vme de pse tsc msr pae mce cx8 apic sep mtrr pge mca cmov pat pse36 clflush mmx fxsr sse sse2 ht syscall nx mmxext fxsr_opt pdpe1gb rdtscp lm constant_tsc rep_good nopl nonstop_tsc extd_apicid aperfmperf pni pclmulqdq monitor ssse3 fma cx16 sse4_1 sse4_2 popcnt aes xsave avx f16c lahf_lm cmp_legacy svm extapic cr8_legacy abm sse4a misalignsse 3dnowprefetch osvw ibs xop skinit wdt lwp fma4 tce nodeid_msr tbm topoext perfctr_core perfctr_nb arat cpb hw_pstate npt lbrv svm_lock nrip_save tsc_scale vmcb_clean flushbyasid decodeassists pausefilter pfthreshold vmmcall bmi1
bogomips	: 7000.16
TLB size	: 1536 4K pages
clflush size	: 64
cache_alignment	: 64
address sizes	: 48 bits physical, 48 bits virtual
power management: ts ttp tm 100mhzsteps hwpstate cpb eff_freq_ro

processor	: 3
vendor_id	: AuthenticAMD
cpu family	: 21
model		: 2
model name	: AMD FX(tm)-8320 Eight-Core Processor           
stepping	: 0
microcode	: 0x6000822
cpu MHz		: 3500.000
cache size	: 2048 KB
physical id	: 0
siblings	: 8
core id		: 3
cpu cores	: 4
apicid		: 19
initial apicid	: 3
fpu		: yes
fpu_exception	: yes
cpuid level	: 13
wp		: yes
flags		: fpu vme de pse tsc msr pae mce cx8 apic sep mtrr pge mca cmov pat pse36 clflush mmx fxsr sse sse2 ht syscall nx mmxext fxsr_opt pdpe1gb rdtscp lm constant_tsc rep_good nopl nonstop_tsc extd_apicid aperfmperf pni pclmulqdq monitor ssse3 fma cx16 sse4_1 sse4_2 popcnt aes xsave avx f16c lahf_lm cmp_legacy svm extapic cr8_legacy abm sse4a misalignsse 3dnowprefetch osvw ibs xop skinit wdt lwp fma4 tce nodeid_msr tbm topoext perfctr_core perfctr_nb arat cpb hw_pstate npt lbrv svm_lock nrip_save tsc_scale vmcb_clean flushbyasid decodeassists pausefilter pfthreshold vmmcall bmi1
bogomips	: 7000.16
TLB size	: 1536 4K pages
clflush size	: 64
cache_alignment	: 64
address sizes	: 48 bits physical, 48 bits virtual
power management: ts ttp tm 100mhzsteps hwpstate cpb eff_freq_ro

processor	: 4
vendor_id	: AuthenticAMD
cpu family	: 21
model		: 2
model name	: AMD FX(tm)-8320 Eight-Core Processor           
stepping	: 0
microcode	: 0x6000822
cpu MHz		: 3500.000
cache size	: 2048 KB
physical id	: 0
siblings	: 8
core id		: 4
cpu cores	: 4
apicid		: 20
initial apicid	: 4
fpu		: yes
fpu_exception	: yes
cpuid level	: 13
wp		: yes
flags		: fpu vme de pse tsc msr pae mce cx8 apic sep mtrr pge mca cmov pat pse36 clflush mmx fxsr sse sse2 ht syscall nx mmxext fxsr_opt pdpe1gb rdtscp lm constant_tsc rep_good nopl nonstop_tsc extd_apicid aperfmperf pni pclmulqdq monitor ssse3 fma cx16 sse4_1 sse4_2 popcnt aes xsave avx f16c lahf_lm cmp_legacy svm extapic cr8_legacy abm sse4a misalignsse 3dnowprefetch osvw ibs xop skinit wdt lwp fma4 tce nodeid_msr tbm topoext perfctr_core perfctr_nb arat cpb hw_pstate npt lbrv svm_lock nrip_save tsc_scale vmcb_clean flushbyasid decodeassists pausefilter pfthreshold vmmcall bmi1
bogomips	: 7000.16
TLB size	: 1536 4K pages
clflush size	: 64
cache_alignment	: 64
address sizes	: 48 bits physical, 48 bits virtual
power management: ts ttp tm 100mhzsteps hwpstate cpb eff_freq_ro

processor	: 5
vendor_id	: AuthenticAMD
cpu family	: 21
model		: 2
model name	: AMD FX(tm)-8320 Eight-Core Processor           
stepping	: 0
microcode	: 0x6000822
cpu MHz		: 3500.000
cache size	: 2048 KB
physical id	: 0
siblings	: 8
core id		: 5
cpu cores	: 4
apicid		: 21
initial apicid	: 5
fpu		: yes
fpu_exception	: yes
cpuid level	: 13
wp		: yes
flags		: fpu vme de pse tsc msr pae mce cx8 apic sep mtrr pge mca cmov pat pse36 clflush mmx fxsr sse sse2 ht syscall nx mmxext fxsr_opt pdpe1gb rdtscp lm constant_tsc rep_good nopl nonstop_tsc extd_apicid aperfmperf pni pclmulqdq monitor ssse3 fma cx16 sse4_1 sse4_2 popcnt aes xsave avx f16c lahf_lm cmp_legacy svm extapic cr8_legacy abm sse4a misalignsse 3dnowprefetch osvw ibs xop skinit wdt lwp fma4 tce nodeid_msr tbm topoext perfctr_core perfctr_nb arat cpb hw_pstate npt lbrv svm_lock nrip_save tsc_scale vmcb_clean flushbyasid decodeassists pausefilter pfthreshold vmmcall bmi1
bogomips	: 7000.16
TLB size	: 1536 4K pages
clflush size	: 64
cache_alignment	: 64
address sizes	: 48 bits physical, 48 bits virtual
power management: ts ttp tm 100mhzsteps hwpstate cpb eff_freq_ro

processor	: 6
vendor_id	: AuthenticAMD
cpu family	: 21
model		: 2
model name	: AMD FX(tm)-8320 Eight-Core Processor           
stepping	: 0
microcode	: 0x6000822
cpu MHz		: 3500.000
cache size	: 2048 KB
physical id	: 0
siblings	: 8
core id		: 6
cpu cores	: 4
apicid		: 22
initial apicid	: 6
fpu		: yes
fpu_exception	: yes
cpuid level	: 13
wp		: yes
flags		: fpu vme de pse tsc msr pae mce cx8 apic sep mtrr pge mca cmov pat pse36 clflush mmx fxsr sse sse2 ht syscall nx mmxext fxsr_opt pdpe1gb rdtscp lm constant_tsc rep_good nopl nonstop_tsc extd_apicid aperfmperf pni pclmulqdq monitor ssse3 fma cx16 sse4_1 sse4_2 popcnt aes xsave avx f16c lahf_lm cmp_legacy svm extapic cr8_legacy abm sse4a misalignsse 3dnowprefetch osvw ibs xop skinit wdt lwp fma4 tce nodeid_msr tbm topoext perfctr_core perfctr_nb arat cpb hw_pstate npt lbrv svm_lock nrip_save tsc_scale vmcb_clean flushbyasid decodeassists pausefilter pfthreshold vmmcall bmi1
bogomips	: 7000.16
TLB size	: 1536 4K pages
clflush size	: 64
cache_alignment	: 64
address sizes	: 48 bits physical, 48 bits virtual
power management: ts ttp tm 100mhzsteps hwpstate cpb eff_freq_ro

processor	: 7
vendor_id	: AuthenticAMD
cpu family	: 21
model		: 2
model name	: AMD FX(tm)-8320 Eight-Core Processor           
stepping	: 0
microcode	: 0x6000822
cpu MHz		: 1400.000
cache size	: 2048 KB
physical id	: 0
siblings	: 8
core id		: 7
cpu cores	: 4
apicid		: 23
initial apicid	: 7
fpu		: yes
fpu_exception	: yes
cpuid level	: 13
wp		: yes
flags		: fpu vme de pse tsc msr pae mce cx8 apic sep mtrr pge mca cmov pat pse36 clflush mmx fxsr sse sse2 ht syscall nx mmxext fxsr_opt pdpe1gb rdtscp lm constant_tsc rep_good nopl nonstop_tsc extd_apicid aperfmperf pni pclmulqdq monitor ssse3 fma cx16 sse4_1 sse4_2 popcnt aes xsave avx f16c lahf_lm cmp_legacy svm extapic cr8_legacy abm sse4a misalignsse 3dnowprefetch osvw ibs xop skinit wdt lwp fma4 tce nodeid_msr tbm topoext perfctr_core perfctr_nb arat cpb hw_pstate npt lbrv svm_lock nrip_save tsc_scale vmcb_clean flushbyasid decodeassists pausefilter pfthreshold vmmcall bmi1
bogomips	: 7000.16
TLB size	: 1536 4K pages
clflush size	: 64
cache_alignment	: 64
address sizes	: 48 bits physical, 48 bits virtual
power management: ts ttp tm 100mhzsteps hwpstate cpb eff_freq_ro



Memory: 4k page, physical 16352924k(8990408k free), swap 0k(0k free)

vm_info: OpenJDK 64-Bit Server VM (24.85-b03) for linux-amd64 JRE (1.7.0_85-b01), built on Oct 31 2015 21:30:47 by "jmm" with gcc 4.9.2

time: Tue Jan 10 22:49:00 2017
elapsed time: 1 seconds

