#
# A fatal error has been detected by the Java Runtime Environment:
#
#  SIGSEGV (0xb) at pc=0x0000000041ac1ee3, pid=13048, tid=140111194633984
#
# JRE version: OpenJDK Runtime Environment (7.0_85-b01) (build 1.7.0_85-b01)
# Java VM: OpenJDK 64-Bit Server VM (24.85-b03 mixed mode linux-amd64 compressed oops)
# Derivative: IcedTea 2.6.1
# Distribution: Debian GNU/Linux 8.2 (jessie), package 7u85-2.6.1-6+deb8u1
# Problematic frame:
# C  0x0000000041ac1ee3
#
# Failed to write core dump. Core dumps have been disabled. To enable core dumping, try "ulimit -c unlimited" before starting Java again
#
# If you would like to submit a bug report, please include
# instructions on how to reproduce the bug and visit:
#   http://icedtea.classpath.org/bugzilla
# The crash happened outside the Java Virtual Machine in native code.
# See problematic frame for where to report the bug.
#

---------------  T H R E A D  ---------------

Current thread (0x00007f6e2400a800):  JavaThread "main" [_thread_in_native, id=13050, stack(0x00007f6e2dec3000,0x00007f6e2dfc4000)]

siginfo:si_signo=SIGSEGV: si_errno=0, si_code=1 (SEGV_MAPERR), si_addr=0x0000000000000000

Registers:
RAX=0x00007f6dc0931534, RBX=0x00000000419a7000, RCX=0x0000000000000000, RDX=0x0000000000000066
RSP=0x00007f6e2dfc1fb8, RBP=0x000000003f080000, RSI=0x0000000000000000, RDI=0x0000000000000000
R8 =0x00007f6e249ad070, R9 =0x0000000123dc0000, R10=0x247c8b489f75caff, R11=0x0000000000000000
R12=0x0000000000000000, R13=0x0000000000000066, R14=0x0000000000000000, R15=0x00007f6e245994d0
RIP=0x0000000041ac1ee3, EFLAGS=0x0000000000010246, CSGSFS=0x0000000000000033, ERR=0x0000000000000004
  TRAPNO=0x000000000000000e

Top of Stack: (sp=0x00007f6e2dfc1fb8)
0x00007f6e2dfc1fb8:   00007f6dc2881fc4 0000000400000000
0x00007f6e2dfc1fc8:   00007f6e24a31d18 00007f6e2400a800
0x00007f6e2dfc1fd8:   00007f6dc288296e 00007f6dc0931534
0x00007f6e2dfc1fe8:   00000000419a7000 00000000419eb100
0x00007f6e2dfc1ff8:   0000000000000004 0000000000000000
0x00007f6e2dfc2008:   00007f6e2dfc2120 00007f6e2400a800
0x00007f6e2dfc2018:   00007f6dc2490798 00007f6e2dfc2100
0x00007f6e2dfc2028:   00000066463bbd00 00000006fc66d818
0x00007f6e2dfc2038:   0000000000000000 00000006fc66d818
0x00007f6e2dfc2048:   00000006fc66d818 00007f6e2dfc20e0
0x00007f6e2dfc2058:   0000000000000000 00000006fc66d818
0x00007f6e2dfc2068:   00007f6e21012758 00007f6e2400b738
0x00007f6e2dfc2078:   00007f6e2400b738 00007f6e2400b718
0x00007f6e2dfc2088:   00007f6e2400b718 00007f6efffffffe
0x00007f6e2dfc2098:   0000000000000000 00007f6e2dfc20a0
0x00007f6e2dfc20a8:   00000006fc66d818 00007f6e2dfc2120
0x00007f6e2dfc20b8:   00000006fc689a88 0000000000000000
0x00007f6e2dfc20c8:   00000006fc66d818 0000000000000000
0x00007f6e2dfc20d8:   00007f6e2dfc2100 00007f6e2dfc2168
0x00007f6e2dfc20e8:   00007f6e21006058 00000007ad55c068
0x00007f6e2dfc20f8:   00007f6e2100ecd8 00007f6dc3d9e780
0x00007f6e2dfc2108:   00007f6e2dfc2168 0000000000000066
0x00007f6e2dfc2118:   0000000000000000 0000000000000004
0x00007f6e2dfc2128:   00007f6e2dfc2128 00000006fc66d70c
0x00007f6e2dfc2138:   00007f6e2dfc21a0 00000006fc689a88
0x00007f6e2dfc2148:   0000000000000000 00000006fc66d758
0x00007f6e2dfc2158:   00007f6e2dfc2100 00007f6e2dfc2190
0x00007f6e2dfc2168:   00007f6e2dfc21e8 00007f6e21006058
0x00007f6e2dfc2178:   00007f6dc3d9e780 0000000000000000
0x00007f6e2dfc2188:   00000007ad509ee8 0000000000000066
0x00007f6e2dfc2198:   0000000000000000 0000000000000004
0x00007f6e2dfc21a8:   00007f6e2dfc21a8 00000006fc6cdc63 

Instructions: (pc=0x0000000041ac1ee3)
0x0000000041ac1ec3:   68 04 48 be 78 7d 9f 41 00 00 00 00 48 8b 36 48
0x0000000041ac1ed3:   8b b6 38 03 00 00 48 8b f9 48 c1 e7 04 48 03 f7
0x0000000041ac1ee3:   8b 3e 8b 6e 04 89 78 08 89 68 0c 8b 7e 08 8b 6e
0x0000000041ac1ef3:   0c 89 78 10 89 68 14 48 83 c0 18 ff c1 ff ca 75 

Register to memory mapping:

RAX=0x00007f6dc0931534 is an unknown value
RBX=0x00000000419a7000 is an unknown value
RCX=0x0000000000000000 is an unknown value
RDX=0x0000000000000066 is an unknown value
RSP=0x00007f6e2dfc1fb8 is pointing into the stack for thread: 0x00007f6e2400a800
RBP=0x000000003f080000 is an unknown value
RSI=0x0000000000000000 is an unknown value
RDI=0x0000000000000000 is an unknown value
R8 =0x00007f6e249ad070 is an unknown value
R9 =0x0000000123dc0000 is an unknown value
R10=0x247c8b489f75caff is an unknown value
R11=0x0000000000000000 is an unknown value
R12=0x0000000000000000 is an unknown value
R13=0x0000000000000066 is an unknown value
R14=0x0000000000000000 is an unknown value
R15=0x00007f6e245994d0 is an unknown value


Stack: [0x00007f6e2dec3000,0x00007f6e2dfc4000],  sp=0x00007f6e2dfc1fb8,  free space=1019k
Native frames: (J=compiled Java code, j=interpreted, Vv=VM code, C=native code)
C  0x0000000041ac1ee3

[error occurred during error reporting (printing native stack), id 0xb]

Java frames: (J=compiled Java code, j=interpreted, Vv=VM code)
j  org.lwjgl.opengl.GL11.nglDrawArrays(IIIJ)V+0
j  org.lwjgl.opengl.GL11.glDrawArrays(III)V+20
j  fontRendering.FontRenderer.renderText(LfontMeshCreator/GUIText;)V+43
j  fontRendering.FontRenderer.render(Ljava/util/Map;)V+92
j  fontRendering.TextMaster.render()V+6
j  engine.GameLoop.main([Ljava/lang/String;)V+130
v  ~StubRoutines::call_stub
j  sun.reflect.NativeMethodAccessorImpl.invoke0(Ljava/lang/reflect/Method;Ljava/lang/Object;[Ljava/lang/Object;)Ljava/lang/Object;+0
j  sun.reflect.NativeMethodAccessorImpl.invoke(Ljava/lang/Object;[Ljava/lang/Object;)Ljava/lang/Object;+87
j  sun.reflect.DelegatingMethodAccessorImpl.invoke(Ljava/lang/Object;[Ljava/lang/Object;)Ljava/lang/Object;+6
j  java.lang.reflect.Method.invoke(Ljava/lang/Object;[Ljava/lang/Object;)Ljava/lang/Object;+57
j  com.intellij.rt.execution.application.AppMain.main([Ljava/lang/String;)V+170
v  ~StubRoutines::call_stub

---------------  P R O C E S S  ---------------

Java Threads: ( => current thread )
  0x00007f6e24265800 JavaThread "process reaper" daemon [_thread_blocked, id=13090, stack(0x00007f6e10086000,0x00007f6e100bf000)]
  0x00007f6e2425d000 JavaThread "AWT-XAWT" daemon [_thread_in_native, id=13088, stack(0x00007f6df0947000,0x00007f6df0a48000)]
  0x00007f6e2423f800 JavaThread "Java2D Disposer" daemon [_thread_blocked, id=13087, stack(0x00007f6e100bf000,0x00007f6e101c0000)]
  0x00007f6e241a0000 JavaThread "Monitor Ctrl-Break" daemon [_thread_in_native, id=13086, stack(0x00007f6e1303f000,0x00007f6e13140000)]
  0x00007f6e240b7800 JavaThread "Service Thread" daemon [_thread_blocked, id=13084, stack(0x00007f6e1346c000,0x00007f6e1356d000)]
  0x00007f6e240b5800 JavaThread "C2 CompilerThread1" daemon [_thread_blocked, id=13083, stack(0x00007f6e1356d000,0x00007f6e1366e000)]
  0x00007f6e240b2800 JavaThread "C2 CompilerThread0" daemon [_thread_in_native, id=13082, stack(0x00007f6e1366e000,0x00007f6e1376f000)]
  0x00007f6e240b0800 JavaThread "Signal Dispatcher" daemon [_thread_blocked, id=13081, stack(0x00007f6e1376f000,0x00007f6e13870000)]
  0x00007f6e24085000 JavaThread "Finalizer" daemon [_thread_blocked, id=13073, stack(0x00007f6e139fa000,0x00007f6e13afb000)]
  0x00007f6e24083000 JavaThread "Reference Handler" daemon [_thread_blocked, id=13072, stack(0x00007f6e13afb000,0x00007f6e13bfc000)]
=>0x00007f6e2400a800 JavaThread "main" [_thread_in_native, id=13050, stack(0x00007f6e2dec3000,0x00007f6e2dfc4000)]

Other Threads:
  0x00007f6e2407f000 VMThread [stack: 0x00007f6e13bfc000,0x00007f6e13cfd000] [id=13071]
  0x00007f6e240c2800 WatcherThread [stack: 0x00007f6e1336b000,0x00007f6e1346c000] [id=13085]

VM state:not at safepoint (normal execution)

VM Mutex/Monitor currently owned by a thread: None

Heap
 PSYoungGen      total 75264K, used 13094K [0x00000007acc80000, 0x00000007b2000000, 0x0000000800000000)
  eden space 65024K, 20% used [0x00000007acc80000,0x00000007ad9498d8,0x00000007b0c00000)
  from space 10240K, 0% used [0x00000007b1600000,0x00000007b1600000,0x00000007b2000000)
  to   space 10240K, 0% used [0x00000007b0c00000,0x00000007b0c00000,0x00000007b1600000)
 ParOldGen       total 169984K, used 0K [0x0000000706600000, 0x0000000710c00000, 0x00000007acc80000)
  object space 169984K, 0% used [0x0000000706600000,0x0000000706600000,0x0000000710c00000)
 PSPermGen       total 21504K, used 7826K [0x00000006fc000000, 0x00000006fd500000, 0x0000000706600000)
  object space 21504K, 36% used [0x00000006fc000000,0x00000006fc7a48e0,0x00000006fd500000)

Card table byte_map: [0x00007f6e2a28f000,0x00007f6e2aab0000] byte_map_base: 0x00007f6e26aaf000

Polling page: 0x00007f6e2dfee000

Code Cache  [0x00007f6e21000000, 0x00007f6e21270000, 0x00007f6e24000000)
 total_blobs=478 nmethods=32 adapters=401 free_code_cache=48582Kb largest_free_block=49726016

Compilation events (10 events):
Event: 0.964 Thread 0x00007f6e240b5800   29             java.lang.Math::min (11 bytes)
Event: 0.964 Thread 0x00007f6e240b5800 nmethod 29 0x00007f6e21085610 code [0x00007f6e21085740, 0x00007f6e21085778]
Event: 0.966 Thread 0x00007f6e240b5800   30             java.lang.String::replace (127 bytes)
Event: 0.978 Thread 0x00007f6e240b2800 nmethod 28 0x00007f6e21085910 code [0x00007f6e21085ac0, 0x00007f6e210862a8]
Event: 0.983 Thread 0x00007f6e240b5800 nmethod 30 0x00007f6e2108a750 code [0x00007f6e2108a8a0, 0x00007f6e2108ad38]
Event: 1.042 Thread 0x00007f6e240b2800   31   !         java.io.BufferedReader::readLine (304 bytes)
Event: 1.052 Thread 0x00007f6e240b5800   32             sun.nio.cs.UTF_8$Decoder::decodeArrayLoop (543 bytes)
Event: 1.060 Thread 0x00007f6e240b2800 nmethod 31 0x00007f6e21090ad0 code [0x00007f6e21090ca0, 0x00007f6e21091cb0]
Event: 1.076 Thread 0x00007f6e240b5800 nmethod 32 0x00007f6e210923d0 code [0x00007f6e21092640, 0x00007f6e210931d8]
Event: 1.082 Thread 0x00007f6e240b2800   33             java.lang.String::indexOf (166 bytes)

GC Heap History (0 events):
No events

Deoptimization events (3 events):
Event: 0.094 Thread 0x00007f6e2400a800 Uncommon trap: reason=unstable_if action=reinterpret pc=0x00007f6e21060710 method=java.lang.String.indexOf(II)I @ 49
Event: 0.156 Thread 0x00007f6e2400a800 Uncommon trap: reason=unstable_if action=reinterpret pc=0x00007f6e21064a70 method=java.lang.String.indexOf([CII[CIII)I @ 123
Event: 0.979 Thread 0x00007f6e2400a800 Uncommon trap: reason=unstable_if action=reinterpret pc=0x00007f6e21074468 method=java.lang.String.indexOf([CII[CIII)I @ 3

Internal exceptions (10 events):
Event: 1.075 Thread 0x00007f6e2400a800 Threw 0x00000007ad8c1960 at /home/jmm/jdk2/openjdk-7-7u85-2.6.1/build/openjdk/hotspot/src/share/vm/prims/jvm.cpp:1322
Event: 1.075 Thread 0x00007f6e2400a800 Threw 0x00000007ad8c62e0 at /home/jmm/jdk2/openjdk-7-7u85-2.6.1/build/openjdk/hotspot/src/share/vm/prims/jvm.cpp:1322
Event: 1.076 Thread 0x00007f6e2400a800 Threw 0x00000007ad8ce058 at /home/jmm/jdk2/openjdk-7-7u85-2.6.1/build/openjdk/hotspot/src/share/vm/prims/jvm.cpp:1322
Event: 1.077 Thread 0x00007f6e2400a800 Threw 0x00000007ad8d2a88 at /home/jmm/jdk2/openjdk-7-7u85-2.6.1/build/openjdk/hotspot/src/share/vm/prims/jvm.cpp:1322
Event: 1.078 Thread 0x00007f6e2400a800 Threw 0x00000007ad8d71f0 at /home/jmm/jdk2/openjdk-7-7u85-2.6.1/build/openjdk/hotspot/src/share/vm/prims/jvm.cpp:1322
Event: 1.078 Thread 0x00007f6e2400a800 Threw 0x00000007ad8daa68 at /home/jmm/jdk2/openjdk-7-7u85-2.6.1/build/openjdk/hotspot/src/share/vm/prims/jvm.cpp:1322
Event: 1.080 Thread 0x00007f6e2400a800 Threw 0x00000007ad8e18f8 at /home/jmm/jdk2/openjdk-7-7u85-2.6.1/build/openjdk/hotspot/src/share/vm/prims/jvm.cpp:1322
Event: 1.082 Thread 0x00007f6e2400a800 Threw 0x00000007ad8e5938 at /home/jmm/jdk2/openjdk-7-7u85-2.6.1/build/openjdk/hotspot/src/share/vm/prims/jvm.cpp:1322
Event: 1.082 Thread 0x00007f6e2400a800 Threw 0x00000007ad8e90e0 at /home/jmm/jdk2/openjdk-7-7u85-2.6.1/build/openjdk/hotspot/src/share/vm/prims/jvm.cpp:1322
Event: 1.083 Thread 0x00007f6e2400a800 Threw 0x00000007ad8ec9c0 at /home/jmm/jdk2/openjdk-7-7u85-2.6.1/build/openjdk/hotspot/src/share/vm/prims/jvm.cpp:1322

Events (10 events):
Event: 1.078 loading class 0x00007f6e249adb80
Event: 1.078 loading class 0x00007f6e249adb80 done
Event: 1.080 loading class 0x00007f6e24991560
Event: 1.080 loading class 0x00007f6e24991560 done
Event: 1.082 loading class 0x00007f6e2419ad30
Event: 1.082 loading class 0x00007f6e2419ad30 done
Event: 1.082 loading class 0x00007f6e2419ad60
Event: 1.082 loading class 0x00007f6e2419ad60 done
Event: 1.083 loading class 0x00007f6e249871e0
Event: 1.083 loading class 0x00007f6e249871e0 done


Dynamic libraries:
00400000-00401000 r-xp 00000000 08:01 2101986                            /usr/lib/jvm/java-7-openjdk-amd64/jre/bin/java
00600000-00601000 r--p 00000000 08:01 2101986                            /usr/lib/jvm/java-7-openjdk-amd64/jre/bin/java
00601000-00602000 rw-p 00001000 08:01 2101986                            /usr/lib/jvm/java-7-openjdk-amd64/jre/bin/java
016ee000-0170f000 rw-p 00000000 00:00 0                                  [heap]
419a7000-41a46000 rw-p 00000000 00:00 0 
41ac0000-41ac2000 r-xs 00000000 08:12 33                                 /tmp/.glgjpcjP (deleted)
6fc000000-6fd500000 rw-p 00000000 00:00 0 
6fd500000-706600000 rw-p 00000000 00:00 0 
706600000-710c00000 rw-p 00000000 00:00 0 
710c00000-7acc80000 rw-p 00000000 00:00 0 
7acc80000-7b2000000 rw-p 00000000 00:00 0 
7b2000000-800000000 rw-p 00000000 00:00 0 
7f6dbc000000-7f6dbc021000 rw-p 00000000 00:00 0 
7f6dbc021000-7f6dc0000000 ---p 00000000 00:00 0 
7f6dc08d7000-7f6dc0ad7000 rw-s 33f9af000 00:05 17965                     /dev/nvidiactl
7f6dc0ad8000-7f6dc0ae9000 r-xp 00000000 08:01 2101924                    /usr/lib/jvm/java-7-openjdk-amd64/jre/lib/amd64/libnio.so
7f6dc0ae9000-7f6dc0ce8000 ---p 00011000 08:01 2101924                    /usr/lib/jvm/java-7-openjdk-amd64/jre/lib/amd64/libnio.so
7f6dc0ce8000-7f6dc0ce9000 r--p 00010000 08:01 2101924                    /usr/lib/jvm/java-7-openjdk-amd64/jre/lib/amd64/libnio.so
7f6dc0ce9000-7f6dc0cea000 rw-p 00011000 08:01 2101924                    /usr/lib/jvm/java-7-openjdk-amd64/jre/lib/amd64/libnio.so
7f6dc0ceb000-7f6dc0d6b000 rw-s 3b245b000 00:05 17965                     /dev/nvidiactl
7f6dc0d70000-7f6dc0df0000 rw-s 35ba00000 00:05 17965                     /dev/nvidiactl
7f6dc0df2000-7f6dc0e72000 rw-s 2679ca000 00:05 17965                     /dev/nvidiactl
7f6dc0e73000-7f6dc0f73000 rw-s 3b25eb000 00:05 17965                     /dev/nvidiactl
7f6dc0f76000-7f6dc102a000 rw-s 42b5be000 00:05 17965                     /dev/nvidiactl
7f6dc1030000-7f6dc2a2d000 r-xp 00000000 08:01 1339821                    /usr/lib/x86_64-linux-gnu/libnvidia-glcore.so.352.55
7f6dc2a2d000-7f6dc2a4d000 rwxp 019fd000 08:01 1339821                    /usr/lib/x86_64-linux-gnu/libnvidia-glcore.so.352.55
7f6dc2a4d000-7f6dc2d14000 r-xp 01a1d000 08:01 1339821                    /usr/lib/x86_64-linux-gnu/libnvidia-glcore.so.352.55
7f6dc2d14000-7f6dc2f13000 ---p 01ce4000 08:01 1339821                    /usr/lib/x86_64-linux-gnu/libnvidia-glcore.so.352.55
7f6dc2f13000-7f6dc3aaf000 rw-p 01ce3000 08:01 1339821                    /usr/lib/x86_64-linux-gnu/libnvidia-glcore.so.352.55
7f6dc3aaf000-7f6dc3ac3000 rw-p 00000000 00:00 0 
7f6dc3ac8000-7f6dc3acb000 r-xp 00000000 08:01 1339825                    /usr/lib/x86_64-linux-gnu/tls/libnvidia-tls.so.352.55
7f6dc3acb000-7f6dc3cca000 ---p 00003000 08:01 1339825                    /usr/lib/x86_64-linux-gnu/tls/libnvidia-tls.so.352.55
7f6dc3cca000-7f6dc3ccb000 rw-p 00002000 08:01 1339825                    /usr/lib/x86_64-linux-gnu/tls/libnvidia-tls.so.352.55
7f6dc3cd0000-7f6dc3d8e000 r-xp 00000000 08:01 1339822                    /usr/lib/x86_64-linux-gnu/libGL.so.352.55
7f6dc3d8e000-7f6dc3dc1000 rwxp 000be000 08:01 1339822                    /usr/lib/x86_64-linux-gnu/libGL.so.352.55
7f6dc3dc1000-7f6dc3dd3000 r-xp 000f1000 08:01 1339822                    /usr/lib/x86_64-linux-gnu/libGL.so.352.55
7f6dc3dd3000-7f6dc3fd2000 ---p 00103000 08:01 1339822                    /usr/lib/x86_64-linux-gnu/libGL.so.352.55
7f6dc3fd2000-7f6dc3ffa000 rw-p 00102000 08:01 1339822                    /usr/lib/x86_64-linux-gnu/libGL.so.352.55
7f6dc3ffa000-7f6dc4000000 rw-p 00000000 00:00 0 
7f6dc4000000-7f6dc4021000 rw-p 00000000 00:00 0 
7f6dc4021000-7f6dc8000000 ---p 00000000 00:00 0 
7f6dc8000000-7f6dc8021000 rw-p 00000000 00:00 0 
7f6dc8021000-7f6dcc000000 ---p 00000000 00:00 0 
7f6dcc000000-7f6dcc021000 rw-p 00000000 00:00 0 
7f6dcc021000-7f6dd0000000 ---p 00000000 00:00 0 
7f6dd0000000-7f6dd0021000 rw-p 00000000 00:00 0 
7f6dd0021000-7f6dd4000000 ---p 00000000 00:00 0 
7f6dd4000000-7f6dd4127000 rw-p 00000000 00:00 0 
7f6dd4127000-7f6dd8000000 ---p 00000000 00:00 0 
7f6dd8000000-7f6dd8021000 rw-p 00000000 00:00 0 
7f6dd8021000-7f6ddc000000 ---p 00000000 00:00 0 
7f6ddc000000-7f6ddc021000 rw-p 00000000 00:00 0 
7f6ddc021000-7f6de0000000 ---p 00000000 00:00 0 
7f6de0000000-7f6de0214000 rw-p 00000000 00:00 0 
7f6de0214000-7f6de4000000 ---p 00000000 00:00 0 
7f6de4000000-7f6de4021000 rw-p 00000000 00:00 0 
7f6de4021000-7f6de8000000 ---p 00000000 00:00 0 
7f6de8000000-7f6de8021000 rw-p 00000000 00:00 0 
7f6de8021000-7f6dec000000 ---p 00000000 00:00 0 
7f6dec000000-7f6dec021000 rw-p 00000000 00:00 0 
7f6dec021000-7f6df0000000 ---p 00000000 00:00 0 
7f6df0030000-7f6df0032000 rw-s 00000000 08:12 33                         /tmp/.glgjpcjP (deleted)
7f6df0034000-7f6df0047000 rw-s 33b264000 00:05 17965                     /dev/nvidiactl
7f6df0048000-7f6df0068000 rw-s c0260000 00:05 19540                      /dev/nvidia0
7f6df006c000-7f6df00ac000 rw-s 2fdf04000 00:05 17965                     /dev/nvidiactl
7f6df00b0000-7f6df00b5000 r-xp 00000000 08:01 1317786                    /usr/lib/x86_64-linux-gnu/libXxf86vm.so.1.0.0
7f6df00b5000-7f6df02b4000 ---p 00005000 08:01 1317786                    /usr/lib/x86_64-linux-gnu/libXxf86vm.so.1.0.0
7f6df02b4000-7f6df02b5000 r--p 00004000 08:01 1317786                    /usr/lib/x86_64-linux-gnu/libXxf86vm.so.1.0.0
7f6df02b5000-7f6df02b6000 rw-p 00005000 08:01 1317786                    /usr/lib/x86_64-linux-gnu/libXxf86vm.so.1.0.0
7f6df02b8000-7f6df02c1000 r-xp 00000000 08:01 1317776                    /usr/lib/x86_64-linux-gnu/libXrandr.so.2.2.0
7f6df02c1000-7f6df04c0000 ---p 00009000 08:01 1317776                    /usr/lib/x86_64-linux-gnu/libXrandr.so.2.2.0
7f6df04c0000-7f6df04c1000 r--p 00008000 08:01 1317776                    /usr/lib/x86_64-linux-gnu/libXrandr.so.2.2.0
7f6df04c1000-7f6df04c2000 rw-p 00009000 08:01 1317776                    /usr/lib/x86_64-linux-gnu/libXrandr.so.2.2.0
7f6df04c8000-7f6df0538000 r-xp 00000000 08:13 9045172                    /home/mart/IdeaProjects/Multiplayer World 2/libs/liblwjgl64.so
7f6df0538000-7f6df0738000 ---p 00070000 08:13 9045172                    /home/mart/IdeaProjects/Multiplayer World 2/libs/liblwjgl64.so
7f6df0738000-7f6df073a000 r--p 00070000 08:13 9045172                    /home/mart/IdeaProjects/Multiplayer World 2/libs/liblwjgl64.so
7f6df073a000-7f6df073b000 rw-p 00072000 08:13 9045172                    /home/mart/IdeaProjects/Multiplayer World 2/libs/liblwjgl64.so
7f6df0740000-7f6df0741000 r-xp 00000000 08:01 2101945                    /usr/lib/jvm/java-7-openjdk-amd64/jre/lib/amd64/libjawt.so
7f6df0741000-7f6df0940000 ---p 00001000 08:01 2101945                    /usr/lib/jvm/java-7-openjdk-amd64/jre/lib/amd64/libjawt.so
7f6df0940000-7f6df0941000 r--p 00000000 08:01 2101945                    /usr/lib/jvm/java-7-openjdk-amd64/jre/lib/amd64/libjawt.so
7f6df0941000-7f6df0942000 rw-p 00001000 08:01 2101945                    /usr/lib/jvm/java-7-openjdk-amd64/jre/lib/amd64/libjawt.so
7f6df0947000-7f6df094a000 ---p 00000000 00:00 0 
7f6df094a000-7f6df0a48000 rw-p 00000000 00:00 0                          [stack:13088]
7f6df0a48000-7f6df0a4d000 r-xp 00000000 08:01 1318319                    /usr/lib/x86_64-linux-gnu/libXfixes.so.3.1.0
7f6df0a4d000-7f6df0c4c000 ---p 00005000 08:01 1318319                    /usr/lib/x86_64-linux-gnu/libXfixes.so.3.1.0
7f6df0c4c000-7f6df0c4d000 r--p 00004000 08:01 1318319                    /usr/lib/x86_64-linux-gnu/libXfixes.so.3.1.0
7f6df0c4d000-7f6df0c4e000 rw-p 00005000 08:01 1318319                    /usr/lib/x86_64-linux-gnu/libXfixes.so.3.1.0
7f6df0c50000-7f6df0c5a000 r-xp 00000000 08:01 1318351                    /usr/lib/x86_64-linux-gnu/libXcursor.so.1.0.2
7f6df0c5a000-7f6df0e59000 ---p 0000a000 08:01 1318351                    /usr/lib/x86_64-linux-gnu/libXcursor.so.1.0.2
7f6df0e59000-7f6df0e5a000 r--p 00009000 08:01 1318351                    /usr/lib/x86_64-linux-gnu/libXcursor.so.1.0.2
7f6df0e5a000-7f6df0e5b000 rw-p 0000a000 08:01 1318351                    /usr/lib/x86_64-linux-gnu/libXcursor.so.1.0.2
7f6df0e60000-7f6df0ea7000 r-xp 00000000 08:01 6423007                    /lib/x86_64-linux-gnu/libdbus-1.so.3.8.13
7f6df0ea7000-7f6df10a6000 ---p 00047000 08:01 6423007                    /lib/x86_64-linux-gnu/libdbus-1.so.3.8.13
7f6df10a6000-7f6df10a7000 r--p 00046000 08:01 6423007                    /lib/x86_64-linux-gnu/libdbus-1.so.3.8.13
7f6df10a7000-7f6df10a8000 rw-p 00047000 08:01 6423007                    /lib/x86_64-linux-gnu/libdbus-1.so.3.8.13
7f6df10a8000-7f6df1129000 r-xp 00000000 08:01 1315106                    /usr/lib/x86_64-linux-gnu/libgmp.so.10.2.0
7f6df1129000-7f6df1329000 ---p 00081000 08:01 1315106                    /usr/lib/x86_64-linux-gnu/libgmp.so.10.2.0
7f6df1329000-7f6df132a000 r--p 00081000 08:01 1315106                    /usr/lib/x86_64-linux-gnu/libgmp.so.10.2.0
7f6df132a000-7f6df132b000 rw-p 00082000 08:01 1315106                    /usr/lib/x86_64-linux-gnu/libgmp.so.10.2.0
7f6df1330000-7f6df135e000 r-xp 00000000 08:01 1315110                    /usr/lib/x86_64-linux-gnu/libhogweed.so.2.5
7f6df135e000-7f6df155d000 ---p 0002e000 08:01 1315110                    /usr/lib/x86_64-linux-gnu/libhogweed.so.2.5
7f6df155d000-7f6df155e000 r--p 0002d000 08:01 1315110                    /usr/lib/x86_64-linux-gnu/libhogweed.so.2.5
7f6df155e000-7f6df155f000 rw-p 0002e000 08:01 1315110                    /usr/lib/x86_64-linux-gnu/libhogweed.so.2.5
7f6df1560000-7f6df1590000 r-xp 00000000 08:01 1315108                    /usr/lib/x86_64-linux-gnu/libnettle.so.4.7
7f6df1590000-7f6df1790000 ---p 00030000 08:01 1315108                    /usr/lib/x86_64-linux-gnu/libnettle.so.4.7
7f6df1790000-7f6df1791000 r--p 00030000 08:01 1315108                    /usr/lib/x86_64-linux-gnu/libnettle.so.4.7
7f6df1791000-7f6df1792000 rw-p 00031000 08:01 1315108                    /usr/lib/x86_64-linux-gnu/libnettle.so.4.7
7f6df1798000-7f6df17a9000 r-xp 00000000 08:01 1315458                    /usr/lib/x86_64-linux-gnu/libtasn1.so.6.3.2
7f6df17a9000-7f6df19a9000 ---p 00011000 08:01 1315458                    /usr/lib/x86_64-linux-gnu/libtasn1.so.6.3.2
7f6df19a9000-7f6df19ab000 r--p 00011000 08:01 1315458                    /usr/lib/x86_64-linux-gnu/libtasn1.so.6.3.2
7f6df19ab000-7f6df19ac000 rw-p 00013000 08:01 1315458                    /usr/lib/x86_64-linux-gnu/libtasn1.so.6.3.2
7f6df19b0000-7f6df19ec000 r-xp 00000000 08:01 1315113                    /usr/lib/x86_64-linux-gnu/libp11-kit.so.0.0.0
7f6df19ec000-7f6df1beb000 ---p 0003c000 08:01 1315113                    /usr/lib/x86_64-linux-gnu/libp11-kit.so.0.0.0
7f6df1beb000-7f6df1bf4000 r--p 0003b000 08:01 1315113                    /usr/lib/x86_64-linux-gnu/libp11-kit.so.0.0.0
7f6df1bf4000-7f6df1bf6000 rw-p 00044000 08:01 1315113                    /usr/lib/x86_64-linux-gnu/libp11-kit.so.0.0.0
7f6df1bf8000-7f6df1bfb000 r-xp 00000000 08:01 6422538                    /lib/x86_64-linux-gnu/libkeyutils.so.1.5
7f6df1bfb000-7f6df1dfa000 ---p 00003000 08:01 6422538                    /lib/x86_64-linux-gnu/libkeyutils.so.1.5
7f6df1dfa000-7f6df1dfb000 r--p 00002000 08:01 6422538                    /lib/x86_64-linux-gnu/libkeyutils.so.1.5
7f6df1dfb000-7f6df1dfc000 rw-p 00003000 08:01 6422538                    /lib/x86_64-linux-gnu/libkeyutils.so.1.5
7f6df1e00000-7f6df1e0b000 r-xp 00000000 08:01 1317160                    /usr/lib/x86_64-linux-gnu/libkrb5support.so.0.1
7f6df1e0b000-7f6df200a000 ---p 0000b000 08:01 1317160                    /usr/lib/x86_64-linux-gnu/libkrb5support.so.0.1
7f6df200a000-7f6df200b000 r--p 0000a000 08:01 1317160                    /usr/lib/x86_64-linux-gnu/libkrb5support.so.0.1
7f6df200b000-7f6df200c000 rw-p 0000b000 08:01 1317160                    /usr/lib/x86_64-linux-gnu/libkrb5support.so.0.1
7f6df2010000-7f6df2013000 r-xp 00000000 08:01 6422616                    /lib/x86_64-linux-gnu/libcom_err.so.2.1
7f6df2013000-7f6df2212000 ---p 00003000 08:01 6422616                    /lib/x86_64-linux-gnu/libcom_err.so.2.1
7f6df2212000-7f6df2213000 r--p 00002000 08:01 6422616                    /lib/x86_64-linux-gnu/libcom_err.so.2.1
7f6df2213000-7f6df2214000 rw-p 00003000 08:01 6422616                    /lib/x86_64-linux-gnu/libcom_err.so.2.1
7f6df2218000-7f6df2246000 r-xp 00000000 08:01 1317162                    /usr/lib/x86_64-linux-gnu/libk5crypto.so.3.1
7f6df2246000-7f6df2445000 ---p 0002e000 08:01 1317162                    /usr/lib/x86_64-linux-gnu/libk5crypto.so.3.1
7f6df2445000-7f6df2447000 r--p 0002d000 08:01 1317162                    /usr/lib/x86_64-linux-gnu/libk5crypto.so.3.1
7f6df2447000-7f6df2448000 rw-p 0002f000 08:01 1317162                    /usr/lib/x86_64-linux-gnu/libk5crypto.so.3.1
7f6df2448000-7f6df2449000 rw-p 00000000 00:00 0 
7f6df2450000-7f6df2514000 r-xp 00000000 08:01 1317164                    /usr/lib/x86_64-linux-gnu/libkrb5.so.3.3
7f6df2514000-7f6df2714000 ---p 000c4000 08:01 1317164                    /usr/lib/x86_64-linux-gnu/libkrb5.so.3.3
7f6df2714000-7f6df2721000 r--p 000c4000 08:01 1317164                    /usr/lib/x86_64-linux-gnu/libkrb5.so.3.3
7f6df2721000-7f6df2724000 rw-p 000d1000 08:01 1317164                    /usr/lib/x86_64-linux-gnu/libkrb5.so.3.3
7f6df2728000-7f6df272d000 r-xp 00000000 08:01 1317761                    /usr/lib/x86_64-linux-gnu/libXdmcp.so.6.0.0
7f6df272d000-7f6df292c000 ---p 00005000 08:01 1317761                    /usr/lib/x86_64-linux-gnu/libXdmcp.so.6.0.0
7f6df292c000-7f6df292d000 rw-p 00004000 08:01 1317761                    /usr/lib/x86_64-linux-gnu/libXdmcp.so.6.0.0
7f6df2930000-7f6df2933000 r-xp 00000000 08:01 1317759                    /usr/lib/x86_64-linux-gnu/libXau.so.6.0.0
7f6df2933000-7f6df2b32000 ---p 00003000 08:01 1317759                    /usr/lib/x86_64-linux-gnu/libXau.so.6.0.0
7f6df2b32000-7f6df2b33000 r--p 00002000 08:01 1317759                    /usr/lib/x86_64-linux-gnu/libXau.so.6.0.0
7f6df2b33000-7f6df2b34000 rw-p 00003000 08:01 1317759                    /usr/lib/x86_64-linux-gnu/libXau.so.6.0.0
7f6df2b38000-7f6df2b5e000 r-xp 00000000 08:01 6423568                    /lib/x86_64-linux-gnu/libpng12.so.0.50.0
7f6df2b5e000-7f6df2d5d000 ---p 00026000 08:01 6423568                    /lib/x86_64-linux-gnu/libpng12.so.0.50.0
7f6df2d5d000-7f6df2d5e000 r--p 00025000 08:01 6423568                    /lib/x86_64-linux-gnu/libpng12.so.0.50.0
7f6df2d5e000-7f6df2d5f000 rw-p 00026000 08:01 6423568                    /lib/x86_64-linux-gnu/libpng12.so.0.50.0
7f6df2d60000-7f6df2d86000 r-xp 00000000 08:01 6422533                    /lib/x86_64-linux-gnu/libexpat.so.1.6.0
7f6df2d86000-7f6df2f85000 ---p 00026000 08:01 6422533                    /lib/x86_64-linux-gnu/libexpat.so.1.6.0
7f6df2f85000-7f6df2f88000 r--p 00025000 08:01 6422533                    /lib/x86_64-linux-gnu/libexpat.so.1.6.0
7f6df2f88000-7f6df2f89000 rw-p 00028000 08:01 6422533                    /lib/x86_64-linux-gnu/libexpat.so.1.6.0
7f6df2f90000-7f6df2fa0000 r-xp 00000000 08:01 1317911                    /usr/lib/x86_64-linux-gnu/libavahi-client.so.3.2.9
7f6df2fa0000-7f6df319f000 ---p 00010000 08:01 1317911                    /usr/lib/x86_64-linux-gnu/libavahi-client.so.3.2.9
7f6df319f000-7f6df31a0000 r--p 0000f000 08:01 1317911                    /usr/lib/x86_64-linux-gnu/libavahi-client.so.3.2.9
7f6df31a0000-7f6df31a1000 rw-p 00010000 08:01 1317911                    /usr/lib/x86_64-linux-gnu/libavahi-client.so.3.2.9
7f6df31a8000-7f6df31b4000 r-xp 00000000 08:01 1317908                    /usr/lib/x86_64-linux-gnu/libavahi-common.so.3.5.3
7f6df31b4000-7f6df33b3000 ---p 0000c000 08:01 1317908                    /usr/lib/x86_64-linux-gnu/libavahi-common.so.3.5.3
7f6df33b3000-7f6df33b4000 r--p 0000b000 08:01 1317908                    /usr/lib/x86_64-linux-gnu/libavahi-common.so.3.5.3
7f6df33b4000-7f6df33b5000 rw-p 0000c000 08:01 1317908                    /usr/lib/x86_64-linux-gnu/libavahi-common.so.3.5.3
7f6df33b8000-7f6df34cb000 r-xp 00000000 08:01 1314044                    /usr/lib/x86_64-linux-gnu/libgnutls-deb0.so.28.41.0
7f6df34cb000-7f6df36cb000 ---p 00113000 08:01 1314044                    /usr/lib/x86_64-linux-gnu/libgnutls-deb0.so.28.41.0
7f6df36cb000-7f6df36d4000 r--p 00113000 08:01 1314044                    /usr/lib/x86_64-linux-gnu/libgnutls-deb0.so.28.41.0
7f6df36d4000-7f6df36d6000 rw-p 0011c000 08:01 1314044                    /usr/lib/x86_64-linux-gnu/libgnutls-deb0.so.28.41.0
7f6df36d6000-7f6df36d7000 rw-p 00000000 00:00 0 
7f6df36d8000-7f6df371e000 r-xp 00000000 08:01 1317167                    /usr/lib/x86_64-linux-gnu/libgssapi_krb5.so.2.2
7f6df371e000-7f6df391e000 ---p 00046000 08:01 1317167                    /usr/lib/x86_64-linux-gnu/libgssapi_krb5.so.2.2
7f6df391e000-7f6df3920000 r--p 00046000 08:01 1317167                    /usr/lib/x86_64-linux-gnu/libgssapi_krb5.so.2.2
7f6df3920000-7f6df3922000 rw-p 00048000 08:01 1317167                    /usr/lib/x86_64-linux-gnu/libgssapi_krb5.so.2.2
7f6df3928000-7f6df3949000 r-xp 00000000 08:01 1317763                    /usr/lib/x86_64-linux-gnu/libxcb.so.1.1.0
7f6df3949000-7f6df3b48000 ---p 00021000 08:01 1317763                    /usr/lib/x86_64-linux-gnu/libxcb.so.1.1.0
7f6df3b48000-7f6df3b49000 r--p 00020000 08:01 1317763                    /usr/lib/x86_64-linux-gnu/libxcb.so.1.1.0
7f6df3b49000-7f6df3b4a000 rw-p 00021000 08:01 1317763                    /usr/lib/x86_64-linux-gnu/libxcb.so.1.1.0
7f6df3b50000-7f6df3bf4000 r-xp 00000000 08:01 1318123                    /usr/lib/x86_64-linux-gnu/libfreetype.so.6.11.1
7f6df3bf4000-7f6df3df3000 ---p 000a4000 08:01 1318123                    /usr/lib/x86_64-linux-gnu/libfreetype.so.6.11.1
7f6df3df3000-7f6df3df9000 r--p 000a3000 08:01 1318123                    /usr/lib/x86_64-linux-gnu/libfreetype.so.6.11.1
7f6df3df9000-7f6df3dfa000 rw-p 000a9000 08:01 1318123                    /usr/lib/x86_64-linux-gnu/libfreetype.so.6.11.1
7f6df3e00000-7f6dfc000000 rw-p 00000000 00:00 0 
7f6dfc000000-7f6dfc021000 rw-p 00000000 00:00 0 
7f6dfc021000-7f6e00000000 ---p 00000000 00:00 0 
7f6e00000000-7f6e00021000 rw-p 00000000 00:00 0 
7f6e00021000-7f6e04000000 ---p 00000000 00:00 0 
7f6e04000000-7f6e04021000 rw-p 00000000 00:00 0 
7f6e04021000-7f6e08000000 ---p 00000000 00:00 0 
7f6e08000000-7f6e08021000 rw-p 00000000 00:00 0 
7f6e08021000-7f6e0c000000 ---p 00000000 00:00 0 
7f6e0c000000-7f6e0c021000 rw-p 00000000 00:00 0 
7f6e0c021000-7f6e10000000 ---p 00000000 00:00 0 
7f6e10005000-7f6e10006000 rw-s 3b2595000 00:05 17965                     /dev/nvidiactl
7f6e1000a000-7f6e1000e000 rw-s 35b992000 00:05 17965                     /dev/nvidiactl
7f6e10014000-7f6e10015000 rw-s cfd64000 00:05 19540                      /dev/nvidia0
7f6e1001a000-7f6e1003a000 rw-s 3b266a000 00:05 17965                     /dev/nvidiactl
7f6e1003c000-7f6e1003d000 rw-s cfd64000 00:05 19540                      /dev/nvidia0
7f6e10042000-7f6e10082000 rw-s 35b922000 00:05 17965                     /dev/nvidiactl
7f6e10086000-7f6e10089000 ---p 00000000 00:00 0 
7f6e10089000-7f6e100bf000 rw-p 00000000 00:00 0                          [stack:13090]
7f6e100bf000-7f6e100c2000 ---p 00000000 00:00 0 
7f6e100c2000-7f6e101c0000 rw-p 00000000 00:00 0                          [stack:13087]
7f6e101c0000-7f6e101fb000 r-xp 00000000 08:01 1318125                    /usr/lib/x86_64-linux-gnu/libfontconfig.so.1.8.0
7f6e101fb000-7f6e103fa000 ---p 0003b000 08:01 1318125                    /usr/lib/x86_64-linux-gnu/libfontconfig.so.1.8.0
7f6e103fa000-7f6e103fc000 r--p 0003a000 08:01 1318125                    /usr/lib/x86_64-linux-gnu/libfontconfig.so.1.8.0
7f6e103fc000-7f6e103fd000 rw-p 0003c000 08:01 1318125                    /usr/lib/x86_64-linux-gnu/libfontconfig.so.1.8.0
7f6e10400000-7f6e10470000 r-xp 00000000 08:01 1317913                    /usr/lib/x86_64-linux-gnu/libcups.so.2
7f6e10470000-7f6e1066f000 ---p 00070000 08:01 1317913                    /usr/lib/x86_64-linux-gnu/libcups.so.2
7f6e1066f000-7f6e10677000 r--p 0006f000 08:01 1317913                    /usr/lib/x86_64-linux-gnu/libcups.so.2
7f6e10677000-7f6e10678000 rw-p 00077000 08:01 1317913                    /usr/lib/x86_64-linux-gnu/libcups.so.2
7f6e10678000-7f6e10687000 r-xp 00000000 08:01 1318353                    /usr/lib/x86_64-linux-gnu/libXi.so.6.1.0
7f6e10687000-7f6e10886000 ---p 0000f000 08:01 1318353                    /usr/lib/x86_64-linux-gnu/libXi.so.6.1.0
7f6e10886000-7f6e10887000 r--p 0000e000 08:01 1318353                    /usr/lib/x86_64-linux-gnu/libXi.so.6.1.0
7f6e10887000-7f6e10888000 rw-p 0000f000 08:01 1318353                    /usr/lib/x86_64-linux-gnu/libXi.so.6.1.0
7f6e10888000-7f6e1088d000 r-xp 00000000 08:01 1318983                    /usr/lib/x86_64-linux-gnu/libXtst.so.6.1.0
7f6e1088d000-7f6e10a8c000 ---p 00005000 08:01 1318983                    /usr/lib/x86_64-linux-gnu/libXtst.so.6.1.0
7f6e10a8c000-7f6e10a8d000 r--p 00004000 08:01 1318983                    /usr/lib/x86_64-linux-gnu/libXtst.so.6.1.0
7f6e10a8d000-7f6e10a8e000 rw-p 00005000 08:01 1318983                    /usr/lib/x86_64-linux-gnu/libXtst.so.6.1.0
7f6e10a90000-7f6e10a99000 r-xp 00000000 08:01 1317774                    /usr/lib/x86_64-linux-gnu/libXrender.so.1.3.0
7f6e10a99000-7f6e10c98000 ---p 00009000 08:01 1317774                    /usr/lib/x86_64-linux-gnu/libXrender.so.1.3.0
7f6e10c98000-7f6e10c99000 r--p 00008000 08:01 1317774                    /usr/lib/x86_64-linux-gnu/libXrender.so.1.3.0
7f6e10c99000-7f6e10c9a000 rw-p 00009000 08:01 1317774                    /usr/lib/x86_64-linux-gnu/libXrender.so.1.3.0
7f6e10ca0000-7f6e10ddc000 r-xp 00000000 08:01 1317767                    /usr/lib/x86_64-linux-gnu/libX11.so.6.3.0
7f6e10ddc000-7f6e10fdb000 ---p 0013c000 08:01 1317767                    /usr/lib/x86_64-linux-gnu/libX11.so.6.3.0
7f6e10fdb000-7f6e10fdd000 r--p 0013b000 08:01 1317767                    /usr/lib/x86_64-linux-gnu/libX11.so.6.3.0
7f6e10fdd000-7f6e10fe2000 rw-p 0013d000 08:01 1317767                    /usr/lib/x86_64-linux-gnu/libX11.so.6.3.0
7f6e10fe2000-7f6e10fe3000 rw-p 00000000 00:00 0 
7f6e10fe8000-7f6e10ff9000 r-xp 00000000 08:01 1317770                    /usr/lib/x86_64-linux-gnu/libXext.so.6.4.0
7f6e10ff9000-7f6e111f8000 ---p 00011000 08:01 1317770                    /usr/lib/x86_64-linux-gnu/libXext.so.6.4.0
7f6e111f8000-7f6e111f9000 r--p 00010000 08:01 1317770                    /usr/lib/x86_64-linux-gnu/libXext.so.6.4.0
7f6e111f9000-7f6e111fa000 rw-p 00011000 08:01 1317770                    /usr/lib/x86_64-linux-gnu/libXext.so.6.4.0
7f6e111fc000-7f6e1121c000 rw-s 2fd3a4000 00:05 17965                     /dev/nvidiactl
7f6e11222000-7f6e11223000 rw-s fd642000 00:05 19540                      /dev/nvidia0
7f6e11228000-7f6e11271000 r-xp 00000000 08:01 2235730                    /usr/lib/jvm/java-7-openjdk-amd64/jre/lib/amd64/xawt/libmawt.so
7f6e11271000-7f6e11470000 ---p 00049000 08:01 2235730                    /usr/lib/jvm/java-7-openjdk-amd64/jre/lib/amd64/xawt/libmawt.so
7f6e11470000-7f6e11471000 r--p 00048000 08:01 2235730                    /usr/lib/jvm/java-7-openjdk-amd64/jre/lib/amd64/xawt/libmawt.so
7f6e11471000-7f6e11474000 rw-p 00049000 08:01 2235730                    /usr/lib/jvm/java-7-openjdk-amd64/jre/lib/amd64/xawt/libmawt.so
7f6e11474000-7f6e11475000 rw-p 00000000 00:00 0 
7f6e11478000-7f6e11519000 r-xp 00000000 08:01 2101931                    /usr/lib/jvm/java-7-openjdk-amd64/jre/lib/amd64/libawt.so
7f6e11519000-7f6e11718000 ---p 000a1000 08:01 2101931                    /usr/lib/jvm/java-7-openjdk-amd64/jre/lib/amd64/libawt.so
7f6e11718000-7f6e11719000 r--p 000a0000 08:01 2101931                    /usr/lib/jvm/java-7-openjdk-amd64/jre/lib/amd64/libawt.so
7f6e11719000-7f6e11724000 rw-p 000a1000 08:01 2101931                    /usr/lib/jvm/java-7-openjdk-amd64/jre/lib/amd64/libawt.so
7f6e11724000-7f6e11749000 rw-p 00000000 00:00 0 
7f6e1174f000-7f6e11a50000 rw-p 00000000 00:00 0 
7f6e11a50000-7f6e11abc000 r-xp 00000000 08:01 6423678                    /lib/x86_64-linux-gnu/libpcre.so.3.13.1
7f6e11abc000-7f6e11cbc000 ---p 0006c000 08:01 6423678                    /lib/x86_64-linux-gnu/libpcre.so.3.13.1
7f6e11cbc000-7f6e11cbd000 r--p 0006c000 08:01 6423678                    /lib/x86_64-linux-gnu/libpcre.so.3.13.1
7f6e11cbd000-7f6e11cbe000 rw-p 0006d000 08:01 6423678                    /lib/x86_64-linux-gnu/libpcre.so.3.13.1
7f6e11cc0000-7f6e11cc7000 r-xp 00000000 08:01 1315076                    /usr/lib/x86_64-linux-gnu/libffi.so.6.0.2
7f6e11cc7000-7f6e11ec6000 ---p 00007000 08:01 1315076                    /usr/lib/x86_64-linux-gnu/libffi.so.6.0.2
7f6e11ec6000-7f6e11ec7000 r--p 00006000 08:01 1315076                    /usr/lib/x86_64-linux-gnu/libffi.so.6.0.2
7f6e11ec7000-7f6e11ec8000 rw-p 00007000 08:01 1315076                    /usr/lib/x86_64-linux-gnu/libffi.so.6.0.2
7f6e11ec8000-7f6e11edc000 r-xp 00000000 08:01 6425568                    /lib/x86_64-linux-gnu/libresolv-2.19.so
7f6e11edc000-7f6e120db000 ---p 00014000 08:01 6425568                    /lib/x86_64-linux-gnu/libresolv-2.19.so
7f6e120db000-7f6e120dc000 r--p 00013000 08:01 6425568                    /lib/x86_64-linux-gnu/libresolv-2.19.so
7f6e120dc000-7f6e120dd000 rw-p 00014000 08:01 6425568                    /lib/x86_64-linux-gnu/libresolv-2.19.so
7f6e120dd000-7f6e120df000 rw-p 00000000 00:00 0 
7f6e120e0000-7f6e12101000 r-xp 00000000 08:01 6422627                    /lib/x86_64-linux-gnu/libselinux.so.1
7f6e12101000-7f6e12301000 ---p 00021000 08:01 6422627                    /lib/x86_64-linux-gnu/libselinux.so.1
7f6e12301000-7f6e12302000 r--p 00021000 08:01 6422627                    /lib/x86_64-linux-gnu/libselinux.so.1
7f6e12302000-7f6e12303000 rw-p 00022000 08:01 6422627                    /lib/x86_64-linux-gnu/libselinux.so.1
7f6e12303000-7f6e12305000 rw-p 00000000 00:00 0 
7f6e12308000-7f6e1230b000 r-xp 00000000 08:01 1318028                    /usr/lib/x86_64-linux-gnu/libgmodule-2.0.so.0.4200.1
7f6e1230b000-7f6e1250a000 ---p 00003000 08:01 1318028                    /usr/lib/x86_64-linux-gnu/libgmodule-2.0.so.0.4200.1
7f6e1250a000-7f6e1250b000 r--p 00002000 08:01 1318028                    /usr/lib/x86_64-linux-gnu/libgmodule-2.0.so.0.4200.1
7f6e1250b000-7f6e1250c000 rw-p 00003000 08:01 1318028                    /usr/lib/x86_64-linux-gnu/libgmodule-2.0.so.0.4200.1
7f6e12510000-7f6e1261c000 r-xp 00000000 08:01 6423013                    /lib/x86_64-linux-gnu/libglib-2.0.so.0.4200.1
7f6e1261c000-7f6e1281c000 ---p 0010c000 08:01 6423013                    /lib/x86_64-linux-gnu/libglib-2.0.so.0.4200.1
7f6e1281c000-7f6e1281d000 r--p 0010c000 08:01 6423013                    /lib/x86_64-linux-gnu/libglib-2.0.so.0.4200.1
7f6e1281d000-7f6e1281e000 rw-p 0010d000 08:01 6423013                    /lib/x86_64-linux-gnu/libglib-2.0.so.0.4200.1
7f6e1281e000-7f6e1281f000 rw-p 00000000 00:00 0 
7f6e12820000-7f6e12871000 r-xp 00000000 08:01 1318029                    /usr/lib/x86_64-linux-gnu/libgobject-2.0.so.0.4200.1
7f6e12871000-7f6e12a70000 ---p 00051000 08:01 1318029                    /usr/lib/x86_64-linux-gnu/libgobject-2.0.so.0.4200.1
7f6e12a70000-7f6e12a71000 r--p 00050000 08:01 1318029                    /usr/lib/x86_64-linux-gnu/libgobject-2.0.so.0.4200.1
7f6e12a71000-7f6e12a72000 rw-p 00051000 08:01 1318029                    /usr/lib/x86_64-linux-gnu/libgobject-2.0.so.0.4200.1
7f6e12a78000-7f6e12be9000 r-xp 00000000 08:01 1318031                    /usr/lib/x86_64-linux-gnu/libgio-2.0.so.0.4200.1
7f6e12be9000-7f6e12de9000 ---p 00171000 08:01 1318031                    /usr/lib/x86_64-linux-gnu/libgio-2.0.so.0.4200.1
7f6e12de9000-7f6e12ded000 r--p 00171000 08:01 1318031                    /usr/lib/x86_64-linux-gnu/libgio-2.0.so.0.4200.1
7f6e12ded000-7f6e12def000 rw-p 00175000 08:01 1318031                    /usr/lib/x86_64-linux-gnu/libgio-2.0.so.0.4200.1
7f6e12def000-7f6e12df1000 rw-p 00000000 00:00 0 
7f6e12df3000-7f6e12df4000 rw-s 418c63000 00:05 17965                     /dev/nvidiactl
7f6e12df9000-7f6e12dfa000 rw-s fd641000 00:05 19540                      /dev/nvidia0
7f6e12e00000-7f6e12e01000 rw-s 41ad40000 00:05 17965                     /dev/nvidiactl
7f6e12e03000-7f6e12e04000 rw-s 3b2543000 00:05 17965                     /dev/nvidiactl
7f6e12e08000-7f6e12e09000 rw-s fd060000 00:05 19540                      /dev/nvidia0
7f6e12e10000-7f6e12e11000 r--p 00000000 08:01 1314157                    /usr/share/locale/en_GB/LC_MESSAGES/libc.mo
7f6e12e13000-7f6e12e1e000 r--s 00203000 08:01 2101903                    /usr/lib/jvm/java-7-openjdk-amd64/jre/lib/charsets.jar
7f6e12e20000-7f6e12e38000 r-xp 00000000 08:01 2101942                    /usr/lib/jvm/java-7-openjdk-amd64/jre/lib/amd64/libnet.so
7f6e12e38000-7f6e13037000 ---p 00018000 08:01 2101942                    /usr/lib/jvm/java-7-openjdk-amd64/jre/lib/amd64/libnet.so
7f6e13037000-7f6e13038000 r--p 00017000 08:01 2101942                    /usr/lib/jvm/java-7-openjdk-amd64/jre/lib/amd64/libnet.so
7f6e13038000-7f6e13039000 rw-p 00018000 08:01 2101942                    /usr/lib/jvm/java-7-openjdk-amd64/jre/lib/amd64/libnet.so
7f6e1303f000-7f6e13042000 ---p 00000000 00:00 0 
7f6e13042000-7f6e13140000 rw-p 00000000 00:00 0                          [stack:13086]
7f6e13140000-7f6e13141000 r-xp 00000000 08:01 1573728                    /opt/intellij-idea/bin/libbreakgen64.so
7f6e13141000-7f6e13340000 ---p 00001000 08:01 1573728                    /opt/intellij-idea/bin/libbreakgen64.so
7f6e13340000-7f6e13341000 r--p 00000000 08:01 1573728                    /opt/intellij-idea/bin/libbreakgen64.so
7f6e13341000-7f6e13342000 rw-p 00001000 08:01 1573728                    /opt/intellij-idea/bin/libbreakgen64.so
7f6e13349000-7f6e1334b000 r--s 00019000 08:01 1578241                    /opt/intellij-idea/lib/idea_rt.jar
7f6e13352000-7f6e13353000 r--s 00002000 08:13 4850952                    /home/mart/IdeaProjects/Multiplayer World 2/libs/PNGDecoder.jar
7f6e13357000-7f6e1335a000 r--s 00017000 08:13 9045358                    /home/mart/IdeaProjects/Multiplayer World 2/libs/slick-util.jar
7f6e1335b000-7f6e1336a000 r--s 000f3000 08:13 9045342                    /home/mart/IdeaProjects/Multiplayer World 2/libs/lwjgl.jar
7f6e1336b000-7f6e1336c000 ---p 00000000 00:00 0 
7f6e1336c000-7f6e1346c000 rw-p 00000000 00:00 0                          [stack:13085]
7f6e1346c000-7f6e1346f000 ---p 00000000 00:00 0 
7f6e1346f000-7f6e1356d000 rw-p 00000000 00:00 0                          [stack:13084]
7f6e1356d000-7f6e13570000 ---p 00000000 00:00 0 
7f6e13570000-7f6e1366e000 rw-p 00000000 00:00 0                          [stack:13083]
7f6e1366e000-7f6e13671000 ---p 00000000 00:00 0 
7f6e13671000-7f6e1376f000 rw-p 00000000 00:00 0                          [stack:13082]
7f6e1376f000-7f6e13772000 ---p 00000000 00:00 0 
7f6e13772000-7f6e13870000 rw-p 00000000 00:00 0                          [stack:13081]
7f6e13870000-7f6e139f9000 r--p 00000000 08:01 1314223                    /usr/lib/locale/locale-archive
7f6e139fa000-7f6e139fd000 ---p 00000000 00:00 0 
7f6e139fd000-7f6e13afb000 rw-p 00000000 00:00 0                          [stack:13073]
7f6e13afb000-7f6e13afe000 ---p 00000000 00:00 0 
7f6e13afe000-7f6e13bfc000 rw-p 00000000 00:00 0                          [stack:13072]
7f6e13bfc000-7f6e13bfd000 ---p 00000000 00:00 0 
7f6e13bfd000-7f6e14000000 rw-p 00000000 00:00 0                          [stack:13071]
7f6e14000000-7f6e14021000 rw-p 00000000 00:00 0 
7f6e14021000-7f6e18000000 ---p 00000000 00:00 0 
7f6e18000000-7f6e18021000 rw-p 00000000 00:00 0 
7f6e18021000-7f6e1c000000 ---p 00000000 00:00 0 
7f6e1c000000-7f6e1c021000 rw-p 00000000 00:00 0 
7f6e1c021000-7f6e20000000 ---p 00000000 00:00 0 
7f6e20007000-7f6e2000b000 r--s 00027000 08:13 9045357                    /home/mart/IdeaProjects/Multiplayer World 2/libs/lwjgl_util.jar
7f6e2000f000-7f6e2001d000 r--s 0010f000 08:01 2101969                    /usr/lib/jvm/java-7-openjdk-amd64/jre/lib/rhino.jar
7f6e2001e000-7f6e20028000 r--s 000ae000 08:01 2101899                    /usr/lib/jvm/java-7-openjdk-amd64/jre/lib/resources.jar
7f6e20028000-7f6e20029000 r--s 00000000 08:01 2101978                    /usr/lib/jvm/java-7-openjdk-amd64/jre/lib/management-agent.jar
7f6e2002e000-7f6e20033000 r--s 0004e000 08:01 2101968                    /usr/lib/jvm/java-7-openjdk-amd64/jre/lib/jsse.jar
7f6e20038000-7f6e2003a000 r--s 00018000 08:01 2101971                    /usr/lib/jvm/java-7-openjdk-amd64/jre/lib/jce.jar
7f6e2003b000-7f6e20046000 r--s 00203000 08:01 2101903                    /usr/lib/jvm/java-7-openjdk-amd64/jre/lib/charsets.jar
7f6e2004c000-7f6e21000000 rw-p 00000000 00:00 0 
7f6e21000000-7f6e21270000 rwxp 00000000 00:00 0 
7f6e21270000-7f6e24aa7000 rw-p 00000000 00:00 0 
7f6e24aa7000-7f6e28000000 ---p 00000000 00:00 0 
7f6e28002000-7f6e28003000 r--s 0000a000 08:01 2101901                    /usr/lib/jvm/java-7-openjdk-amd64/jre/lib/javazic.jar
7f6e28008000-7f6e28009000 r--s 00000000 08:01 2101972                    /usr/lib/jvm/java-7-openjdk-amd64/jre/lib/compilefontconfig.jar
7f6e2800c000-7f6e289e2000 rw-p 00000000 00:00 0 
7f6e289e2000-7f6e28b94000 r--s 01d32000 08:01 2101898                    /usr/lib/jvm/java-7-openjdk-amd64/jre/lib/rt.jar
7f6e28b95000-7f6e29500000 rw-p 00000000 00:00 0 
7f6e29500000-7f6e29501000 ---p 00000000 00:00 0 
7f6e29501000-7f6e29601000 rw-p 00000000 00:00 0                          [stack:13067]
7f6e29601000-7f6e29602000 ---p 00000000 00:00 0 
7f6e29602000-7f6e29702000 rw-p 00000000 00:00 0                          [stack:13066]
7f6e29702000-7f6e29703000 ---p 00000000 00:00 0 
7f6e29703000-7f6e29803000 rw-p 00000000 00:00 0                          [stack:13065]
7f6e29803000-7f6e29804000 ---p 00000000 00:00 0 
7f6e29804000-7f6e29904000 rw-p 00000000 00:00 0                          [stack:13064]
7f6e29904000-7f6e29905000 ---p 00000000 00:00 0 
7f6e29905000-7f6e29a05000 rw-p 00000000 00:00 0                          [stack:13063]
7f6e29a05000-7f6e29a06000 ---p 00000000 00:00 0 
7f6e29a06000-7f6e29b06000 rw-p 00000000 00:00 0                          [stack:13062]
7f6e29b06000-7f6e29b07000 ---p 00000000 00:00 0 
7f6e29b07000-7f6e29c07000 rw-p 00000000 00:00 0                          [stack:13061]
7f6e29c07000-7f6e29c08000 ---p 00000000 00:00 0 
7f6e29c08000-7f6e29d13000 rw-p 00000000 00:00 0                          [stack:13060]
7f6e29d13000-7f6e29d5b000 rw-p 00000000 00:00 0 
7f6e29d5b000-7f6e29dae000 rw-p 00000000 00:00 0 
7f6e29dae000-7f6e2a28f000 rw-p 00000000 00:00 0 
7f6e2a28f000-7f6e2a29a000 rw-p 00000000 00:00 0 
7f6e2a29a000-7f6e2a2e2000 rw-p 00000000 00:00 0 
7f6e2a2e2000-7f6e2a335000 rw-p 00000000 00:00 0 
7f6e2a335000-7f6e2a815000 rw-p 00000000 00:00 0 
7f6e2a815000-7f6e2a83f000 rw-p 00000000 00:00 0 
7f6e2a83f000-7f6e2aaaf000 rw-p 00000000 00:00 0 
7f6e2aaaf000-7f6e2aab0000 rw-p 00000000 00:00 0 
7f6e2aab0000-7f6e2aab8000 r-xp 00000000 08:01 2101919                    /usr/lib/jvm/java-7-openjdk-amd64/jre/lib/amd64/libzip.so
7f6e2aab8000-7f6e2acb7000 ---p 00008000 08:01 2101919                    /usr/lib/jvm/java-7-openjdk-amd64/jre/lib/amd64/libzip.so
7f6e2acb7000-7f6e2acb8000 r--p 00007000 08:01 2101919                    /usr/lib/jvm/java-7-openjdk-amd64/jre/lib/amd64/libzip.so
7f6e2acb8000-7f6e2acb9000 rw-p 00008000 08:01 2101919                    /usr/lib/jvm/java-7-openjdk-amd64/jre/lib/amd64/libzip.so
7f6e2acc0000-7f6e2accb000 r-xp 00000000 08:01 6425563                    /lib/x86_64-linux-gnu/libnss_files-2.19.so
7f6e2accb000-7f6e2aeca000 ---p 0000b000 08:01 6425563                    /lib/x86_64-linux-gnu/libnss_files-2.19.so
7f6e2aeca000-7f6e2aecb000 r--p 0000a000 08:01 6425563                    /lib/x86_64-linux-gnu/libnss_files-2.19.so
7f6e2aecb000-7f6e2aecc000 rw-p 0000b000 08:01 6425563                    /lib/x86_64-linux-gnu/libnss_files-2.19.so
7f6e2aed0000-7f6e2aeda000 r-xp 00000000 08:01 6425565                    /lib/x86_64-linux-gnu/libnss_nis-2.19.so
7f6e2aeda000-7f6e2b0d9000 ---p 0000a000 08:01 6425565                    /lib/x86_64-linux-gnu/libnss_nis-2.19.so
7f6e2b0d9000-7f6e2b0da000 r--p 00009000 08:01 6425565                    /lib/x86_64-linux-gnu/libnss_nis-2.19.so
7f6e2b0da000-7f6e2b0db000 rw-p 0000a000 08:01 6425565                    /lib/x86_64-linux-gnu/libnss_nis-2.19.so
7f6e2b0e0000-7f6e2b0f5000 r-xp 00000000 08:01 6425560                    /lib/x86_64-linux-gnu/libnsl-2.19.so
7f6e2b0f5000-7f6e2b2f4000 ---p 00015000 08:01 6425560                    /lib/x86_64-linux-gnu/libnsl-2.19.so
7f6e2b2f4000-7f6e2b2f5000 r--p 00014000 08:01 6425560                    /lib/x86_64-linux-gnu/libnsl-2.19.so
7f6e2b2f5000-7f6e2b2f6000 rw-p 00015000 08:01 6425560                    /lib/x86_64-linux-gnu/libnsl-2.19.so
7f6e2b2f6000-7f6e2b2f8000 rw-p 00000000 00:00 0 
7f6e2b2f8000-7f6e2b2ff000 r-xp 00000000 08:01 6425561                    /lib/x86_64-linux-gnu/libnss_compat-2.19.so
7f6e2b2ff000-7f6e2b4fe000 ---p 00007000 08:01 6425561                    /lib/x86_64-linux-gnu/libnss_compat-2.19.so
7f6e2b4fe000-7f6e2b4ff000 r--p 00006000 08:01 6425561                    /lib/x86_64-linux-gnu/libnss_compat-2.19.so
7f6e2b4ff000-7f6e2b500000 rw-p 00007000 08:01 6425561                    /lib/x86_64-linux-gnu/libnss_compat-2.19.so
7f6e2b500000-7f6e2b52d000 r-xp 00000000 08:01 2101951                    /usr/lib/jvm/java-7-openjdk-amd64/jre/lib/amd64/libjava.so
7f6e2b52d000-7f6e2b72c000 ---p 0002d000 08:01 2101951                    /usr/lib/jvm/java-7-openjdk-amd64/jre/lib/amd64/libjava.so
7f6e2b72c000-7f6e2b72d000 r--p 0002c000 08:01 2101951                    /usr/lib/jvm/java-7-openjdk-amd64/jre/lib/amd64/libjava.so
7f6e2b72d000-7f6e2b72f000 rw-p 0002d000 08:01 2101951                    /usr/lib/jvm/java-7-openjdk-amd64/jre/lib/amd64/libjava.so
7f6e2b730000-7f6e2b73f000 r-xp 00000000 08:01 2101914                    /usr/lib/jvm/java-7-openjdk-amd64/jre/lib/amd64/libverify.so
7f6e2b73f000-7f6e2b93e000 ---p 0000f000 08:01 2101914                    /usr/lib/jvm/java-7-openjdk-amd64/jre/lib/amd64/libverify.so
7f6e2b93e000-7f6e2b941000 r--p 0000e000 08:01 2101914                    /usr/lib/jvm/java-7-openjdk-amd64/jre/lib/amd64/libverify.so
7f6e2b941000-7f6e2b942000 rw-p 00011000 08:01 2101914                    /usr/lib/jvm/java-7-openjdk-amd64/jre/lib/amd64/libverify.so
7f6e2b948000-7f6e2b94f000 r-xp 00000000 08:01 6425569                    /lib/x86_64-linux-gnu/librt-2.19.so
7f6e2b94f000-7f6e2bb4e000 ---p 00007000 08:01 6425569                    /lib/x86_64-linux-gnu/librt-2.19.so
7f6e2bb4e000-7f6e2bb4f000 r--p 00006000 08:01 6425569                    /lib/x86_64-linux-gnu/librt-2.19.so
7f6e2bb4f000-7f6e2bb50000 rw-p 00007000 08:01 6425569                    /lib/x86_64-linux-gnu/librt-2.19.so
7f6e2bb50000-7f6e2bb66000 r-xp 00000000 08:01 6422532                    /lib/x86_64-linux-gnu/libgcc_s.so.1
7f6e2bb66000-7f6e2bd65000 ---p 00016000 08:01 6422532                    /lib/x86_64-linux-gnu/libgcc_s.so.1
7f6e2bd65000-7f6e2bd66000 rw-p 00015000 08:01 6422532                    /lib/x86_64-linux-gnu/libgcc_s.so.1
7f6e2bd68000-7f6e2be68000 r-xp 00000000 08:01 6425558                    /lib/x86_64-linux-gnu/libm-2.19.so
7f6e2be68000-7f6e2c067000 ---p 00100000 08:01 6425558                    /lib/x86_64-linux-gnu/libm-2.19.so
7f6e2c067000-7f6e2c068000 r--p 000ff000 08:01 6425558                    /lib/x86_64-linux-gnu/libm-2.19.so
7f6e2c068000-7f6e2c069000 rw-p 00100000 08:01 6425558                    /lib/x86_64-linux-gnu/libm-2.19.so
7f6e2c070000-7f6e2c15c000 r-xp 00000000 08:01 1315446                    /usr/lib/x86_64-linux-gnu/libstdc++.so.6.0.20
7f6e2c15c000-7f6e2c35c000 ---p 000ec000 08:01 1315446                    /usr/lib/x86_64-linux-gnu/libstdc++.so.6.0.20
7f6e2c35c000-7f6e2c364000 r--p 000ec000 08:01 1315446                    /usr/lib/x86_64-linux-gnu/libstdc++.so.6.0.20
7f6e2c364000-7f6e2c366000 rw-p 000f4000 08:01 1315446                    /usr/lib/x86_64-linux-gnu/libstdc++.so.6.0.20
7f6e2c366000-7f6e2c37b000 rw-p 00000000 00:00 0 
7f6e2c380000-7f6e2ced6000 r-xp 00000000 08:01 2101927                    /usr/lib/jvm/java-7-openjdk-amd64/jre/lib/amd64/server/libjvm.so
7f6e2ced6000-7f6e2d0d6000 ---p 00b56000 08:01 2101927                    /usr/lib/jvm/java-7-openjdk-amd64/jre/lib/amd64/server/libjvm.so
7f6e2d0d6000-7f6e2d175000 r--p 00b56000 08:01 2101927                    /usr/lib/jvm/java-7-openjdk-amd64/jre/lib/amd64/server/libjvm.so
7f6e2d175000-7f6e2d198000 rw-p 00bf5000 08:01 2101927                    /usr/lib/jvm/java-7-openjdk-amd64/jre/lib/amd64/server/libjvm.so
7f6e2d198000-7f6e2d1c5000 rw-p 00000000 00:00 0 
7f6e2d1c8000-7f6e2d1e2000 r-xp 00000000 08:01 6422628                    /lib/x86_64-linux-gnu/libz.so.1.2.8
7f6e2d1e2000-7f6e2d3e1000 ---p 0001a000 08:01 6422628                    /lib/x86_64-linux-gnu/libz.so.1.2.8
7f6e2d3e1000-7f6e2d3e2000 r--p 00019000 08:01 6422628                    /lib/x86_64-linux-gnu/libz.so.1.2.8
7f6e2d3e2000-7f6e2d3e3000 rw-p 0001a000 08:01 6422628                    /lib/x86_64-linux-gnu/libz.so.1.2.8
7f6e2d3e8000-7f6e2d587000 r-xp 00000000 08:01 6425554                    /lib/x86_64-linux-gnu/libc-2.19.so
7f6e2d587000-7f6e2d787000 ---p 0019f000 08:01 6425554                    /lib/x86_64-linux-gnu/libc-2.19.so
7f6e2d787000-7f6e2d78b000 r--p 0019f000 08:01 6425554                    /lib/x86_64-linux-gnu/libc-2.19.so
7f6e2d78b000-7f6e2d78d000 rw-p 001a3000 08:01 6425554                    /lib/x86_64-linux-gnu/libc-2.19.so
7f6e2d78d000-7f6e2d791000 rw-p 00000000 00:00 0 
7f6e2d798000-7f6e2d79b000 r-xp 00000000 08:01 6425557                    /lib/x86_64-linux-gnu/libdl-2.19.so
7f6e2d79b000-7f6e2d99a000 ---p 00003000 08:01 6425557                    /lib/x86_64-linux-gnu/libdl-2.19.so
7f6e2d99a000-7f6e2d99b000 r--p 00002000 08:01 6425557                    /lib/x86_64-linux-gnu/libdl-2.19.so
7f6e2d99b000-7f6e2d99c000 rw-p 00003000 08:01 6425557                    /lib/x86_64-linux-gnu/libdl-2.19.so
7f6e2d9a0000-7f6e2d9ad000 r-xp 00000000 08:01 2101917                    /usr/lib/jvm/java-7-openjdk-amd64/jre/lib/amd64/jli/libjli.so
7f6e2d9ad000-7f6e2dbac000 ---p 0000d000 08:01 2101917                    /usr/lib/jvm/java-7-openjdk-amd64/jre/lib/amd64/jli/libjli.so
7f6e2dbac000-7f6e2dbad000 r--p 0000c000 08:01 2101917                    /usr/lib/jvm/java-7-openjdk-amd64/jre/lib/amd64/jli/libjli.so
7f6e2dbad000-7f6e2dbae000 rw-p 0000d000 08:01 2101917                    /usr/lib/jvm/java-7-openjdk-amd64/jre/lib/amd64/jli/libjli.so
7f6e2dbb0000-7f6e2dbc8000 r-xp 00000000 08:01 6425550                    /lib/x86_64-linux-gnu/libpthread-2.19.so
7f6e2dbc8000-7f6e2ddc7000 ---p 00018000 08:01 6425550                    /lib/x86_64-linux-gnu/libpthread-2.19.so
7f6e2ddc7000-7f6e2ddc8000 r--p 00017000 08:01 6425550                    /lib/x86_64-linux-gnu/libpthread-2.19.so
7f6e2ddc8000-7f6e2ddc9000 rw-p 00018000 08:01 6425550                    /lib/x86_64-linux-gnu/libpthread-2.19.so
7f6e2ddc9000-7f6e2ddcd000 rw-p 00000000 00:00 0 
7f6e2ddd0000-7f6e2ddf0000 r-xp 00000000 08:01 6425551                    /lib/x86_64-linux-gnu/ld-2.19.so
7f6e2ddf7000-7f6e2ddfa000 r--s 0000f000 08:01 2101910                    /usr/lib/jvm/java-7-openjdk-amd64/jre/lib/ext/icedtea-sound.jar
7f6e2ddfc000-7f6e2de00000 r--s 00034000 08:01 2101912                    /usr/lib/jvm/java-7-openjdk-amd64/jre/lib/ext/sunjce_provider.jar
7f6e2de03000-7f6e2de0d000 rw-p 00000000 00:00 0 
7f6e2de0d000-7f6e2dec3000 rw-p 00000000 00:00 0 
7f6e2dec3000-7f6e2dec6000 ---p 00000000 00:00 0 
7f6e2dec6000-7f6e2dfc8000 rw-p 00000000 00:00 0                          [stack:13050]
7f6e2dfce000-7f6e2dfd0000 r--s 00006000 08:01 1841746                    /usr/share/java/java-atk-wrapper.jar
7f6e2dfd2000-7f6e2dfd4000 r--s 00012000 08:01 2101907                    /usr/lib/jvm/java-7-openjdk-amd64/jre/lib/ext/zipfs.jar
7f6e2dfd5000-7f6e2dfd9000 r--s 00085000 08:01 2101908                    /usr/lib/jvm/java-7-openjdk-amd64/jre/lib/ext/localedata.jar
7f6e2dfda000-7f6e2dfdb000 r--s 00002000 08:01 2101909                    /usr/lib/jvm/java-7-openjdk-amd64/jre/lib/ext/dnsns.jar
7f6e2dfdc000-7f6e2dfe0000 r--s 0003c000 08:01 2101911                    /usr/lib/jvm/java-7-openjdk-amd64/jre/lib/ext/sunpkcs11.jar
7f6e2dfe0000-7f6e2dfe8000 rw-s 00000000 08:12 3145732                    /tmp/hsperfdata_mart/13048
7f6e2dfeb000-7f6e2dfee000 rw-p 00000000 00:00 0 
7f6e2dfee000-7f6e2dfef000 r--p 00000000 00:00 0 
7f6e2dfef000-7f6e2dff0000 rw-p 00000000 00:00 0 
7f6e2dff0000-7f6e2dff1000 r--p 00020000 08:01 6425551                    /lib/x86_64-linux-gnu/ld-2.19.so
7f6e2dff1000-7f6e2dff2000 rw-p 00021000 08:01 6425551                    /lib/x86_64-linux-gnu/ld-2.19.so
7f6e2dff2000-7f6e2dff5000 rw-p 00000000 00:00 0 
7ffda2e99000-7ffda2eba000 rw-p 00000000 00:00 0                          [stack]
7ffda2f68000-7ffda2f6a000 r-xp 00000000 00:00 0                          [vdso]
7ffda2f6a000-7ffda2f6c000 r--p 00000000 00:00 0                          [vvar]
ffffffffff600000-ffffffffff601000 r-xp 00000000 00:00 0                  [vsyscall]

VM Arguments:
jvm_args: -Djava.library.path=libs/ -Didea.launcher.port=7532 -Didea.launcher.bin.path=/opt/intellij-idea/bin -Dfile.encoding=UTF-8 
java_command: com.intellij.rt.execution.application.AppMain engine.GameLoop
Launcher Type: SUN_STANDARD

Environment Variables:
PATH=/usr/local/bin:/usr/bin:/bin:/usr/local/games:/usr/games
USERNAME=mart
LD_LIBRARY_PATH=/opt/intellij-idea/bin:
SHELL=/bin/bash
DISPLAY=:0

Signal Handlers:
SIGSEGV: [libjvm.so+0x988620], sa_mask[0]=0x7ffbfeff, sa_flags=0x10000004
SIGBUS: [libjvm.so+0x988620], sa_mask[0]=0x7ffbfeff, sa_flags=0x10000004
SIGFPE: [libjvm.so+0x7f5420], sa_mask[0]=0x7ffbfeff, sa_flags=0x10000004
SIGPIPE: [libjvm.so+0x7f5420], sa_mask[0]=0x7ffbfeff, sa_flags=0x10000004
SIGXFSZ: [libjvm.so+0x7f5420], sa_mask[0]=0x7ffbfeff, sa_flags=0x10000004
SIGILL: [libjvm.so+0x7f5420], sa_mask[0]=0x7ffbfeff, sa_flags=0x10000004
SIGUSR1: SIG_DFL, sa_mask[0]=0x00000000, sa_flags=0x00000000
SIGUSR2: [libjvm.so+0x7f52a0], sa_mask[0]=0x00000004, sa_flags=0x10000004
SIGHUP: [libjvm.so+0x7f54a0], sa_mask[0]=0x7ffbfeff, sa_flags=0x10000004
SIGINT: [libjvm.so+0x7f54a0], sa_mask[0]=0x7ffbfeff, sa_flags=0x10000004
SIGTERM: [libjvm.so+0x7f54a0], sa_mask[0]=0x7ffbfeff, sa_flags=0x10000004
SIGQUIT: [libjvm.so+0x7f54a0], sa_mask[0]=0x7ffbfeff, sa_flags=0x10000004
SIGTRAP: SIG_DFL, sa_mask[0]=0x00000000, sa_flags=0x00000000


---------------  S Y S T E M  ---------------

OS:8.2

uname:Linux 3.16.0-4-amd64 #1 SMP Debian 3.16.7-ckt11-1+deb8u5 (2015-10-09) x86_64
libc:glibc 2.19 NPTL 2.19 
rlimit: STACK 8192k, CORE 0k, NPROC 63809, NOFILE 65536, AS infinity
load average:0.82 1.00 0.93

/proc/meminfo:
MemTotal:       16352924 kB
MemFree:         9147688 kB
MemAvailable:   12698500 kB
Buffers:          353096 kB
Cached:          3095332 kB
SwapCached:            0 kB
Active:          5355716 kB
Inactive:        1277728 kB
Active(anon):    3188504 kB
Inactive(anon):    21848 kB
Active(file):    2167212 kB
Inactive(file):  1255880 kB
Unevictable:          32 kB
Mlocked:              32 kB
SwapTotal:             0 kB
SwapFree:              0 kB
Dirty:              4128 kB
Writeback:             0 kB
AnonPages:       3184996 kB
Mapped:           416040 kB
Shmem:             25356 kB
Slab:             428560 kB
SReclaimable:     381136 kB
SUnreclaim:        47424 kB
KernelStack:       11104 kB
PageTables:        32036 kB
NFS_Unstable:          0 kB
Bounce:                0 kB
WritebackTmp:          0 kB
CommitLimit:     8176460 kB
Committed_AS:    8248516 kB
VmallocTotal:   34359738367 kB
VmallocUsed:      330552 kB
VmallocChunk:   34359391740 kB
HardwareCorrupted:     0 kB
AnonHugePages:         0 kB
HugePages_Total:       0
HugePages_Free:        0
HugePages_Rsvd:        0
HugePages_Surp:        0
Hugepagesize:       2048 kB
DirectMap4k:      213428 kB
DirectMap2M:    13365248 kB
DirectMap1G:     3145728 kB


CPU:total 8 (8 cores per cpu, 1 threads per core) family 21 model 2 stepping 0, cmov, cx8, fxsr, mmx, sse, sse2, sse3, ssse3, sse4.1, sse4.2, popcnt, avx, aes, mmxext, 3dnowpref, lzcnt, sse4a, tsc, tscinvbit, tscinv

/proc/cpuinfo:
processor	: 0
vendor_id	: AuthenticAMD
cpu family	: 21
model		: 2
model name	: AMD FX(tm)-8320 Eight-Core Processor
stepping	: 0
microcode	: 0x6000822
cpu MHz		: 1400.000
cache size	: 2048 KB
physical id	: 0
siblings	: 8
core id		: 0
cpu cores	: 4
apicid		: 16
initial apicid	: 0
fpu		: yes
fpu_exception	: yes
cpuid level	: 13
wp		: yes
flags		: fpu vme de pse tsc msr pae mce cx8 apic sep mtrr pge mca cmov pat pse36 clflush mmx fxsr sse sse2 ht syscall nx mmxext fxsr_opt pdpe1gb rdtscp lm constant_tsc rep_good nopl nonstop_tsc extd_apicid aperfmperf pni pclmulqdq monitor ssse3 fma cx16 sse4_1 sse4_2 popcnt aes xsave avx f16c lahf_lm cmp_legacy svm extapic cr8_legacy abm sse4a misalignsse 3dnowprefetch osvw ibs xop skinit wdt lwp fma4 tce nodeid_msr tbm topoext perfctr_core perfctr_nb arat cpb hw_pstate npt lbrv svm_lock nrip_save tsc_scale vmcb_clean flushbyasid decodeassists pausefilter pfthreshold vmmcall bmi1
bogomips	: 7000.16
TLB size	: 1536 4K pages
clflush size	: 64
cache_alignment	: 64
address sizes	: 48 bits physical, 48 bits virtual
power management: ts ttp tm 100mhzsteps hwpstate cpb eff_freq_ro

processor	: 1
vendor_id	: AuthenticAMD
cpu family	: 21
model		: 2
model name	: AMD FX(tm)-8320 Eight-Core Processor           
stepping	: 0
microcode	: 0x6000822
cpu MHz		: 1400.000
cache size	: 2048 KB
physical id	: 0
siblings	: 8
core id		: 1
cpu cores	: 4
apicid		: 17
initial apicid	: 1
fpu		: yes
fpu_exception	: yes
cpuid level	: 13
wp		: yes
flags		: fpu vme de pse tsc msr pae mce cx8 apic sep mtrr pge mca cmov pat pse36 clflush mmx fxsr sse sse2 ht syscall nx mmxext fxsr_opt pdpe1gb rdtscp lm constant_tsc rep_good nopl nonstop_tsc extd_apicid aperfmperf pni pclmulqdq monitor ssse3 fma cx16 sse4_1 sse4_2 popcnt aes xsave avx f16c lahf_lm cmp_legacy svm extapic cr8_legacy abm sse4a misalignsse 3dnowprefetch osvw ibs xop skinit wdt lwp fma4 tce nodeid_msr tbm topoext perfctr_core perfctr_nb arat cpb hw_pstate npt lbrv svm_lock nrip_save tsc_scale vmcb_clean flushbyasid decodeassists pausefilter pfthreshold vmmcall bmi1
bogomips	: 7000.16
TLB size	: 1536 4K pages
clflush size	: 64
cache_alignment	: 64
address sizes	: 48 bits physical, 48 bits virtual
power management: ts ttp tm 100mhzsteps hwpstate cpb eff_freq_ro

processor	: 2
vendor_id	: AuthenticAMD
cpu family	: 21
model		: 2
model name	: AMD FX(tm)-8320 Eight-Core Processor           
stepping	: 0
microcode	: 0x6000822
cpu MHz		: 3500.000
cache size	: 2048 KB
physical id	: 0
siblings	: 8
core id		: 2
cpu cores	: 4
apicid		: 18
initial apicid	: 2
fpu		: yes
fpu_exception	: yes
cpuid level	: 13
wp		: yes
flags		: fpu vme de pse tsc msr pae mce cx8 apic sep mtrr pge mca cmov pat pse36 clflush mmx fxsr sse sse2 ht syscall nx mmxext fxsr_opt pdpe1gb rdtscp lm constant_tsc rep_good nopl nonstop_tsc extd_apicid aperfmperf pni pclmulqdq monitor ssse3 fma cx16 sse4_1 sse4_2 popcnt aes xsave avx f16c lahf_lm cmp_legacy svm extapic cr8_legacy abm sse4a misalignsse 3dnowprefetch osvw ibs xop skinit wdt lwp fma4 tce nodeid_msr tbm topoext perfctr_core perfctr_nb arat cpb hw_pstate npt lbrv svm_lock nrip_save tsc_scale vmcb_clean flushbyasid decodeassists pausefilter pfthreshold vmmcall bmi1
bogomips	: 7000.16
TLB size	: 1536 4K pages
clflush size	: 64
cache_alignment	: 64
address sizes	: 48 bits physical, 48 bits virtual
power management: ts ttp tm 100mhzsteps hwpstate cpb eff_freq_ro

processor	: 3
vendor_id	: AuthenticAMD
cpu family	: 21
model		: 2
model name	: AMD FX(tm)-8320 Eight-Core Processor           
stepping	: 0
microcode	: 0x6000822
cpu MHz		: 3500.000
cache size	: 2048 KB
physical id	: 0
siblings	: 8
core id		: 3
cpu cores	: 4
apicid		: 19
initial apicid	: 3
fpu		: yes
fpu_exception	: yes
cpuid level	: 13
wp		: yes
flags		: fpu vme de pse tsc msr pae mce cx8 apic sep mtrr pge mca cmov pat pse36 clflush mmx fxsr sse sse2 ht syscall nx mmxext fxsr_opt pdpe1gb rdtscp lm constant_tsc rep_good nopl nonstop_tsc extd_apicid aperfmperf pni pclmulqdq monitor ssse3 fma cx16 sse4_1 sse4_2 popcnt aes xsave avx f16c lahf_lm cmp_legacy svm extapic cr8_legacy abm sse4a misalignsse 3dnowprefetch osvw ibs xop skinit wdt lwp fma4 tce nodeid_msr tbm topoext perfctr_core perfctr_nb arat cpb hw_pstate npt lbrv svm_lock nrip_save tsc_scale vmcb_clean flushbyasid decodeassists pausefilter pfthreshold vmmcall bmi1
bogomips	: 7000.16
TLB size	: 1536 4K pages
clflush size	: 64
cache_alignment	: 64
address sizes	: 48 bits physical, 48 bits virtual
power management: ts ttp tm 100mhzsteps hwpstate cpb eff_freq_ro

processor	: 4
vendor_id	: AuthenticAMD
cpu family	: 21
model		: 2
model name	: AMD FX(tm)-8320 Eight-Core Processor           
stepping	: 0
microcode	: 0x6000822
cpu MHz		: 1400.000
cache size	: 2048 KB
physical id	: 0
siblings	: 8
core id		: 4
cpu cores	: 4
apicid		: 20
initial apicid	: 4
fpu		: yes
fpu_exception	: yes
cpuid level	: 13
wp		: yes
flags		: fpu vme de pse tsc msr pae mce cx8 apic sep mtrr pge mca cmov pat pse36 clflush mmx fxsr sse sse2 ht syscall nx mmxext fxsr_opt pdpe1gb rdtscp lm constant_tsc rep_good nopl nonstop_tsc extd_apicid aperfmperf pni pclmulqdq monitor ssse3 fma cx16 sse4_1 sse4_2 popcnt aes xsave avx f16c lahf_lm cmp_legacy svm extapic cr8_legacy abm sse4a misalignsse 3dnowprefetch osvw ibs xop skinit wdt lwp fma4 tce nodeid_msr tbm topoext perfctr_core perfctr_nb arat cpb hw_pstate npt lbrv svm_lock nrip_save tsc_scale vmcb_clean flushbyasid decodeassists pausefilter pfthreshold vmmcall bmi1
bogomips	: 7000.16
TLB size	: 1536 4K pages
clflush size	: 64
cache_alignment	: 64
address sizes	: 48 bits physical, 48 bits virtual
power management: ts ttp tm 100mhzsteps hwpstate cpb eff_freq_ro

processor	: 5
vendor_id	: AuthenticAMD
cpu family	: 21
model		: 2
model name	: AMD FX(tm)-8320 Eight-Core Processor           
stepping	: 0
microcode	: 0x6000822
cpu MHz		: 3500.000
cache size	: 2048 KB
physical id	: 0
siblings	: 8
core id		: 5
cpu cores	: 4
apicid		: 21
initial apicid	: 5
fpu		: yes
fpu_exception	: yes
cpuid level	: 13
wp		: yes
flags		: fpu vme de pse tsc msr pae mce cx8 apic sep mtrr pge mca cmov pat pse36 clflush mmx fxsr sse sse2 ht syscall nx mmxext fxsr_opt pdpe1gb rdtscp lm constant_tsc rep_good nopl nonstop_tsc extd_apicid aperfmperf pni pclmulqdq monitor ssse3 fma cx16 sse4_1 sse4_2 popcnt aes xsave avx f16c lahf_lm cmp_legacy svm extapic cr8_legacy abm sse4a misalignsse 3dnowprefetch osvw ibs xop skinit wdt lwp fma4 tce nodeid_msr tbm topoext perfctr_core perfctr_nb arat cpb hw_pstate npt lbrv svm_lock nrip_save tsc_scale vmcb_clean flushbyasid decodeassists pausefilter pfthreshold vmmcall bmi1
bogomips	: 7000.16
TLB size	: 1536 4K pages
clflush size	: 64
cache_alignment	: 64
address sizes	: 48 bits physical, 48 bits virtual
power management: ts ttp tm 100mhzsteps hwpstate cpb eff_freq_ro

processor	: 6
vendor_id	: AuthenticAMD
cpu family	: 21
model		: 2
model name	: AMD FX(tm)-8320 Eight-Core Processor           
stepping	: 0
microcode	: 0x6000822
cpu MHz		: 3500.000
cache size	: 2048 KB
physical id	: 0
siblings	: 8
core id		: 6
cpu cores	: 4
apicid		: 22
initial apicid	: 6
fpu		: yes
fpu_exception	: yes
cpuid level	: 13
wp		: yes
flags		: fpu vme de pse tsc msr pae mce cx8 apic sep mtrr pge mca cmov pat pse36 clflush mmx fxsr sse sse2 ht syscall nx mmxext fxsr_opt pdpe1gb rdtscp lm constant_tsc rep_good nopl nonstop_tsc extd_apicid aperfmperf pni pclmulqdq monitor ssse3 fma cx16 sse4_1 sse4_2 popcnt aes xsave avx f16c lahf_lm cmp_legacy svm extapic cr8_legacy abm sse4a misalignsse 3dnowprefetch osvw ibs xop skinit wdt lwp fma4 tce nodeid_msr tbm topoext perfctr_core perfctr_nb arat cpb hw_pstate npt lbrv svm_lock nrip_save tsc_scale vmcb_clean flushbyasid decodeassists pausefilter pfthreshold vmmcall bmi1
bogomips	: 7000.16
TLB size	: 1536 4K pages
clflush size	: 64
cache_alignment	: 64
address sizes	: 48 bits physical, 48 bits virtual
power management: ts ttp tm 100mhzsteps hwpstate cpb eff_freq_ro

processor	: 7
vendor_id	: AuthenticAMD
cpu family	: 21
model		: 2
model name	: AMD FX(tm)-8320 Eight-Core Processor           
stepping	: 0
microcode	: 0x6000822
cpu MHz		: 3500.000
cache size	: 2048 KB
physical id	: 0
siblings	: 8
core id		: 7
cpu cores	: 4
apicid		: 23
initial apicid	: 7
fpu		: yes
fpu_exception	: yes
cpuid level	: 13
wp		: yes
flags		: fpu vme de pse tsc msr pae mce cx8 apic sep mtrr pge mca cmov pat pse36 clflush mmx fxsr sse sse2 ht syscall nx mmxext fxsr_opt pdpe1gb rdtscp lm constant_tsc rep_good nopl nonstop_tsc extd_apicid aperfmperf pni pclmulqdq monitor ssse3 fma cx16 sse4_1 sse4_2 popcnt aes xsave avx f16c lahf_lm cmp_legacy svm extapic cr8_legacy abm sse4a misalignsse 3dnowprefetch osvw ibs xop skinit wdt lwp fma4 tce nodeid_msr tbm topoext perfctr_core perfctr_nb arat cpb hw_pstate npt lbrv svm_lock nrip_save tsc_scale vmcb_clean flushbyasid decodeassists pausefilter pfthreshold vmmcall bmi1
bogomips	: 7000.16
TLB size	: 1536 4K pages
clflush size	: 64
cache_alignment	: 64
address sizes	: 48 bits physical, 48 bits virtual
power management: ts ttp tm 100mhzsteps hwpstate cpb eff_freq_ro



Memory: 4k page, physical 16352924k(9147688k free), swap 0k(0k free)

vm_info: OpenJDK 64-Bit Server VM (24.85-b03) for linux-amd64 JRE (1.7.0_85-b01), built on Oct 31 2015 21:30:47 by "jmm" with gcc 4.9.2

time: Tue Jan 10 22:30:29 2017
elapsed time: 1 seconds

