#
# A fatal error has been detected by the Java Runtime Environment:
#
#  SIGSEGV (0xb) at pc=0x00000000413c9ee3, pid=11776, tid=140071113213696
#
# JRE version: OpenJDK Runtime Environment (7.0_85-b01) (build 1.7.0_85-b01)
# Java VM: OpenJDK 64-Bit Server VM (24.85-b03 mixed mode linux-amd64 compressed oops)
# Derivative: IcedTea 2.6.1
# Distribution: Debian GNU/Linux 8.2 (jessie), package 7u85-2.6.1-6+deb8u1
# Problematic frame:
# C  0x00000000413c9ee3
#
# Failed to write core dump. Core dumps have been disabled. To enable core dumping, try "ulimit -c unlimited" before starting Java again
#
# If you would like to submit a bug report, please include
# instructions on how to reproduce the bug and visit:
#   http://icedtea.classpath.org/bugzilla
# The crash happened outside the Java Virtual Machine in native code.
# See problematic frame for where to report the bug.
#

---------------  T H R E A D  ---------------

Current thread (0x00007f64d000a800):  JavaThread "main" [_thread_in_native, id=11778, stack(0x00007f64d8e24000,0x00007f64d8f25000)]

siginfo:si_signo=SIGSEGV: si_errno=0, si_code=1 (SEGV_MAPERR), si_addr=0x0000000000000000

Registers:
RAX=0x00007f646701db24, RBX=0x0000000040d17000, RCX=0x0000000000000000, RDX=0x0000000000000066
RSP=0x00007f64d8f22fb8, RBP=0x000000003f138000, RSI=0x0000000000000000, RDI=0x0000000000000000
R8 =0x00007f64d091db70, R9 =0x000000012ada0000, R10=0x247c8b489f75caff, R11=0x0000000000000000
R12=0x0000000000000000, R13=0x0000000000000066, R14=0x0000000000000000, R15=0x00007f64d05726a0
RIP=0x00000000413c9ee3, EFLAGS=0x0000000000010246, CSGSFS=0x0000000000000033, ERR=0x0000000000000004
  TRAPNO=0x000000000000000e

Top of Stack: (sp=0x00007f64d8f22fb8)
0x00007f64d8f22fb8:   00007f64958d1fc4 0000000400000000
0x00007f64d8f22fc8:   00007f64d0a0d988 00007f64d000a800
0x00007f64d8f22fd8:   00007f64958d296e 00007f646701db24
0x00007f64d8f22fe8:   0000000040d17000 0000000040d5b100
0x00007f64d8f22ff8:   0000000000000004 0000000000000000
0x00007f64d8f23008:   00007f64d8f23118 00007f64d000a800
0x00007f64d8f23018:   00007f64954e0798 00000006fc0c51e0
0x00007f64d8f23028:   0000006600000000 00000006fc038f48
0x00007f64d8f23038:   0000000000000000 00007f64d8f23068
0x00007f64d8f23048:   00000006fc66d8a8 00007f64d8f230d8
0x00007f64d8f23058:   0000000000000000 00000006fc66d8a8
0x00007f64d8f23068:   00007f64cd012758 00007f64d8f23070
0x00007f64d8f23078:   00000006fc57b508 00007f64d8f230c0
0x00007f64d8f23088:   00000006fc57cc18 0000000000000000
0x00007f64d8f23098:   00007f64d8f23098 0000000000000000
0x00007f64d8f230a8:   00007f64d8f23118 00000006fc689b18
0x00007f64d8f230b8:   0000000000000000 00000006fc66d8a8
0x00007f64d8f230c8:   0000000000000000 00007f64d8f230f8
0x00007f64d8f230d8:   00007f64d8f23160 00007f64cd006058
0x00007f64d8f230e8:   00000007ad55c088 00007f64cd00ecd8
0x00007f64d8f230f8:   00007f6496dee780 00007f64d8f23160
0x00007f64d8f23108:   0000000000000066 0000000000000000
0x00007f64d8f23118:   0000000000000004 00007f64d8f23120
0x00007f64d8f23128:   00000006fc66d79c 00007f64d8f23198
0x00007f64d8f23138:   00000006fc689b18 0000000000000000
0x00007f64d8f23148:   00000006fc66d7e8 00007f64d8f230f8
0x00007f64d8f23158:   00007f64d8f23188 00007f64d8f231e0
0x00007f64d8f23168:   00007f64cd006058 00007f6496dee780
0x00007f64d8f23178:   0000000000000000 00000007ad509f08
0x00007f64d8f23188:   0000000000000066 0000000000000000
0x00007f64d8f23198:   0000000000000004 00007f64d8f231a0
0x00007f64d8f231a8:   00000006fc6cdd13 00007f64d8f231f8 

Instructions: (pc=0x00000000413c9ee3)
0x00000000413c9ec3:   68 04 48 be 78 7d d6 40 00 00 00 00 48 8b 36 48
0x00000000413c9ed3:   8b b6 38 03 00 00 48 8b f9 48 c1 e7 04 48 03 f7
0x00000000413c9ee3:   8b 3e 8b 6e 04 89 78 08 89 68 0c 8b 7e 08 8b 6e
0x00000000413c9ef3:   0c 89 78 10 89 68 14 48 83 c0 18 ff c1 ff ca 75 

Register to memory mapping:

RAX=0x00007f646701db24 is an unknown value
RBX=0x0000000040d17000 is an unknown value
RCX=0x0000000000000000 is an unknown value
RDX=0x0000000000000066 is an unknown value
RSP=0x00007f64d8f22fb8 is pointing into the stack for thread: 0x00007f64d000a800
RBP=0x000000003f138000 is an unknown value
RSI=0x0000000000000000 is an unknown value
RDI=0x0000000000000000 is an unknown value
R8 =0x00007f64d091db70 is an unknown value
R9 =0x000000012ada0000 is an unknown value
R10=0x247c8b489f75caff is an unknown value
R11=0x0000000000000000 is an unknown value
R12=0x0000000000000000 is an unknown value
R13=0x0000000000000066 is an unknown value
R14=0x0000000000000000 is an unknown value
R15=0x00007f64d05726a0 is an unknown value


Stack: [0x00007f64d8e24000,0x00007f64d8f25000],  sp=0x00007f64d8f22fb8,  free space=1019k
Native frames: (J=compiled Java code, j=interpreted, Vv=VM code, C=native code)
C  0x00000000413c9ee3

[error occurred during error reporting (printing native stack), id 0xb]

Java frames: (J=compiled Java code, j=interpreted, Vv=VM code)
j  org.lwjgl.opengl.GL11.nglDrawArrays(IIIJ)V+0
j  org.lwjgl.opengl.GL11.glDrawArrays(III)V+20
j  fontRendering.FontRenderer.renderText(LfontMeshCreator/GUIText;)V+43
j  fontRendering.FontRenderer.render(Ljava/util/Map;)V+92
j  fontRendering.TextMaster.render()V+6
j  engine.GameLoop.main([Ljava/lang/String;)V+162
v  ~StubRoutines::call_stub
j  sun.reflect.NativeMethodAccessorImpl.invoke0(Ljava/lang/reflect/Method;Ljava/lang/Object;[Ljava/lang/Object;)Ljava/lang/Object;+0
j  sun.reflect.NativeMethodAccessorImpl.invoke(Ljava/lang/Object;[Ljava/lang/Object;)Ljava/lang/Object;+87
j  sun.reflect.DelegatingMethodAccessorImpl.invoke(Ljava/lang/Object;[Ljava/lang/Object;)Ljava/lang/Object;+6
j  java.lang.reflect.Method.invoke(Ljava/lang/Object;[Ljava/lang/Object;)Ljava/lang/Object;+57
j  com.intellij.rt.execution.application.AppMain.main([Ljava/lang/String;)V+170
v  ~StubRoutines::call_stub

---------------  P R O C E S S  ---------------

Java Threads: ( => current thread )
  0x00007f64d0249800 JavaThread "process reaper" daemon [_thread_blocked, id=11822, stack(0x00007f64b404e000,0x00007f64b4087000)]
  0x00007f64d0243000 JavaThread "AWT-XAWT" daemon [_thread_in_native, id=11820, stack(0x00007f64978e7000,0x00007f64979e8000)]
  0x00007f64d0226000 JavaThread "Java2D Disposer" daemon [_thread_blocked, id=11819, stack(0x00007f64b4087000,0x00007f64b4188000)]
  0x00007f64d0187000 JavaThread "Monitor Ctrl-Break" daemon [_thread_in_native, id=11814, stack(0x00007f64b5f9f000,0x00007f64b60a0000)]
  0x00007f64d00b7800 JavaThread "Service Thread" daemon [_thread_blocked, id=11812, stack(0x00007f64b63f4000,0x00007f64b64f5000)]
  0x00007f64d00b5800 JavaThread "C2 CompilerThread1" daemon [_thread_blocked, id=11811, stack(0x00007f64b64f5000,0x00007f64b65f6000)]
  0x00007f64d00b2800 JavaThread "C2 CompilerThread0" daemon [_thread_blocked, id=11810, stack(0x00007f64b65f6000,0x00007f64b66f7000)]
  0x00007f64d00b0800 JavaThread "Signal Dispatcher" daemon [_thread_blocked, id=11809, stack(0x00007f64b66f7000,0x00007f64b67f8000)]
  0x00007f64d0085000 JavaThread "Finalizer" daemon [_thread_blocked, id=11798, stack(0x00007f64b6987000,0x00007f64b6a88000)]
  0x00007f64d0083000 JavaThread "Reference Handler" daemon [_thread_blocked, id=11797, stack(0x00007f64b6a88000,0x00007f64b6b89000)]
=>0x00007f64d000a800 JavaThread "main" [_thread_in_native, id=11778, stack(0x00007f64d8e24000,0x00007f64d8f25000)]

Other Threads:
  0x00007f64d007f000 VMThread [stack: 0x00007f64b6b89000,0x00007f64b6c8a000] [id=11796]
  0x00007f64d00c2800 WatcherThread [stack: 0x00007f64b62f3000,0x00007f64b63f4000] [id=11813]

VM state:not at safepoint (normal execution)

VM Mutex/Monitor currently owned by a thread: None

Heap
 PSYoungGen      total 75264K, used 13094K [0x00000007acc80000, 0x00000007b2000000, 0x0000000800000000)
  eden space 65024K, 20% used [0x00000007acc80000,0x00000007ad949870,0x00000007b0c00000)
  from space 10240K, 0% used [0x00000007b1600000,0x00000007b1600000,0x00000007b2000000)
  to   space 10240K, 0% used [0x00000007b0c00000,0x00000007b0c00000,0x00000007b1600000)
 ParOldGen       total 169984K, used 0K [0x0000000706600000, 0x0000000710c00000, 0x00000007acc80000)
  object space 169984K, 0% used [0x0000000706600000,0x0000000706600000,0x0000000710c00000)
 PSPermGen       total 21504K, used 7855K [0x00000006fc000000, 0x00000006fd500000, 0x0000000706600000)
  object space 21504K, 36% used [0x00000006fc000000,0x00000006fc7abe70,0x00000006fd500000)

Card table byte_map: [0x00007f64d51ef000,0x00007f64d5a10000] byte_map_base: 0x00007f64d1a0f000

Polling page: 0x00007f64d8f4e000

Code Cache  [0x00007f64cd000000, 0x00007f64cd270000, 0x00007f64d0000000)
 total_blobs=483 nmethods=33 adapters=405 free_code_cache=48578Kb largest_free_block=49733056

Compilation events (10 events):
Event: 0.948 Thread 0x00007f64d00b2800   29   !         java.io.BufferedReader::readLine (304 bytes)
Event: 0.957 Thread 0x00007f64d00b5800   30             sun.nio.cs.UTF_8$Decoder::decodeArrayLoop (543 bytes)
Event: 0.965 Thread 0x00007f64d00b2800 nmethod 29 0x00007f64cd08eb50 code [0x00007f64cd08ed20, 0x00007f64cd08fc70]
Event: 0.970 Thread 0x00007f64d00b5800 nmethod 30 0x00007f64cd090350 code [0x00007f64cd0905c0, 0x00007f64cd091158]
Event: 0.983 Thread 0x00007f64d00b2800   31             java.lang.String::indexOf (166 bytes)
Event: 0.986 Thread 0x00007f64d00b5800   32             org.newdawn.slick.opengl.PNGDecoder::unfilterUp (38 bytes)
Event: 0.988 Thread 0x00007f64d00b5800 nmethod 32 0x00007f64cd088950 code [0x00007f64cd088aa0, 0x00007f64cd088c18]
Event: 0.988 Thread 0x00007f64d00b5800   33 %           org.newdawn.slick.opengl.PNGDecoder::unfilterUp @ 12 (38 bytes)
Event: 0.991 Thread 0x00007f64d00b2800 nmethod 31 0x00007f64cd08b1d0 code [0x00007f64cd08b320, 0x00007f64cd08b7d8]
Event: 0.992 Thread 0x00007f64d00b5800 nmethod 33% 0x00007f64cd091d50 code [0x00007f64cd091ea0, 0x00007f64cd0920f8]

GC Heap History (0 events):
No events

Deoptimization events (2 events):
Event: 0.125 Thread 0x00007f64d000a800 Uncommon trap: reason=unstable_if action=reinterpret pc=0x00007f64cd0638b0 method=java.lang.String.indexOf([CII[CIII)I @ 123
Event: 0.892 Thread 0x00007f64d000a800 Uncommon trap: reason=unstable_if action=reinterpret pc=0x00007f64cd073aa8 method=java.lang.String.indexOf([CII[CIII)I @ 3

Internal exceptions (10 events):
Event: 0.979 Thread 0x00007f64d000a800 Threw 0x00000007ad8c20b8 at /home/jmm/jdk2/openjdk-7-7u85-2.6.1/build/openjdk/hotspot/src/share/vm/prims/jvm.cpp:1322
Event: 0.979 Thread 0x00007f64d000a800 Threw 0x00000007ad8c5930 at /home/jmm/jdk2/openjdk-7-7u85-2.6.1/build/openjdk/hotspot/src/share/vm/prims/jvm.cpp:1322
Event: 0.981 Thread 0x00007f64d000a800 Threw 0x00000007ad8cc7c0 at /home/jmm/jdk2/openjdk-7-7u85-2.6.1/build/openjdk/hotspot/src/share/vm/prims/jvm.cpp:1322
Event: 0.982 Thread 0x00007f64d000a800 Threw 0x00000007ad8d0500 at /home/jmm/jdk2/openjdk-7-7u85-2.6.1/build/openjdk/hotspot/src/share/vm/prims/jvm.cpp:1322
Event: 1.024 Thread 0x00007f64d000a800 Threw 0x00000007ad8db0d8 at /home/jmm/jdk2/openjdk-7-7u85-2.6.1/build/openjdk/hotspot/src/share/vm/prims/jvm.cpp:1322
Event: 1.025 Thread 0x00007f64d000a800 Threw 0x00000007ad8de880 at /home/jmm/jdk2/openjdk-7-7u85-2.6.1/build/openjdk/hotspot/src/share/vm/prims/jvm.cpp:1322
Event: 1.026 Thread 0x00007f64d000a800 Threw 0x00000007ad8e2090 at /home/jmm/jdk2/openjdk-7-7u85-2.6.1/build/openjdk/hotspot/src/share/vm/prims/jvm.cpp:1322
Event: 1.027 Thread 0x00007f64d000a800 Threw 0x00000007ad8ef618 at /home/jmm/jdk2/openjdk-7-7u85-2.6.1/build/openjdk/hotspot/src/share/vm/prims/jvm.cpp:1322
Event: 1.028 Thread 0x00007f64d000a800 Threw 0x00000007ad8f31d8 at /home/jmm/jdk2/openjdk-7-7u85-2.6.1/build/openjdk/hotspot/src/share/vm/prims/jvm.cpp:1322
Event: 1.029 Thread 0x00007f64d000a800 Threw 0x00000007ad900bf0 at /home/jmm/jdk2/openjdk-7-7u85-2.6.1/build/openjdk/hotspot/src/share/vm/prims/jvm.cpp:1322

Events (10 events):
Event: 1.025 loading class 0x00007f64d0181af0
Event: 1.025 loading class 0x00007f64d0181af0 done
Event: 1.026 loading class 0x00007f64d096b0f0
Event: 1.026 loading class 0x00007f64d096b0f0 done
Event: 1.027 loading class 0x00007f64d096b600
Event: 1.027 loading class 0x00007f64d096b600 done
Event: 1.028 loading class 0x00007f64d0976c50
Event: 1.028 loading class 0x00007f64d0976c50 done
Event: 1.029 loading class 0x00007f64d0923010
Event: 1.029 loading class 0x00007f64d0923010 done


Dynamic libraries:
00400000-00401000 r-xp 00000000 08:01 2101986                            /usr/lib/jvm/java-7-openjdk-amd64/jre/bin/java
00600000-00601000 r--p 00000000 08:01 2101986                            /usr/lib/jvm/java-7-openjdk-amd64/jre/bin/java
00601000-00602000 rw-p 00001000 08:01 2101986                            /usr/lib/jvm/java-7-openjdk-amd64/jre/bin/java
00900000-00921000 rw-p 00000000 00:00 0                                  [heap]
40d17000-40db6000 rw-p 00000000 00:00 0 
413c8000-413ca000 r-xs 00000000 08:12 35                                 /tmp/.glnqgwNe (deleted)
6fc000000-6fd500000 rw-p 00000000 00:00 0 
6fd500000-706600000 rw-p 00000000 00:00 0 
706600000-710c00000 rw-p 00000000 00:00 0 
710c00000-7acc80000 rw-p 00000000 00:00 0 
7acc80000-7b2000000 rw-p 00000000 00:00 0 
7b2000000-800000000 rw-p 00000000 00:00 0 
7f6466c42000-7f6467042000 rw-s 3b2692000 00:05 17965                     /dev/nvidiactl
7f6467045000-7f6467847000 rw-p 00000000 00:00 0 
7f6467847000-7f6467a47000 rw-s 33b0cf000 00:05 17965                     /dev/nvidiactl
7f6467a48000-7f6467a59000 r-xp 00000000 08:01 2101924                    /usr/lib/jvm/java-7-openjdk-amd64/jre/lib/amd64/libnio.so
7f6467a59000-7f6467c58000 ---p 00011000 08:01 2101924                    /usr/lib/jvm/java-7-openjdk-amd64/jre/lib/amd64/libnio.so
7f6467c58000-7f6467c59000 r--p 00010000 08:01 2101924                    /usr/lib/jvm/java-7-openjdk-amd64/jre/lib/amd64/libnio.so
7f6467c59000-7f6467c5a000 rw-p 00011000 08:01 2101924                    /usr/lib/jvm/java-7-openjdk-amd64/jre/lib/amd64/libnio.so
7f6467c5c000-7f6467cdc000 rw-s 3d0334000 00:05 17965                     /dev/nvidiactl
7f6467cdd000-7f6467d5d000 rw-s 3d035d000 00:05 17965                     /dev/nvidiactl
7f6467d5f000-7f6467ddf000 rw-s 33b34f000 00:05 17965                     /dev/nvidiactl
7f6467de0000-7f6467ee0000 rw-s 33f9f8000 00:05 17965                     /dev/nvidiactl
7f6467ee0000-7f6467f00000 rw-s c0260000 00:05 19540                      /dev/nvidia0
7f6467f05000-7f6467f45000 rw-s 267b4d000 00:05 17965                     /dev/nvidiactl
7f6467f46000-7f6467ffa000 rw-s 42b5be000 00:05 17965                     /dev/nvidiactl
7f6468000000-7f6468021000 rw-p 00000000 00:00 0 
7f6468021000-7f646c000000 ---p 00000000 00:00 0 
7f646c000000-7f646c021000 rw-p 00000000 00:00 0 
7f646c021000-7f6470000000 ---p 00000000 00:00 0 
7f6470000000-7f6470021000 rw-p 00000000 00:00 0 
7f6470021000-7f6474000000 ---p 00000000 00:00 0 
7f6474000000-7f6474021000 rw-p 00000000 00:00 0 
7f6474021000-7f6478000000 ---p 00000000 00:00 0 
7f6478000000-7f6478021000 rw-p 00000000 00:00 0 
7f6478021000-7f647c000000 ---p 00000000 00:00 0 
7f647c000000-7f647c021000 rw-p 00000000 00:00 0 
7f647c021000-7f6480000000 ---p 00000000 00:00 0 
7f6480000000-7f64801b0000 rw-p 00000000 00:00 0 
7f64801b0000-7f6484000000 ---p 00000000 00:00 0 
7f6484000000-7f648418d000 rw-p 00000000 00:00 0 
7f648418d000-7f6488000000 ---p 00000000 00:00 0 
7f6488000000-7f6488021000 rw-p 00000000 00:00 0 
7f6488021000-7f648c000000 ---p 00000000 00:00 0 
7f648c000000-7f648c021000 rw-p 00000000 00:00 0 
7f648c021000-7f6490000000 ---p 00000000 00:00 0 
7f6490000000-7f6490021000 rw-p 00000000 00:00 0 
7f6490021000-7f6494000000 ---p 00000000 00:00 0 
7f6494016000-7f6494036000 rw-s 33f916000 00:05 17965                     /dev/nvidiactl
7f649403b000-7f649407b000 rw-s 7034b000 00:05 17965                      /dev/nvidiactl
7f6494080000-7f6495a7d000 r-xp 00000000 08:01 1339821                    /usr/lib/x86_64-linux-gnu/libnvidia-glcore.so.352.55
7f6495a7d000-7f6495a9d000 rwxp 019fd000 08:01 1339821                    /usr/lib/x86_64-linux-gnu/libnvidia-glcore.so.352.55
7f6495a9d000-7f6495d64000 r-xp 01a1d000 08:01 1339821                    /usr/lib/x86_64-linux-gnu/libnvidia-glcore.so.352.55
7f6495d64000-7f6495f63000 ---p 01ce4000 08:01 1339821                    /usr/lib/x86_64-linux-gnu/libnvidia-glcore.so.352.55
7f6495f63000-7f6496aff000 rw-p 01ce3000 08:01 1339821                    /usr/lib/x86_64-linux-gnu/libnvidia-glcore.so.352.55
7f6496aff000-7f6496b13000 rw-p 00000000 00:00 0 
7f6496b18000-7f6496b1b000 r-xp 00000000 08:01 1339825                    /usr/lib/x86_64-linux-gnu/tls/libnvidia-tls.so.352.55
7f6496b1b000-7f6496d1a000 ---p 00003000 08:01 1339825                    /usr/lib/x86_64-linux-gnu/tls/libnvidia-tls.so.352.55
7f6496d1a000-7f6496d1b000 rw-p 00002000 08:01 1339825                    /usr/lib/x86_64-linux-gnu/tls/libnvidia-tls.so.352.55
7f6496d20000-7f6496dde000 r-xp 00000000 08:01 1339822                    /usr/lib/x86_64-linux-gnu/libGL.so.352.55
7f6496dde000-7f6496e11000 rwxp 000be000 08:01 1339822                    /usr/lib/x86_64-linux-gnu/libGL.so.352.55
7f6496e11000-7f6496e23000 r-xp 000f1000 08:01 1339822                    /usr/lib/x86_64-linux-gnu/libGL.so.352.55
7f6496e23000-7f6497022000 ---p 00103000 08:01 1339822                    /usr/lib/x86_64-linux-gnu/libGL.so.352.55
7f6497022000-7f649704a000 rw-p 00102000 08:01 1339822                    /usr/lib/x86_64-linux-gnu/libGL.so.352.55
7f649704a000-7f6497050000 rw-p 00000000 00:00 0 
7f6497050000-7f6497055000 r-xp 00000000 08:01 1317786                    /usr/lib/x86_64-linux-gnu/libXxf86vm.so.1.0.0
7f6497055000-7f6497254000 ---p 00005000 08:01 1317786                    /usr/lib/x86_64-linux-gnu/libXxf86vm.so.1.0.0
7f6497254000-7f6497255000 r--p 00004000 08:01 1317786                    /usr/lib/x86_64-linux-gnu/libXxf86vm.so.1.0.0
7f6497255000-7f6497256000 rw-p 00005000 08:01 1317786                    /usr/lib/x86_64-linux-gnu/libXxf86vm.so.1.0.0
7f6497258000-7f6497261000 r-xp 00000000 08:01 1317776                    /usr/lib/x86_64-linux-gnu/libXrandr.so.2.2.0
7f6497261000-7f6497460000 ---p 00009000 08:01 1317776                    /usr/lib/x86_64-linux-gnu/libXrandr.so.2.2.0
7f6497460000-7f6497461000 r--p 00008000 08:01 1317776                    /usr/lib/x86_64-linux-gnu/libXrandr.so.2.2.0
7f6497461000-7f6497462000 rw-p 00009000 08:01 1317776                    /usr/lib/x86_64-linux-gnu/libXrandr.so.2.2.0
7f6497468000-7f64974d8000 r-xp 00000000 08:13 9045172                    /home/mart/IdeaProjects/Multiplayer World 2/libs/liblwjgl64.so
7f64974d8000-7f64976d8000 ---p 00070000 08:13 9045172                    /home/mart/IdeaProjects/Multiplayer World 2/libs/liblwjgl64.so
7f64976d8000-7f64976da000 r--p 00070000 08:13 9045172                    /home/mart/IdeaProjects/Multiplayer World 2/libs/liblwjgl64.so
7f64976da000-7f64976db000 rw-p 00072000 08:13 9045172                    /home/mart/IdeaProjects/Multiplayer World 2/libs/liblwjgl64.so
7f64976e0000-7f64976e1000 r-xp 00000000 08:01 2101945                    /usr/lib/jvm/java-7-openjdk-amd64/jre/lib/amd64/libjawt.so
7f64976e1000-7f64978e0000 ---p 00001000 08:01 2101945                    /usr/lib/jvm/java-7-openjdk-amd64/jre/lib/amd64/libjawt.so
7f64978e0000-7f64978e1000 r--p 00000000 08:01 2101945                    /usr/lib/jvm/java-7-openjdk-amd64/jre/lib/amd64/libjawt.so
7f64978e1000-7f64978e2000 rw-p 00001000 08:01 2101945                    /usr/lib/jvm/java-7-openjdk-amd64/jre/lib/amd64/libjawt.so
7f64978e7000-7f64978ea000 ---p 00000000 00:00 0 
7f64978ea000-7f64979e8000 rw-p 00000000 00:00 0                          [stack:11820]
7f64979e8000-7f64979ed000 r-xp 00000000 08:01 1318319                    /usr/lib/x86_64-linux-gnu/libXfixes.so.3.1.0
7f64979ed000-7f6497bec000 ---p 00005000 08:01 1318319                    /usr/lib/x86_64-linux-gnu/libXfixes.so.3.1.0
7f6497bec000-7f6497bed000 r--p 00004000 08:01 1318319                    /usr/lib/x86_64-linux-gnu/libXfixes.so.3.1.0
7f6497bed000-7f6497bee000 rw-p 00005000 08:01 1318319                    /usr/lib/x86_64-linux-gnu/libXfixes.so.3.1.0
7f6497bf0000-7f6497bfa000 r-xp 00000000 08:01 1318351                    /usr/lib/x86_64-linux-gnu/libXcursor.so.1.0.2
7f6497bfa000-7f6497df9000 ---p 0000a000 08:01 1318351                    /usr/lib/x86_64-linux-gnu/libXcursor.so.1.0.2
7f6497df9000-7f6497dfa000 r--p 00009000 08:01 1318351                    /usr/lib/x86_64-linux-gnu/libXcursor.so.1.0.2
7f6497dfa000-7f6497dfb000 rw-p 0000a000 08:01 1318351                    /usr/lib/x86_64-linux-gnu/libXcursor.so.1.0.2
7f6497e00000-7f64a0000000 rw-p 00000000 00:00 0 
7f64a0000000-7f64a0021000 rw-p 00000000 00:00 0 
7f64a0021000-7f64a4000000 ---p 00000000 00:00 0 
7f64a4000000-7f64a4021000 rw-p 00000000 00:00 0 
7f64a4021000-7f64a8000000 ---p 00000000 00:00 0 
7f64a8000000-7f64a8021000 rw-p 00000000 00:00 0 
7f64a8021000-7f64ac000000 ---p 00000000 00:00 0 
7f64ac009000-7f64ac01c000 rw-s 33b1a1000 00:05 17965                     /dev/nvidiactl
7f64ac020000-7f64ac067000 r-xp 00000000 08:01 6423007                    /lib/x86_64-linux-gnu/libdbus-1.so.3.8.13
7f64ac067000-7f64ac266000 ---p 00047000 08:01 6423007                    /lib/x86_64-linux-gnu/libdbus-1.so.3.8.13
7f64ac266000-7f64ac267000 r--p 00046000 08:01 6423007                    /lib/x86_64-linux-gnu/libdbus-1.so.3.8.13
7f64ac267000-7f64ac268000 rw-p 00047000 08:01 6423007                    /lib/x86_64-linux-gnu/libdbus-1.so.3.8.13
7f64ac268000-7f64ac2e9000 r-xp 00000000 08:01 1315106                    /usr/lib/x86_64-linux-gnu/libgmp.so.10.2.0
7f64ac2e9000-7f64ac4e9000 ---p 00081000 08:01 1315106                    /usr/lib/x86_64-linux-gnu/libgmp.so.10.2.0
7f64ac4e9000-7f64ac4ea000 r--p 00081000 08:01 1315106                    /usr/lib/x86_64-linux-gnu/libgmp.so.10.2.0
7f64ac4ea000-7f64ac4eb000 rw-p 00082000 08:01 1315106                    /usr/lib/x86_64-linux-gnu/libgmp.so.10.2.0
7f64ac4f0000-7f64ac51e000 r-xp 00000000 08:01 1315110                    /usr/lib/x86_64-linux-gnu/libhogweed.so.2.5
7f64ac51e000-7f64ac71d000 ---p 0002e000 08:01 1315110                    /usr/lib/x86_64-linux-gnu/libhogweed.so.2.5
7f64ac71d000-7f64ac71e000 r--p 0002d000 08:01 1315110                    /usr/lib/x86_64-linux-gnu/libhogweed.so.2.5
7f64ac71e000-7f64ac71f000 rw-p 0002e000 08:01 1315110                    /usr/lib/x86_64-linux-gnu/libhogweed.so.2.5
7f64ac720000-7f64ac750000 r-xp 00000000 08:01 1315108                    /usr/lib/x86_64-linux-gnu/libnettle.so.4.7
7f64ac750000-7f64ac950000 ---p 00030000 08:01 1315108                    /usr/lib/x86_64-linux-gnu/libnettle.so.4.7
7f64ac950000-7f64ac951000 r--p 00030000 08:01 1315108                    /usr/lib/x86_64-linux-gnu/libnettle.so.4.7
7f64ac951000-7f64ac952000 rw-p 00031000 08:01 1315108                    /usr/lib/x86_64-linux-gnu/libnettle.so.4.7
7f64ac958000-7f64ac969000 r-xp 00000000 08:01 1315458                    /usr/lib/x86_64-linux-gnu/libtasn1.so.6.3.2
7f64ac969000-7f64acb69000 ---p 00011000 08:01 1315458                    /usr/lib/x86_64-linux-gnu/libtasn1.so.6.3.2
7f64acb69000-7f64acb6b000 r--p 00011000 08:01 1315458                    /usr/lib/x86_64-linux-gnu/libtasn1.so.6.3.2
7f64acb6b000-7f64acb6c000 rw-p 00013000 08:01 1315458                    /usr/lib/x86_64-linux-gnu/libtasn1.so.6.3.2
7f64acb70000-7f64acbac000 r-xp 00000000 08:01 1315113                    /usr/lib/x86_64-linux-gnu/libp11-kit.so.0.0.0
7f64acbac000-7f64acdab000 ---p 0003c000 08:01 1315113                    /usr/lib/x86_64-linux-gnu/libp11-kit.so.0.0.0
7f64acdab000-7f64acdb4000 r--p 0003b000 08:01 1315113                    /usr/lib/x86_64-linux-gnu/libp11-kit.so.0.0.0
7f64acdb4000-7f64acdb6000 rw-p 00044000 08:01 1315113                    /usr/lib/x86_64-linux-gnu/libp11-kit.so.0.0.0
7f64acdb8000-7f64acdbb000 r-xp 00000000 08:01 6422538                    /lib/x86_64-linux-gnu/libkeyutils.so.1.5
7f64acdbb000-7f64acfba000 ---p 00003000 08:01 6422538                    /lib/x86_64-linux-gnu/libkeyutils.so.1.5
7f64acfba000-7f64acfbb000 r--p 00002000 08:01 6422538                    /lib/x86_64-linux-gnu/libkeyutils.so.1.5
7f64acfbb000-7f64acfbc000 rw-p 00003000 08:01 6422538                    /lib/x86_64-linux-gnu/libkeyutils.so.1.5
7f64acfc0000-7f64acfcb000 r-xp 00000000 08:01 1317160                    /usr/lib/x86_64-linux-gnu/libkrb5support.so.0.1
7f64acfcb000-7f64ad1ca000 ---p 0000b000 08:01 1317160                    /usr/lib/x86_64-linux-gnu/libkrb5support.so.0.1
7f64ad1ca000-7f64ad1cb000 r--p 0000a000 08:01 1317160                    /usr/lib/x86_64-linux-gnu/libkrb5support.so.0.1
7f64ad1cb000-7f64ad1cc000 rw-p 0000b000 08:01 1317160                    /usr/lib/x86_64-linux-gnu/libkrb5support.so.0.1
7f64ad1d0000-7f64ad1d3000 r-xp 00000000 08:01 6422616                    /lib/x86_64-linux-gnu/libcom_err.so.2.1
7f64ad1d3000-7f64ad3d2000 ---p 00003000 08:01 6422616                    /lib/x86_64-linux-gnu/libcom_err.so.2.1
7f64ad3d2000-7f64ad3d3000 r--p 00002000 08:01 6422616                    /lib/x86_64-linux-gnu/libcom_err.so.2.1
7f64ad3d3000-7f64ad3d4000 rw-p 00003000 08:01 6422616                    /lib/x86_64-linux-gnu/libcom_err.so.2.1
7f64ad3d8000-7f64ad406000 r-xp 00000000 08:01 1317162                    /usr/lib/x86_64-linux-gnu/libk5crypto.so.3.1
7f64ad406000-7f64ad605000 ---p 0002e000 08:01 1317162                    /usr/lib/x86_64-linux-gnu/libk5crypto.so.3.1
7f64ad605000-7f64ad607000 r--p 0002d000 08:01 1317162                    /usr/lib/x86_64-linux-gnu/libk5crypto.so.3.1
7f64ad607000-7f64ad608000 rw-p 0002f000 08:01 1317162                    /usr/lib/x86_64-linux-gnu/libk5crypto.so.3.1
7f64ad608000-7f64ad609000 rw-p 00000000 00:00 0 
7f64ad610000-7f64ad6d4000 r-xp 00000000 08:01 1317164                    /usr/lib/x86_64-linux-gnu/libkrb5.so.3.3
7f64ad6d4000-7f64ad8d4000 ---p 000c4000 08:01 1317164                    /usr/lib/x86_64-linux-gnu/libkrb5.so.3.3
7f64ad8d4000-7f64ad8e1000 r--p 000c4000 08:01 1317164                    /usr/lib/x86_64-linux-gnu/libkrb5.so.3.3
7f64ad8e1000-7f64ad8e4000 rw-p 000d1000 08:01 1317164                    /usr/lib/x86_64-linux-gnu/libkrb5.so.3.3
7f64ad8e8000-7f64ad8ed000 r-xp 00000000 08:01 1317761                    /usr/lib/x86_64-linux-gnu/libXdmcp.so.6.0.0
7f64ad8ed000-7f64adaec000 ---p 00005000 08:01 1317761                    /usr/lib/x86_64-linux-gnu/libXdmcp.so.6.0.0
7f64adaec000-7f64adaed000 rw-p 00004000 08:01 1317761                    /usr/lib/x86_64-linux-gnu/libXdmcp.so.6.0.0
7f64adaf0000-7f64adaf3000 r-xp 00000000 08:01 1317759                    /usr/lib/x86_64-linux-gnu/libXau.so.6.0.0
7f64adaf3000-7f64adcf2000 ---p 00003000 08:01 1317759                    /usr/lib/x86_64-linux-gnu/libXau.so.6.0.0
7f64adcf2000-7f64adcf3000 r--p 00002000 08:01 1317759                    /usr/lib/x86_64-linux-gnu/libXau.so.6.0.0
7f64adcf3000-7f64adcf4000 rw-p 00003000 08:01 1317759                    /usr/lib/x86_64-linux-gnu/libXau.so.6.0.0
7f64adcf8000-7f64add1e000 r-xp 00000000 08:01 6423568                    /lib/x86_64-linux-gnu/libpng12.so.0.50.0
7f64add1e000-7f64adf1d000 ---p 00026000 08:01 6423568                    /lib/x86_64-linux-gnu/libpng12.so.0.50.0
7f64adf1d000-7f64adf1e000 r--p 00025000 08:01 6423568                    /lib/x86_64-linux-gnu/libpng12.so.0.50.0
7f64adf1e000-7f64adf1f000 rw-p 00026000 08:01 6423568                    /lib/x86_64-linux-gnu/libpng12.so.0.50.0
7f64adf20000-7f64adf46000 r-xp 00000000 08:01 6422533                    /lib/x86_64-linux-gnu/libexpat.so.1.6.0
7f64adf46000-7f64ae145000 ---p 00026000 08:01 6422533                    /lib/x86_64-linux-gnu/libexpat.so.1.6.0
7f64ae145000-7f64ae148000 r--p 00025000 08:01 6422533                    /lib/x86_64-linux-gnu/libexpat.so.1.6.0
7f64ae148000-7f64ae149000 rw-p 00028000 08:01 6422533                    /lib/x86_64-linux-gnu/libexpat.so.1.6.0
7f64ae150000-7f64ae160000 r-xp 00000000 08:01 1317911                    /usr/lib/x86_64-linux-gnu/libavahi-client.so.3.2.9
7f64ae160000-7f64ae35f000 ---p 00010000 08:01 1317911                    /usr/lib/x86_64-linux-gnu/libavahi-client.so.3.2.9
7f64ae35f000-7f64ae360000 r--p 0000f000 08:01 1317911                    /usr/lib/x86_64-linux-gnu/libavahi-client.so.3.2.9
7f64ae360000-7f64ae361000 rw-p 00010000 08:01 1317911                    /usr/lib/x86_64-linux-gnu/libavahi-client.so.3.2.9
7f64ae368000-7f64ae374000 r-xp 00000000 08:01 1317908                    /usr/lib/x86_64-linux-gnu/libavahi-common.so.3.5.3
7f64ae374000-7f64ae573000 ---p 0000c000 08:01 1317908                    /usr/lib/x86_64-linux-gnu/libavahi-common.so.3.5.3
7f64ae573000-7f64ae574000 r--p 0000b000 08:01 1317908                    /usr/lib/x86_64-linux-gnu/libavahi-common.so.3.5.3
7f64ae574000-7f64ae575000 rw-p 0000c000 08:01 1317908                    /usr/lib/x86_64-linux-gnu/libavahi-common.so.3.5.3
7f64ae578000-7f64ae68b000 r-xp 00000000 08:01 1314044                    /usr/lib/x86_64-linux-gnu/libgnutls-deb0.so.28.41.0
7f64ae68b000-7f64ae88b000 ---p 00113000 08:01 1314044                    /usr/lib/x86_64-linux-gnu/libgnutls-deb0.so.28.41.0
7f64ae88b000-7f64ae894000 r--p 00113000 08:01 1314044                    /usr/lib/x86_64-linux-gnu/libgnutls-deb0.so.28.41.0
7f64ae894000-7f64ae896000 rw-p 0011c000 08:01 1314044                    /usr/lib/x86_64-linux-gnu/libgnutls-deb0.so.28.41.0
7f64ae896000-7f64ae897000 rw-p 00000000 00:00 0 
7f64ae898000-7f64ae8de000 r-xp 00000000 08:01 1317167                    /usr/lib/x86_64-linux-gnu/libgssapi_krb5.so.2.2
7f64ae8de000-7f64aeade000 ---p 00046000 08:01 1317167                    /usr/lib/x86_64-linux-gnu/libgssapi_krb5.so.2.2
7f64aeade000-7f64aeae0000 r--p 00046000 08:01 1317167                    /usr/lib/x86_64-linux-gnu/libgssapi_krb5.so.2.2
7f64aeae0000-7f64aeae2000 rw-p 00048000 08:01 1317167                    /usr/lib/x86_64-linux-gnu/libgssapi_krb5.so.2.2
7f64aeae8000-7f64aeb09000 r-xp 00000000 08:01 1317763                    /usr/lib/x86_64-linux-gnu/libxcb.so.1.1.0
7f64aeb09000-7f64aed08000 ---p 00021000 08:01 1317763                    /usr/lib/x86_64-linux-gnu/libxcb.so.1.1.0
7f64aed08000-7f64aed09000 r--p 00020000 08:01 1317763                    /usr/lib/x86_64-linux-gnu/libxcb.so.1.1.0
7f64aed09000-7f64aed0a000 rw-p 00021000 08:01 1317763                    /usr/lib/x86_64-linux-gnu/libxcb.so.1.1.0
7f64aed10000-7f64aedb4000 r-xp 00000000 08:01 1318123                    /usr/lib/x86_64-linux-gnu/libfreetype.so.6.11.1
7f64aedb4000-7f64aefb3000 ---p 000a4000 08:01 1318123                    /usr/lib/x86_64-linux-gnu/libfreetype.so.6.11.1
7f64aefb3000-7f64aefb9000 r--p 000a3000 08:01 1318123                    /usr/lib/x86_64-linux-gnu/libfreetype.so.6.11.1
7f64aefb9000-7f64aefba000 rw-p 000a9000 08:01 1318123                    /usr/lib/x86_64-linux-gnu/libfreetype.so.6.11.1
7f64aefc0000-7f64aeffb000 r-xp 00000000 08:01 1318125                    /usr/lib/x86_64-linux-gnu/libfontconfig.so.1.8.0
7f64aeffb000-7f64af1fa000 ---p 0003b000 08:01 1318125                    /usr/lib/x86_64-linux-gnu/libfontconfig.so.1.8.0
7f64af1fa000-7f64af1fc000 r--p 0003a000 08:01 1318125                    /usr/lib/x86_64-linux-gnu/libfontconfig.so.1.8.0
7f64af1fc000-7f64af1fd000 rw-p 0003c000 08:01 1318125                    /usr/lib/x86_64-linux-gnu/libfontconfig.so.1.8.0
7f64af200000-7f64af270000 r-xp 00000000 08:01 1317913                    /usr/lib/x86_64-linux-gnu/libcups.so.2
7f64af270000-7f64af46f000 ---p 00070000 08:01 1317913                    /usr/lib/x86_64-linux-gnu/libcups.so.2
7f64af46f000-7f64af477000 r--p 0006f000 08:01 1317913                    /usr/lib/x86_64-linux-gnu/libcups.so.2
7f64af477000-7f64af478000 rw-p 00077000 08:01 1317913                    /usr/lib/x86_64-linux-gnu/libcups.so.2
7f64af478000-7f64af487000 r-xp 00000000 08:01 1318353                    /usr/lib/x86_64-linux-gnu/libXi.so.6.1.0
7f64af487000-7f64af686000 ---p 0000f000 08:01 1318353                    /usr/lib/x86_64-linux-gnu/libXi.so.6.1.0
7f64af686000-7f64af687000 r--p 0000e000 08:01 1318353                    /usr/lib/x86_64-linux-gnu/libXi.so.6.1.0
7f64af687000-7f64af688000 rw-p 0000f000 08:01 1318353                    /usr/lib/x86_64-linux-gnu/libXi.so.6.1.0
7f64af688000-7f64af68d000 r-xp 00000000 08:01 1318983                    /usr/lib/x86_64-linux-gnu/libXtst.so.6.1.0
7f64af68d000-7f64af88c000 ---p 00005000 08:01 1318983                    /usr/lib/x86_64-linux-gnu/libXtst.so.6.1.0
7f64af88c000-7f64af88d000 r--p 00004000 08:01 1318983                    /usr/lib/x86_64-linux-gnu/libXtst.so.6.1.0
7f64af88d000-7f64af88e000 rw-p 00005000 08:01 1318983                    /usr/lib/x86_64-linux-gnu/libXtst.so.6.1.0
7f64af890000-7f64af899000 r-xp 00000000 08:01 1317774                    /usr/lib/x86_64-linux-gnu/libXrender.so.1.3.0
7f64af899000-7f64afa98000 ---p 00009000 08:01 1317774                    /usr/lib/x86_64-linux-gnu/libXrender.so.1.3.0
7f64afa98000-7f64afa99000 r--p 00008000 08:01 1317774                    /usr/lib/x86_64-linux-gnu/libXrender.so.1.3.0
7f64afa99000-7f64afa9a000 rw-p 00009000 08:01 1317774                    /usr/lib/x86_64-linux-gnu/libXrender.so.1.3.0
7f64afaa0000-7f64afbdc000 r-xp 00000000 08:01 1317767                    /usr/lib/x86_64-linux-gnu/libX11.so.6.3.0
7f64afbdc000-7f64afddb000 ---p 0013c000 08:01 1317767                    /usr/lib/x86_64-linux-gnu/libX11.so.6.3.0
7f64afddb000-7f64afddd000 r--p 0013b000 08:01 1317767                    /usr/lib/x86_64-linux-gnu/libX11.so.6.3.0
7f64afddd000-7f64afde2000 rw-p 0013d000 08:01 1317767                    /usr/lib/x86_64-linux-gnu/libX11.so.6.3.0
7f64afde2000-7f64afde3000 rw-p 00000000 00:00 0 
7f64afde8000-7f64afdf9000 r-xp 00000000 08:01 1317770                    /usr/lib/x86_64-linux-gnu/libXext.so.6.4.0
7f64afdf9000-7f64afff8000 ---p 00011000 08:01 1317770                    /usr/lib/x86_64-linux-gnu/libXext.so.6.4.0
7f64afff8000-7f64afff9000 r--p 00010000 08:01 1317770                    /usr/lib/x86_64-linux-gnu/libXext.so.6.4.0
7f64afff9000-7f64afffa000 rw-p 00011000 08:01 1317770                    /usr/lib/x86_64-linux-gnu/libXext.so.6.4.0
7f64b0000000-7f64b0021000 rw-p 00000000 00:00 0 
7f64b0021000-7f64b4000000 ---p 00000000 00:00 0 
7f64b4008000-7f64b400a000 rw-s 00000000 08:12 35                         /tmp/.glnqgwNe (deleted)
7f64b400f000-7f64b4010000 rw-s 2fda77000 00:05 17965                     /dev/nvidiactl
7f64b4016000-7f64b401a000 rw-s 2679f6000 00:05 17965                     /dev/nvidiactl
7f64b401c000-7f64b401d000 rw-s cfd64000 00:05 19540                      /dev/nvidia0
7f64b4024000-7f64b4025000 rw-s cfd64000 00:05 19540                      /dev/nvidia0
7f64b402a000-7f64b404a000 rw-s a0d32000 00:05 17965                      /dev/nvidiactl
7f64b404a000-7f64b404b000 rw-s fd642000 00:05 19540                      /dev/nvidia0
7f64b404e000-7f64b4051000 ---p 00000000 00:00 0 
7f64b4051000-7f64b4087000 rw-p 00000000 00:00 0                          [stack:11822]
7f64b4087000-7f64b408a000 ---p 00000000 00:00 0 
7f64b408a000-7f64b4188000 rw-p 00000000 00:00 0                          [stack:11819]
7f64b4188000-7f64b41d1000 r-xp 00000000 08:01 2235730                    /usr/lib/jvm/java-7-openjdk-amd64/jre/lib/amd64/xawt/libmawt.so
7f64b41d1000-7f64b43d0000 ---p 00049000 08:01 2235730                    /usr/lib/jvm/java-7-openjdk-amd64/jre/lib/amd64/xawt/libmawt.so
7f64b43d0000-7f64b43d1000 r--p 00048000 08:01 2235730                    /usr/lib/jvm/java-7-openjdk-amd64/jre/lib/amd64/xawt/libmawt.so
7f64b43d1000-7f64b43d4000 rw-p 00049000 08:01 2235730                    /usr/lib/jvm/java-7-openjdk-amd64/jre/lib/amd64/xawt/libmawt.so
7f64b43d4000-7f64b43d5000 rw-p 00000000 00:00 0 
7f64b43d8000-7f64b4479000 r-xp 00000000 08:01 2101931                    /usr/lib/jvm/java-7-openjdk-amd64/jre/lib/amd64/libawt.so
7f64b4479000-7f64b4678000 ---p 000a1000 08:01 2101931                    /usr/lib/jvm/java-7-openjdk-amd64/jre/lib/amd64/libawt.so
7f64b4678000-7f64b4679000 r--p 000a0000 08:01 2101931                    /usr/lib/jvm/java-7-openjdk-amd64/jre/lib/amd64/libawt.so
7f64b4679000-7f64b4684000 rw-p 000a1000 08:01 2101931                    /usr/lib/jvm/java-7-openjdk-amd64/jre/lib/amd64/libawt.so
7f64b4684000-7f64b46a9000 rw-p 00000000 00:00 0 
7f64b46af000-7f64b49b0000 rw-p 00000000 00:00 0 
7f64b49b0000-7f64b4a1c000 r-xp 00000000 08:01 6423678                    /lib/x86_64-linux-gnu/libpcre.so.3.13.1
7f64b4a1c000-7f64b4c1c000 ---p 0006c000 08:01 6423678                    /lib/x86_64-linux-gnu/libpcre.so.3.13.1
7f64b4c1c000-7f64b4c1d000 r--p 0006c000 08:01 6423678                    /lib/x86_64-linux-gnu/libpcre.so.3.13.1
7f64b4c1d000-7f64b4c1e000 rw-p 0006d000 08:01 6423678                    /lib/x86_64-linux-gnu/libpcre.so.3.13.1
7f64b4c20000-7f64b4c27000 r-xp 00000000 08:01 1315076                    /usr/lib/x86_64-linux-gnu/libffi.so.6.0.2
7f64b4c27000-7f64b4e26000 ---p 00007000 08:01 1315076                    /usr/lib/x86_64-linux-gnu/libffi.so.6.0.2
7f64b4e26000-7f64b4e27000 r--p 00006000 08:01 1315076                    /usr/lib/x86_64-linux-gnu/libffi.so.6.0.2
7f64b4e27000-7f64b4e28000 rw-p 00007000 08:01 1315076                    /usr/lib/x86_64-linux-gnu/libffi.so.6.0.2
7f64b4e28000-7f64b4e3c000 r-xp 00000000 08:01 6425568                    /lib/x86_64-linux-gnu/libresolv-2.19.so
7f64b4e3c000-7f64b503b000 ---p 00014000 08:01 6425568                    /lib/x86_64-linux-gnu/libresolv-2.19.so
7f64b503b000-7f64b503c000 r--p 00013000 08:01 6425568                    /lib/x86_64-linux-gnu/libresolv-2.19.so
7f64b503c000-7f64b503d000 rw-p 00014000 08:01 6425568                    /lib/x86_64-linux-gnu/libresolv-2.19.so
7f64b503d000-7f64b503f000 rw-p 00000000 00:00 0 
7f64b5040000-7f64b5061000 r-xp 00000000 08:01 6422627                    /lib/x86_64-linux-gnu/libselinux.so.1
7f64b5061000-7f64b5261000 ---p 00021000 08:01 6422627                    /lib/x86_64-linux-gnu/libselinux.so.1
7f64b5261000-7f64b5262000 r--p 00021000 08:01 6422627                    /lib/x86_64-linux-gnu/libselinux.so.1
7f64b5262000-7f64b5263000 rw-p 00022000 08:01 6422627                    /lib/x86_64-linux-gnu/libselinux.so.1
7f64b5263000-7f64b5265000 rw-p 00000000 00:00 0 
7f64b5268000-7f64b526b000 r-xp 00000000 08:01 1318028                    /usr/lib/x86_64-linux-gnu/libgmodule-2.0.so.0.4200.1
7f64b526b000-7f64b546a000 ---p 00003000 08:01 1318028                    /usr/lib/x86_64-linux-gnu/libgmodule-2.0.so.0.4200.1
7f64b546a000-7f64b546b000 r--p 00002000 08:01 1318028                    /usr/lib/x86_64-linux-gnu/libgmodule-2.0.so.0.4200.1
7f64b546b000-7f64b546c000 rw-p 00003000 08:01 1318028                    /usr/lib/x86_64-linux-gnu/libgmodule-2.0.so.0.4200.1
7f64b5470000-7f64b557c000 r-xp 00000000 08:01 6423013                    /lib/x86_64-linux-gnu/libglib-2.0.so.0.4200.1
7f64b557c000-7f64b577c000 ---p 0010c000 08:01 6423013                    /lib/x86_64-linux-gnu/libglib-2.0.so.0.4200.1
7f64b577c000-7f64b577d000 r--p 0010c000 08:01 6423013                    /lib/x86_64-linux-gnu/libglib-2.0.so.0.4200.1
7f64b577d000-7f64b577e000 rw-p 0010d000 08:01 6423013                    /lib/x86_64-linux-gnu/libglib-2.0.so.0.4200.1
7f64b577e000-7f64b577f000 rw-p 00000000 00:00 0 
7f64b5780000-7f64b57d1000 r-xp 00000000 08:01 1318029                    /usr/lib/x86_64-linux-gnu/libgobject-2.0.so.0.4200.1
7f64b57d1000-7f64b59d0000 ---p 00051000 08:01 1318029                    /usr/lib/x86_64-linux-gnu/libgobject-2.0.so.0.4200.1
7f64b59d0000-7f64b59d1000 r--p 00050000 08:01 1318029                    /usr/lib/x86_64-linux-gnu/libgobject-2.0.so.0.4200.1
7f64b59d1000-7f64b59d2000 rw-p 00051000 08:01 1318029                    /usr/lib/x86_64-linux-gnu/libgobject-2.0.so.0.4200.1
7f64b59d8000-7f64b5b49000 r-xp 00000000 08:01 1318031                    /usr/lib/x86_64-linux-gnu/libgio-2.0.so.0.4200.1
7f64b5b49000-7f64b5d49000 ---p 00171000 08:01 1318031                    /usr/lib/x86_64-linux-gnu/libgio-2.0.so.0.4200.1
7f64b5d49000-7f64b5d4d000 r--p 00171000 08:01 1318031                    /usr/lib/x86_64-linux-gnu/libgio-2.0.so.0.4200.1
7f64b5d4d000-7f64b5d4f000 rw-p 00175000 08:01 1318031                    /usr/lib/x86_64-linux-gnu/libgio-2.0.so.0.4200.1
7f64b5d4f000-7f64b5d51000 rw-p 00000000 00:00 0 
7f64b5d53000-7f64b5d54000 rw-s 418c63000 00:05 17965                     /dev/nvidiactl
7f64b5d59000-7f64b5d5a000 rw-s fd641000 00:05 19540                      /dev/nvidia0
7f64b5d60000-7f64b5d61000 rw-s 41ad40000 00:05 17965                     /dev/nvidiactl
7f64b5d63000-7f64b5d64000 rw-s 7da6b000 00:05 17965                      /dev/nvidiactl
7f64b5d68000-7f64b5d69000 rw-s fd060000 00:05 19540                      /dev/nvidia0
7f64b5d70000-7f64b5d71000 r--p 00000000 08:01 1314157                    /usr/share/locale/en_GB/LC_MESSAGES/libc.mo
7f64b5d73000-7f64b5d7e000 r--s 00203000 08:01 2101903                    /usr/lib/jvm/java-7-openjdk-amd64/jre/lib/charsets.jar
7f64b5d80000-7f64b5d98000 r-xp 00000000 08:01 2101942                    /usr/lib/jvm/java-7-openjdk-amd64/jre/lib/amd64/libnet.so
7f64b5d98000-7f64b5f97000 ---p 00018000 08:01 2101942                    /usr/lib/jvm/java-7-openjdk-amd64/jre/lib/amd64/libnet.so
7f64b5f97000-7f64b5f98000 r--p 00017000 08:01 2101942                    /usr/lib/jvm/java-7-openjdk-amd64/jre/lib/amd64/libnet.so
7f64b5f98000-7f64b5f99000 rw-p 00018000 08:01 2101942                    /usr/lib/jvm/java-7-openjdk-amd64/jre/lib/amd64/libnet.so
7f64b5f9f000-7f64b5fa2000 ---p 00000000 00:00 0 
7f64b5fa2000-7f64b60a0000 rw-p 00000000 00:00 0                          [stack:11814]
7f64b60a0000-7f64b60a1000 r-xp 00000000 08:01 1573728                    /opt/intellij-idea/bin/libbreakgen64.so
7f64b60a1000-7f64b62a0000 ---p 00001000 08:01 1573728                    /opt/intellij-idea/bin/libbreakgen64.so
7f64b62a0000-7f64b62a1000 r--p 00000000 08:01 1573728                    /opt/intellij-idea/bin/libbreakgen64.so
7f64b62a1000-7f64b62a2000 rw-p 00001000 08:01 1573728                    /opt/intellij-idea/bin/libbreakgen64.so
7f64b62a9000-7f64b62ab000 r--s 00019000 08:01 1578241                    /opt/intellij-idea/lib/idea_rt.jar
7f64b62b2000-7f64b62b3000 r--s 00002000 08:13 4850952                    /home/mart/IdeaProjects/Multiplayer World 2/libs/PNGDecoder.jar
7f64b62b7000-7f64b62ba000 r--s 00017000 08:13 9045358                    /home/mart/IdeaProjects/Multiplayer World 2/libs/slick-util.jar
7f64b62bf000-7f64b62c3000 r--s 00027000 08:13 9045357                    /home/mart/IdeaProjects/Multiplayer World 2/libs/lwjgl_util.jar
7f64b62c3000-7f64b62d2000 r--s 000f3000 08:13 9045342                    /home/mart/IdeaProjects/Multiplayer World 2/libs/lwjgl.jar
7f64b62d7000-7f64b62e5000 r--s 0010f000 08:01 2101969                    /usr/lib/jvm/java-7-openjdk-amd64/jre/lib/rhino.jar
7f64b62e6000-7f64b62f0000 r--s 000ae000 08:01 2101899                    /usr/lib/jvm/java-7-openjdk-amd64/jre/lib/resources.jar
7f64b62f0000-7f64b62f1000 r--s 00000000 08:01 2101978                    /usr/lib/jvm/java-7-openjdk-amd64/jre/lib/management-agent.jar
7f64b62f3000-7f64b62f4000 ---p 00000000 00:00 0 
7f64b62f4000-7f64b63f4000 rw-p 00000000 00:00 0                          [stack:11813]
7f64b63f4000-7f64b63f7000 ---p 00000000 00:00 0 
7f64b63f7000-7f64b64f5000 rw-p 00000000 00:00 0                          [stack:11812]
7f64b64f5000-7f64b64f8000 ---p 00000000 00:00 0 
7f64b64f8000-7f64b65f6000 rw-p 00000000 00:00 0                          [stack:11811]
7f64b65f6000-7f64b65f9000 ---p 00000000 00:00 0 
7f64b65f9000-7f64b66f7000 rw-p 00000000 00:00 0                          [stack:11810]
7f64b66f7000-7f64b66fa000 ---p 00000000 00:00 0 
7f64b66fa000-7f64b67f8000 rw-p 00000000 00:00 0                          [stack:11809]
7f64b67f8000-7f64b6981000 r--p 00000000 08:01 1314223                    /usr/lib/locale/locale-archive
7f64b6987000-7f64b698a000 ---p 00000000 00:00 0 
7f64b698a000-7f64b6a88000 rw-p 00000000 00:00 0                          [stack:11798]
7f64b6a88000-7f64b6a8b000 ---p 00000000 00:00 0 
7f64b6a8b000-7f64b6b89000 rw-p 00000000 00:00 0                          [stack:11797]
7f64b6b89000-7f64b6b8a000 ---p 00000000 00:00 0 
7f64b6b8a000-7f64b8000000 rw-p 00000000 00:00 0                          [stack:11796]
7f64b8000000-7f64b8021000 rw-p 00000000 00:00 0 
7f64b8021000-7f64bc000000 ---p 00000000 00:00 0 
7f64bc000000-7f64bc021000 rw-p 00000000 00:00 0 
7f64bc021000-7f64c0000000 ---p 00000000 00:00 0 
7f64c0000000-7f64c0021000 rw-p 00000000 00:00 0 
7f64c0021000-7f64c4000000 ---p 00000000 00:00 0 
7f64c4000000-7f64c4021000 rw-p 00000000 00:00 0 
7f64c4021000-7f64c8000000 ---p 00000000 00:00 0 
7f64c8000000-7f64c8021000 rw-p 00000000 00:00 0 
7f64c8021000-7f64cc000000 ---p 00000000 00:00 0 
7f64cc006000-7f64cc00b000 r--s 0004e000 08:01 2101968                    /usr/lib/jvm/java-7-openjdk-amd64/jre/lib/jsse.jar
7f64cc010000-7f64cc012000 r--s 00018000 08:01 2101971                    /usr/lib/jvm/java-7-openjdk-amd64/jre/lib/jce.jar
7f64cc013000-7f64cd000000 rw-p 00000000 00:00 0 
7f64cd000000-7f64cd270000 rwxp 00000000 00:00 0 
7f64cd270000-7f64d0bcc000 rw-p 00000000 00:00 0 
7f64d0bcc000-7f64d4000000 ---p 00000000 00:00 0 
7f64d4002000-7f64d4003000 r--s 0000a000 08:01 2101901                    /usr/lib/jvm/java-7-openjdk-amd64/jre/lib/javazic.jar
7f64d4008000-7f64d4009000 r--s 00000000 08:01 2101972                    /usr/lib/jvm/java-7-openjdk-amd64/jre/lib/compilefontconfig.jar
7f64d400b000-7f64d4016000 r--s 00203000 08:01 2101903                    /usr/lib/jvm/java-7-openjdk-amd64/jre/lib/charsets.jar
7f64d4018000-7f64d4162000 rw-p 00000000 00:00 0 
7f64d4162000-7f64d4314000 r--s 01d32000 08:01 2101898                    /usr/lib/jvm/java-7-openjdk-amd64/jre/lib/rt.jar
7f64d4315000-7f64d4460000 rw-p 00000000 00:00 0 
7f64d4460000-7f64d4461000 ---p 00000000 00:00 0 
7f64d4461000-7f64d4561000 rw-p 00000000 00:00 0                          [stack:11786]
7f64d4561000-7f64d4562000 ---p 00000000 00:00 0 
7f64d4562000-7f64d4662000 rw-p 00000000 00:00 0                          [stack:11785]
7f64d4662000-7f64d4663000 ---p 00000000 00:00 0 
7f64d4663000-7f64d4763000 rw-p 00000000 00:00 0                          [stack:11784]
7f64d4763000-7f64d4764000 ---p 00000000 00:00 0 
7f64d4764000-7f64d4864000 rw-p 00000000 00:00 0                          [stack:11783]
7f64d4864000-7f64d4865000 ---p 00000000 00:00 0 
7f64d4865000-7f64d4965000 rw-p 00000000 00:00 0                          [stack:11782]
7f64d4965000-7f64d4966000 ---p 00000000 00:00 0 
7f64d4966000-7f64d4a66000 rw-p 00000000 00:00 0                          [stack:11781]
7f64d4a66000-7f64d4a67000 ---p 00000000 00:00 0 
7f64d4a67000-7f64d4b67000 rw-p 00000000 00:00 0                          [stack:11780]
7f64d4b67000-7f64d4b68000 ---p 00000000 00:00 0 
7f64d4b68000-7f64d4c73000 rw-p 00000000 00:00 0                          [stack:11779]
7f64d4c73000-7f64d4cbb000 rw-p 00000000 00:00 0 
7f64d4cbb000-7f64d4d0e000 rw-p 00000000 00:00 0 
7f64d4d0e000-7f64d51ef000 rw-p 00000000 00:00 0 
7f64d51ef000-7f64d51fa000 rw-p 00000000 00:00 0 
7f64d51fa000-7f64d5242000 rw-p 00000000 00:00 0 
7f64d5242000-7f64d5295000 rw-p 00000000 00:00 0 
7f64d5295000-7f64d5775000 rw-p 00000000 00:00 0 
7f64d5775000-7f64d579f000 rw-p 00000000 00:00 0 
7f64d579f000-7f64d5a0f000 rw-p 00000000 00:00 0 
7f64d5a0f000-7f64d5a10000 rw-p 00000000 00:00 0 
7f64d5a10000-7f64d5a18000 r-xp 00000000 08:01 2101919                    /usr/lib/jvm/java-7-openjdk-amd64/jre/lib/amd64/libzip.so
7f64d5a18000-7f64d5c17000 ---p 00008000 08:01 2101919                    /usr/lib/jvm/java-7-openjdk-amd64/jre/lib/amd64/libzip.so
7f64d5c17000-7f64d5c18000 r--p 00007000 08:01 2101919                    /usr/lib/jvm/java-7-openjdk-amd64/jre/lib/amd64/libzip.so
7f64d5c18000-7f64d5c19000 rw-p 00008000 08:01 2101919                    /usr/lib/jvm/java-7-openjdk-amd64/jre/lib/amd64/libzip.so
7f64d5c20000-7f64d5c2b000 r-xp 00000000 08:01 6425563                    /lib/x86_64-linux-gnu/libnss_files-2.19.so
7f64d5c2b000-7f64d5e2a000 ---p 0000b000 08:01 6425563                    /lib/x86_64-linux-gnu/libnss_files-2.19.so
7f64d5e2a000-7f64d5e2b000 r--p 0000a000 08:01 6425563                    /lib/x86_64-linux-gnu/libnss_files-2.19.so
7f64d5e2b000-7f64d5e2c000 rw-p 0000b000 08:01 6425563                    /lib/x86_64-linux-gnu/libnss_files-2.19.so
7f64d5e30000-7f64d5e3a000 r-xp 00000000 08:01 6425565                    /lib/x86_64-linux-gnu/libnss_nis-2.19.so
7f64d5e3a000-7f64d6039000 ---p 0000a000 08:01 6425565                    /lib/x86_64-linux-gnu/libnss_nis-2.19.so
7f64d6039000-7f64d603a000 r--p 00009000 08:01 6425565                    /lib/x86_64-linux-gnu/libnss_nis-2.19.so
7f64d603a000-7f64d603b000 rw-p 0000a000 08:01 6425565                    /lib/x86_64-linux-gnu/libnss_nis-2.19.so
7f64d6040000-7f64d6055000 r-xp 00000000 08:01 6425560                    /lib/x86_64-linux-gnu/libnsl-2.19.so
7f64d6055000-7f64d6254000 ---p 00015000 08:01 6425560                    /lib/x86_64-linux-gnu/libnsl-2.19.so
7f64d6254000-7f64d6255000 r--p 00014000 08:01 6425560                    /lib/x86_64-linux-gnu/libnsl-2.19.so
7f64d6255000-7f64d6256000 rw-p 00015000 08:01 6425560                    /lib/x86_64-linux-gnu/libnsl-2.19.so
7f64d6256000-7f64d6258000 rw-p 00000000 00:00 0 
7f64d6258000-7f64d625f000 r-xp 00000000 08:01 6425561                    /lib/x86_64-linux-gnu/libnss_compat-2.19.so
7f64d625f000-7f64d645e000 ---p 00007000 08:01 6425561                    /lib/x86_64-linux-gnu/libnss_compat-2.19.so
7f64d645e000-7f64d645f000 r--p 00006000 08:01 6425561                    /lib/x86_64-linux-gnu/libnss_compat-2.19.so
7f64d645f000-7f64d6460000 rw-p 00007000 08:01 6425561                    /lib/x86_64-linux-gnu/libnss_compat-2.19.so
7f64d6460000-7f64d648d000 r-xp 00000000 08:01 2101951                    /usr/lib/jvm/java-7-openjdk-amd64/jre/lib/amd64/libjava.so
7f64d648d000-7f64d668c000 ---p 0002d000 08:01 2101951                    /usr/lib/jvm/java-7-openjdk-amd64/jre/lib/amd64/libjava.so
7f64d668c000-7f64d668d000 r--p 0002c000 08:01 2101951                    /usr/lib/jvm/java-7-openjdk-amd64/jre/lib/amd64/libjava.so
7f64d668d000-7f64d668f000 rw-p 0002d000 08:01 2101951                    /usr/lib/jvm/java-7-openjdk-amd64/jre/lib/amd64/libjava.so
7f64d6690000-7f64d669f000 r-xp 00000000 08:01 2101914                    /usr/lib/jvm/java-7-openjdk-amd64/jre/lib/amd64/libverify.so
7f64d669f000-7f64d689e000 ---p 0000f000 08:01 2101914                    /usr/lib/jvm/java-7-openjdk-amd64/jre/lib/amd64/libverify.so
7f64d689e000-7f64d68a1000 r--p 0000e000 08:01 2101914                    /usr/lib/jvm/java-7-openjdk-amd64/jre/lib/amd64/libverify.so
7f64d68a1000-7f64d68a2000 rw-p 00011000 08:01 2101914                    /usr/lib/jvm/java-7-openjdk-amd64/jre/lib/amd64/libverify.so
7f64d68a8000-7f64d68af000 r-xp 00000000 08:01 6425569                    /lib/x86_64-linux-gnu/librt-2.19.so
7f64d68af000-7f64d6aae000 ---p 00007000 08:01 6425569                    /lib/x86_64-linux-gnu/librt-2.19.so
7f64d6aae000-7f64d6aaf000 r--p 00006000 08:01 6425569                    /lib/x86_64-linux-gnu/librt-2.19.so
7f64d6aaf000-7f64d6ab0000 rw-p 00007000 08:01 6425569                    /lib/x86_64-linux-gnu/librt-2.19.so
7f64d6ab0000-7f64d6ac6000 r-xp 00000000 08:01 6422532                    /lib/x86_64-linux-gnu/libgcc_s.so.1
7f64d6ac6000-7f64d6cc5000 ---p 00016000 08:01 6422532                    /lib/x86_64-linux-gnu/libgcc_s.so.1
7f64d6cc5000-7f64d6cc6000 rw-p 00015000 08:01 6422532                    /lib/x86_64-linux-gnu/libgcc_s.so.1
7f64d6cc8000-7f64d6dc8000 r-xp 00000000 08:01 6425558                    /lib/x86_64-linux-gnu/libm-2.19.so
7f64d6dc8000-7f64d6fc7000 ---p 00100000 08:01 6425558                    /lib/x86_64-linux-gnu/libm-2.19.so
7f64d6fc7000-7f64d6fc8000 r--p 000ff000 08:01 6425558                    /lib/x86_64-linux-gnu/libm-2.19.so
7f64d6fc8000-7f64d6fc9000 rw-p 00100000 08:01 6425558                    /lib/x86_64-linux-gnu/libm-2.19.so
7f64d6fd0000-7f64d70bc000 r-xp 00000000 08:01 1315446                    /usr/lib/x86_64-linux-gnu/libstdc++.so.6.0.20
7f64d70bc000-7f64d72bc000 ---p 000ec000 08:01 1315446                    /usr/lib/x86_64-linux-gnu/libstdc++.so.6.0.20
7f64d72bc000-7f64d72c4000 r--p 000ec000 08:01 1315446                    /usr/lib/x86_64-linux-gnu/libstdc++.so.6.0.20
7f64d72c4000-7f64d72c6000 rw-p 000f4000 08:01 1315446                    /usr/lib/x86_64-linux-gnu/libstdc++.so.6.0.20
7f64d72c6000-7f64d72db000 rw-p 00000000 00:00 0 
7f64d72e0000-7f64d7e36000 r-xp 00000000 08:01 2101927                    /usr/lib/jvm/java-7-openjdk-amd64/jre/lib/amd64/server/libjvm.so
7f64d7e36000-7f64d8036000 ---p 00b56000 08:01 2101927                    /usr/lib/jvm/java-7-openjdk-amd64/jre/lib/amd64/server/libjvm.so
7f64d8036000-7f64d80d5000 r--p 00b56000 08:01 2101927                    /usr/lib/jvm/java-7-openjdk-amd64/jre/lib/amd64/server/libjvm.so
7f64d80d5000-7f64d80f8000 rw-p 00bf5000 08:01 2101927                    /usr/lib/jvm/java-7-openjdk-amd64/jre/lib/amd64/server/libjvm.so
7f64d80f8000-7f64d8125000 rw-p 00000000 00:00 0 
7f64d8128000-7f64d8142000 r-xp 00000000 08:01 6422628                    /lib/x86_64-linux-gnu/libz.so.1.2.8
7f64d8142000-7f64d8341000 ---p 0001a000 08:01 6422628                    /lib/x86_64-linux-gnu/libz.so.1.2.8
7f64d8341000-7f64d8342000 r--p 00019000 08:01 6422628                    /lib/x86_64-linux-gnu/libz.so.1.2.8
7f64d8342000-7f64d8343000 rw-p 0001a000 08:01 6422628                    /lib/x86_64-linux-gnu/libz.so.1.2.8
7f64d8348000-7f64d84e7000 r-xp 00000000 08:01 6425554                    /lib/x86_64-linux-gnu/libc-2.19.so
7f64d84e7000-7f64d86e7000 ---p 0019f000 08:01 6425554                    /lib/x86_64-linux-gnu/libc-2.19.so
7f64d86e7000-7f64d86eb000 r--p 0019f000 08:01 6425554                    /lib/x86_64-linux-gnu/libc-2.19.so
7f64d86eb000-7f64d86ed000 rw-p 001a3000 08:01 6425554                    /lib/x86_64-linux-gnu/libc-2.19.so
7f64d86ed000-7f64d86f1000 rw-p 00000000 00:00 0 
7f64d86f8000-7f64d86fb000 r-xp 00000000 08:01 6425557                    /lib/x86_64-linux-gnu/libdl-2.19.so
7f64d86fb000-7f64d88fa000 ---p 00003000 08:01 6425557                    /lib/x86_64-linux-gnu/libdl-2.19.so
7f64d88fa000-7f64d88fb000 r--p 00002000 08:01 6425557                    /lib/x86_64-linux-gnu/libdl-2.19.so
7f64d88fb000-7f64d88fc000 rw-p 00003000 08:01 6425557                    /lib/x86_64-linux-gnu/libdl-2.19.so
7f64d8900000-7f64d890d000 r-xp 00000000 08:01 2101917                    /usr/lib/jvm/java-7-openjdk-amd64/jre/lib/amd64/jli/libjli.so
7f64d890d000-7f64d8b0c000 ---p 0000d000 08:01 2101917                    /usr/lib/jvm/java-7-openjdk-amd64/jre/lib/amd64/jli/libjli.so
7f64d8b0c000-7f64d8b0d000 r--p 0000c000 08:01 2101917                    /usr/lib/jvm/java-7-openjdk-amd64/jre/lib/amd64/jli/libjli.so
7f64d8b0d000-7f64d8b0e000 rw-p 0000d000 08:01 2101917                    /usr/lib/jvm/java-7-openjdk-amd64/jre/lib/amd64/jli/libjli.so
7f64d8b10000-7f64d8b28000 r-xp 00000000 08:01 6425550                    /lib/x86_64-linux-gnu/libpthread-2.19.so
7f64d8b28000-7f64d8d27000 ---p 00018000 08:01 6425550                    /lib/x86_64-linux-gnu/libpthread-2.19.so
7f64d8d27000-7f64d8d28000 r--p 00017000 08:01 6425550                    /lib/x86_64-linux-gnu/libpthread-2.19.so
7f64d8d28000-7f64d8d29000 rw-p 00018000 08:01 6425550                    /lib/x86_64-linux-gnu/libpthread-2.19.so
7f64d8d29000-7f64d8d2d000 rw-p 00000000 00:00 0 
7f64d8d30000-7f64d8d50000 r-xp 00000000 08:01 6425551                    /lib/x86_64-linux-gnu/ld-2.19.so
7f64d8d57000-7f64d8d5a000 r--s 0000f000 08:01 2101910                    /usr/lib/jvm/java-7-openjdk-amd64/jre/lib/ext/icedtea-sound.jar
7f64d8d5c000-7f64d8d60000 r--s 00034000 08:01 2101912                    /usr/lib/jvm/java-7-openjdk-amd64/jre/lib/ext/sunjce_provider.jar
7f64d8d64000-7f64d8d6e000 rw-p 00000000 00:00 0 
7f64d8d6e000-7f64d8e24000 rw-p 00000000 00:00 0 
7f64d8e24000-7f64d8e27000 ---p 00000000 00:00 0 
7f64d8e27000-7f64d8f28000 rw-p 00000000 00:00 0                          [stack:11778]
7f64d8f2e000-7f64d8f30000 r--s 00006000 08:01 1841746                    /usr/share/java/java-atk-wrapper.jar
7f64d8f32000-7f64d8f34000 r--s 00012000 08:01 2101907                    /usr/lib/jvm/java-7-openjdk-amd64/jre/lib/ext/zipfs.jar
7f64d8f35000-7f64d8f39000 r--s 00085000 08:01 2101908                    /usr/lib/jvm/java-7-openjdk-amd64/jre/lib/ext/localedata.jar
7f64d8f3a000-7f64d8f3b000 r--s 00002000 08:01 2101909                    /usr/lib/jvm/java-7-openjdk-amd64/jre/lib/ext/dnsns.jar
7f64d8f3c000-7f64d8f40000 r--s 0003c000 08:01 2101911                    /usr/lib/jvm/java-7-openjdk-amd64/jre/lib/ext/sunpkcs11.jar
7f64d8f40000-7f64d8f48000 rw-s 00000000 08:12 3145731                    /tmp/hsperfdata_mart/11776
7f64d8f4b000-7f64d8f4e000 rw-p 00000000 00:00 0 
7f64d8f4e000-7f64d8f4f000 r--p 00000000 00:00 0 
7f64d8f4f000-7f64d8f50000 rw-p 00000000 00:00 0 
7f64d8f50000-7f64d8f51000 r--p 00020000 08:01 6425551                    /lib/x86_64-linux-gnu/ld-2.19.so
7f64d8f51000-7f64d8f52000 rw-p 00021000 08:01 6425551                    /lib/x86_64-linux-gnu/ld-2.19.so
7f64d8f52000-7f64d8f54000 rw-p 00000000 00:00 0 
7f64d8f54000-7f64d8f56000 rw-p 00000000 00:00 0 
7fffaa7de000-7fffaa7ff000 rw-p 00000000 00:00 0                          [stack]
7fffaa870000-7fffaa872000 r-xp 00000000 00:00 0                          [vdso]
7fffaa872000-7fffaa874000 r--p 00000000 00:00 0                          [vvar]
ffffffffff600000-ffffffffff601000 r-xp 00000000 00:00 0                  [vsyscall]

VM Arguments:
jvm_args: -Djava.library.path=libs/ -Didea.launcher.port=7539 -Didea.launcher.bin.path=/opt/intellij-idea/bin -Dfile.encoding=UTF-8 
java_command: com.intellij.rt.execution.application.AppMain engine.GameLoop
Launcher Type: SUN_STANDARD

Environment Variables:
PATH=/usr/local/bin:/usr/bin:/bin:/usr/local/games:/usr/games
USERNAME=mart
LD_LIBRARY_PATH=/opt/intellij-idea/bin:
SHELL=/bin/bash
DISPLAY=:0

Signal Handlers:
SIGSEGV: [libjvm.so+0x988620], sa_mask[0]=0x7ffbfeff, sa_flags=0x10000004
SIGBUS: [libjvm.so+0x988620], sa_mask[0]=0x7ffbfeff, sa_flags=0x10000004
SIGFPE: [libjvm.so+0x7f5420], sa_mask[0]=0x7ffbfeff, sa_flags=0x10000004
SIGPIPE: [libjvm.so+0x7f5420], sa_mask[0]=0x7ffbfeff, sa_flags=0x10000004
SIGXFSZ: [libjvm.so+0x7f5420], sa_mask[0]=0x7ffbfeff, sa_flags=0x10000004
SIGILL: [libjvm.so+0x7f5420], sa_mask[0]=0x7ffbfeff, sa_flags=0x10000004
SIGUSR1: SIG_DFL, sa_mask[0]=0x00000000, sa_flags=0x00000000
SIGUSR2: [libjvm.so+0x7f52a0], sa_mask[0]=0x00000004, sa_flags=0x10000004
SIGHUP: [libjvm.so+0x7f54a0], sa_mask[0]=0x7ffbfeff, sa_flags=0x10000004
SIGINT: [libjvm.so+0x7f54a0], sa_mask[0]=0x7ffbfeff, sa_flags=0x10000004
SIGTERM: [libjvm.so+0x7f54a0], sa_mask[0]=0x7ffbfeff, sa_flags=0x10000004
SIGQUIT: [libjvm.so+0x7f54a0], sa_mask[0]=0x7ffbfeff, sa_flags=0x10000004
SIGTRAP: SIG_DFL, sa_mask[0]=0x00000000, sa_flags=0x00000000


---------------  S Y S T E M  ---------------

OS:8.2

uname:Linux 3.16.0-4-amd64 #1 SMP Debian 3.16.7-ckt11-1+deb8u5 (2015-10-09) x86_64
libc:glibc 2.19 NPTL 2.19 
rlimit: STACK 8192k, CORE 0k, NPROC 63809, NOFILE 65536, AS infinity
load average:0.36 0.62 0.70

/proc/meminfo:
MemTotal:       16352924 kB
MemFree:         9100024 kB
MemAvailable:   12641212 kB
Buffers:          344572 kB
Cached:          3099336 kB
SwapCached:            0 kB
Active:          5389756 kB
Inactive:        1284524 kB
Active(anon):    3232992 kB
Inactive(anon):    26768 kB
Active(file):    2156764 kB
Inactive(file):  1257756 kB
Unevictable:          32 kB
Mlocked:              32 kB
SwapTotal:             0 kB
SwapFree:              0 kB
Dirty:               228 kB
Writeback:             0 kB
AnonPages:       3230488 kB
Mapped:           425856 kB
Shmem:             29408 kB
Slab:             427724 kB
SReclaimable:     380084 kB
SUnreclaim:        47640 kB
KernelStack:       12288 kB
PageTables:        32744 kB
NFS_Unstable:          0 kB
Bounce:                0 kB
WritebackTmp:          0 kB
CommitLimit:     8176460 kB
Committed_AS:    8947960 kB
VmallocTotal:   34359738367 kB
VmallocUsed:      330552 kB
VmallocChunk:   34359391740 kB
HardwareCorrupted:     0 kB
AnonHugePages:         0 kB
HugePages_Total:       0
HugePages_Free:        0
HugePages_Rsvd:        0
HugePages_Surp:        0
Hugepagesize:       2048 kB
DirectMap4k:      213428 kB
DirectMap2M:    13365248 kB
DirectMap1G:     3145728 kB


CPU:total 8 (8 cores per cpu, 1 threads per core) family 21 model 2 stepping 0, cmov, cx8, fxsr, mmx, sse, sse2, sse3, ssse3, sse4.1, sse4.2, popcnt, avx, aes, mmxext, 3dnowpref, lzcnt, sse4a, tsc, tscinvbit, tscinv

/proc/cpuinfo:
processor	: 0
vendor_id	: AuthenticAMD
cpu family	: 21
model		: 2
model name	: AMD FX(tm)-8320 Eight-Core Processor
stepping	: 0
microcode	: 0x6000822
cpu MHz		: 1400.000
cache size	: 2048 KB
physical id	: 0
siblings	: 8
core id		: 0
cpu cores	: 4
apicid		: 16
initial apicid	: 0
fpu		: yes
fpu_exception	: yes
cpuid level	: 13
wp		: yes
flags		: fpu vme de pse tsc msr pae mce cx8 apic sep mtrr pge mca cmov pat pse36 clflush mmx fxsr sse sse2 ht syscall nx mmxext fxsr_opt pdpe1gb rdtscp lm constant_tsc rep_good nopl nonstop_tsc extd_apicid aperfmperf pni pclmulqdq monitor ssse3 fma cx16 sse4_1 sse4_2 popcnt aes xsave avx f16c lahf_lm cmp_legacy svm extapic cr8_legacy abm sse4a misalignsse 3dnowprefetch osvw ibs xop skinit wdt lwp fma4 tce nodeid_msr tbm topoext perfctr_core perfctr_nb arat cpb hw_pstate npt lbrv svm_lock nrip_save tsc_scale vmcb_clean flushbyasid decodeassists pausefilter pfthreshold vmmcall bmi1
bogomips	: 7000.16
TLB size	: 1536 4K pages
clflush size	: 64
cache_alignment	: 64
address sizes	: 48 bits physical, 48 bits virtual
power management: ts ttp tm 100mhzsteps hwpstate cpb eff_freq_ro

processor	: 1
vendor_id	: AuthenticAMD
cpu family	: 21
model		: 2
model name	: AMD FX(tm)-8320 Eight-Core Processor           
stepping	: 0
microcode	: 0x6000822
cpu MHz		: 1400.000
cache size	: 2048 KB
physical id	: 0
siblings	: 8
core id		: 1
cpu cores	: 4
apicid		: 17
initial apicid	: 1
fpu		: yes
fpu_exception	: yes
cpuid level	: 13
wp		: yes
flags		: fpu vme de pse tsc msr pae mce cx8 apic sep mtrr pge mca cmov pat pse36 clflush mmx fxsr sse sse2 ht syscall nx mmxext fxsr_opt pdpe1gb rdtscp lm constant_tsc rep_good nopl nonstop_tsc extd_apicid aperfmperf pni pclmulqdq monitor ssse3 fma cx16 sse4_1 sse4_2 popcnt aes xsave avx f16c lahf_lm cmp_legacy svm extapic cr8_legacy abm sse4a misalignsse 3dnowprefetch osvw ibs xop skinit wdt lwp fma4 tce nodeid_msr tbm topoext perfctr_core perfctr_nb arat cpb hw_pstate npt lbrv svm_lock nrip_save tsc_scale vmcb_clean flushbyasid decodeassists pausefilter pfthreshold vmmcall bmi1
bogomips	: 7000.16
TLB size	: 1536 4K pages
clflush size	: 64
cache_alignment	: 64
address sizes	: 48 bits physical, 48 bits virtual
power management: ts ttp tm 100mhzsteps hwpstate cpb eff_freq_ro

processor	: 2
vendor_id	: AuthenticAMD
cpu family	: 21
model		: 2
model name	: AMD FX(tm)-8320 Eight-Core Processor           
stepping	: 0
microcode	: 0x6000822
cpu MHz		: 3500.000
cache size	: 2048 KB
physical id	: 0
siblings	: 8
core id		: 2
cpu cores	: 4
apicid		: 18
initial apicid	: 2
fpu		: yes
fpu_exception	: yes
cpuid level	: 13
wp		: yes
flags		: fpu vme de pse tsc msr pae mce cx8 apic sep mtrr pge mca cmov pat pse36 clflush mmx fxsr sse sse2 ht syscall nx mmxext fxsr_opt pdpe1gb rdtscp lm constant_tsc rep_good nopl nonstop_tsc extd_apicid aperfmperf pni pclmulqdq monitor ssse3 fma cx16 sse4_1 sse4_2 popcnt aes xsave avx f16c lahf_lm cmp_legacy svm extapic cr8_legacy abm sse4a misalignsse 3dnowprefetch osvw ibs xop skinit wdt lwp fma4 tce nodeid_msr tbm topoext perfctr_core perfctr_nb arat cpb hw_pstate npt lbrv svm_lock nrip_save tsc_scale vmcb_clean flushbyasid decodeassists pausefilter pfthreshold vmmcall bmi1
bogomips	: 7000.16
TLB size	: 1536 4K pages
clflush size	: 64
cache_alignment	: 64
address sizes	: 48 bits physical, 48 bits virtual
power management: ts ttp tm 100mhzsteps hwpstate cpb eff_freq_ro

processor	: 3
vendor_id	: AuthenticAMD
cpu family	: 21
model		: 2
model name	: AMD FX(tm)-8320 Eight-Core Processor           
stepping	: 0
microcode	: 0x6000822
cpu MHz		: 3500.000
cache size	: 2048 KB
physical id	: 0
siblings	: 8
core id		: 3
cpu cores	: 4
apicid		: 19
initial apicid	: 3
fpu		: yes
fpu_exception	: yes
cpuid level	: 13
wp		: yes
flags		: fpu vme de pse tsc msr pae mce cx8 apic sep mtrr pge mca cmov pat pse36 clflush mmx fxsr sse sse2 ht syscall nx mmxext fxsr_opt pdpe1gb rdtscp lm constant_tsc rep_good nopl nonstop_tsc extd_apicid aperfmperf pni pclmulqdq monitor ssse3 fma cx16 sse4_1 sse4_2 popcnt aes xsave avx f16c lahf_lm cmp_legacy svm extapic cr8_legacy abm sse4a misalignsse 3dnowprefetch osvw ibs xop skinit wdt lwp fma4 tce nodeid_msr tbm topoext perfctr_core perfctr_nb arat cpb hw_pstate npt lbrv svm_lock nrip_save tsc_scale vmcb_clean flushbyasid decodeassists pausefilter pfthreshold vmmcall bmi1
bogomips	: 7000.16
TLB size	: 1536 4K pages
clflush size	: 64
cache_alignment	: 64
address sizes	: 48 bits physical, 48 bits virtual
power management: ts ttp tm 100mhzsteps hwpstate cpb eff_freq_ro

processor	: 4
vendor_id	: AuthenticAMD
cpu family	: 21
model		: 2
model name	: AMD FX(tm)-8320 Eight-Core Processor           
stepping	: 0
microcode	: 0x6000822
cpu MHz		: 1400.000
cache size	: 2048 KB
physical id	: 0
siblings	: 8
core id		: 4
cpu cores	: 4
apicid		: 20
initial apicid	: 4
fpu		: yes
fpu_exception	: yes
cpuid level	: 13
wp		: yes
flags		: fpu vme de pse tsc msr pae mce cx8 apic sep mtrr pge mca cmov pat pse36 clflush mmx fxsr sse sse2 ht syscall nx mmxext fxsr_opt pdpe1gb rdtscp lm constant_tsc rep_good nopl nonstop_tsc extd_apicid aperfmperf pni pclmulqdq monitor ssse3 fma cx16 sse4_1 sse4_2 popcnt aes xsave avx f16c lahf_lm cmp_legacy svm extapic cr8_legacy abm sse4a misalignsse 3dnowprefetch osvw ibs xop skinit wdt lwp fma4 tce nodeid_msr tbm topoext perfctr_core perfctr_nb arat cpb hw_pstate npt lbrv svm_lock nrip_save tsc_scale vmcb_clean flushbyasid decodeassists pausefilter pfthreshold vmmcall bmi1
bogomips	: 7000.16
TLB size	: 1536 4K pages
clflush size	: 64
cache_alignment	: 64
address sizes	: 48 bits physical, 48 bits virtual
power management: ts ttp tm 100mhzsteps hwpstate cpb eff_freq_ro

processor	: 5
vendor_id	: AuthenticAMD
cpu family	: 21
model		: 2
model name	: AMD FX(tm)-8320 Eight-Core Processor           
stepping	: 0
microcode	: 0x6000822
cpu MHz		: 3500.000
cache size	: 2048 KB
physical id	: 0
siblings	: 8
core id		: 5
cpu cores	: 4
apicid		: 21
initial apicid	: 5
fpu		: yes
fpu_exception	: yes
cpuid level	: 13
wp		: yes
flags		: fpu vme de pse tsc msr pae mce cx8 apic sep mtrr pge mca cmov pat pse36 clflush mmx fxsr sse sse2 ht syscall nx mmxext fxsr_opt pdpe1gb rdtscp lm constant_tsc rep_good nopl nonstop_tsc extd_apicid aperfmperf pni pclmulqdq monitor ssse3 fma cx16 sse4_1 sse4_2 popcnt aes xsave avx f16c lahf_lm cmp_legacy svm extapic cr8_legacy abm sse4a misalignsse 3dnowprefetch osvw ibs xop skinit wdt lwp fma4 tce nodeid_msr tbm topoext perfctr_core perfctr_nb arat cpb hw_pstate npt lbrv svm_lock nrip_save tsc_scale vmcb_clean flushbyasid decodeassists pausefilter pfthreshold vmmcall bmi1
bogomips	: 7000.16
TLB size	: 1536 4K pages
clflush size	: 64
cache_alignment	: 64
address sizes	: 48 bits physical, 48 bits virtual
power management: ts ttp tm 100mhzsteps hwpstate cpb eff_freq_ro

processor	: 6
vendor_id	: AuthenticAMD
cpu family	: 21
model		: 2
model name	: AMD FX(tm)-8320 Eight-Core Processor           
stepping	: 0
microcode	: 0x6000822
cpu MHz		: 3500.000
cache size	: 2048 KB
physical id	: 0
siblings	: 8
core id		: 6
cpu cores	: 4
apicid		: 22
initial apicid	: 6
fpu		: yes
fpu_exception	: yes
cpuid level	: 13
wp		: yes
flags		: fpu vme de pse tsc msr pae mce cx8 apic sep mtrr pge mca cmov pat pse36 clflush mmx fxsr sse sse2 ht syscall nx mmxext fxsr_opt pdpe1gb rdtscp lm constant_tsc rep_good nopl nonstop_tsc extd_apicid aperfmperf pni pclmulqdq monitor ssse3 fma cx16 sse4_1 sse4_2 popcnt aes xsave avx f16c lahf_lm cmp_legacy svm extapic cr8_legacy abm sse4a misalignsse 3dnowprefetch osvw ibs xop skinit wdt lwp fma4 tce nodeid_msr tbm topoext perfctr_core perfctr_nb arat cpb hw_pstate npt lbrv svm_lock nrip_save tsc_scale vmcb_clean flushbyasid decodeassists pausefilter pfthreshold vmmcall bmi1
bogomips	: 7000.16
TLB size	: 1536 4K pages
clflush size	: 64
cache_alignment	: 64
address sizes	: 48 bits physical, 48 bits virtual
power management: ts ttp tm 100mhzsteps hwpstate cpb eff_freq_ro

processor	: 7
vendor_id	: AuthenticAMD
cpu family	: 21
model		: 2
model name	: AMD FX(tm)-8320 Eight-Core Processor           
stepping	: 0
microcode	: 0x6000822
cpu MHz		: 3500.000
cache size	: 2048 KB
physical id	: 0
siblings	: 8
core id		: 7
cpu cores	: 4
apicid		: 23
initial apicid	: 7
fpu		: yes
fpu_exception	: yes
cpuid level	: 13
wp		: yes
flags		: fpu vme de pse tsc msr pae mce cx8 apic sep mtrr pge mca cmov pat pse36 clflush mmx fxsr sse sse2 ht syscall nx mmxext fxsr_opt pdpe1gb rdtscp lm constant_tsc rep_good nopl nonstop_tsc extd_apicid aperfmperf pni pclmulqdq monitor ssse3 fma cx16 sse4_1 sse4_2 popcnt aes xsave avx f16c lahf_lm cmp_legacy svm extapic cr8_legacy abm sse4a misalignsse 3dnowprefetch osvw ibs xop skinit wdt lwp fma4 tce nodeid_msr tbm topoext perfctr_core perfctr_nb arat cpb hw_pstate npt lbrv svm_lock nrip_save tsc_scale vmcb_clean flushbyasid decodeassists pausefilter pfthreshold vmmcall bmi1
bogomips	: 7000.16
TLB size	: 1536 4K pages
clflush size	: 64
cache_alignment	: 64
address sizes	: 48 bits physical, 48 bits virtual
power management: ts ttp tm 100mhzsteps hwpstate cpb eff_freq_ro



Memory: 4k page, physical 16352924k(9100024k free), swap 0k(0k free)

vm_info: OpenJDK 64-Bit Server VM (24.85-b03) for linux-amd64 JRE (1.7.0_85-b01), built on Oct 31 2015 21:30:47 by "jmm" with gcc 4.9.2

time: Tue Jan 10 21:21:50 2017
elapsed time: 1 seconds

