#
# A fatal error has been detected by the Java Runtime Environment:
#
#  SIGSEGV (0xb) at pc=0x0000000040a11ee3, pid=13109, tid=140666532894464
#
# JRE version: OpenJDK Runtime Environment (7.0_85-b01) (build 1.7.0_85-b01)
# Java VM: OpenJDK 64-Bit Server VM (24.85-b03 mixed mode linux-amd64 compressed oops)
# Derivative: IcedTea 2.6.1
# Distribution: Debian GNU/Linux 8.2 (jessie), package 7u85-2.6.1-6+deb8u1
# Problematic frame:
# C  0x0000000040a11ee3
#
# Failed to write core dump. Core dumps have been disabled. To enable core dumping, try "ulimit -c unlimited" before starting Java again
#
# If you would like to submit a bug report, please include
# instructions on how to reproduce the bug and visit:
#   http://icedtea.classpath.org/bugzilla
# The crash happened outside the Java Virtual Machine in native code.
# See problematic frame for where to report the bug.
#

---------------  T H R E A D  ---------------

Current thread (0x00007fef7400a800):  JavaThread "main" [_thread_in_native, id=13110, stack(0x00007fef7aa99000,0x00007fef7ab9a000)]

siginfo:si_signo=SIGSEGV: si_errno=0, si_code=1 (SEGV_MAPERR), si_addr=0x0000000000000000

Registers:
RAX=0x00007fef0d3bd534, RBX=0x000000004120f000, RCX=0x0000000000000000, RDX=0x0000000000000066
RSP=0x00007fef7ab97fb8, RBP=0x000000003f080000, RSI=0x0000000000000000, RDI=0x0000000000000000
R8 =0x00007fef74a05ee0, R9 =0x0000000128b00000, R10=0x247c8b489f75caff, R11=0x0000000000000000
R12=0x0000000000000000, R13=0x0000000000000066, R14=0x0000000000000000, R15=0x00007fef745948a0
RIP=0x0000000040a11ee3, EFLAGS=0x0000000000010246, CSGSFS=0x0000000000000033, ERR=0x0000000000000004
  TRAPNO=0x000000000000000e

Top of Stack: (sp=0x00007fef7ab97fb8)
0x00007fef7ab97fb8:   00007fef0edb9fc4 0000000400000000
0x00007fef7ab97fc8:   00007fef746f0168 00007fef7400a800
0x00007fef7ab97fd8:   00007fef0edba96e 00007fef0d3bd534
0x00007fef7ab97fe8:   000000004120f000 0000000041253100
0x00007fef7ab97ff8:   0000000000000004 0000000000000000
0x00007fef7ab98008:   00007fef7ab98120 00007fef7400a800
0x00007fef7ab98018:   00007fef0e9c8798 00007fef7ab98100
0x00007fef7ab98028:   00000066fcdad000 00000006fc66d818
0x00007fef7ab98038:   0000000000000000 00000006fc66d818
0x00007fef7ab98048:   00000006fc66d818 00007fef7ab980e0
0x00007fef7ab98058:   0000000000000000 00000006fc66d818
0x00007fef7ab98068:   00007fef705c2758 00007fef7400b738
0x00007fef7ab98078:   00007fef7400b738 00007fef7400b718
0x00007fef7ab98088:   00007fef7400b718 00007feffffffffe
0x00007fef7ab98098:   0000000000000000 00007fef7ab980a0
0x00007fef7ab980a8:   00000006fc66d818 00007fef7ab98120
0x00007fef7ab980b8:   00000006fc689a88 0000000000000000
0x00007fef7ab980c8:   00000006fc66d818 0000000000000000
0x00007fef7ab980d8:   00007fef7ab98100 00007fef7ab98168
0x00007fef7ab980e8:   00007fef705b6058 00000007ad55c088
0x00007fef7ab980f8:   00007fef705becd8 00007fef3ca66780
0x00007fef7ab98108:   00007fef7ab98168 0000000000000066
0x00007fef7ab98118:   0000000000000000 0000000000000004
0x00007fef7ab98128:   00007fef7ab98128 00000006fc66d70c
0x00007fef7ab98138:   00007fef7ab981a0 00000006fc689a88
0x00007fef7ab98148:   0000000000000000 00000006fc66d758
0x00007fef7ab98158:   00007fef7ab98100 00007fef7ab98190
0x00007fef7ab98168:   00007fef7ab981e8 00007fef705b6058
0x00007fef7ab98178:   00007fef3ca66780 0000000000000000
0x00007fef7ab98188:   00000007ad509f08 0000000000000066
0x00007fef7ab98198:   0000000000000000 0000000000000004
0x00007fef7ab981a8:   00007fef7ab981a8 00000006fc6cdc83 

Instructions: (pc=0x0000000040a11ee3)
0x0000000040a11ec3:   68 04 48 be 78 fd 25 41 00 00 00 00 48 8b 36 48
0x0000000040a11ed3:   8b b6 38 03 00 00 48 8b f9 48 c1 e7 04 48 03 f7
0x0000000040a11ee3:   8b 3e 8b 6e 04 89 78 08 89 68 0c 8b 7e 08 8b 6e
0x0000000040a11ef3:   0c 89 78 10 89 68 14 48 83 c0 18 ff c1 ff ca 75 

Register to memory mapping:

RAX=0x00007fef0d3bd534 is an unknown value
RBX=0x000000004120f000 is an unknown value
RCX=0x0000000000000000 is an unknown value
RDX=0x0000000000000066 is an unknown value
RSP=0x00007fef7ab97fb8 is pointing into the stack for thread: 0x00007fef7400a800
RBP=0x000000003f080000 is an unknown value
RSI=0x0000000000000000 is an unknown value
RDI=0x0000000000000000 is an unknown value
R8 =0x00007fef74a05ee0 is an unknown value
R9 =0x0000000128b00000 is an unknown value
R10=0x247c8b489f75caff is an unknown value
R11=0x0000000000000000 is an unknown value
R12=0x0000000000000000 is an unknown value
R13=0x0000000000000066 is an unknown value
R14=0x0000000000000000 is an unknown value
R15=0x00007fef745948a0 is an unknown value


Stack: [0x00007fef7aa99000,0x00007fef7ab9a000],  sp=0x00007fef7ab97fb8,  free space=1019k
Native frames: (J=compiled Java code, j=interpreted, Vv=VM code, C=native code)
C  0x0000000040a11ee3

[error occurred during error reporting (printing native stack), id 0xb]

Java frames: (J=compiled Java code, j=interpreted, Vv=VM code)
j  org.lwjgl.opengl.GL11.nglDrawArrays(IIIJ)V+0
j  org.lwjgl.opengl.GL11.glDrawArrays(III)V+20
j  fontRendering.FontRenderer.renderText(LfontMeshCreator/GUIText;)V+43
j  fontRendering.FontRenderer.render(Ljava/util/Map;)V+92
j  fontRendering.TextMaster.render()V+6
j  engine.GameLoop.main([Ljava/lang/String;)V+130
v  ~StubRoutines::call_stub
j  sun.reflect.NativeMethodAccessorImpl.invoke0(Ljava/lang/reflect/Method;Ljava/lang/Object;[Ljava/lang/Object;)Ljava/lang/Object;+0
j  sun.reflect.NativeMethodAccessorImpl.invoke(Ljava/lang/Object;[Ljava/lang/Object;)Ljava/lang/Object;+87
j  sun.reflect.DelegatingMethodAccessorImpl.invoke(Ljava/lang/Object;[Ljava/lang/Object;)Ljava/lang/Object;+6
j  java.lang.reflect.Method.invoke(Ljava/lang/Object;[Ljava/lang/Object;)Ljava/lang/Object;+57
j  com.intellij.rt.execution.application.AppMain.main([Ljava/lang/String;)V+170
v  ~StubRoutines::call_stub

---------------  P R O C E S S  ---------------

Java Threads: ( => current thread )
  0x00007fef74278000 JavaThread "process reaper" daemon [_thread_blocked, id=13151, stack(0x00007fef3cccf000,0x00007fef3cd08000)]
  0x00007fef7426b800 JavaThread "AWT-XAWT" daemon [_thread_in_native, id=13149, stack(0x00007fef3d59f000,0x00007fef3d6a0000)]
  0x00007fef7424d800 JavaThread "Java2D Disposer" daemon [_thread_blocked, id=13148, stack(0x00007fef5c01f000,0x00007fef5c120000)]
  0x00007fef741b1000 JavaThread "Monitor Ctrl-Break" daemon [_thread_in_native, id=13147, stack(0x00007fef5fbf7000,0x00007fef5fcf8000)]
  0x00007fef740b7800 JavaThread "Service Thread" daemon [_thread_blocked, id=13145, stack(0x00007fef6c08c000,0x00007fef6c18d000)]
  0x00007fef740b5800 JavaThread "C2 CompilerThread1" daemon [_thread_blocked, id=13144, stack(0x00007fef6c18d000,0x00007fef6c28e000)]
  0x00007fef740b2800 JavaThread "C2 CompilerThread0" daemon [_thread_in_native, id=13143, stack(0x00007fef6c28e000,0x00007fef6c38f000)]
  0x00007fef740b0800 JavaThread "Signal Dispatcher" daemon [_thread_blocked, id=13142, stack(0x00007fef6c38f000,0x00007fef6c490000)]
  0x00007fef74085000 JavaThread "Finalizer" daemon [_thread_blocked, id=13134, stack(0x00007fef6c61a000,0x00007fef6c71b000)]
  0x00007fef74083000 JavaThread "Reference Handler" daemon [_thread_blocked, id=13133, stack(0x00007fef6c71b000,0x00007fef6c81c000)]
=>0x00007fef7400a800 JavaThread "main" [_thread_in_native, id=13110, stack(0x00007fef7aa99000,0x00007fef7ab9a000)]

Other Threads:
  0x00007fef7407f000 VMThread [stack: 0x00007fef6c81c000,0x00007fef6c91d000] [id=13130]
  0x00007fef740c2800 WatcherThread [stack: 0x00007fef5feff000,0x00007fef60000000] [id=13146]

VM state:not at safepoint (normal execution)

VM Mutex/Monitor currently owned by a thread: None

Heap
 PSYoungGen      total 75264K, used 13094K [0x00000007acc80000, 0x00000007b2000000, 0x0000000800000000)
  eden space 65024K, 20% used [0x00000007acc80000,0x00000007ad949918,0x00000007b0c00000)
  from space 10240K, 0% used [0x00000007b1600000,0x00000007b1600000,0x00000007b2000000)
  to   space 10240K, 0% used [0x00000007b0c00000,0x00000007b0c00000,0x00000007b1600000)
 ParOldGen       total 169984K, used 0K [0x0000000706600000, 0x0000000710c00000, 0x00000007acc80000)
  object space 169984K, 0% used [0x0000000706600000,0x0000000706600000,0x0000000710c00000)
 PSPermGen       total 21504K, used 7826K [0x00000006fc000000, 0x00000006fd500000, 0x0000000706600000)
  object space 21504K, 36% used [0x00000006fc000000,0x00000006fc7a4900,0x00000006fd500000)

Card table byte_map: [0x00007fef6fd8f000,0x00007fef705b0000] byte_map_base: 0x00007fef6c5af000

Polling page: 0x00007fef7aa98000

Code Cache  [0x00007fef705b0000, 0x00007fef70820000, 0x00007fef735b0000)
 total_blobs=478 nmethods=32 adapters=401 free_code_cache=48582Kb largest_free_block=49731456

Compilation events (10 events):
Event: 0.883 Thread 0x00007fef740b5800   29             java.lang.Math::min (11 bytes)
Event: 0.883 Thread 0x00007fef740b5800 nmethod 29 0x00007fef706354d0 code [0x00007fef70635600, 0x00007fef70635638]
Event: 0.885 Thread 0x00007fef740b5800   30             java.lang.String::replace (127 bytes)
Event: 0.891 Thread 0x00007fef740b2800 nmethod 28 0x00007fef70635990 code [0x00007fef70635b40, 0x00007fef70636328]
Event: 0.894 Thread 0x00007fef740b5800 nmethod 30 0x00007fef7063b1d0 code [0x00007fef7063b320, 0x00007fef7063b7b8]
Event: 0.957 Thread 0x00007fef740b2800   31   !         java.io.BufferedReader::readLine (304 bytes)
Event: 0.966 Thread 0x00007fef740b5800   32             sun.nio.cs.UTF_8$Decoder::decodeArrayLoop (543 bytes)
Event: 0.977 Thread 0x00007fef740b2800 nmethod 31 0x00007fef7063f590 code [0x00007fef7063f760, 0x00007fef70640770]
Event: 0.980 Thread 0x00007fef740b5800 nmethod 32 0x00007fef70640e90 code [0x00007fef70641100, 0x00007fef70641c98]
Event: 0.996 Thread 0x00007fef740b2800   33             java.lang.String::indexOf (166 bytes)

GC Heap History (0 events):
No events

Deoptimization events (3 events):
Event: 0.082 Thread 0x00007fef7400a800 Uncommon trap: reason=unstable_if action=reinterpret pc=0x00007fef70610710 method=java.lang.String.indexOf(II)I @ 49
Event: 0.138 Thread 0x00007fef7400a800 Uncommon trap: reason=unstable_if action=reinterpret pc=0x00007fef70618c64 method=java.lang.String.indexOf([CII[CIII)I @ 123
Event: 0.899 Thread 0x00007fef7400a800 Uncommon trap: reason=unstable_if action=reinterpret pc=0x00007fef70625a68 method=java.lang.String.indexOf([CII[CIII)I @ 3

Internal exceptions (10 events):
Event: 0.989 Thread 0x00007fef7400a800 Threw 0x00000007ad8c19e8 at /home/jmm/jdk2/openjdk-7-7u85-2.6.1/build/openjdk/hotspot/src/share/vm/prims/jvm.cpp:1322
Event: 0.990 Thread 0x00007fef7400a800 Threw 0x00000007ad8c6368 at /home/jmm/jdk2/openjdk-7-7u85-2.6.1/build/openjdk/hotspot/src/share/vm/prims/jvm.cpp:1322
Event: 0.990 Thread 0x00007fef7400a800 Threw 0x00000007ad8ce0e0 at /home/jmm/jdk2/openjdk-7-7u85-2.6.1/build/openjdk/hotspot/src/share/vm/prims/jvm.cpp:1322
Event: 0.991 Thread 0x00007fef7400a800 Threw 0x00000007ad8d2b10 at /home/jmm/jdk2/openjdk-7-7u85-2.6.1/build/openjdk/hotspot/src/share/vm/prims/jvm.cpp:1322
Event: 0.992 Thread 0x00007fef7400a800 Threw 0x00000007ad8d7278 at /home/jmm/jdk2/openjdk-7-7u85-2.6.1/build/openjdk/hotspot/src/share/vm/prims/jvm.cpp:1322
Event: 0.993 Thread 0x00007fef7400a800 Threw 0x00000007ad8daaf0 at /home/jmm/jdk2/openjdk-7-7u85-2.6.1/build/openjdk/hotspot/src/share/vm/prims/jvm.cpp:1322
Event: 0.994 Thread 0x00007fef7400a800 Threw 0x00000007ad8e1980 at /home/jmm/jdk2/openjdk-7-7u85-2.6.1/build/openjdk/hotspot/src/share/vm/prims/jvm.cpp:1322
Event: 0.995 Thread 0x00007fef7400a800 Threw 0x00000007ad8e59c0 at /home/jmm/jdk2/openjdk-7-7u85-2.6.1/build/openjdk/hotspot/src/share/vm/prims/jvm.cpp:1322
Event: 0.996 Thread 0x00007fef7400a800 Threw 0x00000007ad8e9168 at /home/jmm/jdk2/openjdk-7-7u85-2.6.1/build/openjdk/hotspot/src/share/vm/prims/jvm.cpp:1322
Event: 0.997 Thread 0x00007fef7400a800 Threw 0x00000007ad8eca48 at /home/jmm/jdk2/openjdk-7-7u85-2.6.1/build/openjdk/hotspot/src/share/vm/prims/jvm.cpp:1322

Events (10 events):
Event: 0.992 loading class 0x00007fef746f3e50
Event: 0.992 loading class 0x00007fef746f3e50 done
Event: 0.994 loading class 0x00007fef749e8980
Event: 0.994 loading class 0x00007fef749e8980 done
Event: 0.995 loading class 0x00007fef741b2310
Event: 0.995 loading class 0x00007fef741b2310 done
Event: 0.996 loading class 0x00007fef741b2340
Event: 0.996 loading class 0x00007fef741b2340 done
Event: 0.997 loading class 0x00007fef749d2960
Event: 0.997 loading class 0x00007fef749d2960 done


Dynamic libraries:
00400000-00401000 r-xp 00000000 08:01 2101986                            /usr/lib/jvm/java-7-openjdk-amd64/jre/bin/java
00600000-00601000 r--p 00000000 08:01 2101986                            /usr/lib/jvm/java-7-openjdk-amd64/jre/bin/java
00601000-00602000 rw-p 00001000 08:01 2101986                            /usr/lib/jvm/java-7-openjdk-amd64/jre/bin/java
010c5000-010e6000 rw-p 00000000 00:00 0                                  [heap]
40a10000-40a12000 r-xs 00000000 08:12 33                                 /tmp/.glIP8adP (deleted)
4120f000-412ae000 rw-p 00000000 00:00 0 
6fc000000-6fd500000 rw-p 00000000 00:00 0 
6fd500000-706600000 rw-p 00000000 00:00 0 
706600000-710c00000 rw-p 00000000 00:00 0 
710c00000-7acc80000 rw-p 00000000 00:00 0 
7acc80000-7b2000000 rw-p 00000000 00:00 0 
7b2000000-800000000 rw-p 00000000 00:00 0 
7fef08000000-7fef08021000 rw-p 00000000 00:00 0 
7fef08021000-7fef0c000000 ---p 00000000 00:00 0 
7fef0d363000-7fef0d563000 rw-s a0f53000 00:05 17965                      /dev/nvidiactl
7fef0d568000-7fef0ef65000 r-xp 00000000 08:01 1339821                    /usr/lib/x86_64-linux-gnu/libnvidia-glcore.so.352.55
7fef0ef65000-7fef0ef85000 rwxp 019fd000 08:01 1339821                    /usr/lib/x86_64-linux-gnu/libnvidia-glcore.so.352.55
7fef0ef85000-7fef0f24c000 r-xp 01a1d000 08:01 1339821                    /usr/lib/x86_64-linux-gnu/libnvidia-glcore.so.352.55
7fef0f24c000-7fef0f44b000 ---p 01ce4000 08:01 1339821                    /usr/lib/x86_64-linux-gnu/libnvidia-glcore.so.352.55
7fef0f44b000-7fef0ffe7000 rw-p 01ce3000 08:01 1339821                    /usr/lib/x86_64-linux-gnu/libnvidia-glcore.so.352.55
7fef0ffe7000-7fef0fffb000 rw-p 00000000 00:00 0 
7fef10000000-7fef10021000 rw-p 00000000 00:00 0 
7fef10021000-7fef14000000 ---p 00000000 00:00 0 
7fef14000000-7fef14021000 rw-p 00000000 00:00 0 
7fef14021000-7fef18000000 ---p 00000000 00:00 0 
7fef18000000-7fef18021000 rw-p 00000000 00:00 0 
7fef18021000-7fef1c000000 ---p 00000000 00:00 0 
7fef1c000000-7fef1c021000 rw-p 00000000 00:00 0 
7fef1c021000-7fef20000000 ---p 00000000 00:00 0 
7fef20000000-7fef201b5000 rw-p 00000000 00:00 0 
7fef201b5000-7fef24000000 ---p 00000000 00:00 0 
7fef24000000-7fef24021000 rw-p 00000000 00:00 0 
7fef24021000-7fef28000000 ---p 00000000 00:00 0 
7fef28000000-7fef28021000 rw-p 00000000 00:00 0 
7fef28021000-7fef2c000000 ---p 00000000 00:00 0 
7fef2c000000-7fef2c1d0000 rw-p 00000000 00:00 0 
7fef2c1d0000-7fef30000000 ---p 00000000 00:00 0 
7fef30000000-7fef30021000 rw-p 00000000 00:00 0 
7fef30021000-7fef34000000 ---p 00000000 00:00 0 
7fef34000000-7fef34021000 rw-p 00000000 00:00 0 
7fef34021000-7fef38000000 ---p 00000000 00:00 0 
7fef38000000-7fef38021000 rw-p 00000000 00:00 0 
7fef38021000-7fef3c000000 ---p 00000000 00:00 0 
7fef3c140000-7fef3c151000 r-xp 00000000 08:01 2101924                    /usr/lib/jvm/java-7-openjdk-amd64/jre/lib/amd64/libnio.so
7fef3c151000-7fef3c350000 ---p 00011000 08:01 2101924                    /usr/lib/jvm/java-7-openjdk-amd64/jre/lib/amd64/libnio.so
7fef3c350000-7fef3c351000 r--p 00010000 08:01 2101924                    /usr/lib/jvm/java-7-openjdk-amd64/jre/lib/amd64/libnio.so
7fef3c351000-7fef3c352000 rw-p 00011000 08:01 2101924                    /usr/lib/jvm/java-7-openjdk-amd64/jre/lib/amd64/libnio.so
7fef3c357000-7fef3c3d7000 rw-s 33fb17000 00:05 17965                     /dev/nvidiactl
7fef3c3de000-7fef3c45e000 rw-s 2fd3a6000 00:05 17965                     /dev/nvidiactl
7fef3c461000-7fef3c4e1000 rw-s 3b2679000 00:05 17965                     /dev/nvidiactl
7fef3c4e8000-7fef3c5e8000 rw-s a0e28000 00:05 17965                      /dev/nvidiactl
7fef3c5e8000-7fef3c608000 rw-s c0260000 00:05 19540                      /dev/nvidia0
7fef3c609000-7fef3c649000 rw-s 35bb21000 00:05 17965                     /dev/nvidiactl
7fef3c64e000-7fef3c66e000 rw-s 3fe766000 00:05 17965                     /dev/nvidiactl
7fef3c66e000-7fef3c6ae000 rw-s 3b27d6000 00:05 17965                     /dev/nvidiactl
7fef3c6b3000-7fef3c6d3000 rw-s 2fd123000 00:05 17965                     /dev/nvidiactl
7fef3c6d6000-7fef3c78a000 rw-s 42b5be000 00:05 17965                     /dev/nvidiactl
7fef3c790000-7fef3c793000 r-xp 00000000 08:01 1339825                    /usr/lib/x86_64-linux-gnu/tls/libnvidia-tls.so.352.55
7fef3c793000-7fef3c992000 ---p 00003000 08:01 1339825                    /usr/lib/x86_64-linux-gnu/tls/libnvidia-tls.so.352.55
7fef3c992000-7fef3c993000 rw-p 00002000 08:01 1339825                    /usr/lib/x86_64-linux-gnu/tls/libnvidia-tls.so.352.55
7fef3c998000-7fef3ca56000 r-xp 00000000 08:01 1339822                    /usr/lib/x86_64-linux-gnu/libGL.so.352.55
7fef3ca56000-7fef3ca89000 rwxp 000be000 08:01 1339822                    /usr/lib/x86_64-linux-gnu/libGL.so.352.55
7fef3ca89000-7fef3ca9b000 r-xp 000f1000 08:01 1339822                    /usr/lib/x86_64-linux-gnu/libGL.so.352.55
7fef3ca9b000-7fef3cc9a000 ---p 00103000 08:01 1339822                    /usr/lib/x86_64-linux-gnu/libGL.so.352.55
7fef3cc9a000-7fef3ccc2000 rw-p 00102000 08:01 1339822                    /usr/lib/x86_64-linux-gnu/libGL.so.352.55
7fef3ccc2000-7fef3ccc8000 rw-p 00000000 00:00 0 
7fef3cccf000-7fef3ccd2000 ---p 00000000 00:00 0 
7fef3ccd2000-7fef3cd08000 rw-p 00000000 00:00 0                          [stack:13151]
7fef3cd08000-7fef3cd0d000 r-xp 00000000 08:01 1317786                    /usr/lib/x86_64-linux-gnu/libXxf86vm.so.1.0.0
7fef3cd0d000-7fef3cf0c000 ---p 00005000 08:01 1317786                    /usr/lib/x86_64-linux-gnu/libXxf86vm.so.1.0.0
7fef3cf0c000-7fef3cf0d000 r--p 00004000 08:01 1317786                    /usr/lib/x86_64-linux-gnu/libXxf86vm.so.1.0.0
7fef3cf0d000-7fef3cf0e000 rw-p 00005000 08:01 1317786                    /usr/lib/x86_64-linux-gnu/libXxf86vm.so.1.0.0
7fef3cf10000-7fef3cf19000 r-xp 00000000 08:01 1317776                    /usr/lib/x86_64-linux-gnu/libXrandr.so.2.2.0
7fef3cf19000-7fef3d118000 ---p 00009000 08:01 1317776                    /usr/lib/x86_64-linux-gnu/libXrandr.so.2.2.0
7fef3d118000-7fef3d119000 r--p 00008000 08:01 1317776                    /usr/lib/x86_64-linux-gnu/libXrandr.so.2.2.0
7fef3d119000-7fef3d11a000 rw-p 00009000 08:01 1317776                    /usr/lib/x86_64-linux-gnu/libXrandr.so.2.2.0
7fef3d120000-7fef3d190000 r-xp 00000000 08:13 9045172                    /home/mart/IdeaProjects/Multiplayer World 2/libs/liblwjgl64.so
7fef3d190000-7fef3d390000 ---p 00070000 08:13 9045172                    /home/mart/IdeaProjects/Multiplayer World 2/libs/liblwjgl64.so
7fef3d390000-7fef3d392000 r--p 00070000 08:13 9045172                    /home/mart/IdeaProjects/Multiplayer World 2/libs/liblwjgl64.so
7fef3d392000-7fef3d393000 rw-p 00072000 08:13 9045172                    /home/mart/IdeaProjects/Multiplayer World 2/libs/liblwjgl64.so
7fef3d398000-7fef3d399000 r-xp 00000000 08:01 2101945                    /usr/lib/jvm/java-7-openjdk-amd64/jre/lib/amd64/libjawt.so
7fef3d399000-7fef3d598000 ---p 00001000 08:01 2101945                    /usr/lib/jvm/java-7-openjdk-amd64/jre/lib/amd64/libjawt.so
7fef3d598000-7fef3d599000 r--p 00000000 08:01 2101945                    /usr/lib/jvm/java-7-openjdk-amd64/jre/lib/amd64/libjawt.so
7fef3d599000-7fef3d59a000 rw-p 00001000 08:01 2101945                    /usr/lib/jvm/java-7-openjdk-amd64/jre/lib/amd64/libjawt.so
7fef3d59f000-7fef3d5a2000 ---p 00000000 00:00 0 
7fef3d5a2000-7fef3d6a0000 rw-p 00000000 00:00 0                          [stack:13149]
7fef3d6a0000-7fef3d6a5000 r-xp 00000000 08:01 1318319                    /usr/lib/x86_64-linux-gnu/libXfixes.so.3.1.0
7fef3d6a5000-7fef3d8a4000 ---p 00005000 08:01 1318319                    /usr/lib/x86_64-linux-gnu/libXfixes.so.3.1.0
7fef3d8a4000-7fef3d8a5000 r--p 00004000 08:01 1318319                    /usr/lib/x86_64-linux-gnu/libXfixes.so.3.1.0
7fef3d8a5000-7fef3d8a6000 rw-p 00005000 08:01 1318319                    /usr/lib/x86_64-linux-gnu/libXfixes.so.3.1.0
7fef3d8a8000-7fef3d8b2000 r-xp 00000000 08:01 1318351                    /usr/lib/x86_64-linux-gnu/libXcursor.so.1.0.2
7fef3d8b2000-7fef3dab1000 ---p 0000a000 08:01 1318351                    /usr/lib/x86_64-linux-gnu/libXcursor.so.1.0.2
7fef3dab1000-7fef3dab2000 r--p 00009000 08:01 1318351                    /usr/lib/x86_64-linux-gnu/libXcursor.so.1.0.2
7fef3dab2000-7fef3dab3000 rw-p 0000a000 08:01 1318351                    /usr/lib/x86_64-linux-gnu/libXcursor.so.1.0.2
7fef3dab8000-7fef3daff000 r-xp 00000000 08:01 6423007                    /lib/x86_64-linux-gnu/libdbus-1.so.3.8.13
7fef3daff000-7fef3dcfe000 ---p 00047000 08:01 6423007                    /lib/x86_64-linux-gnu/libdbus-1.so.3.8.13
7fef3dcfe000-7fef3dcff000 r--p 00046000 08:01 6423007                    /lib/x86_64-linux-gnu/libdbus-1.so.3.8.13
7fef3dcff000-7fef3dd00000 rw-p 00047000 08:01 6423007                    /lib/x86_64-linux-gnu/libdbus-1.so.3.8.13
7fef3dd00000-7fef3dd81000 r-xp 00000000 08:01 1315106                    /usr/lib/x86_64-linux-gnu/libgmp.so.10.2.0
7fef3dd81000-7fef3df81000 ---p 00081000 08:01 1315106                    /usr/lib/x86_64-linux-gnu/libgmp.so.10.2.0
7fef3df81000-7fef3df82000 r--p 00081000 08:01 1315106                    /usr/lib/x86_64-linux-gnu/libgmp.so.10.2.0
7fef3df82000-7fef3df83000 rw-p 00082000 08:01 1315106                    /usr/lib/x86_64-linux-gnu/libgmp.so.10.2.0
7fef3df88000-7fef3dfb6000 r-xp 00000000 08:01 1315110                    /usr/lib/x86_64-linux-gnu/libhogweed.so.2.5
7fef3dfb6000-7fef3e1b5000 ---p 0002e000 08:01 1315110                    /usr/lib/x86_64-linux-gnu/libhogweed.so.2.5
7fef3e1b5000-7fef3e1b6000 r--p 0002d000 08:01 1315110                    /usr/lib/x86_64-linux-gnu/libhogweed.so.2.5
7fef3e1b6000-7fef3e1b7000 rw-p 0002e000 08:01 1315110                    /usr/lib/x86_64-linux-gnu/libhogweed.so.2.5
7fef3e1b8000-7fef3e1e8000 r-xp 00000000 08:01 1315108                    /usr/lib/x86_64-linux-gnu/libnettle.so.4.7
7fef3e1e8000-7fef3e3e8000 ---p 00030000 08:01 1315108                    /usr/lib/x86_64-linux-gnu/libnettle.so.4.7
7fef3e3e8000-7fef3e3e9000 r--p 00030000 08:01 1315108                    /usr/lib/x86_64-linux-gnu/libnettle.so.4.7
7fef3e3e9000-7fef3e3ea000 rw-p 00031000 08:01 1315108                    /usr/lib/x86_64-linux-gnu/libnettle.so.4.7
7fef3e3f0000-7fef3e401000 r-xp 00000000 08:01 1315458                    /usr/lib/x86_64-linux-gnu/libtasn1.so.6.3.2
7fef3e401000-7fef3e601000 ---p 00011000 08:01 1315458                    /usr/lib/x86_64-linux-gnu/libtasn1.so.6.3.2
7fef3e601000-7fef3e603000 r--p 00011000 08:01 1315458                    /usr/lib/x86_64-linux-gnu/libtasn1.so.6.3.2
7fef3e603000-7fef3e604000 rw-p 00013000 08:01 1315458                    /usr/lib/x86_64-linux-gnu/libtasn1.so.6.3.2
7fef3e608000-7fef3e644000 r-xp 00000000 08:01 1315113                    /usr/lib/x86_64-linux-gnu/libp11-kit.so.0.0.0
7fef3e644000-7fef3e843000 ---p 0003c000 08:01 1315113                    /usr/lib/x86_64-linux-gnu/libp11-kit.so.0.0.0
7fef3e843000-7fef3e84c000 r--p 0003b000 08:01 1315113                    /usr/lib/x86_64-linux-gnu/libp11-kit.so.0.0.0
7fef3e84c000-7fef3e84e000 rw-p 00044000 08:01 1315113                    /usr/lib/x86_64-linux-gnu/libp11-kit.so.0.0.0
7fef3e850000-7fef3e853000 r-xp 00000000 08:01 6422538                    /lib/x86_64-linux-gnu/libkeyutils.so.1.5
7fef3e853000-7fef3ea52000 ---p 00003000 08:01 6422538                    /lib/x86_64-linux-gnu/libkeyutils.so.1.5
7fef3ea52000-7fef3ea53000 r--p 00002000 08:01 6422538                    /lib/x86_64-linux-gnu/libkeyutils.so.1.5
7fef3ea53000-7fef3ea54000 rw-p 00003000 08:01 6422538                    /lib/x86_64-linux-gnu/libkeyutils.so.1.5
7fef3ea58000-7fef3ea63000 r-xp 00000000 08:01 1317160                    /usr/lib/x86_64-linux-gnu/libkrb5support.so.0.1
7fef3ea63000-7fef3ec62000 ---p 0000b000 08:01 1317160                    /usr/lib/x86_64-linux-gnu/libkrb5support.so.0.1
7fef3ec62000-7fef3ec63000 r--p 0000a000 08:01 1317160                    /usr/lib/x86_64-linux-gnu/libkrb5support.so.0.1
7fef3ec63000-7fef3ec64000 rw-p 0000b000 08:01 1317160                    /usr/lib/x86_64-linux-gnu/libkrb5support.so.0.1
7fef3ec68000-7fef3ec6b000 r-xp 00000000 08:01 6422616                    /lib/x86_64-linux-gnu/libcom_err.so.2.1
7fef3ec6b000-7fef3ee6a000 ---p 00003000 08:01 6422616                    /lib/x86_64-linux-gnu/libcom_err.so.2.1
7fef3ee6a000-7fef3ee6b000 r--p 00002000 08:01 6422616                    /lib/x86_64-linux-gnu/libcom_err.so.2.1
7fef3ee6b000-7fef3ee6c000 rw-p 00003000 08:01 6422616                    /lib/x86_64-linux-gnu/libcom_err.so.2.1
7fef3ee70000-7fef3ee9e000 r-xp 00000000 08:01 1317162                    /usr/lib/x86_64-linux-gnu/libk5crypto.so.3.1
7fef3ee9e000-7fef3f09d000 ---p 0002e000 08:01 1317162                    /usr/lib/x86_64-linux-gnu/libk5crypto.so.3.1
7fef3f09d000-7fef3f09f000 r--p 0002d000 08:01 1317162                    /usr/lib/x86_64-linux-gnu/libk5crypto.so.3.1
7fef3f09f000-7fef3f0a0000 rw-p 0002f000 08:01 1317162                    /usr/lib/x86_64-linux-gnu/libk5crypto.so.3.1
7fef3f0a0000-7fef3f0a1000 rw-p 00000000 00:00 0 
7fef3f0a8000-7fef3f16c000 r-xp 00000000 08:01 1317164                    /usr/lib/x86_64-linux-gnu/libkrb5.so.3.3
7fef3f16c000-7fef3f36c000 ---p 000c4000 08:01 1317164                    /usr/lib/x86_64-linux-gnu/libkrb5.so.3.3
7fef3f36c000-7fef3f379000 r--p 000c4000 08:01 1317164                    /usr/lib/x86_64-linux-gnu/libkrb5.so.3.3
7fef3f379000-7fef3f37c000 rw-p 000d1000 08:01 1317164                    /usr/lib/x86_64-linux-gnu/libkrb5.so.3.3
7fef3f380000-7fef3f385000 r-xp 00000000 08:01 1317761                    /usr/lib/x86_64-linux-gnu/libXdmcp.so.6.0.0
7fef3f385000-7fef3f584000 ---p 00005000 08:01 1317761                    /usr/lib/x86_64-linux-gnu/libXdmcp.so.6.0.0
7fef3f584000-7fef3f585000 rw-p 00004000 08:01 1317761                    /usr/lib/x86_64-linux-gnu/libXdmcp.so.6.0.0
7fef3f588000-7fef3f58b000 r-xp 00000000 08:01 1317759                    /usr/lib/x86_64-linux-gnu/libXau.so.6.0.0
7fef3f58b000-7fef3f78a000 ---p 00003000 08:01 1317759                    /usr/lib/x86_64-linux-gnu/libXau.so.6.0.0
7fef3f78a000-7fef3f78b000 r--p 00002000 08:01 1317759                    /usr/lib/x86_64-linux-gnu/libXau.so.6.0.0
7fef3f78b000-7fef3f78c000 rw-p 00003000 08:01 1317759                    /usr/lib/x86_64-linux-gnu/libXau.so.6.0.0
7fef3f790000-7fef3f7b6000 r-xp 00000000 08:01 6423568                    /lib/x86_64-linux-gnu/libpng12.so.0.50.0
7fef3f7b6000-7fef3f9b5000 ---p 00026000 08:01 6423568                    /lib/x86_64-linux-gnu/libpng12.so.0.50.0
7fef3f9b5000-7fef3f9b6000 r--p 00025000 08:01 6423568                    /lib/x86_64-linux-gnu/libpng12.so.0.50.0
7fef3f9b6000-7fef3f9b7000 rw-p 00026000 08:01 6423568                    /lib/x86_64-linux-gnu/libpng12.so.0.50.0
7fef3f9b8000-7fef3f9de000 r-xp 00000000 08:01 6422533                    /lib/x86_64-linux-gnu/libexpat.so.1.6.0
7fef3f9de000-7fef3fbdd000 ---p 00026000 08:01 6422533                    /lib/x86_64-linux-gnu/libexpat.so.1.6.0
7fef3fbdd000-7fef3fbe0000 r--p 00025000 08:01 6422533                    /lib/x86_64-linux-gnu/libexpat.so.1.6.0
7fef3fbe0000-7fef3fbe1000 rw-p 00028000 08:01 6422533                    /lib/x86_64-linux-gnu/libexpat.so.1.6.0
7fef3fbe8000-7fef3fbf8000 r-xp 00000000 08:01 1317911                    /usr/lib/x86_64-linux-gnu/libavahi-client.so.3.2.9
7fef3fbf8000-7fef3fdf7000 ---p 00010000 08:01 1317911                    /usr/lib/x86_64-linux-gnu/libavahi-client.so.3.2.9
7fef3fdf7000-7fef3fdf8000 r--p 0000f000 08:01 1317911                    /usr/lib/x86_64-linux-gnu/libavahi-client.so.3.2.9
7fef3fdf8000-7fef3fdf9000 rw-p 00010000 08:01 1317911                    /usr/lib/x86_64-linux-gnu/libavahi-client.so.3.2.9
7fef3fe00000-7fef48000000 rw-p 00000000 00:00 0 
7fef48000000-7fef48021000 rw-p 00000000 00:00 0 
7fef48021000-7fef4c000000 ---p 00000000 00:00 0 
7fef4c000000-7fef4c021000 rw-p 00000000 00:00 0 
7fef4c021000-7fef50000000 ---p 00000000 00:00 0 
7fef50000000-7fef50021000 rw-p 00000000 00:00 0 
7fef50021000-7fef54000000 ---p 00000000 00:00 0 
7fef54000000-7fef54021000 rw-p 00000000 00:00 0 
7fef54021000-7fef58000000 ---p 00000000 00:00 0 
7fef58000000-7fef58021000 rw-p 00000000 00:00 0 
7fef58021000-7fef5c000000 ---p 00000000 00:00 0 
7fef5c008000-7fef5c00a000 rw-s 00000000 08:12 33                         /tmp/.glIP8adP (deleted)
7fef5c00a000-7fef5c01d000 rw-s 7da2a000 00:05 17965                      /dev/nvidiactl
7fef5c01f000-7fef5c022000 ---p 00000000 00:00 0 
7fef5c022000-7fef5c120000 rw-p 00000000 00:00 0                          [stack:13148]
7fef5c120000-7fef5c12c000 r-xp 00000000 08:01 1317908                    /usr/lib/x86_64-linux-gnu/libavahi-common.so.3.5.3
7fef5c12c000-7fef5c32b000 ---p 0000c000 08:01 1317908                    /usr/lib/x86_64-linux-gnu/libavahi-common.so.3.5.3
7fef5c32b000-7fef5c32c000 r--p 0000b000 08:01 1317908                    /usr/lib/x86_64-linux-gnu/libavahi-common.so.3.5.3
7fef5c32c000-7fef5c32d000 rw-p 0000c000 08:01 1317908                    /usr/lib/x86_64-linux-gnu/libavahi-common.so.3.5.3
7fef5c330000-7fef5c443000 r-xp 00000000 08:01 1314044                    /usr/lib/x86_64-linux-gnu/libgnutls-deb0.so.28.41.0
7fef5c443000-7fef5c643000 ---p 00113000 08:01 1314044                    /usr/lib/x86_64-linux-gnu/libgnutls-deb0.so.28.41.0
7fef5c643000-7fef5c64c000 r--p 00113000 08:01 1314044                    /usr/lib/x86_64-linux-gnu/libgnutls-deb0.so.28.41.0
7fef5c64c000-7fef5c64e000 rw-p 0011c000 08:01 1314044                    /usr/lib/x86_64-linux-gnu/libgnutls-deb0.so.28.41.0
7fef5c64e000-7fef5c64f000 rw-p 00000000 00:00 0 
7fef5c650000-7fef5c696000 r-xp 00000000 08:01 1317167                    /usr/lib/x86_64-linux-gnu/libgssapi_krb5.so.2.2
7fef5c696000-7fef5c896000 ---p 00046000 08:01 1317167                    /usr/lib/x86_64-linux-gnu/libgssapi_krb5.so.2.2
7fef5c896000-7fef5c898000 r--p 00046000 08:01 1317167                    /usr/lib/x86_64-linux-gnu/libgssapi_krb5.so.2.2
7fef5c898000-7fef5c89a000 rw-p 00048000 08:01 1317167                    /usr/lib/x86_64-linux-gnu/libgssapi_krb5.so.2.2
7fef5c8a0000-7fef5c8c1000 r-xp 00000000 08:01 1317763                    /usr/lib/x86_64-linux-gnu/libxcb.so.1.1.0
7fef5c8c1000-7fef5cac0000 ---p 00021000 08:01 1317763                    /usr/lib/x86_64-linux-gnu/libxcb.so.1.1.0
7fef5cac0000-7fef5cac1000 r--p 00020000 08:01 1317763                    /usr/lib/x86_64-linux-gnu/libxcb.so.1.1.0
7fef5cac1000-7fef5cac2000 rw-p 00021000 08:01 1317763                    /usr/lib/x86_64-linux-gnu/libxcb.so.1.1.0
7fef5cac8000-7fef5cb6c000 r-xp 00000000 08:01 1318123                    /usr/lib/x86_64-linux-gnu/libfreetype.so.6.11.1
7fef5cb6c000-7fef5cd6b000 ---p 000a4000 08:01 1318123                    /usr/lib/x86_64-linux-gnu/libfreetype.so.6.11.1
7fef5cd6b000-7fef5cd71000 r--p 000a3000 08:01 1318123                    /usr/lib/x86_64-linux-gnu/libfreetype.so.6.11.1
7fef5cd71000-7fef5cd72000 rw-p 000a9000 08:01 1318123                    /usr/lib/x86_64-linux-gnu/libfreetype.so.6.11.1
7fef5cd78000-7fef5cdb3000 r-xp 00000000 08:01 1318125                    /usr/lib/x86_64-linux-gnu/libfontconfig.so.1.8.0
7fef5cdb3000-7fef5cfb2000 ---p 0003b000 08:01 1318125                    /usr/lib/x86_64-linux-gnu/libfontconfig.so.1.8.0
7fef5cfb2000-7fef5cfb4000 r--p 0003a000 08:01 1318125                    /usr/lib/x86_64-linux-gnu/libfontconfig.so.1.8.0
7fef5cfb4000-7fef5cfb5000 rw-p 0003c000 08:01 1318125                    /usr/lib/x86_64-linux-gnu/libfontconfig.so.1.8.0
7fef5cfb8000-7fef5d028000 r-xp 00000000 08:01 1317913                    /usr/lib/x86_64-linux-gnu/libcups.so.2
7fef5d028000-7fef5d227000 ---p 00070000 08:01 1317913                    /usr/lib/x86_64-linux-gnu/libcups.so.2
7fef5d227000-7fef5d22f000 r--p 0006f000 08:01 1317913                    /usr/lib/x86_64-linux-gnu/libcups.so.2
7fef5d22f000-7fef5d230000 rw-p 00077000 08:01 1317913                    /usr/lib/x86_64-linux-gnu/libcups.so.2
7fef5d230000-7fef5d23f000 r-xp 00000000 08:01 1318353                    /usr/lib/x86_64-linux-gnu/libXi.so.6.1.0
7fef5d23f000-7fef5d43e000 ---p 0000f000 08:01 1318353                    /usr/lib/x86_64-linux-gnu/libXi.so.6.1.0
7fef5d43e000-7fef5d43f000 r--p 0000e000 08:01 1318353                    /usr/lib/x86_64-linux-gnu/libXi.so.6.1.0
7fef5d43f000-7fef5d440000 rw-p 0000f000 08:01 1318353                    /usr/lib/x86_64-linux-gnu/libXi.so.6.1.0
7fef5d440000-7fef5d445000 r-xp 00000000 08:01 1318983                    /usr/lib/x86_64-linux-gnu/libXtst.so.6.1.0
7fef5d445000-7fef5d644000 ---p 00005000 08:01 1318983                    /usr/lib/x86_64-linux-gnu/libXtst.so.6.1.0
7fef5d644000-7fef5d645000 r--p 00004000 08:01 1318983                    /usr/lib/x86_64-linux-gnu/libXtst.so.6.1.0
7fef5d645000-7fef5d646000 rw-p 00005000 08:01 1318983                    /usr/lib/x86_64-linux-gnu/libXtst.so.6.1.0
7fef5d648000-7fef5d651000 r-xp 00000000 08:01 1317774                    /usr/lib/x86_64-linux-gnu/libXrender.so.1.3.0
7fef5d651000-7fef5d850000 ---p 00009000 08:01 1317774                    /usr/lib/x86_64-linux-gnu/libXrender.so.1.3.0
7fef5d850000-7fef5d851000 r--p 00008000 08:01 1317774                    /usr/lib/x86_64-linux-gnu/libXrender.so.1.3.0
7fef5d851000-7fef5d852000 rw-p 00009000 08:01 1317774                    /usr/lib/x86_64-linux-gnu/libXrender.so.1.3.0
7fef5d858000-7fef5d994000 r-xp 00000000 08:01 1317767                    /usr/lib/x86_64-linux-gnu/libX11.so.6.3.0
7fef5d994000-7fef5db93000 ---p 0013c000 08:01 1317767                    /usr/lib/x86_64-linux-gnu/libX11.so.6.3.0
7fef5db93000-7fef5db95000 r--p 0013b000 08:01 1317767                    /usr/lib/x86_64-linux-gnu/libX11.so.6.3.0
7fef5db95000-7fef5db9a000 rw-p 0013d000 08:01 1317767                    /usr/lib/x86_64-linux-gnu/libX11.so.6.3.0
7fef5db9a000-7fef5db9b000 rw-p 00000000 00:00 0 
7fef5dba0000-7fef5dbb1000 r-xp 00000000 08:01 1317770                    /usr/lib/x86_64-linux-gnu/libXext.so.6.4.0
7fef5dbb1000-7fef5ddb0000 ---p 00011000 08:01 1317770                    /usr/lib/x86_64-linux-gnu/libXext.so.6.4.0
7fef5ddb0000-7fef5ddb1000 r--p 00010000 08:01 1317770                    /usr/lib/x86_64-linux-gnu/libXext.so.6.4.0
7fef5ddb1000-7fef5ddb2000 rw-p 00011000 08:01 1317770                    /usr/lib/x86_64-linux-gnu/libXext.so.6.4.0
7fef5ddb9000-7fef5ddba000 rw-s a0cb1000 00:05 17965                      /dev/nvidiactl
7fef5ddbd000-7fef5ddc1000 rw-s a0d35000 00:05 17965                      /dev/nvidiactl
7fef5ddc4000-7fef5ddc5000 rw-s cfd64000 00:05 19540                      /dev/nvidia0
7fef5ddcc000-7fef5ddcd000 rw-s cfd64000 00:05 19540                      /dev/nvidia0
7fef5ddd2000-7fef5ddd3000 rw-s fd642000 00:05 19540                      /dev/nvidia0
7fef5ddd3000-7fef5ddd4000 rw-s 418c63000 00:05 17965                     /dev/nvidiactl
7fef5ddd9000-7fef5ddda000 rw-s fd641000 00:05 19540                      /dev/nvidia0
7fef5dde0000-7fef5de29000 r-xp 00000000 08:01 2235730                    /usr/lib/jvm/java-7-openjdk-amd64/jre/lib/amd64/xawt/libmawt.so
7fef5de29000-7fef5e028000 ---p 00049000 08:01 2235730                    /usr/lib/jvm/java-7-openjdk-amd64/jre/lib/amd64/xawt/libmawt.so
7fef5e028000-7fef5e029000 r--p 00048000 08:01 2235730                    /usr/lib/jvm/java-7-openjdk-amd64/jre/lib/amd64/xawt/libmawt.so
7fef5e029000-7fef5e02c000 rw-p 00049000 08:01 2235730                    /usr/lib/jvm/java-7-openjdk-amd64/jre/lib/amd64/xawt/libmawt.so
7fef5e02c000-7fef5e02d000 rw-p 00000000 00:00 0 
7fef5e030000-7fef5e0d1000 r-xp 00000000 08:01 2101931                    /usr/lib/jvm/java-7-openjdk-amd64/jre/lib/amd64/libawt.so
7fef5e0d1000-7fef5e2d0000 ---p 000a1000 08:01 2101931                    /usr/lib/jvm/java-7-openjdk-amd64/jre/lib/amd64/libawt.so
7fef5e2d0000-7fef5e2d1000 r--p 000a0000 08:01 2101931                    /usr/lib/jvm/java-7-openjdk-amd64/jre/lib/amd64/libawt.so
7fef5e2d1000-7fef5e2dc000 rw-p 000a1000 08:01 2101931                    /usr/lib/jvm/java-7-openjdk-amd64/jre/lib/amd64/libawt.so
7fef5e2dc000-7fef5e301000 rw-p 00000000 00:00 0 
7fef5e307000-7fef5e608000 rw-p 00000000 00:00 0 
7fef5e608000-7fef5e674000 r-xp 00000000 08:01 6423678                    /lib/x86_64-linux-gnu/libpcre.so.3.13.1
7fef5e674000-7fef5e874000 ---p 0006c000 08:01 6423678                    /lib/x86_64-linux-gnu/libpcre.so.3.13.1
7fef5e874000-7fef5e875000 r--p 0006c000 08:01 6423678                    /lib/x86_64-linux-gnu/libpcre.so.3.13.1
7fef5e875000-7fef5e876000 rw-p 0006d000 08:01 6423678                    /lib/x86_64-linux-gnu/libpcre.so.3.13.1
7fef5e878000-7fef5e87f000 r-xp 00000000 08:01 1315076                    /usr/lib/x86_64-linux-gnu/libffi.so.6.0.2
7fef5e87f000-7fef5ea7e000 ---p 00007000 08:01 1315076                    /usr/lib/x86_64-linux-gnu/libffi.so.6.0.2
7fef5ea7e000-7fef5ea7f000 r--p 00006000 08:01 1315076                    /usr/lib/x86_64-linux-gnu/libffi.so.6.0.2
7fef5ea7f000-7fef5ea80000 rw-p 00007000 08:01 1315076                    /usr/lib/x86_64-linux-gnu/libffi.so.6.0.2
7fef5ea80000-7fef5ea94000 r-xp 00000000 08:01 6425568                    /lib/x86_64-linux-gnu/libresolv-2.19.so
7fef5ea94000-7fef5ec93000 ---p 00014000 08:01 6425568                    /lib/x86_64-linux-gnu/libresolv-2.19.so
7fef5ec93000-7fef5ec94000 r--p 00013000 08:01 6425568                    /lib/x86_64-linux-gnu/libresolv-2.19.so
7fef5ec94000-7fef5ec95000 rw-p 00014000 08:01 6425568                    /lib/x86_64-linux-gnu/libresolv-2.19.so
7fef5ec95000-7fef5ec97000 rw-p 00000000 00:00 0 
7fef5ec98000-7fef5ecb9000 r-xp 00000000 08:01 6422627                    /lib/x86_64-linux-gnu/libselinux.so.1
7fef5ecb9000-7fef5eeb9000 ---p 00021000 08:01 6422627                    /lib/x86_64-linux-gnu/libselinux.so.1
7fef5eeb9000-7fef5eeba000 r--p 00021000 08:01 6422627                    /lib/x86_64-linux-gnu/libselinux.so.1
7fef5eeba000-7fef5eebb000 rw-p 00022000 08:01 6422627                    /lib/x86_64-linux-gnu/libselinux.so.1
7fef5eebb000-7fef5eebd000 rw-p 00000000 00:00 0 
7fef5eec0000-7fef5eec3000 r-xp 00000000 08:01 1318028                    /usr/lib/x86_64-linux-gnu/libgmodule-2.0.so.0.4200.1
7fef5eec3000-7fef5f0c2000 ---p 00003000 08:01 1318028                    /usr/lib/x86_64-linux-gnu/libgmodule-2.0.so.0.4200.1
7fef5f0c2000-7fef5f0c3000 r--p 00002000 08:01 1318028                    /usr/lib/x86_64-linux-gnu/libgmodule-2.0.so.0.4200.1
7fef5f0c3000-7fef5f0c4000 rw-p 00003000 08:01 1318028                    /usr/lib/x86_64-linux-gnu/libgmodule-2.0.so.0.4200.1
7fef5f0c8000-7fef5f1d4000 r-xp 00000000 08:01 6423013                    /lib/x86_64-linux-gnu/libglib-2.0.so.0.4200.1
7fef5f1d4000-7fef5f3d4000 ---p 0010c000 08:01 6423013                    /lib/x86_64-linux-gnu/libglib-2.0.so.0.4200.1
7fef5f3d4000-7fef5f3d5000 r--p 0010c000 08:01 6423013                    /lib/x86_64-linux-gnu/libglib-2.0.so.0.4200.1
7fef5f3d5000-7fef5f3d6000 rw-p 0010d000 08:01 6423013                    /lib/x86_64-linux-gnu/libglib-2.0.so.0.4200.1
7fef5f3d6000-7fef5f3d7000 rw-p 00000000 00:00 0 
7fef5f3d8000-7fef5f429000 r-xp 00000000 08:01 1318029                    /usr/lib/x86_64-linux-gnu/libgobject-2.0.so.0.4200.1
7fef5f429000-7fef5f628000 ---p 00051000 08:01 1318029                    /usr/lib/x86_64-linux-gnu/libgobject-2.0.so.0.4200.1
7fef5f628000-7fef5f629000 r--p 00050000 08:01 1318029                    /usr/lib/x86_64-linux-gnu/libgobject-2.0.so.0.4200.1
7fef5f629000-7fef5f62a000 rw-p 00051000 08:01 1318029                    /usr/lib/x86_64-linux-gnu/libgobject-2.0.so.0.4200.1
7fef5f630000-7fef5f7a1000 r-xp 00000000 08:01 1318031                    /usr/lib/x86_64-linux-gnu/libgio-2.0.so.0.4200.1
7fef5f7a1000-7fef5f9a1000 ---p 00171000 08:01 1318031                    /usr/lib/x86_64-linux-gnu/libgio-2.0.so.0.4200.1
7fef5f9a1000-7fef5f9a5000 r--p 00171000 08:01 1318031                    /usr/lib/x86_64-linux-gnu/libgio-2.0.so.0.4200.1
7fef5f9a5000-7fef5f9a7000 rw-p 00175000 08:01 1318031                    /usr/lib/x86_64-linux-gnu/libgio-2.0.so.0.4200.1
7fef5f9a7000-7fef5f9a9000 rw-p 00000000 00:00 0 
7fef5f9b0000-7fef5f9b1000 rw-s 41ad40000 00:05 17965                     /dev/nvidiactl
7fef5f9b8000-7fef5f9b9000 rw-s 3b2648000 00:05 17965                     /dev/nvidiactl
7fef5f9c0000-7fef5f9c1000 rw-s fd060000 00:05 19540                      /dev/nvidia0
7fef5f9c8000-7fef5f9c9000 r--p 00000000 08:01 1314157                    /usr/share/locale/en_GB/LC_MESSAGES/libc.mo
7fef5f9cb000-7fef5f9d6000 r--s 00203000 08:01 2101903                    /usr/lib/jvm/java-7-openjdk-amd64/jre/lib/charsets.jar
7fef5f9d8000-7fef5f9f0000 r-xp 00000000 08:01 2101942                    /usr/lib/jvm/java-7-openjdk-amd64/jre/lib/amd64/libnet.so
7fef5f9f0000-7fef5fbef000 ---p 00018000 08:01 2101942                    /usr/lib/jvm/java-7-openjdk-amd64/jre/lib/amd64/libnet.so
7fef5fbef000-7fef5fbf0000 r--p 00017000 08:01 2101942                    /usr/lib/jvm/java-7-openjdk-amd64/jre/lib/amd64/libnet.so
7fef5fbf0000-7fef5fbf1000 rw-p 00018000 08:01 2101942                    /usr/lib/jvm/java-7-openjdk-amd64/jre/lib/amd64/libnet.so
7fef5fbf7000-7fef5fbfa000 ---p 00000000 00:00 0 
7fef5fbfa000-7fef5fcf8000 rw-p 00000000 00:00 0                          [stack:13147]
7fef5fcf8000-7fef5fcf9000 r-xp 00000000 08:01 1573728                    /opt/intellij-idea/bin/libbreakgen64.so
7fef5fcf9000-7fef5fef8000 ---p 00001000 08:01 1573728                    /opt/intellij-idea/bin/libbreakgen64.so
7fef5fef8000-7fef5fef9000 r--p 00000000 08:01 1573728                    /opt/intellij-idea/bin/libbreakgen64.so
7fef5fef9000-7fef5fefa000 rw-p 00001000 08:01 1573728                    /opt/intellij-idea/bin/libbreakgen64.so
7fef5feff000-7fef5ff00000 ---p 00000000 00:00 0 
7fef5ff00000-7fef60000000 rw-p 00000000 00:00 0                          [stack:13146]
7fef60000000-7fef60021000 rw-p 00000000 00:00 0 
7fef60021000-7fef64000000 ---p 00000000 00:00 0 
7fef64000000-7fef64021000 rw-p 00000000 00:00 0 
7fef64021000-7fef68000000 ---p 00000000 00:00 0 
7fef68000000-7fef68021000 rw-p 00000000 00:00 0 
7fef68021000-7fef6c000000 ---p 00000000 00:00 0 
7fef6c001000-7fef6c003000 r--s 00019000 08:01 1578241                    /opt/intellij-idea/lib/idea_rt.jar
7fef6c00a000-7fef6c00b000 r--s 00002000 08:13 4850952                    /home/mart/IdeaProjects/Multiplayer World 2/libs/PNGDecoder.jar
7fef6c00f000-7fef6c012000 r--s 00017000 08:13 9045358                    /home/mart/IdeaProjects/Multiplayer World 2/libs/slick-util.jar
7fef6c017000-7fef6c01b000 r--s 00027000 08:13 9045357                    /home/mart/IdeaProjects/Multiplayer World 2/libs/lwjgl_util.jar
7fef6c01b000-7fef6c02a000 r--s 000f3000 08:13 9045342                    /home/mart/IdeaProjects/Multiplayer World 2/libs/lwjgl.jar
7fef6c02f000-7fef6c03d000 r--s 0010f000 08:01 2101969                    /usr/lib/jvm/java-7-openjdk-amd64/jre/lib/rhino.jar
7fef6c03e000-7fef6c048000 r--s 000ae000 08:01 2101899                    /usr/lib/jvm/java-7-openjdk-amd64/jre/lib/resources.jar
7fef6c048000-7fef6c049000 r--s 00000000 08:01 2101978                    /usr/lib/jvm/java-7-openjdk-amd64/jre/lib/management-agent.jar
7fef6c04e000-7fef6c053000 r--s 0004e000 08:01 2101968                    /usr/lib/jvm/java-7-openjdk-amd64/jre/lib/jsse.jar
7fef6c058000-7fef6c05a000 r--s 00018000 08:01 2101971                    /usr/lib/jvm/java-7-openjdk-amd64/jre/lib/jce.jar
7fef6c05a000-7fef6c05b000 r--s 0000a000 08:01 2101901                    /usr/lib/jvm/java-7-openjdk-amd64/jre/lib/javazic.jar
7fef6c060000-7fef6c061000 r--s 00000000 08:01 2101972                    /usr/lib/jvm/java-7-openjdk-amd64/jre/lib/compilefontconfig.jar
7fef6c063000-7fef6c06e000 r--s 00203000 08:01 2101903                    /usr/lib/jvm/java-7-openjdk-amd64/jre/lib/charsets.jar
7fef6c06f000-7fef6c072000 r--s 0000f000 08:01 2101910                    /usr/lib/jvm/java-7-openjdk-amd64/jre/lib/ext/icedtea-sound.jar
7fef6c074000-7fef6c078000 r--s 00034000 08:01 2101912                    /usr/lib/jvm/java-7-openjdk-amd64/jre/lib/ext/sunjce_provider.jar
7fef6c07e000-7fef6c080000 r--s 00006000 08:01 1841746                    /usr/share/java/java-atk-wrapper.jar
7fef6c082000-7fef6c084000 r--s 00012000 08:01 2101907                    /usr/lib/jvm/java-7-openjdk-amd64/jre/lib/ext/zipfs.jar
7fef6c085000-7fef6c089000 r--s 00085000 08:01 2101908                    /usr/lib/jvm/java-7-openjdk-amd64/jre/lib/ext/localedata.jar
7fef6c08a000-7fef6c08b000 r--s 00002000 08:01 2101909                    /usr/lib/jvm/java-7-openjdk-amd64/jre/lib/ext/dnsns.jar
7fef6c08c000-7fef6c08f000 ---p 00000000 00:00 0 
7fef6c08f000-7fef6c18d000 rw-p 00000000 00:00 0                          [stack:13145]
7fef6c18d000-7fef6c190000 ---p 00000000 00:00 0 
7fef6c190000-7fef6c28e000 rw-p 00000000 00:00 0                          [stack:13144]
7fef6c28e000-7fef6c291000 ---p 00000000 00:00 0 
7fef6c291000-7fef6c38f000 rw-p 00000000 00:00 0                          [stack:13143]
7fef6c38f000-7fef6c392000 ---p 00000000 00:00 0 
7fef6c392000-7fef6c490000 rw-p 00000000 00:00 0                          [stack:13142]
7fef6c490000-7fef6c619000 r--p 00000000 08:01 1314223                    /usr/lib/locale/locale-archive
7fef6c61a000-7fef6c61d000 ---p 00000000 00:00 0 
7fef6c61d000-7fef6c71b000 rw-p 00000000 00:00 0                          [stack:13134]
7fef6c71b000-7fef6c71e000 ---p 00000000 00:00 0 
7fef6c71e000-7fef6c81c000 rw-p 00000000 00:00 0                          [stack:13133]
7fef6c81c000-7fef6c81d000 ---p 00000000 00:00 0 
7fef6c81d000-7fef6e5aa000 rw-p 00000000 00:00 0                          [stack:13130]
7fef6e5aa000-7fef6e75c000 r--s 01d32000 08:01 2101898                    /usr/lib/jvm/java-7-openjdk-amd64/jre/lib/rt.jar
7fef6e762000-7fef6f053000 rw-p 00000000 00:00 0 
7fef6f053000-7fef6f054000 ---p 00000000 00:00 0 
7fef6f054000-7fef6f154000 rw-p 00000000 00:00 0                          [stack:13119]
7fef6f154000-7fef6f155000 ---p 00000000 00:00 0 
7fef6f155000-7fef6f255000 rw-p 00000000 00:00 0                          [stack:13117]
7fef6f255000-7fef6f256000 ---p 00000000 00:00 0 
7fef6f256000-7fef6f356000 rw-p 00000000 00:00 0                          [stack:13116]
7fef6f356000-7fef6f357000 ---p 00000000 00:00 0 
7fef6f357000-7fef6f457000 rw-p 00000000 00:00 0                          [stack:13115]
7fef6f457000-7fef6f458000 ---p 00000000 00:00 0 
7fef6f458000-7fef6f558000 rw-p 00000000 00:00 0                          [stack:13114]
7fef6f558000-7fef6f559000 ---p 00000000 00:00 0 
7fef6f559000-7fef6f659000 rw-p 00000000 00:00 0                          [stack:13113]
7fef6f659000-7fef6f65a000 ---p 00000000 00:00 0 
7fef6f65a000-7fef6f75a000 rw-p 00000000 00:00 0                          [stack:13112]
7fef6f75a000-7fef6f75b000 ---p 00000000 00:00 0 
7fef6f75b000-7fef6f8ae000 rw-p 00000000 00:00 0                          [stack:13111]
7fef6f8ae000-7fef6fd8f000 rw-p 00000000 00:00 0 
7fef6fd8f000-7fef6fd9a000 rw-p 00000000 00:00 0 
7fef6fd9a000-7fef6fde2000 rw-p 00000000 00:00 0 
7fef6fde2000-7fef6fe35000 rw-p 00000000 00:00 0 
7fef6fe35000-7fef70315000 rw-p 00000000 00:00 0 
7fef70315000-7fef7033f000 rw-p 00000000 00:00 0 
7fef7033f000-7fef705af000 rw-p 00000000 00:00 0 
7fef705af000-7fef705b0000 rw-p 00000000 00:00 0 
7fef705b0000-7fef70820000 rwxp 00000000 00:00 0 
7fef70820000-7fef735b0000 rw-p 00000000 00:00 0 
7fef735b0000-7fef735b8000 r-xp 00000000 08:01 2101919                    /usr/lib/jvm/java-7-openjdk-amd64/jre/lib/amd64/libzip.so
7fef735b8000-7fef737b7000 ---p 00008000 08:01 2101919                    /usr/lib/jvm/java-7-openjdk-amd64/jre/lib/amd64/libzip.so
7fef737b7000-7fef737b8000 r--p 00007000 08:01 2101919                    /usr/lib/jvm/java-7-openjdk-amd64/jre/lib/amd64/libzip.so
7fef737b8000-7fef737b9000 rw-p 00008000 08:01 2101919                    /usr/lib/jvm/java-7-openjdk-amd64/jre/lib/amd64/libzip.so
7fef737c0000-7fef737cb000 r-xp 00000000 08:01 6425563                    /lib/x86_64-linux-gnu/libnss_files-2.19.so
7fef737cb000-7fef739ca000 ---p 0000b000 08:01 6425563                    /lib/x86_64-linux-gnu/libnss_files-2.19.so
7fef739ca000-7fef739cb000 r--p 0000a000 08:01 6425563                    /lib/x86_64-linux-gnu/libnss_files-2.19.so
7fef739cb000-7fef739cc000 rw-p 0000b000 08:01 6425563                    /lib/x86_64-linux-gnu/libnss_files-2.19.so
7fef739d0000-7fef739da000 r-xp 00000000 08:01 6425565                    /lib/x86_64-linux-gnu/libnss_nis-2.19.so
7fef739da000-7fef73bd9000 ---p 0000a000 08:01 6425565                    /lib/x86_64-linux-gnu/libnss_nis-2.19.so
7fef73bd9000-7fef73bda000 r--p 00009000 08:01 6425565                    /lib/x86_64-linux-gnu/libnss_nis-2.19.so
7fef73bda000-7fef73bdb000 rw-p 0000a000 08:01 6425565                    /lib/x86_64-linux-gnu/libnss_nis-2.19.so
7fef73be0000-7fef73bf5000 r-xp 00000000 08:01 6425560                    /lib/x86_64-linux-gnu/libnsl-2.19.so
7fef73bf5000-7fef73df4000 ---p 00015000 08:01 6425560                    /lib/x86_64-linux-gnu/libnsl-2.19.so
7fef73df4000-7fef73df5000 r--p 00014000 08:01 6425560                    /lib/x86_64-linux-gnu/libnsl-2.19.so
7fef73df5000-7fef73df6000 rw-p 00015000 08:01 6425560                    /lib/x86_64-linux-gnu/libnsl-2.19.so
7fef73df6000-7fef73df8000 rw-p 00000000 00:00 0 
7fef73df8000-7fef73dff000 r-xp 00000000 08:01 6425561                    /lib/x86_64-linux-gnu/libnss_compat-2.19.so
7fef73dff000-7fef73ffe000 ---p 00007000 08:01 6425561                    /lib/x86_64-linux-gnu/libnss_compat-2.19.so
7fef73ffe000-7fef73fff000 r--p 00006000 08:01 6425561                    /lib/x86_64-linux-gnu/libnss_compat-2.19.so
7fef73fff000-7fef74000000 rw-p 00007000 08:01 6425561                    /lib/x86_64-linux-gnu/libnss_compat-2.19.so
7fef74000000-7fef74ac0000 rw-p 00000000 00:00 0 
7fef74ac0000-7fef78000000 ---p 00000000 00:00 0 
7fef78004000-7fef78008000 r--s 0003c000 08:01 2101911                    /usr/lib/jvm/java-7-openjdk-amd64/jre/lib/ext/sunpkcs11.jar
7fef7800b000-7fef78068000 rw-p 00000000 00:00 0 
7fef78068000-7fef780b0000 rw-p 00000000 00:00 0 
7fef780b0000-7fef780dd000 r-xp 00000000 08:01 2101951                    /usr/lib/jvm/java-7-openjdk-amd64/jre/lib/amd64/libjava.so
7fef780dd000-7fef782dc000 ---p 0002d000 08:01 2101951                    /usr/lib/jvm/java-7-openjdk-amd64/jre/lib/amd64/libjava.so
7fef782dc000-7fef782dd000 r--p 0002c000 08:01 2101951                    /usr/lib/jvm/java-7-openjdk-amd64/jre/lib/amd64/libjava.so
7fef782dd000-7fef782df000 rw-p 0002d000 08:01 2101951                    /usr/lib/jvm/java-7-openjdk-amd64/jre/lib/amd64/libjava.so
7fef782e0000-7fef782ef000 r-xp 00000000 08:01 2101914                    /usr/lib/jvm/java-7-openjdk-amd64/jre/lib/amd64/libverify.so
7fef782ef000-7fef784ee000 ---p 0000f000 08:01 2101914                    /usr/lib/jvm/java-7-openjdk-amd64/jre/lib/amd64/libverify.so
7fef784ee000-7fef784f1000 r--p 0000e000 08:01 2101914                    /usr/lib/jvm/java-7-openjdk-amd64/jre/lib/amd64/libverify.so
7fef784f1000-7fef784f2000 rw-p 00011000 08:01 2101914                    /usr/lib/jvm/java-7-openjdk-amd64/jre/lib/amd64/libverify.so
7fef784f8000-7fef784ff000 r-xp 00000000 08:01 6425569                    /lib/x86_64-linux-gnu/librt-2.19.so
7fef784ff000-7fef786fe000 ---p 00007000 08:01 6425569                    /lib/x86_64-linux-gnu/librt-2.19.so
7fef786fe000-7fef786ff000 r--p 00006000 08:01 6425569                    /lib/x86_64-linux-gnu/librt-2.19.so
7fef786ff000-7fef78700000 rw-p 00007000 08:01 6425569                    /lib/x86_64-linux-gnu/librt-2.19.so
7fef78700000-7fef78716000 r-xp 00000000 08:01 6422532                    /lib/x86_64-linux-gnu/libgcc_s.so.1
7fef78716000-7fef78915000 ---p 00016000 08:01 6422532                    /lib/x86_64-linux-gnu/libgcc_s.so.1
7fef78915000-7fef78916000 rw-p 00015000 08:01 6422532                    /lib/x86_64-linux-gnu/libgcc_s.so.1
7fef78918000-7fef78a18000 r-xp 00000000 08:01 6425558                    /lib/x86_64-linux-gnu/libm-2.19.so
7fef78a18000-7fef78c17000 ---p 00100000 08:01 6425558                    /lib/x86_64-linux-gnu/libm-2.19.so
7fef78c17000-7fef78c18000 r--p 000ff000 08:01 6425558                    /lib/x86_64-linux-gnu/libm-2.19.so
7fef78c18000-7fef78c19000 rw-p 00100000 08:01 6425558                    /lib/x86_64-linux-gnu/libm-2.19.so
7fef78c20000-7fef78d0c000 r-xp 00000000 08:01 1315446                    /usr/lib/x86_64-linux-gnu/libstdc++.so.6.0.20
7fef78d0c000-7fef78f0c000 ---p 000ec000 08:01 1315446                    /usr/lib/x86_64-linux-gnu/libstdc++.so.6.0.20
7fef78f0c000-7fef78f14000 r--p 000ec000 08:01 1315446                    /usr/lib/x86_64-linux-gnu/libstdc++.so.6.0.20
7fef78f14000-7fef78f16000 rw-p 000f4000 08:01 1315446                    /usr/lib/x86_64-linux-gnu/libstdc++.so.6.0.20
7fef78f16000-7fef78f2b000 rw-p 00000000 00:00 0 
7fef78f30000-7fef79a86000 r-xp 00000000 08:01 2101927                    /usr/lib/jvm/java-7-openjdk-amd64/jre/lib/amd64/server/libjvm.so
7fef79a86000-7fef79c86000 ---p 00b56000 08:01 2101927                    /usr/lib/jvm/java-7-openjdk-amd64/jre/lib/amd64/server/libjvm.so
7fef79c86000-7fef79d25000 r--p 00b56000 08:01 2101927                    /usr/lib/jvm/java-7-openjdk-amd64/jre/lib/amd64/server/libjvm.so
7fef79d25000-7fef79d48000 rw-p 00bf5000 08:01 2101927                    /usr/lib/jvm/java-7-openjdk-amd64/jre/lib/amd64/server/libjvm.so
7fef79d48000-7fef79d75000 rw-p 00000000 00:00 0 
7fef79d78000-7fef79d92000 r-xp 00000000 08:01 6422628                    /lib/x86_64-linux-gnu/libz.so.1.2.8
7fef79d92000-7fef79f91000 ---p 0001a000 08:01 6422628                    /lib/x86_64-linux-gnu/libz.so.1.2.8
7fef79f91000-7fef79f92000 r--p 00019000 08:01 6422628                    /lib/x86_64-linux-gnu/libz.so.1.2.8
7fef79f92000-7fef79f93000 rw-p 0001a000 08:01 6422628                    /lib/x86_64-linux-gnu/libz.so.1.2.8
7fef79f98000-7fef7a137000 r-xp 00000000 08:01 6425554                    /lib/x86_64-linux-gnu/libc-2.19.so
7fef7a137000-7fef7a337000 ---p 0019f000 08:01 6425554                    /lib/x86_64-linux-gnu/libc-2.19.so
7fef7a337000-7fef7a33b000 r--p 0019f000 08:01 6425554                    /lib/x86_64-linux-gnu/libc-2.19.so
7fef7a33b000-7fef7a33d000 rw-p 001a3000 08:01 6425554                    /lib/x86_64-linux-gnu/libc-2.19.so
7fef7a33d000-7fef7a341000 rw-p 00000000 00:00 0 
7fef7a348000-7fef7a34b000 r-xp 00000000 08:01 6425557                    /lib/x86_64-linux-gnu/libdl-2.19.so
7fef7a34b000-7fef7a54a000 ---p 00003000 08:01 6425557                    /lib/x86_64-linux-gnu/libdl-2.19.so
7fef7a54a000-7fef7a54b000 r--p 00002000 08:01 6425557                    /lib/x86_64-linux-gnu/libdl-2.19.so
7fef7a54b000-7fef7a54c000 rw-p 00003000 08:01 6425557                    /lib/x86_64-linux-gnu/libdl-2.19.so
7fef7a550000-7fef7a55d000 r-xp 00000000 08:01 2101917                    /usr/lib/jvm/java-7-openjdk-amd64/jre/lib/amd64/jli/libjli.so
7fef7a55d000-7fef7a75c000 ---p 0000d000 08:01 2101917                    /usr/lib/jvm/java-7-openjdk-amd64/jre/lib/amd64/jli/libjli.so
7fef7a75c000-7fef7a75d000 r--p 0000c000 08:01 2101917                    /usr/lib/jvm/java-7-openjdk-amd64/jre/lib/amd64/jli/libjli.so
7fef7a75d000-7fef7a75e000 rw-p 0000d000 08:01 2101917                    /usr/lib/jvm/java-7-openjdk-amd64/jre/lib/amd64/jli/libjli.so
7fef7a760000-7fef7a778000 r-xp 00000000 08:01 6425550                    /lib/x86_64-linux-gnu/libpthread-2.19.so
7fef7a778000-7fef7a977000 ---p 00018000 08:01 6425550                    /lib/x86_64-linux-gnu/libpthread-2.19.so
7fef7a977000-7fef7a978000 r--p 00017000 08:01 6425550                    /lib/x86_64-linux-gnu/libpthread-2.19.so
7fef7a978000-7fef7a979000 rw-p 00018000 08:01 6425550                    /lib/x86_64-linux-gnu/libpthread-2.19.so
7fef7a979000-7fef7a97d000 rw-p 00000000 00:00 0 
7fef7a980000-7fef7a9a0000 r-xp 00000000 08:01 6425551                    /lib/x86_64-linux-gnu/ld-2.19.so
7fef7a9a0000-7fef7a9d2000 rw-p 00000000 00:00 0 
7fef7a9d2000-7fef7aa88000 rw-p 00000000 00:00 0 
7fef7aa88000-7fef7aa90000 rw-s 00000000 08:12 3145731                    /tmp/hsperfdata_mart/13109
7fef7aa95000-7fef7aa98000 rw-p 00000000 00:00 0 
7fef7aa98000-7fef7aa99000 r--p 00000000 00:00 0 
7fef7aa99000-7fef7aa9c000 ---p 00000000 00:00 0 
7fef7aa9c000-7fef7aba0000 rw-p 00000000 00:00 0                          [stack:13110]
7fef7aba0000-7fef7aba1000 r--p 00020000 08:01 6425551                    /lib/x86_64-linux-gnu/ld-2.19.so
7fef7aba1000-7fef7aba2000 rw-p 00021000 08:01 6425551                    /lib/x86_64-linux-gnu/ld-2.19.so
7fef7aba2000-7fef7aba4000 rw-p 00000000 00:00 0 
7ffcec174000-7ffcec195000 rw-p 00000000 00:00 0                          [stack]
7ffcec198000-7ffcec19a000 r-xp 00000000 00:00 0                          [vdso]
7ffcec19a000-7ffcec19c000 r--p 00000000 00:00 0                          [vvar]
ffffffffff600000-ffffffffff601000 r-xp 00000000 00:00 0                  [vsyscall]

VM Arguments:
jvm_args: -Djava.library.path=libs/ -Didea.launcher.port=7533 -Didea.launcher.bin.path=/opt/intellij-idea/bin -Dfile.encoding=UTF-8 
java_command: com.intellij.rt.execution.application.AppMain engine.GameLoop
Launcher Type: SUN_STANDARD

Environment Variables:
PATH=/usr/local/bin:/usr/bin:/bin:/usr/local/games:/usr/games
USERNAME=mart
LD_LIBRARY_PATH=/opt/intellij-idea/bin:
SHELL=/bin/bash
DISPLAY=:0

Signal Handlers:
SIGSEGV: [libjvm.so+0x988620], sa_mask[0]=0x7ffbfeff, sa_flags=0x10000004
SIGBUS: [libjvm.so+0x988620], sa_mask[0]=0x7ffbfeff, sa_flags=0x10000004
SIGFPE: [libjvm.so+0x7f5420], sa_mask[0]=0x7ffbfeff, sa_flags=0x10000004
SIGPIPE: [libjvm.so+0x7f5420], sa_mask[0]=0x7ffbfeff, sa_flags=0x10000004
SIGXFSZ: [libjvm.so+0x7f5420], sa_mask[0]=0x7ffbfeff, sa_flags=0x10000004
SIGILL: [libjvm.so+0x7f5420], sa_mask[0]=0x7ffbfeff, sa_flags=0x10000004
SIGUSR1: SIG_DFL, sa_mask[0]=0x00000000, sa_flags=0x00000000
SIGUSR2: [libjvm.so+0x7f52a0], sa_mask[0]=0x00000004, sa_flags=0x10000004
SIGHUP: [libjvm.so+0x7f54a0], sa_mask[0]=0x7ffbfeff, sa_flags=0x10000004
SIGINT: [libjvm.so+0x7f54a0], sa_mask[0]=0x7ffbfeff, sa_flags=0x10000004
SIGTERM: [libjvm.so+0x7f54a0], sa_mask[0]=0x7ffbfeff, sa_flags=0x10000004
SIGQUIT: [libjvm.so+0x7f54a0], sa_mask[0]=0x7ffbfeff, sa_flags=0x10000004
SIGTRAP: SIG_DFL, sa_mask[0]=0x00000000, sa_flags=0x00000000


---------------  S Y S T E M  ---------------

OS:8.2

uname:Linux 3.16.0-4-amd64 #1 SMP Debian 3.16.7-ckt11-1+deb8u5 (2015-10-09) x86_64
libc:glibc 2.19 NPTL 2.19 
rlimit: STACK 8192k, CORE 0k, NPROC 63809, NOFILE 65536, AS infinity
load average:0.91 1.00 0.93

/proc/meminfo:
MemTotal:       16352924 kB
MemFree:         9149828 kB
MemAvailable:   12700896 kB
Buffers:          353140 kB
Cached:          3095484 kB
SwapCached:            0 kB
Active:          5353828 kB
Inactive:        1277752 kB
Active(anon):    3186444 kB
Inactive(anon):    21848 kB
Active(file):    2167384 kB
Inactive(file):  1255904 kB
Unevictable:          32 kB
Mlocked:              32 kB
SwapTotal:             0 kB
SwapFree:              0 kB
Dirty:             15452 kB
Writeback:             0 kB
AnonPages:       3183140 kB
Mapped:           416244 kB
Shmem:             25356 kB
Slab:             428508 kB
SReclaimable:     381196 kB
SUnreclaim:        47312 kB
KernelStack:       10992 kB
PageTables:        31948 kB
NFS_Unstable:          0 kB
Bounce:                0 kB
WritebackTmp:          0 kB
CommitLimit:     8176460 kB
Committed_AS:    8179240 kB
VmallocTotal:   34359738367 kB
VmallocUsed:      330552 kB
VmallocChunk:   34359391740 kB
HardwareCorrupted:     0 kB
AnonHugePages:         0 kB
HugePages_Total:       0
HugePages_Free:        0
HugePages_Rsvd:        0
HugePages_Surp:        0
Hugepagesize:       2048 kB
DirectMap4k:      213428 kB
DirectMap2M:    13365248 kB
DirectMap1G:     3145728 kB


CPU:total 8 (8 cores per cpu, 1 threads per core) family 21 model 2 stepping 0, cmov, cx8, fxsr, mmx, sse, sse2, sse3, ssse3, sse4.1, sse4.2, popcnt, avx, aes, mmxext, 3dnowpref, lzcnt, sse4a, tsc, tscinvbit, tscinv

/proc/cpuinfo:
processor	: 0
vendor_id	: AuthenticAMD
cpu family	: 21
model		: 2
model name	: AMD FX(tm)-8320 Eight-Core Processor
stepping	: 0
microcode	: 0x6000822
cpu MHz		: 3500.000
cache size	: 2048 KB
physical id	: 0
siblings	: 8
core id		: 0
cpu cores	: 4
apicid		: 16
initial apicid	: 0
fpu		: yes
fpu_exception	: yes
cpuid level	: 13
wp		: yes
flags		: fpu vme de pse tsc msr pae mce cx8 apic sep mtrr pge mca cmov pat pse36 clflush mmx fxsr sse sse2 ht syscall nx mmxext fxsr_opt pdpe1gb rdtscp lm constant_tsc rep_good nopl nonstop_tsc extd_apicid aperfmperf pni pclmulqdq monitor ssse3 fma cx16 sse4_1 sse4_2 popcnt aes xsave avx f16c lahf_lm cmp_legacy svm extapic cr8_legacy abm sse4a misalignsse 3dnowprefetch osvw ibs xop skinit wdt lwp fma4 tce nodeid_msr tbm topoext perfctr_core perfctr_nb arat cpb hw_pstate npt lbrv svm_lock nrip_save tsc_scale vmcb_clean flushbyasid decodeassists pausefilter pfthreshold vmmcall bmi1
bogomips	: 7000.16
TLB size	: 1536 4K pages
clflush size	: 64
cache_alignment	: 64
address sizes	: 48 bits physical, 48 bits virtual
power management: ts ttp tm 100mhzsteps hwpstate cpb eff_freq_ro

processor	: 1
vendor_id	: AuthenticAMD
cpu family	: 21
model		: 2
model name	: AMD FX(tm)-8320 Eight-Core Processor           
stepping	: 0
microcode	: 0x6000822
cpu MHz		: 2900.000
cache size	: 2048 KB
physical id	: 0
siblings	: 8
core id		: 1
cpu cores	: 4
apicid		: 17
initial apicid	: 1
fpu		: yes
fpu_exception	: yes
cpuid level	: 13
wp		: yes
flags		: fpu vme de pse tsc msr pae mce cx8 apic sep mtrr pge mca cmov pat pse36 clflush mmx fxsr sse sse2 ht syscall nx mmxext fxsr_opt pdpe1gb rdtscp lm constant_tsc rep_good nopl nonstop_tsc extd_apicid aperfmperf pni pclmulqdq monitor ssse3 fma cx16 sse4_1 sse4_2 popcnt aes xsave avx f16c lahf_lm cmp_legacy svm extapic cr8_legacy abm sse4a misalignsse 3dnowprefetch osvw ibs xop skinit wdt lwp fma4 tce nodeid_msr tbm topoext perfctr_core perfctr_nb arat cpb hw_pstate npt lbrv svm_lock nrip_save tsc_scale vmcb_clean flushbyasid decodeassists pausefilter pfthreshold vmmcall bmi1
bogomips	: 7000.16
TLB size	: 1536 4K pages
clflush size	: 64
cache_alignment	: 64
address sizes	: 48 bits physical, 48 bits virtual
power management: ts ttp tm 100mhzsteps hwpstate cpb eff_freq_ro

processor	: 2
vendor_id	: AuthenticAMD
cpu family	: 21
model		: 2
model name	: AMD FX(tm)-8320 Eight-Core Processor           
stepping	: 0
microcode	: 0x6000822
cpu MHz		: 1400.000
cache size	: 2048 KB
physical id	: 0
siblings	: 8
core id		: 2
cpu cores	: 4
apicid		: 18
initial apicid	: 2
fpu		: yes
fpu_exception	: yes
cpuid level	: 13
wp		: yes
flags		: fpu vme de pse tsc msr pae mce cx8 apic sep mtrr pge mca cmov pat pse36 clflush mmx fxsr sse sse2 ht syscall nx mmxext fxsr_opt pdpe1gb rdtscp lm constant_tsc rep_good nopl nonstop_tsc extd_apicid aperfmperf pni pclmulqdq monitor ssse3 fma cx16 sse4_1 sse4_2 popcnt aes xsave avx f16c lahf_lm cmp_legacy svm extapic cr8_legacy abm sse4a misalignsse 3dnowprefetch osvw ibs xop skinit wdt lwp fma4 tce nodeid_msr tbm topoext perfctr_core perfctr_nb arat cpb hw_pstate npt lbrv svm_lock nrip_save tsc_scale vmcb_clean flushbyasid decodeassists pausefilter pfthreshold vmmcall bmi1
bogomips	: 7000.16
TLB size	: 1536 4K pages
clflush size	: 64
cache_alignment	: 64
address sizes	: 48 bits physical, 48 bits virtual
power management: ts ttp tm 100mhzsteps hwpstate cpb eff_freq_ro

processor	: 3
vendor_id	: AuthenticAMD
cpu family	: 21
model		: 2
model name	: AMD FX(tm)-8320 Eight-Core Processor           
stepping	: 0
microcode	: 0x6000822
cpu MHz		: 1400.000
cache size	: 2048 KB
physical id	: 0
siblings	: 8
core id		: 3
cpu cores	: 4
apicid		: 19
initial apicid	: 3
fpu		: yes
fpu_exception	: yes
cpuid level	: 13
wp		: yes
flags		: fpu vme de pse tsc msr pae mce cx8 apic sep mtrr pge mca cmov pat pse36 clflush mmx fxsr sse sse2 ht syscall nx mmxext fxsr_opt pdpe1gb rdtscp lm constant_tsc rep_good nopl nonstop_tsc extd_apicid aperfmperf pni pclmulqdq monitor ssse3 fma cx16 sse4_1 sse4_2 popcnt aes xsave avx f16c lahf_lm cmp_legacy svm extapic cr8_legacy abm sse4a misalignsse 3dnowprefetch osvw ibs xop skinit wdt lwp fma4 tce nodeid_msr tbm topoext perfctr_core perfctr_nb arat cpb hw_pstate npt lbrv svm_lock nrip_save tsc_scale vmcb_clean flushbyasid decodeassists pausefilter pfthreshold vmmcall bmi1
bogomips	: 7000.16
TLB size	: 1536 4K pages
clflush size	: 64
cache_alignment	: 64
address sizes	: 48 bits physical, 48 bits virtual
power management: ts ttp tm 100mhzsteps hwpstate cpb eff_freq_ro

processor	: 4
vendor_id	: AuthenticAMD
cpu family	: 21
model		: 2
model name	: AMD FX(tm)-8320 Eight-Core Processor           
stepping	: 0
microcode	: 0x6000822
cpu MHz		: 3500.000
cache size	: 2048 KB
physical id	: 0
siblings	: 8
core id		: 4
cpu cores	: 4
apicid		: 20
initial apicid	: 4
fpu		: yes
fpu_exception	: yes
cpuid level	: 13
wp		: yes
flags		: fpu vme de pse tsc msr pae mce cx8 apic sep mtrr pge mca cmov pat pse36 clflush mmx fxsr sse sse2 ht syscall nx mmxext fxsr_opt pdpe1gb rdtscp lm constant_tsc rep_good nopl nonstop_tsc extd_apicid aperfmperf pni pclmulqdq monitor ssse3 fma cx16 sse4_1 sse4_2 popcnt aes xsave avx f16c lahf_lm cmp_legacy svm extapic cr8_legacy abm sse4a misalignsse 3dnowprefetch osvw ibs xop skinit wdt lwp fma4 tce nodeid_msr tbm topoext perfctr_core perfctr_nb arat cpb hw_pstate npt lbrv svm_lock nrip_save tsc_scale vmcb_clean flushbyasid decodeassists pausefilter pfthreshold vmmcall bmi1
bogomips	: 7000.16
TLB size	: 1536 4K pages
clflush size	: 64
cache_alignment	: 64
address sizes	: 48 bits physical, 48 bits virtual
power management: ts ttp tm 100mhzsteps hwpstate cpb eff_freq_ro

processor	: 5
vendor_id	: AuthenticAMD
cpu family	: 21
model		: 2
model name	: AMD FX(tm)-8320 Eight-Core Processor           
stepping	: 0
microcode	: 0x6000822
cpu MHz		: 3500.000
cache size	: 2048 KB
physical id	: 0
siblings	: 8
core id		: 5
cpu cores	: 4
apicid		: 21
initial apicid	: 5
fpu		: yes
fpu_exception	: yes
cpuid level	: 13
wp		: yes
flags		: fpu vme de pse tsc msr pae mce cx8 apic sep mtrr pge mca cmov pat pse36 clflush mmx fxsr sse sse2 ht syscall nx mmxext fxsr_opt pdpe1gb rdtscp lm constant_tsc rep_good nopl nonstop_tsc extd_apicid aperfmperf pni pclmulqdq monitor ssse3 fma cx16 sse4_1 sse4_2 popcnt aes xsave avx f16c lahf_lm cmp_legacy svm extapic cr8_legacy abm sse4a misalignsse 3dnowprefetch osvw ibs xop skinit wdt lwp fma4 tce nodeid_msr tbm topoext perfctr_core perfctr_nb arat cpb hw_pstate npt lbrv svm_lock nrip_save tsc_scale vmcb_clean flushbyasid decodeassists pausefilter pfthreshold vmmcall bmi1
bogomips	: 7000.16
TLB size	: 1536 4K pages
clflush size	: 64
cache_alignment	: 64
address sizes	: 48 bits physical, 48 bits virtual
power management: ts ttp tm 100mhzsteps hwpstate cpb eff_freq_ro

processor	: 6
vendor_id	: AuthenticAMD
cpu family	: 21
model		: 2
model name	: AMD FX(tm)-8320 Eight-Core Processor           
stepping	: 0
microcode	: 0x6000822
cpu MHz		: 1400.000
cache size	: 2048 KB
physical id	: 0
siblings	: 8
core id		: 6
cpu cores	: 4
apicid		: 22
initial apicid	: 6
fpu		: yes
fpu_exception	: yes
cpuid level	: 13
wp		: yes
flags		: fpu vme de pse tsc msr pae mce cx8 apic sep mtrr pge mca cmov pat pse36 clflush mmx fxsr sse sse2 ht syscall nx mmxext fxsr_opt pdpe1gb rdtscp lm constant_tsc rep_good nopl nonstop_tsc extd_apicid aperfmperf pni pclmulqdq monitor ssse3 fma cx16 sse4_1 sse4_2 popcnt aes xsave avx f16c lahf_lm cmp_legacy svm extapic cr8_legacy abm sse4a misalignsse 3dnowprefetch osvw ibs xop skinit wdt lwp fma4 tce nodeid_msr tbm topoext perfctr_core perfctr_nb arat cpb hw_pstate npt lbrv svm_lock nrip_save tsc_scale vmcb_clean flushbyasid decodeassists pausefilter pfthreshold vmmcall bmi1
bogomips	: 7000.16
TLB size	: 1536 4K pages
clflush size	: 64
cache_alignment	: 64
address sizes	: 48 bits physical, 48 bits virtual
power management: ts ttp tm 100mhzsteps hwpstate cpb eff_freq_ro

processor	: 7
vendor_id	: AuthenticAMD
cpu family	: 21
model		: 2
model name	: AMD FX(tm)-8320 Eight-Core Processor           
stepping	: 0
microcode	: 0x6000822
cpu MHz		: 1400.000
cache size	: 2048 KB
physical id	: 0
siblings	: 8
core id		: 7
cpu cores	: 4
apicid		: 23
initial apicid	: 7
fpu		: yes
fpu_exception	: yes
cpuid level	: 13
wp		: yes
flags		: fpu vme de pse tsc msr pae mce cx8 apic sep mtrr pge mca cmov pat pse36 clflush mmx fxsr sse sse2 ht syscall nx mmxext fxsr_opt pdpe1gb rdtscp lm constant_tsc rep_good nopl nonstop_tsc extd_apicid aperfmperf pni pclmulqdq monitor ssse3 fma cx16 sse4_1 sse4_2 popcnt aes xsave avx f16c lahf_lm cmp_legacy svm extapic cr8_legacy abm sse4a misalignsse 3dnowprefetch osvw ibs xop skinit wdt lwp fma4 tce nodeid_msr tbm topoext perfctr_core perfctr_nb arat cpb hw_pstate npt lbrv svm_lock nrip_save tsc_scale vmcb_clean flushbyasid decodeassists pausefilter pfthreshold vmmcall bmi1
bogomips	: 7000.16
TLB size	: 1536 4K pages
clflush size	: 64
cache_alignment	: 64
address sizes	: 48 bits physical, 48 bits virtual
power management: ts ttp tm 100mhzsteps hwpstate cpb eff_freq_ro



Memory: 4k page, physical 16352924k(9149828k free), swap 0k(0k free)

vm_info: OpenJDK 64-Bit Server VM (24.85-b03) for linux-amd64 JRE (1.7.0_85-b01), built on Oct 31 2015 21:30:47 by "jmm" with gcc 4.9.2

time: Tue Jan 10 22:30:49 2017
elapsed time: 1 seconds

