#
# A fatal error has been detected by the Java Runtime Environment:
#
#  SIGSEGV (0xb) at pc=0x0000000040d31ee3, pid=13377, tid=139776098199296
#
# JRE version: OpenJDK Runtime Environment (7.0_85-b01) (build 1.7.0_85-b01)
# Java VM: OpenJDK 64-Bit Server VM (24.85-b03 mixed mode linux-amd64 compressed oops)
# Derivative: IcedTea 2.6.1
# Distribution: Debian GNU/Linux 8.2 (jessie), package 7u85-2.6.1-6+deb8u1
# Problematic frame:
# C  0x0000000040d31ee3
#
# Failed to write core dump. Core dumps have been disabled. To enable core dumping, try "ulimit -c unlimited" before starting Java again
#
# If you would like to submit a bug report, please include
# instructions on how to reproduce the bug and visit:
#   http://icedtea.classpath.org/bugzilla
# The crash happened outside the Java Virtual Machine in native code.
# See problematic frame for where to report the bug.
#

---------------  T H R E A D  ---------------

Current thread (0x00007f202000a800):  JavaThread "main" [_thread_in_native, id=13380, stack(0x00007f20289e6000,0x00007f2028ae7000)]

siginfo:si_signo=SIGSEGV: si_errno=0, si_code=1 (SEGV_MAPERR), si_addr=0x0000000000000000

Registers:
RAX=0x00007f1ff60e5534, RBX=0x0000000041061000, RCX=0x0000000000000000, RDX=0x0000000000000066
RSP=0x00007f2028ae4fb8, RBP=0x000000003f080000, RSI=0x0000000000000000, RDI=0x0000000000000000
R8 =0x00007f2020a145b0, R9 =0x0000000120980000, R10=0x247c8b489f75caff, R11=0x0000000000000000
R12=0x0000000000000000, R13=0x0000000000000066, R14=0x0000000000000000, R15=0x00007f20205a09d0
RIP=0x0000000040d31ee3, EFLAGS=0x0000000000010246, CSGSFS=0x0000000000000033, ERR=0x0000000000000004
  TRAPNO=0x000000000000000e

Top of Stack: (sp=0x00007f2028ae4fb8)
0x00007f2028ae4fb8:   00007f1fe6bb9fc4 0000000400000000
0x00007f2028ae4fc8:   00007f2020a2e2b8 00007f202000a800
0x00007f2028ae4fd8:   00007f1fe6bba96e 00007f1ff60e5534
0x00007f2028ae4fe8:   0000000041061000 00000000410a5100
0x00007f2028ae4ff8:   0000000000000004 0000000000000000
0x00007f2028ae5008:   00007f2028ae5120 00007f202000a800
0x00007f2028ae5018:   00007f1fe67c8798 00007f2028ae5100
0x00007f2028ae5028:   00000066d908ec00 00000006fc66d858
0x00007f2028ae5038:   0000000000000000 00000006fc66d858
0x00007f2028ae5048:   00000006fc66d858 00007f2028ae50e0
0x00007f2028ae5058:   0000000000000000 00000006fc66d858
0x00007f2028ae5068:   00007f201d012758 00007f202000b738
0x00007f2028ae5078:   00007f202000b738 00007f202000b718
0x00007f2028ae5088:   00007f202000b718 00007f20fffffffe
0x00007f2028ae5098:   0000000000000000 00007f2028ae50a0
0x00007f2028ae50a8:   00000006fc66d858 00007f2028ae5120
0x00007f2028ae50b8:   00000006fc689ac8 0000000000000000
0x00007f2028ae50c8:   00000006fc66d858 0000000000000000
0x00007f2028ae50d8:   00007f2028ae5100 00007f2028ae5168
0x00007f2028ae50e8:   00007f201d006058 00000007ad55c0a8
0x00007f2028ae50f8:   00007f201d00ecd8 00007f1ff6b1e780
0x00007f2028ae5108:   00007f2028ae5168 0000000000000066
0x00007f2028ae5118:   0000000000000000 0000000000000004
0x00007f2028ae5128:   00007f2028ae5128 00000006fc66d74c
0x00007f2028ae5138:   00007f2028ae51a0 00000006fc689ac8
0x00007f2028ae5148:   0000000000000000 00000006fc66d798
0x00007f2028ae5158:   00007f2028ae5100 00007f2028ae5190
0x00007f2028ae5168:   00007f2028ae51e8 00007f201d006058
0x00007f2028ae5178:   00007f1ff6b1e780 0000000000000000
0x00007f2028ae5188:   00000007ad509f28 0000000000000066
0x00007f2028ae5198:   0000000000000000 0000000000000004
0x00007f2028ae51a8:   00007f2028ae51a8 00000006fc6cdcc3 

Instructions: (pc=0x0000000040d31ee3)
0x0000000040d31ec3:   68 04 48 be 78 1d 0b 41 00 00 00 00 48 8b 36 48
0x0000000040d31ed3:   8b b6 38 03 00 00 48 8b f9 48 c1 e7 04 48 03 f7
0x0000000040d31ee3:   8b 3e 8b 6e 04 89 78 08 89 68 0c 8b 7e 08 8b 6e
0x0000000040d31ef3:   0c 89 78 10 89 68 14 48 83 c0 18 ff c1 ff ca 75 

Register to memory mapping:

RAX=0x00007f1ff60e5534 is an unknown value
RBX=0x0000000041061000 is an unknown value
RCX=0x0000000000000000 is an unknown value
RDX=0x0000000000000066 is an unknown value
RSP=0x00007f2028ae4fb8 is pointing into the stack for thread: 0x00007f202000a800
RBP=0x000000003f080000 is an unknown value
RSI=0x0000000000000000 is an unknown value
RDI=0x0000000000000000 is an unknown value
R8 =0x00007f2020a145b0 is an unknown value
R9 =0x0000000120980000 is an unknown value
R10=0x247c8b489f75caff is an unknown value
R11=0x0000000000000000 is an unknown value
R12=0x0000000000000000 is an unknown value
R13=0x0000000000000066 is an unknown value
R14=0x0000000000000000 is an unknown value
R15=0x00007f20205a09d0 is an unknown value


Stack: [0x00007f20289e6000,0x00007f2028ae7000],  sp=0x00007f2028ae4fb8,  free space=1019k
Native frames: (J=compiled Java code, j=interpreted, Vv=VM code, C=native code)
C  0x0000000040d31ee3

[error occurred during error reporting (printing native stack), id 0xb]

Java frames: (J=compiled Java code, j=interpreted, Vv=VM code)
j  org.lwjgl.opengl.GL11.nglDrawArrays(IIIJ)V+0
j  org.lwjgl.opengl.GL11.glDrawArrays(III)V+20
j  fontRendering.FontRenderer.renderText(LfontMeshCreator/GUIText;)V+43
j  fontRendering.FontRenderer.render(Ljava/util/Map;)V+92
j  fontRendering.TextMaster.render()V+6
j  engine.GameLoop.main([Ljava/lang/String;)V+147
v  ~StubRoutines::call_stub
j  sun.reflect.NativeMethodAccessorImpl.invoke0(Ljava/lang/reflect/Method;Ljava/lang/Object;[Ljava/lang/Object;)Ljava/lang/Object;+0
j  sun.reflect.NativeMethodAccessorImpl.invoke(Ljava/lang/Object;[Ljava/lang/Object;)Ljava/lang/Object;+87
j  sun.reflect.DelegatingMethodAccessorImpl.invoke(Ljava/lang/Object;[Ljava/lang/Object;)Ljava/lang/Object;+6
j  java.lang.reflect.Method.invoke(Ljava/lang/Object;[Ljava/lang/Object;)Ljava/lang/Object;+57
j  com.intellij.rt.execution.application.AppMain.main([Ljava/lang/String;)V+170
v  ~StubRoutines::call_stub

---------------  P R O C E S S  ---------------

Java Threads: ( => current thread )
  0x00007f2020261000 JavaThread "process reaper" daemon [_thread_blocked, id=13419, stack(0x00007f20040a6000,0x00007f20040df000)]
  0x00007f202025b000 JavaThread "AWT-XAWT" daemon [_thread_in_native, id=13417, stack(0x00007f1ff7617000,0x00007f1ff7718000)]
  0x00007f202023d800 JavaThread "Java2D Disposer" daemon [_thread_blocked, id=13416, stack(0x00007f20040df000,0x00007f20041e0000)]
  0x00007f20201a9000 JavaThread "Monitor Ctrl-Break" daemon [_thread_in_native, id=13415, stack(0x00007f200db37000,0x00007f200dc38000)]
  0x00007f20200ba000 JavaThread "Service Thread" daemon [_thread_blocked, id=13413, stack(0x00007f200dfd4000,0x00007f200e0d5000)]
  0x00007f20200b7800 JavaThread "C2 CompilerThread1" daemon [_thread_in_native, id=13412, stack(0x00007f200e0d5000,0x00007f200e1d6000)]
  0x00007f20200b4800 JavaThread "C2 CompilerThread0" daemon [_thread_blocked, id=13411, stack(0x00007f200e1d6000,0x00007f200e2d7000)]
  0x00007f20200b2800 JavaThread "Signal Dispatcher" daemon [_thread_blocked, id=13410, stack(0x00007f200e2d7000,0x00007f200e3d8000)]
  0x00007f2020085000 JavaThread "Finalizer" daemon [_thread_blocked, id=13401, stack(0x00007f200e562000,0x00007f200e663000)]
  0x00007f2020083000 JavaThread "Reference Handler" daemon [_thread_blocked, id=13400, stack(0x00007f200e663000,0x00007f200e764000)]
=>0x00007f202000a800 JavaThread "main" [_thread_in_native, id=13380, stack(0x00007f20289e6000,0x00007f2028ae7000)]

Other Threads:
  0x00007f202007f000 VMThread [stack: 0x00007f200e764000,0x00007f200e865000] [id=13398]
  0x00007f20200c4800 WatcherThread [stack: 0x00007f200ded3000,0x00007f200dfd4000] [id=13414]

VM state:not at safepoint (normal execution)

VM Mutex/Monitor currently owned by a thread: None

Heap
 PSYoungGen      total 75264K, used 13094K [0x00000007acc80000, 0x00000007b2000000, 0x0000000800000000)
  eden space 65024K, 20% used [0x00000007acc80000,0x00000007ad9498d8,0x00000007b0c00000)
  from space 10240K, 0% used [0x00000007b1600000,0x00000007b1600000,0x00000007b2000000)
  to   space 10240K, 0% used [0x00000007b0c00000,0x00000007b0c00000,0x00000007b1600000)
 ParOldGen       total 169984K, used 0K [0x0000000706600000, 0x0000000710c00000, 0x00000007acc80000)
  object space 169984K, 0% used [0x0000000706600000,0x0000000706600000,0x0000000710c00000)
 PSPermGen       total 21504K, used 7826K [0x00000006fc000000, 0x00000006fd500000, 0x0000000706600000)
  object space 21504K, 36% used [0x00000006fc000000,0x00000006fc7a49e8,0x00000006fd500000)

Card table byte_map: [0x00007f2024d87000,0x00007f20255a8000] byte_map_base: 0x00007f20215a7000

Polling page: 0x00007f20289e5000

Code Cache  [0x00007f201d000000, 0x00007f201d270000, 0x00007f2020000000)
 total_blobs=476 nmethods=30 adapters=401 free_code_cache=48584Kb largest_free_block=49734784

Compilation events (10 events):
Event: 0.925 Thread 0x00007f20200b4800   27             java.lang.Math::min (11 bytes)
Event: 0.926 Thread 0x00007f20200b4800 nmethod 27 0x00007f201d0858d0 code [0x00007f201d085a00, 0x00007f201d085a38]
Event: 0.928 Thread 0x00007f20200b4800   28             java.lang.String::replace (127 bytes)
Event: 0.933 Thread 0x00007f20200b7800 nmethod 26 0x00007f201d085dd0 code [0x00007f201d085f80, 0x00007f201d086768]
Event: 0.939 Thread 0x00007f20200b4800 nmethod 28 0x00007f201d0886d0 code [0x00007f201d088820, 0x00007f201d088cb8]
Event: 1.002 Thread 0x00007f20200b7800   29   !         java.io.BufferedReader::readLine (304 bytes)
Event: 1.013 Thread 0x00007f20200b4800   30             sun.nio.cs.UTF_8$Decoder::decodeArrayLoop (543 bytes)
Event: 1.021 Thread 0x00007f20200b7800 nmethod 29 0x00007f201d08e890 code [0x00007f201d08ea60, 0x00007f201d08fa70]
Event: 1.036 Thread 0x00007f20200b4800 nmethod 30 0x00007f201d090190 code [0x00007f201d090400, 0x00007f201d090f98]
Event: 1.044 Thread 0x00007f20200b7800   31             java.lang.String::indexOf (166 bytes)

GC Heap History (0 events):
No events

Deoptimization events (2 events):
Event: 0.139 Thread 0x00007f202000a800 Uncommon trap: reason=unstable_if action=reinterpret pc=0x00007f201d0638b0 method=java.lang.String.indexOf([CII[CIII)I @ 123
Event: 0.941 Thread 0x00007f202000a800 Uncommon trap: reason=unstable_if action=reinterpret pc=0x00007f201d073aa8 method=java.lang.String.indexOf([CII[CIII)I @ 3

Internal exceptions (10 events):
Event: 1.035 Thread 0x00007f202000a800 Threw 0x00000007ad8c1c58 at /home/jmm/jdk2/openjdk-7-7u85-2.6.1/build/openjdk/hotspot/src/share/vm/prims/jvm.cpp:1322
Event: 1.036 Thread 0x00007f202000a800 Threw 0x00000007ad8c65d8 at /home/jmm/jdk2/openjdk-7-7u85-2.6.1/build/openjdk/hotspot/src/share/vm/prims/jvm.cpp:1322
Event: 1.037 Thread 0x00007f202000a800 Threw 0x00000007ad8ce350 at /home/jmm/jdk2/openjdk-7-7u85-2.6.1/build/openjdk/hotspot/src/share/vm/prims/jvm.cpp:1322
Event: 1.037 Thread 0x00007f202000a800 Threw 0x00000007ad8d2d80 at /home/jmm/jdk2/openjdk-7-7u85-2.6.1/build/openjdk/hotspot/src/share/vm/prims/jvm.cpp:1322
Event: 1.038 Thread 0x00007f202000a800 Threw 0x00000007ad8d74e8 at /home/jmm/jdk2/openjdk-7-7u85-2.6.1/build/openjdk/hotspot/src/share/vm/prims/jvm.cpp:1322
Event: 1.039 Thread 0x00007f202000a800 Threw 0x00000007ad8dad60 at /home/jmm/jdk2/openjdk-7-7u85-2.6.1/build/openjdk/hotspot/src/share/vm/prims/jvm.cpp:1322
Event: 1.041 Thread 0x00007f202000a800 Threw 0x00000007ad8e1bf0 at /home/jmm/jdk2/openjdk-7-7u85-2.6.1/build/openjdk/hotspot/src/share/vm/prims/jvm.cpp:1322
Event: 1.044 Thread 0x00007f202000a800 Threw 0x00000007ad8e9778 at /home/jmm/jdk2/openjdk-7-7u85-2.6.1/build/openjdk/hotspot/src/share/vm/prims/jvm.cpp:1322
Event: 1.044 Thread 0x00007f202000a800 Threw 0x00000007ad8ecf20 at /home/jmm/jdk2/openjdk-7-7u85-2.6.1/build/openjdk/hotspot/src/share/vm/prims/jvm.cpp:1322
Event: 1.045 Thread 0x00007f202000a800 Threw 0x00000007ad8f0800 at /home/jmm/jdk2/openjdk-7-7u85-2.6.1/build/openjdk/hotspot/src/share/vm/prims/jvm.cpp:1322

Events (10 events):
Event: 1.039 loading class 0x00007f20209b4d10
Event: 1.039 loading class 0x00007f20209b4d10 done
Event: 1.041 loading class 0x00007f2020989410
Event: 1.041 loading class 0x00007f2020989410 done
Event: 1.044 loading class 0x00007f20201a39c0
Event: 1.044 loading class 0x00007f20201a39c0 done
Event: 1.044 loading class 0x00007f20201a39f0
Event: 1.044 loading class 0x00007f20201a39f0 done
Event: 1.045 loading class 0x00007f20209824c0
Event: 1.045 loading class 0x00007f20209824c0 done


Dynamic libraries:
00400000-00401000 r-xp 00000000 08:01 2101986                            /usr/lib/jvm/java-7-openjdk-amd64/jre/bin/java
00600000-00601000 r--p 00000000 08:01 2101986                            /usr/lib/jvm/java-7-openjdk-amd64/jre/bin/java
00601000-00602000 rw-p 00001000 08:01 2101986                            /usr/lib/jvm/java-7-openjdk-amd64/jre/bin/java
01ee8000-01f09000 rw-p 00000000 00:00 0                                  [heap]
40d30000-40d32000 r-xs 00000000 08:12 33                                 /tmp/.glJHNs0h (deleted)
41061000-41100000 rw-p 00000000 00:00 0 
6fc000000-6fd500000 rw-p 00000000 00:00 0 
6fd500000-706600000 rw-p 00000000 00:00 0 
706600000-710c00000 rw-p 00000000 00:00 0 
710c00000-7acc80000 rw-p 00000000 00:00 0 
7acc80000-7b2000000 rw-p 00000000 00:00 0 
7b2000000-800000000 rw-p 00000000 00:00 0 
7f1fb0000000-7f1fb0021000 rw-p 00000000 00:00 0 
7f1fb0021000-7f1fb4000000 ---p 00000000 00:00 0 
7f1fb8000000-7f1fb8021000 rw-p 00000000 00:00 0 
7f1fb8021000-7f1fbc000000 ---p 00000000 00:00 0 
7f1fbc000000-7f1fbc021000 rw-p 00000000 00:00 0 
7f1fbc021000-7f1fc0000000 ---p 00000000 00:00 0 
7f1fc0000000-7f1fc0021000 rw-p 00000000 00:00 0 
7f1fc0021000-7f1fc4000000 ---p 00000000 00:00 0 
7f1fc4000000-7f1fc4021000 rw-p 00000000 00:00 0 
7f1fc4021000-7f1fc8000000 ---p 00000000 00:00 0 
7f1fc8000000-7f1fc81c8000 rw-p 00000000 00:00 0 
7f1fc81c8000-7f1fcc000000 ---p 00000000 00:00 0 
7f1fcc000000-7f1fcc021000 rw-p 00000000 00:00 0 
7f1fcc021000-7f1fd0000000 ---p 00000000 00:00 0 
7f1fd0000000-7f1fd0021000 rw-p 00000000 00:00 0 
7f1fd0021000-7f1fd4000000 ---p 00000000 00:00 0 
7f1fd4000000-7f1fd41b5000 rw-p 00000000 00:00 0 
7f1fd41b5000-7f1fd8000000 ---p 00000000 00:00 0 
7f1fd8000000-7f1fd8021000 rw-p 00000000 00:00 0 
7f1fd8021000-7f1fdc000000 ---p 00000000 00:00 0 
7f1fdc000000-7f1fdc021000 rw-p 00000000 00:00 0 
7f1fdc021000-7f1fe0000000 ---p 00000000 00:00 0 
7f1fe0000000-7f1fe0021000 rw-p 00000000 00:00 0 
7f1fe0021000-7f1fe4000000 ---p 00000000 00:00 0 
7f1fe5368000-7f1fe6d65000 r-xp 00000000 08:01 1339821                    /usr/lib/x86_64-linux-gnu/libnvidia-glcore.so.352.55
7f1fe6d65000-7f1fe6d85000 rwxp 019fd000 08:01 1339821                    /usr/lib/x86_64-linux-gnu/libnvidia-glcore.so.352.55
7f1fe6d85000-7f1fe704c000 r-xp 01a1d000 08:01 1339821                    /usr/lib/x86_64-linux-gnu/libnvidia-glcore.so.352.55
7f1fe704c000-7f1fe724b000 ---p 01ce4000 08:01 1339821                    /usr/lib/x86_64-linux-gnu/libnvidia-glcore.so.352.55
7f1fe724b000-7f1fe7de7000 rw-p 01ce3000 08:01 1339821                    /usr/lib/x86_64-linux-gnu/libnvidia-glcore.so.352.55
7f1fe7de7000-7f1fe7dfb000 rw-p 00000000 00:00 0 
7f1fe7e00000-7f1ff0000000 rw-p 00000000 00:00 0 
7f1ff0000000-7f1ff0021000 rw-p 00000000 00:00 0 
7f1ff0021000-7f1ff4000000 ---p 00000000 00:00 0 
7f1ff608b000-7f1ff628b000 rw-s 35bbb3000 00:05 17965                     /dev/nvidiactl
7f1ff6290000-7f1ff62a1000 r-xp 00000000 08:01 2101924                    /usr/lib/jvm/java-7-openjdk-amd64/jre/lib/amd64/libnio.so
7f1ff62a1000-7f1ff64a0000 ---p 00011000 08:01 2101924                    /usr/lib/jvm/java-7-openjdk-amd64/jre/lib/amd64/libnio.so
7f1ff64a0000-7f1ff64a1000 r--p 00010000 08:01 2101924                    /usr/lib/jvm/java-7-openjdk-amd64/jre/lib/amd64/libnio.so
7f1ff64a1000-7f1ff64a2000 rw-p 00011000 08:01 2101924                    /usr/lib/jvm/java-7-openjdk-amd64/jre/lib/amd64/libnio.so
7f1ff64a7000-7f1ff6527000 rw-s 3b260f000 00:05 17965                     /dev/nvidiactl
7f1ff6528000-7f1ff652a000 rw-s 00000000 08:12 33                         /tmp/.glJHNs0h (deleted)
7f1ff652a000-7f1ff65aa000 rw-s 35ba8a000 00:05 17965                     /dev/nvidiactl
7f1ff65b1000-7f1ff6631000 rw-s 35ba41000 00:05 17965                     /dev/nvidiactl
7f1ff6631000-7f1ff6731000 rw-s 3fe7f9000 00:05 17965                     /dev/nvidiactl
7f1ff6731000-7f1ff6744000 rw-s 33b169000 00:05 17965                     /dev/nvidiactl
7f1ff6747000-7f1ff6787000 rw-s 35bbdf000 00:05 17965                     /dev/nvidiactl
7f1ff678e000-7f1ff6842000 rw-s 42b5be000 00:05 17965                     /dev/nvidiactl
7f1ff6848000-7f1ff684b000 r-xp 00000000 08:01 1339825                    /usr/lib/x86_64-linux-gnu/tls/libnvidia-tls.so.352.55
7f1ff684b000-7f1ff6a4a000 ---p 00003000 08:01 1339825                    /usr/lib/x86_64-linux-gnu/tls/libnvidia-tls.so.352.55
7f1ff6a4a000-7f1ff6a4b000 rw-p 00002000 08:01 1339825                    /usr/lib/x86_64-linux-gnu/tls/libnvidia-tls.so.352.55
7f1ff6a50000-7f1ff6b0e000 r-xp 00000000 08:01 1339822                    /usr/lib/x86_64-linux-gnu/libGL.so.352.55
7f1ff6b0e000-7f1ff6b41000 rwxp 000be000 08:01 1339822                    /usr/lib/x86_64-linux-gnu/libGL.so.352.55
7f1ff6b41000-7f1ff6b53000 r-xp 000f1000 08:01 1339822                    /usr/lib/x86_64-linux-gnu/libGL.so.352.55
7f1ff6b53000-7f1ff6d52000 ---p 00103000 08:01 1339822                    /usr/lib/x86_64-linux-gnu/libGL.so.352.55
7f1ff6d52000-7f1ff6d7a000 rw-p 00102000 08:01 1339822                    /usr/lib/x86_64-linux-gnu/libGL.so.352.55
7f1ff6d7a000-7f1ff6d80000 rw-p 00000000 00:00 0 
7f1ff6d80000-7f1ff6d85000 r-xp 00000000 08:01 1317786                    /usr/lib/x86_64-linux-gnu/libXxf86vm.so.1.0.0
7f1ff6d85000-7f1ff6f84000 ---p 00005000 08:01 1317786                    /usr/lib/x86_64-linux-gnu/libXxf86vm.so.1.0.0
7f1ff6f84000-7f1ff6f85000 r--p 00004000 08:01 1317786                    /usr/lib/x86_64-linux-gnu/libXxf86vm.so.1.0.0
7f1ff6f85000-7f1ff6f86000 rw-p 00005000 08:01 1317786                    /usr/lib/x86_64-linux-gnu/libXxf86vm.so.1.0.0
7f1ff6f88000-7f1ff6f91000 r-xp 00000000 08:01 1317776                    /usr/lib/x86_64-linux-gnu/libXrandr.so.2.2.0
7f1ff6f91000-7f1ff7190000 ---p 00009000 08:01 1317776                    /usr/lib/x86_64-linux-gnu/libXrandr.so.2.2.0
7f1ff7190000-7f1ff7191000 r--p 00008000 08:01 1317776                    /usr/lib/x86_64-linux-gnu/libXrandr.so.2.2.0
7f1ff7191000-7f1ff7192000 rw-p 00009000 08:01 1317776                    /usr/lib/x86_64-linux-gnu/libXrandr.so.2.2.0
7f1ff7198000-7f1ff7208000 r-xp 00000000 08:13 9045172                    /home/mart/IdeaProjects/Multiplayer World 2/libs/liblwjgl64.so
7f1ff7208000-7f1ff7408000 ---p 00070000 08:13 9045172                    /home/mart/IdeaProjects/Multiplayer World 2/libs/liblwjgl64.so
7f1ff7408000-7f1ff740a000 r--p 00070000 08:13 9045172                    /home/mart/IdeaProjects/Multiplayer World 2/libs/liblwjgl64.so
7f1ff740a000-7f1ff740b000 rw-p 00072000 08:13 9045172                    /home/mart/IdeaProjects/Multiplayer World 2/libs/liblwjgl64.so
7f1ff7410000-7f1ff7411000 r-xp 00000000 08:01 2101945                    /usr/lib/jvm/java-7-openjdk-amd64/jre/lib/amd64/libjawt.so
7f1ff7411000-7f1ff7610000 ---p 00001000 08:01 2101945                    /usr/lib/jvm/java-7-openjdk-amd64/jre/lib/amd64/libjawt.so
7f1ff7610000-7f1ff7611000 r--p 00000000 08:01 2101945                    /usr/lib/jvm/java-7-openjdk-amd64/jre/lib/amd64/libjawt.so
7f1ff7611000-7f1ff7612000 rw-p 00001000 08:01 2101945                    /usr/lib/jvm/java-7-openjdk-amd64/jre/lib/amd64/libjawt.so
7f1ff7617000-7f1ff761a000 ---p 00000000 00:00 0 
7f1ff761a000-7f1ff7718000 rw-p 00000000 00:00 0                          [stack:13417]
7f1ff7718000-7f1ff771d000 r-xp 00000000 08:01 1318319                    /usr/lib/x86_64-linux-gnu/libXfixes.so.3.1.0
7f1ff771d000-7f1ff791c000 ---p 00005000 08:01 1318319                    /usr/lib/x86_64-linux-gnu/libXfixes.so.3.1.0
7f1ff791c000-7f1ff791d000 r--p 00004000 08:01 1318319                    /usr/lib/x86_64-linux-gnu/libXfixes.so.3.1.0
7f1ff791d000-7f1ff791e000 rw-p 00005000 08:01 1318319                    /usr/lib/x86_64-linux-gnu/libXfixes.so.3.1.0
7f1ff7920000-7f1ff792a000 r-xp 00000000 08:01 1318351                    /usr/lib/x86_64-linux-gnu/libXcursor.so.1.0.2
7f1ff792a000-7f1ff7b29000 ---p 0000a000 08:01 1318351                    /usr/lib/x86_64-linux-gnu/libXcursor.so.1.0.2
7f1ff7b29000-7f1ff7b2a000 r--p 00009000 08:01 1318351                    /usr/lib/x86_64-linux-gnu/libXcursor.so.1.0.2
7f1ff7b2a000-7f1ff7b2b000 rw-p 0000a000 08:01 1318351                    /usr/lib/x86_64-linux-gnu/libXcursor.so.1.0.2
7f1ff7b30000-7f1ff7b77000 r-xp 00000000 08:01 6423007                    /lib/x86_64-linux-gnu/libdbus-1.so.3.8.13
7f1ff7b77000-7f1ff7d76000 ---p 00047000 08:01 6423007                    /lib/x86_64-linux-gnu/libdbus-1.so.3.8.13
7f1ff7d76000-7f1ff7d77000 r--p 00046000 08:01 6423007                    /lib/x86_64-linux-gnu/libdbus-1.so.3.8.13
7f1ff7d77000-7f1ff7d78000 rw-p 00047000 08:01 6423007                    /lib/x86_64-linux-gnu/libdbus-1.so.3.8.13
7f1ff7d78000-7f1ff7df9000 r-xp 00000000 08:01 1315106                    /usr/lib/x86_64-linux-gnu/libgmp.so.10.2.0
7f1ff7df9000-7f1ff7ff9000 ---p 00081000 08:01 1315106                    /usr/lib/x86_64-linux-gnu/libgmp.so.10.2.0
7f1ff7ff9000-7f1ff7ffa000 r--p 00081000 08:01 1315106                    /usr/lib/x86_64-linux-gnu/libgmp.so.10.2.0
7f1ff7ffa000-7f1ff7ffb000 rw-p 00082000 08:01 1315106                    /usr/lib/x86_64-linux-gnu/libgmp.so.10.2.0
7f1ff8000000-7f1ff8021000 rw-p 00000000 00:00 0 
7f1ff8021000-7f1ffc000000 ---p 00000000 00:00 0 
7f1ffc000000-7f1ffc021000 rw-p 00000000 00:00 0 
7f1ffc021000-7f2000000000 ---p 00000000 00:00 0 
7f2000000000-7f2000021000 rw-p 00000000 00:00 0 
7f2000021000-7f2004000000 ---p 00000000 00:00 0 
7f2004008000-7f2004028000 rw-s c0260000 00:05 19540                      /dev/nvidia0
7f200402f000-7f2004030000 rw-s 3b25cf000 00:05 17965                     /dev/nvidiactl
7f2004036000-7f200403a000 rw-s 33f916000 00:05 17965                     /dev/nvidiactl
7f200403c000-7f200403d000 rw-s cfd64000 00:05 19540                      /dev/nvidia0
7f2004044000-7f2004064000 rw-s 42a364000 00:05 17965                     /dev/nvidiactl
7f2004064000-7f20040a4000 rw-s 33fbb4000 00:05 17965                     /dev/nvidiactl
7f20040a6000-7f20040a9000 ---p 00000000 00:00 0 
7f20040a9000-7f20040df000 rw-p 00000000 00:00 0                          [stack:13419]
7f20040df000-7f20040e2000 ---p 00000000 00:00 0 
7f20040e2000-7f20041e0000 rw-p 00000000 00:00 0                          [stack:13416]
7f20041e0000-7f200420e000 r-xp 00000000 08:01 1315110                    /usr/lib/x86_64-linux-gnu/libhogweed.so.2.5
7f200420e000-7f200440d000 ---p 0002e000 08:01 1315110                    /usr/lib/x86_64-linux-gnu/libhogweed.so.2.5
7f200440d000-7f200440e000 r--p 0002d000 08:01 1315110                    /usr/lib/x86_64-linux-gnu/libhogweed.so.2.5
7f200440e000-7f200440f000 rw-p 0002e000 08:01 1315110                    /usr/lib/x86_64-linux-gnu/libhogweed.so.2.5
7f2004410000-7f2004440000 r-xp 00000000 08:01 1315108                    /usr/lib/x86_64-linux-gnu/libnettle.so.4.7
7f2004440000-7f2004640000 ---p 00030000 08:01 1315108                    /usr/lib/x86_64-linux-gnu/libnettle.so.4.7
7f2004640000-7f2004641000 r--p 00030000 08:01 1315108                    /usr/lib/x86_64-linux-gnu/libnettle.so.4.7
7f2004641000-7f2004642000 rw-p 00031000 08:01 1315108                    /usr/lib/x86_64-linux-gnu/libnettle.so.4.7
7f2004648000-7f2004659000 r-xp 00000000 08:01 1315458                    /usr/lib/x86_64-linux-gnu/libtasn1.so.6.3.2
7f2004659000-7f2004859000 ---p 00011000 08:01 1315458                    /usr/lib/x86_64-linux-gnu/libtasn1.so.6.3.2
7f2004859000-7f200485b000 r--p 00011000 08:01 1315458                    /usr/lib/x86_64-linux-gnu/libtasn1.so.6.3.2
7f200485b000-7f200485c000 rw-p 00013000 08:01 1315458                    /usr/lib/x86_64-linux-gnu/libtasn1.so.6.3.2
7f2004860000-7f200489c000 r-xp 00000000 08:01 1315113                    /usr/lib/x86_64-linux-gnu/libp11-kit.so.0.0.0
7f200489c000-7f2004a9b000 ---p 0003c000 08:01 1315113                    /usr/lib/x86_64-linux-gnu/libp11-kit.so.0.0.0
7f2004a9b000-7f2004aa4000 r--p 0003b000 08:01 1315113                    /usr/lib/x86_64-linux-gnu/libp11-kit.so.0.0.0
7f2004aa4000-7f2004aa6000 rw-p 00044000 08:01 1315113                    /usr/lib/x86_64-linux-gnu/libp11-kit.so.0.0.0
7f2004aa8000-7f2004aab000 r-xp 00000000 08:01 6422538                    /lib/x86_64-linux-gnu/libkeyutils.so.1.5
7f2004aab000-7f2004caa000 ---p 00003000 08:01 6422538                    /lib/x86_64-linux-gnu/libkeyutils.so.1.5
7f2004caa000-7f2004cab000 r--p 00002000 08:01 6422538                    /lib/x86_64-linux-gnu/libkeyutils.so.1.5
7f2004cab000-7f2004cac000 rw-p 00003000 08:01 6422538                    /lib/x86_64-linux-gnu/libkeyutils.so.1.5
7f2004cb0000-7f2004cbb000 r-xp 00000000 08:01 1317160                    /usr/lib/x86_64-linux-gnu/libkrb5support.so.0.1
7f2004cbb000-7f2004eba000 ---p 0000b000 08:01 1317160                    /usr/lib/x86_64-linux-gnu/libkrb5support.so.0.1
7f2004eba000-7f2004ebb000 r--p 0000a000 08:01 1317160                    /usr/lib/x86_64-linux-gnu/libkrb5support.so.0.1
7f2004ebb000-7f2004ebc000 rw-p 0000b000 08:01 1317160                    /usr/lib/x86_64-linux-gnu/libkrb5support.so.0.1
7f2004ec0000-7f2004ec3000 r-xp 00000000 08:01 6422616                    /lib/x86_64-linux-gnu/libcom_err.so.2.1
7f2004ec3000-7f20050c2000 ---p 00003000 08:01 6422616                    /lib/x86_64-linux-gnu/libcom_err.so.2.1
7f20050c2000-7f20050c3000 r--p 00002000 08:01 6422616                    /lib/x86_64-linux-gnu/libcom_err.so.2.1
7f20050c3000-7f20050c4000 rw-p 00003000 08:01 6422616                    /lib/x86_64-linux-gnu/libcom_err.so.2.1
7f20050c8000-7f20050f6000 r-xp 00000000 08:01 1317162                    /usr/lib/x86_64-linux-gnu/libk5crypto.so.3.1
7f20050f6000-7f20052f5000 ---p 0002e000 08:01 1317162                    /usr/lib/x86_64-linux-gnu/libk5crypto.so.3.1
7f20052f5000-7f20052f7000 r--p 0002d000 08:01 1317162                    /usr/lib/x86_64-linux-gnu/libk5crypto.so.3.1
7f20052f7000-7f20052f8000 rw-p 0002f000 08:01 1317162                    /usr/lib/x86_64-linux-gnu/libk5crypto.so.3.1
7f20052f8000-7f20052f9000 rw-p 00000000 00:00 0 
7f2005300000-7f20053c4000 r-xp 00000000 08:01 1317164                    /usr/lib/x86_64-linux-gnu/libkrb5.so.3.3
7f20053c4000-7f20055c4000 ---p 000c4000 08:01 1317164                    /usr/lib/x86_64-linux-gnu/libkrb5.so.3.3
7f20055c4000-7f20055d1000 r--p 000c4000 08:01 1317164                    /usr/lib/x86_64-linux-gnu/libkrb5.so.3.3
7f20055d1000-7f20055d4000 rw-p 000d1000 08:01 1317164                    /usr/lib/x86_64-linux-gnu/libkrb5.so.3.3
7f20055d8000-7f20055dd000 r-xp 00000000 08:01 1317761                    /usr/lib/x86_64-linux-gnu/libXdmcp.so.6.0.0
7f20055dd000-7f20057dc000 ---p 00005000 08:01 1317761                    /usr/lib/x86_64-linux-gnu/libXdmcp.so.6.0.0
7f20057dc000-7f20057dd000 rw-p 00004000 08:01 1317761                    /usr/lib/x86_64-linux-gnu/libXdmcp.so.6.0.0
7f20057e0000-7f20057e3000 r-xp 00000000 08:01 1317759                    /usr/lib/x86_64-linux-gnu/libXau.so.6.0.0
7f20057e3000-7f20059e2000 ---p 00003000 08:01 1317759                    /usr/lib/x86_64-linux-gnu/libXau.so.6.0.0
7f20059e2000-7f20059e3000 r--p 00002000 08:01 1317759                    /usr/lib/x86_64-linux-gnu/libXau.so.6.0.0
7f20059e3000-7f20059e4000 rw-p 00003000 08:01 1317759                    /usr/lib/x86_64-linux-gnu/libXau.so.6.0.0
7f20059e8000-7f2005a0e000 r-xp 00000000 08:01 6423568                    /lib/x86_64-linux-gnu/libpng12.so.0.50.0
7f2005a0e000-7f2005c0d000 ---p 00026000 08:01 6423568                    /lib/x86_64-linux-gnu/libpng12.so.0.50.0
7f2005c0d000-7f2005c0e000 r--p 00025000 08:01 6423568                    /lib/x86_64-linux-gnu/libpng12.so.0.50.0
7f2005c0e000-7f2005c0f000 rw-p 00026000 08:01 6423568                    /lib/x86_64-linux-gnu/libpng12.so.0.50.0
7f2005c10000-7f2005c36000 r-xp 00000000 08:01 6422533                    /lib/x86_64-linux-gnu/libexpat.so.1.6.0
7f2005c36000-7f2005e35000 ---p 00026000 08:01 6422533                    /lib/x86_64-linux-gnu/libexpat.so.1.6.0
7f2005e35000-7f2005e38000 r--p 00025000 08:01 6422533                    /lib/x86_64-linux-gnu/libexpat.so.1.6.0
7f2005e38000-7f2005e39000 rw-p 00028000 08:01 6422533                    /lib/x86_64-linux-gnu/libexpat.so.1.6.0
7f2005e40000-7f2005e50000 r-xp 00000000 08:01 1317911                    /usr/lib/x86_64-linux-gnu/libavahi-client.so.3.2.9
7f2005e50000-7f200604f000 ---p 00010000 08:01 1317911                    /usr/lib/x86_64-linux-gnu/libavahi-client.so.3.2.9
7f200604f000-7f2006050000 r--p 0000f000 08:01 1317911                    /usr/lib/x86_64-linux-gnu/libavahi-client.so.3.2.9
7f2006050000-7f2006051000 rw-p 00010000 08:01 1317911                    /usr/lib/x86_64-linux-gnu/libavahi-client.so.3.2.9
7f2006058000-7f2006064000 r-xp 00000000 08:01 1317908                    /usr/lib/x86_64-linux-gnu/libavahi-common.so.3.5.3
7f2006064000-7f2006263000 ---p 0000c000 08:01 1317908                    /usr/lib/x86_64-linux-gnu/libavahi-common.so.3.5.3
7f2006263000-7f2006264000 r--p 0000b000 08:01 1317908                    /usr/lib/x86_64-linux-gnu/libavahi-common.so.3.5.3
7f2006264000-7f2006265000 rw-p 0000c000 08:01 1317908                    /usr/lib/x86_64-linux-gnu/libavahi-common.so.3.5.3
7f2006268000-7f200637b000 r-xp 00000000 08:01 1314044                    /usr/lib/x86_64-linux-gnu/libgnutls-deb0.so.28.41.0
7f200637b000-7f200657b000 ---p 00113000 08:01 1314044                    /usr/lib/x86_64-linux-gnu/libgnutls-deb0.so.28.41.0
7f200657b000-7f2006584000 r--p 00113000 08:01 1314044                    /usr/lib/x86_64-linux-gnu/libgnutls-deb0.so.28.41.0
7f2006584000-7f2006586000 rw-p 0011c000 08:01 1314044                    /usr/lib/x86_64-linux-gnu/libgnutls-deb0.so.28.41.0
7f2006586000-7f2006587000 rw-p 00000000 00:00 0 
7f2006588000-7f20065ce000 r-xp 00000000 08:01 1317167                    /usr/lib/x86_64-linux-gnu/libgssapi_krb5.so.2.2
7f20065ce000-7f20067ce000 ---p 00046000 08:01 1317167                    /usr/lib/x86_64-linux-gnu/libgssapi_krb5.so.2.2
7f20067ce000-7f20067d0000 r--p 00046000 08:01 1317167                    /usr/lib/x86_64-linux-gnu/libgssapi_krb5.so.2.2
7f20067d0000-7f20067d2000 rw-p 00048000 08:01 1317167                    /usr/lib/x86_64-linux-gnu/libgssapi_krb5.so.2.2
7f20067d8000-7f20067f9000 r-xp 00000000 08:01 1317763                    /usr/lib/x86_64-linux-gnu/libxcb.so.1.1.0
7f20067f9000-7f20069f8000 ---p 00021000 08:01 1317763                    /usr/lib/x86_64-linux-gnu/libxcb.so.1.1.0
7f20069f8000-7f20069f9000 r--p 00020000 08:01 1317763                    /usr/lib/x86_64-linux-gnu/libxcb.so.1.1.0
7f20069f9000-7f20069fa000 rw-p 00021000 08:01 1317763                    /usr/lib/x86_64-linux-gnu/libxcb.so.1.1.0
7f2006a00000-7f2006aa4000 r-xp 00000000 08:01 1318123                    /usr/lib/x86_64-linux-gnu/libfreetype.so.6.11.1
7f2006aa4000-7f2006ca3000 ---p 000a4000 08:01 1318123                    /usr/lib/x86_64-linux-gnu/libfreetype.so.6.11.1
7f2006ca3000-7f2006ca9000 r--p 000a3000 08:01 1318123                    /usr/lib/x86_64-linux-gnu/libfreetype.so.6.11.1
7f2006ca9000-7f2006caa000 rw-p 000a9000 08:01 1318123                    /usr/lib/x86_64-linux-gnu/libfreetype.so.6.11.1
7f2006cb0000-7f2006ceb000 r-xp 00000000 08:01 1318125                    /usr/lib/x86_64-linux-gnu/libfontconfig.so.1.8.0
7f2006ceb000-7f2006eea000 ---p 0003b000 08:01 1318125                    /usr/lib/x86_64-linux-gnu/libfontconfig.so.1.8.0
7f2006eea000-7f2006eec000 r--p 0003a000 08:01 1318125                    /usr/lib/x86_64-linux-gnu/libfontconfig.so.1.8.0
7f2006eec000-7f2006eed000 rw-p 0003c000 08:01 1318125                    /usr/lib/x86_64-linux-gnu/libfontconfig.so.1.8.0
7f2006ef0000-7f2006f60000 r-xp 00000000 08:01 1317913                    /usr/lib/x86_64-linux-gnu/libcups.so.2
7f2006f60000-7f200715f000 ---p 00070000 08:01 1317913                    /usr/lib/x86_64-linux-gnu/libcups.so.2
7f200715f000-7f2007167000 r--p 0006f000 08:01 1317913                    /usr/lib/x86_64-linux-gnu/libcups.so.2
7f2007167000-7f2007168000 rw-p 00077000 08:01 1317913                    /usr/lib/x86_64-linux-gnu/libcups.so.2
7f2007168000-7f2007177000 r-xp 00000000 08:01 1318353                    /usr/lib/x86_64-linux-gnu/libXi.so.6.1.0
7f2007177000-7f2007376000 ---p 0000f000 08:01 1318353                    /usr/lib/x86_64-linux-gnu/libXi.so.6.1.0
7f2007376000-7f2007377000 r--p 0000e000 08:01 1318353                    /usr/lib/x86_64-linux-gnu/libXi.so.6.1.0
7f2007377000-7f2007378000 rw-p 0000f000 08:01 1318353                    /usr/lib/x86_64-linux-gnu/libXi.so.6.1.0
7f2007378000-7f200737d000 r-xp 00000000 08:01 1318983                    /usr/lib/x86_64-linux-gnu/libXtst.so.6.1.0
7f200737d000-7f200757c000 ---p 00005000 08:01 1318983                    /usr/lib/x86_64-linux-gnu/libXtst.so.6.1.0
7f200757c000-7f200757d000 r--p 00004000 08:01 1318983                    /usr/lib/x86_64-linux-gnu/libXtst.so.6.1.0
7f200757d000-7f200757e000 rw-p 00005000 08:01 1318983                    /usr/lib/x86_64-linux-gnu/libXtst.so.6.1.0
7f2007580000-7f2007589000 r-xp 00000000 08:01 1317774                    /usr/lib/x86_64-linux-gnu/libXrender.so.1.3.0
7f2007589000-7f2007788000 ---p 00009000 08:01 1317774                    /usr/lib/x86_64-linux-gnu/libXrender.so.1.3.0
7f2007788000-7f2007789000 r--p 00008000 08:01 1317774                    /usr/lib/x86_64-linux-gnu/libXrender.so.1.3.0
7f2007789000-7f200778a000 rw-p 00009000 08:01 1317774                    /usr/lib/x86_64-linux-gnu/libXrender.so.1.3.0
7f2007790000-7f20078cc000 r-xp 00000000 08:01 1317767                    /usr/lib/x86_64-linux-gnu/libX11.so.6.3.0
7f20078cc000-7f2007acb000 ---p 0013c000 08:01 1317767                    /usr/lib/x86_64-linux-gnu/libX11.so.6.3.0
7f2007acb000-7f2007acd000 r--p 0013b000 08:01 1317767                    /usr/lib/x86_64-linux-gnu/libX11.so.6.3.0
7f2007acd000-7f2007ad2000 rw-p 0013d000 08:01 1317767                    /usr/lib/x86_64-linux-gnu/libX11.so.6.3.0
7f2007ad2000-7f2007ad3000 rw-p 00000000 00:00 0 
7f2007ad8000-7f2007b21000 r-xp 00000000 08:01 2235730                    /usr/lib/jvm/java-7-openjdk-amd64/jre/lib/amd64/xawt/libmawt.so
7f2007b21000-7f2007d20000 ---p 00049000 08:01 2235730                    /usr/lib/jvm/java-7-openjdk-amd64/jre/lib/amd64/xawt/libmawt.so
7f2007d20000-7f2007d21000 r--p 00048000 08:01 2235730                    /usr/lib/jvm/java-7-openjdk-amd64/jre/lib/amd64/xawt/libmawt.so
7f2007d21000-7f2007d24000 rw-p 00049000 08:01 2235730                    /usr/lib/jvm/java-7-openjdk-amd64/jre/lib/amd64/xawt/libmawt.so
7f2007d24000-7f2007d25000 rw-p 00000000 00:00 0 
7f2007d28000-7f2007dc9000 r-xp 00000000 08:01 2101931                    /usr/lib/jvm/java-7-openjdk-amd64/jre/lib/amd64/libawt.so
7f2007dc9000-7f2007fc8000 ---p 000a1000 08:01 2101931                    /usr/lib/jvm/java-7-openjdk-amd64/jre/lib/amd64/libawt.so
7f2007fc8000-7f2007fc9000 r--p 000a0000 08:01 2101931                    /usr/lib/jvm/java-7-openjdk-amd64/jre/lib/amd64/libawt.so
7f2007fc9000-7f2007fd4000 rw-p 000a1000 08:01 2101931                    /usr/lib/jvm/java-7-openjdk-amd64/jre/lib/amd64/libawt.so
7f2007fd4000-7f2007ff9000 rw-p 00000000 00:00 0 
7f2008000000-7f2008021000 rw-p 00000000 00:00 0 
7f2008021000-7f200c000000 ---p 00000000 00:00 0 
7f200c004000-7f200c005000 rw-s cfd64000 00:05 19540                      /dev/nvidia0
7f200c008000-7f200c019000 r-xp 00000000 08:01 1317770                    /usr/lib/x86_64-linux-gnu/libXext.so.6.4.0
7f200c019000-7f200c218000 ---p 00011000 08:01 1317770                    /usr/lib/x86_64-linux-gnu/libXext.so.6.4.0
7f200c218000-7f200c219000 r--p 00010000 08:01 1317770                    /usr/lib/x86_64-linux-gnu/libXext.so.6.4.0
7f200c219000-7f200c21a000 rw-p 00011000 08:01 1317770                    /usr/lib/x86_64-linux-gnu/libXext.so.6.4.0
7f200c21b000-7f200c23b000 rw-s 42e3d3000 00:05 17965                     /dev/nvidiactl
7f200c242000-7f200c243000 rw-s fd642000 00:05 19540                      /dev/nvidia0
7f200c247000-7f200c548000 rw-p 00000000 00:00 0 
7f200c548000-7f200c5b4000 r-xp 00000000 08:01 6423678                    /lib/x86_64-linux-gnu/libpcre.so.3.13.1
7f200c5b4000-7f200c7b4000 ---p 0006c000 08:01 6423678                    /lib/x86_64-linux-gnu/libpcre.so.3.13.1
7f200c7b4000-7f200c7b5000 r--p 0006c000 08:01 6423678                    /lib/x86_64-linux-gnu/libpcre.so.3.13.1
7f200c7b5000-7f200c7b6000 rw-p 0006d000 08:01 6423678                    /lib/x86_64-linux-gnu/libpcre.so.3.13.1
7f200c7b8000-7f200c7bf000 r-xp 00000000 08:01 1315076                    /usr/lib/x86_64-linux-gnu/libffi.so.6.0.2
7f200c7bf000-7f200c9be000 ---p 00007000 08:01 1315076                    /usr/lib/x86_64-linux-gnu/libffi.so.6.0.2
7f200c9be000-7f200c9bf000 r--p 00006000 08:01 1315076                    /usr/lib/x86_64-linux-gnu/libffi.so.6.0.2
7f200c9bf000-7f200c9c0000 rw-p 00007000 08:01 1315076                    /usr/lib/x86_64-linux-gnu/libffi.so.6.0.2
7f200c9c0000-7f200c9d4000 r-xp 00000000 08:01 6425568                    /lib/x86_64-linux-gnu/libresolv-2.19.so
7f200c9d4000-7f200cbd3000 ---p 00014000 08:01 6425568                    /lib/x86_64-linux-gnu/libresolv-2.19.so
7f200cbd3000-7f200cbd4000 r--p 00013000 08:01 6425568                    /lib/x86_64-linux-gnu/libresolv-2.19.so
7f200cbd4000-7f200cbd5000 rw-p 00014000 08:01 6425568                    /lib/x86_64-linux-gnu/libresolv-2.19.so
7f200cbd5000-7f200cbd7000 rw-p 00000000 00:00 0 
7f200cbd8000-7f200cbf9000 r-xp 00000000 08:01 6422627                    /lib/x86_64-linux-gnu/libselinux.so.1
7f200cbf9000-7f200cdf9000 ---p 00021000 08:01 6422627                    /lib/x86_64-linux-gnu/libselinux.so.1
7f200cdf9000-7f200cdfa000 r--p 00021000 08:01 6422627                    /lib/x86_64-linux-gnu/libselinux.so.1
7f200cdfa000-7f200cdfb000 rw-p 00022000 08:01 6422627                    /lib/x86_64-linux-gnu/libselinux.so.1
7f200cdfb000-7f200cdfd000 rw-p 00000000 00:00 0 
7f200ce00000-7f200ce03000 r-xp 00000000 08:01 1318028                    /usr/lib/x86_64-linux-gnu/libgmodule-2.0.so.0.4200.1
7f200ce03000-7f200d002000 ---p 00003000 08:01 1318028                    /usr/lib/x86_64-linux-gnu/libgmodule-2.0.so.0.4200.1
7f200d002000-7f200d003000 r--p 00002000 08:01 1318028                    /usr/lib/x86_64-linux-gnu/libgmodule-2.0.so.0.4200.1
7f200d003000-7f200d004000 rw-p 00003000 08:01 1318028                    /usr/lib/x86_64-linux-gnu/libgmodule-2.0.so.0.4200.1
7f200d008000-7f200d114000 r-xp 00000000 08:01 6423013                    /lib/x86_64-linux-gnu/libglib-2.0.so.0.4200.1
7f200d114000-7f200d314000 ---p 0010c000 08:01 6423013                    /lib/x86_64-linux-gnu/libglib-2.0.so.0.4200.1
7f200d314000-7f200d315000 r--p 0010c000 08:01 6423013                    /lib/x86_64-linux-gnu/libglib-2.0.so.0.4200.1
7f200d315000-7f200d316000 rw-p 0010d000 08:01 6423013                    /lib/x86_64-linux-gnu/libglib-2.0.so.0.4200.1
7f200d316000-7f200d317000 rw-p 00000000 00:00 0 
7f200d318000-7f200d369000 r-xp 00000000 08:01 1318029                    /usr/lib/x86_64-linux-gnu/libgobject-2.0.so.0.4200.1
7f200d369000-7f200d568000 ---p 00051000 08:01 1318029                    /usr/lib/x86_64-linux-gnu/libgobject-2.0.so.0.4200.1
7f200d568000-7f200d569000 r--p 00050000 08:01 1318029                    /usr/lib/x86_64-linux-gnu/libgobject-2.0.so.0.4200.1
7f200d569000-7f200d56a000 rw-p 00051000 08:01 1318029                    /usr/lib/x86_64-linux-gnu/libgobject-2.0.so.0.4200.1
7f200d570000-7f200d6e1000 r-xp 00000000 08:01 1318031                    /usr/lib/x86_64-linux-gnu/libgio-2.0.so.0.4200.1
7f200d6e1000-7f200d8e1000 ---p 00171000 08:01 1318031                    /usr/lib/x86_64-linux-gnu/libgio-2.0.so.0.4200.1
7f200d8e1000-7f200d8e5000 r--p 00171000 08:01 1318031                    /usr/lib/x86_64-linux-gnu/libgio-2.0.so.0.4200.1
7f200d8e5000-7f200d8e7000 rw-p 00175000 08:01 1318031                    /usr/lib/x86_64-linux-gnu/libgio-2.0.so.0.4200.1
7f200d8e7000-7f200d8e9000 rw-p 00000000 00:00 0 
7f200d8eb000-7f200d8ec000 rw-s 418c63000 00:05 17965                     /dev/nvidiactl
7f200d8f1000-7f200d8f2000 rw-s fd641000 00:05 19540                      /dev/nvidia0
7f200d8f8000-7f200d8f9000 rw-s 41ad40000 00:05 17965                     /dev/nvidiactl
7f200d8fc000-7f200d8fd000 rw-s 3b274c000 00:05 17965                     /dev/nvidiactl
7f200d900000-7f200d901000 rw-s fd060000 00:05 19540                      /dev/nvidia0
7f200d908000-7f200d909000 r--p 00000000 08:01 1314157                    /usr/share/locale/en_GB/LC_MESSAGES/libc.mo
7f200d90b000-7f200d916000 r--s 00203000 08:01 2101903                    /usr/lib/jvm/java-7-openjdk-amd64/jre/lib/charsets.jar
7f200d918000-7f200d930000 r-xp 00000000 08:01 2101942                    /usr/lib/jvm/java-7-openjdk-amd64/jre/lib/amd64/libnet.so
7f200d930000-7f200db2f000 ---p 00018000 08:01 2101942                    /usr/lib/jvm/java-7-openjdk-amd64/jre/lib/amd64/libnet.so
7f200db2f000-7f200db30000 r--p 00017000 08:01 2101942                    /usr/lib/jvm/java-7-openjdk-amd64/jre/lib/amd64/libnet.so
7f200db30000-7f200db31000 rw-p 00018000 08:01 2101942                    /usr/lib/jvm/java-7-openjdk-amd64/jre/lib/amd64/libnet.so
7f200db37000-7f200db3a000 ---p 00000000 00:00 0 
7f200db3a000-7f200dc38000 rw-p 00000000 00:00 0                          [stack:13415]
7f200dc38000-7f200dc39000 r-xp 00000000 08:01 1573728                    /opt/intellij-idea/bin/libbreakgen64.so
7f200dc39000-7f200de38000 ---p 00001000 08:01 1573728                    /opt/intellij-idea/bin/libbreakgen64.so
7f200de38000-7f200de39000 r--p 00000000 08:01 1573728                    /opt/intellij-idea/bin/libbreakgen64.so
7f200de39000-7f200de3a000 rw-p 00001000 08:01 1573728                    /opt/intellij-idea/bin/libbreakgen64.so
7f200de41000-7f200de43000 r--s 00019000 08:01 1578241                    /opt/intellij-idea/lib/idea_rt.jar
7f200de4a000-7f200de4b000 r--s 00002000 08:13 4850952                    /home/mart/IdeaProjects/Multiplayer World 2/libs/PNGDecoder.jar
7f200de4f000-7f200de52000 r--s 00017000 08:13 9045358                    /home/mart/IdeaProjects/Multiplayer World 2/libs/slick-util.jar
7f200de57000-7f200de5b000 r--s 00027000 08:13 9045357                    /home/mart/IdeaProjects/Multiplayer World 2/libs/lwjgl_util.jar
7f200de5b000-7f200de6a000 r--s 000f3000 08:13 9045342                    /home/mart/IdeaProjects/Multiplayer World 2/libs/lwjgl.jar
7f200de6f000-7f200de7d000 r--s 0010f000 08:01 2101969                    /usr/lib/jvm/java-7-openjdk-amd64/jre/lib/rhino.jar
7f200de7e000-7f200de88000 r--s 000ae000 08:01 2101899                    /usr/lib/jvm/java-7-openjdk-amd64/jre/lib/resources.jar
7f200de88000-7f200de89000 r--s 00000000 08:01 2101978                    /usr/lib/jvm/java-7-openjdk-amd64/jre/lib/management-agent.jar
7f200de8e000-7f200de93000 r--s 0004e000 08:01 2101968                    /usr/lib/jvm/java-7-openjdk-amd64/jre/lib/jsse.jar
7f200de98000-7f200de9a000 r--s 00018000 08:01 2101971                    /usr/lib/jvm/java-7-openjdk-amd64/jre/lib/jce.jar
7f200de9a000-7f200de9b000 r--s 0000a000 08:01 2101901                    /usr/lib/jvm/java-7-openjdk-amd64/jre/lib/javazic.jar
7f200dea0000-7f200dea1000 r--s 00000000 08:01 2101972                    /usr/lib/jvm/java-7-openjdk-amd64/jre/lib/compilefontconfig.jar
7f200dea3000-7f200deae000 r--s 00203000 08:01 2101903                    /usr/lib/jvm/java-7-openjdk-amd64/jre/lib/charsets.jar
7f200deaf000-7f200deb2000 r--s 0000f000 08:01 2101910                    /usr/lib/jvm/java-7-openjdk-amd64/jre/lib/ext/icedtea-sound.jar
7f200deb4000-7f200deb8000 r--s 00034000 08:01 2101912                    /usr/lib/jvm/java-7-openjdk-amd64/jre/lib/ext/sunjce_provider.jar
7f200debe000-7f200dec0000 r--s 00006000 08:01 1841746                    /usr/share/java/java-atk-wrapper.jar
7f200dec5000-7f200dec9000 r--s 00085000 08:01 2101908                    /usr/lib/jvm/java-7-openjdk-amd64/jre/lib/ext/localedata.jar
7f200decc000-7f200ded0000 r--s 0003c000 08:01 2101911                    /usr/lib/jvm/java-7-openjdk-amd64/jre/lib/ext/sunpkcs11.jar
7f200ded3000-7f200ded4000 ---p 00000000 00:00 0 
7f200ded4000-7f200dfd4000 rw-p 00000000 00:00 0                          [stack:13414]
7f200dfd4000-7f200dfd7000 ---p 00000000 00:00 0 
7f200dfd7000-7f200e0d5000 rw-p 00000000 00:00 0                          [stack:13413]
7f200e0d5000-7f200e0d8000 ---p 00000000 00:00 0 
7f200e0d8000-7f200e1d6000 rw-p 00000000 00:00 0                          [stack:13412]
7f200e1d6000-7f200e1d9000 ---p 00000000 00:00 0 
7f200e1d9000-7f200e2d7000 rw-p 00000000 00:00 0                          [stack:13411]
7f200e2d7000-7f200e2da000 ---p 00000000 00:00 0 
7f200e2da000-7f200e3d8000 rw-p 00000000 00:00 0                          [stack:13410]
7f200e3d8000-7f200e561000 r--p 00000000 08:01 1314223                    /usr/lib/locale/locale-archive
7f200e562000-7f200e565000 ---p 00000000 00:00 0 
7f200e565000-7f200e663000 rw-p 00000000 00:00 0                          [stack:13401]
7f200e663000-7f200e666000 ---p 00000000 00:00 0 
7f200e666000-7f200e764000 rw-p 00000000 00:00 0                          [stack:13400]
7f200e764000-7f200e765000 ---p 00000000 00:00 0 
7f200e765000-7f2010000000 rw-p 00000000 00:00 0                          [stack:13398]
7f2010000000-7f2010021000 rw-p 00000000 00:00 0 
7f2010021000-7f2014000000 ---p 00000000 00:00 0 
7f2014000000-7f2014021000 rw-p 00000000 00:00 0 
7f2014021000-7f2018000000 ---p 00000000 00:00 0 
7f2018000000-7f2018021000 rw-p 00000000 00:00 0 
7f2018021000-7f201c000000 ---p 00000000 00:00 0 
7f201c002000-7f201c004000 r--s 00012000 08:01 2101907                    /usr/lib/jvm/java-7-openjdk-amd64/jre/lib/ext/zipfs.jar
7f201c009000-7f201c4b2000 rw-p 00000000 00:00 0 
7f201c4b2000-7f201c664000 r--s 01d32000 08:01 2101898                    /usr/lib/jvm/java-7-openjdk-amd64/jre/lib/rt.jar
7f201c669000-7f201ceff000 rw-p 00000000 00:00 0 
7f201ceff000-7f201cf00000 ---p 00000000 00:00 0 
7f201cf00000-7f201d000000 rw-p 00000000 00:00 0                          [stack:13388]
7f201d000000-7f201d270000 rwxp 00000000 00:00 0 
7f201d270000-7f2020a9f000 rw-p 00000000 00:00 0 
7f2020a9f000-7f2024000000 ---p 00000000 00:00 0 
7f2024003000-7f20240f9000 rw-p 00000000 00:00 0 
7f20240f9000-7f20240fa000 ---p 00000000 00:00 0 
7f20240fa000-7f20241fa000 rw-p 00000000 00:00 0                          [stack:13387]
7f20241fa000-7f20241fb000 ---p 00000000 00:00 0 
7f20241fb000-7f20242fb000 rw-p 00000000 00:00 0                          [stack:13386]
7f20242fb000-7f20242fc000 ---p 00000000 00:00 0 
7f20242fc000-7f20243fc000 rw-p 00000000 00:00 0                          [stack:13385]
7f20243fc000-7f20243fd000 ---p 00000000 00:00 0 
7f20243fd000-7f20244fd000 rw-p 00000000 00:00 0                          [stack:13384]
7f20244fd000-7f20244fe000 ---p 00000000 00:00 0 
7f20244fe000-7f20245fe000 rw-p 00000000 00:00 0                          [stack:13383]
7f20245fe000-7f20245ff000 ---p 00000000 00:00 0 
7f20245ff000-7f20246ff000 rw-p 00000000 00:00 0                          [stack:13382]
7f20246ff000-7f2024700000 ---p 00000000 00:00 0 
7f2024700000-7f202480b000 rw-p 00000000 00:00 0                          [stack:13381]
7f202480b000-7f2024853000 rw-p 00000000 00:00 0 
7f2024853000-7f20248a6000 rw-p 00000000 00:00 0 
7f20248a6000-7f2024d87000 rw-p 00000000 00:00 0 
7f2024d87000-7f2024d92000 rw-p 00000000 00:00 0 
7f2024d92000-7f2024dda000 rw-p 00000000 00:00 0 
7f2024dda000-7f2024e2d000 rw-p 00000000 00:00 0 
7f2024e2d000-7f202530d000 rw-p 00000000 00:00 0 
7f202530d000-7f2025337000 rw-p 00000000 00:00 0 
7f2025337000-7f20255a7000 rw-p 00000000 00:00 0 
7f20255a7000-7f20255a8000 rw-p 00000000 00:00 0 
7f20255a8000-7f20255b0000 r-xp 00000000 08:01 2101919                    /usr/lib/jvm/java-7-openjdk-amd64/jre/lib/amd64/libzip.so
7f20255b0000-7f20257af000 ---p 00008000 08:01 2101919                    /usr/lib/jvm/java-7-openjdk-amd64/jre/lib/amd64/libzip.so
7f20257af000-7f20257b0000 r--p 00007000 08:01 2101919                    /usr/lib/jvm/java-7-openjdk-amd64/jre/lib/amd64/libzip.so
7f20257b0000-7f20257b1000 rw-p 00008000 08:01 2101919                    /usr/lib/jvm/java-7-openjdk-amd64/jre/lib/amd64/libzip.so
7f20257b8000-7f20257c3000 r-xp 00000000 08:01 6425563                    /lib/x86_64-linux-gnu/libnss_files-2.19.so
7f20257c3000-7f20259c2000 ---p 0000b000 08:01 6425563                    /lib/x86_64-linux-gnu/libnss_files-2.19.so
7f20259c2000-7f20259c3000 r--p 0000a000 08:01 6425563                    /lib/x86_64-linux-gnu/libnss_files-2.19.so
7f20259c3000-7f20259c4000 rw-p 0000b000 08:01 6425563                    /lib/x86_64-linux-gnu/libnss_files-2.19.so
7f20259c8000-7f20259d2000 r-xp 00000000 08:01 6425565                    /lib/x86_64-linux-gnu/libnss_nis-2.19.so
7f20259d2000-7f2025bd1000 ---p 0000a000 08:01 6425565                    /lib/x86_64-linux-gnu/libnss_nis-2.19.so
7f2025bd1000-7f2025bd2000 r--p 00009000 08:01 6425565                    /lib/x86_64-linux-gnu/libnss_nis-2.19.so
7f2025bd2000-7f2025bd3000 rw-p 0000a000 08:01 6425565                    /lib/x86_64-linux-gnu/libnss_nis-2.19.so
7f2025bd8000-7f2025bed000 r-xp 00000000 08:01 6425560                    /lib/x86_64-linux-gnu/libnsl-2.19.so
7f2025bed000-7f2025dec000 ---p 00015000 08:01 6425560                    /lib/x86_64-linux-gnu/libnsl-2.19.so
7f2025dec000-7f2025ded000 r--p 00014000 08:01 6425560                    /lib/x86_64-linux-gnu/libnsl-2.19.so
7f2025ded000-7f2025dee000 rw-p 00015000 08:01 6425560                    /lib/x86_64-linux-gnu/libnsl-2.19.so
7f2025dee000-7f2025df0000 rw-p 00000000 00:00 0 
7f2025df0000-7f2025df7000 r-xp 00000000 08:01 6425561                    /lib/x86_64-linux-gnu/libnss_compat-2.19.so
7f2025df7000-7f2025ff6000 ---p 00007000 08:01 6425561                    /lib/x86_64-linux-gnu/libnss_compat-2.19.so
7f2025ff6000-7f2025ff7000 r--p 00006000 08:01 6425561                    /lib/x86_64-linux-gnu/libnss_compat-2.19.so
7f2025ff7000-7f2025ff8000 rw-p 00007000 08:01 6425561                    /lib/x86_64-linux-gnu/libnss_compat-2.19.so
7f2025ff8000-7f2026025000 r-xp 00000000 08:01 2101951                    /usr/lib/jvm/java-7-openjdk-amd64/jre/lib/amd64/libjava.so
7f2026025000-7f2026224000 ---p 0002d000 08:01 2101951                    /usr/lib/jvm/java-7-openjdk-amd64/jre/lib/amd64/libjava.so
7f2026224000-7f2026225000 r--p 0002c000 08:01 2101951                    /usr/lib/jvm/java-7-openjdk-amd64/jre/lib/amd64/libjava.so
7f2026225000-7f2026227000 rw-p 0002d000 08:01 2101951                    /usr/lib/jvm/java-7-openjdk-amd64/jre/lib/amd64/libjava.so
7f2026228000-7f2026237000 r-xp 00000000 08:01 2101914                    /usr/lib/jvm/java-7-openjdk-amd64/jre/lib/amd64/libverify.so
7f2026237000-7f2026436000 ---p 0000f000 08:01 2101914                    /usr/lib/jvm/java-7-openjdk-amd64/jre/lib/amd64/libverify.so
7f2026436000-7f2026439000 r--p 0000e000 08:01 2101914                    /usr/lib/jvm/java-7-openjdk-amd64/jre/lib/amd64/libverify.so
7f2026439000-7f202643a000 rw-p 00011000 08:01 2101914                    /usr/lib/jvm/java-7-openjdk-amd64/jre/lib/amd64/libverify.so
7f2026440000-7f2026447000 r-xp 00000000 08:01 6425569                    /lib/x86_64-linux-gnu/librt-2.19.so
7f2026447000-7f2026646000 ---p 00007000 08:01 6425569                    /lib/x86_64-linux-gnu/librt-2.19.so
7f2026646000-7f2026647000 r--p 00006000 08:01 6425569                    /lib/x86_64-linux-gnu/librt-2.19.so
7f2026647000-7f2026648000 rw-p 00007000 08:01 6425569                    /lib/x86_64-linux-gnu/librt-2.19.so
7f2026648000-7f202665e000 r-xp 00000000 08:01 6422532                    /lib/x86_64-linux-gnu/libgcc_s.so.1
7f202665e000-7f202685d000 ---p 00016000 08:01 6422532                    /lib/x86_64-linux-gnu/libgcc_s.so.1
7f202685d000-7f202685e000 rw-p 00015000 08:01 6422532                    /lib/x86_64-linux-gnu/libgcc_s.so.1
7f2026860000-7f2026960000 r-xp 00000000 08:01 6425558                    /lib/x86_64-linux-gnu/libm-2.19.so
7f2026960000-7f2026b5f000 ---p 00100000 08:01 6425558                    /lib/x86_64-linux-gnu/libm-2.19.so
7f2026b5f000-7f2026b60000 r--p 000ff000 08:01 6425558                    /lib/x86_64-linux-gnu/libm-2.19.so
7f2026b60000-7f2026b61000 rw-p 00100000 08:01 6425558                    /lib/x86_64-linux-gnu/libm-2.19.so
7f2026b68000-7f2026c54000 r-xp 00000000 08:01 1315446                    /usr/lib/x86_64-linux-gnu/libstdc++.so.6.0.20
7f2026c54000-7f2026e54000 ---p 000ec000 08:01 1315446                    /usr/lib/x86_64-linux-gnu/libstdc++.so.6.0.20
7f2026e54000-7f2026e5c000 r--p 000ec000 08:01 1315446                    /usr/lib/x86_64-linux-gnu/libstdc++.so.6.0.20
7f2026e5c000-7f2026e5e000 rw-p 000f4000 08:01 1315446                    /usr/lib/x86_64-linux-gnu/libstdc++.so.6.0.20
7f2026e5e000-7f2026e73000 rw-p 00000000 00:00 0 
7f2026e78000-7f20279ce000 r-xp 00000000 08:01 2101927                    /usr/lib/jvm/java-7-openjdk-amd64/jre/lib/amd64/server/libjvm.so
7f20279ce000-7f2027bce000 ---p 00b56000 08:01 2101927                    /usr/lib/jvm/java-7-openjdk-amd64/jre/lib/amd64/server/libjvm.so
7f2027bce000-7f2027c6d000 r--p 00b56000 08:01 2101927                    /usr/lib/jvm/java-7-openjdk-amd64/jre/lib/amd64/server/libjvm.so
7f2027c6d000-7f2027c90000 rw-p 00bf5000 08:01 2101927                    /usr/lib/jvm/java-7-openjdk-amd64/jre/lib/amd64/server/libjvm.so
7f2027c90000-7f2027cbd000 rw-p 00000000 00:00 0 
7f2027cc0000-7f2027cda000 r-xp 00000000 08:01 6422628                    /lib/x86_64-linux-gnu/libz.so.1.2.8
7f2027cda000-7f2027ed9000 ---p 0001a000 08:01 6422628                    /lib/x86_64-linux-gnu/libz.so.1.2.8
7f2027ed9000-7f2027eda000 r--p 00019000 08:01 6422628                    /lib/x86_64-linux-gnu/libz.so.1.2.8
7f2027eda000-7f2027edb000 rw-p 0001a000 08:01 6422628                    /lib/x86_64-linux-gnu/libz.so.1.2.8
7f2027ee0000-7f202807f000 r-xp 00000000 08:01 6425554                    /lib/x86_64-linux-gnu/libc-2.19.so
7f202807f000-7f202827f000 ---p 0019f000 08:01 6425554                    /lib/x86_64-linux-gnu/libc-2.19.so
7f202827f000-7f2028283000 r--p 0019f000 08:01 6425554                    /lib/x86_64-linux-gnu/libc-2.19.so
7f2028283000-7f2028285000 rw-p 001a3000 08:01 6425554                    /lib/x86_64-linux-gnu/libc-2.19.so
7f2028285000-7f2028289000 rw-p 00000000 00:00 0 
7f2028290000-7f2028293000 r-xp 00000000 08:01 6425557                    /lib/x86_64-linux-gnu/libdl-2.19.so
7f2028293000-7f2028492000 ---p 00003000 08:01 6425557                    /lib/x86_64-linux-gnu/libdl-2.19.so
7f2028492000-7f2028493000 r--p 00002000 08:01 6425557                    /lib/x86_64-linux-gnu/libdl-2.19.so
7f2028493000-7f2028494000 rw-p 00003000 08:01 6425557                    /lib/x86_64-linux-gnu/libdl-2.19.so
7f2028498000-7f20284a5000 r-xp 00000000 08:01 2101917                    /usr/lib/jvm/java-7-openjdk-amd64/jre/lib/amd64/jli/libjli.so
7f20284a5000-7f20286a4000 ---p 0000d000 08:01 2101917                    /usr/lib/jvm/java-7-openjdk-amd64/jre/lib/amd64/jli/libjli.so
7f20286a4000-7f20286a5000 r--p 0000c000 08:01 2101917                    /usr/lib/jvm/java-7-openjdk-amd64/jre/lib/amd64/jli/libjli.so
7f20286a5000-7f20286a6000 rw-p 0000d000 08:01 2101917                    /usr/lib/jvm/java-7-openjdk-amd64/jre/lib/amd64/jli/libjli.so
7f20286a8000-7f20286c0000 r-xp 00000000 08:01 6425550                    /lib/x86_64-linux-gnu/libpthread-2.19.so
7f20286c0000-7f20288bf000 ---p 00018000 08:01 6425550                    /lib/x86_64-linux-gnu/libpthread-2.19.so
7f20288bf000-7f20288c0000 r--p 00017000 08:01 6425550                    /lib/x86_64-linux-gnu/libpthread-2.19.so
7f20288c0000-7f20288c1000 rw-p 00018000 08:01 6425550                    /lib/x86_64-linux-gnu/libpthread-2.19.so
7f20288c1000-7f20288c5000 rw-p 00000000 00:00 0 
7f20288c8000-7f20288e8000 r-xp 00000000 08:01 6425551                    /lib/x86_64-linux-gnu/ld-2.19.so
7f20288ea000-7f20288eb000 r--s 00002000 08:01 2101909                    /usr/lib/jvm/java-7-openjdk-amd64/jre/lib/ext/dnsns.jar
7f20288f0000-7f2028922000 rw-p 00000000 00:00 0 
7f2028922000-7f20289d8000 rw-p 00000000 00:00 0 
7f20289d8000-7f20289e0000 rw-s 00000000 08:12 3145731                    /tmp/hsperfdata_mart/13377
7f20289e2000-7f20289e5000 rw-p 00000000 00:00 0 
7f20289e5000-7f20289e6000 r--p 00000000 00:00 0 
7f20289e6000-7f20289e9000 ---p 00000000 00:00 0 
7f20289e9000-7f2028ae8000 rw-p 00000000 00:00 0                          [stack:13380]
7f2028ae8000-7f2028ae9000 r--p 00020000 08:01 6425551                    /lib/x86_64-linux-gnu/ld-2.19.so
7f2028ae9000-7f2028aea000 rw-p 00021000 08:01 6425551                    /lib/x86_64-linux-gnu/ld-2.19.so
7f2028aea000-7f2028aec000 rw-p 00000000 00:00 0 
7f2028aec000-7f2028af1000 rw-p 00000000 00:00 0 
7ffc522a0000-7ffc522c1000 rw-p 00000000 00:00 0                          [stack]
7ffc52338000-7ffc5233a000 r-xp 00000000 00:00 0                          [vdso]
7ffc5233a000-7ffc5233c000 r--p 00000000 00:00 0                          [vvar]
ffffffffff600000-ffffffffff601000 r-xp 00000000 00:00 0                  [vsyscall]

VM Arguments:
jvm_args: -Djava.library.path=libs/ -Didea.launcher.port=7533 -Didea.launcher.bin.path=/opt/intellij-idea/bin -Dfile.encoding=UTF-8 
java_command: com.intellij.rt.execution.application.AppMain engine.GameLoop
Launcher Type: SUN_STANDARD

Environment Variables:
PATH=/usr/local/bin:/usr/bin:/bin:/usr/local/games:/usr/games
USERNAME=mart
LD_LIBRARY_PATH=/opt/intellij-idea/bin:
SHELL=/bin/bash
DISPLAY=:0

Signal Handlers:
SIGSEGV: [libjvm.so+0x988620], sa_mask[0]=0x7ffbfeff, sa_flags=0x10000004
SIGBUS: [libjvm.so+0x988620], sa_mask[0]=0x7ffbfeff, sa_flags=0x10000004
SIGFPE: [libjvm.so+0x7f5420], sa_mask[0]=0x7ffbfeff, sa_flags=0x10000004
SIGPIPE: [libjvm.so+0x7f5420], sa_mask[0]=0x7ffbfeff, sa_flags=0x10000004
SIGXFSZ: [libjvm.so+0x7f5420], sa_mask[0]=0x7ffbfeff, sa_flags=0x10000004
SIGILL: [libjvm.so+0x7f5420], sa_mask[0]=0x7ffbfeff, sa_flags=0x10000004
SIGUSR1: SIG_DFL, sa_mask[0]=0x00000000, sa_flags=0x00000000
SIGUSR2: [libjvm.so+0x7f52a0], sa_mask[0]=0x00000004, sa_flags=0x10000004
SIGHUP: [libjvm.so+0x7f54a0], sa_mask[0]=0x7ffbfeff, sa_flags=0x10000004
SIGINT: [libjvm.so+0x7f54a0], sa_mask[0]=0x7ffbfeff, sa_flags=0x10000004
SIGTERM: [libjvm.so+0x7f54a0], sa_mask[0]=0x7ffbfeff, sa_flags=0x10000004
SIGQUIT: [libjvm.so+0x7f54a0], sa_mask[0]=0x7ffbfeff, sa_flags=0x10000004
SIGTRAP: SIG_DFL, sa_mask[0]=0x00000000, sa_flags=0x00000000


---------------  S Y S T E M  ---------------

OS:8.2

uname:Linux 3.16.0-4-amd64 #1 SMP Debian 3.16.7-ckt11-1+deb8u5 (2015-10-09) x86_64
libc:glibc 2.19 NPTL 2.19 
rlimit: STACK 8192k, CORE 0k, NPROC 63809, NOFILE 65536, AS infinity
load average:0.19 0.70 0.85

/proc/meminfo:
MemTotal:       16352924 kB
MemFree:         9116872 kB
MemAvailable:   12669492 kB
Buffers:          353900 kB
Cached:          3096172 kB
SwapCached:            0 kB
Active:          5388316 kB
Inactive:        1277584 kB
Active(anon):    3219412 kB
Inactive(anon):    21752 kB
Active(file):    2168904 kB
Inactive(file):  1255832 kB
Unevictable:          32 kB
Mlocked:              32 kB
SwapTotal:             0 kB
SwapFree:              0 kB
Dirty:              3844 kB
Writeback:             0 kB
AnonPages:       3216216 kB
Mapped:           416172 kB
Shmem:             25356 kB
Slab:             428888 kB
SReclaimable:     381300 kB
SUnreclaim:        47588 kB
KernelStack:       11056 kB
PageTables:        32084 kB
NFS_Unstable:          0 kB
Bounce:                0 kB
WritebackTmp:          0 kB
CommitLimit:     8176460 kB
Committed_AS:    8170812 kB
VmallocTotal:   34359738367 kB
VmallocUsed:      330552 kB
VmallocChunk:   34359391740 kB
HardwareCorrupted:     0 kB
AnonHugePages:         0 kB
HugePages_Total:       0
HugePages_Free:        0
HugePages_Rsvd:        0
HugePages_Surp:        0
Hugepagesize:       2048 kB
DirectMap4k:      213428 kB
DirectMap2M:    13365248 kB
DirectMap1G:     3145728 kB


CPU:total 8 (8 cores per cpu, 1 threads per core) family 21 model 2 stepping 0, cmov, cx8, fxsr, mmx, sse, sse2, sse3, ssse3, sse4.1, sse4.2, popcnt, avx, aes, mmxext, 3dnowpref, lzcnt, sse4a, tsc, tscinvbit, tscinv

/proc/cpuinfo:
processor	: 0
vendor_id	: AuthenticAMD
cpu family	: 21
model		: 2
model name	: AMD FX(tm)-8320 Eight-Core Processor
stepping	: 0
microcode	: 0x6000822
cpu MHz		: 1400.000
cache size	: 2048 KB
physical id	: 0
siblings	: 8
core id		: 0
cpu cores	: 4
apicid		: 16
initial apicid	: 0
fpu		: yes
fpu_exception	: yes
cpuid level	: 13
wp		: yes
flags		: fpu vme de pse tsc msr pae mce cx8 apic sep mtrr pge mca cmov pat pse36 clflush mmx fxsr sse sse2 ht syscall nx mmxext fxsr_opt pdpe1gb rdtscp lm constant_tsc rep_good nopl nonstop_tsc extd_apicid aperfmperf pni pclmulqdq monitor ssse3 fma cx16 sse4_1 sse4_2 popcnt aes xsave avx f16c lahf_lm cmp_legacy svm extapic cr8_legacy abm sse4a misalignsse 3dnowprefetch osvw ibs xop skinit wdt lwp fma4 tce nodeid_msr tbm topoext perfctr_core perfctr_nb arat cpb hw_pstate npt lbrv svm_lock nrip_save tsc_scale vmcb_clean flushbyasid decodeassists pausefilter pfthreshold vmmcall bmi1
bogomips	: 7000.16
TLB size	: 1536 4K pages
clflush size	: 64
cache_alignment	: 64
address sizes	: 48 bits physical, 48 bits virtual
power management: ts ttp tm 100mhzsteps hwpstate cpb eff_freq_ro

processor	: 1
vendor_id	: AuthenticAMD
cpu family	: 21
model		: 2
model name	: AMD FX(tm)-8320 Eight-Core Processor           
stepping	: 0
microcode	: 0x6000822
cpu MHz		: 2900.000
cache size	: 2048 KB
physical id	: 0
siblings	: 8
core id		: 1
cpu cores	: 4
apicid		: 17
initial apicid	: 1
fpu		: yes
fpu_exception	: yes
cpuid level	: 13
wp		: yes
flags		: fpu vme de pse tsc msr pae mce cx8 apic sep mtrr pge mca cmov pat pse36 clflush mmx fxsr sse sse2 ht syscall nx mmxext fxsr_opt pdpe1gb rdtscp lm constant_tsc rep_good nopl nonstop_tsc extd_apicid aperfmperf pni pclmulqdq monitor ssse3 fma cx16 sse4_1 sse4_2 popcnt aes xsave avx f16c lahf_lm cmp_legacy svm extapic cr8_legacy abm sse4a misalignsse 3dnowprefetch osvw ibs xop skinit wdt lwp fma4 tce nodeid_msr tbm topoext perfctr_core perfctr_nb arat cpb hw_pstate npt lbrv svm_lock nrip_save tsc_scale vmcb_clean flushbyasid decodeassists pausefilter pfthreshold vmmcall bmi1
bogomips	: 7000.16
TLB size	: 1536 4K pages
clflush size	: 64
cache_alignment	: 64
address sizes	: 48 bits physical, 48 bits virtual
power management: ts ttp tm 100mhzsteps hwpstate cpb eff_freq_ro

processor	: 2
vendor_id	: AuthenticAMD
cpu family	: 21
model		: 2
model name	: AMD FX(tm)-8320 Eight-Core Processor           
stepping	: 0
microcode	: 0x6000822
cpu MHz		: 3500.000
cache size	: 2048 KB
physical id	: 0
siblings	: 8
core id		: 2
cpu cores	: 4
apicid		: 18
initial apicid	: 2
fpu		: yes
fpu_exception	: yes
cpuid level	: 13
wp		: yes
flags		: fpu vme de pse tsc msr pae mce cx8 apic sep mtrr pge mca cmov pat pse36 clflush mmx fxsr sse sse2 ht syscall nx mmxext fxsr_opt pdpe1gb rdtscp lm constant_tsc rep_good nopl nonstop_tsc extd_apicid aperfmperf pni pclmulqdq monitor ssse3 fma cx16 sse4_1 sse4_2 popcnt aes xsave avx f16c lahf_lm cmp_legacy svm extapic cr8_legacy abm sse4a misalignsse 3dnowprefetch osvw ibs xop skinit wdt lwp fma4 tce nodeid_msr tbm topoext perfctr_core perfctr_nb arat cpb hw_pstate npt lbrv svm_lock nrip_save tsc_scale vmcb_clean flushbyasid decodeassists pausefilter pfthreshold vmmcall bmi1
bogomips	: 7000.16
TLB size	: 1536 4K pages
clflush size	: 64
cache_alignment	: 64
address sizes	: 48 bits physical, 48 bits virtual
power management: ts ttp tm 100mhzsteps hwpstate cpb eff_freq_ro

processor	: 3
vendor_id	: AuthenticAMD
cpu family	: 21
model		: 2
model name	: AMD FX(tm)-8320 Eight-Core Processor           
stepping	: 0
microcode	: 0x6000822
cpu MHz		: 3500.000
cache size	: 2048 KB
physical id	: 0
siblings	: 8
core id		: 3
cpu cores	: 4
apicid		: 19
initial apicid	: 3
fpu		: yes
fpu_exception	: yes
cpuid level	: 13
wp		: yes
flags		: fpu vme de pse tsc msr pae mce cx8 apic sep mtrr pge mca cmov pat pse36 clflush mmx fxsr sse sse2 ht syscall nx mmxext fxsr_opt pdpe1gb rdtscp lm constant_tsc rep_good nopl nonstop_tsc extd_apicid aperfmperf pni pclmulqdq monitor ssse3 fma cx16 sse4_1 sse4_2 popcnt aes xsave avx f16c lahf_lm cmp_legacy svm extapic cr8_legacy abm sse4a misalignsse 3dnowprefetch osvw ibs xop skinit wdt lwp fma4 tce nodeid_msr tbm topoext perfctr_core perfctr_nb arat cpb hw_pstate npt lbrv svm_lock nrip_save tsc_scale vmcb_clean flushbyasid decodeassists pausefilter pfthreshold vmmcall bmi1
bogomips	: 7000.16
TLB size	: 1536 4K pages
clflush size	: 64
cache_alignment	: 64
address sizes	: 48 bits physical, 48 bits virtual
power management: ts ttp tm 100mhzsteps hwpstate cpb eff_freq_ro

processor	: 4
vendor_id	: AuthenticAMD
cpu family	: 21
model		: 2
model name	: AMD FX(tm)-8320 Eight-Core Processor           
stepping	: 0
microcode	: 0x6000822
cpu MHz		: 3500.000
cache size	: 2048 KB
physical id	: 0
siblings	: 8
core id		: 4
cpu cores	: 4
apicid		: 20
initial apicid	: 4
fpu		: yes
fpu_exception	: yes
cpuid level	: 13
wp		: yes
flags		: fpu vme de pse tsc msr pae mce cx8 apic sep mtrr pge mca cmov pat pse36 clflush mmx fxsr sse sse2 ht syscall nx mmxext fxsr_opt pdpe1gb rdtscp lm constant_tsc rep_good nopl nonstop_tsc extd_apicid aperfmperf pni pclmulqdq monitor ssse3 fma cx16 sse4_1 sse4_2 popcnt aes xsave avx f16c lahf_lm cmp_legacy svm extapic cr8_legacy abm sse4a misalignsse 3dnowprefetch osvw ibs xop skinit wdt lwp fma4 tce nodeid_msr tbm topoext perfctr_core perfctr_nb arat cpb hw_pstate npt lbrv svm_lock nrip_save tsc_scale vmcb_clean flushbyasid decodeassists pausefilter pfthreshold vmmcall bmi1
bogomips	: 7000.16
TLB size	: 1536 4K pages
clflush size	: 64
cache_alignment	: 64
address sizes	: 48 bits physical, 48 bits virtual
power management: ts ttp tm 100mhzsteps hwpstate cpb eff_freq_ro

processor	: 5
vendor_id	: AuthenticAMD
cpu family	: 21
model		: 2
model name	: AMD FX(tm)-8320 Eight-Core Processor           
stepping	: 0
microcode	: 0x6000822
cpu MHz		: 3500.000
cache size	: 2048 KB
physical id	: 0
siblings	: 8
core id		: 5
cpu cores	: 4
apicid		: 21
initial apicid	: 5
fpu		: yes
fpu_exception	: yes
cpuid level	: 13
wp		: yes
flags		: fpu vme de pse tsc msr pae mce cx8 apic sep mtrr pge mca cmov pat pse36 clflush mmx fxsr sse sse2 ht syscall nx mmxext fxsr_opt pdpe1gb rdtscp lm constant_tsc rep_good nopl nonstop_tsc extd_apicid aperfmperf pni pclmulqdq monitor ssse3 fma cx16 sse4_1 sse4_2 popcnt aes xsave avx f16c lahf_lm cmp_legacy svm extapic cr8_legacy abm sse4a misalignsse 3dnowprefetch osvw ibs xop skinit wdt lwp fma4 tce nodeid_msr tbm topoext perfctr_core perfctr_nb arat cpb hw_pstate npt lbrv svm_lock nrip_save tsc_scale vmcb_clean flushbyasid decodeassists pausefilter pfthreshold vmmcall bmi1
bogomips	: 7000.16
TLB size	: 1536 4K pages
clflush size	: 64
cache_alignment	: 64
address sizes	: 48 bits physical, 48 bits virtual
power management: ts ttp tm 100mhzsteps hwpstate cpb eff_freq_ro

processor	: 6
vendor_id	: AuthenticAMD
cpu family	: 21
model		: 2
model name	: AMD FX(tm)-8320 Eight-Core Processor           
stepping	: 0
microcode	: 0x6000822
cpu MHz		: 1400.000
cache size	: 2048 KB
physical id	: 0
siblings	: 8
core id		: 6
cpu cores	: 4
apicid		: 22
initial apicid	: 6
fpu		: yes
fpu_exception	: yes
cpuid level	: 13
wp		: yes
flags		: fpu vme de pse tsc msr pae mce cx8 apic sep mtrr pge mca cmov pat pse36 clflush mmx fxsr sse sse2 ht syscall nx mmxext fxsr_opt pdpe1gb rdtscp lm constant_tsc rep_good nopl nonstop_tsc extd_apicid aperfmperf pni pclmulqdq monitor ssse3 fma cx16 sse4_1 sse4_2 popcnt aes xsave avx f16c lahf_lm cmp_legacy svm extapic cr8_legacy abm sse4a misalignsse 3dnowprefetch osvw ibs xop skinit wdt lwp fma4 tce nodeid_msr tbm topoext perfctr_core perfctr_nb arat cpb hw_pstate npt lbrv svm_lock nrip_save tsc_scale vmcb_clean flushbyasid decodeassists pausefilter pfthreshold vmmcall bmi1
bogomips	: 7000.16
TLB size	: 1536 4K pages
clflush size	: 64
cache_alignment	: 64
address sizes	: 48 bits physical, 48 bits virtual
power management: ts ttp tm 100mhzsteps hwpstate cpb eff_freq_ro

processor	: 7
vendor_id	: AuthenticAMD
cpu family	: 21
model		: 2
model name	: AMD FX(tm)-8320 Eight-Core Processor           
stepping	: 0
microcode	: 0x6000822
cpu MHz		: 1400.000
cache size	: 2048 KB
physical id	: 0
siblings	: 8
core id		: 7
cpu cores	: 4
apicid		: 23
initial apicid	: 7
fpu		: yes
fpu_exception	: yes
cpuid level	: 13
wp		: yes
flags		: fpu vme de pse tsc msr pae mce cx8 apic sep mtrr pge mca cmov pat pse36 clflush mmx fxsr sse sse2 ht syscall nx mmxext fxsr_opt pdpe1gb rdtscp lm constant_tsc rep_good nopl nonstop_tsc extd_apicid aperfmperf pni pclmulqdq monitor ssse3 fma cx16 sse4_1 sse4_2 popcnt aes xsave avx f16c lahf_lm cmp_legacy svm extapic cr8_legacy abm sse4a misalignsse 3dnowprefetch osvw ibs xop skinit wdt lwp fma4 tce nodeid_msr tbm topoext perfctr_core perfctr_nb arat cpb hw_pstate npt lbrv svm_lock nrip_save tsc_scale vmcb_clean flushbyasid decodeassists pausefilter pfthreshold vmmcall bmi1
bogomips	: 7000.16
TLB size	: 1536 4K pages
clflush size	: 64
cache_alignment	: 64
address sizes	: 48 bits physical, 48 bits virtual
power management: ts ttp tm 100mhzsteps hwpstate cpb eff_freq_ro



Memory: 4k page, physical 16352924k(9116872k free), swap 0k(0k free)

vm_info: OpenJDK 64-Bit Server VM (24.85-b03) for linux-amd64 JRE (1.7.0_85-b01), built on Oct 31 2015 21:30:47 by "jmm" with gcc 4.9.2

time: Tue Jan 10 22:36:42 2017
elapsed time: 1 seconds

