#
# A fatal error has been detected by the Java Runtime Environment:
#
#  SIGSEGV (0xb) at pc=0x0000000041ec1ee3, pid=15731, tid=139994137319168
#
# JRE version: OpenJDK Runtime Environment (7.0_85-b01) (build 1.7.0_85-b01)
# Java VM: OpenJDK 64-Bit Server VM (24.85-b03 mixed mode linux-amd64 compressed oops)
# Derivative: IcedTea 2.6.1
# Distribution: Debian GNU/Linux 8.2 (jessie), package 7u85-2.6.1-6+deb8u1
# Problematic frame:
# C  0x0000000041ec1ee3
#
# Failed to write core dump. Core dumps have been disabled. To enable core dumping, try "ulimit -c unlimited" before starting Java again
#
# If you would like to submit a bug report, please include
# instructions on how to reproduce the bug and visit:
#   http://icedtea.classpath.org/bugzilla
# The crash happened outside the Java Virtual Machine in native code.
# See problematic frame for where to report the bug.
#

---------------  T H R E A D  ---------------

Current thread (0x00007f52e400a800):  JavaThread "main" [_thread_in_native, id=15732, stack(0x00007f52ecc35000,0x00007f52ecd36000)]

siginfo:si_signo=SIGSEGV: si_errno=0, si_code=1 (SEGV_MAPERR), si_addr=0x0000000000000000

Registers:
RAX=0x00007f528a146534, RBX=0x00000000408bc000, RCX=0x0000000000000000, RDX=0x0000000000000066
RSP=0x00007f52ecd33fb8, RBP=0x000000003f0b0000, RSI=0x0000000000000000, RDI=0x0000000000000000
R8 =0x00007f52e4a09180, R9 =0x0000000120980000, R10=0x247c8b489f75caff, R11=0x0000000000000000
R12=0x0000000000000000, R13=0x0000000000000066, R14=0x0000000000000000, R15=0x00007f52e45789c0
RIP=0x0000000041ec1ee3, EFLAGS=0x0000000000010246, CSGSFS=0x0000000000000033, ERR=0x0000000000000004
  TRAPNO=0x000000000000000e

Top of Stack: (sp=0x00007f52ecd33fb8)
0x00007f52ecd33fb8:   00007f527adb9fc4 0000000400000000
0x00007f52ecd33fc8:   00007f52e4a12818 00007f52e400a800
0x00007f52ecd33fd8:   00007f527adba96e 00007f528a146534
0x00007f52ecd33fe8:   00000000408bc000 0000000040900100
0x00007f52ecd33ff8:   0000000000000004 0000000000000000
0x00007f52ecd34008:   00007f52ecd34120 00007f52e400a800
0x00007f52ecd34018:   00007f527a9c8798 00007f52ecd34100
0x00007f52ecd34028:   0000006661cbd300 00000006fc66d810
0x00007f52ecd34038:   0000000000000000 00000006fc66d810
0x00007f52ecd34048:   00000006fc66d810 00007f52ecd340e0
0x00007f52ecd34058:   0000000000000000 00000006fc66d810
0x00007f52ecd34068:   00007f52e1012758 00007f52e400b738
0x00007f52ecd34078:   00007f52e400b738 00007f52e400b718
0x00007f52ecd34088:   00007f52e400b718 00007f52fffffffe
0x00007f52ecd34098:   0000000000000000 00007f52ecd340a0
0x00007f52ecd340a8:   00000006fc66d810 00007f52ecd34120
0x00007f52ecd340b8:   00000006fc689a80 0000000000000000
0x00007f52ecd340c8:   00000006fc66d810 0000000000000000
0x00007f52ecd340d8:   00007f52ecd34100 00007f52ecd34168
0x00007f52ecd340e8:   00007f52e1006058 00000007ad55c088
0x00007f52ecd340f8:   00007f52e100ecd8 00007f528ab1e780
0x00007f52ecd34108:   00007f52ecd34168 0000000000000066
0x00007f52ecd34118:   0000000000000000 0000000000000004
0x00007f52ecd34128:   00007f52ecd34128 00000006fc66d704
0x00007f52ecd34138:   00007f52ecd341a0 00000006fc689a80
0x00007f52ecd34148:   0000000000000000 00000006fc66d750
0x00007f52ecd34158:   00007f52ecd34100 00007f52ecd34190
0x00007f52ecd34168:   00007f52ecd341e8 00007f52e1006058
0x00007f52ecd34178:   00007f528ab1e780 0000000000000000
0x00007f52ecd34188:   00000007ad509f08 0000000000000066
0x00007f52ecd34198:   0000000000000000 0000000000000004
0x00007f52ecd341a8:   00007f52ecd341a8 00000006fc6cdc7b 

Instructions: (pc=0x0000000041ec1ee3)
0x0000000041ec1ec3:   68 04 48 be 78 cd 90 40 00 00 00 00 48 8b 36 48
0x0000000041ec1ed3:   8b b6 38 03 00 00 48 8b f9 48 c1 e7 04 48 03 f7
0x0000000041ec1ee3:   8b 3e 8b 6e 04 89 78 08 89 68 0c 8b 7e 08 8b 6e
0x0000000041ec1ef3:   0c 89 78 10 89 68 14 48 83 c0 18 ff c1 ff ca 75 

Register to memory mapping:

RAX=0x00007f528a146534 is an unknown value
RBX=0x00000000408bc000 is an unknown value
RCX=0x0000000000000000 is an unknown value
RDX=0x0000000000000066 is an unknown value
RSP=0x00007f52ecd33fb8 is pointing into the stack for thread: 0x00007f52e400a800
RBP=0x000000003f0b0000 is an unknown value
RSI=0x0000000000000000 is an unknown value
RDI=0x0000000000000000 is an unknown value
R8 =0x00007f52e4a09180 is an unknown value
R9 =0x0000000120980000 is an unknown value
R10=0x247c8b489f75caff is an unknown value
R11=0x0000000000000000 is an unknown value
R12=0x0000000000000000 is an unknown value
R13=0x0000000000000066 is an unknown value
R14=0x0000000000000000 is an unknown value
R15=0x00007f52e45789c0 is an unknown value


Stack: [0x00007f52ecc35000,0x00007f52ecd36000],  sp=0x00007f52ecd33fb8,  free space=1019k
Native frames: (J=compiled Java code, j=interpreted, Vv=VM code, C=native code)
C  0x0000000041ec1ee3

[error occurred during error reporting (printing native stack), id 0xb]

Java frames: (J=compiled Java code, j=interpreted, Vv=VM code)
j  org.lwjgl.opengl.GL11.nglDrawArrays(IIIJ)V+0
j  org.lwjgl.opengl.GL11.glDrawArrays(III)V+20
j  fontRendering.FontRenderer.renderText(LfontMeshCreator/GUIText;)V+43
j  fontRendering.FontRenderer.render(Ljava/util/Map;)V+92
j  fontRendering.TextMaster.render()V+6
j  engine.GameLoop.main([Ljava/lang/String;)V+140
v  ~StubRoutines::call_stub
j  sun.reflect.NativeMethodAccessorImpl.invoke0(Ljava/lang/reflect/Method;Ljava/lang/Object;[Ljava/lang/Object;)Ljava/lang/Object;+0
j  sun.reflect.NativeMethodAccessorImpl.invoke(Ljava/lang/Object;[Ljava/lang/Object;)Ljava/lang/Object;+87
j  sun.reflect.DelegatingMethodAccessorImpl.invoke(Ljava/lang/Object;[Ljava/lang/Object;)Ljava/lang/Object;+6
j  java.lang.reflect.Method.invoke(Ljava/lang/Object;[Ljava/lang/Object;)Ljava/lang/Object;+57
j  com.intellij.rt.execution.application.AppMain.main([Ljava/lang/String;)V+170
v  ~StubRoutines::call_stub

---------------  P R O C E S S  ---------------

Java Threads: ( => current thread )
  0x00007f52e4251800 JavaThread "process reaper" daemon [_thread_blocked, id=15776, stack(0x00007f52c00ae000,0x00007f52c00e7000)]
  0x00007f52e424d000 JavaThread "AWT-XAWT" daemon [_thread_in_native, id=15774, stack(0x00007f528b617000,0x00007f528b718000)]
  0x00007f52e422f800 JavaThread "Java2D Disposer" daemon [_thread_blocked, id=15773, stack(0x00007f52c00e7000,0x00007f52c01e8000)]
  0x00007f52e4197000 JavaThread "Monitor Ctrl-Break" daemon [_thread_in_native, id=15769, stack(0x00007f52c1daf000,0x00007f52c1eb0000)]
  0x00007f52e40b7800 JavaThread "Service Thread" daemon [_thread_blocked, id=15767, stack(0x00007f52c2214000,0x00007f52c2315000)]
  0x00007f52e40b5800 JavaThread "C2 CompilerThread1" daemon [_thread_blocked, id=15766, stack(0x00007f52c2315000,0x00007f52c2416000)]
  0x00007f52e40b2800 JavaThread "C2 CompilerThread0" daemon [_thread_in_native, id=15765, stack(0x00007f52c2416000,0x00007f52c2517000)]
  0x00007f52e40b0800 JavaThread "Signal Dispatcher" daemon [_thread_blocked, id=15764, stack(0x00007f52c2517000,0x00007f52c2618000)]
  0x00007f52e4085000 JavaThread "Finalizer" daemon [_thread_blocked, id=15756, stack(0x00007f52c27a6000,0x00007f52c28a7000)]
  0x00007f52e4083000 JavaThread "Reference Handler" daemon [_thread_blocked, id=15755, stack(0x00007f52c28a7000,0x00007f52c29a8000)]
=>0x00007f52e400a800 JavaThread "main" [_thread_in_native, id=15732, stack(0x00007f52ecc35000,0x00007f52ecd36000)]

Other Threads:
  0x00007f52e407f000 VMThread [stack: 0x00007f52c29a8000,0x00007f52c2aa9000] [id=15752]
  0x00007f52e40c2800 WatcherThread [stack: 0x00007f52c2113000,0x00007f52c2214000] [id=15768]

VM state:not at safepoint (normal execution)

VM Mutex/Monitor currently owned by a thread: None

Heap
 PSYoungGen      total 75264K, used 13094K [0x00000007acc80000, 0x00000007b2000000, 0x0000000800000000)
  eden space 65024K, 20% used [0x00000007acc80000,0x00000007ad9498c8,0x00000007b0c00000)
  from space 10240K, 0% used [0x00000007b1600000,0x00000007b1600000,0x00000007b2000000)
  to   space 10240K, 0% used [0x00000007b0c00000,0x00000007b0c00000,0x00000007b1600000)
 ParOldGen       total 169984K, used 0K [0x0000000706600000, 0x0000000710c00000, 0x00000007acc80000)
  object space 169984K, 0% used [0x0000000706600000,0x0000000706600000,0x0000000710c00000)
 PSPermGen       total 21504K, used 7825K [0x00000006fc000000, 0x00000006fd500000, 0x0000000706600000)
  object space 21504K, 36% used [0x00000006fc000000,0x00000006fc7a45e8,0x00000006fd500000)

Card table byte_map: [0x00007f52e8fff000,0x00007f52e9820000] byte_map_base: 0x00007f52e581f000

Polling page: 0x00007f52ecd5e000

Code Cache  [0x00007f52e1000000, 0x00007f52e1270000, 0x00007f52e4000000)
 total_blobs=476 nmethods=30 adapters=401 free_code_cache=48584Kb largest_free_block=49734208

Compilation events (10 events):
Event: 0.910 Thread 0x00007f52e40b5800   27             java.lang.Math::min (11 bytes)
Event: 0.910 Thread 0x00007f52e40b5800 nmethod 27 0x00007f52e1087fd0 code [0x00007f52e1088100, 0x00007f52e1088138]
Event: 0.913 Thread 0x00007f52e40b5800   28             java.lang.String::replace (127 bytes)
Event: 0.920 Thread 0x00007f52e40b2800 nmethod 26 0x00007f52e108a090 code [0x00007f52e108a240, 0x00007f52e108aa28]
Event: 0.922 Thread 0x00007f52e40b5800 nmethod 28 0x00007f52e1085010 code [0x00007f52e1085160, 0x00007f52e10855f8]
Event: 0.993 Thread 0x00007f52e40b2800   29   !         java.io.BufferedReader::readLine (304 bytes)
Event: 1.004 Thread 0x00007f52e40b5800   30             sun.nio.cs.UTF_8$Decoder::decodeArrayLoop (543 bytes)
Event: 1.013 Thread 0x00007f52e40b2800 nmethod 29 0x00007f52e108ebd0 code [0x00007f52e108eda0, 0x00007f52e108fcf0]
Event: 1.018 Thread 0x00007f52e40b5800 nmethod 30 0x00007f52e10903d0 code [0x00007f52e1090640, 0x00007f52e10911d8]
Event: 1.032 Thread 0x00007f52e40b2800   31             java.lang.String::indexOf (166 bytes)

GC Heap History (0 events):
No events

Deoptimization events (2 events):
Event: 0.150 Thread 0x00007f52e400a800 Uncommon trap: reason=unstable_if action=reinterpret pc=0x00007f52e1060df0 method=java.lang.String.indexOf([CII[CIII)I @ 123
Event: 0.928 Thread 0x00007f52e400a800 Uncommon trap: reason=unstable_if action=reinterpret pc=0x00007f52e1072268 method=java.lang.String.indexOf([CII[CIII)I @ 3

Internal exceptions (10 events):
Event: 1.025 Thread 0x00007f52e400a800 Threw 0x00000007ad8c6198 at /home/jmm/jdk2/openjdk-7-7u85-2.6.1/build/openjdk/hotspot/src/share/vm/prims/jvm.cpp:1322
Event: 1.026 Thread 0x00007f52e400a800 Threw 0x00000007ad8cab18 at /home/jmm/jdk2/openjdk-7-7u85-2.6.1/build/openjdk/hotspot/src/share/vm/prims/jvm.cpp:1322
Event: 1.026 Thread 0x00007f52e400a800 Threw 0x00000007ad8d2890 at /home/jmm/jdk2/openjdk-7-7u85-2.6.1/build/openjdk/hotspot/src/share/vm/prims/jvm.cpp:1322
Event: 1.027 Thread 0x00007f52e400a800 Threw 0x00000007ad8d72c0 at /home/jmm/jdk2/openjdk-7-7u85-2.6.1/build/openjdk/hotspot/src/share/vm/prims/jvm.cpp:1322
Event: 1.028 Thread 0x00007f52e400a800 Threw 0x00000007ad8dba28 at /home/jmm/jdk2/openjdk-7-7u85-2.6.1/build/openjdk/hotspot/src/share/vm/prims/jvm.cpp:1322
Event: 1.029 Thread 0x00007f52e400a800 Threw 0x00000007ad8df2a0 at /home/jmm/jdk2/openjdk-7-7u85-2.6.1/build/openjdk/hotspot/src/share/vm/prims/jvm.cpp:1322
Event: 1.031 Thread 0x00007f52e400a800 Threw 0x00000007ad8e6130 at /home/jmm/jdk2/openjdk-7-7u85-2.6.1/build/openjdk/hotspot/src/share/vm/prims/jvm.cpp:1322
Event: 1.032 Thread 0x00007f52e400a800 Threw 0x00000007ad8ea170 at /home/jmm/jdk2/openjdk-7-7u85-2.6.1/build/openjdk/hotspot/src/share/vm/prims/jvm.cpp:1322
Event: 1.032 Thread 0x00007f52e400a800 Threw 0x00000007ad8ed918 at /home/jmm/jdk2/openjdk-7-7u85-2.6.1/build/openjdk/hotspot/src/share/vm/prims/jvm.cpp:1322
Event: 1.033 Thread 0x00007f52e400a800 Threw 0x00000007ad8f11f8 at /home/jmm/jdk2/openjdk-7-7u85-2.6.1/build/openjdk/hotspot/src/share/vm/prims/jvm.cpp:1322

Events (10 events):
Event: 1.028 loading class 0x00007f52e4a07eb0
Event: 1.029 loading class 0x00007f52e4a07eb0 done
Event: 1.030 loading class 0x00007f52e49733d0
Event: 1.030 loading class 0x00007f52e49733d0 done
Event: 1.032 loading class 0x00007f52e4191950
Event: 1.032 loading class 0x00007f52e4191950 done
Event: 1.032 loading class 0x00007f52e4191980
Event: 1.032 loading class 0x00007f52e4191980 done
Event: 1.033 loading class 0x00007f52e496d7b0
Event: 1.033 loading class 0x00007f52e496d7b0 done


Dynamic libraries:
00400000-00401000 r-xp 00000000 08:01 2101986                            /usr/lib/jvm/java-7-openjdk-amd64/jre/bin/java
00600000-00601000 r--p 00000000 08:01 2101986                            /usr/lib/jvm/java-7-openjdk-amd64/jre/bin/java
00601000-00602000 rw-p 00001000 08:01 2101986                            /usr/lib/jvm/java-7-openjdk-amd64/jre/bin/java
0134c000-0136d000 rw-p 00000000 00:00 0                                  [heap]
408bc000-4095b000 rw-p 00000000 00:00 0 
41ec0000-41ec2000 r-xs 00000000 08:12 34                                 /tmp/.gltsspfG (deleted)
6fc000000-6fd500000 rw-p 00000000 00:00 0 
6fd500000-706600000 rw-p 00000000 00:00 0 
706600000-710c00000 rw-p 00000000 00:00 0 
710c00000-7acc80000 rw-p 00000000 00:00 0 
7acc80000-7b2000000 rw-p 00000000 00:00 0 
7b2000000-800000000 rw-p 00000000 00:00 0 
7f5279568000-7f527af65000 r-xp 00000000 08:01 1339821                    /usr/lib/x86_64-linux-gnu/libnvidia-glcore.so.352.55
7f527af65000-7f527af85000 rwxp 019fd000 08:01 1339821                    /usr/lib/x86_64-linux-gnu/libnvidia-glcore.so.352.55
7f527af85000-7f527b24c000 r-xp 01a1d000 08:01 1339821                    /usr/lib/x86_64-linux-gnu/libnvidia-glcore.so.352.55
7f527b24c000-7f527b44b000 ---p 01ce4000 08:01 1339821                    /usr/lib/x86_64-linux-gnu/libnvidia-glcore.so.352.55
7f527b44b000-7f527bfe7000 rw-p 01ce3000 08:01 1339821                    /usr/lib/x86_64-linux-gnu/libnvidia-glcore.so.352.55
7f527bfe7000-7f527bffb000 rw-p 00000000 00:00 0 
7f527c000000-7f527c021000 rw-p 00000000 00:00 0 
7f527c021000-7f5280000000 ---p 00000000 00:00 0 
7f5280000000-7f5280021000 rw-p 00000000 00:00 0 
7f5280021000-7f5284000000 ---p 00000000 00:00 0 
7f5284000000-7f5284021000 rw-p 00000000 00:00 0 
7f5284021000-7f5288000000 ---p 00000000 00:00 0 
7f528a0ec000-7f528a2ec000 rw-s b028c000 00:05 17965                      /dev/nvidiactl
7f528a2f0000-7f528a301000 r-xp 00000000 08:01 2101924                    /usr/lib/jvm/java-7-openjdk-amd64/jre/lib/amd64/libnio.so
7f528a301000-7f528a500000 ---p 00011000 08:01 2101924                    /usr/lib/jvm/java-7-openjdk-amd64/jre/lib/amd64/libnio.so
7f528a500000-7f528a501000 r--p 00010000 08:01 2101924                    /usr/lib/jvm/java-7-openjdk-amd64/jre/lib/amd64/libnio.so
7f528a501000-7f528a502000 rw-p 00011000 08:01 2101924                    /usr/lib/jvm/java-7-openjdk-amd64/jre/lib/amd64/libnio.so
7f528a503000-7f528a583000 rw-s 7d9b3000 00:05 17965                      /dev/nvidiactl
7f528a588000-7f528a608000 rw-s 33fb08000 00:05 17965                     /dev/nvidiactl
7f528a609000-7f528a689000 rw-s 2fdd59000 00:05 17965                     /dev/nvidiactl
7f528a689000-7f528a789000 rw-s 2fd2e1000 00:05 17965                     /dev/nvidiactl
7f528a78e000-7f528a842000 rw-s 42b5be000 00:05 17965                     /dev/nvidiactl
7f528a848000-7f528a84b000 r-xp 00000000 08:01 1339825                    /usr/lib/x86_64-linux-gnu/tls/libnvidia-tls.so.352.55
7f528a84b000-7f528aa4a000 ---p 00003000 08:01 1339825                    /usr/lib/x86_64-linux-gnu/tls/libnvidia-tls.so.352.55
7f528aa4a000-7f528aa4b000 rw-p 00002000 08:01 1339825                    /usr/lib/x86_64-linux-gnu/tls/libnvidia-tls.so.352.55
7f528aa50000-7f528ab0e000 r-xp 00000000 08:01 1339822                    /usr/lib/x86_64-linux-gnu/libGL.so.352.55
7f528ab0e000-7f528ab41000 rwxp 000be000 08:01 1339822                    /usr/lib/x86_64-linux-gnu/libGL.so.352.55
7f528ab41000-7f528ab53000 r-xp 000f1000 08:01 1339822                    /usr/lib/x86_64-linux-gnu/libGL.so.352.55
7f528ab53000-7f528ad52000 ---p 00103000 08:01 1339822                    /usr/lib/x86_64-linux-gnu/libGL.so.352.55
7f528ad52000-7f528ad7a000 rw-p 00102000 08:01 1339822                    /usr/lib/x86_64-linux-gnu/libGL.so.352.55
7f528ad7a000-7f528ad80000 rw-p 00000000 00:00 0 
7f528ad80000-7f528ad85000 r-xp 00000000 08:01 1317786                    /usr/lib/x86_64-linux-gnu/libXxf86vm.so.1.0.0
7f528ad85000-7f528af84000 ---p 00005000 08:01 1317786                    /usr/lib/x86_64-linux-gnu/libXxf86vm.so.1.0.0
7f528af84000-7f528af85000 r--p 00004000 08:01 1317786                    /usr/lib/x86_64-linux-gnu/libXxf86vm.so.1.0.0
7f528af85000-7f528af86000 rw-p 00005000 08:01 1317786                    /usr/lib/x86_64-linux-gnu/libXxf86vm.so.1.0.0
7f528af88000-7f528af91000 r-xp 00000000 08:01 1317776                    /usr/lib/x86_64-linux-gnu/libXrandr.so.2.2.0
7f528af91000-7f528b190000 ---p 00009000 08:01 1317776                    /usr/lib/x86_64-linux-gnu/libXrandr.so.2.2.0
7f528b190000-7f528b191000 r--p 00008000 08:01 1317776                    /usr/lib/x86_64-linux-gnu/libXrandr.so.2.2.0
7f528b191000-7f528b192000 rw-p 00009000 08:01 1317776                    /usr/lib/x86_64-linux-gnu/libXrandr.so.2.2.0
7f528b198000-7f528b208000 r-xp 00000000 08:13 9045172                    /home/mart/IdeaProjects/Multiplayer World 2/libs/liblwjgl64.so
7f528b208000-7f528b408000 ---p 00070000 08:13 9045172                    /home/mart/IdeaProjects/Multiplayer World 2/libs/liblwjgl64.so
7f528b408000-7f528b40a000 r--p 00070000 08:13 9045172                    /home/mart/IdeaProjects/Multiplayer World 2/libs/liblwjgl64.so
7f528b40a000-7f528b40b000 rw-p 00072000 08:13 9045172                    /home/mart/IdeaProjects/Multiplayer World 2/libs/liblwjgl64.so
7f528b410000-7f528b411000 r-xp 00000000 08:01 2101945                    /usr/lib/jvm/java-7-openjdk-amd64/jre/lib/amd64/libjawt.so
7f528b411000-7f528b610000 ---p 00001000 08:01 2101945                    /usr/lib/jvm/java-7-openjdk-amd64/jre/lib/amd64/libjawt.so
7f528b610000-7f528b611000 r--p 00000000 08:01 2101945                    /usr/lib/jvm/java-7-openjdk-amd64/jre/lib/amd64/libjawt.so
7f528b611000-7f528b612000 rw-p 00001000 08:01 2101945                    /usr/lib/jvm/java-7-openjdk-amd64/jre/lib/amd64/libjawt.so
7f528b617000-7f528b61a000 ---p 00000000 00:00 0 
7f528b61a000-7f528b718000 rw-p 00000000 00:00 0                          [stack:15774]
7f528b718000-7f528b71d000 r-xp 00000000 08:01 1318319                    /usr/lib/x86_64-linux-gnu/libXfixes.so.3.1.0
7f528b71d000-7f528b91c000 ---p 00005000 08:01 1318319                    /usr/lib/x86_64-linux-gnu/libXfixes.so.3.1.0
7f528b91c000-7f528b91d000 r--p 00004000 08:01 1318319                    /usr/lib/x86_64-linux-gnu/libXfixes.so.3.1.0
7f528b91d000-7f528b91e000 rw-p 00005000 08:01 1318319                    /usr/lib/x86_64-linux-gnu/libXfixes.so.3.1.0
7f528b920000-7f528b92a000 r-xp 00000000 08:01 1318351                    /usr/lib/x86_64-linux-gnu/libXcursor.so.1.0.2
7f528b92a000-7f528bb29000 ---p 0000a000 08:01 1318351                    /usr/lib/x86_64-linux-gnu/libXcursor.so.1.0.2
7f528bb29000-7f528bb2a000 r--p 00009000 08:01 1318351                    /usr/lib/x86_64-linux-gnu/libXcursor.so.1.0.2
7f528bb2a000-7f528bb2b000 rw-p 0000a000 08:01 1318351                    /usr/lib/x86_64-linux-gnu/libXcursor.so.1.0.2
7f528bb30000-7f528bb77000 r-xp 00000000 08:01 6423007                    /lib/x86_64-linux-gnu/libdbus-1.so.3.8.13
7f528bb77000-7f528bd76000 ---p 00047000 08:01 6423007                    /lib/x86_64-linux-gnu/libdbus-1.so.3.8.13
7f528bd76000-7f528bd77000 r--p 00046000 08:01 6423007                    /lib/x86_64-linux-gnu/libdbus-1.so.3.8.13
7f528bd77000-7f528bd78000 rw-p 00047000 08:01 6423007                    /lib/x86_64-linux-gnu/libdbus-1.so.3.8.13
7f528bd78000-7f528bdf9000 r-xp 00000000 08:01 1315106                    /usr/lib/x86_64-linux-gnu/libgmp.so.10.2.0
7f528bdf9000-7f528bff9000 ---p 00081000 08:01 1315106                    /usr/lib/x86_64-linux-gnu/libgmp.so.10.2.0
7f528bff9000-7f528bffa000 r--p 00081000 08:01 1315106                    /usr/lib/x86_64-linux-gnu/libgmp.so.10.2.0
7f528bffa000-7f528bffb000 rw-p 00082000 08:01 1315106                    /usr/lib/x86_64-linux-gnu/libgmp.so.10.2.0
7f528c000000-7f528c021000 rw-p 00000000 00:00 0 
7f528c021000-7f5290000000 ---p 00000000 00:00 0 
7f5290000000-7f5290021000 rw-p 00000000 00:00 0 
7f5290021000-7f5294000000 ---p 00000000 00:00 0 
7f5294000000-7f5294198000 rw-p 00000000 00:00 0 
7f5294198000-7f5298000000 ---p 00000000 00:00 0 
7f5298000000-7f5298021000 rw-p 00000000 00:00 0 
7f5298021000-7f529c000000 ---p 00000000 00:00 0 
7f529c000000-7f529c021000 rw-p 00000000 00:00 0 
7f529c021000-7f52a0000000 ---p 00000000 00:00 0 
7f52a0000000-7f52a01b1000 rw-p 00000000 00:00 0 
7f52a01b1000-7f52a4000000 ---p 00000000 00:00 0 
7f52a4000000-7f52a4021000 rw-p 00000000 00:00 0 
7f52a4021000-7f52a8000000 ---p 00000000 00:00 0 
7f52a8000000-7f52a8021000 rw-p 00000000 00:00 0 
7f52a8021000-7f52ac000000 ---p 00000000 00:00 0 
7f52ac000000-7f52ac021000 rw-p 00000000 00:00 0 
7f52ac021000-7f52b0000000 ---p 00000000 00:00 0 
7f52b0018000-7f52b001a000 rw-s 00000000 08:12 34                         /tmp/.gltsspfG (deleted)
7f52b0020000-7f52b0033000 rw-s 35bb28000 00:05 17965                     /dev/nvidiactl
7f52b0038000-7f52b0058000 rw-s c0260000 00:05 19540                      /dev/nvidia0
7f52b0059000-7f52b0099000 rw-s 2fd1e1000 00:05 17965                     /dev/nvidiactl
7f52b00a0000-7f52b00ce000 r-xp 00000000 08:01 1315110                    /usr/lib/x86_64-linux-gnu/libhogweed.so.2.5
7f52b00ce000-7f52b02cd000 ---p 0002e000 08:01 1315110                    /usr/lib/x86_64-linux-gnu/libhogweed.so.2.5
7f52b02cd000-7f52b02ce000 r--p 0002d000 08:01 1315110                    /usr/lib/x86_64-linux-gnu/libhogweed.so.2.5
7f52b02ce000-7f52b02cf000 rw-p 0002e000 08:01 1315110                    /usr/lib/x86_64-linux-gnu/libhogweed.so.2.5
7f52b02d0000-7f52b0300000 r-xp 00000000 08:01 1315108                    /usr/lib/x86_64-linux-gnu/libnettle.so.4.7
7f52b0300000-7f52b0500000 ---p 00030000 08:01 1315108                    /usr/lib/x86_64-linux-gnu/libnettle.so.4.7
7f52b0500000-7f52b0501000 r--p 00030000 08:01 1315108                    /usr/lib/x86_64-linux-gnu/libnettle.so.4.7
7f52b0501000-7f52b0502000 rw-p 00031000 08:01 1315108                    /usr/lib/x86_64-linux-gnu/libnettle.so.4.7
7f52b0508000-7f52b0519000 r-xp 00000000 08:01 1315458                    /usr/lib/x86_64-linux-gnu/libtasn1.so.6.3.2
7f52b0519000-7f52b0719000 ---p 00011000 08:01 1315458                    /usr/lib/x86_64-linux-gnu/libtasn1.so.6.3.2
7f52b0719000-7f52b071b000 r--p 00011000 08:01 1315458                    /usr/lib/x86_64-linux-gnu/libtasn1.so.6.3.2
7f52b071b000-7f52b071c000 rw-p 00013000 08:01 1315458                    /usr/lib/x86_64-linux-gnu/libtasn1.so.6.3.2
7f52b0720000-7f52b075c000 r-xp 00000000 08:01 1315113                    /usr/lib/x86_64-linux-gnu/libp11-kit.so.0.0.0
7f52b075c000-7f52b095b000 ---p 0003c000 08:01 1315113                    /usr/lib/x86_64-linux-gnu/libp11-kit.so.0.0.0
7f52b095b000-7f52b0964000 r--p 0003b000 08:01 1315113                    /usr/lib/x86_64-linux-gnu/libp11-kit.so.0.0.0
7f52b0964000-7f52b0966000 rw-p 00044000 08:01 1315113                    /usr/lib/x86_64-linux-gnu/libp11-kit.so.0.0.0
7f52b0968000-7f52b096b000 r-xp 00000000 08:01 6422538                    /lib/x86_64-linux-gnu/libkeyutils.so.1.5
7f52b096b000-7f52b0b6a000 ---p 00003000 08:01 6422538                    /lib/x86_64-linux-gnu/libkeyutils.so.1.5
7f52b0b6a000-7f52b0b6b000 r--p 00002000 08:01 6422538                    /lib/x86_64-linux-gnu/libkeyutils.so.1.5
7f52b0b6b000-7f52b0b6c000 rw-p 00003000 08:01 6422538                    /lib/x86_64-linux-gnu/libkeyutils.so.1.5
7f52b0b70000-7f52b0b7b000 r-xp 00000000 08:01 1317160                    /usr/lib/x86_64-linux-gnu/libkrb5support.so.0.1
7f52b0b7b000-7f52b0d7a000 ---p 0000b000 08:01 1317160                    /usr/lib/x86_64-linux-gnu/libkrb5support.so.0.1
7f52b0d7a000-7f52b0d7b000 r--p 0000a000 08:01 1317160                    /usr/lib/x86_64-linux-gnu/libkrb5support.so.0.1
7f52b0d7b000-7f52b0d7c000 rw-p 0000b000 08:01 1317160                    /usr/lib/x86_64-linux-gnu/libkrb5support.so.0.1
7f52b0d80000-7f52b0d83000 r-xp 00000000 08:01 6422616                    /lib/x86_64-linux-gnu/libcom_err.so.2.1
7f52b0d83000-7f52b0f82000 ---p 00003000 08:01 6422616                    /lib/x86_64-linux-gnu/libcom_err.so.2.1
7f52b0f82000-7f52b0f83000 r--p 00002000 08:01 6422616                    /lib/x86_64-linux-gnu/libcom_err.so.2.1
7f52b0f83000-7f52b0f84000 rw-p 00003000 08:01 6422616                    /lib/x86_64-linux-gnu/libcom_err.so.2.1
7f52b0f88000-7f52b0fb6000 r-xp 00000000 08:01 1317162                    /usr/lib/x86_64-linux-gnu/libk5crypto.so.3.1
7f52b0fb6000-7f52b11b5000 ---p 0002e000 08:01 1317162                    /usr/lib/x86_64-linux-gnu/libk5crypto.so.3.1
7f52b11b5000-7f52b11b7000 r--p 0002d000 08:01 1317162                    /usr/lib/x86_64-linux-gnu/libk5crypto.so.3.1
7f52b11b7000-7f52b11b8000 rw-p 0002f000 08:01 1317162                    /usr/lib/x86_64-linux-gnu/libk5crypto.so.3.1
7f52b11b8000-7f52b11b9000 rw-p 00000000 00:00 0 
7f52b11c0000-7f52b1284000 r-xp 00000000 08:01 1317164                    /usr/lib/x86_64-linux-gnu/libkrb5.so.3.3
7f52b1284000-7f52b1484000 ---p 000c4000 08:01 1317164                    /usr/lib/x86_64-linux-gnu/libkrb5.so.3.3
7f52b1484000-7f52b1491000 r--p 000c4000 08:01 1317164                    /usr/lib/x86_64-linux-gnu/libkrb5.so.3.3
7f52b1491000-7f52b1494000 rw-p 000d1000 08:01 1317164                    /usr/lib/x86_64-linux-gnu/libkrb5.so.3.3
7f52b1498000-7f52b149d000 r-xp 00000000 08:01 1317761                    /usr/lib/x86_64-linux-gnu/libXdmcp.so.6.0.0
7f52b149d000-7f52b169c000 ---p 00005000 08:01 1317761                    /usr/lib/x86_64-linux-gnu/libXdmcp.so.6.0.0
7f52b169c000-7f52b169d000 rw-p 00004000 08:01 1317761                    /usr/lib/x86_64-linux-gnu/libXdmcp.so.6.0.0
7f52b16a0000-7f52b16a3000 r-xp 00000000 08:01 1317759                    /usr/lib/x86_64-linux-gnu/libXau.so.6.0.0
7f52b16a3000-7f52b18a2000 ---p 00003000 08:01 1317759                    /usr/lib/x86_64-linux-gnu/libXau.so.6.0.0
7f52b18a2000-7f52b18a3000 r--p 00002000 08:01 1317759                    /usr/lib/x86_64-linux-gnu/libXau.so.6.0.0
7f52b18a3000-7f52b18a4000 rw-p 00003000 08:01 1317759                    /usr/lib/x86_64-linux-gnu/libXau.so.6.0.0
7f52b18a8000-7f52b18ce000 r-xp 00000000 08:01 6423568                    /lib/x86_64-linux-gnu/libpng12.so.0.50.0
7f52b18ce000-7f52b1acd000 ---p 00026000 08:01 6423568                    /lib/x86_64-linux-gnu/libpng12.so.0.50.0
7f52b1acd000-7f52b1ace000 r--p 00025000 08:01 6423568                    /lib/x86_64-linux-gnu/libpng12.so.0.50.0
7f52b1ace000-7f52b1acf000 rw-p 00026000 08:01 6423568                    /lib/x86_64-linux-gnu/libpng12.so.0.50.0
7f52b1ad0000-7f52b1af6000 r-xp 00000000 08:01 6422533                    /lib/x86_64-linux-gnu/libexpat.so.1.6.0
7f52b1af6000-7f52b1cf5000 ---p 00026000 08:01 6422533                    /lib/x86_64-linux-gnu/libexpat.so.1.6.0
7f52b1cf5000-7f52b1cf8000 r--p 00025000 08:01 6422533                    /lib/x86_64-linux-gnu/libexpat.so.1.6.0
7f52b1cf8000-7f52b1cf9000 rw-p 00028000 08:01 6422533                    /lib/x86_64-linux-gnu/libexpat.so.1.6.0
7f52b1d00000-7f52b1d10000 r-xp 00000000 08:01 1317911                    /usr/lib/x86_64-linux-gnu/libavahi-client.so.3.2.9
7f52b1d10000-7f52b1f0f000 ---p 00010000 08:01 1317911                    /usr/lib/x86_64-linux-gnu/libavahi-client.so.3.2.9
7f52b1f0f000-7f52b1f10000 r--p 0000f000 08:01 1317911                    /usr/lib/x86_64-linux-gnu/libavahi-client.so.3.2.9
7f52b1f10000-7f52b1f11000 rw-p 00010000 08:01 1317911                    /usr/lib/x86_64-linux-gnu/libavahi-client.so.3.2.9
7f52b1f18000-7f52b1f24000 r-xp 00000000 08:01 1317908                    /usr/lib/x86_64-linux-gnu/libavahi-common.so.3.5.3
7f52b1f24000-7f52b2123000 ---p 0000c000 08:01 1317908                    /usr/lib/x86_64-linux-gnu/libavahi-common.so.3.5.3
7f52b2123000-7f52b2124000 r--p 0000b000 08:01 1317908                    /usr/lib/x86_64-linux-gnu/libavahi-common.so.3.5.3
7f52b2124000-7f52b2125000 rw-p 0000c000 08:01 1317908                    /usr/lib/x86_64-linux-gnu/libavahi-common.so.3.5.3
7f52b2128000-7f52b223b000 r-xp 00000000 08:01 1314044                    /usr/lib/x86_64-linux-gnu/libgnutls-deb0.so.28.41.0
7f52b223b000-7f52b243b000 ---p 00113000 08:01 1314044                    /usr/lib/x86_64-linux-gnu/libgnutls-deb0.so.28.41.0
7f52b243b000-7f52b2444000 r--p 00113000 08:01 1314044                    /usr/lib/x86_64-linux-gnu/libgnutls-deb0.so.28.41.0
7f52b2444000-7f52b2446000 rw-p 0011c000 08:01 1314044                    /usr/lib/x86_64-linux-gnu/libgnutls-deb0.so.28.41.0
7f52b2446000-7f52b2447000 rw-p 00000000 00:00 0 
7f52b2448000-7f52b248e000 r-xp 00000000 08:01 1317167                    /usr/lib/x86_64-linux-gnu/libgssapi_krb5.so.2.2
7f52b248e000-7f52b268e000 ---p 00046000 08:01 1317167                    /usr/lib/x86_64-linux-gnu/libgssapi_krb5.so.2.2
7f52b268e000-7f52b2690000 r--p 00046000 08:01 1317167                    /usr/lib/x86_64-linux-gnu/libgssapi_krb5.so.2.2
7f52b2690000-7f52b2692000 rw-p 00048000 08:01 1317167                    /usr/lib/x86_64-linux-gnu/libgssapi_krb5.so.2.2
7f52b2698000-7f52b26b9000 r-xp 00000000 08:01 1317763                    /usr/lib/x86_64-linux-gnu/libxcb.so.1.1.0
7f52b26b9000-7f52b28b8000 ---p 00021000 08:01 1317763                    /usr/lib/x86_64-linux-gnu/libxcb.so.1.1.0
7f52b28b8000-7f52b28b9000 r--p 00020000 08:01 1317763                    /usr/lib/x86_64-linux-gnu/libxcb.so.1.1.0
7f52b28b9000-7f52b28ba000 rw-p 00021000 08:01 1317763                    /usr/lib/x86_64-linux-gnu/libxcb.so.1.1.0
7f52b28c0000-7f52b2964000 r-xp 00000000 08:01 1318123                    /usr/lib/x86_64-linux-gnu/libfreetype.so.6.11.1
7f52b2964000-7f52b2b63000 ---p 000a4000 08:01 1318123                    /usr/lib/x86_64-linux-gnu/libfreetype.so.6.11.1
7f52b2b63000-7f52b2b69000 r--p 000a3000 08:01 1318123                    /usr/lib/x86_64-linux-gnu/libfreetype.so.6.11.1
7f52b2b69000-7f52b2b6a000 rw-p 000a9000 08:01 1318123                    /usr/lib/x86_64-linux-gnu/libfreetype.so.6.11.1
7f52b2b70000-7f52b2bab000 r-xp 00000000 08:01 1318125                    /usr/lib/x86_64-linux-gnu/libfontconfig.so.1.8.0
7f52b2bab000-7f52b2daa000 ---p 0003b000 08:01 1318125                    /usr/lib/x86_64-linux-gnu/libfontconfig.so.1.8.0
7f52b2daa000-7f52b2dac000 r--p 0003a000 08:01 1318125                    /usr/lib/x86_64-linux-gnu/libfontconfig.so.1.8.0
7f52b2dac000-7f52b2dad000 rw-p 0003c000 08:01 1318125                    /usr/lib/x86_64-linux-gnu/libfontconfig.so.1.8.0
7f52b2db0000-7f52b2e20000 r-xp 00000000 08:01 1317913                    /usr/lib/x86_64-linux-gnu/libcups.so.2
7f52b2e20000-7f52b301f000 ---p 00070000 08:01 1317913                    /usr/lib/x86_64-linux-gnu/libcups.so.2
7f52b301f000-7f52b3027000 r--p 0006f000 08:01 1317913                    /usr/lib/x86_64-linux-gnu/libcups.so.2
7f52b3027000-7f52b3028000 rw-p 00077000 08:01 1317913                    /usr/lib/x86_64-linux-gnu/libcups.so.2
7f52b3028000-7f52b3037000 r-xp 00000000 08:01 1318353                    /usr/lib/x86_64-linux-gnu/libXi.so.6.1.0
7f52b3037000-7f52b3236000 ---p 0000f000 08:01 1318353                    /usr/lib/x86_64-linux-gnu/libXi.so.6.1.0
7f52b3236000-7f52b3237000 r--p 0000e000 08:01 1318353                    /usr/lib/x86_64-linux-gnu/libXi.so.6.1.0
7f52b3237000-7f52b3238000 rw-p 0000f000 08:01 1318353                    /usr/lib/x86_64-linux-gnu/libXi.so.6.1.0
7f52b3238000-7f52b323d000 r-xp 00000000 08:01 1318983                    /usr/lib/x86_64-linux-gnu/libXtst.so.6.1.0
7f52b323d000-7f52b343c000 ---p 00005000 08:01 1318983                    /usr/lib/x86_64-linux-gnu/libXtst.so.6.1.0
7f52b343c000-7f52b343d000 r--p 00004000 08:01 1318983                    /usr/lib/x86_64-linux-gnu/libXtst.so.6.1.0
7f52b343d000-7f52b343e000 rw-p 00005000 08:01 1318983                    /usr/lib/x86_64-linux-gnu/libXtst.so.6.1.0
7f52b3440000-7f52b3449000 r-xp 00000000 08:01 1317774                    /usr/lib/x86_64-linux-gnu/libXrender.so.1.3.0
7f52b3449000-7f52b3648000 ---p 00009000 08:01 1317774                    /usr/lib/x86_64-linux-gnu/libXrender.so.1.3.0
7f52b3648000-7f52b3649000 r--p 00008000 08:01 1317774                    /usr/lib/x86_64-linux-gnu/libXrender.so.1.3.0
7f52b3649000-7f52b364a000 rw-p 00009000 08:01 1317774                    /usr/lib/x86_64-linux-gnu/libXrender.so.1.3.0
7f52b3650000-7f52b378c000 r-xp 00000000 08:01 1317767                    /usr/lib/x86_64-linux-gnu/libX11.so.6.3.0
7f52b378c000-7f52b398b000 ---p 0013c000 08:01 1317767                    /usr/lib/x86_64-linux-gnu/libX11.so.6.3.0
7f52b398b000-7f52b398d000 r--p 0013b000 08:01 1317767                    /usr/lib/x86_64-linux-gnu/libX11.so.6.3.0
7f52b398d000-7f52b3992000 rw-p 0013d000 08:01 1317767                    /usr/lib/x86_64-linux-gnu/libX11.so.6.3.0
7f52b3992000-7f52b3993000 rw-p 00000000 00:00 0 
7f52b3998000-7f52b39a9000 r-xp 00000000 08:01 1317770                    /usr/lib/x86_64-linux-gnu/libXext.so.6.4.0
7f52b39a9000-7f52b3ba8000 ---p 00011000 08:01 1317770                    /usr/lib/x86_64-linux-gnu/libXext.so.6.4.0
7f52b3ba8000-7f52b3ba9000 r--p 00010000 08:01 1317770                    /usr/lib/x86_64-linux-gnu/libXext.so.6.4.0
7f52b3ba9000-7f52b3baa000 rw-p 00011000 08:01 1317770                    /usr/lib/x86_64-linux-gnu/libXext.so.6.4.0
7f52b3bb0000-7f52b3bf9000 r-xp 00000000 08:01 2235730                    /usr/lib/jvm/java-7-openjdk-amd64/jre/lib/amd64/xawt/libmawt.so
7f52b3bf9000-7f52b3df8000 ---p 00049000 08:01 2235730                    /usr/lib/jvm/java-7-openjdk-amd64/jre/lib/amd64/xawt/libmawt.so
7f52b3df8000-7f52b3df9000 r--p 00048000 08:01 2235730                    /usr/lib/jvm/java-7-openjdk-amd64/jre/lib/amd64/xawt/libmawt.so
7f52b3df9000-7f52b3dfc000 rw-p 00049000 08:01 2235730                    /usr/lib/jvm/java-7-openjdk-amd64/jre/lib/amd64/xawt/libmawt.so
7f52b3dfc000-7f52b3dfd000 rw-p 00000000 00:00 0 
7f52b3e00000-7f52bc000000 rw-p 00000000 00:00 0 
7f52bc000000-7f52bc021000 rw-p 00000000 00:00 0 
7f52bc021000-7f52c0000000 ---p 00000000 00:00 0 
7f52c0007000-7f52c0008000 rw-s 3b259f000 00:05 17965                     /dev/nvidiactl
7f52c000a000-7f52c000e000 rw-s 267a4a000 00:05 17965                     /dev/nvidiactl
7f52c0014000-7f52c0015000 rw-s cfd64000 00:05 19540                      /dev/nvidia0
7f52c001b000-7f52c003b000 rw-s 267a4b000 00:05 17965                     /dev/nvidiactl
7f52c003c000-7f52c003d000 rw-s cfd64000 00:05 19540                      /dev/nvidia0
7f52c0043000-7f52c0083000 rw-s 33b3f3000 00:05 17965                     /dev/nvidiactl
7f52c0084000-7f52c00a4000 rw-s 2fd224000 00:05 17965                     /dev/nvidiactl
7f52c00aa000-7f52c00ab000 rw-s fd642000 00:05 19540                      /dev/nvidia0
7f52c00ae000-7f52c00b1000 ---p 00000000 00:00 0 
7f52c00b1000-7f52c00e7000 rw-p 00000000 00:00 0                          [stack:15776]
7f52c00e7000-7f52c00ea000 ---p 00000000 00:00 0 
7f52c00ea000-7f52c01e8000 rw-p 00000000 00:00 0                          [stack:15773]
7f52c01e8000-7f52c0289000 r-xp 00000000 08:01 2101931                    /usr/lib/jvm/java-7-openjdk-amd64/jre/lib/amd64/libawt.so
7f52c0289000-7f52c0488000 ---p 000a1000 08:01 2101931                    /usr/lib/jvm/java-7-openjdk-amd64/jre/lib/amd64/libawt.so
7f52c0488000-7f52c0489000 r--p 000a0000 08:01 2101931                    /usr/lib/jvm/java-7-openjdk-amd64/jre/lib/amd64/libawt.so
7f52c0489000-7f52c0494000 rw-p 000a1000 08:01 2101931                    /usr/lib/jvm/java-7-openjdk-amd64/jre/lib/amd64/libawt.so
7f52c0494000-7f52c04b9000 rw-p 00000000 00:00 0 
7f52c04bf000-7f52c07c0000 rw-p 00000000 00:00 0 
7f52c07c0000-7f52c082c000 r-xp 00000000 08:01 6423678                    /lib/x86_64-linux-gnu/libpcre.so.3.13.1
7f52c082c000-7f52c0a2c000 ---p 0006c000 08:01 6423678                    /lib/x86_64-linux-gnu/libpcre.so.3.13.1
7f52c0a2c000-7f52c0a2d000 r--p 0006c000 08:01 6423678                    /lib/x86_64-linux-gnu/libpcre.so.3.13.1
7f52c0a2d000-7f52c0a2e000 rw-p 0006d000 08:01 6423678                    /lib/x86_64-linux-gnu/libpcre.so.3.13.1
7f52c0a30000-7f52c0a37000 r-xp 00000000 08:01 1315076                    /usr/lib/x86_64-linux-gnu/libffi.so.6.0.2
7f52c0a37000-7f52c0c36000 ---p 00007000 08:01 1315076                    /usr/lib/x86_64-linux-gnu/libffi.so.6.0.2
7f52c0c36000-7f52c0c37000 r--p 00006000 08:01 1315076                    /usr/lib/x86_64-linux-gnu/libffi.so.6.0.2
7f52c0c37000-7f52c0c38000 rw-p 00007000 08:01 1315076                    /usr/lib/x86_64-linux-gnu/libffi.so.6.0.2
7f52c0c38000-7f52c0c4c000 r-xp 00000000 08:01 6425568                    /lib/x86_64-linux-gnu/libresolv-2.19.so
7f52c0c4c000-7f52c0e4b000 ---p 00014000 08:01 6425568                    /lib/x86_64-linux-gnu/libresolv-2.19.so
7f52c0e4b000-7f52c0e4c000 r--p 00013000 08:01 6425568                    /lib/x86_64-linux-gnu/libresolv-2.19.so
7f52c0e4c000-7f52c0e4d000 rw-p 00014000 08:01 6425568                    /lib/x86_64-linux-gnu/libresolv-2.19.so
7f52c0e4d000-7f52c0e4f000 rw-p 00000000 00:00 0 
7f52c0e50000-7f52c0e71000 r-xp 00000000 08:01 6422627                    /lib/x86_64-linux-gnu/libselinux.so.1
7f52c0e71000-7f52c1071000 ---p 00021000 08:01 6422627                    /lib/x86_64-linux-gnu/libselinux.so.1
7f52c1071000-7f52c1072000 r--p 00021000 08:01 6422627                    /lib/x86_64-linux-gnu/libselinux.so.1
7f52c1072000-7f52c1073000 rw-p 00022000 08:01 6422627                    /lib/x86_64-linux-gnu/libselinux.so.1
7f52c1073000-7f52c1075000 rw-p 00000000 00:00 0 
7f52c1078000-7f52c107b000 r-xp 00000000 08:01 1318028                    /usr/lib/x86_64-linux-gnu/libgmodule-2.0.so.0.4200.1
7f52c107b000-7f52c127a000 ---p 00003000 08:01 1318028                    /usr/lib/x86_64-linux-gnu/libgmodule-2.0.so.0.4200.1
7f52c127a000-7f52c127b000 r--p 00002000 08:01 1318028                    /usr/lib/x86_64-linux-gnu/libgmodule-2.0.so.0.4200.1
7f52c127b000-7f52c127c000 rw-p 00003000 08:01 1318028                    /usr/lib/x86_64-linux-gnu/libgmodule-2.0.so.0.4200.1
7f52c1280000-7f52c138c000 r-xp 00000000 08:01 6423013                    /lib/x86_64-linux-gnu/libglib-2.0.so.0.4200.1
7f52c138c000-7f52c158c000 ---p 0010c000 08:01 6423013                    /lib/x86_64-linux-gnu/libglib-2.0.so.0.4200.1
7f52c158c000-7f52c158d000 r--p 0010c000 08:01 6423013                    /lib/x86_64-linux-gnu/libglib-2.0.so.0.4200.1
7f52c158d000-7f52c158e000 rw-p 0010d000 08:01 6423013                    /lib/x86_64-linux-gnu/libglib-2.0.so.0.4200.1
7f52c158e000-7f52c158f000 rw-p 00000000 00:00 0 
7f52c1590000-7f52c15e1000 r-xp 00000000 08:01 1318029                    /usr/lib/x86_64-linux-gnu/libgobject-2.0.so.0.4200.1
7f52c15e1000-7f52c17e0000 ---p 00051000 08:01 1318029                    /usr/lib/x86_64-linux-gnu/libgobject-2.0.so.0.4200.1
7f52c17e0000-7f52c17e1000 r--p 00050000 08:01 1318029                    /usr/lib/x86_64-linux-gnu/libgobject-2.0.so.0.4200.1
7f52c17e1000-7f52c17e2000 rw-p 00051000 08:01 1318029                    /usr/lib/x86_64-linux-gnu/libgobject-2.0.so.0.4200.1
7f52c17e8000-7f52c1959000 r-xp 00000000 08:01 1318031                    /usr/lib/x86_64-linux-gnu/libgio-2.0.so.0.4200.1
7f52c1959000-7f52c1b59000 ---p 00171000 08:01 1318031                    /usr/lib/x86_64-linux-gnu/libgio-2.0.so.0.4200.1
7f52c1b59000-7f52c1b5d000 r--p 00171000 08:01 1318031                    /usr/lib/x86_64-linux-gnu/libgio-2.0.so.0.4200.1
7f52c1b5d000-7f52c1b5f000 rw-p 00175000 08:01 1318031                    /usr/lib/x86_64-linux-gnu/libgio-2.0.so.0.4200.1
7f52c1b5f000-7f52c1b61000 rw-p 00000000 00:00 0 
7f52c1b63000-7f52c1b64000 rw-s 418c63000 00:05 17965                     /dev/nvidiactl
7f52c1b69000-7f52c1b6a000 rw-s fd641000 00:05 19540                      /dev/nvidia0
7f52c1b70000-7f52c1b71000 rw-s 41ad40000 00:05 17965                     /dev/nvidiactl
7f52c1b73000-7f52c1b74000 rw-s 42ad63000 00:05 17965                     /dev/nvidiactl
7f52c1b78000-7f52c1b79000 rw-s fd060000 00:05 19540                      /dev/nvidia0
7f52c1b80000-7f52c1b81000 r--p 00000000 08:01 1314157                    /usr/share/locale/en_GB/LC_MESSAGES/libc.mo
7f52c1b83000-7f52c1b8e000 r--s 00203000 08:01 2101903                    /usr/lib/jvm/java-7-openjdk-amd64/jre/lib/charsets.jar
7f52c1b90000-7f52c1ba8000 r-xp 00000000 08:01 2101942                    /usr/lib/jvm/java-7-openjdk-amd64/jre/lib/amd64/libnet.so
7f52c1ba8000-7f52c1da7000 ---p 00018000 08:01 2101942                    /usr/lib/jvm/java-7-openjdk-amd64/jre/lib/amd64/libnet.so
7f52c1da7000-7f52c1da8000 r--p 00017000 08:01 2101942                    /usr/lib/jvm/java-7-openjdk-amd64/jre/lib/amd64/libnet.so
7f52c1da8000-7f52c1da9000 rw-p 00018000 08:01 2101942                    /usr/lib/jvm/java-7-openjdk-amd64/jre/lib/amd64/libnet.so
7f52c1daf000-7f52c1db2000 ---p 00000000 00:00 0 
7f52c1db2000-7f52c1eb0000 rw-p 00000000 00:00 0                          [stack:15769]
7f52c1eb0000-7f52c1eb1000 r-xp 00000000 08:01 1573728                    /opt/intellij-idea/bin/libbreakgen64.so
7f52c1eb1000-7f52c20b0000 ---p 00001000 08:01 1573728                    /opt/intellij-idea/bin/libbreakgen64.so
7f52c20b0000-7f52c20b1000 r--p 00000000 08:01 1573728                    /opt/intellij-idea/bin/libbreakgen64.so
7f52c20b1000-7f52c20b2000 rw-p 00001000 08:01 1573728                    /opt/intellij-idea/bin/libbreakgen64.so
7f52c20b9000-7f52c20bb000 r--s 00019000 08:01 1578241                    /opt/intellij-idea/lib/idea_rt.jar
7f52c20c2000-7f52c20c3000 r--s 00002000 08:13 4850952                    /home/mart/IdeaProjects/Multiplayer World 2/libs/PNGDecoder.jar
7f52c20c7000-7f52c20ca000 r--s 00017000 08:13 9045358                    /home/mart/IdeaProjects/Multiplayer World 2/libs/slick-util.jar
7f52c20cf000-7f52c20d3000 r--s 00027000 08:13 9045357                    /home/mart/IdeaProjects/Multiplayer World 2/libs/lwjgl_util.jar
7f52c20d3000-7f52c20e2000 r--s 000f3000 08:13 9045342                    /home/mart/IdeaProjects/Multiplayer World 2/libs/lwjgl.jar
7f52c20e7000-7f52c20f5000 r--s 0010f000 08:01 2101969                    /usr/lib/jvm/java-7-openjdk-amd64/jre/lib/rhino.jar
7f52c20f6000-7f52c2100000 r--s 000ae000 08:01 2101899                    /usr/lib/jvm/java-7-openjdk-amd64/jre/lib/resources.jar
7f52c2100000-7f52c2101000 r--s 00000000 08:01 2101978                    /usr/lib/jvm/java-7-openjdk-amd64/jre/lib/management-agent.jar
7f52c2106000-7f52c210b000 r--s 0004e000 08:01 2101968                    /usr/lib/jvm/java-7-openjdk-amd64/jre/lib/jsse.jar
7f52c2110000-7f52c2112000 r--s 00018000 08:01 2101971                    /usr/lib/jvm/java-7-openjdk-amd64/jre/lib/jce.jar
7f52c2113000-7f52c2114000 ---p 00000000 00:00 0 
7f52c2114000-7f52c2214000 rw-p 00000000 00:00 0                          [stack:15768]
7f52c2214000-7f52c2217000 ---p 00000000 00:00 0 
7f52c2217000-7f52c2315000 rw-p 00000000 00:00 0                          [stack:15767]
7f52c2315000-7f52c2318000 ---p 00000000 00:00 0 
7f52c2318000-7f52c2416000 rw-p 00000000 00:00 0                          [stack:15766]
7f52c2416000-7f52c2419000 ---p 00000000 00:00 0 
7f52c2419000-7f52c2517000 rw-p 00000000 00:00 0                          [stack:15765]
7f52c2517000-7f52c251a000 ---p 00000000 00:00 0 
7f52c251a000-7f52c2618000 rw-p 00000000 00:00 0                          [stack:15764]
7f52c2618000-7f52c27a1000 r--p 00000000 08:01 1314223                    /usr/lib/locale/locale-archive
7f52c27a6000-7f52c27a9000 ---p 00000000 00:00 0 
7f52c27a9000-7f52c28a7000 rw-p 00000000 00:00 0                          [stack:15756]
7f52c28a7000-7f52c28aa000 ---p 00000000 00:00 0 
7f52c28aa000-7f52c29a8000 rw-p 00000000 00:00 0                          [stack:15755]
7f52c29a8000-7f52c29a9000 ---p 00000000 00:00 0 
7f52c29a9000-7f52c4000000 rw-p 00000000 00:00 0                          [stack:15752]
7f52c4000000-7f52c4021000 rw-p 00000000 00:00 0 
7f52c4021000-7f52c8000000 ---p 00000000 00:00 0 
7f52c8000000-7f52c8021000 rw-p 00000000 00:00 0 
7f52c8021000-7f52cc000000 ---p 00000000 00:00 0 
7f52cc000000-7f52cc021000 rw-p 00000000 00:00 0 
7f52cc021000-7f52d0000000 ---p 00000000 00:00 0 
7f52d0000000-7f52d0021000 rw-p 00000000 00:00 0 
7f52d0021000-7f52d4000000 ---p 00000000 00:00 0 
7f52d4000000-7f52d4021000 rw-p 00000000 00:00 0 
7f52d4021000-7f52d8000000 ---p 00000000 00:00 0 
7f52d8000000-7f52d8021000 rw-p 00000000 00:00 0 
7f52d8021000-7f52dc000000 ---p 00000000 00:00 0 
7f52dc000000-7f52dc021000 rw-p 00000000 00:00 0 
7f52dc021000-7f52e0000000 ---p 00000000 00:00 0 
7f52e0003000-7f52e062a000 rw-p 00000000 00:00 0 
7f52e062a000-7f52e07dc000 r--s 01d32000 08:01 2101898                    /usr/lib/jvm/java-7-openjdk-amd64/jre/lib/rt.jar
7f52e07e0000-7f52e1000000 rw-p 00000000 00:00 0 
7f52e1000000-7f52e1270000 rwxp 00000000 00:00 0 
7f52e1270000-7f52e4a8d000 rw-p 00000000 00:00 0 
7f52e4a8d000-7f52e8000000 ---p 00000000 00:00 0 
7f52e8002000-7f52e8003000 r--s 0000a000 08:01 2101901                    /usr/lib/jvm/java-7-openjdk-amd64/jre/lib/javazic.jar
7f52e8008000-7f52e8009000 r--s 00000000 08:01 2101972                    /usr/lib/jvm/java-7-openjdk-amd64/jre/lib/compilefontconfig.jar
7f52e800b000-7f52e8016000 r--s 00203000 08:01 2101903                    /usr/lib/jvm/java-7-openjdk-amd64/jre/lib/charsets.jar
7f52e8016000-7f52e8270000 rw-p 00000000 00:00 0 
7f52e8270000-7f52e8271000 ---p 00000000 00:00 0 
7f52e8271000-7f52e8371000 rw-p 00000000 00:00 0                          [stack:15742]
7f52e8371000-7f52e8372000 ---p 00000000 00:00 0 
7f52e8372000-7f52e8472000 rw-p 00000000 00:00 0                          [stack:15741]
7f52e8472000-7f52e8473000 ---p 00000000 00:00 0 
7f52e8473000-7f52e8573000 rw-p 00000000 00:00 0                          [stack:15740]
7f52e8573000-7f52e8574000 ---p 00000000 00:00 0 
7f52e8574000-7f52e8674000 rw-p 00000000 00:00 0                          [stack:15739]
7f52e8674000-7f52e8675000 ---p 00000000 00:00 0 
7f52e8675000-7f52e8775000 rw-p 00000000 00:00 0                          [stack:15738]
7f52e8775000-7f52e8776000 ---p 00000000 00:00 0 
7f52e8776000-7f52e8876000 rw-p 00000000 00:00 0                          [stack:15737]
7f52e8876000-7f52e8877000 ---p 00000000 00:00 0 
7f52e8877000-7f52e8977000 rw-p 00000000 00:00 0                          [stack:15736]
7f52e8977000-7f52e8978000 ---p 00000000 00:00 0 
7f52e8978000-7f52e8a83000 rw-p 00000000 00:00 0                          [stack:15735]
7f52e8a83000-7f52e8acb000 rw-p 00000000 00:00 0 
7f52e8acb000-7f52e8b1e000 rw-p 00000000 00:00 0 
7f52e8b1e000-7f52e8fff000 rw-p 00000000 00:00 0 
7f52e8fff000-7f52e900a000 rw-p 00000000 00:00 0 
7f52e900a000-7f52e9052000 rw-p 00000000 00:00 0 
7f52e9052000-7f52e90a5000 rw-p 00000000 00:00 0 
7f52e90a5000-7f52e9585000 rw-p 00000000 00:00 0 
7f52e9585000-7f52e95af000 rw-p 00000000 00:00 0 
7f52e95af000-7f52e981f000 rw-p 00000000 00:00 0 
7f52e981f000-7f52e9820000 rw-p 00000000 00:00 0 
7f52e9820000-7f52e9828000 r-xp 00000000 08:01 2101919                    /usr/lib/jvm/java-7-openjdk-amd64/jre/lib/amd64/libzip.so
7f52e9828000-7f52e9a27000 ---p 00008000 08:01 2101919                    /usr/lib/jvm/java-7-openjdk-amd64/jre/lib/amd64/libzip.so
7f52e9a27000-7f52e9a28000 r--p 00007000 08:01 2101919                    /usr/lib/jvm/java-7-openjdk-amd64/jre/lib/amd64/libzip.so
7f52e9a28000-7f52e9a29000 rw-p 00008000 08:01 2101919                    /usr/lib/jvm/java-7-openjdk-amd64/jre/lib/amd64/libzip.so
7f52e9a30000-7f52e9a3b000 r-xp 00000000 08:01 6425563                    /lib/x86_64-linux-gnu/libnss_files-2.19.so
7f52e9a3b000-7f52e9c3a000 ---p 0000b000 08:01 6425563                    /lib/x86_64-linux-gnu/libnss_files-2.19.so
7f52e9c3a000-7f52e9c3b000 r--p 0000a000 08:01 6425563                    /lib/x86_64-linux-gnu/libnss_files-2.19.so
7f52e9c3b000-7f52e9c3c000 rw-p 0000b000 08:01 6425563                    /lib/x86_64-linux-gnu/libnss_files-2.19.so
7f52e9c40000-7f52e9c4a000 r-xp 00000000 08:01 6425565                    /lib/x86_64-linux-gnu/libnss_nis-2.19.so
7f52e9c4a000-7f52e9e49000 ---p 0000a000 08:01 6425565                    /lib/x86_64-linux-gnu/libnss_nis-2.19.so
7f52e9e49000-7f52e9e4a000 r--p 00009000 08:01 6425565                    /lib/x86_64-linux-gnu/libnss_nis-2.19.so
7f52e9e4a000-7f52e9e4b000 rw-p 0000a000 08:01 6425565                    /lib/x86_64-linux-gnu/libnss_nis-2.19.so
7f52e9e50000-7f52e9e65000 r-xp 00000000 08:01 6425560                    /lib/x86_64-linux-gnu/libnsl-2.19.so
7f52e9e65000-7f52ea064000 ---p 00015000 08:01 6425560                    /lib/x86_64-linux-gnu/libnsl-2.19.so
7f52ea064000-7f52ea065000 r--p 00014000 08:01 6425560                    /lib/x86_64-linux-gnu/libnsl-2.19.so
7f52ea065000-7f52ea066000 rw-p 00015000 08:01 6425560                    /lib/x86_64-linux-gnu/libnsl-2.19.so
7f52ea066000-7f52ea068000 rw-p 00000000 00:00 0 
7f52ea068000-7f52ea06f000 r-xp 00000000 08:01 6425561                    /lib/x86_64-linux-gnu/libnss_compat-2.19.so
7f52ea06f000-7f52ea26e000 ---p 00007000 08:01 6425561                    /lib/x86_64-linux-gnu/libnss_compat-2.19.so
7f52ea26e000-7f52ea26f000 r--p 00006000 08:01 6425561                    /lib/x86_64-linux-gnu/libnss_compat-2.19.so
7f52ea26f000-7f52ea270000 rw-p 00007000 08:01 6425561                    /lib/x86_64-linux-gnu/libnss_compat-2.19.so
7f52ea270000-7f52ea29d000 r-xp 00000000 08:01 2101951                    /usr/lib/jvm/java-7-openjdk-amd64/jre/lib/amd64/libjava.so
7f52ea29d000-7f52ea49c000 ---p 0002d000 08:01 2101951                    /usr/lib/jvm/java-7-openjdk-amd64/jre/lib/amd64/libjava.so
7f52ea49c000-7f52ea49d000 r--p 0002c000 08:01 2101951                    /usr/lib/jvm/java-7-openjdk-amd64/jre/lib/amd64/libjava.so
7f52ea49d000-7f52ea49f000 rw-p 0002d000 08:01 2101951                    /usr/lib/jvm/java-7-openjdk-amd64/jre/lib/amd64/libjava.so
7f52ea4a0000-7f52ea4af000 r-xp 00000000 08:01 2101914                    /usr/lib/jvm/java-7-openjdk-amd64/jre/lib/amd64/libverify.so
7f52ea4af000-7f52ea6ae000 ---p 0000f000 08:01 2101914                    /usr/lib/jvm/java-7-openjdk-amd64/jre/lib/amd64/libverify.so
7f52ea6ae000-7f52ea6b1000 r--p 0000e000 08:01 2101914                    /usr/lib/jvm/java-7-openjdk-amd64/jre/lib/amd64/libverify.so
7f52ea6b1000-7f52ea6b2000 rw-p 00011000 08:01 2101914                    /usr/lib/jvm/java-7-openjdk-amd64/jre/lib/amd64/libverify.so
7f52ea6b8000-7f52ea6bf000 r-xp 00000000 08:01 6425569                    /lib/x86_64-linux-gnu/librt-2.19.so
7f52ea6bf000-7f52ea8be000 ---p 00007000 08:01 6425569                    /lib/x86_64-linux-gnu/librt-2.19.so
7f52ea8be000-7f52ea8bf000 r--p 00006000 08:01 6425569                    /lib/x86_64-linux-gnu/librt-2.19.so
7f52ea8bf000-7f52ea8c0000 rw-p 00007000 08:01 6425569                    /lib/x86_64-linux-gnu/librt-2.19.so
7f52ea8c0000-7f52ea8d6000 r-xp 00000000 08:01 6422532                    /lib/x86_64-linux-gnu/libgcc_s.so.1
7f52ea8d6000-7f52eaad5000 ---p 00016000 08:01 6422532                    /lib/x86_64-linux-gnu/libgcc_s.so.1
7f52eaad5000-7f52eaad6000 rw-p 00015000 08:01 6422532                    /lib/x86_64-linux-gnu/libgcc_s.so.1
7f52eaad8000-7f52eabd8000 r-xp 00000000 08:01 6425558                    /lib/x86_64-linux-gnu/libm-2.19.so
7f52eabd8000-7f52eadd7000 ---p 00100000 08:01 6425558                    /lib/x86_64-linux-gnu/libm-2.19.so
7f52eadd7000-7f52eadd8000 r--p 000ff000 08:01 6425558                    /lib/x86_64-linux-gnu/libm-2.19.so
7f52eadd8000-7f52eadd9000 rw-p 00100000 08:01 6425558                    /lib/x86_64-linux-gnu/libm-2.19.so
7f52eade0000-7f52eaecc000 r-xp 00000000 08:01 1315446                    /usr/lib/x86_64-linux-gnu/libstdc++.so.6.0.20
7f52eaecc000-7f52eb0cc000 ---p 000ec000 08:01 1315446                    /usr/lib/x86_64-linux-gnu/libstdc++.so.6.0.20
7f52eb0cc000-7f52eb0d4000 r--p 000ec000 08:01 1315446                    /usr/lib/x86_64-linux-gnu/libstdc++.so.6.0.20
7f52eb0d4000-7f52eb0d6000 rw-p 000f4000 08:01 1315446                    /usr/lib/x86_64-linux-gnu/libstdc++.so.6.0.20
7f52eb0d6000-7f52eb0eb000 rw-p 00000000 00:00 0 
7f52eb0f0000-7f52ebc46000 r-xp 00000000 08:01 2101927                    /usr/lib/jvm/java-7-openjdk-amd64/jre/lib/amd64/server/libjvm.so
7f52ebc46000-7f52ebe46000 ---p 00b56000 08:01 2101927                    /usr/lib/jvm/java-7-openjdk-amd64/jre/lib/amd64/server/libjvm.so
7f52ebe46000-7f52ebee5000 r--p 00b56000 08:01 2101927                    /usr/lib/jvm/java-7-openjdk-amd64/jre/lib/amd64/server/libjvm.so
7f52ebee5000-7f52ebf08000 rw-p 00bf5000 08:01 2101927                    /usr/lib/jvm/java-7-openjdk-amd64/jre/lib/amd64/server/libjvm.so
7f52ebf08000-7f52ebf35000 rw-p 00000000 00:00 0 
7f52ebf38000-7f52ebf52000 r-xp 00000000 08:01 6422628                    /lib/x86_64-linux-gnu/libz.so.1.2.8
7f52ebf52000-7f52ec151000 ---p 0001a000 08:01 6422628                    /lib/x86_64-linux-gnu/libz.so.1.2.8
7f52ec151000-7f52ec152000 r--p 00019000 08:01 6422628                    /lib/x86_64-linux-gnu/libz.so.1.2.8
7f52ec152000-7f52ec153000 rw-p 0001a000 08:01 6422628                    /lib/x86_64-linux-gnu/libz.so.1.2.8
7f52ec158000-7f52ec2f7000 r-xp 00000000 08:01 6425554                    /lib/x86_64-linux-gnu/libc-2.19.so
7f52ec2f7000-7f52ec4f7000 ---p 0019f000 08:01 6425554                    /lib/x86_64-linux-gnu/libc-2.19.so
7f52ec4f7000-7f52ec4fb000 r--p 0019f000 08:01 6425554                    /lib/x86_64-linux-gnu/libc-2.19.so
7f52ec4fb000-7f52ec4fd000 rw-p 001a3000 08:01 6425554                    /lib/x86_64-linux-gnu/libc-2.19.so
7f52ec4fd000-7f52ec501000 rw-p 00000000 00:00 0 
7f52ec508000-7f52ec50b000 r-xp 00000000 08:01 6425557                    /lib/x86_64-linux-gnu/libdl-2.19.so
7f52ec50b000-7f52ec70a000 ---p 00003000 08:01 6425557                    /lib/x86_64-linux-gnu/libdl-2.19.so
7f52ec70a000-7f52ec70b000 r--p 00002000 08:01 6425557                    /lib/x86_64-linux-gnu/libdl-2.19.so
7f52ec70b000-7f52ec70c000 rw-p 00003000 08:01 6425557                    /lib/x86_64-linux-gnu/libdl-2.19.so
7f52ec710000-7f52ec71d000 r-xp 00000000 08:01 2101917                    /usr/lib/jvm/java-7-openjdk-amd64/jre/lib/amd64/jli/libjli.so
7f52ec71d000-7f52ec91c000 ---p 0000d000 08:01 2101917                    /usr/lib/jvm/java-7-openjdk-amd64/jre/lib/amd64/jli/libjli.so
7f52ec91c000-7f52ec91d000 r--p 0000c000 08:01 2101917                    /usr/lib/jvm/java-7-openjdk-amd64/jre/lib/amd64/jli/libjli.so
7f52ec91d000-7f52ec91e000 rw-p 0000d000 08:01 2101917                    /usr/lib/jvm/java-7-openjdk-amd64/jre/lib/amd64/jli/libjli.so
7f52ec920000-7f52ec938000 r-xp 00000000 08:01 6425550                    /lib/x86_64-linux-gnu/libpthread-2.19.so
7f52ec938000-7f52ecb37000 ---p 00018000 08:01 6425550                    /lib/x86_64-linux-gnu/libpthread-2.19.so
7f52ecb37000-7f52ecb38000 r--p 00017000 08:01 6425550                    /lib/x86_64-linux-gnu/libpthread-2.19.so
7f52ecb38000-7f52ecb39000 rw-p 00018000 08:01 6425550                    /lib/x86_64-linux-gnu/libpthread-2.19.so
7f52ecb39000-7f52ecb3d000 rw-p 00000000 00:00 0 
7f52ecb40000-7f52ecb60000 r-xp 00000000 08:01 6425551                    /lib/x86_64-linux-gnu/ld-2.19.so
7f52ecb67000-7f52ecb6a000 r--s 0000f000 08:01 2101910                    /usr/lib/jvm/java-7-openjdk-amd64/jre/lib/ext/icedtea-sound.jar
7f52ecb6c000-7f52ecb70000 r--s 00034000 08:01 2101912                    /usr/lib/jvm/java-7-openjdk-amd64/jre/lib/ext/sunjce_provider.jar
7f52ecb75000-7f52ecb7f000 rw-p 00000000 00:00 0 
7f52ecb7f000-7f52ecc35000 rw-p 00000000 00:00 0 
7f52ecc35000-7f52ecc38000 ---p 00000000 00:00 0 
7f52ecc38000-7f52ecd38000 rw-p 00000000 00:00 0                          [stack:15732]
7f52ecd3e000-7f52ecd40000 r--s 00006000 08:01 1841746                    /usr/share/java/java-atk-wrapper.jar
7f52ecd42000-7f52ecd44000 r--s 00012000 08:01 2101907                    /usr/lib/jvm/java-7-openjdk-amd64/jre/lib/ext/zipfs.jar
7f52ecd45000-7f52ecd49000 r--s 00085000 08:01 2101908                    /usr/lib/jvm/java-7-openjdk-amd64/jre/lib/ext/localedata.jar
7f52ecd4a000-7f52ecd4b000 r--s 00002000 08:01 2101909                    /usr/lib/jvm/java-7-openjdk-amd64/jre/lib/ext/dnsns.jar
7f52ecd4c000-7f52ecd50000 r--s 0003c000 08:01 2101911                    /usr/lib/jvm/java-7-openjdk-amd64/jre/lib/ext/sunpkcs11.jar
7f52ecd50000-7f52ecd58000 rw-s 00000000 08:12 3145731                    /tmp/hsperfdata_mart/15731
7f52ecd5b000-7f52ecd5e000 rw-p 00000000 00:00 0 
7f52ecd5e000-7f52ecd5f000 r--p 00000000 00:00 0 
7f52ecd5f000-7f52ecd60000 rw-p 00000000 00:00 0 
7f52ecd60000-7f52ecd61000 r--p 00020000 08:01 6425551                    /lib/x86_64-linux-gnu/ld-2.19.so
7f52ecd61000-7f52ecd62000 rw-p 00021000 08:01 6425551                    /lib/x86_64-linux-gnu/ld-2.19.so
7f52ecd62000-7f52ecd64000 rw-p 00000000 00:00 0 
7f52ecd64000-7f52ecd67000 rw-p 00000000 00:00 0 
7ffe6528d000-7ffe652ae000 rw-p 00000000 00:00 0                          [stack]
7ffe652f0000-7ffe652f2000 r-xp 00000000 00:00 0                          [vdso]
7ffe652f2000-7ffe652f4000 r--p 00000000 00:00 0                          [vvar]
ffffffffff600000-ffffffffff601000 r-xp 00000000 00:00 0                  [vsyscall]

VM Arguments:
jvm_args: -Djava.library.path=libs/ -Didea.launcher.port=7548 -Didea.launcher.bin.path=/opt/intellij-idea/bin -Dfile.encoding=UTF-8 
java_command: com.intellij.rt.execution.application.AppMain engine.GameLoop
Launcher Type: SUN_STANDARD

Environment Variables:
PATH=/usr/local/bin:/usr/bin:/bin:/usr/local/games:/usr/games
USERNAME=mart
LD_LIBRARY_PATH=/opt/intellij-idea/bin:
SHELL=/bin/bash
DISPLAY=:0

Signal Handlers:
SIGSEGV: [libjvm.so+0x988620], sa_mask[0]=0x7ffbfeff, sa_flags=0x10000004
SIGBUS: [libjvm.so+0x988620], sa_mask[0]=0x7ffbfeff, sa_flags=0x10000004
SIGFPE: [libjvm.so+0x7f5420], sa_mask[0]=0x7ffbfeff, sa_flags=0x10000004
SIGPIPE: [libjvm.so+0x7f5420], sa_mask[0]=0x7ffbfeff, sa_flags=0x10000004
SIGXFSZ: [libjvm.so+0x7f5420], sa_mask[0]=0x7ffbfeff, sa_flags=0x10000004
SIGILL: [libjvm.so+0x7f5420], sa_mask[0]=0x7ffbfeff, sa_flags=0x10000004
SIGUSR1: SIG_DFL, sa_mask[0]=0x00000000, sa_flags=0x00000000
SIGUSR2: [libjvm.so+0x7f52a0], sa_mask[0]=0x00000004, sa_flags=0x10000004
SIGHUP: [libjvm.so+0x7f54a0], sa_mask[0]=0x7ffbfeff, sa_flags=0x10000004
SIGINT: [libjvm.so+0x7f54a0], sa_mask[0]=0x7ffbfeff, sa_flags=0x10000004
SIGTERM: [libjvm.so+0x7f54a0], sa_mask[0]=0x7ffbfeff, sa_flags=0x10000004
SIGQUIT: [libjvm.so+0x7f54a0], sa_mask[0]=0x7ffbfeff, sa_flags=0x10000004
SIGTRAP: SIG_DFL, sa_mask[0]=0x00000000, sa_flags=0x00000000


---------------  S Y S T E M  ---------------

OS:8.2

uname:Linux 3.16.0-4-amd64 #1 SMP Debian 3.16.7-ckt11-1+deb8u5 (2015-10-09) x86_64
libc:glibc 2.19 NPTL 2.19 
rlimit: STACK 8192k, CORE 0k, NPROC 63809, NOFILE 65536, AS infinity
load average:1.72 1.03 0.76

/proc/meminfo:
MemTotal:       16352924 kB
MemFree:         9022584 kB
MemAvailable:   12580912 kB
Buffers:          359156 kB
Cached:          3098040 kB
SwapCached:            0 kB
Active:          5486464 kB
Inactive:        1268360 kB
Active(anon):    3301224 kB
Inactive(anon):    23568 kB
Active(file):    2185240 kB
Inactive(file):  1244792 kB
Unevictable:          32 kB
Mlocked:              32 kB
SwapTotal:             0 kB
SwapFree:              0 kB
Dirty:             12820 kB
Writeback:             0 kB
AnonPages:       3297832 kB
Mapped:           420852 kB
Shmem:             27180 kB
Slab:             429980 kB
SReclaimable:     381712 kB
SUnreclaim:        48268 kB
KernelStack:       11216 kB
PageTables:        33052 kB
NFS_Unstable:          0 kB
Bounce:                0 kB
WritebackTmp:          0 kB
CommitLimit:     8176460 kB
Committed_AS:    8343888 kB
VmallocTotal:   34359738367 kB
VmallocUsed:      330552 kB
VmallocChunk:   34359391740 kB
HardwareCorrupted:     0 kB
AnonHugePages:         0 kB
HugePages_Total:       0
HugePages_Free:        0
HugePages_Rsvd:        0
HugePages_Surp:        0
Hugepagesize:       2048 kB
DirectMap4k:      213428 kB
DirectMap2M:    13365248 kB
DirectMap1G:     3145728 kB


CPU:total 8 (8 cores per cpu, 1 threads per core) family 21 model 2 stepping 0, cmov, cx8, fxsr, mmx, sse, sse2, sse3, ssse3, sse4.1, sse4.2, popcnt, avx, aes, mmxext, 3dnowpref, lzcnt, sse4a, tsc, tscinvbit, tscinv

/proc/cpuinfo:
processor	: 0
vendor_id	: AuthenticAMD
cpu family	: 21
model		: 2
model name	: AMD FX(tm)-8320 Eight-Core Processor
stepping	: 0
microcode	: 0x6000822
cpu MHz		: 3500.000
cache size	: 2048 KB
physical id	: 0
siblings	: 8
core id		: 0
cpu cores	: 4
apicid		: 16
initial apicid	: 0
fpu		: yes
fpu_exception	: yes
cpuid level	: 13
wp		: yes
flags		: fpu vme de pse tsc msr pae mce cx8 apic sep mtrr pge mca cmov pat pse36 clflush mmx fxsr sse sse2 ht syscall nx mmxext fxsr_opt pdpe1gb rdtscp lm constant_tsc rep_good nopl nonstop_tsc extd_apicid aperfmperf pni pclmulqdq monitor ssse3 fma cx16 sse4_1 sse4_2 popcnt aes xsave avx f16c lahf_lm cmp_legacy svm extapic cr8_legacy abm sse4a misalignsse 3dnowprefetch osvw ibs xop skinit wdt lwp fma4 tce nodeid_msr tbm topoext perfctr_core perfctr_nb arat cpb hw_pstate npt lbrv svm_lock nrip_save tsc_scale vmcb_clean flushbyasid decodeassists pausefilter pfthreshold vmmcall bmi1
bogomips	: 7000.16
TLB size	: 1536 4K pages
clflush size	: 64
cache_alignment	: 64
address sizes	: 48 bits physical, 48 bits virtual
power management: ts ttp tm 100mhzsteps hwpstate cpb eff_freq_ro

processor	: 1
vendor_id	: AuthenticAMD
cpu family	: 21
model		: 2
model name	: AMD FX(tm)-8320 Eight-Core Processor           
stepping	: 0
microcode	: 0x6000822
cpu MHz		: 3500.000
cache size	: 2048 KB
physical id	: 0
siblings	: 8
core id		: 1
cpu cores	: 4
apicid		: 17
initial apicid	: 1
fpu		: yes
fpu_exception	: yes
cpuid level	: 13
wp		: yes
flags		: fpu vme de pse tsc msr pae mce cx8 apic sep mtrr pge mca cmov pat pse36 clflush mmx fxsr sse sse2 ht syscall nx mmxext fxsr_opt pdpe1gb rdtscp lm constant_tsc rep_good nopl nonstop_tsc extd_apicid aperfmperf pni pclmulqdq monitor ssse3 fma cx16 sse4_1 sse4_2 popcnt aes xsave avx f16c lahf_lm cmp_legacy svm extapic cr8_legacy abm sse4a misalignsse 3dnowprefetch osvw ibs xop skinit wdt lwp fma4 tce nodeid_msr tbm topoext perfctr_core perfctr_nb arat cpb hw_pstate npt lbrv svm_lock nrip_save tsc_scale vmcb_clean flushbyasid decodeassists pausefilter pfthreshold vmmcall bmi1
bogomips	: 7000.16
TLB size	: 1536 4K pages
clflush size	: 64
cache_alignment	: 64
address sizes	: 48 bits physical, 48 bits virtual
power management: ts ttp tm 100mhzsteps hwpstate cpb eff_freq_ro

processor	: 2
vendor_id	: AuthenticAMD
cpu family	: 21
model		: 2
model name	: AMD FX(tm)-8320 Eight-Core Processor           
stepping	: 0
microcode	: 0x6000822
cpu MHz		: 2900.000
cache size	: 2048 KB
physical id	: 0
siblings	: 8
core id		: 2
cpu cores	: 4
apicid		: 18
initial apicid	: 2
fpu		: yes
fpu_exception	: yes
cpuid level	: 13
wp		: yes
flags		: fpu vme de pse tsc msr pae mce cx8 apic sep mtrr pge mca cmov pat pse36 clflush mmx fxsr sse sse2 ht syscall nx mmxext fxsr_opt pdpe1gb rdtscp lm constant_tsc rep_good nopl nonstop_tsc extd_apicid aperfmperf pni pclmulqdq monitor ssse3 fma cx16 sse4_1 sse4_2 popcnt aes xsave avx f16c lahf_lm cmp_legacy svm extapic cr8_legacy abm sse4a misalignsse 3dnowprefetch osvw ibs xop skinit wdt lwp fma4 tce nodeid_msr tbm topoext perfctr_core perfctr_nb arat cpb hw_pstate npt lbrv svm_lock nrip_save tsc_scale vmcb_clean flushbyasid decodeassists pausefilter pfthreshold vmmcall bmi1
bogomips	: 7000.16
TLB size	: 1536 4K pages
clflush size	: 64
cache_alignment	: 64
address sizes	: 48 bits physical, 48 bits virtual
power management: ts ttp tm 100mhzsteps hwpstate cpb eff_freq_ro

processor	: 3
vendor_id	: AuthenticAMD
cpu family	: 21
model		: 2
model name	: AMD FX(tm)-8320 Eight-Core Processor           
stepping	: 0
microcode	: 0x6000822
cpu MHz		: 1700.000
cache size	: 2048 KB
physical id	: 0
siblings	: 8
core id		: 3
cpu cores	: 4
apicid		: 19
initial apicid	: 3
fpu		: yes
fpu_exception	: yes
cpuid level	: 13
wp		: yes
flags		: fpu vme de pse tsc msr pae mce cx8 apic sep mtrr pge mca cmov pat pse36 clflush mmx fxsr sse sse2 ht syscall nx mmxext fxsr_opt pdpe1gb rdtscp lm constant_tsc rep_good nopl nonstop_tsc extd_apicid aperfmperf pni pclmulqdq monitor ssse3 fma cx16 sse4_1 sse4_2 popcnt aes xsave avx f16c lahf_lm cmp_legacy svm extapic cr8_legacy abm sse4a misalignsse 3dnowprefetch osvw ibs xop skinit wdt lwp fma4 tce nodeid_msr tbm topoext perfctr_core perfctr_nb arat cpb hw_pstate npt lbrv svm_lock nrip_save tsc_scale vmcb_clean flushbyasid decodeassists pausefilter pfthreshold vmmcall bmi1
bogomips	: 7000.16
TLB size	: 1536 4K pages
clflush size	: 64
cache_alignment	: 64
address sizes	: 48 bits physical, 48 bits virtual
power management: ts ttp tm 100mhzsteps hwpstate cpb eff_freq_ro

processor	: 4
vendor_id	: AuthenticAMD
cpu family	: 21
model		: 2
model name	: AMD FX(tm)-8320 Eight-Core Processor           
stepping	: 0
microcode	: 0x6000822
cpu MHz		: 3500.000
cache size	: 2048 KB
physical id	: 0
siblings	: 8
core id		: 4
cpu cores	: 4
apicid		: 20
initial apicid	: 4
fpu		: yes
fpu_exception	: yes
cpuid level	: 13
wp		: yes
flags		: fpu vme de pse tsc msr pae mce cx8 apic sep mtrr pge mca cmov pat pse36 clflush mmx fxsr sse sse2 ht syscall nx mmxext fxsr_opt pdpe1gb rdtscp lm constant_tsc rep_good nopl nonstop_tsc extd_apicid aperfmperf pni pclmulqdq monitor ssse3 fma cx16 sse4_1 sse4_2 popcnt aes xsave avx f16c lahf_lm cmp_legacy svm extapic cr8_legacy abm sse4a misalignsse 3dnowprefetch osvw ibs xop skinit wdt lwp fma4 tce nodeid_msr tbm topoext perfctr_core perfctr_nb arat cpb hw_pstate npt lbrv svm_lock nrip_save tsc_scale vmcb_clean flushbyasid decodeassists pausefilter pfthreshold vmmcall bmi1
bogomips	: 7000.16
TLB size	: 1536 4K pages
clflush size	: 64
cache_alignment	: 64
address sizes	: 48 bits physical, 48 bits virtual
power management: ts ttp tm 100mhzsteps hwpstate cpb eff_freq_ro

processor	: 5
vendor_id	: AuthenticAMD
cpu family	: 21
model		: 2
model name	: AMD FX(tm)-8320 Eight-Core Processor           
stepping	: 0
microcode	: 0x6000822
cpu MHz		: 3500.000
cache size	: 2048 KB
physical id	: 0
siblings	: 8
core id		: 5
cpu cores	: 4
apicid		: 21
initial apicid	: 5
fpu		: yes
fpu_exception	: yes
cpuid level	: 13
wp		: yes
flags		: fpu vme de pse tsc msr pae mce cx8 apic sep mtrr pge mca cmov pat pse36 clflush mmx fxsr sse sse2 ht syscall nx mmxext fxsr_opt pdpe1gb rdtscp lm constant_tsc rep_good nopl nonstop_tsc extd_apicid aperfmperf pni pclmulqdq monitor ssse3 fma cx16 sse4_1 sse4_2 popcnt aes xsave avx f16c lahf_lm cmp_legacy svm extapic cr8_legacy abm sse4a misalignsse 3dnowprefetch osvw ibs xop skinit wdt lwp fma4 tce nodeid_msr tbm topoext perfctr_core perfctr_nb arat cpb hw_pstate npt lbrv svm_lock nrip_save tsc_scale vmcb_clean flushbyasid decodeassists pausefilter pfthreshold vmmcall bmi1
bogomips	: 7000.16
TLB size	: 1536 4K pages
clflush size	: 64
cache_alignment	: 64
address sizes	: 48 bits physical, 48 bits virtual
power management: ts ttp tm 100mhzsteps hwpstate cpb eff_freq_ro

processor	: 6
vendor_id	: AuthenticAMD
cpu family	: 21
model		: 2
model name	: AMD FX(tm)-8320 Eight-Core Processor           
stepping	: 0
microcode	: 0x6000822
cpu MHz		: 1400.000
cache size	: 2048 KB
physical id	: 0
siblings	: 8
core id		: 6
cpu cores	: 4
apicid		: 22
initial apicid	: 6
fpu		: yes
fpu_exception	: yes
cpuid level	: 13
wp		: yes
flags		: fpu vme de pse tsc msr pae mce cx8 apic sep mtrr pge mca cmov pat pse36 clflush mmx fxsr sse sse2 ht syscall nx mmxext fxsr_opt pdpe1gb rdtscp lm constant_tsc rep_good nopl nonstop_tsc extd_apicid aperfmperf pni pclmulqdq monitor ssse3 fma cx16 sse4_1 sse4_2 popcnt aes xsave avx f16c lahf_lm cmp_legacy svm extapic cr8_legacy abm sse4a misalignsse 3dnowprefetch osvw ibs xop skinit wdt lwp fma4 tce nodeid_msr tbm topoext perfctr_core perfctr_nb arat cpb hw_pstate npt lbrv svm_lock nrip_save tsc_scale vmcb_clean flushbyasid decodeassists pausefilter pfthreshold vmmcall bmi1
bogomips	: 7000.16
TLB size	: 1536 4K pages
clflush size	: 64
cache_alignment	: 64
address sizes	: 48 bits physical, 48 bits virtual
power management: ts ttp tm 100mhzsteps hwpstate cpb eff_freq_ro

processor	: 7
vendor_id	: AuthenticAMD
cpu family	: 21
model		: 2
model name	: AMD FX(tm)-8320 Eight-Core Processor           
stepping	: 0
microcode	: 0x6000822
cpu MHz		: 1400.000
cache size	: 2048 KB
physical id	: 0
siblings	: 8
core id		: 7
cpu cores	: 4
apicid		: 23
initial apicid	: 7
fpu		: yes
fpu_exception	: yes
cpuid level	: 13
wp		: yes
flags		: fpu vme de pse tsc msr pae mce cx8 apic sep mtrr pge mca cmov pat pse36 clflush mmx fxsr sse sse2 ht syscall nx mmxext fxsr_opt pdpe1gb rdtscp lm constant_tsc rep_good nopl nonstop_tsc extd_apicid aperfmperf pni pclmulqdq monitor ssse3 fma cx16 sse4_1 sse4_2 popcnt aes xsave avx f16c lahf_lm cmp_legacy svm extapic cr8_legacy abm sse4a misalignsse 3dnowprefetch osvw ibs xop skinit wdt lwp fma4 tce nodeid_msr tbm topoext perfctr_core perfctr_nb arat cpb hw_pstate npt lbrv svm_lock nrip_save tsc_scale vmcb_clean flushbyasid decodeassists pausefilter pfthreshold vmmcall bmi1
bogomips	: 7000.16
TLB size	: 1536 4K pages
clflush size	: 64
cache_alignment	: 64
address sizes	: 48 bits physical, 48 bits virtual
power management: ts ttp tm 100mhzsteps hwpstate cpb eff_freq_ro



Memory: 4k page, physical 16352924k(9022212k free), swap 0k(0k free)

vm_info: OpenJDK 64-Bit Server VM (24.85-b03) for linux-amd64 JRE (1.7.0_85-b01), built on Oct 31 2015 21:30:47 by "jmm" with gcc 4.9.2

time: Tue Jan 10 23:13:14 2017
elapsed time: 1 seconds

