#
# A fatal error has been detected by the Java Runtime Environment:
#
#  SIGSEGV (0xb) at pc=0x0000000040f01ee3, pid=14107, tid=140443955488512
#
# JRE version: OpenJDK Runtime Environment (7.0_85-b01) (build 1.7.0_85-b01)
# Java VM: OpenJDK 64-Bit Server VM (24.85-b03 mixed mode linux-amd64 compressed oops)
# Derivative: IcedTea 2.6.1
# Distribution: Debian GNU/Linux 8.2 (jessie), package 7u85-2.6.1-6+deb8u1
# Problematic frame:
# C  0x0000000040f01ee3
#
# Failed to write core dump. Core dumps have been disabled. To enable core dumping, try "ulimit -c unlimited" before starting Java again
#
# If you would like to submit a bug report, please include
# instructions on how to reproduce the bug and visit:
#   http://icedtea.classpath.org/bugzilla
# The crash happened outside the Java Virtual Machine in native code.
# See problematic frame for where to report the bug.
#

---------------  T H R E A D  ---------------

Current thread (0x00007fbba000d000):  JavaThread "main" [_thread_in_native, id=14108, stack(0x00007fbba803e000,0x00007fbba813f000)]

siginfo:si_signo=SIGSEGV: si_errno=0, si_code=1 (SEGV_MAPERR), si_addr=0x0000000000000000

Registers:
RAX=0x00007fbb81108534, RBX=0x0000000040257000, RCX=0x0000000000000000, RDX=0x0000000000000066
RSP=0x00007fbba813d6c8, RBP=0x000000003f080000, RSI=0x0000000000000000, RDI=0x0000000000000000
R8 =0x00007fbba077feb0, R9 =0x00000001235a0000, R10=0x247c8b489f75caff, R11=0x0000000000000000
R12=0x0000000000000000, R13=0x0000000000000066, R14=0x0000000000000000, R15=0x00007fbba05beff0
RIP=0x0000000040f01ee3, EFLAGS=0x0000000000010246, CSGSFS=0x0000000000000033, ERR=0x0000000000000004
  TRAPNO=0x000000000000000e

Top of Stack: (sp=0x00007fbba813d6c8)
0x00007fbba813d6c8:   00007fbb7adb9fc4 0000000400000000
0x00007fbba813d6d8:   00007fbba09d3af8 00007fbba000d000
0x00007fbba813d6e8:   00007fbb7adba96e 00007fbb81108534
0x00007fbba813d6f8:   0000000040257000 000000004029b100
0x00007fbba813d708:   0000000000000004 0000000000000000
0x00007fbba813d718:   00007fbba813d828 00007fbba000d000
0x00007fbba813d728:   00007fbb7a9c8798 00007fbba813d800
0x00007fbba813d738:   00000066bec1de00 00000006fc641f58
0x00007fbba813d748:   0000000000000000 00000006fc641f58
0x00007fbba813d758:   00000006fc641f58 00007fbba813d7e8
0x00007fbba813d768:   0000000000000000 00000006fc641f58
0x00007fbba813d778:   00007fbb9d0185f9 00007fbba000db98
0x00007fbba813d788:   00007fbba000db98 00007fbba000db78
0x00007fbba813d798:   00007fbba000db78 00007fbbfffffffe
0x00007fbba813d7a8:   00007fbba813d7a8 00000006fc641f58
0x00007fbba813d7b8:   00007fbba813d828 00000006fc65eac0
0x00007fbba813d7c8:   0000000000000000 00000006fc641f58
0x00007fbba813d7d8:   0000000000000000 00007fbba813d808
0x00007fbba813d7e8:   00007fbba813d870 00007fbb9d0060d8
0x00007fbba813d7f8:   00000007ad560178 00007fbb9d012f38
0x00007fbba813d808:   00007fbb8204e780 00007fbba813d870
0x00007fbba813d818:   0000000000000066 0000000000000000
0x00007fbba813d828:   0000000000000004 00007fbba813d830
0x00007fbba813d838:   00000006fc641e4c 00007fbba813d8a8
0x00007fbba813d848:   00000006fc65eac0 0000000000000000
0x00007fbba813d858:   00000006fc641e98 00007fbba813d808
0x00007fbba813d868:   00007fbba813d898 00007fbba813d8f0
0x00007fbba813d878:   00007fbb9d0060d8 00007fbb8204e780
0x00007fbba813d888:   0000000000000000 00000007ad4f8250
0x00007fbba813d898:   0000000000000066 0000000000000000
0x00007fbba813d8a8:   0000000000000004 00007fbba813d8b0
0x00007fbba813d8b8:   00000006fc68343b 00007fbba813d908 

Instructions: (pc=0x0000000040f01ee3)
0x0000000040f01ec3:   68 04 48 be 78 7d 2a 40 00 00 00 00 48 8b 36 48
0x0000000040f01ed3:   8b b6 38 03 00 00 48 8b f9 48 c1 e7 04 48 03 f7
0x0000000040f01ee3:   8b 3e 8b 6e 04 89 78 08 89 68 0c 8b 7e 08 8b 6e
0x0000000040f01ef3:   0c 89 78 10 89 68 14 48 83 c0 18 ff c1 ff ca 75 

Register to memory mapping:

RAX=0x00007fbb81108534 is an unknown value
RBX=0x0000000040257000 is an unknown value
RCX=0x0000000000000000 is an unknown value
RDX=0x0000000000000066 is an unknown value
RSP=0x00007fbba813d6c8 is pointing into the stack for thread: 0x00007fbba000d000
RBP=0x000000003f080000 is an unknown value
RSI=0x0000000000000000 is an unknown value
RDI=0x0000000000000000 is an unknown value
R8 =0x00007fbba077feb0 is an unknown value
R9 =0x00000001235a0000 is an unknown value
R10=0x247c8b489f75caff is an unknown value
R11=0x0000000000000000 is an unknown value
R12=0x0000000000000000 is an unknown value
R13=0x0000000000000066 is an unknown value
R14=0x0000000000000000 is an unknown value
R15=0x00007fbba05beff0 is an unknown value


Stack: [0x00007fbba803e000,0x00007fbba813f000],  sp=0x00007fbba813d6c8,  free space=1021k
Native frames: (J=compiled Java code, j=interpreted, Vv=VM code, C=native code)
C  0x0000000040f01ee3

[error occurred during error reporting (printing native stack), id 0xb]

Java frames: (J=compiled Java code, j=interpreted, Vv=VM code)
j  org.lwjgl.opengl.GL11.nglDrawArrays(IIIJ)V+0
j  org.lwjgl.opengl.GL11.glDrawArrays(III)V+20
j  fontRendering.FontRenderer.renderText(LfontMeshCreator/GUIText;)V+43
j  fontRendering.FontRenderer.render(Ljava/util/Map;)V+92
j  fontRendering.TextMaster.render()V+6
j  engine.GameLoop.main([Ljava/lang/String;)V+116
v  ~StubRoutines::call_stub

---------------  P R O C E S S  ---------------

Java Threads: ( => current thread )
  0x00007fbba0289800 JavaThread "process reaper" daemon [_thread_blocked, id=14135, stack(0x00007fbb98077000,0x00007fbb980b0000)]
  0x00007fbba027e000 JavaThread "AWT-XAWT" daemon [_thread_in_native, id=14133, stack(0x00007fbb82b47000,0x00007fbb82c48000)]
  0x00007fbba025d000 JavaThread "Java2D Disposer" daemon [_thread_blocked, id=14132, stack(0x00007fbb88077000,0x00007fbb88178000)]
  0x00007fbba00c9800 JavaThread "Service Thread" daemon [_thread_blocked, id=14129, stack(0x00007fbb98cda000,0x00007fbb98ddb000)]
  0x00007fbba00c7800 JavaThread "C2 CompilerThread1" daemon [_thread_blocked, id=14128, stack(0x00007fbb98ddb000,0x00007fbb98edc000)]
  0x00007fbba00c4800 JavaThread "C2 CompilerThread0" daemon [_thread_blocked, id=14127, stack(0x00007fbb98edc000,0x00007fbb98fdd000)]
  0x00007fbb44001000 JavaThread "JDWP Command Reader" daemon [_thread_in_native, id=14124, stack(0x00007fbb98fdd000,0x00007fbb990de000)]
  0x00007fbba00c2000 JavaThread "JDWP Event Helper Thread" daemon [_thread_blocked, id=14123, stack(0x00007fbb990de000,0x00007fbb991df000)]
  0x00007fbba00be800 JavaThread "JDWP Transport Listener: dt_socket" daemon [_thread_blocked, id=14122, stack(0x00007fbb991df000,0x00007fbb992e0000)]
  0x00007fbba00b1800 JavaThread "Signal Dispatcher" daemon [_thread_blocked, id=14121, stack(0x00007fbb994ea000,0x00007fbb995eb000)]
  0x00007fbba0087800 JavaThread "Finalizer" daemon [_thread_blocked, id=14119, stack(0x00007fbb995eb000,0x00007fbb996ec000)]
  0x00007fbba0085800 JavaThread "Reference Handler" daemon [_thread_blocked, id=14118, stack(0x00007fbb996ec000,0x00007fbb997ed000)]
=>0x00007fbba000d000 JavaThread "main" [_thread_in_native, id=14108, stack(0x00007fbba803e000,0x00007fbba813f000)]

Other Threads:
  0x00007fbba0081000 VMThread [stack: 0x00007fbb997ed000,0x00007fbb998ee000] [id=14117]
  0x00007fbba00d4000 WatcherThread [stack: 0x00007fbb98bd9000,0x00007fbb98cda000] [id=14130]

VM state:not at safepoint (normal execution)

VM Mutex/Monitor currently owned by a thread: None

Heap
 PSYoungGen      total 75264K, used 13015K [0x00000007acc80000, 0x00000007b2000000, 0x0000000800000000)
  eden space 65024K, 20% used [0x00000007acc80000,0x00000007ad935cf8,0x00000007b0c00000)
  from space 10240K, 0% used [0x00000007b1600000,0x00000007b1600000,0x00000007b2000000)
  to   space 10240K, 0% used [0x00000007b0c00000,0x00000007b0c00000,0x00000007b1600000)
 ParOldGen       total 169984K, used 0K [0x0000000706600000, 0x0000000710c00000, 0x00000007acc80000)
  object space 169984K, 0% used [0x0000000706600000,0x0000000706600000,0x0000000710c00000)
 PSPermGen       total 21504K, used 7657K [0x00000006fc000000, 0x00000006fd500000, 0x0000000706600000)
  object space 21504K, 35% used [0x00000006fc000000,0x00000006fc77a598,0x00000006fd500000)

Card table byte_map: [0x00007fbb9c7df000,0x00007fbb9d000000] byte_map_base: 0x00007fbb98fff000

Polling page: 0x00007fbba8166000

Code Cache  [0x00007fbb9d000000, 0x00007fbb9d270000, 0x00007fbba0000000)
 total_blobs=465 nmethods=31 adapters=397 free_code_cache=48576Kb largest_free_block=49724480

Compilation events (10 events):
Event: 1.214 Thread 0x00007fbba00c7800 nmethod 26 0x00007fbb9d08bfd0 code [0x00007fbb9d08c1a0, 0x00007fbb9d08cbc8]
Event: 1.215 Thread 0x00007fbba00c4800   27             java.lang.Math::min (11 bytes)
Event: 1.215 Thread 0x00007fbba00c4800 nmethod 27 0x00007fbb9d066910 code [0x00007fbb9d066a40, 0x00007fbb9d066a78]
Event: 1.216 Thread 0x00007fbba00c7800   28             java.lang.String::replace (127 bytes)
Event: 1.225 Thread 0x00007fbba00c7800 nmethod 28 0x00007fbb9d08d350 code [0x00007fbb9d08d4c0, 0x00007fbb9d08d9d8]
Event: 1.273 Thread 0x00007fbba00c4800   29   !         java.io.BufferedReader::readLine (304 bytes)
Event: 1.281 Thread 0x00007fbba00c7800   30             sun.nio.cs.UTF_8$Decoder::decodeArrayLoop (543 bytes)
Event: 1.289 Thread 0x00007fbba00c4800 nmethod 29 0x00007fbb9d088950 code [0x00007fbb9d088b20, 0x00007fbb9d089b40]
Event: 1.300 Thread 0x00007fbba00c7800 nmethod 30 0x00007fbb9d0904d0 code [0x00007fbb9d090780, 0x00007fbb9d091770]
Event: 1.310 Thread 0x00007fbba00c4800   31             java.lang.String::indexOf (166 bytes)

GC Heap History (0 events):
No events

Deoptimization events (2 events):
Event: 0.322 Thread 0x00007fbba000d000 Uncommon trap: reason=unstable_if action=reinterpret pc=0x00007fbb9d062a2c method=java.lang.String.indexOf([CII[CIII)I @ 123
Event: 1.207 Thread 0x00007fbba000d000 Uncommon trap: reason=unstable_if action=reinterpret pc=0x00007fbb9d0731c0 method=java.lang.String.indexOf([CII[CIII)I @ 3

Internal exceptions (10 events):
Event: 1.306 Thread 0x00007fbba000d000 Threw 0x00000007ad889d20 at /home/jmm/jdk2/openjdk-7-7u85-2.6.1/build/openjdk/hotspot/src/share/vm/prims/jvm.cpp:1322
Event: 1.306 Thread 0x00007fbba000d000 Threw 0x00000007ad88e750 at /home/jmm/jdk2/openjdk-7-7u85-2.6.1/build/openjdk/hotspot/src/share/vm/prims/jvm.cpp:1322
Event: 1.307 Thread 0x00007fbba000d000 Threw 0x00000007ad892eb8 at /home/jmm/jdk2/openjdk-7-7u85-2.6.1/build/openjdk/hotspot/src/share/vm/prims/jvm.cpp:1322
Event: 1.308 Thread 0x00007fbba000d000 Threw 0x00000007ad896730 at /home/jmm/jdk2/openjdk-7-7u85-2.6.1/build/openjdk/hotspot/src/share/vm/prims/jvm.cpp:1322
Event: 1.310 Thread 0x00007fbba000d000 Threw 0x00000007ad89d5c0 at /home/jmm/jdk2/openjdk-7-7u85-2.6.1/build/openjdk/hotspot/src/share/vm/prims/jvm.cpp:1322
Event: 1.311 Thread 0x00007fbba000d000 Threw 0x00000007ad8a1668 at /home/jmm/jdk2/openjdk-7-7u85-2.6.1/build/openjdk/hotspot/src/share/vm/prims/jvm.cpp:1322
Event: 1.312 Thread 0x00007fbba000d000 Threw 0x00000007ad8a5ec0 at /home/jmm/jdk2/openjdk-7-7u85-2.6.1/build/openjdk/hotspot/src/share/vm/prims/jvm.cpp:1322
Event: 1.314 Thread 0x00007fbba000d000 Threw 0x00000007ad8b2c58 at /home/jmm/jdk2/openjdk-7-7u85-2.6.1/build/openjdk/hotspot/src/share/vm/prims/jvm.cpp:1322
Event: 1.314 Thread 0x00007fbba000d000 Threw 0x00000007ad8b65d8 at /home/jmm/jdk2/openjdk-7-7u85-2.6.1/build/openjdk/hotspot/src/share/vm/prims/jvm.cpp:1322
Event: 1.315 Thread 0x00007fbba000d000 Threw 0x00000007ad8b9d68 at /home/jmm/jdk2/openjdk-7-7u85-2.6.1/build/openjdk/hotspot/src/share/vm/prims/jvm.cpp:1322

Events (10 events):
Event: 1.311 loading class 0x00007fbba06f83d0
Event: 1.311 loading class 0x00007fbba06f83d0 done
Event: 1.312 loading class 0x00007fbba0a5a770
Event: 1.312 loading class 0x00007fbba0a5a770 done
Event: 1.314 loading class 0x00007fbba01686a0
Event: 1.314 loading class 0x00007fbba01686a0 done
Event: 1.314 loading class 0x00007fbba01686d0
Event: 1.314 loading class 0x00007fbba01686d0 done
Event: 1.315 loading class 0x00007fbba0a5a7a0
Event: 1.315 loading class 0x00007fbba0a5a7a0 done


Dynamic libraries:
00400000-00401000 r-xp 00000000 08:01 2101986                            /usr/lib/jvm/java-7-openjdk-amd64/jre/bin/java
00600000-00601000 r--p 00000000 08:01 2101986                            /usr/lib/jvm/java-7-openjdk-amd64/jre/bin/java
00601000-00602000 rw-p 00001000 08:01 2101986                            /usr/lib/jvm/java-7-openjdk-amd64/jre/bin/java
02272000-02293000 rw-p 00000000 00:00 0                                  [heap]
40257000-402f6000 rw-p 00000000 00:00 0 
40f00000-40f02000 r-xs 00000000 08:12 34                                 /tmp/.glxXnMZk (deleted)
6fc000000-6fd500000 rw-p 00000000 00:00 0 
6fd500000-706600000 rw-p 00000000 00:00 0 
706600000-710c00000 rw-p 00000000 00:00 0 
710c00000-7acc80000 rw-p 00000000 00:00 0 
7acc80000-7b2000000 rw-p 00000000 00:00 0 
7b2000000-800000000 rw-p 00000000 00:00 0 
7fbb24000000-7fbb24021000 rw-p 00000000 00:00 0 
7fbb24021000-7fbb28000000 ---p 00000000 00:00 0 
7fbb2c000000-7fbb2c021000 rw-p 00000000 00:00 0 
7fbb2c021000-7fbb30000000 ---p 00000000 00:00 0 
7fbb30000000-7fbb30021000 rw-p 00000000 00:00 0 
7fbb30021000-7fbb34000000 ---p 00000000 00:00 0 
7fbb34000000-7fbb34021000 rw-p 00000000 00:00 0 
7fbb34021000-7fbb38000000 ---p 00000000 00:00 0 
7fbb38000000-7fbb38021000 rw-p 00000000 00:00 0 
7fbb38021000-7fbb3c000000 ---p 00000000 00:00 0 
7fbb3c000000-7fbb3c1ab000 rw-p 00000000 00:00 0 
7fbb3c1ab000-7fbb40000000 ---p 00000000 00:00 0 
7fbb40000000-7fbb401e6000 rw-p 00000000 00:00 0 
7fbb401e6000-7fbb44000000 ---p 00000000 00:00 0 
7fbb44000000-7fbb44021000 rw-p 00000000 00:00 0 
7fbb44021000-7fbb48000000 ---p 00000000 00:00 0 
7fbb48000000-7fbb48021000 rw-p 00000000 00:00 0 
7fbb48021000-7fbb4c000000 ---p 00000000 00:00 0 
7fbb4c000000-7fbb4c021000 rw-p 00000000 00:00 0 
7fbb4c021000-7fbb50000000 ---p 00000000 00:00 0 
7fbb50000000-7fbb50021000 rw-p 00000000 00:00 0 
7fbb50021000-7fbb54000000 ---p 00000000 00:00 0 
7fbb54000000-7fbb54021000 rw-p 00000000 00:00 0 
7fbb54021000-7fbb58000000 ---p 00000000 00:00 0 
7fbb5be00000-7fbb64000000 rw-p 00000000 00:00 0 
7fbb64000000-7fbb64021000 rw-p 00000000 00:00 0 
7fbb64021000-7fbb68000000 ---p 00000000 00:00 0 
7fbb68000000-7fbb68021000 rw-p 00000000 00:00 0 
7fbb68021000-7fbb6c000000 ---p 00000000 00:00 0 
7fbb6c000000-7fbb6c021000 rw-p 00000000 00:00 0 
7fbb6c021000-7fbb70000000 ---p 00000000 00:00 0 
7fbb70000000-7fbb70021000 rw-p 00000000 00:00 0 
7fbb70021000-7fbb74000000 ---p 00000000 00:00 0 
7fbb74000000-7fbb74021000 rw-p 00000000 00:00 0 
7fbb74021000-7fbb78000000 ---p 00000000 00:00 0 
7fbb79568000-7fbb7af65000 r-xp 00000000 08:01 1339821                    /usr/lib/x86_64-linux-gnu/libnvidia-glcore.so.352.55
7fbb7af65000-7fbb7af85000 rwxp 019fd000 08:01 1339821                    /usr/lib/x86_64-linux-gnu/libnvidia-glcore.so.352.55
7fbb7af85000-7fbb7b24c000 r-xp 01a1d000 08:01 1339821                    /usr/lib/x86_64-linux-gnu/libnvidia-glcore.so.352.55
7fbb7b24c000-7fbb7b44b000 ---p 01ce4000 08:01 1339821                    /usr/lib/x86_64-linux-gnu/libnvidia-glcore.so.352.55
7fbb7b44b000-7fbb7bfe7000 rw-p 01ce3000 08:01 1339821                    /usr/lib/x86_64-linux-gnu/libnvidia-glcore.so.352.55
7fbb7bfe7000-7fbb7bffb000 rw-p 00000000 00:00 0 
7fbb7c000000-7fbb7c021000 rw-p 00000000 00:00 0 
7fbb7c021000-7fbb80000000 ---p 00000000 00:00 0 
7fbb810ae000-7fbb812ae000 rw-s 2fd93e000 00:05 17965                     /dev/nvidiactl
7fbb812af000-7fbb815b0000 rw-p 00000000 00:00 0 
7fbb815b0000-7fbb815c8000 r-xp 00000000 08:01 2101942                    /usr/lib/jvm/java-7-openjdk-amd64/jre/lib/amd64/libnet.so
7fbb815c8000-7fbb817c7000 ---p 00018000 08:01 2101942                    /usr/lib/jvm/java-7-openjdk-amd64/jre/lib/amd64/libnet.so
7fbb817c7000-7fbb817c8000 r--p 00017000 08:01 2101942                    /usr/lib/jvm/java-7-openjdk-amd64/jre/lib/amd64/libnet.so
7fbb817c8000-7fbb817c9000 rw-p 00018000 08:01 2101942                    /usr/lib/jvm/java-7-openjdk-amd64/jre/lib/amd64/libnet.so
7fbb817d0000-7fbb817e1000 r-xp 00000000 08:01 2101924                    /usr/lib/jvm/java-7-openjdk-amd64/jre/lib/amd64/libnio.so
7fbb817e1000-7fbb819e0000 ---p 00011000 08:01 2101924                    /usr/lib/jvm/java-7-openjdk-amd64/jre/lib/amd64/libnio.so
7fbb819e0000-7fbb819e1000 r--p 00010000 08:01 2101924                    /usr/lib/jvm/java-7-openjdk-amd64/jre/lib/amd64/libnio.so
7fbb819e1000-7fbb819e2000 rw-p 00011000 08:01 2101924                    /usr/lib/jvm/java-7-openjdk-amd64/jre/lib/amd64/libnio.so
7fbb819e2000-7fbb81a62000 rw-s 33b022000 00:05 17965                     /dev/nvidiactl
7fbb81a68000-7fbb81a6a000 rw-s 00000000 08:12 34                         /tmp/.glxXnMZk (deleted)
7fbb81a70000-7fbb81af0000 rw-s 70338000 00:05 17965                      /dev/nvidiactl
7fbb81af2000-7fbb81b72000 rw-s 7d8b2000 00:05 17965                      /dev/nvidiactl
7fbb81b79000-7fbb81c79000 rw-s 2679b9000 00:05 17965                     /dev/nvidiactl
7fbb81c80000-7fbb81c93000 rw-s 33f930000 00:05 17965                     /dev/nvidiactl
7fbb81c98000-7fbb81cb8000 rw-s c0260000 00:05 19540                      /dev/nvidia0
7fbb81cbe000-7fbb81d72000 rw-s 42b5be000 00:05 17965                     /dev/nvidiactl
7fbb81d78000-7fbb81d7b000 r-xp 00000000 08:01 1339825                    /usr/lib/x86_64-linux-gnu/tls/libnvidia-tls.so.352.55
7fbb81d7b000-7fbb81f7a000 ---p 00003000 08:01 1339825                    /usr/lib/x86_64-linux-gnu/tls/libnvidia-tls.so.352.55
7fbb81f7a000-7fbb81f7b000 rw-p 00002000 08:01 1339825                    /usr/lib/x86_64-linux-gnu/tls/libnvidia-tls.so.352.55
7fbb81f80000-7fbb8203e000 r-xp 00000000 08:01 1339822                    /usr/lib/x86_64-linux-gnu/libGL.so.352.55
7fbb8203e000-7fbb82071000 rwxp 000be000 08:01 1339822                    /usr/lib/x86_64-linux-gnu/libGL.so.352.55
7fbb82071000-7fbb82083000 r-xp 000f1000 08:01 1339822                    /usr/lib/x86_64-linux-gnu/libGL.so.352.55
7fbb82083000-7fbb82282000 ---p 00103000 08:01 1339822                    /usr/lib/x86_64-linux-gnu/libGL.so.352.55
7fbb82282000-7fbb822aa000 rw-p 00102000 08:01 1339822                    /usr/lib/x86_64-linux-gnu/libGL.so.352.55
7fbb822aa000-7fbb822b0000 rw-p 00000000 00:00 0 
7fbb822b0000-7fbb822b5000 r-xp 00000000 08:01 1317786                    /usr/lib/x86_64-linux-gnu/libXxf86vm.so.1.0.0
7fbb822b5000-7fbb824b4000 ---p 00005000 08:01 1317786                    /usr/lib/x86_64-linux-gnu/libXxf86vm.so.1.0.0
7fbb824b4000-7fbb824b5000 r--p 00004000 08:01 1317786                    /usr/lib/x86_64-linux-gnu/libXxf86vm.so.1.0.0
7fbb824b5000-7fbb824b6000 rw-p 00005000 08:01 1317786                    /usr/lib/x86_64-linux-gnu/libXxf86vm.so.1.0.0
7fbb824b8000-7fbb824c1000 r-xp 00000000 08:01 1317776                    /usr/lib/x86_64-linux-gnu/libXrandr.so.2.2.0
7fbb824c1000-7fbb826c0000 ---p 00009000 08:01 1317776                    /usr/lib/x86_64-linux-gnu/libXrandr.so.2.2.0
7fbb826c0000-7fbb826c1000 r--p 00008000 08:01 1317776                    /usr/lib/x86_64-linux-gnu/libXrandr.so.2.2.0
7fbb826c1000-7fbb826c2000 rw-p 00009000 08:01 1317776                    /usr/lib/x86_64-linux-gnu/libXrandr.so.2.2.0
7fbb826c8000-7fbb82738000 r-xp 00000000 08:13 9045172                    /home/mart/IdeaProjects/Multiplayer World 2/libs/liblwjgl64.so
7fbb82738000-7fbb82938000 ---p 00070000 08:13 9045172                    /home/mart/IdeaProjects/Multiplayer World 2/libs/liblwjgl64.so
7fbb82938000-7fbb8293a000 r--p 00070000 08:13 9045172                    /home/mart/IdeaProjects/Multiplayer World 2/libs/liblwjgl64.so
7fbb8293a000-7fbb8293b000 rw-p 00072000 08:13 9045172                    /home/mart/IdeaProjects/Multiplayer World 2/libs/liblwjgl64.so
7fbb82940000-7fbb82941000 r-xp 00000000 08:01 2101945                    /usr/lib/jvm/java-7-openjdk-amd64/jre/lib/amd64/libjawt.so
7fbb82941000-7fbb82b40000 ---p 00001000 08:01 2101945                    /usr/lib/jvm/java-7-openjdk-amd64/jre/lib/amd64/libjawt.so
7fbb82b40000-7fbb82b41000 r--p 00000000 08:01 2101945                    /usr/lib/jvm/java-7-openjdk-amd64/jre/lib/amd64/libjawt.so
7fbb82b41000-7fbb82b42000 rw-p 00001000 08:01 2101945                    /usr/lib/jvm/java-7-openjdk-amd64/jre/lib/amd64/libjawt.so
7fbb82b47000-7fbb82b4a000 ---p 00000000 00:00 0 
7fbb82b4a000-7fbb82c48000 rw-p 00000000 00:00 0                          [stack:14133]
7fbb82c48000-7fbb82c4d000 r-xp 00000000 08:01 1318319                    /usr/lib/x86_64-linux-gnu/libXfixes.so.3.1.0
7fbb82c4d000-7fbb82e4c000 ---p 00005000 08:01 1318319                    /usr/lib/x86_64-linux-gnu/libXfixes.so.3.1.0
7fbb82e4c000-7fbb82e4d000 r--p 00004000 08:01 1318319                    /usr/lib/x86_64-linux-gnu/libXfixes.so.3.1.0
7fbb82e4d000-7fbb82e4e000 rw-p 00005000 08:01 1318319                    /usr/lib/x86_64-linux-gnu/libXfixes.so.3.1.0
7fbb82e50000-7fbb82e5a000 r-xp 00000000 08:01 1318351                    /usr/lib/x86_64-linux-gnu/libXcursor.so.1.0.2
7fbb82e5a000-7fbb83059000 ---p 0000a000 08:01 1318351                    /usr/lib/x86_64-linux-gnu/libXcursor.so.1.0.2
7fbb83059000-7fbb8305a000 r--p 00009000 08:01 1318351                    /usr/lib/x86_64-linux-gnu/libXcursor.so.1.0.2
7fbb8305a000-7fbb8305b000 rw-p 0000a000 08:01 1318351                    /usr/lib/x86_64-linux-gnu/libXcursor.so.1.0.2
7fbb83060000-7fbb830a7000 r-xp 00000000 08:01 6423007                    /lib/x86_64-linux-gnu/libdbus-1.so.3.8.13
7fbb830a7000-7fbb832a6000 ---p 00047000 08:01 6423007                    /lib/x86_64-linux-gnu/libdbus-1.so.3.8.13
7fbb832a6000-7fbb832a7000 r--p 00046000 08:01 6423007                    /lib/x86_64-linux-gnu/libdbus-1.so.3.8.13
7fbb832a7000-7fbb832a8000 rw-p 00047000 08:01 6423007                    /lib/x86_64-linux-gnu/libdbus-1.so.3.8.13
7fbb832a8000-7fbb83329000 r-xp 00000000 08:01 1315106                    /usr/lib/x86_64-linux-gnu/libgmp.so.10.2.0
7fbb83329000-7fbb83529000 ---p 00081000 08:01 1315106                    /usr/lib/x86_64-linux-gnu/libgmp.so.10.2.0
7fbb83529000-7fbb8352a000 r--p 00081000 08:01 1315106                    /usr/lib/x86_64-linux-gnu/libgmp.so.10.2.0
7fbb8352a000-7fbb8352b000 rw-p 00082000 08:01 1315106                    /usr/lib/x86_64-linux-gnu/libgmp.so.10.2.0
7fbb83530000-7fbb8355e000 r-xp 00000000 08:01 1315110                    /usr/lib/x86_64-linux-gnu/libhogweed.so.2.5
7fbb8355e000-7fbb8375d000 ---p 0002e000 08:01 1315110                    /usr/lib/x86_64-linux-gnu/libhogweed.so.2.5
7fbb8375d000-7fbb8375e000 r--p 0002d000 08:01 1315110                    /usr/lib/x86_64-linux-gnu/libhogweed.so.2.5
7fbb8375e000-7fbb8375f000 rw-p 0002e000 08:01 1315110                    /usr/lib/x86_64-linux-gnu/libhogweed.so.2.5
7fbb83760000-7fbb83790000 r-xp 00000000 08:01 1315108                    /usr/lib/x86_64-linux-gnu/libnettle.so.4.7
7fbb83790000-7fbb83990000 ---p 00030000 08:01 1315108                    /usr/lib/x86_64-linux-gnu/libnettle.so.4.7
7fbb83990000-7fbb83991000 r--p 00030000 08:01 1315108                    /usr/lib/x86_64-linux-gnu/libnettle.so.4.7
7fbb83991000-7fbb83992000 rw-p 00031000 08:01 1315108                    /usr/lib/x86_64-linux-gnu/libnettle.so.4.7
7fbb83998000-7fbb839a9000 r-xp 00000000 08:01 1315458                    /usr/lib/x86_64-linux-gnu/libtasn1.so.6.3.2
7fbb839a9000-7fbb83ba9000 ---p 00011000 08:01 1315458                    /usr/lib/x86_64-linux-gnu/libtasn1.so.6.3.2
7fbb83ba9000-7fbb83bab000 r--p 00011000 08:01 1315458                    /usr/lib/x86_64-linux-gnu/libtasn1.so.6.3.2
7fbb83bab000-7fbb83bac000 rw-p 00013000 08:01 1315458                    /usr/lib/x86_64-linux-gnu/libtasn1.so.6.3.2
7fbb83bb0000-7fbb83bec000 r-xp 00000000 08:01 1315113                    /usr/lib/x86_64-linux-gnu/libp11-kit.so.0.0.0
7fbb83bec000-7fbb83deb000 ---p 0003c000 08:01 1315113                    /usr/lib/x86_64-linux-gnu/libp11-kit.so.0.0.0
7fbb83deb000-7fbb83df4000 r--p 0003b000 08:01 1315113                    /usr/lib/x86_64-linux-gnu/libp11-kit.so.0.0.0
7fbb83df4000-7fbb83df6000 rw-p 00044000 08:01 1315113                    /usr/lib/x86_64-linux-gnu/libp11-kit.so.0.0.0
7fbb83df8000-7fbb83dfb000 r-xp 00000000 08:01 6422538                    /lib/x86_64-linux-gnu/libkeyutils.so.1.5
7fbb83dfb000-7fbb83ffa000 ---p 00003000 08:01 6422538                    /lib/x86_64-linux-gnu/libkeyutils.so.1.5
7fbb83ffa000-7fbb83ffb000 r--p 00002000 08:01 6422538                    /lib/x86_64-linux-gnu/libkeyutils.so.1.5
7fbb83ffb000-7fbb83ffc000 rw-p 00003000 08:01 6422538                    /lib/x86_64-linux-gnu/libkeyutils.so.1.5
7fbb84000000-7fbb84021000 rw-p 00000000 00:00 0 
7fbb84021000-7fbb88000000 ---p 00000000 00:00 0 
7fbb88004000-7fbb88005000 rw-s 26793c000 00:05 17965                     /dev/nvidiactl
7fbb8800b000-7fbb8800f000 rw-s 33f94b000 00:05 17965                     /dev/nvidiactl
7fbb88015000-7fbb88055000 rw-s 3fe7a5000 00:05 17965                     /dev/nvidiactl
7fbb88055000-7fbb88075000 rw-s 2679a5000 00:05 17965                     /dev/nvidiactl
7fbb88077000-7fbb8807a000 ---p 00000000 00:00 0 
7fbb8807a000-7fbb88178000 rw-p 00000000 00:00 0                          [stack:14132]
7fbb88178000-7fbb88183000 r-xp 00000000 08:01 1317160                    /usr/lib/x86_64-linux-gnu/libkrb5support.so.0.1
7fbb88183000-7fbb88382000 ---p 0000b000 08:01 1317160                    /usr/lib/x86_64-linux-gnu/libkrb5support.so.0.1
7fbb88382000-7fbb88383000 r--p 0000a000 08:01 1317160                    /usr/lib/x86_64-linux-gnu/libkrb5support.so.0.1
7fbb88383000-7fbb88384000 rw-p 0000b000 08:01 1317160                    /usr/lib/x86_64-linux-gnu/libkrb5support.so.0.1
7fbb88388000-7fbb8838b000 r-xp 00000000 08:01 6422616                    /lib/x86_64-linux-gnu/libcom_err.so.2.1
7fbb8838b000-7fbb8858a000 ---p 00003000 08:01 6422616                    /lib/x86_64-linux-gnu/libcom_err.so.2.1
7fbb8858a000-7fbb8858b000 r--p 00002000 08:01 6422616                    /lib/x86_64-linux-gnu/libcom_err.so.2.1
7fbb8858b000-7fbb8858c000 rw-p 00003000 08:01 6422616                    /lib/x86_64-linux-gnu/libcom_err.so.2.1
7fbb88590000-7fbb885be000 r-xp 00000000 08:01 1317162                    /usr/lib/x86_64-linux-gnu/libk5crypto.so.3.1
7fbb885be000-7fbb887bd000 ---p 0002e000 08:01 1317162                    /usr/lib/x86_64-linux-gnu/libk5crypto.so.3.1
7fbb887bd000-7fbb887bf000 r--p 0002d000 08:01 1317162                    /usr/lib/x86_64-linux-gnu/libk5crypto.so.3.1
7fbb887bf000-7fbb887c0000 rw-p 0002f000 08:01 1317162                    /usr/lib/x86_64-linux-gnu/libk5crypto.so.3.1
7fbb887c0000-7fbb887c1000 rw-p 00000000 00:00 0 
7fbb887c8000-7fbb8888c000 r-xp 00000000 08:01 1317164                    /usr/lib/x86_64-linux-gnu/libkrb5.so.3.3
7fbb8888c000-7fbb88a8c000 ---p 000c4000 08:01 1317164                    /usr/lib/x86_64-linux-gnu/libkrb5.so.3.3
7fbb88a8c000-7fbb88a99000 r--p 000c4000 08:01 1317164                    /usr/lib/x86_64-linux-gnu/libkrb5.so.3.3
7fbb88a99000-7fbb88a9c000 rw-p 000d1000 08:01 1317164                    /usr/lib/x86_64-linux-gnu/libkrb5.so.3.3
7fbb88aa0000-7fbb88aa5000 r-xp 00000000 08:01 1317761                    /usr/lib/x86_64-linux-gnu/libXdmcp.so.6.0.0
7fbb88aa5000-7fbb88ca4000 ---p 00005000 08:01 1317761                    /usr/lib/x86_64-linux-gnu/libXdmcp.so.6.0.0
7fbb88ca4000-7fbb88ca5000 rw-p 00004000 08:01 1317761                    /usr/lib/x86_64-linux-gnu/libXdmcp.so.6.0.0
7fbb88ca8000-7fbb88cab000 r-xp 00000000 08:01 1317759                    /usr/lib/x86_64-linux-gnu/libXau.so.6.0.0
7fbb88cab000-7fbb88eaa000 ---p 00003000 08:01 1317759                    /usr/lib/x86_64-linux-gnu/libXau.so.6.0.0
7fbb88eaa000-7fbb88eab000 r--p 00002000 08:01 1317759                    /usr/lib/x86_64-linux-gnu/libXau.so.6.0.0
7fbb88eab000-7fbb88eac000 rw-p 00003000 08:01 1317759                    /usr/lib/x86_64-linux-gnu/libXau.so.6.0.0
7fbb88eb0000-7fbb88f1c000 r-xp 00000000 08:01 6423678                    /lib/x86_64-linux-gnu/libpcre.so.3.13.1
7fbb88f1c000-7fbb8911c000 ---p 0006c000 08:01 6423678                    /lib/x86_64-linux-gnu/libpcre.so.3.13.1
7fbb8911c000-7fbb8911d000 r--p 0006c000 08:01 6423678                    /lib/x86_64-linux-gnu/libpcre.so.3.13.1
7fbb8911d000-7fbb8911e000 rw-p 0006d000 08:01 6423678                    /lib/x86_64-linux-gnu/libpcre.so.3.13.1
7fbb89120000-7fbb89127000 r-xp 00000000 08:01 1315076                    /usr/lib/x86_64-linux-gnu/libffi.so.6.0.2
7fbb89127000-7fbb89326000 ---p 00007000 08:01 1315076                    /usr/lib/x86_64-linux-gnu/libffi.so.6.0.2
7fbb89326000-7fbb89327000 r--p 00006000 08:01 1315076                    /usr/lib/x86_64-linux-gnu/libffi.so.6.0.2
7fbb89327000-7fbb89328000 rw-p 00007000 08:01 1315076                    /usr/lib/x86_64-linux-gnu/libffi.so.6.0.2
7fbb89328000-7fbb8933c000 r-xp 00000000 08:01 6425568                    /lib/x86_64-linux-gnu/libresolv-2.19.so
7fbb8933c000-7fbb8953b000 ---p 00014000 08:01 6425568                    /lib/x86_64-linux-gnu/libresolv-2.19.so
7fbb8953b000-7fbb8953c000 r--p 00013000 08:01 6425568                    /lib/x86_64-linux-gnu/libresolv-2.19.so
7fbb8953c000-7fbb8953d000 rw-p 00014000 08:01 6425568                    /lib/x86_64-linux-gnu/libresolv-2.19.so
7fbb8953d000-7fbb8953f000 rw-p 00000000 00:00 0 
7fbb89540000-7fbb89561000 r-xp 00000000 08:01 6422627                    /lib/x86_64-linux-gnu/libselinux.so.1
7fbb89561000-7fbb89761000 ---p 00021000 08:01 6422627                    /lib/x86_64-linux-gnu/libselinux.so.1
7fbb89761000-7fbb89762000 r--p 00021000 08:01 6422627                    /lib/x86_64-linux-gnu/libselinux.so.1
7fbb89762000-7fbb89763000 rw-p 00022000 08:01 6422627                    /lib/x86_64-linux-gnu/libselinux.so.1
7fbb89763000-7fbb89765000 rw-p 00000000 00:00 0 
7fbb89768000-7fbb8976b000 r-xp 00000000 08:01 1318028                    /usr/lib/x86_64-linux-gnu/libgmodule-2.0.so.0.4200.1
7fbb8976b000-7fbb8996a000 ---p 00003000 08:01 1318028                    /usr/lib/x86_64-linux-gnu/libgmodule-2.0.so.0.4200.1
7fbb8996a000-7fbb8996b000 r--p 00002000 08:01 1318028                    /usr/lib/x86_64-linux-gnu/libgmodule-2.0.so.0.4200.1
7fbb8996b000-7fbb8996c000 rw-p 00003000 08:01 1318028                    /usr/lib/x86_64-linux-gnu/libgmodule-2.0.so.0.4200.1
7fbb89970000-7fbb89996000 r-xp 00000000 08:01 6423568                    /lib/x86_64-linux-gnu/libpng12.so.0.50.0
7fbb89996000-7fbb89b95000 ---p 00026000 08:01 6423568                    /lib/x86_64-linux-gnu/libpng12.so.0.50.0
7fbb89b95000-7fbb89b96000 r--p 00025000 08:01 6423568                    /lib/x86_64-linux-gnu/libpng12.so.0.50.0
7fbb89b96000-7fbb89b97000 rw-p 00026000 08:01 6423568                    /lib/x86_64-linux-gnu/libpng12.so.0.50.0
7fbb89b98000-7fbb89bbe000 r-xp 00000000 08:01 6422533                    /lib/x86_64-linux-gnu/libexpat.so.1.6.0
7fbb89bbe000-7fbb89dbd000 ---p 00026000 08:01 6422533                    /lib/x86_64-linux-gnu/libexpat.so.1.6.0
7fbb89dbd000-7fbb89dc0000 r--p 00025000 08:01 6422533                    /lib/x86_64-linux-gnu/libexpat.so.1.6.0
7fbb89dc0000-7fbb89dc1000 rw-p 00028000 08:01 6422533                    /lib/x86_64-linux-gnu/libexpat.so.1.6.0
7fbb89dc8000-7fbb89dd8000 r-xp 00000000 08:01 1317911                    /usr/lib/x86_64-linux-gnu/libavahi-client.so.3.2.9
7fbb89dd8000-7fbb89fd7000 ---p 00010000 08:01 1317911                    /usr/lib/x86_64-linux-gnu/libavahi-client.so.3.2.9
7fbb89fd7000-7fbb89fd8000 r--p 0000f000 08:01 1317911                    /usr/lib/x86_64-linux-gnu/libavahi-client.so.3.2.9
7fbb89fd8000-7fbb89fd9000 rw-p 00010000 08:01 1317911                    /usr/lib/x86_64-linux-gnu/libavahi-client.so.3.2.9
7fbb89fe0000-7fbb89fec000 r-xp 00000000 08:01 1317908                    /usr/lib/x86_64-linux-gnu/libavahi-common.so.3.5.3
7fbb89fec000-7fbb8a1eb000 ---p 0000c000 08:01 1317908                    /usr/lib/x86_64-linux-gnu/libavahi-common.so.3.5.3
7fbb8a1eb000-7fbb8a1ec000 r--p 0000b000 08:01 1317908                    /usr/lib/x86_64-linux-gnu/libavahi-common.so.3.5.3
7fbb8a1ec000-7fbb8a1ed000 rw-p 0000c000 08:01 1317908                    /usr/lib/x86_64-linux-gnu/libavahi-common.so.3.5.3
7fbb8a1f0000-7fbb8a303000 r-xp 00000000 08:01 1314044                    /usr/lib/x86_64-linux-gnu/libgnutls-deb0.so.28.41.0
7fbb8a303000-7fbb8a503000 ---p 00113000 08:01 1314044                    /usr/lib/x86_64-linux-gnu/libgnutls-deb0.so.28.41.0
7fbb8a503000-7fbb8a50c000 r--p 00113000 08:01 1314044                    /usr/lib/x86_64-linux-gnu/libgnutls-deb0.so.28.41.0
7fbb8a50c000-7fbb8a50e000 rw-p 0011c000 08:01 1314044                    /usr/lib/x86_64-linux-gnu/libgnutls-deb0.so.28.41.0
7fbb8a50e000-7fbb8a50f000 rw-p 00000000 00:00 0 
7fbb8a510000-7fbb8a556000 r-xp 00000000 08:01 1317167                    /usr/lib/x86_64-linux-gnu/libgssapi_krb5.so.2.2
7fbb8a556000-7fbb8a756000 ---p 00046000 08:01 1317167                    /usr/lib/x86_64-linux-gnu/libgssapi_krb5.so.2.2
7fbb8a756000-7fbb8a758000 r--p 00046000 08:01 1317167                    /usr/lib/x86_64-linux-gnu/libgssapi_krb5.so.2.2
7fbb8a758000-7fbb8a75a000 rw-p 00048000 08:01 1317167                    /usr/lib/x86_64-linux-gnu/libgssapi_krb5.so.2.2
7fbb8a760000-7fbb8a781000 r-xp 00000000 08:01 1317763                    /usr/lib/x86_64-linux-gnu/libxcb.so.1.1.0
7fbb8a781000-7fbb8a980000 ---p 00021000 08:01 1317763                    /usr/lib/x86_64-linux-gnu/libxcb.so.1.1.0
7fbb8a980000-7fbb8a981000 r--p 00020000 08:01 1317763                    /usr/lib/x86_64-linux-gnu/libxcb.so.1.1.0
7fbb8a981000-7fbb8a982000 rw-p 00021000 08:01 1317763                    /usr/lib/x86_64-linux-gnu/libxcb.so.1.1.0
7fbb8a988000-7fbb8aa94000 r-xp 00000000 08:01 6423013                    /lib/x86_64-linux-gnu/libglib-2.0.so.0.4200.1
7fbb8aa94000-7fbb8ac94000 ---p 0010c000 08:01 6423013                    /lib/x86_64-linux-gnu/libglib-2.0.so.0.4200.1
7fbb8ac94000-7fbb8ac95000 r--p 0010c000 08:01 6423013                    /lib/x86_64-linux-gnu/libglib-2.0.so.0.4200.1
7fbb8ac95000-7fbb8ac96000 rw-p 0010d000 08:01 6423013                    /lib/x86_64-linux-gnu/libglib-2.0.so.0.4200.1
7fbb8ac96000-7fbb8ac97000 rw-p 00000000 00:00 0 
7fbb8ac98000-7fbb8ace9000 r-xp 00000000 08:01 1318029                    /usr/lib/x86_64-linux-gnu/libgobject-2.0.so.0.4200.1
7fbb8ace9000-7fbb8aee8000 ---p 00051000 08:01 1318029                    /usr/lib/x86_64-linux-gnu/libgobject-2.0.so.0.4200.1
7fbb8aee8000-7fbb8aee9000 r--p 00050000 08:01 1318029                    /usr/lib/x86_64-linux-gnu/libgobject-2.0.so.0.4200.1
7fbb8aee9000-7fbb8aeea000 rw-p 00051000 08:01 1318029                    /usr/lib/x86_64-linux-gnu/libgobject-2.0.so.0.4200.1
7fbb8aef0000-7fbb8b061000 r-xp 00000000 08:01 1318031                    /usr/lib/x86_64-linux-gnu/libgio-2.0.so.0.4200.1
7fbb8b061000-7fbb8b261000 ---p 00171000 08:01 1318031                    /usr/lib/x86_64-linux-gnu/libgio-2.0.so.0.4200.1
7fbb8b261000-7fbb8b265000 r--p 00171000 08:01 1318031                    /usr/lib/x86_64-linux-gnu/libgio-2.0.so.0.4200.1
7fbb8b265000-7fbb8b267000 rw-p 00175000 08:01 1318031                    /usr/lib/x86_64-linux-gnu/libgio-2.0.so.0.4200.1
7fbb8b267000-7fbb8b269000 rw-p 00000000 00:00 0 
7fbb8b270000-7fbb8b314000 r-xp 00000000 08:01 1318123                    /usr/lib/x86_64-linux-gnu/libfreetype.so.6.11.1
7fbb8b314000-7fbb8b513000 ---p 000a4000 08:01 1318123                    /usr/lib/x86_64-linux-gnu/libfreetype.so.6.11.1
7fbb8b513000-7fbb8b519000 r--p 000a3000 08:01 1318123                    /usr/lib/x86_64-linux-gnu/libfreetype.so.6.11.1
7fbb8b519000-7fbb8b51a000 rw-p 000a9000 08:01 1318123                    /usr/lib/x86_64-linux-gnu/libfreetype.so.6.11.1
7fbb8b520000-7fbb8b55b000 r-xp 00000000 08:01 1318125                    /usr/lib/x86_64-linux-gnu/libfontconfig.so.1.8.0
7fbb8b55b000-7fbb8b75a000 ---p 0003b000 08:01 1318125                    /usr/lib/x86_64-linux-gnu/libfontconfig.so.1.8.0
7fbb8b75a000-7fbb8b75c000 r--p 0003a000 08:01 1318125                    /usr/lib/x86_64-linux-gnu/libfontconfig.so.1.8.0
7fbb8b75c000-7fbb8b75d000 rw-p 0003c000 08:01 1318125                    /usr/lib/x86_64-linux-gnu/libfontconfig.so.1.8.0
7fbb8b760000-7fbb8b7d0000 r-xp 00000000 08:01 1317913                    /usr/lib/x86_64-linux-gnu/libcups.so.2
7fbb8b7d0000-7fbb8b9cf000 ---p 00070000 08:01 1317913                    /usr/lib/x86_64-linux-gnu/libcups.so.2
7fbb8b9cf000-7fbb8b9d7000 r--p 0006f000 08:01 1317913                    /usr/lib/x86_64-linux-gnu/libcups.so.2
7fbb8b9d7000-7fbb8b9d8000 rw-p 00077000 08:01 1317913                    /usr/lib/x86_64-linux-gnu/libcups.so.2
7fbb8b9d8000-7fbb8b9e7000 r-xp 00000000 08:01 1318353                    /usr/lib/x86_64-linux-gnu/libXi.so.6.1.0
7fbb8b9e7000-7fbb8bbe6000 ---p 0000f000 08:01 1318353                    /usr/lib/x86_64-linux-gnu/libXi.so.6.1.0
7fbb8bbe6000-7fbb8bbe7000 r--p 0000e000 08:01 1318353                    /usr/lib/x86_64-linux-gnu/libXi.so.6.1.0
7fbb8bbe7000-7fbb8bbe8000 rw-p 0000f000 08:01 1318353                    /usr/lib/x86_64-linux-gnu/libXi.so.6.1.0
7fbb8bbe8000-7fbb8bbed000 r-xp 00000000 08:01 1318983                    /usr/lib/x86_64-linux-gnu/libXtst.so.6.1.0
7fbb8bbed000-7fbb8bdec000 ---p 00005000 08:01 1318983                    /usr/lib/x86_64-linux-gnu/libXtst.so.6.1.0
7fbb8bdec000-7fbb8bded000 r--p 00004000 08:01 1318983                    /usr/lib/x86_64-linux-gnu/libXtst.so.6.1.0
7fbb8bded000-7fbb8bdee000 rw-p 00005000 08:01 1318983                    /usr/lib/x86_64-linux-gnu/libXtst.so.6.1.0
7fbb8bdf0000-7fbb8bdf9000 r-xp 00000000 08:01 1317774                    /usr/lib/x86_64-linux-gnu/libXrender.so.1.3.0
7fbb8bdf9000-7fbb8bff8000 ---p 00009000 08:01 1317774                    /usr/lib/x86_64-linux-gnu/libXrender.so.1.3.0
7fbb8bff8000-7fbb8bff9000 r--p 00008000 08:01 1317774                    /usr/lib/x86_64-linux-gnu/libXrender.so.1.3.0
7fbb8bff9000-7fbb8bffa000 rw-p 00009000 08:01 1317774                    /usr/lib/x86_64-linux-gnu/libXrender.so.1.3.0
7fbb8c000000-7fbb8c021000 rw-p 00000000 00:00 0 
7fbb8c021000-7fbb90000000 ---p 00000000 00:00 0 
7fbb90000000-7fbb90021000 rw-p 00000000 00:00 0 
7fbb90021000-7fbb94000000 ---p 00000000 00:00 0 
7fbb94000000-7fbb94021000 rw-p 00000000 00:00 0 
7fbb94021000-7fbb98000000 ---p 00000000 00:00 0 
7fbb98004000-7fbb98005000 rw-s cfd64000 00:05 19540                      /dev/nvidia0
7fbb9800c000-7fbb9804c000 rw-s 7da94000 00:05 17965                      /dev/nvidiactl
7fbb98052000-7fbb98072000 rw-s a0f32000 00:05 17965                      /dev/nvidiactl
7fbb98077000-7fbb9807a000 ---p 00000000 00:00 0 
7fbb9807a000-7fbb980b0000 rw-p 00000000 00:00 0                          [stack:14135]
7fbb980b0000-7fbb981ec000 r-xp 00000000 08:01 1317767                    /usr/lib/x86_64-linux-gnu/libX11.so.6.3.0
7fbb981ec000-7fbb983eb000 ---p 0013c000 08:01 1317767                    /usr/lib/x86_64-linux-gnu/libX11.so.6.3.0
7fbb983eb000-7fbb983ed000 r--p 0013b000 08:01 1317767                    /usr/lib/x86_64-linux-gnu/libX11.so.6.3.0
7fbb983ed000-7fbb983f2000 rw-p 0013d000 08:01 1317767                    /usr/lib/x86_64-linux-gnu/libX11.so.6.3.0
7fbb983f2000-7fbb983f3000 rw-p 00000000 00:00 0 
7fbb983f8000-7fbb98409000 r-xp 00000000 08:01 1317770                    /usr/lib/x86_64-linux-gnu/libXext.so.6.4.0
7fbb98409000-7fbb98608000 ---p 00011000 08:01 1317770                    /usr/lib/x86_64-linux-gnu/libXext.so.6.4.0
7fbb98608000-7fbb98609000 r--p 00010000 08:01 1317770                    /usr/lib/x86_64-linux-gnu/libXext.so.6.4.0
7fbb98609000-7fbb9860a000 rw-p 00011000 08:01 1317770                    /usr/lib/x86_64-linux-gnu/libXext.so.6.4.0
7fbb9860c000-7fbb9860d000 rw-s cfd64000 00:05 19540                      /dev/nvidia0
7fbb98612000-7fbb98613000 rw-s fd642000 00:05 19540                      /dev/nvidia0
7fbb98613000-7fbb98614000 rw-s 418c63000 00:05 17965                     /dev/nvidiactl
7fbb98619000-7fbb9861a000 rw-s fd641000 00:05 19540                      /dev/nvidia0
7fbb98620000-7fbb98621000 rw-s 41ad40000 00:05 17965                     /dev/nvidiactl
7fbb98622000-7fbb98623000 rw-s a0f8a000 00:05 17965                      /dev/nvidiactl
7fbb98628000-7fbb98629000 rw-s fd060000 00:05 19540                      /dev/nvidia0
7fbb98630000-7fbb98631000 r--p 00000000 08:01 1314157                    /usr/share/locale/en_GB/LC_MESSAGES/libc.mo
7fbb98638000-7fbb98681000 r-xp 00000000 08:01 2235730                    /usr/lib/jvm/java-7-openjdk-amd64/jre/lib/amd64/xawt/libmawt.so
7fbb98681000-7fbb98880000 ---p 00049000 08:01 2235730                    /usr/lib/jvm/java-7-openjdk-amd64/jre/lib/amd64/xawt/libmawt.so
7fbb98880000-7fbb98881000 r--p 00048000 08:01 2235730                    /usr/lib/jvm/java-7-openjdk-amd64/jre/lib/amd64/xawt/libmawt.so
7fbb98881000-7fbb98884000 rw-p 00049000 08:01 2235730                    /usr/lib/jvm/java-7-openjdk-amd64/jre/lib/amd64/xawt/libmawt.so
7fbb98884000-7fbb98885000 rw-p 00000000 00:00 0 
7fbb98888000-7fbb98929000 r-xp 00000000 08:01 2101931                    /usr/lib/jvm/java-7-openjdk-amd64/jre/lib/amd64/libawt.so
7fbb98929000-7fbb98b28000 ---p 000a1000 08:01 2101931                    /usr/lib/jvm/java-7-openjdk-amd64/jre/lib/amd64/libawt.so
7fbb98b28000-7fbb98b29000 r--p 000a0000 08:01 2101931                    /usr/lib/jvm/java-7-openjdk-amd64/jre/lib/amd64/libawt.so
7fbb98b29000-7fbb98b34000 rw-p 000a1000 08:01 2101931                    /usr/lib/jvm/java-7-openjdk-amd64/jre/lib/amd64/libawt.so
7fbb98b34000-7fbb98b59000 rw-p 00000000 00:00 0 
7fbb98b59000-7fbb98b5b000 r--s 00019000 08:01 1578241                    /opt/intellij-idea/lib/idea_rt.jar
7fbb98b62000-7fbb98b63000 r--s 00002000 08:13 4850952                    /home/mart/IdeaProjects/Multiplayer World 2/libs/PNGDecoder.jar
7fbb98b67000-7fbb98b6a000 r--s 00017000 08:13 9045358                    /home/mart/IdeaProjects/Multiplayer World 2/libs/slick-util.jar
7fbb98b6f000-7fbb98b73000 r--s 00027000 08:13 9045357                    /home/mart/IdeaProjects/Multiplayer World 2/libs/lwjgl_util.jar
7fbb98b73000-7fbb98b7e000 r--s 00203000 08:01 2101903                    /usr/lib/jvm/java-7-openjdk-amd64/jre/lib/charsets.jar
7fbb98b83000-7fbb98b92000 r--s 000f3000 08:13 9045342                    /home/mart/IdeaProjects/Multiplayer World 2/libs/lwjgl.jar
7fbb98b97000-7fbb98ba5000 r--s 0010f000 08:01 2101969                    /usr/lib/jvm/java-7-openjdk-amd64/jre/lib/rhino.jar
7fbb98ba6000-7fbb98bb0000 r--s 000ae000 08:01 2101899                    /usr/lib/jvm/java-7-openjdk-amd64/jre/lib/resources.jar
7fbb98bb0000-7fbb98bb1000 r--s 00000000 08:01 2101978                    /usr/lib/jvm/java-7-openjdk-amd64/jre/lib/management-agent.jar
7fbb98bb6000-7fbb98bbb000 r--s 0004e000 08:01 2101968                    /usr/lib/jvm/java-7-openjdk-amd64/jre/lib/jsse.jar
7fbb98bc0000-7fbb98bc2000 r--s 00018000 08:01 2101971                    /usr/lib/jvm/java-7-openjdk-amd64/jre/lib/jce.jar
7fbb98bc2000-7fbb98bc3000 r--s 0000a000 08:01 2101901                    /usr/lib/jvm/java-7-openjdk-amd64/jre/lib/javazic.jar
7fbb98bc8000-7fbb98bc9000 r--s 00000000 08:01 2101972                    /usr/lib/jvm/java-7-openjdk-amd64/jre/lib/compilefontconfig.jar
7fbb98bcb000-7fbb98bd6000 r--s 00203000 08:01 2101903                    /usr/lib/jvm/java-7-openjdk-amd64/jre/lib/charsets.jar
7fbb98bd9000-7fbb98bda000 ---p 00000000 00:00 0 
7fbb98bda000-7fbb98cda000 rw-p 00000000 00:00 0                          [stack:14130]
7fbb98cda000-7fbb98cdd000 ---p 00000000 00:00 0 
7fbb98cdd000-7fbb98ddb000 rw-p 00000000 00:00 0                          [stack:14129]
7fbb98ddb000-7fbb98dde000 ---p 00000000 00:00 0 
7fbb98dde000-7fbb98edc000 rw-p 00000000 00:00 0                          [stack:14128]
7fbb98edc000-7fbb98edf000 ---p 00000000 00:00 0 
7fbb98edf000-7fbb98fdd000 rw-p 00000000 00:00 0                          [stack:14127]
7fbb98fdd000-7fbb98fe0000 ---p 00000000 00:00 0 
7fbb98fe0000-7fbb990de000 rw-p 00000000 00:00 0                          [stack:14124]
7fbb990de000-7fbb990e1000 ---p 00000000 00:00 0 
7fbb990e1000-7fbb991df000 rw-p 00000000 00:00 0                          [stack:14123]
7fbb991df000-7fbb991e2000 ---p 00000000 00:00 0 
7fbb991e2000-7fbb992e0000 rw-p 00000000 00:00 0                          [stack:14122]
7fbb992e0000-7fbb992e4000 r-xp 00000000 08:01 2101920                    /usr/lib/jvm/java-7-openjdk-amd64/jre/lib/amd64/libdt_socket.so
7fbb992e4000-7fbb994e3000 ---p 00004000 08:01 2101920                    /usr/lib/jvm/java-7-openjdk-amd64/jre/lib/amd64/libdt_socket.so
7fbb994e3000-7fbb994e4000 r--p 00003000 08:01 2101920                    /usr/lib/jvm/java-7-openjdk-amd64/jre/lib/amd64/libdt_socket.so
7fbb994e4000-7fbb994e5000 rw-p 00004000 08:01 2101920                    /usr/lib/jvm/java-7-openjdk-amd64/jre/lib/amd64/libdt_socket.so
7fbb994ea000-7fbb994ed000 ---p 00000000 00:00 0 
7fbb994ed000-7fbb995eb000 rw-p 00000000 00:00 0                          [stack:14121]
7fbb995eb000-7fbb995ee000 ---p 00000000 00:00 0 
7fbb995ee000-7fbb996ec000 rw-p 00000000 00:00 0                          [stack:14119]
7fbb996ec000-7fbb996ef000 ---p 00000000 00:00 0 
7fbb996ef000-7fbb997ed000 rw-p 00000000 00:00 0                          [stack:14118]
7fbb997ed000-7fbb997ee000 ---p 00000000 00:00 0 
7fbb997ee000-7fbb9b532000 rw-p 00000000 00:00 0                          [stack:14117]
7fbb9b532000-7fbb9b6e4000 r--s 01d32000 08:01 2101898                    /usr/lib/jvm/java-7-openjdk-amd64/jre/lib/rt.jar
7fbb9b6e6000-7fbb9bfd7000 rw-p 00000000 00:00 0 
7fbb9bfd7000-7fbb9bfd8000 ---p 00000000 00:00 0 
7fbb9bfd8000-7fbb9c0d8000 rw-p 00000000 00:00 0                          [stack:14116]
7fbb9c0d8000-7fbb9c0d9000 ---p 00000000 00:00 0 
7fbb9c0d9000-7fbb9c1d9000 rw-p 00000000 00:00 0                          [stack:14115]
7fbb9c1d9000-7fbb9c1da000 ---p 00000000 00:00 0 
7fbb9c1da000-7fbb9c2da000 rw-p 00000000 00:00 0                          [stack:14114]
7fbb9c2da000-7fbb9c2db000 ---p 00000000 00:00 0 
7fbb9c2db000-7fbb9c3db000 rw-p 00000000 00:00 0                          [stack:14113]
7fbb9c3db000-7fbb9c3dc000 ---p 00000000 00:00 0 
7fbb9c3dc000-7fbb9c4dc000 rw-p 00000000 00:00 0                          [stack:14112]
7fbb9c4dc000-7fbb9c4dd000 ---p 00000000 00:00 0 
7fbb9c4dd000-7fbb9c5dd000 rw-p 00000000 00:00 0                          [stack:14111]
7fbb9c5dd000-7fbb9c5de000 ---p 00000000 00:00 0 
7fbb9c5de000-7fbb9c6de000 rw-p 00000000 00:00 0                          [stack:14110]
7fbb9c6de000-7fbb9c6df000 ---p 00000000 00:00 0 
7fbb9c6df000-7fbb9c7ea000 rw-p 00000000 00:00 0                          [stack:14109]
7fbb9c7ea000-7fbb9c832000 rw-p 00000000 00:00 0 
7fbb9c832000-7fbb9c885000 rw-p 00000000 00:00 0 
7fbb9c885000-7fbb9cd65000 rw-p 00000000 00:00 0 
7fbb9cd65000-7fbb9cd8f000 rw-p 00000000 00:00 0 
7fbb9cd8f000-7fbb9cfff000 rw-p 00000000 00:00 0 
7fbb9cfff000-7fbb9d000000 rw-p 00000000 00:00 0 
7fbb9d000000-7fbb9d270000 rwxp 00000000 00:00 0 
7fbb9d270000-7fbba0a7f000 rw-p 00000000 00:00 0 
7fbba0a7f000-7fbba4000000 ---p 00000000 00:00 0 
7fbba4006000-7fbba40d4000 rw-p 00000000 00:00 0 
7fbba40d4000-7fbba411c000 rw-p 00000000 00:00 0 
7fbba411c000-7fbba416f000 rw-p 00000000 00:00 0 
7fbba416f000-7fbba4650000 rw-p 00000000 00:00 0 
7fbba4650000-7fbba4658000 r-xp 00000000 08:01 2101919                    /usr/lib/jvm/java-7-openjdk-amd64/jre/lib/amd64/libzip.so
7fbba4658000-7fbba4857000 ---p 00008000 08:01 2101919                    /usr/lib/jvm/java-7-openjdk-amd64/jre/lib/amd64/libzip.so
7fbba4857000-7fbba4858000 r--p 00007000 08:01 2101919                    /usr/lib/jvm/java-7-openjdk-amd64/jre/lib/amd64/libzip.so
7fbba4858000-7fbba4859000 rw-p 00008000 08:01 2101919                    /usr/lib/jvm/java-7-openjdk-amd64/jre/lib/amd64/libzip.so
7fbba4860000-7fbba486b000 r-xp 00000000 08:01 6425563                    /lib/x86_64-linux-gnu/libnss_files-2.19.so
7fbba486b000-7fbba4a6a000 ---p 0000b000 08:01 6425563                    /lib/x86_64-linux-gnu/libnss_files-2.19.so
7fbba4a6a000-7fbba4a6b000 r--p 0000a000 08:01 6425563                    /lib/x86_64-linux-gnu/libnss_files-2.19.so
7fbba4a6b000-7fbba4a6c000 rw-p 0000b000 08:01 6425563                    /lib/x86_64-linux-gnu/libnss_files-2.19.so
7fbba4a70000-7fbba4a7a000 r-xp 00000000 08:01 6425565                    /lib/x86_64-linux-gnu/libnss_nis-2.19.so
7fbba4a7a000-7fbba4c79000 ---p 0000a000 08:01 6425565                    /lib/x86_64-linux-gnu/libnss_nis-2.19.so
7fbba4c79000-7fbba4c7a000 r--p 00009000 08:01 6425565                    /lib/x86_64-linux-gnu/libnss_nis-2.19.so
7fbba4c7a000-7fbba4c7b000 rw-p 0000a000 08:01 6425565                    /lib/x86_64-linux-gnu/libnss_nis-2.19.so
7fbba4c80000-7fbba4c95000 r-xp 00000000 08:01 6425560                    /lib/x86_64-linux-gnu/libnsl-2.19.so
7fbba4c95000-7fbba4e94000 ---p 00015000 08:01 6425560                    /lib/x86_64-linux-gnu/libnsl-2.19.so
7fbba4e94000-7fbba4e95000 r--p 00014000 08:01 6425560                    /lib/x86_64-linux-gnu/libnsl-2.19.so
7fbba4e95000-7fbba4e96000 rw-p 00015000 08:01 6425560                    /lib/x86_64-linux-gnu/libnsl-2.19.so
7fbba4e96000-7fbba4e98000 rw-p 00000000 00:00 0 
7fbba4e98000-7fbba4e9f000 r-xp 00000000 08:01 6425561                    /lib/x86_64-linux-gnu/libnss_compat-2.19.so
7fbba4e9f000-7fbba509e000 ---p 00007000 08:01 6425561                    /lib/x86_64-linux-gnu/libnss_compat-2.19.so
7fbba509e000-7fbba509f000 r--p 00006000 08:01 6425561                    /lib/x86_64-linux-gnu/libnss_compat-2.19.so
7fbba509f000-7fbba50a0000 rw-p 00007000 08:01 6425561                    /lib/x86_64-linux-gnu/libnss_compat-2.19.so
7fbba50a0000-7fbba5229000 r--p 00000000 08:01 1314223                    /usr/lib/locale/locale-archive
7fbba5230000-7fbba5232000 r-xp 00000000 08:01 2101929                    /usr/lib/jvm/java-7-openjdk-amd64/jre/lib/amd64/libnpt.so
7fbba5232000-7fbba5432000 ---p 00002000 08:01 2101929                    /usr/lib/jvm/java-7-openjdk-amd64/jre/lib/amd64/libnpt.so
7fbba5432000-7fbba5433000 r--p 00002000 08:01 2101929                    /usr/lib/jvm/java-7-openjdk-amd64/jre/lib/amd64/libnpt.so
7fbba5433000-7fbba5434000 rw-p 00003000 08:01 2101929                    /usr/lib/jvm/java-7-openjdk-amd64/jre/lib/amd64/libnpt.so
7fbba5438000-7fbba5473000 r-xp 00000000 08:01 2101915                    /usr/lib/jvm/java-7-openjdk-amd64/jre/lib/amd64/libjdwp.so
7fbba5473000-7fbba5672000 ---p 0003b000 08:01 2101915                    /usr/lib/jvm/java-7-openjdk-amd64/jre/lib/amd64/libjdwp.so
7fbba5672000-7fbba5673000 r--p 0003a000 08:01 2101915                    /usr/lib/jvm/java-7-openjdk-amd64/jre/lib/amd64/libjdwp.so
7fbba5673000-7fbba5674000 rw-p 0003b000 08:01 2101915                    /usr/lib/jvm/java-7-openjdk-amd64/jre/lib/amd64/libjdwp.so
7fbba5674000-7fbba5675000 rw-p 00000000 00:00 0 
7fbba5678000-7fbba56a5000 r-xp 00000000 08:01 2101951                    /usr/lib/jvm/java-7-openjdk-amd64/jre/lib/amd64/libjava.so
7fbba56a5000-7fbba58a4000 ---p 0002d000 08:01 2101951                    /usr/lib/jvm/java-7-openjdk-amd64/jre/lib/amd64/libjava.so
7fbba58a4000-7fbba58a5000 r--p 0002c000 08:01 2101951                    /usr/lib/jvm/java-7-openjdk-amd64/jre/lib/amd64/libjava.so
7fbba58a5000-7fbba58a7000 rw-p 0002d000 08:01 2101951                    /usr/lib/jvm/java-7-openjdk-amd64/jre/lib/amd64/libjava.so
7fbba58a8000-7fbba58b7000 r-xp 00000000 08:01 2101914                    /usr/lib/jvm/java-7-openjdk-amd64/jre/lib/amd64/libverify.so
7fbba58b7000-7fbba5ab6000 ---p 0000f000 08:01 2101914                    /usr/lib/jvm/java-7-openjdk-amd64/jre/lib/amd64/libverify.so
7fbba5ab6000-7fbba5ab9000 r--p 0000e000 08:01 2101914                    /usr/lib/jvm/java-7-openjdk-amd64/jre/lib/amd64/libverify.so
7fbba5ab9000-7fbba5aba000 rw-p 00011000 08:01 2101914                    /usr/lib/jvm/java-7-openjdk-amd64/jre/lib/amd64/libverify.so
7fbba5ac0000-7fbba5ac7000 r-xp 00000000 08:01 6425569                    /lib/x86_64-linux-gnu/librt-2.19.so
7fbba5ac7000-7fbba5cc6000 ---p 00007000 08:01 6425569                    /lib/x86_64-linux-gnu/librt-2.19.so
7fbba5cc6000-7fbba5cc7000 r--p 00006000 08:01 6425569                    /lib/x86_64-linux-gnu/librt-2.19.so
7fbba5cc7000-7fbba5cc8000 rw-p 00007000 08:01 6425569                    /lib/x86_64-linux-gnu/librt-2.19.so
7fbba5cc8000-7fbba5cde000 r-xp 00000000 08:01 6422532                    /lib/x86_64-linux-gnu/libgcc_s.so.1
7fbba5cde000-7fbba5edd000 ---p 00016000 08:01 6422532                    /lib/x86_64-linux-gnu/libgcc_s.so.1
7fbba5edd000-7fbba5ede000 rw-p 00015000 08:01 6422532                    /lib/x86_64-linux-gnu/libgcc_s.so.1
7fbba5ee0000-7fbba5fe0000 r-xp 00000000 08:01 6425558                    /lib/x86_64-linux-gnu/libm-2.19.so
7fbba5fe0000-7fbba61df000 ---p 00100000 08:01 6425558                    /lib/x86_64-linux-gnu/libm-2.19.so
7fbba61df000-7fbba61e0000 r--p 000ff000 08:01 6425558                    /lib/x86_64-linux-gnu/libm-2.19.so
7fbba61e0000-7fbba61e1000 rw-p 00100000 08:01 6425558                    /lib/x86_64-linux-gnu/libm-2.19.so
7fbba61e8000-7fbba62d4000 r-xp 00000000 08:01 1315446                    /usr/lib/x86_64-linux-gnu/libstdc++.so.6.0.20
7fbba62d4000-7fbba64d4000 ---p 000ec000 08:01 1315446                    /usr/lib/x86_64-linux-gnu/libstdc++.so.6.0.20
7fbba64d4000-7fbba64dc000 r--p 000ec000 08:01 1315446                    /usr/lib/x86_64-linux-gnu/libstdc++.so.6.0.20
7fbba64dc000-7fbba64de000 rw-p 000f4000 08:01 1315446                    /usr/lib/x86_64-linux-gnu/libstdc++.so.6.0.20
7fbba64de000-7fbba64f3000 rw-p 00000000 00:00 0 
7fbba64f8000-7fbba704e000 r-xp 00000000 08:01 2101927                    /usr/lib/jvm/java-7-openjdk-amd64/jre/lib/amd64/server/libjvm.so
7fbba704e000-7fbba724e000 ---p 00b56000 08:01 2101927                    /usr/lib/jvm/java-7-openjdk-amd64/jre/lib/amd64/server/libjvm.so
7fbba724e000-7fbba72ed000 r--p 00b56000 08:01 2101927                    /usr/lib/jvm/java-7-openjdk-amd64/jre/lib/amd64/server/libjvm.so
7fbba72ed000-7fbba7310000 rw-p 00bf5000 08:01 2101927                    /usr/lib/jvm/java-7-openjdk-amd64/jre/lib/amd64/server/libjvm.so
7fbba7310000-7fbba733d000 rw-p 00000000 00:00 0 
7fbba7340000-7fbba735a000 r-xp 00000000 08:01 6422628                    /lib/x86_64-linux-gnu/libz.so.1.2.8
7fbba735a000-7fbba7559000 ---p 0001a000 08:01 6422628                    /lib/x86_64-linux-gnu/libz.so.1.2.8
7fbba7559000-7fbba755a000 r--p 00019000 08:01 6422628                    /lib/x86_64-linux-gnu/libz.so.1.2.8
7fbba755a000-7fbba755b000 rw-p 0001a000 08:01 6422628                    /lib/x86_64-linux-gnu/libz.so.1.2.8
7fbba7560000-7fbba76ff000 r-xp 00000000 08:01 6425554                    /lib/x86_64-linux-gnu/libc-2.19.so
7fbba76ff000-7fbba78ff000 ---p 0019f000 08:01 6425554                    /lib/x86_64-linux-gnu/libc-2.19.so
7fbba78ff000-7fbba7903000 r--p 0019f000 08:01 6425554                    /lib/x86_64-linux-gnu/libc-2.19.so
7fbba7903000-7fbba7905000 rw-p 001a3000 08:01 6425554                    /lib/x86_64-linux-gnu/libc-2.19.so
7fbba7905000-7fbba7909000 rw-p 00000000 00:00 0 
7fbba7910000-7fbba7913000 r-xp 00000000 08:01 6425557                    /lib/x86_64-linux-gnu/libdl-2.19.so
7fbba7913000-7fbba7b12000 ---p 00003000 08:01 6425557                    /lib/x86_64-linux-gnu/libdl-2.19.so
7fbba7b12000-7fbba7b13000 r--p 00002000 08:01 6425557                    /lib/x86_64-linux-gnu/libdl-2.19.so
7fbba7b13000-7fbba7b14000 rw-p 00003000 08:01 6425557                    /lib/x86_64-linux-gnu/libdl-2.19.so
7fbba7b18000-7fbba7b25000 r-xp 00000000 08:01 2101917                    /usr/lib/jvm/java-7-openjdk-amd64/jre/lib/amd64/jli/libjli.so
7fbba7b25000-7fbba7d24000 ---p 0000d000 08:01 2101917                    /usr/lib/jvm/java-7-openjdk-amd64/jre/lib/amd64/jli/libjli.so
7fbba7d24000-7fbba7d25000 r--p 0000c000 08:01 2101917                    /usr/lib/jvm/java-7-openjdk-amd64/jre/lib/amd64/jli/libjli.so
7fbba7d25000-7fbba7d26000 rw-p 0000d000 08:01 2101917                    /usr/lib/jvm/java-7-openjdk-amd64/jre/lib/amd64/jli/libjli.so
7fbba7d28000-7fbba7d40000 r-xp 00000000 08:01 6425550                    /lib/x86_64-linux-gnu/libpthread-2.19.so
7fbba7d40000-7fbba7f3f000 ---p 00018000 08:01 6425550                    /lib/x86_64-linux-gnu/libpthread-2.19.so
7fbba7f3f000-7fbba7f40000 r--p 00017000 08:01 6425550                    /lib/x86_64-linux-gnu/libpthread-2.19.so
7fbba7f40000-7fbba7f41000 rw-p 00018000 08:01 6425550                    /lib/x86_64-linux-gnu/libpthread-2.19.so
7fbba7f41000-7fbba7f45000 rw-p 00000000 00:00 0 
7fbba7f48000-7fbba7f68000 r-xp 00000000 08:01 6425551                    /lib/x86_64-linux-gnu/ld-2.19.so
7fbba7f6f000-7fbba7f72000 r--s 0000f000 08:01 2101910                    /usr/lib/jvm/java-7-openjdk-amd64/jre/lib/ext/icedtea-sound.jar
7fbba7f74000-7fbba7f78000 r--s 00034000 08:01 2101912                    /usr/lib/jvm/java-7-openjdk-amd64/jre/lib/ext/sunjce_provider.jar
7fbba7f7e000-7fbba7f88000 rw-p 00000000 00:00 0 
7fbba7f88000-7fbba803e000 rw-p 00000000 00:00 0 
7fbba803e000-7fbba8041000 ---p 00000000 00:00 0 
7fbba8041000-7fbba8140000 rw-p 00000000 00:00 0                          [stack:14108]
7fbba8146000-7fbba8148000 r--s 00006000 08:01 1841746                    /usr/share/java/java-atk-wrapper.jar
7fbba814a000-7fbba814c000 r--s 00012000 08:01 2101907                    /usr/lib/jvm/java-7-openjdk-amd64/jre/lib/ext/zipfs.jar
7fbba814d000-7fbba8151000 r--s 00085000 08:01 2101908                    /usr/lib/jvm/java-7-openjdk-amd64/jre/lib/ext/localedata.jar
7fbba8152000-7fbba8153000 r--s 00002000 08:01 2101909                    /usr/lib/jvm/java-7-openjdk-amd64/jre/lib/ext/dnsns.jar
7fbba8154000-7fbba8158000 r--s 0003c000 08:01 2101911                    /usr/lib/jvm/java-7-openjdk-amd64/jre/lib/ext/sunpkcs11.jar
7fbba8158000-7fbba8160000 rw-s 00000000 08:12 3145732                    /tmp/hsperfdata_mart/14107
7fbba8163000-7fbba8166000 rw-p 00000000 00:00 0 
7fbba8166000-7fbba8167000 r--p 00000000 00:00 0 
7fbba8167000-7fbba8168000 rw-p 00000000 00:00 0 
7fbba8168000-7fbba8169000 r--p 00020000 08:01 6425551                    /lib/x86_64-linux-gnu/ld-2.19.so
7fbba8169000-7fbba816a000 rw-p 00021000 08:01 6425551                    /lib/x86_64-linux-gnu/ld-2.19.so
7fbba816a000-7fbba816c000 rw-p 00000000 00:00 0 
7fbba816c000-7fbba8170000 rw-p 00000000 00:00 0 
7ffc88236000-7ffc88257000 rw-p 00000000 00:00 0                          [stack]
7ffc882c0000-7ffc882c2000 r-xp 00000000 00:00 0                          [vdso]
7ffc882c2000-7ffc882c4000 r--p 00000000 00:00 0                          [vvar]
ffffffffff600000-ffffffffff601000 r-xp 00000000 00:00 0                  [vsyscall]

VM Arguments:
jvm_args: -agentlib:jdwp=transport=dt_socket,address=127.0.0.1:47373,suspend=y,server=n -Djava.library.path=libs/ -Dfile.encoding=UTF-8 
java_command: engine.GameLoop
Launcher Type: SUN_STANDARD

Environment Variables:
PATH=/usr/local/bin:/usr/bin:/bin:/usr/local/games:/usr/games
USERNAME=mart
LD_LIBRARY_PATH=/opt/intellij-idea/bin:
SHELL=/bin/bash
DISPLAY=:0

Signal Handlers:
SIGSEGV: [libjvm.so+0x988620], sa_mask[0]=0x7ffbfeff, sa_flags=0x10000004
SIGBUS: [libjvm.so+0x988620], sa_mask[0]=0x7ffbfeff, sa_flags=0x10000004
SIGFPE: [libjvm.so+0x7f5420], sa_mask[0]=0x7ffbfeff, sa_flags=0x10000004
SIGPIPE: [libjvm.so+0x7f5420], sa_mask[0]=0x7ffbfeff, sa_flags=0x10000004
SIGXFSZ: [libjvm.so+0x7f5420], sa_mask[0]=0x7ffbfeff, sa_flags=0x10000004
SIGILL: [libjvm.so+0x7f5420], sa_mask[0]=0x7ffbfeff, sa_flags=0x10000004
SIGUSR1: SIG_DFL, sa_mask[0]=0x00000000, sa_flags=0x00000000
SIGUSR2: [libjvm.so+0x7f52a0], sa_mask[0]=0x00000004, sa_flags=0x10000004
SIGHUP: [libjvm.so+0x7f54a0], sa_mask[0]=0x7ffbfeff, sa_flags=0x10000004
SIGINT: [libjvm.so+0x7f54a0], sa_mask[0]=0x7ffbfeff, sa_flags=0x10000004
SIGTERM: [libjvm.so+0x7f54a0], sa_mask[0]=0x7ffbfeff, sa_flags=0x10000004
SIGQUIT: [libjvm.so+0x7f54a0], sa_mask[0]=0x7ffbfeff, sa_flags=0x10000004
SIGTRAP: SIG_DFL, sa_mask[0]=0x00000000, sa_flags=0x00000000


---------------  S Y S T E M  ---------------

OS:8.2

uname:Linux 3.16.0-4-amd64 #1 SMP Debian 3.16.7-ckt11-1+deb8u5 (2015-10-09) x86_64
libc:glibc 2.19 NPTL 2.19 
rlimit: STACK 8192k, CORE 0k, NPROC 63809, NOFILE 65536, AS infinity
load average:0.40 0.48 0.66

/proc/meminfo:
MemTotal:       16352924 kB
MemFree:         8981500 kB
MemAvailable:   12540988 kB
Buffers:          355620 kB
Cached:          3103580 kB
SwapCached:            0 kB
Active:          5517484 kB
Inactive:        1280676 kB
Active(anon):    3342560 kB
Inactive(anon):    24064 kB
Active(file):    2174924 kB
Inactive(file):  1256612 kB
Unevictable:          32 kB
Mlocked:              32 kB
SwapTotal:             0 kB
SwapFree:              0 kB
Dirty:              7608 kB
Writeback:          1564 kB
AnonPages:       3339084 kB
Mapped:           422620 kB
Shmem:             27672 kB
Slab:             428932 kB
SReclaimable:     381368 kB
SUnreclaim:        47564 kB
KernelStack:       11312 kB
PageTables:        33052 kB
NFS_Unstable:          0 kB
Bounce:                0 kB
WritebackTmp:          0 kB
CommitLimit:     8176460 kB
Committed_AS:    8342756 kB
VmallocTotal:   34359738367 kB
VmallocUsed:      330552 kB
VmallocChunk:   34359391740 kB
HardwareCorrupted:     0 kB
AnonHugePages:         0 kB
HugePages_Total:       0
HugePages_Free:        0
HugePages_Rsvd:        0
HugePages_Surp:        0
Hugepagesize:       2048 kB
DirectMap4k:      213428 kB
DirectMap2M:    13365248 kB
DirectMap1G:     3145728 kB


CPU:total 8 (8 cores per cpu, 1 threads per core) family 21 model 2 stepping 0, cmov, cx8, fxsr, mmx, sse, sse2, sse3, ssse3, sse4.1, sse4.2, popcnt, avx, aes, mmxext, 3dnowpref, lzcnt, sse4a, tsc, tscinvbit, tscinv

/proc/cpuinfo:
processor	: 0
vendor_id	: AuthenticAMD
cpu family	: 21
model		: 2
model name	: AMD FX(tm)-8320 Eight-Core Processor
stepping	: 0
microcode	: 0x6000822
cpu MHz		: 3500.000
cache size	: 2048 KB
physical id	: 0
siblings	: 8
core id		: 0
cpu cores	: 4
apicid		: 16
initial apicid	: 0
fpu		: yes
fpu_exception	: yes
cpuid level	: 13
wp		: yes
flags		: fpu vme de pse tsc msr pae mce cx8 apic sep mtrr pge mca cmov pat pse36 clflush mmx fxsr sse sse2 ht syscall nx mmxext fxsr_opt pdpe1gb rdtscp lm constant_tsc rep_good nopl nonstop_tsc extd_apicid aperfmperf pni pclmulqdq monitor ssse3 fma cx16 sse4_1 sse4_2 popcnt aes xsave avx f16c lahf_lm cmp_legacy svm extapic cr8_legacy abm sse4a misalignsse 3dnowprefetch osvw ibs xop skinit wdt lwp fma4 tce nodeid_msr tbm topoext perfctr_core perfctr_nb arat cpb hw_pstate npt lbrv svm_lock nrip_save tsc_scale vmcb_clean flushbyasid decodeassists pausefilter pfthreshold vmmcall bmi1
bogomips	: 7000.16
TLB size	: 1536 4K pages
clflush size	: 64
cache_alignment	: 64
address sizes	: 48 bits physical, 48 bits virtual
power management: ts ttp tm 100mhzsteps hwpstate cpb eff_freq_ro

processor	: 1
vendor_id	: AuthenticAMD
cpu family	: 21
model		: 2
model name	: AMD FX(tm)-8320 Eight-Core Processor           
stepping	: 0
microcode	: 0x6000822
cpu MHz		: 3500.000
cache size	: 2048 KB
physical id	: 0
siblings	: 8
core id		: 1
cpu cores	: 4
apicid		: 17
initial apicid	: 1
fpu		: yes
fpu_exception	: yes
cpuid level	: 13
wp		: yes
flags		: fpu vme de pse tsc msr pae mce cx8 apic sep mtrr pge mca cmov pat pse36 clflush mmx fxsr sse sse2 ht syscall nx mmxext fxsr_opt pdpe1gb rdtscp lm constant_tsc rep_good nopl nonstop_tsc extd_apicid aperfmperf pni pclmulqdq monitor ssse3 fma cx16 sse4_1 sse4_2 popcnt aes xsave avx f16c lahf_lm cmp_legacy svm extapic cr8_legacy abm sse4a misalignsse 3dnowprefetch osvw ibs xop skinit wdt lwp fma4 tce nodeid_msr tbm topoext perfctr_core perfctr_nb arat cpb hw_pstate npt lbrv svm_lock nrip_save tsc_scale vmcb_clean flushbyasid decodeassists pausefilter pfthreshold vmmcall bmi1
bogomips	: 7000.16
TLB size	: 1536 4K pages
clflush size	: 64
cache_alignment	: 64
address sizes	: 48 bits physical, 48 bits virtual
power management: ts ttp tm 100mhzsteps hwpstate cpb eff_freq_ro

processor	: 2
vendor_id	: AuthenticAMD
cpu family	: 21
model		: 2
model name	: AMD FX(tm)-8320 Eight-Core Processor           
stepping	: 0
microcode	: 0x6000822
cpu MHz		: 3500.000
cache size	: 2048 KB
physical id	: 0
siblings	: 8
core id		: 2
cpu cores	: 4
apicid		: 18
initial apicid	: 2
fpu		: yes
fpu_exception	: yes
cpuid level	: 13
wp		: yes
flags		: fpu vme de pse tsc msr pae mce cx8 apic sep mtrr pge mca cmov pat pse36 clflush mmx fxsr sse sse2 ht syscall nx mmxext fxsr_opt pdpe1gb rdtscp lm constant_tsc rep_good nopl nonstop_tsc extd_apicid aperfmperf pni pclmulqdq monitor ssse3 fma cx16 sse4_1 sse4_2 popcnt aes xsave avx f16c lahf_lm cmp_legacy svm extapic cr8_legacy abm sse4a misalignsse 3dnowprefetch osvw ibs xop skinit wdt lwp fma4 tce nodeid_msr tbm topoext perfctr_core perfctr_nb arat cpb hw_pstate npt lbrv svm_lock nrip_save tsc_scale vmcb_clean flushbyasid decodeassists pausefilter pfthreshold vmmcall bmi1
bogomips	: 7000.16
TLB size	: 1536 4K pages
clflush size	: 64
cache_alignment	: 64
address sizes	: 48 bits physical, 48 bits virtual
power management: ts ttp tm 100mhzsteps hwpstate cpb eff_freq_ro

processor	: 3
vendor_id	: AuthenticAMD
cpu family	: 21
model		: 2
model name	: AMD FX(tm)-8320 Eight-Core Processor           
stepping	: 0
microcode	: 0x6000822
cpu MHz		: 3500.000
cache size	: 2048 KB
physical id	: 0
siblings	: 8
core id		: 3
cpu cores	: 4
apicid		: 19
initial apicid	: 3
fpu		: yes
fpu_exception	: yes
cpuid level	: 13
wp		: yes
flags		: fpu vme de pse tsc msr pae mce cx8 apic sep mtrr pge mca cmov pat pse36 clflush mmx fxsr sse sse2 ht syscall nx mmxext fxsr_opt pdpe1gb rdtscp lm constant_tsc rep_good nopl nonstop_tsc extd_apicid aperfmperf pni pclmulqdq monitor ssse3 fma cx16 sse4_1 sse4_2 popcnt aes xsave avx f16c lahf_lm cmp_legacy svm extapic cr8_legacy abm sse4a misalignsse 3dnowprefetch osvw ibs xop skinit wdt lwp fma4 tce nodeid_msr tbm topoext perfctr_core perfctr_nb arat cpb hw_pstate npt lbrv svm_lock nrip_save tsc_scale vmcb_clean flushbyasid decodeassists pausefilter pfthreshold vmmcall bmi1
bogomips	: 7000.16
TLB size	: 1536 4K pages
clflush size	: 64
cache_alignment	: 64
address sizes	: 48 bits physical, 48 bits virtual
power management: ts ttp tm 100mhzsteps hwpstate cpb eff_freq_ro

processor	: 4
vendor_id	: AuthenticAMD
cpu family	: 21
model		: 2
model name	: AMD FX(tm)-8320 Eight-Core Processor           
stepping	: 0
microcode	: 0x6000822
cpu MHz		: 1400.000
cache size	: 2048 KB
physical id	: 0
siblings	: 8
core id		: 4
cpu cores	: 4
apicid		: 20
initial apicid	: 4
fpu		: yes
fpu_exception	: yes
cpuid level	: 13
wp		: yes
flags		: fpu vme de pse tsc msr pae mce cx8 apic sep mtrr pge mca cmov pat pse36 clflush mmx fxsr sse sse2 ht syscall nx mmxext fxsr_opt pdpe1gb rdtscp lm constant_tsc rep_good nopl nonstop_tsc extd_apicid aperfmperf pni pclmulqdq monitor ssse3 fma cx16 sse4_1 sse4_2 popcnt aes xsave avx f16c lahf_lm cmp_legacy svm extapic cr8_legacy abm sse4a misalignsse 3dnowprefetch osvw ibs xop skinit wdt lwp fma4 tce nodeid_msr tbm topoext perfctr_core perfctr_nb arat cpb hw_pstate npt lbrv svm_lock nrip_save tsc_scale vmcb_clean flushbyasid decodeassists pausefilter pfthreshold vmmcall bmi1
bogomips	: 7000.16
TLB size	: 1536 4K pages
clflush size	: 64
cache_alignment	: 64
address sizes	: 48 bits physical, 48 bits virtual
power management: ts ttp tm 100mhzsteps hwpstate cpb eff_freq_ro

processor	: 5
vendor_id	: AuthenticAMD
cpu family	: 21
model		: 2
model name	: AMD FX(tm)-8320 Eight-Core Processor           
stepping	: 0
microcode	: 0x6000822
cpu MHz		: 1400.000
cache size	: 2048 KB
physical id	: 0
siblings	: 8
core id		: 5
cpu cores	: 4
apicid		: 21
initial apicid	: 5
fpu		: yes
fpu_exception	: yes
cpuid level	: 13
wp		: yes
flags		: fpu vme de pse tsc msr pae mce cx8 apic sep mtrr pge mca cmov pat pse36 clflush mmx fxsr sse sse2 ht syscall nx mmxext fxsr_opt pdpe1gb rdtscp lm constant_tsc rep_good nopl nonstop_tsc extd_apicid aperfmperf pni pclmulqdq monitor ssse3 fma cx16 sse4_1 sse4_2 popcnt aes xsave avx f16c lahf_lm cmp_legacy svm extapic cr8_legacy abm sse4a misalignsse 3dnowprefetch osvw ibs xop skinit wdt lwp fma4 tce nodeid_msr tbm topoext perfctr_core perfctr_nb arat cpb hw_pstate npt lbrv svm_lock nrip_save tsc_scale vmcb_clean flushbyasid decodeassists pausefilter pfthreshold vmmcall bmi1
bogomips	: 7000.16
TLB size	: 1536 4K pages
clflush size	: 64
cache_alignment	: 64
address sizes	: 48 bits physical, 48 bits virtual
power management: ts ttp tm 100mhzsteps hwpstate cpb eff_freq_ro

processor	: 6
vendor_id	: AuthenticAMD
cpu family	: 21
model		: 2
model name	: AMD FX(tm)-8320 Eight-Core Processor           
stepping	: 0
microcode	: 0x6000822
cpu MHz		: 3500.000
cache size	: 2048 KB
physical id	: 0
siblings	: 8
core id		: 6
cpu cores	: 4
apicid		: 22
initial apicid	: 6
fpu		: yes
fpu_exception	: yes
cpuid level	: 13
wp		: yes
flags		: fpu vme de pse tsc msr pae mce cx8 apic sep mtrr pge mca cmov pat pse36 clflush mmx fxsr sse sse2 ht syscall nx mmxext fxsr_opt pdpe1gb rdtscp lm constant_tsc rep_good nopl nonstop_tsc extd_apicid aperfmperf pni pclmulqdq monitor ssse3 fma cx16 sse4_1 sse4_2 popcnt aes xsave avx f16c lahf_lm cmp_legacy svm extapic cr8_legacy abm sse4a misalignsse 3dnowprefetch osvw ibs xop skinit wdt lwp fma4 tce nodeid_msr tbm topoext perfctr_core perfctr_nb arat cpb hw_pstate npt lbrv svm_lock nrip_save tsc_scale vmcb_clean flushbyasid decodeassists pausefilter pfthreshold vmmcall bmi1
bogomips	: 7000.16
TLB size	: 1536 4K pages
clflush size	: 64
cache_alignment	: 64
address sizes	: 48 bits physical, 48 bits virtual
power management: ts ttp tm 100mhzsteps hwpstate cpb eff_freq_ro

processor	: 7
vendor_id	: AuthenticAMD
cpu family	: 21
model		: 2
model name	: AMD FX(tm)-8320 Eight-Core Processor           
stepping	: 0
microcode	: 0x6000822
cpu MHz		: 1400.000
cache size	: 2048 KB
physical id	: 0
siblings	: 8
core id		: 7
cpu cores	: 4
apicid		: 23
initial apicid	: 7
fpu		: yes
fpu_exception	: yes
cpuid level	: 13
wp		: yes
flags		: fpu vme de pse tsc msr pae mce cx8 apic sep mtrr pge mca cmov pat pse36 clflush mmx fxsr sse sse2 ht syscall nx mmxext fxsr_opt pdpe1gb rdtscp lm constant_tsc rep_good nopl nonstop_tsc extd_apicid aperfmperf pni pclmulqdq monitor ssse3 fma cx16 sse4_1 sse4_2 popcnt aes xsave avx f16c lahf_lm cmp_legacy svm extapic cr8_legacy abm sse4a misalignsse 3dnowprefetch osvw ibs xop skinit wdt lwp fma4 tce nodeid_msr tbm topoext perfctr_core perfctr_nb arat cpb hw_pstate npt lbrv svm_lock nrip_save tsc_scale vmcb_clean flushbyasid decodeassists pausefilter pfthreshold vmmcall bmi1
bogomips	: 7000.16
TLB size	: 1536 4K pages
clflush size	: 64
cache_alignment	: 64
address sizes	: 48 bits physical, 48 bits virtual
power management: ts ttp tm 100mhzsteps hwpstate cpb eff_freq_ro



Memory: 4k page, physical 16352924k(8981500k free), swap 0k(0k free)

vm_info: OpenJDK 64-Bit Server VM (24.85-b03) for linux-amd64 JRE (1.7.0_85-b01), built on Oct 31 2015 21:30:47 by "jmm" with gcc 4.9.2

time: Tue Jan 10 22:48:56 2017
elapsed time: 1 seconds

