#
# A fatal error has been detected by the Java Runtime Environment:
#
#  SIGSEGV (0xb) at pc=0x0000000040351ee3, pid=13318, tid=140251641485056
#
# JRE version: OpenJDK Runtime Environment (7.0_85-b01) (build 1.7.0_85-b01)
# Java VM: OpenJDK 64-Bit Server VM (24.85-b03 mixed mode linux-amd64 compressed oops)
# Derivative: IcedTea 2.6.1
# Distribution: Debian GNU/Linux 8.2 (jessie), package 7u85-2.6.1-6+deb8u1
# Problematic frame:
# C  0x0000000040351ee3
#
# Failed to write core dump. Core dumps have been disabled. To enable core dumping, try "ulimit -c unlimited" before starting Java again
#
# If you would like to submit a bug report, please include
# instructions on how to reproduce the bug and visit:
#   http://icedtea.classpath.org/bugzilla
# The crash happened outside the Java Virtual Machine in native code.
# See problematic frame for where to report the bug.
#

---------------  T H R E A D  ---------------

Current thread (0x00007f8ed800a800):  JavaThread "main" [_thread_in_native, id=13319, stack(0x00007f8ee1351000,0x00007f8ee1452000)]

siginfo:si_signo=SIGSEGV: si_errno=0, si_code=1 (SEGV_MAPERR), si_addr=0x0000000000000000

Registers:
RAX=0x00007f8e9fc56bb4, RBX=0x0000000041a80000, RCX=0x0000000000000000, RDX=0x0000000000000066
RSP=0x00007f8ee144ffb8, RBP=0x000000003f080000, RSI=0x0000000000000000, RDI=0x0000000000000000
R8 =0x00007f8ed8a1d480, R9 =0x0000000120980000, R10=0x247c8b489f75caff, R11=0x0000000000000000
R12=0x0000000000000000, R13=0x0000000000000066, R14=0x0000000000000000, R15=0x00007f8ed856f100
RIP=0x0000000040351ee3, EFLAGS=0x0000000000010246, CSGSFS=0x0000000000000033, ERR=0x0000000000000004
  TRAPNO=0x000000000000000e

Top of Stack: (sp=0x00007f8ee144ffb8)
0x00007f8ee144ffb8:   00007f8ebdfe9fc4 0000000400000000
0x00007f8ee144ffc8:   00007f8ed8a17f88 00007f8ed800a800
0x00007f8ee144ffd8:   00007f8ebdfea96e 00007f8e9fc56bb4
0x00007f8ee144ffe8:   0000000041a80000 0000000041ac4100
0x00007f8ee144fff8:   0000000000000004 0000000000000000
0x00007f8ee1450008:   00007f8ee1450120 00007f8ed800a800
0x00007f8ee1450018:   00007f8ebdbf8798 00007f8ee1450100
0x00007f8ee1450028:   00000066b8d2f500 00000006fc66d858
0x00007f8ee1450038:   0000000000000000 00000006fc66d858
0x00007f8ee1450048:   00000006fc66d858 00007f8ee14500e0
0x00007f8ee1450058:   0000000000000000 00000006fc66d858
0x00007f8ee1450068:   00007f8ed5012758 00007f8ed800b738
0x00007f8ee1450078:   00007f8ed800b738 00007f8ed800b718
0x00007f8ee1450088:   00007f8ed800b718 00007f8efffffffe
0x00007f8ee1450098:   0000000000000000 00007f8ee14500a0
0x00007f8ee14500a8:   00000006fc66d858 00007f8ee1450120
0x00007f8ee14500b8:   00000006fc689ac8 0000000000000000
0x00007f8ee14500c8:   00000006fc66d858 0000000000000000
0x00007f8ee14500d8:   00007f8ee1450100 00007f8ee1450168
0x00007f8ee14500e8:   00007f8ed5006058 00000007ad55c0a8
0x00007f8ee14500f8:   00007f8ed500ecd8 00007f8ebf506780
0x00007f8ee1450108:   00007f8ee1450168 0000000000000066
0x00007f8ee1450118:   0000000000000000 0000000000000004
0x00007f8ee1450128:   00007f8ee1450128 00000006fc66d74c
0x00007f8ee1450138:   00007f8ee14501a0 00000006fc689ac8
0x00007f8ee1450148:   0000000000000000 00000006fc66d798
0x00007f8ee1450158:   00007f8ee1450100 00007f8ee1450190
0x00007f8ee1450168:   00007f8ee14501e8 00007f8ed5006058
0x00007f8ee1450178:   00007f8ebf506780 0000000000000000
0x00007f8ee1450188:   00000007ad509f28 0000000000000066
0x00007f8ee1450198:   0000000000000000 0000000000000004
0x00007f8ee14501a8:   00007f8ee14501a8 00000006fc6cdcc3 

Instructions: (pc=0x0000000040351ee3)
0x0000000040351ec3:   68 04 48 be 78 0d ad 41 00 00 00 00 48 8b 36 48
0x0000000040351ed3:   8b b6 38 03 00 00 48 8b f9 48 c1 e7 04 48 03 f7
0x0000000040351ee3:   8b 3e 8b 6e 04 89 78 08 89 68 0c 8b 7e 08 8b 6e
0x0000000040351ef3:   0c 89 78 10 89 68 14 48 83 c0 18 ff c1 ff ca 75 

Register to memory mapping:

RAX=0x00007f8e9fc56bb4 is an unknown value
RBX=0x0000000041a80000 is an unknown value
RCX=0x0000000000000000 is an unknown value
RDX=0x0000000000000066 is an unknown value
RSP=0x00007f8ee144ffb8 is pointing into the stack for thread: 0x00007f8ed800a800
RBP=0x000000003f080000 is an unknown value
RSI=0x0000000000000000 is an unknown value
RDI=0x0000000000000000 is an unknown value
R8 =0x00007f8ed8a1d480 is an unknown value
R9 =0x0000000120980000 is an unknown value
R10=0x247c8b489f75caff is an unknown value
R11=0x0000000000000000 is an unknown value
R12=0x0000000000000000 is an unknown value
R13=0x0000000000000066 is an unknown value
R14=0x0000000000000000 is an unknown value
R15=0x00007f8ed856f100 is an unknown value


Stack: [0x00007f8ee1351000,0x00007f8ee1452000],  sp=0x00007f8ee144ffb8,  free space=1019k
Native frames: (J=compiled Java code, j=interpreted, Vv=VM code, C=native code)
C  0x0000000040351ee3

[error occurred during error reporting (printing native stack), id 0xb]

Java frames: (J=compiled Java code, j=interpreted, Vv=VM code)
j  org.lwjgl.opengl.GL11.nglDrawArrays(IIIJ)V+0
j  org.lwjgl.opengl.GL11.glDrawArrays(III)V+20
j  fontRendering.FontRenderer.renderText(LfontMeshCreator/GUIText;)V+43
j  fontRendering.FontRenderer.render(Ljava/util/Map;)V+92
j  fontRendering.TextMaster.render()V+6
j  engine.GameLoop.main([Ljava/lang/String;)V+145
v  ~StubRoutines::call_stub
j  sun.reflect.NativeMethodAccessorImpl.invoke0(Ljava/lang/reflect/Method;Ljava/lang/Object;[Ljava/lang/Object;)Ljava/lang/Object;+0
j  sun.reflect.NativeMethodAccessorImpl.invoke(Ljava/lang/Object;[Ljava/lang/Object;)Ljava/lang/Object;+87
j  sun.reflect.DelegatingMethodAccessorImpl.invoke(Ljava/lang/Object;[Ljava/lang/Object;)Ljava/lang/Object;+6
j  java.lang.reflect.Method.invoke(Ljava/lang/Object;[Ljava/lang/Object;)Ljava/lang/Object;+57
j  com.intellij.rt.execution.application.AppMain.main([Ljava/lang/String;)V+170
v  ~StubRoutines::call_stub

---------------  P R O C E S S  ---------------

Java Threads: ( => current thread )
  0x00007f8ed8243800 JavaThread "process reaper" daemon [_thread_blocked, id=13360, stack(0x00007f8ec402e000,0x00007f8ec4067000)]
  0x00007f8ed823b000 JavaThread "AWT-XAWT" daemon [_thread_in_native, id=13358, stack(0x00007f8ec4067000,0x00007f8ec4168000)]
  0x00007f8ed821d800 JavaThread "Java2D Disposer" daemon [_thread_blocked, id=13357, stack(0x00007f8ecc007000,0x00007f8ecc108000)]
  0x00007f8ed8187000 JavaThread "Monitor Ctrl-Break" daemon [_thread_in_native, id=13356, stack(0x00007f8ece4a7000,0x00007f8ece5a8000)]
  0x00007f8ed80b7800 JavaThread "Service Thread" daemon [_thread_blocked, id=13347, stack(0x00007f8ece93c000,0x00007f8ecea3d000)]
  0x00007f8ed80b5800 JavaThread "C2 CompilerThread1" daemon [_thread_blocked, id=13346, stack(0x00007f8ecea3d000,0x00007f8eceb3e000)]
  0x00007f8ed80b2800 JavaThread "C2 CompilerThread0" daemon [_thread_in_native, id=13345, stack(0x00007f8eceb3e000,0x00007f8ecec3f000)]
  0x00007f8ed80b0800 JavaThread "Signal Dispatcher" daemon [_thread_blocked, id=13344, stack(0x00007f8ecec3f000,0x00007f8eced40000)]
  0x00007f8ed8085000 JavaThread "Finalizer" daemon [_thread_blocked, id=13340, stack(0x00007f8eceece000,0x00007f8ecefcf000)]
  0x00007f8ed8083000 JavaThread "Reference Handler" daemon [_thread_blocked, id=13339, stack(0x00007f8ecefcf000,0x00007f8ecf0d0000)]
=>0x00007f8ed800a800 JavaThread "main" [_thread_in_native, id=13319, stack(0x00007f8ee1351000,0x00007f8ee1452000)]

Other Threads:
  0x00007f8ed807f000 VMThread [stack: 0x00007f8ecf0d0000,0x00007f8ecf1d1000] [id=13338]
  0x00007f8ed80c2800 WatcherThread [stack: 0x00007f8ece83b000,0x00007f8ece93c000] [id=13348]

VM state:not at safepoint (normal execution)

VM Mutex/Monitor currently owned by a thread: None

Heap
 PSYoungGen      total 75264K, used 13094K [0x00000007acc80000, 0x00000007b2000000, 0x0000000800000000)
  eden space 65024K, 20% used [0x00000007acc80000,0x00000007ad9498d8,0x00000007b0c00000)
  from space 10240K, 0% used [0x00000007b1600000,0x00000007b1600000,0x00000007b2000000)
  to   space 10240K, 0% used [0x00000007b0c00000,0x00000007b0c00000,0x00000007b1600000)
 ParOldGen       total 169984K, used 0K [0x0000000706600000, 0x0000000710c00000, 0x00000007acc80000)
  object space 169984K, 0% used [0x0000000706600000,0x0000000706600000,0x0000000710c00000)
 PSPermGen       total 21504K, used 7826K [0x00000006fc000000, 0x00000006fd500000, 0x0000000706600000)
  object space 21504K, 36% used [0x00000006fc000000,0x00000006fc7a4940,0x00000006fd500000)

Card table byte_map: [0x00007f8edd6f7000,0x00007f8eddf18000] byte_map_base: 0x00007f8ed9f17000

Polling page: 0x00007f8ee1350000

Code Cache  [0x00007f8ed5000000, 0x00007f8ed5270000, 0x00007f8ed8000000)
 total_blobs=476 nmethods=30 adapters=401 free_code_cache=48584Kb largest_free_block=49729984

Compilation events (10 events):
Event: 0.917 Thread 0x00007f8ed80b2800   27             java.lang.Math::min (11 bytes)
Event: 0.918 Thread 0x00007f8ed80b2800 nmethod 27 0x00007f8ed5079e90 code [0x00007f8ed5079fc0, 0x00007f8ed5079ff8]
Event: 0.920 Thread 0x00007f8ed80b2800   28             java.lang.String::replace (127 bytes)
Event: 0.929 Thread 0x00007f8ed80b2800 nmethod 28 0x00007f8ed5087550 code [0x00007f8ed50876a0, 0x00007f8ed5087b38]
Event: 0.932 Thread 0x00007f8ed80b5800 nmethod 26 0x00007f8ed508c450 code [0x00007f8ed508c600, 0x00007f8ed508cde8]
Event: 0.995 Thread 0x00007f8ed80b2800   29   !         java.io.BufferedReader::readLine (304 bytes)
Event: 1.005 Thread 0x00007f8ed80b5800   30             sun.nio.cs.UTF_8$Decoder::decodeArrayLoop (543 bytes)
Event: 1.014 Thread 0x00007f8ed80b2800 nmethod 29 0x00007f8ed508fb50 code [0x00007f8ed508fd20, 0x00007f8ed5090d30]
Event: 1.020 Thread 0x00007f8ed80b5800 nmethod 30 0x00007f8ed5091450 code [0x00007f8ed50916c0, 0x00007f8ed5092258]
Event: 1.037 Thread 0x00007f8ed80b2800   31             java.lang.String::indexOf (166 bytes)

GC Heap History (0 events):
No events

Deoptimization events (2 events):
Event: 0.138 Thread 0x00007f8ed800a800 Uncommon trap: reason=unstable_if action=reinterpret pc=0x00007f8ed5060df0 method=java.lang.String.indexOf([CII[CIII)I @ 123
Event: 0.933 Thread 0x00007f8ed800a800 Uncommon trap: reason=unstable_if action=reinterpret pc=0x00007f8ed5074368 method=java.lang.String.indexOf([CII[CIII)I @ 3

Internal exceptions (10 events):
Event: 1.028 Thread 0x00007f8ed800a800 Threw 0x00000007ad8c1d10 at /home/jmm/jdk2/openjdk-7-7u85-2.6.1/build/openjdk/hotspot/src/share/vm/prims/jvm.cpp:1322
Event: 1.029 Thread 0x00007f8ed800a800 Threw 0x00000007ad8c6690 at /home/jmm/jdk2/openjdk-7-7u85-2.6.1/build/openjdk/hotspot/src/share/vm/prims/jvm.cpp:1322
Event: 1.030 Thread 0x00007f8ed800a800 Threw 0x00000007ad8ce408 at /home/jmm/jdk2/openjdk-7-7u85-2.6.1/build/openjdk/hotspot/src/share/vm/prims/jvm.cpp:1322
Event: 1.030 Thread 0x00007f8ed800a800 Threw 0x00000007ad8d2e38 at /home/jmm/jdk2/openjdk-7-7u85-2.6.1/build/openjdk/hotspot/src/share/vm/prims/jvm.cpp:1322
Event: 1.031 Thread 0x00007f8ed800a800 Threw 0x00000007ad8d75a0 at /home/jmm/jdk2/openjdk-7-7u85-2.6.1/build/openjdk/hotspot/src/share/vm/prims/jvm.cpp:1322
Event: 1.032 Thread 0x00007f8ed800a800 Threw 0x00000007ad8dae18 at /home/jmm/jdk2/openjdk-7-7u85-2.6.1/build/openjdk/hotspot/src/share/vm/prims/jvm.cpp:1322
Event: 1.034 Thread 0x00007f8ed800a800 Threw 0x00000007ad8e1ca8 at /home/jmm/jdk2/openjdk-7-7u85-2.6.1/build/openjdk/hotspot/src/share/vm/prims/jvm.cpp:1322
Event: 1.037 Thread 0x00007f8ed800a800 Threw 0x00000007ad8e99d8 at /home/jmm/jdk2/openjdk-7-7u85-2.6.1/build/openjdk/hotspot/src/share/vm/prims/jvm.cpp:1322
Event: 1.037 Thread 0x00007f8ed800a800 Threw 0x00000007ad8ed180 at /home/jmm/jdk2/openjdk-7-7u85-2.6.1/build/openjdk/hotspot/src/share/vm/prims/jvm.cpp:1322
Event: 1.038 Thread 0x00007f8ed800a800 Threw 0x00000007ad8f0a60 at /home/jmm/jdk2/openjdk-7-7u85-2.6.1/build/openjdk/hotspot/src/share/vm/prims/jvm.cpp:1322

Events (10 events):
Event: 1.032 loading class 0x00007f8ed8985920
Event: 1.032 loading class 0x00007f8ed8985920 done
Event: 1.034 loading class 0x00007f8ed8974e60
Event: 1.034 loading class 0x00007f8ed8974e60 done
Event: 1.037 loading class 0x00007f8ed81819b0
Event: 1.037 loading class 0x00007f8ed81819b0 done
Event: 1.037 loading class 0x00007f8ed81819e0
Event: 1.037 loading class 0x00007f8ed81819e0 done
Event: 1.038 loading class 0x00007f8ed8963410
Event: 1.038 loading class 0x00007f8ed8963410 done


Dynamic libraries:
00400000-00401000 r-xp 00000000 08:01 2101986                            /usr/lib/jvm/java-7-openjdk-amd64/jre/bin/java
00600000-00601000 r--p 00000000 08:01 2101986                            /usr/lib/jvm/java-7-openjdk-amd64/jre/bin/java
00601000-00602000 rw-p 00001000 08:01 2101986                            /usr/lib/jvm/java-7-openjdk-amd64/jre/bin/java
00dcf000-00df0000 rw-p 00000000 00:00 0                                  [heap]
40350000-40352000 r-xs 00000000 08:12 33                                 /tmp/.glbs6e74 (deleted)
41a80000-41b1f000 rw-p 00000000 00:00 0 
6fc000000-6fd500000 rw-p 00000000 00:00 0 
6fd500000-706600000 rw-p 00000000 00:00 0 
706600000-710c00000 rw-p 00000000 00:00 0 
710c00000-7acc80000 rw-p 00000000 00:00 0 
7acc80000-7b2000000 rw-p 00000000 00:00 0 
7b2000000-800000000 rw-p 00000000 00:00 0 
7f8e68000000-7f8e68021000 rw-p 00000000 00:00 0 
7f8e68021000-7f8e6c000000 ---p 00000000 00:00 0 
7f8e70000000-7f8e70021000 rw-p 00000000 00:00 0 
7f8e70021000-7f8e74000000 ---p 00000000 00:00 0 
7f8e74000000-7f8e74021000 rw-p 00000000 00:00 0 
7f8e74021000-7f8e78000000 ---p 00000000 00:00 0 
7f8e78000000-7f8e78021000 rw-p 00000000 00:00 0 
7f8e78021000-7f8e7c000000 ---p 00000000 00:00 0 
7f8e7c000000-7f8e7c021000 rw-p 00000000 00:00 0 
7f8e7c021000-7f8e80000000 ---p 00000000 00:00 0 
7f8e80000000-7f8e801a3000 rw-p 00000000 00:00 0 
7f8e801a3000-7f8e84000000 ---p 00000000 00:00 0 
7f8e84000000-7f8e84021000 rw-p 00000000 00:00 0 
7f8e84021000-7f8e88000000 ---p 00000000 00:00 0 
7f8e88000000-7f8e88021000 rw-p 00000000 00:00 0 
7f8e88021000-7f8e8c000000 ---p 00000000 00:00 0 
7f8e8c000000-7f8e8c1f5000 rw-p 00000000 00:00 0 
7f8e8c1f5000-7f8e90000000 ---p 00000000 00:00 0 
7f8e90000000-7f8e90021000 rw-p 00000000 00:00 0 
7f8e90021000-7f8e94000000 ---p 00000000 00:00 0 
7f8e94000000-7f8e94021000 rw-p 00000000 00:00 0 
7f8e94021000-7f8e98000000 ---p 00000000 00:00 0 
7f8e98000000-7f8e98021000 rw-p 00000000 00:00 0 
7f8e98021000-7f8e9c000000 ---p 00000000 00:00 0 
7f8e9fbfc000-7f8e9fdfc000 rw-s 3fe79c000 00:05 17965                     /dev/nvidiactl
7f8e9fe00000-7f8ea8000000 rw-p 00000000 00:00 0 
7f8ea8000000-7f8ea8021000 rw-p 00000000 00:00 0 
7f8ea8021000-7f8eac000000 ---p 00000000 00:00 0 
7f8eac000000-7f8eac021000 rw-p 00000000 00:00 0 
7f8eac021000-7f8eb0000000 ---p 00000000 00:00 0 
7f8eb0000000-7f8eb0021000 rw-p 00000000 00:00 0 
7f8eb0021000-7f8eb4000000 ---p 00000000 00:00 0 
7f8eb4000000-7f8eb4021000 rw-p 00000000 00:00 0 
7f8eb4021000-7f8eb8000000 ---p 00000000 00:00 0 
7f8eb8000000-7f8eb8021000 rw-p 00000000 00:00 0 
7f8eb8021000-7f8ebc000000 ---p 00000000 00:00 0 
7f8ebc150000-7f8ebc161000 r-xp 00000000 08:01 2101924                    /usr/lib/jvm/java-7-openjdk-amd64/jre/lib/amd64/libnio.so
7f8ebc161000-7f8ebc360000 ---p 00011000 08:01 2101924                    /usr/lib/jvm/java-7-openjdk-amd64/jre/lib/amd64/libnio.so
7f8ebc360000-7f8ebc361000 r--p 00010000 08:01 2101924                    /usr/lib/jvm/java-7-openjdk-amd64/jre/lib/amd64/libnio.so
7f8ebc361000-7f8ebc362000 rw-p 00011000 08:01 2101924                    /usr/lib/jvm/java-7-openjdk-amd64/jre/lib/amd64/libnio.so
7f8ebc368000-7f8ebc3e8000 rw-s 3b25a0000 00:05 17965                     /dev/nvidiactl
7f8ebc3eb000-7f8ebc46b000 rw-s b0293000 00:05 17965                      /dev/nvidiactl
7f8ebc46e000-7f8ebc4ee000 rw-s 70306000 00:05 17965                      /dev/nvidiactl
7f8ebc4ef000-7f8ebc5ef000 rw-s 2679bf000 00:05 17965                     /dev/nvidiactl
7f8ebc5f3000-7f8ebc606000 rw-s 35bbb3000 00:05 17965                     /dev/nvidiactl
7f8ebc608000-7f8ebc628000 rw-s c0260000 00:05 19540                      /dev/nvidia0
7f8ebc62e000-7f8ebc66e000 rw-s 2679ae000 00:05 17965                     /dev/nvidiactl
7f8ebc672000-7f8ebc692000 rw-s 3b2642000 00:05 17965                     /dev/nvidiactl
7f8ebc698000-7f8ebc6d8000 rw-s 2fd3f8000 00:05 17965                     /dev/nvidiactl
7f8ebc6de000-7f8ebc792000 rw-s 42b5be000 00:05 17965                     /dev/nvidiactl
7f8ebc798000-7f8ebe195000 r-xp 00000000 08:01 1339821                    /usr/lib/x86_64-linux-gnu/libnvidia-glcore.so.352.55
7f8ebe195000-7f8ebe1b5000 rwxp 019fd000 08:01 1339821                    /usr/lib/x86_64-linux-gnu/libnvidia-glcore.so.352.55
7f8ebe1b5000-7f8ebe47c000 r-xp 01a1d000 08:01 1339821                    /usr/lib/x86_64-linux-gnu/libnvidia-glcore.so.352.55
7f8ebe47c000-7f8ebe67b000 ---p 01ce4000 08:01 1339821                    /usr/lib/x86_64-linux-gnu/libnvidia-glcore.so.352.55
7f8ebe67b000-7f8ebf217000 rw-p 01ce3000 08:01 1339821                    /usr/lib/x86_64-linux-gnu/libnvidia-glcore.so.352.55
7f8ebf217000-7f8ebf22b000 rw-p 00000000 00:00 0 
7f8ebf230000-7f8ebf233000 r-xp 00000000 08:01 1339825                    /usr/lib/x86_64-linux-gnu/tls/libnvidia-tls.so.352.55
7f8ebf233000-7f8ebf432000 ---p 00003000 08:01 1339825                    /usr/lib/x86_64-linux-gnu/tls/libnvidia-tls.so.352.55
7f8ebf432000-7f8ebf433000 rw-p 00002000 08:01 1339825                    /usr/lib/x86_64-linux-gnu/tls/libnvidia-tls.so.352.55
7f8ebf438000-7f8ebf4f6000 r-xp 00000000 08:01 1339822                    /usr/lib/x86_64-linux-gnu/libGL.so.352.55
7f8ebf4f6000-7f8ebf529000 rwxp 000be000 08:01 1339822                    /usr/lib/x86_64-linux-gnu/libGL.so.352.55
7f8ebf529000-7f8ebf53b000 r-xp 000f1000 08:01 1339822                    /usr/lib/x86_64-linux-gnu/libGL.so.352.55
7f8ebf53b000-7f8ebf73a000 ---p 00103000 08:01 1339822                    /usr/lib/x86_64-linux-gnu/libGL.so.352.55
7f8ebf73a000-7f8ebf762000 rw-p 00102000 08:01 1339822                    /usr/lib/x86_64-linux-gnu/libGL.so.352.55
7f8ebf762000-7f8ebf768000 rw-p 00000000 00:00 0 
7f8ebf768000-7f8ebf76d000 r-xp 00000000 08:01 1317786                    /usr/lib/x86_64-linux-gnu/libXxf86vm.so.1.0.0
7f8ebf76d000-7f8ebf96c000 ---p 00005000 08:01 1317786                    /usr/lib/x86_64-linux-gnu/libXxf86vm.so.1.0.0
7f8ebf96c000-7f8ebf96d000 r--p 00004000 08:01 1317786                    /usr/lib/x86_64-linux-gnu/libXxf86vm.so.1.0.0
7f8ebf96d000-7f8ebf96e000 rw-p 00005000 08:01 1317786                    /usr/lib/x86_64-linux-gnu/libXxf86vm.so.1.0.0
7f8ebf970000-7f8ebf979000 r-xp 00000000 08:01 1317776                    /usr/lib/x86_64-linux-gnu/libXrandr.so.2.2.0
7f8ebf979000-7f8ebfb78000 ---p 00009000 08:01 1317776                    /usr/lib/x86_64-linux-gnu/libXrandr.so.2.2.0
7f8ebfb78000-7f8ebfb79000 r--p 00008000 08:01 1317776                    /usr/lib/x86_64-linux-gnu/libXrandr.so.2.2.0
7f8ebfb79000-7f8ebfb7a000 rw-p 00009000 08:01 1317776                    /usr/lib/x86_64-linux-gnu/libXrandr.so.2.2.0
7f8ebfb80000-7f8ebfbf0000 r-xp 00000000 08:13 9045172                    /home/mart/IdeaProjects/Multiplayer World 2/libs/liblwjgl64.so
7f8ebfbf0000-7f8ebfdf0000 ---p 00070000 08:13 9045172                    /home/mart/IdeaProjects/Multiplayer World 2/libs/liblwjgl64.so
7f8ebfdf0000-7f8ebfdf2000 r--p 00070000 08:13 9045172                    /home/mart/IdeaProjects/Multiplayer World 2/libs/liblwjgl64.so
7f8ebfdf2000-7f8ebfdf3000 rw-p 00072000 08:13 9045172                    /home/mart/IdeaProjects/Multiplayer World 2/libs/liblwjgl64.so
7f8ebfdf8000-7f8ebfdf9000 r-xp 00000000 08:01 2101945                    /usr/lib/jvm/java-7-openjdk-amd64/jre/lib/amd64/libjawt.so
7f8ebfdf9000-7f8ebfff8000 ---p 00001000 08:01 2101945                    /usr/lib/jvm/java-7-openjdk-amd64/jre/lib/amd64/libjawt.so
7f8ebfff8000-7f8ebfff9000 r--p 00000000 08:01 2101945                    /usr/lib/jvm/java-7-openjdk-amd64/jre/lib/amd64/libjawt.so
7f8ebfff9000-7f8ebfffa000 rw-p 00001000 08:01 2101945                    /usr/lib/jvm/java-7-openjdk-amd64/jre/lib/amd64/libjawt.so
7f8ec0000000-7f8ec0021000 rw-p 00000000 00:00 0 
7f8ec0021000-7f8ec4000000 ---p 00000000 00:00 0 
7f8ec4008000-7f8ec400a000 rw-s 00000000 08:12 33                         /tmp/.glbs6e74 (deleted)
7f8ec400c000-7f8ec402c000 rw-s 2fd3d4000 00:05 17965                     /dev/nvidiactl
7f8ec402e000-7f8ec4031000 ---p 00000000 00:00 0 
7f8ec4031000-7f8ec4067000 rw-p 00000000 00:00 0                          [stack:13360]
7f8ec4067000-7f8ec406a000 ---p 00000000 00:00 0 
7f8ec406a000-7f8ec4168000 rw-p 00000000 00:00 0                          [stack:13358]
7f8ec4168000-7f8ec416d000 r-xp 00000000 08:01 1318319                    /usr/lib/x86_64-linux-gnu/libXfixes.so.3.1.0
7f8ec416d000-7f8ec436c000 ---p 00005000 08:01 1318319                    /usr/lib/x86_64-linux-gnu/libXfixes.so.3.1.0
7f8ec436c000-7f8ec436d000 r--p 00004000 08:01 1318319                    /usr/lib/x86_64-linux-gnu/libXfixes.so.3.1.0
7f8ec436d000-7f8ec436e000 rw-p 00005000 08:01 1318319                    /usr/lib/x86_64-linux-gnu/libXfixes.so.3.1.0
7f8ec4370000-7f8ec437a000 r-xp 00000000 08:01 1318351                    /usr/lib/x86_64-linux-gnu/libXcursor.so.1.0.2
7f8ec437a000-7f8ec4579000 ---p 0000a000 08:01 1318351                    /usr/lib/x86_64-linux-gnu/libXcursor.so.1.0.2
7f8ec4579000-7f8ec457a000 r--p 00009000 08:01 1318351                    /usr/lib/x86_64-linux-gnu/libXcursor.so.1.0.2
7f8ec457a000-7f8ec457b000 rw-p 0000a000 08:01 1318351                    /usr/lib/x86_64-linux-gnu/libXcursor.so.1.0.2
7f8ec4580000-7f8ec45c7000 r-xp 00000000 08:01 6423007                    /lib/x86_64-linux-gnu/libdbus-1.so.3.8.13
7f8ec45c7000-7f8ec47c6000 ---p 00047000 08:01 6423007                    /lib/x86_64-linux-gnu/libdbus-1.so.3.8.13
7f8ec47c6000-7f8ec47c7000 r--p 00046000 08:01 6423007                    /lib/x86_64-linux-gnu/libdbus-1.so.3.8.13
7f8ec47c7000-7f8ec47c8000 rw-p 00047000 08:01 6423007                    /lib/x86_64-linux-gnu/libdbus-1.so.3.8.13
7f8ec47c8000-7f8ec4849000 r-xp 00000000 08:01 1315106                    /usr/lib/x86_64-linux-gnu/libgmp.so.10.2.0
7f8ec4849000-7f8ec4a49000 ---p 00081000 08:01 1315106                    /usr/lib/x86_64-linux-gnu/libgmp.so.10.2.0
7f8ec4a49000-7f8ec4a4a000 r--p 00081000 08:01 1315106                    /usr/lib/x86_64-linux-gnu/libgmp.so.10.2.0
7f8ec4a4a000-7f8ec4a4b000 rw-p 00082000 08:01 1315106                    /usr/lib/x86_64-linux-gnu/libgmp.so.10.2.0
7f8ec4a50000-7f8ec4a7e000 r-xp 00000000 08:01 1315110                    /usr/lib/x86_64-linux-gnu/libhogweed.so.2.5
7f8ec4a7e000-7f8ec4c7d000 ---p 0002e000 08:01 1315110                    /usr/lib/x86_64-linux-gnu/libhogweed.so.2.5
7f8ec4c7d000-7f8ec4c7e000 r--p 0002d000 08:01 1315110                    /usr/lib/x86_64-linux-gnu/libhogweed.so.2.5
7f8ec4c7e000-7f8ec4c7f000 rw-p 0002e000 08:01 1315110                    /usr/lib/x86_64-linux-gnu/libhogweed.so.2.5
7f8ec4c80000-7f8ec4cb0000 r-xp 00000000 08:01 1315108                    /usr/lib/x86_64-linux-gnu/libnettle.so.4.7
7f8ec4cb0000-7f8ec4eb0000 ---p 00030000 08:01 1315108                    /usr/lib/x86_64-linux-gnu/libnettle.so.4.7
7f8ec4eb0000-7f8ec4eb1000 r--p 00030000 08:01 1315108                    /usr/lib/x86_64-linux-gnu/libnettle.so.4.7
7f8ec4eb1000-7f8ec4eb2000 rw-p 00031000 08:01 1315108                    /usr/lib/x86_64-linux-gnu/libnettle.so.4.7
7f8ec4eb8000-7f8ec4ec9000 r-xp 00000000 08:01 1315458                    /usr/lib/x86_64-linux-gnu/libtasn1.so.6.3.2
7f8ec4ec9000-7f8ec50c9000 ---p 00011000 08:01 1315458                    /usr/lib/x86_64-linux-gnu/libtasn1.so.6.3.2
7f8ec50c9000-7f8ec50cb000 r--p 00011000 08:01 1315458                    /usr/lib/x86_64-linux-gnu/libtasn1.so.6.3.2
7f8ec50cb000-7f8ec50cc000 rw-p 00013000 08:01 1315458                    /usr/lib/x86_64-linux-gnu/libtasn1.so.6.3.2
7f8ec50d0000-7f8ec510c000 r-xp 00000000 08:01 1315113                    /usr/lib/x86_64-linux-gnu/libp11-kit.so.0.0.0
7f8ec510c000-7f8ec530b000 ---p 0003c000 08:01 1315113                    /usr/lib/x86_64-linux-gnu/libp11-kit.so.0.0.0
7f8ec530b000-7f8ec5314000 r--p 0003b000 08:01 1315113                    /usr/lib/x86_64-linux-gnu/libp11-kit.so.0.0.0
7f8ec5314000-7f8ec5316000 rw-p 00044000 08:01 1315113                    /usr/lib/x86_64-linux-gnu/libp11-kit.so.0.0.0
7f8ec5318000-7f8ec531b000 r-xp 00000000 08:01 6422538                    /lib/x86_64-linux-gnu/libkeyutils.so.1.5
7f8ec531b000-7f8ec551a000 ---p 00003000 08:01 6422538                    /lib/x86_64-linux-gnu/libkeyutils.so.1.5
7f8ec551a000-7f8ec551b000 r--p 00002000 08:01 6422538                    /lib/x86_64-linux-gnu/libkeyutils.so.1.5
7f8ec551b000-7f8ec551c000 rw-p 00003000 08:01 6422538                    /lib/x86_64-linux-gnu/libkeyutils.so.1.5
7f8ec5520000-7f8ec552b000 r-xp 00000000 08:01 1317160                    /usr/lib/x86_64-linux-gnu/libkrb5support.so.0.1
7f8ec552b000-7f8ec572a000 ---p 0000b000 08:01 1317160                    /usr/lib/x86_64-linux-gnu/libkrb5support.so.0.1
7f8ec572a000-7f8ec572b000 r--p 0000a000 08:01 1317160                    /usr/lib/x86_64-linux-gnu/libkrb5support.so.0.1
7f8ec572b000-7f8ec572c000 rw-p 0000b000 08:01 1317160                    /usr/lib/x86_64-linux-gnu/libkrb5support.so.0.1
7f8ec5730000-7f8ec5733000 r-xp 00000000 08:01 6422616                    /lib/x86_64-linux-gnu/libcom_err.so.2.1
7f8ec5733000-7f8ec5932000 ---p 00003000 08:01 6422616                    /lib/x86_64-linux-gnu/libcom_err.so.2.1
7f8ec5932000-7f8ec5933000 r--p 00002000 08:01 6422616                    /lib/x86_64-linux-gnu/libcom_err.so.2.1
7f8ec5933000-7f8ec5934000 rw-p 00003000 08:01 6422616                    /lib/x86_64-linux-gnu/libcom_err.so.2.1
7f8ec5938000-7f8ec5966000 r-xp 00000000 08:01 1317162                    /usr/lib/x86_64-linux-gnu/libk5crypto.so.3.1
7f8ec5966000-7f8ec5b65000 ---p 0002e000 08:01 1317162                    /usr/lib/x86_64-linux-gnu/libk5crypto.so.3.1
7f8ec5b65000-7f8ec5b67000 r--p 0002d000 08:01 1317162                    /usr/lib/x86_64-linux-gnu/libk5crypto.so.3.1
7f8ec5b67000-7f8ec5b68000 rw-p 0002f000 08:01 1317162                    /usr/lib/x86_64-linux-gnu/libk5crypto.so.3.1
7f8ec5b68000-7f8ec5b69000 rw-p 00000000 00:00 0 
7f8ec5b70000-7f8ec5c34000 r-xp 00000000 08:01 1317164                    /usr/lib/x86_64-linux-gnu/libkrb5.so.3.3
7f8ec5c34000-7f8ec5e34000 ---p 000c4000 08:01 1317164                    /usr/lib/x86_64-linux-gnu/libkrb5.so.3.3
7f8ec5e34000-7f8ec5e41000 r--p 000c4000 08:01 1317164                    /usr/lib/x86_64-linux-gnu/libkrb5.so.3.3
7f8ec5e41000-7f8ec5e44000 rw-p 000d1000 08:01 1317164                    /usr/lib/x86_64-linux-gnu/libkrb5.so.3.3
7f8ec5e48000-7f8ec5e4d000 r-xp 00000000 08:01 1317761                    /usr/lib/x86_64-linux-gnu/libXdmcp.so.6.0.0
7f8ec5e4d000-7f8ec604c000 ---p 00005000 08:01 1317761                    /usr/lib/x86_64-linux-gnu/libXdmcp.so.6.0.0
7f8ec604c000-7f8ec604d000 rw-p 00004000 08:01 1317761                    /usr/lib/x86_64-linux-gnu/libXdmcp.so.6.0.0
7f8ec6050000-7f8ec6053000 r-xp 00000000 08:01 1317759                    /usr/lib/x86_64-linux-gnu/libXau.so.6.0.0
7f8ec6053000-7f8ec6252000 ---p 00003000 08:01 1317759                    /usr/lib/x86_64-linux-gnu/libXau.so.6.0.0
7f8ec6252000-7f8ec6253000 r--p 00002000 08:01 1317759                    /usr/lib/x86_64-linux-gnu/libXau.so.6.0.0
7f8ec6253000-7f8ec6254000 rw-p 00003000 08:01 1317759                    /usr/lib/x86_64-linux-gnu/libXau.so.6.0.0
7f8ec6258000-7f8ec627e000 r-xp 00000000 08:01 6423568                    /lib/x86_64-linux-gnu/libpng12.so.0.50.0
7f8ec627e000-7f8ec647d000 ---p 00026000 08:01 6423568                    /lib/x86_64-linux-gnu/libpng12.so.0.50.0
7f8ec647d000-7f8ec647e000 r--p 00025000 08:01 6423568                    /lib/x86_64-linux-gnu/libpng12.so.0.50.0
7f8ec647e000-7f8ec647f000 rw-p 00026000 08:01 6423568                    /lib/x86_64-linux-gnu/libpng12.so.0.50.0
7f8ec6480000-7f8ec64a6000 r-xp 00000000 08:01 6422533                    /lib/x86_64-linux-gnu/libexpat.so.1.6.0
7f8ec64a6000-7f8ec66a5000 ---p 00026000 08:01 6422533                    /lib/x86_64-linux-gnu/libexpat.so.1.6.0
7f8ec66a5000-7f8ec66a8000 r--p 00025000 08:01 6422533                    /lib/x86_64-linux-gnu/libexpat.so.1.6.0
7f8ec66a8000-7f8ec66a9000 rw-p 00028000 08:01 6422533                    /lib/x86_64-linux-gnu/libexpat.so.1.6.0
7f8ec66b0000-7f8ec66c0000 r-xp 00000000 08:01 1317911                    /usr/lib/x86_64-linux-gnu/libavahi-client.so.3.2.9
7f8ec66c0000-7f8ec68bf000 ---p 00010000 08:01 1317911                    /usr/lib/x86_64-linux-gnu/libavahi-client.so.3.2.9
7f8ec68bf000-7f8ec68c0000 r--p 0000f000 08:01 1317911                    /usr/lib/x86_64-linux-gnu/libavahi-client.so.3.2.9
7f8ec68c0000-7f8ec68c1000 rw-p 00010000 08:01 1317911                    /usr/lib/x86_64-linux-gnu/libavahi-client.so.3.2.9
7f8ec68c8000-7f8ec68d4000 r-xp 00000000 08:01 1317908                    /usr/lib/x86_64-linux-gnu/libavahi-common.so.3.5.3
7f8ec68d4000-7f8ec6ad3000 ---p 0000c000 08:01 1317908                    /usr/lib/x86_64-linux-gnu/libavahi-common.so.3.5.3
7f8ec6ad3000-7f8ec6ad4000 r--p 0000b000 08:01 1317908                    /usr/lib/x86_64-linux-gnu/libavahi-common.so.3.5.3
7f8ec6ad4000-7f8ec6ad5000 rw-p 0000c000 08:01 1317908                    /usr/lib/x86_64-linux-gnu/libavahi-common.so.3.5.3
7f8ec6ad8000-7f8ec6beb000 r-xp 00000000 08:01 1314044                    /usr/lib/x86_64-linux-gnu/libgnutls-deb0.so.28.41.0
7f8ec6beb000-7f8ec6deb000 ---p 00113000 08:01 1314044                    /usr/lib/x86_64-linux-gnu/libgnutls-deb0.so.28.41.0
7f8ec6deb000-7f8ec6df4000 r--p 00113000 08:01 1314044                    /usr/lib/x86_64-linux-gnu/libgnutls-deb0.so.28.41.0
7f8ec6df4000-7f8ec6df6000 rw-p 0011c000 08:01 1314044                    /usr/lib/x86_64-linux-gnu/libgnutls-deb0.so.28.41.0
7f8ec6df6000-7f8ec6df7000 rw-p 00000000 00:00 0 
7f8ec6df8000-7f8ec6e3e000 r-xp 00000000 08:01 1317167                    /usr/lib/x86_64-linux-gnu/libgssapi_krb5.so.2.2
7f8ec6e3e000-7f8ec703e000 ---p 00046000 08:01 1317167                    /usr/lib/x86_64-linux-gnu/libgssapi_krb5.so.2.2
7f8ec703e000-7f8ec7040000 r--p 00046000 08:01 1317167                    /usr/lib/x86_64-linux-gnu/libgssapi_krb5.so.2.2
7f8ec7040000-7f8ec7042000 rw-p 00048000 08:01 1317167                    /usr/lib/x86_64-linux-gnu/libgssapi_krb5.so.2.2
7f8ec7048000-7f8ec7069000 r-xp 00000000 08:01 1317763                    /usr/lib/x86_64-linux-gnu/libxcb.so.1.1.0
7f8ec7069000-7f8ec7268000 ---p 00021000 08:01 1317763                    /usr/lib/x86_64-linux-gnu/libxcb.so.1.1.0
7f8ec7268000-7f8ec7269000 r--p 00020000 08:01 1317763                    /usr/lib/x86_64-linux-gnu/libxcb.so.1.1.0
7f8ec7269000-7f8ec726a000 rw-p 00021000 08:01 1317763                    /usr/lib/x86_64-linux-gnu/libxcb.so.1.1.0
7f8ec7270000-7f8ec7314000 r-xp 00000000 08:01 1318123                    /usr/lib/x86_64-linux-gnu/libfreetype.so.6.11.1
7f8ec7314000-7f8ec7513000 ---p 000a4000 08:01 1318123                    /usr/lib/x86_64-linux-gnu/libfreetype.so.6.11.1
7f8ec7513000-7f8ec7519000 r--p 000a3000 08:01 1318123                    /usr/lib/x86_64-linux-gnu/libfreetype.so.6.11.1
7f8ec7519000-7f8ec751a000 rw-p 000a9000 08:01 1318123                    /usr/lib/x86_64-linux-gnu/libfreetype.so.6.11.1
7f8ec7520000-7f8ec755b000 r-xp 00000000 08:01 1318125                    /usr/lib/x86_64-linux-gnu/libfontconfig.so.1.8.0
7f8ec755b000-7f8ec775a000 ---p 0003b000 08:01 1318125                    /usr/lib/x86_64-linux-gnu/libfontconfig.so.1.8.0
7f8ec775a000-7f8ec775c000 r--p 0003a000 08:01 1318125                    /usr/lib/x86_64-linux-gnu/libfontconfig.so.1.8.0
7f8ec775c000-7f8ec775d000 rw-p 0003c000 08:01 1318125                    /usr/lib/x86_64-linux-gnu/libfontconfig.so.1.8.0
7f8ec7760000-7f8ec77d0000 r-xp 00000000 08:01 1317913                    /usr/lib/x86_64-linux-gnu/libcups.so.2
7f8ec77d0000-7f8ec79cf000 ---p 00070000 08:01 1317913                    /usr/lib/x86_64-linux-gnu/libcups.so.2
7f8ec79cf000-7f8ec79d7000 r--p 0006f000 08:01 1317913                    /usr/lib/x86_64-linux-gnu/libcups.so.2
7f8ec79d7000-7f8ec79d8000 rw-p 00077000 08:01 1317913                    /usr/lib/x86_64-linux-gnu/libcups.so.2
7f8ec79d8000-7f8ec79e7000 r-xp 00000000 08:01 1318353                    /usr/lib/x86_64-linux-gnu/libXi.so.6.1.0
7f8ec79e7000-7f8ec7be6000 ---p 0000f000 08:01 1318353                    /usr/lib/x86_64-linux-gnu/libXi.so.6.1.0
7f8ec7be6000-7f8ec7be7000 r--p 0000e000 08:01 1318353                    /usr/lib/x86_64-linux-gnu/libXi.so.6.1.0
7f8ec7be7000-7f8ec7be8000 rw-p 0000f000 08:01 1318353                    /usr/lib/x86_64-linux-gnu/libXi.so.6.1.0
7f8ec7be8000-7f8ec7bed000 r-xp 00000000 08:01 1318983                    /usr/lib/x86_64-linux-gnu/libXtst.so.6.1.0
7f8ec7bed000-7f8ec7dec000 ---p 00005000 08:01 1318983                    /usr/lib/x86_64-linux-gnu/libXtst.so.6.1.0
7f8ec7dec000-7f8ec7ded000 r--p 00004000 08:01 1318983                    /usr/lib/x86_64-linux-gnu/libXtst.so.6.1.0
7f8ec7ded000-7f8ec7dee000 rw-p 00005000 08:01 1318983                    /usr/lib/x86_64-linux-gnu/libXtst.so.6.1.0
7f8ec7df0000-7f8ec7df9000 r-xp 00000000 08:01 1317774                    /usr/lib/x86_64-linux-gnu/libXrender.so.1.3.0
7f8ec7df9000-7f8ec7ff8000 ---p 00009000 08:01 1317774                    /usr/lib/x86_64-linux-gnu/libXrender.so.1.3.0
7f8ec7ff8000-7f8ec7ff9000 r--p 00008000 08:01 1317774                    /usr/lib/x86_64-linux-gnu/libXrender.so.1.3.0
7f8ec7ff9000-7f8ec7ffa000 rw-p 00009000 08:01 1317774                    /usr/lib/x86_64-linux-gnu/libXrender.so.1.3.0
7f8ec8000000-7f8ec8021000 rw-p 00000000 00:00 0 
7f8ec8021000-7f8ecc000000 ---p 00000000 00:00 0 
7f8ecc007000-7f8ecc00a000 ---p 00000000 00:00 0 
7f8ecc00a000-7f8ecc108000 rw-p 00000000 00:00 0                          [stack:13357]
7f8ecc108000-7f8ecc244000 r-xp 00000000 08:01 1317767                    /usr/lib/x86_64-linux-gnu/libX11.so.6.3.0
7f8ecc244000-7f8ecc443000 ---p 0013c000 08:01 1317767                    /usr/lib/x86_64-linux-gnu/libX11.so.6.3.0
7f8ecc443000-7f8ecc445000 r--p 0013b000 08:01 1317767                    /usr/lib/x86_64-linux-gnu/libX11.so.6.3.0
7f8ecc445000-7f8ecc44a000 rw-p 0013d000 08:01 1317767                    /usr/lib/x86_64-linux-gnu/libX11.so.6.3.0
7f8ecc44a000-7f8ecc44b000 rw-p 00000000 00:00 0 
7f8ecc450000-7f8ecc461000 r-xp 00000000 08:01 1317770                    /usr/lib/x86_64-linux-gnu/libXext.so.6.4.0
7f8ecc461000-7f8ecc660000 ---p 00011000 08:01 1317770                    /usr/lib/x86_64-linux-gnu/libXext.so.6.4.0
7f8ecc660000-7f8ecc661000 r--p 00010000 08:01 1317770                    /usr/lib/x86_64-linux-gnu/libXext.so.6.4.0
7f8ecc661000-7f8ecc662000 rw-p 00011000 08:01 1317770                    /usr/lib/x86_64-linux-gnu/libXext.so.6.4.0
7f8ecc66a000-7f8ecc66b000 rw-s 35bbb2000 00:05 17965                     /dev/nvidiactl
7f8ecc66b000-7f8ecc66f000 rw-s 3d038b000 00:05 17965                     /dev/nvidiactl
7f8ecc674000-7f8ecc675000 rw-s cfd64000 00:05 19540                      /dev/nvidia0
7f8ecc67c000-7f8ecc67d000 rw-s cfd64000 00:05 19540                      /dev/nvidia0
7f8ecc682000-7f8ecc683000 rw-s fd642000 00:05 19540                      /dev/nvidia0
7f8ecc683000-7f8ecc684000 rw-s 418c63000 00:05 17965                     /dev/nvidiactl
7f8ecc689000-7f8ecc68a000 rw-s fd641000 00:05 19540                      /dev/nvidia0
7f8ecc690000-7f8ecc6d9000 r-xp 00000000 08:01 2235730                    /usr/lib/jvm/java-7-openjdk-amd64/jre/lib/amd64/xawt/libmawt.so
7f8ecc6d9000-7f8ecc8d8000 ---p 00049000 08:01 2235730                    /usr/lib/jvm/java-7-openjdk-amd64/jre/lib/amd64/xawt/libmawt.so
7f8ecc8d8000-7f8ecc8d9000 r--p 00048000 08:01 2235730                    /usr/lib/jvm/java-7-openjdk-amd64/jre/lib/amd64/xawt/libmawt.so
7f8ecc8d9000-7f8ecc8dc000 rw-p 00049000 08:01 2235730                    /usr/lib/jvm/java-7-openjdk-amd64/jre/lib/amd64/xawt/libmawt.so
7f8ecc8dc000-7f8ecc8dd000 rw-p 00000000 00:00 0 
7f8ecc8e0000-7f8ecc981000 r-xp 00000000 08:01 2101931                    /usr/lib/jvm/java-7-openjdk-amd64/jre/lib/amd64/libawt.so
7f8ecc981000-7f8eccb80000 ---p 000a1000 08:01 2101931                    /usr/lib/jvm/java-7-openjdk-amd64/jre/lib/amd64/libawt.so
7f8eccb80000-7f8eccb81000 r--p 000a0000 08:01 2101931                    /usr/lib/jvm/java-7-openjdk-amd64/jre/lib/amd64/libawt.so
7f8eccb81000-7f8eccb8c000 rw-p 000a1000 08:01 2101931                    /usr/lib/jvm/java-7-openjdk-amd64/jre/lib/amd64/libawt.so
7f8eccb8c000-7f8eccbb1000 rw-p 00000000 00:00 0 
7f8eccbb7000-7f8ecceb8000 rw-p 00000000 00:00 0 
7f8ecceb8000-7f8eccf24000 r-xp 00000000 08:01 6423678                    /lib/x86_64-linux-gnu/libpcre.so.3.13.1
7f8eccf24000-7f8ecd124000 ---p 0006c000 08:01 6423678                    /lib/x86_64-linux-gnu/libpcre.so.3.13.1
7f8ecd124000-7f8ecd125000 r--p 0006c000 08:01 6423678                    /lib/x86_64-linux-gnu/libpcre.so.3.13.1
7f8ecd125000-7f8ecd126000 rw-p 0006d000 08:01 6423678                    /lib/x86_64-linux-gnu/libpcre.so.3.13.1
7f8ecd128000-7f8ecd12f000 r-xp 00000000 08:01 1315076                    /usr/lib/x86_64-linux-gnu/libffi.so.6.0.2
7f8ecd12f000-7f8ecd32e000 ---p 00007000 08:01 1315076                    /usr/lib/x86_64-linux-gnu/libffi.so.6.0.2
7f8ecd32e000-7f8ecd32f000 r--p 00006000 08:01 1315076                    /usr/lib/x86_64-linux-gnu/libffi.so.6.0.2
7f8ecd32f000-7f8ecd330000 rw-p 00007000 08:01 1315076                    /usr/lib/x86_64-linux-gnu/libffi.so.6.0.2
7f8ecd330000-7f8ecd344000 r-xp 00000000 08:01 6425568                    /lib/x86_64-linux-gnu/libresolv-2.19.so
7f8ecd344000-7f8ecd543000 ---p 00014000 08:01 6425568                    /lib/x86_64-linux-gnu/libresolv-2.19.so
7f8ecd543000-7f8ecd544000 r--p 00013000 08:01 6425568                    /lib/x86_64-linux-gnu/libresolv-2.19.so
7f8ecd544000-7f8ecd545000 rw-p 00014000 08:01 6425568                    /lib/x86_64-linux-gnu/libresolv-2.19.so
7f8ecd545000-7f8ecd547000 rw-p 00000000 00:00 0 
7f8ecd548000-7f8ecd569000 r-xp 00000000 08:01 6422627                    /lib/x86_64-linux-gnu/libselinux.so.1
7f8ecd569000-7f8ecd769000 ---p 00021000 08:01 6422627                    /lib/x86_64-linux-gnu/libselinux.so.1
7f8ecd769000-7f8ecd76a000 r--p 00021000 08:01 6422627                    /lib/x86_64-linux-gnu/libselinux.so.1
7f8ecd76a000-7f8ecd76b000 rw-p 00022000 08:01 6422627                    /lib/x86_64-linux-gnu/libselinux.so.1
7f8ecd76b000-7f8ecd76d000 rw-p 00000000 00:00 0 
7f8ecd770000-7f8ecd773000 r-xp 00000000 08:01 1318028                    /usr/lib/x86_64-linux-gnu/libgmodule-2.0.so.0.4200.1
7f8ecd773000-7f8ecd972000 ---p 00003000 08:01 1318028                    /usr/lib/x86_64-linux-gnu/libgmodule-2.0.so.0.4200.1
7f8ecd972000-7f8ecd973000 r--p 00002000 08:01 1318028                    /usr/lib/x86_64-linux-gnu/libgmodule-2.0.so.0.4200.1
7f8ecd973000-7f8ecd974000 rw-p 00003000 08:01 1318028                    /usr/lib/x86_64-linux-gnu/libgmodule-2.0.so.0.4200.1
7f8ecd978000-7f8ecda84000 r-xp 00000000 08:01 6423013                    /lib/x86_64-linux-gnu/libglib-2.0.so.0.4200.1
7f8ecda84000-7f8ecdc84000 ---p 0010c000 08:01 6423013                    /lib/x86_64-linux-gnu/libglib-2.0.so.0.4200.1
7f8ecdc84000-7f8ecdc85000 r--p 0010c000 08:01 6423013                    /lib/x86_64-linux-gnu/libglib-2.0.so.0.4200.1
7f8ecdc85000-7f8ecdc86000 rw-p 0010d000 08:01 6423013                    /lib/x86_64-linux-gnu/libglib-2.0.so.0.4200.1
7f8ecdc86000-7f8ecdc87000 rw-p 00000000 00:00 0 
7f8ecdc88000-7f8ecdcd9000 r-xp 00000000 08:01 1318029                    /usr/lib/x86_64-linux-gnu/libgobject-2.0.so.0.4200.1
7f8ecdcd9000-7f8ecded8000 ---p 00051000 08:01 1318029                    /usr/lib/x86_64-linux-gnu/libgobject-2.0.so.0.4200.1
7f8ecded8000-7f8ecded9000 r--p 00050000 08:01 1318029                    /usr/lib/x86_64-linux-gnu/libgobject-2.0.so.0.4200.1
7f8ecded9000-7f8ecdeda000 rw-p 00051000 08:01 1318029                    /usr/lib/x86_64-linux-gnu/libgobject-2.0.so.0.4200.1
7f8ecdee0000-7f8ece051000 r-xp 00000000 08:01 1318031                    /usr/lib/x86_64-linux-gnu/libgio-2.0.so.0.4200.1
7f8ece051000-7f8ece251000 ---p 00171000 08:01 1318031                    /usr/lib/x86_64-linux-gnu/libgio-2.0.so.0.4200.1
7f8ece251000-7f8ece255000 r--p 00171000 08:01 1318031                    /usr/lib/x86_64-linux-gnu/libgio-2.0.so.0.4200.1
7f8ece255000-7f8ece257000 rw-p 00175000 08:01 1318031                    /usr/lib/x86_64-linux-gnu/libgio-2.0.so.0.4200.1
7f8ece257000-7f8ece259000 rw-p 00000000 00:00 0 
7f8ece260000-7f8ece261000 rw-s 41ad40000 00:05 17965                     /dev/nvidiactl
7f8ece268000-7f8ece269000 rw-s 35bbc8000 00:05 17965                     /dev/nvidiactl
7f8ece270000-7f8ece271000 rw-s fd060000 00:05 19540                      /dev/nvidia0
7f8ece278000-7f8ece279000 r--p 00000000 08:01 1314157                    /usr/share/locale/en_GB/LC_MESSAGES/libc.mo
7f8ece27b000-7f8ece286000 r--s 00203000 08:01 2101903                    /usr/lib/jvm/java-7-openjdk-amd64/jre/lib/charsets.jar
7f8ece288000-7f8ece2a0000 r-xp 00000000 08:01 2101942                    /usr/lib/jvm/java-7-openjdk-amd64/jre/lib/amd64/libnet.so
7f8ece2a0000-7f8ece49f000 ---p 00018000 08:01 2101942                    /usr/lib/jvm/java-7-openjdk-amd64/jre/lib/amd64/libnet.so
7f8ece49f000-7f8ece4a0000 r--p 00017000 08:01 2101942                    /usr/lib/jvm/java-7-openjdk-amd64/jre/lib/amd64/libnet.so
7f8ece4a0000-7f8ece4a1000 rw-p 00018000 08:01 2101942                    /usr/lib/jvm/java-7-openjdk-amd64/jre/lib/amd64/libnet.so
7f8ece4a7000-7f8ece4aa000 ---p 00000000 00:00 0 
7f8ece4aa000-7f8ece5a8000 rw-p 00000000 00:00 0                          [stack:13356]
7f8ece5a8000-7f8ece5a9000 r-xp 00000000 08:01 1573728                    /opt/intellij-idea/bin/libbreakgen64.so
7f8ece5a9000-7f8ece7a8000 ---p 00001000 08:01 1573728                    /opt/intellij-idea/bin/libbreakgen64.so
7f8ece7a8000-7f8ece7a9000 r--p 00000000 08:01 1573728                    /opt/intellij-idea/bin/libbreakgen64.so
7f8ece7a9000-7f8ece7aa000 rw-p 00001000 08:01 1573728                    /opt/intellij-idea/bin/libbreakgen64.so
7f8ece7b1000-7f8ece7b3000 r--s 00019000 08:01 1578241                    /opt/intellij-idea/lib/idea_rt.jar
7f8ece7ba000-7f8ece7bb000 r--s 00002000 08:13 4850952                    /home/mart/IdeaProjects/Multiplayer World 2/libs/PNGDecoder.jar
7f8ece7bf000-7f8ece7c2000 r--s 00017000 08:13 9045358                    /home/mart/IdeaProjects/Multiplayer World 2/libs/slick-util.jar
7f8ece7c7000-7f8ece7cb000 r--s 00027000 08:13 9045357                    /home/mart/IdeaProjects/Multiplayer World 2/libs/lwjgl_util.jar
7f8ece7cb000-7f8ece7da000 r--s 000f3000 08:13 9045342                    /home/mart/IdeaProjects/Multiplayer World 2/libs/lwjgl.jar
7f8ece7df000-7f8ece7ed000 r--s 0010f000 08:01 2101969                    /usr/lib/jvm/java-7-openjdk-amd64/jre/lib/rhino.jar
7f8ece7ee000-7f8ece7f8000 r--s 000ae000 08:01 2101899                    /usr/lib/jvm/java-7-openjdk-amd64/jre/lib/resources.jar
7f8ece7f8000-7f8ece7f9000 r--s 00000000 08:01 2101978                    /usr/lib/jvm/java-7-openjdk-amd64/jre/lib/management-agent.jar
7f8ece7fe000-7f8ece803000 r--s 0004e000 08:01 2101968                    /usr/lib/jvm/java-7-openjdk-amd64/jre/lib/jsse.jar
7f8ece808000-7f8ece80a000 r--s 00018000 08:01 2101971                    /usr/lib/jvm/java-7-openjdk-amd64/jre/lib/jce.jar
7f8ece80a000-7f8ece80b000 r--s 0000a000 08:01 2101901                    /usr/lib/jvm/java-7-openjdk-amd64/jre/lib/javazic.jar
7f8ece810000-7f8ece811000 r--s 00000000 08:01 2101972                    /usr/lib/jvm/java-7-openjdk-amd64/jre/lib/compilefontconfig.jar
7f8ece813000-7f8ece81e000 r--s 00203000 08:01 2101903                    /usr/lib/jvm/java-7-openjdk-amd64/jre/lib/charsets.jar
7f8ece81f000-7f8ece822000 r--s 0000f000 08:01 2101910                    /usr/lib/jvm/java-7-openjdk-amd64/jre/lib/ext/icedtea-sound.jar
7f8ece824000-7f8ece828000 r--s 00034000 08:01 2101912                    /usr/lib/jvm/java-7-openjdk-amd64/jre/lib/ext/sunjce_provider.jar
7f8ece82e000-7f8ece830000 r--s 00006000 08:01 1841746                    /usr/share/java/java-atk-wrapper.jar
7f8ece832000-7f8ece834000 r--s 00012000 08:01 2101907                    /usr/lib/jvm/java-7-openjdk-amd64/jre/lib/ext/zipfs.jar
7f8ece835000-7f8ece839000 r--s 00085000 08:01 2101908                    /usr/lib/jvm/java-7-openjdk-amd64/jre/lib/ext/localedata.jar
7f8ece83a000-7f8ece83b000 r--s 00002000 08:01 2101909                    /usr/lib/jvm/java-7-openjdk-amd64/jre/lib/ext/dnsns.jar
7f8ece83b000-7f8ece83c000 ---p 00000000 00:00 0 
7f8ece83c000-7f8ece93c000 rw-p 00000000 00:00 0                          [stack:13348]
7f8ece93c000-7f8ece93f000 ---p 00000000 00:00 0 
7f8ece93f000-7f8ecea3d000 rw-p 00000000 00:00 0                          [stack:13347]
7f8ecea3d000-7f8ecea40000 ---p 00000000 00:00 0 
7f8ecea40000-7f8eceb3e000 rw-p 00000000 00:00 0                          [stack:13346]
7f8eceb3e000-7f8eceb41000 ---p 00000000 00:00 0 
7f8eceb41000-7f8ecec3f000 rw-p 00000000 00:00 0                          [stack:13345]
7f8ecec3f000-7f8ecec42000 ---p 00000000 00:00 0 
7f8ecec42000-7f8eced40000 rw-p 00000000 00:00 0                          [stack:13344]
7f8eced40000-7f8eceec9000 r--p 00000000 08:01 1314223                    /usr/lib/locale/locale-archive
7f8eceece000-7f8eceed1000 ---p 00000000 00:00 0 
7f8eceed1000-7f8ecefcf000 rw-p 00000000 00:00 0                          [stack:13340]
7f8ecefcf000-7f8ecefd2000 ---p 00000000 00:00 0 
7f8ecefd2000-7f8ecf0d0000 rw-p 00000000 00:00 0                          [stack:13339]
7f8ecf0d0000-7f8ecf0d1000 ---p 00000000 00:00 0 
7f8ecf0d1000-7f8ed0000000 rw-p 00000000 00:00 0                          [stack:13338]
7f8ed0000000-7f8ed0021000 rw-p 00000000 00:00 0 
7f8ed0021000-7f8ed4000000 ---p 00000000 00:00 0 
7f8ed4004000-7f8ed4008000 r--s 0003c000 08:01 2101911                    /usr/lib/jvm/java-7-openjdk-amd64/jre/lib/ext/sunpkcs11.jar
7f8ed400d000-7f8ed4e4a000 rw-p 00000000 00:00 0 
7f8ed4e4a000-7f8ed4ffc000 r--s 01d32000 08:01 2101898                    /usr/lib/jvm/java-7-openjdk-amd64/jre/lib/rt.jar
7f8ed5000000-7f8ed5270000 rwxp 00000000 00:00 0 
7f8ed5270000-7f8ed8a83000 rw-p 00000000 00:00 0 
7f8ed8a83000-7f8edc000000 ---p 00000000 00:00 0 
7f8edc004000-7f8edc968000 rw-p 00000000 00:00 0 
7f8edc968000-7f8edc969000 ---p 00000000 00:00 0 
7f8edc969000-7f8edca69000 rw-p 00000000 00:00 0                          [stack:13327]
7f8edca69000-7f8edca6a000 ---p 00000000 00:00 0 
7f8edca6a000-7f8edcb6a000 rw-p 00000000 00:00 0                          [stack:13326]
7f8edcb6a000-7f8edcb6b000 ---p 00000000 00:00 0 
7f8edcb6b000-7f8edcc6b000 rw-p 00000000 00:00 0                          [stack:13325]
7f8edcc6b000-7f8edcc6c000 ---p 00000000 00:00 0 
7f8edcc6c000-7f8edcd6c000 rw-p 00000000 00:00 0                          [stack:13324]
7f8edcd6c000-7f8edcd6d000 ---p 00000000 00:00 0 
7f8edcd6d000-7f8edce6d000 rw-p 00000000 00:00 0                          [stack:13323]
7f8edce6d000-7f8edce6e000 ---p 00000000 00:00 0 
7f8edce6e000-7f8edcf6e000 rw-p 00000000 00:00 0                          [stack:13322]
7f8edcf6e000-7f8edcf6f000 ---p 00000000 00:00 0 
7f8edcf6f000-7f8edd06f000 rw-p 00000000 00:00 0                          [stack:13321]
7f8edd06f000-7f8edd070000 ---p 00000000 00:00 0 
7f8edd070000-7f8edd17b000 rw-p 00000000 00:00 0                          [stack:13320]
7f8edd17b000-7f8edd1c3000 rw-p 00000000 00:00 0 
7f8edd1c3000-7f8edd216000 rw-p 00000000 00:00 0 
7f8edd216000-7f8edd6f7000 rw-p 00000000 00:00 0 
7f8edd6f7000-7f8edd702000 rw-p 00000000 00:00 0 
7f8edd702000-7f8edd74a000 rw-p 00000000 00:00 0 
7f8edd74a000-7f8edd79d000 rw-p 00000000 00:00 0 
7f8edd79d000-7f8eddc7d000 rw-p 00000000 00:00 0 
7f8eddc7d000-7f8eddca7000 rw-p 00000000 00:00 0 
7f8eddca7000-7f8eddf17000 rw-p 00000000 00:00 0 
7f8eddf17000-7f8eddf18000 rw-p 00000000 00:00 0 
7f8eddf18000-7f8eddf20000 r-xp 00000000 08:01 2101919                    /usr/lib/jvm/java-7-openjdk-amd64/jre/lib/amd64/libzip.so
7f8eddf20000-7f8ede11f000 ---p 00008000 08:01 2101919                    /usr/lib/jvm/java-7-openjdk-amd64/jre/lib/amd64/libzip.so
7f8ede11f000-7f8ede120000 r--p 00007000 08:01 2101919                    /usr/lib/jvm/java-7-openjdk-amd64/jre/lib/amd64/libzip.so
7f8ede120000-7f8ede121000 rw-p 00008000 08:01 2101919                    /usr/lib/jvm/java-7-openjdk-amd64/jre/lib/amd64/libzip.so
7f8ede128000-7f8ede133000 r-xp 00000000 08:01 6425563                    /lib/x86_64-linux-gnu/libnss_files-2.19.so
7f8ede133000-7f8ede332000 ---p 0000b000 08:01 6425563                    /lib/x86_64-linux-gnu/libnss_files-2.19.so
7f8ede332000-7f8ede333000 r--p 0000a000 08:01 6425563                    /lib/x86_64-linux-gnu/libnss_files-2.19.so
7f8ede333000-7f8ede334000 rw-p 0000b000 08:01 6425563                    /lib/x86_64-linux-gnu/libnss_files-2.19.so
7f8ede338000-7f8ede342000 r-xp 00000000 08:01 6425565                    /lib/x86_64-linux-gnu/libnss_nis-2.19.so
7f8ede342000-7f8ede541000 ---p 0000a000 08:01 6425565                    /lib/x86_64-linux-gnu/libnss_nis-2.19.so
7f8ede541000-7f8ede542000 r--p 00009000 08:01 6425565                    /lib/x86_64-linux-gnu/libnss_nis-2.19.so
7f8ede542000-7f8ede543000 rw-p 0000a000 08:01 6425565                    /lib/x86_64-linux-gnu/libnss_nis-2.19.so
7f8ede548000-7f8ede55d000 r-xp 00000000 08:01 6425560                    /lib/x86_64-linux-gnu/libnsl-2.19.so
7f8ede55d000-7f8ede75c000 ---p 00015000 08:01 6425560                    /lib/x86_64-linux-gnu/libnsl-2.19.so
7f8ede75c000-7f8ede75d000 r--p 00014000 08:01 6425560                    /lib/x86_64-linux-gnu/libnsl-2.19.so
7f8ede75d000-7f8ede75e000 rw-p 00015000 08:01 6425560                    /lib/x86_64-linux-gnu/libnsl-2.19.so
7f8ede75e000-7f8ede760000 rw-p 00000000 00:00 0 
7f8ede760000-7f8ede767000 r-xp 00000000 08:01 6425561                    /lib/x86_64-linux-gnu/libnss_compat-2.19.so
7f8ede767000-7f8ede966000 ---p 00007000 08:01 6425561                    /lib/x86_64-linux-gnu/libnss_compat-2.19.so
7f8ede966000-7f8ede967000 r--p 00006000 08:01 6425561                    /lib/x86_64-linux-gnu/libnss_compat-2.19.so
7f8ede967000-7f8ede968000 rw-p 00007000 08:01 6425561                    /lib/x86_64-linux-gnu/libnss_compat-2.19.so
7f8ede968000-7f8ede995000 r-xp 00000000 08:01 2101951                    /usr/lib/jvm/java-7-openjdk-amd64/jre/lib/amd64/libjava.so
7f8ede995000-7f8edeb94000 ---p 0002d000 08:01 2101951                    /usr/lib/jvm/java-7-openjdk-amd64/jre/lib/amd64/libjava.so
7f8edeb94000-7f8edeb95000 r--p 0002c000 08:01 2101951                    /usr/lib/jvm/java-7-openjdk-amd64/jre/lib/amd64/libjava.so
7f8edeb95000-7f8edeb97000 rw-p 0002d000 08:01 2101951                    /usr/lib/jvm/java-7-openjdk-amd64/jre/lib/amd64/libjava.so
7f8edeb98000-7f8edeba7000 r-xp 00000000 08:01 2101914                    /usr/lib/jvm/java-7-openjdk-amd64/jre/lib/amd64/libverify.so
7f8edeba7000-7f8ededa6000 ---p 0000f000 08:01 2101914                    /usr/lib/jvm/java-7-openjdk-amd64/jre/lib/amd64/libverify.so
7f8ededa6000-7f8ededa9000 r--p 0000e000 08:01 2101914                    /usr/lib/jvm/java-7-openjdk-amd64/jre/lib/amd64/libverify.so
7f8ededa9000-7f8ededaa000 rw-p 00011000 08:01 2101914                    /usr/lib/jvm/java-7-openjdk-amd64/jre/lib/amd64/libverify.so
7f8ededb0000-7f8ededb7000 r-xp 00000000 08:01 6425569                    /lib/x86_64-linux-gnu/librt-2.19.so
7f8ededb7000-7f8edefb6000 ---p 00007000 08:01 6425569                    /lib/x86_64-linux-gnu/librt-2.19.so
7f8edefb6000-7f8edefb7000 r--p 00006000 08:01 6425569                    /lib/x86_64-linux-gnu/librt-2.19.so
7f8edefb7000-7f8edefb8000 rw-p 00007000 08:01 6425569                    /lib/x86_64-linux-gnu/librt-2.19.so
7f8edefb8000-7f8edefce000 r-xp 00000000 08:01 6422532                    /lib/x86_64-linux-gnu/libgcc_s.so.1
7f8edefce000-7f8edf1cd000 ---p 00016000 08:01 6422532                    /lib/x86_64-linux-gnu/libgcc_s.so.1
7f8edf1cd000-7f8edf1ce000 rw-p 00015000 08:01 6422532                    /lib/x86_64-linux-gnu/libgcc_s.so.1
7f8edf1d0000-7f8edf2d0000 r-xp 00000000 08:01 6425558                    /lib/x86_64-linux-gnu/libm-2.19.so
7f8edf2d0000-7f8edf4cf000 ---p 00100000 08:01 6425558                    /lib/x86_64-linux-gnu/libm-2.19.so
7f8edf4cf000-7f8edf4d0000 r--p 000ff000 08:01 6425558                    /lib/x86_64-linux-gnu/libm-2.19.so
7f8edf4d0000-7f8edf4d1000 rw-p 00100000 08:01 6425558                    /lib/x86_64-linux-gnu/libm-2.19.so
7f8edf4d8000-7f8edf5c4000 r-xp 00000000 08:01 1315446                    /usr/lib/x86_64-linux-gnu/libstdc++.so.6.0.20
7f8edf5c4000-7f8edf7c4000 ---p 000ec000 08:01 1315446                    /usr/lib/x86_64-linux-gnu/libstdc++.so.6.0.20
7f8edf7c4000-7f8edf7cc000 r--p 000ec000 08:01 1315446                    /usr/lib/x86_64-linux-gnu/libstdc++.so.6.0.20
7f8edf7cc000-7f8edf7ce000 rw-p 000f4000 08:01 1315446                    /usr/lib/x86_64-linux-gnu/libstdc++.so.6.0.20
7f8edf7ce000-7f8edf7e3000 rw-p 00000000 00:00 0 
7f8edf7e8000-7f8ee033e000 r-xp 00000000 08:01 2101927                    /usr/lib/jvm/java-7-openjdk-amd64/jre/lib/amd64/server/libjvm.so
7f8ee033e000-7f8ee053e000 ---p 00b56000 08:01 2101927                    /usr/lib/jvm/java-7-openjdk-amd64/jre/lib/amd64/server/libjvm.so
7f8ee053e000-7f8ee05dd000 r--p 00b56000 08:01 2101927                    /usr/lib/jvm/java-7-openjdk-amd64/jre/lib/amd64/server/libjvm.so
7f8ee05dd000-7f8ee0600000 rw-p 00bf5000 08:01 2101927                    /usr/lib/jvm/java-7-openjdk-amd64/jre/lib/amd64/server/libjvm.so
7f8ee0600000-7f8ee062d000 rw-p 00000000 00:00 0 
7f8ee0630000-7f8ee064a000 r-xp 00000000 08:01 6422628                    /lib/x86_64-linux-gnu/libz.so.1.2.8
7f8ee064a000-7f8ee0849000 ---p 0001a000 08:01 6422628                    /lib/x86_64-linux-gnu/libz.so.1.2.8
7f8ee0849000-7f8ee084a000 r--p 00019000 08:01 6422628                    /lib/x86_64-linux-gnu/libz.so.1.2.8
7f8ee084a000-7f8ee084b000 rw-p 0001a000 08:01 6422628                    /lib/x86_64-linux-gnu/libz.so.1.2.8
7f8ee0850000-7f8ee09ef000 r-xp 00000000 08:01 6425554                    /lib/x86_64-linux-gnu/libc-2.19.so
7f8ee09ef000-7f8ee0bef000 ---p 0019f000 08:01 6425554                    /lib/x86_64-linux-gnu/libc-2.19.so
7f8ee0bef000-7f8ee0bf3000 r--p 0019f000 08:01 6425554                    /lib/x86_64-linux-gnu/libc-2.19.so
7f8ee0bf3000-7f8ee0bf5000 rw-p 001a3000 08:01 6425554                    /lib/x86_64-linux-gnu/libc-2.19.so
7f8ee0bf5000-7f8ee0bf9000 rw-p 00000000 00:00 0 
7f8ee0c00000-7f8ee0c03000 r-xp 00000000 08:01 6425557                    /lib/x86_64-linux-gnu/libdl-2.19.so
7f8ee0c03000-7f8ee0e02000 ---p 00003000 08:01 6425557                    /lib/x86_64-linux-gnu/libdl-2.19.so
7f8ee0e02000-7f8ee0e03000 r--p 00002000 08:01 6425557                    /lib/x86_64-linux-gnu/libdl-2.19.so
7f8ee0e03000-7f8ee0e04000 rw-p 00003000 08:01 6425557                    /lib/x86_64-linux-gnu/libdl-2.19.so
7f8ee0e08000-7f8ee0e15000 r-xp 00000000 08:01 2101917                    /usr/lib/jvm/java-7-openjdk-amd64/jre/lib/amd64/jli/libjli.so
7f8ee0e15000-7f8ee1014000 ---p 0000d000 08:01 2101917                    /usr/lib/jvm/java-7-openjdk-amd64/jre/lib/amd64/jli/libjli.so
7f8ee1014000-7f8ee1015000 r--p 0000c000 08:01 2101917                    /usr/lib/jvm/java-7-openjdk-amd64/jre/lib/amd64/jli/libjli.so
7f8ee1015000-7f8ee1016000 rw-p 0000d000 08:01 2101917                    /usr/lib/jvm/java-7-openjdk-amd64/jre/lib/amd64/jli/libjli.so
7f8ee1018000-7f8ee1030000 r-xp 00000000 08:01 6425550                    /lib/x86_64-linux-gnu/libpthread-2.19.so
7f8ee1030000-7f8ee122f000 ---p 00018000 08:01 6425550                    /lib/x86_64-linux-gnu/libpthread-2.19.so
7f8ee122f000-7f8ee1230000 r--p 00017000 08:01 6425550                    /lib/x86_64-linux-gnu/libpthread-2.19.so
7f8ee1230000-7f8ee1231000 rw-p 00018000 08:01 6425550                    /lib/x86_64-linux-gnu/libpthread-2.19.so
7f8ee1231000-7f8ee1235000 rw-p 00000000 00:00 0 
7f8ee1238000-7f8ee1258000 r-xp 00000000 08:01 6425551                    /lib/x86_64-linux-gnu/ld-2.19.so
7f8ee1258000-7f8ee128a000 rw-p 00000000 00:00 0 
7f8ee128a000-7f8ee1340000 rw-p 00000000 00:00 0 
7f8ee1340000-7f8ee1348000 rw-s 00000000 08:12 3145731                    /tmp/hsperfdata_mart/13318
7f8ee134d000-7f8ee1350000 rw-p 00000000 00:00 0 
7f8ee1350000-7f8ee1351000 r--p 00000000 00:00 0 
7f8ee1351000-7f8ee1354000 ---p 00000000 00:00 0 
7f8ee1354000-7f8ee1458000 rw-p 00000000 00:00 0                          [stack:13319]
7f8ee1458000-7f8ee1459000 r--p 00020000 08:01 6425551                    /lib/x86_64-linux-gnu/ld-2.19.so
7f8ee1459000-7f8ee145a000 rw-p 00021000 08:01 6425551                    /lib/x86_64-linux-gnu/ld-2.19.so
7f8ee145a000-7f8ee145c000 rw-p 00000000 00:00 0 
7fff82233000-7fff82254000 rw-p 00000000 00:00 0                          [stack]
7fff82378000-7fff8237a000 r-xp 00000000 00:00 0                          [vdso]
7fff8237a000-7fff8237c000 r--p 00000000 00:00 0                          [vvar]
ffffffffff600000-ffffffffff601000 r-xp 00000000 00:00 0                  [vsyscall]

VM Arguments:
jvm_args: -Djava.library.path=libs/ -Didea.launcher.port=7532 -Didea.launcher.bin.path=/opt/intellij-idea/bin -Dfile.encoding=UTF-8 
java_command: com.intellij.rt.execution.application.AppMain engine.GameLoop
Launcher Type: SUN_STANDARD

Environment Variables:
PATH=/usr/local/bin:/usr/bin:/bin:/usr/local/games:/usr/games
USERNAME=mart
LD_LIBRARY_PATH=/opt/intellij-idea/bin:
SHELL=/bin/bash
DISPLAY=:0

Signal Handlers:
SIGSEGV: [libjvm.so+0x988620], sa_mask[0]=0x7ffbfeff, sa_flags=0x10000004
SIGBUS: [libjvm.so+0x988620], sa_mask[0]=0x7ffbfeff, sa_flags=0x10000004
SIGFPE: [libjvm.so+0x7f5420], sa_mask[0]=0x7ffbfeff, sa_flags=0x10000004
SIGPIPE: [libjvm.so+0x7f5420], sa_mask[0]=0x7ffbfeff, sa_flags=0x10000004
SIGXFSZ: [libjvm.so+0x7f5420], sa_mask[0]=0x7ffbfeff, sa_flags=0x10000004
SIGILL: [libjvm.so+0x7f5420], sa_mask[0]=0x7ffbfeff, sa_flags=0x10000004
SIGUSR1: SIG_DFL, sa_mask[0]=0x00000000, sa_flags=0x00000000
SIGUSR2: [libjvm.so+0x7f52a0], sa_mask[0]=0x00000004, sa_flags=0x10000004
SIGHUP: [libjvm.so+0x7f54a0], sa_mask[0]=0x7ffbfeff, sa_flags=0x10000004
SIGINT: [libjvm.so+0x7f54a0], sa_mask[0]=0x7ffbfeff, sa_flags=0x10000004
SIGTERM: [libjvm.so+0x7f54a0], sa_mask[0]=0x7ffbfeff, sa_flags=0x10000004
SIGQUIT: [libjvm.so+0x7f54a0], sa_mask[0]=0x7ffbfeff, sa_flags=0x10000004
SIGTRAP: SIG_DFL, sa_mask[0]=0x00000000, sa_flags=0x00000000


---------------  S Y S T E M  ---------------

OS:8.2

uname:Linux 3.16.0-4-amd64 #1 SMP Debian 3.16.7-ckt11-1+deb8u5 (2015-10-09) x86_64
libc:glibc 2.19 NPTL 2.19 
rlimit: STACK 8192k, CORE 0k, NPROC 63809, NOFILE 65536, AS infinity
load average:0.31 0.78 0.87

/proc/meminfo:
MemTotal:       16352924 kB
MemFree:         9121580 kB
MemAvailable:   12673720 kB
Buffers:          353808 kB
Cached:          3095892 kB
SwapCached:            0 kB
Active:          5382228 kB
Inactive:        1277624 kB
Active(anon):    3213736 kB
Inactive(anon):    21752 kB
Active(file):    2168492 kB
Inactive(file):  1255872 kB
Unevictable:          32 kB
Mlocked:              32 kB
SwapTotal:             0 kB
SwapFree:              0 kB
Dirty:              2840 kB
Writeback:             0 kB
AnonPages:       3210308 kB
Mapped:           415984 kB
Shmem:             25356 kB
Slab:             427892 kB
SReclaimable:     381192 kB
SUnreclaim:        46700 kB
KernelStack:       10864 kB
PageTables:        31512 kB
NFS_Unstable:          0 kB
Bounce:                0 kB
WritebackTmp:          0 kB
CommitLimit:     8176460 kB
Committed_AS:    8176008 kB
VmallocTotal:   34359738367 kB
VmallocUsed:      330552 kB
VmallocChunk:   34359391740 kB
HardwareCorrupted:     0 kB
AnonHugePages:         0 kB
HugePages_Total:       0
HugePages_Free:        0
HugePages_Rsvd:        0
HugePages_Surp:        0
Hugepagesize:       2048 kB
DirectMap4k:      213428 kB
DirectMap2M:    13365248 kB
DirectMap1G:     3145728 kB


CPU:total 8 (8 cores per cpu, 1 threads per core) family 21 model 2 stepping 0, cmov, cx8, fxsr, mmx, sse, sse2, sse3, ssse3, sse4.1, sse4.2, popcnt, avx, aes, mmxext, 3dnowpref, lzcnt, sse4a, tsc, tscinvbit, tscinv

/proc/cpuinfo:
processor	: 0
vendor_id	: AuthenticAMD
cpu family	: 21
model		: 2
model name	: AMD FX(tm)-8320 Eight-Core Processor
stepping	: 0
microcode	: 0x6000822
cpu MHz		: 3500.000
cache size	: 2048 KB
physical id	: 0
siblings	: 8
core id		: 0
cpu cores	: 4
apicid		: 16
initial apicid	: 0
fpu		: yes
fpu_exception	: yes
cpuid level	: 13
wp		: yes
flags		: fpu vme de pse tsc msr pae mce cx8 apic sep mtrr pge mca cmov pat pse36 clflush mmx fxsr sse sse2 ht syscall nx mmxext fxsr_opt pdpe1gb rdtscp lm constant_tsc rep_good nopl nonstop_tsc extd_apicid aperfmperf pni pclmulqdq monitor ssse3 fma cx16 sse4_1 sse4_2 popcnt aes xsave avx f16c lahf_lm cmp_legacy svm extapic cr8_legacy abm sse4a misalignsse 3dnowprefetch osvw ibs xop skinit wdt lwp fma4 tce nodeid_msr tbm topoext perfctr_core perfctr_nb arat cpb hw_pstate npt lbrv svm_lock nrip_save tsc_scale vmcb_clean flushbyasid decodeassists pausefilter pfthreshold vmmcall bmi1
bogomips	: 7000.16
TLB size	: 1536 4K pages
clflush size	: 64
cache_alignment	: 64
address sizes	: 48 bits physical, 48 bits virtual
power management: ts ttp tm 100mhzsteps hwpstate cpb eff_freq_ro

processor	: 1
vendor_id	: AuthenticAMD
cpu family	: 21
model		: 2
model name	: AMD FX(tm)-8320 Eight-Core Processor           
stepping	: 0
microcode	: 0x6000822
cpu MHz		: 3500.000
cache size	: 2048 KB
physical id	: 0
siblings	: 8
core id		: 1
cpu cores	: 4
apicid		: 17
initial apicid	: 1
fpu		: yes
fpu_exception	: yes
cpuid level	: 13
wp		: yes
flags		: fpu vme de pse tsc msr pae mce cx8 apic sep mtrr pge mca cmov pat pse36 clflush mmx fxsr sse sse2 ht syscall nx mmxext fxsr_opt pdpe1gb rdtscp lm constant_tsc rep_good nopl nonstop_tsc extd_apicid aperfmperf pni pclmulqdq monitor ssse3 fma cx16 sse4_1 sse4_2 popcnt aes xsave avx f16c lahf_lm cmp_legacy svm extapic cr8_legacy abm sse4a misalignsse 3dnowprefetch osvw ibs xop skinit wdt lwp fma4 tce nodeid_msr tbm topoext perfctr_core perfctr_nb arat cpb hw_pstate npt lbrv svm_lock nrip_save tsc_scale vmcb_clean flushbyasid decodeassists pausefilter pfthreshold vmmcall bmi1
bogomips	: 7000.16
TLB size	: 1536 4K pages
clflush size	: 64
cache_alignment	: 64
address sizes	: 48 bits physical, 48 bits virtual
power management: ts ttp tm 100mhzsteps hwpstate cpb eff_freq_ro

processor	: 2
vendor_id	: AuthenticAMD
cpu family	: 21
model		: 2
model name	: AMD FX(tm)-8320 Eight-Core Processor           
stepping	: 0
microcode	: 0x6000822
cpu MHz		: 1700.000
cache size	: 2048 KB
physical id	: 0
siblings	: 8
core id		: 2
cpu cores	: 4
apicid		: 18
initial apicid	: 2
fpu		: yes
fpu_exception	: yes
cpuid level	: 13
wp		: yes
flags		: fpu vme de pse tsc msr pae mce cx8 apic sep mtrr pge mca cmov pat pse36 clflush mmx fxsr sse sse2 ht syscall nx mmxext fxsr_opt pdpe1gb rdtscp lm constant_tsc rep_good nopl nonstop_tsc extd_apicid aperfmperf pni pclmulqdq monitor ssse3 fma cx16 sse4_1 sse4_2 popcnt aes xsave avx f16c lahf_lm cmp_legacy svm extapic cr8_legacy abm sse4a misalignsse 3dnowprefetch osvw ibs xop skinit wdt lwp fma4 tce nodeid_msr tbm topoext perfctr_core perfctr_nb arat cpb hw_pstate npt lbrv svm_lock nrip_save tsc_scale vmcb_clean flushbyasid decodeassists pausefilter pfthreshold vmmcall bmi1
bogomips	: 7000.16
TLB size	: 1536 4K pages
clflush size	: 64
cache_alignment	: 64
address sizes	: 48 bits physical, 48 bits virtual
power management: ts ttp tm 100mhzsteps hwpstate cpb eff_freq_ro

processor	: 3
vendor_id	: AuthenticAMD
cpu family	: 21
model		: 2
model name	: AMD FX(tm)-8320 Eight-Core Processor           
stepping	: 0
microcode	: 0x6000822
cpu MHz		: 1400.000
cache size	: 2048 KB
physical id	: 0
siblings	: 8
core id		: 3
cpu cores	: 4
apicid		: 19
initial apicid	: 3
fpu		: yes
fpu_exception	: yes
cpuid level	: 13
wp		: yes
flags		: fpu vme de pse tsc msr pae mce cx8 apic sep mtrr pge mca cmov pat pse36 clflush mmx fxsr sse sse2 ht syscall nx mmxext fxsr_opt pdpe1gb rdtscp lm constant_tsc rep_good nopl nonstop_tsc extd_apicid aperfmperf pni pclmulqdq monitor ssse3 fma cx16 sse4_1 sse4_2 popcnt aes xsave avx f16c lahf_lm cmp_legacy svm extapic cr8_legacy abm sse4a misalignsse 3dnowprefetch osvw ibs xop skinit wdt lwp fma4 tce nodeid_msr tbm topoext perfctr_core perfctr_nb arat cpb hw_pstate npt lbrv svm_lock nrip_save tsc_scale vmcb_clean flushbyasid decodeassists pausefilter pfthreshold vmmcall bmi1
bogomips	: 7000.16
TLB size	: 1536 4K pages
clflush size	: 64
cache_alignment	: 64
address sizes	: 48 bits physical, 48 bits virtual
power management: ts ttp tm 100mhzsteps hwpstate cpb eff_freq_ro

processor	: 4
vendor_id	: AuthenticAMD
cpu family	: 21
model		: 2
model name	: AMD FX(tm)-8320 Eight-Core Processor           
stepping	: 0
microcode	: 0x6000822
cpu MHz		: 3500.000
cache size	: 2048 KB
physical id	: 0
siblings	: 8
core id		: 4
cpu cores	: 4
apicid		: 20
initial apicid	: 4
fpu		: yes
fpu_exception	: yes
cpuid level	: 13
wp		: yes
flags		: fpu vme de pse tsc msr pae mce cx8 apic sep mtrr pge mca cmov pat pse36 clflush mmx fxsr sse sse2 ht syscall nx mmxext fxsr_opt pdpe1gb rdtscp lm constant_tsc rep_good nopl nonstop_tsc extd_apicid aperfmperf pni pclmulqdq monitor ssse3 fma cx16 sse4_1 sse4_2 popcnt aes xsave avx f16c lahf_lm cmp_legacy svm extapic cr8_legacy abm sse4a misalignsse 3dnowprefetch osvw ibs xop skinit wdt lwp fma4 tce nodeid_msr tbm topoext perfctr_core perfctr_nb arat cpb hw_pstate npt lbrv svm_lock nrip_save tsc_scale vmcb_clean flushbyasid decodeassists pausefilter pfthreshold vmmcall bmi1
bogomips	: 7000.16
TLB size	: 1536 4K pages
clflush size	: 64
cache_alignment	: 64
address sizes	: 48 bits physical, 48 bits virtual
power management: ts ttp tm 100mhzsteps hwpstate cpb eff_freq_ro

processor	: 5
vendor_id	: AuthenticAMD
cpu family	: 21
model		: 2
model name	: AMD FX(tm)-8320 Eight-Core Processor           
stepping	: 0
microcode	: 0x6000822
cpu MHz		: 1400.000
cache size	: 2048 KB
physical id	: 0
siblings	: 8
core id		: 5
cpu cores	: 4
apicid		: 21
initial apicid	: 5
fpu		: yes
fpu_exception	: yes
cpuid level	: 13
wp		: yes
flags		: fpu vme de pse tsc msr pae mce cx8 apic sep mtrr pge mca cmov pat pse36 clflush mmx fxsr sse sse2 ht syscall nx mmxext fxsr_opt pdpe1gb rdtscp lm constant_tsc rep_good nopl nonstop_tsc extd_apicid aperfmperf pni pclmulqdq monitor ssse3 fma cx16 sse4_1 sse4_2 popcnt aes xsave avx f16c lahf_lm cmp_legacy svm extapic cr8_legacy abm sse4a misalignsse 3dnowprefetch osvw ibs xop skinit wdt lwp fma4 tce nodeid_msr tbm topoext perfctr_core perfctr_nb arat cpb hw_pstate npt lbrv svm_lock nrip_save tsc_scale vmcb_clean flushbyasid decodeassists pausefilter pfthreshold vmmcall bmi1
bogomips	: 7000.16
TLB size	: 1536 4K pages
clflush size	: 64
cache_alignment	: 64
address sizes	: 48 bits physical, 48 bits virtual
power management: ts ttp tm 100mhzsteps hwpstate cpb eff_freq_ro

processor	: 6
vendor_id	: AuthenticAMD
cpu family	: 21
model		: 2
model name	: AMD FX(tm)-8320 Eight-Core Processor           
stepping	: 0
microcode	: 0x6000822
cpu MHz		: 3500.000
cache size	: 2048 KB
physical id	: 0
siblings	: 8
core id		: 6
cpu cores	: 4
apicid		: 22
initial apicid	: 6
fpu		: yes
fpu_exception	: yes
cpuid level	: 13
wp		: yes
flags		: fpu vme de pse tsc msr pae mce cx8 apic sep mtrr pge mca cmov pat pse36 clflush mmx fxsr sse sse2 ht syscall nx mmxext fxsr_opt pdpe1gb rdtscp lm constant_tsc rep_good nopl nonstop_tsc extd_apicid aperfmperf pni pclmulqdq monitor ssse3 fma cx16 sse4_1 sse4_2 popcnt aes xsave avx f16c lahf_lm cmp_legacy svm extapic cr8_legacy abm sse4a misalignsse 3dnowprefetch osvw ibs xop skinit wdt lwp fma4 tce nodeid_msr tbm topoext perfctr_core perfctr_nb arat cpb hw_pstate npt lbrv svm_lock nrip_save tsc_scale vmcb_clean flushbyasid decodeassists pausefilter pfthreshold vmmcall bmi1
bogomips	: 7000.16
TLB size	: 1536 4K pages
clflush size	: 64
cache_alignment	: 64
address sizes	: 48 bits physical, 48 bits virtual
power management: ts ttp tm 100mhzsteps hwpstate cpb eff_freq_ro

processor	: 7
vendor_id	: AuthenticAMD
cpu family	: 21
model		: 2
model name	: AMD FX(tm)-8320 Eight-Core Processor           
stepping	: 0
microcode	: 0x6000822
cpu MHz		: 3500.000
cache size	: 2048 KB
physical id	: 0
siblings	: 8
core id		: 7
cpu cores	: 4
apicid		: 23
initial apicid	: 7
fpu		: yes
fpu_exception	: yes
cpuid level	: 13
wp		: yes
flags		: fpu vme de pse tsc msr pae mce cx8 apic sep mtrr pge mca cmov pat pse36 clflush mmx fxsr sse sse2 ht syscall nx mmxext fxsr_opt pdpe1gb rdtscp lm constant_tsc rep_good nopl nonstop_tsc extd_apicid aperfmperf pni pclmulqdq monitor ssse3 fma cx16 sse4_1 sse4_2 popcnt aes xsave avx f16c lahf_lm cmp_legacy svm extapic cr8_legacy abm sse4a misalignsse 3dnowprefetch osvw ibs xop skinit wdt lwp fma4 tce nodeid_msr tbm topoext perfctr_core perfctr_nb arat cpb hw_pstate npt lbrv svm_lock nrip_save tsc_scale vmcb_clean flushbyasid decodeassists pausefilter pfthreshold vmmcall bmi1
bogomips	: 7000.16
TLB size	: 1536 4K pages
clflush size	: 64
cache_alignment	: 64
address sizes	: 48 bits physical, 48 bits virtual
power management: ts ttp tm 100mhzsteps hwpstate cpb eff_freq_ro



Memory: 4k page, physical 16352924k(9121208k free), swap 0k(0k free)

vm_info: OpenJDK 64-Bit Server VM (24.85-b03) for linux-amd64 JRE (1.7.0_85-b01), built on Oct 31 2015 21:30:47 by "jmm" with gcc 4.9.2

time: Tue Jan 10 22:36:11 2017
elapsed time: 1 seconds

