#
# A fatal error has been detected by the Java Runtime Environment:
#
#  SIGSEGV (0xb) at pc=0x00000000418f9ee3, pid=13593, tid=139872951482112
#
# JRE version: OpenJDK Runtime Environment (7.0_85-b01) (build 1.7.0_85-b01)
# Java VM: OpenJDK 64-Bit Server VM (24.85-b03 mixed mode linux-amd64 compressed oops)
# Derivative: IcedTea 2.6.1
# Distribution: Debian GNU/Linux 8.2 (jessie), package 7u85-2.6.1-6+deb8u1
# Problematic frame:
# C  0x00000000418f9ee3
#
# Failed to write core dump. Core dumps have been disabled. To enable core dumping, try "ulimit -c unlimited" before starting Java again
#
# If you would like to submit a bug report, please include
# instructions on how to reproduce the bug and visit:
#   http://icedtea.classpath.org/bugzilla
# The crash happened outside the Java Virtual Machine in native code.
# See problematic frame for where to report the bug.
#

---------------  T H R E A D  ---------------

Current thread (0x00007f36ac00a800):  JavaThread "main" [_thread_in_native, id=13594, stack(0x00007f36b5863000,0x00007f36b5964000)]

siginfo:si_signo=SIGSEGV: si_errno=0, si_code=1 (SEGV_MAPERR), si_addr=0x0000000000000000

Registers:
RAX=0x00007f36884ef534, RBX=0x0000000041443000, RCX=0x0000000000000000, RDX=0x0000000000000066
RSP=0x00007f36b5961fb8, RBP=0x000000003f080000, RSI=0x0000000000000000, RDI=0x0000000000000000
R8 =0x00007f36ac9aafa0, R9 =0x0000000120980000, R10=0x247c8b489f75caff, R11=0x0000000000000000
R12=0x0000000000000000, R13=0x0000000000000066, R14=0x0000000000000000, R15=0x00007f36ac575b80
RIP=0x00000000418f9ee3, EFLAGS=0x0000000000010246, CSGSFS=0x0000000000000033, ERR=0x0000000000000004
  TRAPNO=0x000000000000000e

Top of Stack: (sp=0x00007f36b5961fb8)
0x00007f36b5961fb8:   00007f368a469fc4 0000000400000000
0x00007f36b5961fc8:   00007f36aca0e928 00007f36ac00a800
0x00007f36b5961fd8:   00007f368a46a96e 00007f36884ef534
0x00007f36b5961fe8:   0000000041443000 0000000041487100
0x00007f36b5961ff8:   0000000000000004 0000000000000000
0x00007f36b5962008:   00007f36b5962120 00007f36ac00a800
0x00007f36b5962018:   00007f368a078798 00007f36b5962100
0x00007f36b5962028:   00000066d9a3b500 00000006fc66d858
0x00007f36b5962038:   0000000000000000 00000006fc66d858
0x00007f36b5962048:   00000006fc66d858 00007f36b59620e0
0x00007f36b5962058:   0000000000000000 00000006fc66d858
0x00007f36b5962068:   00007f36a9012758 00007f36ac00b738
0x00007f36b5962078:   00007f36ac00b738 00007f36ac00b718
0x00007f36b5962088:   00007f36ac00b718 00007f36fffffffe
0x00007f36b5962098:   0000000000000000 00007f36b59620a0
0x00007f36b59620a8:   00000006fc66d858 00007f36b5962120
0x00007f36b59620b8:   00000006fc689ac8 0000000000000000
0x00007f36b59620c8:   00000006fc66d858 0000000000000000
0x00007f36b59620d8:   00007f36b5962100 00007f36b5962168
0x00007f36b59620e8:   00007f36a9006058 00000007ad55c0c8
0x00007f36b59620f8:   00007f36a900ecd8 00007f368b986780
0x00007f36b5962108:   00007f36b5962168 0000000000000066
0x00007f36b5962118:   0000000000000000 0000000000000004
0x00007f36b5962128:   00007f36b5962128 00000006fc66d74c
0x00007f36b5962138:   00007f36b59621a0 00000006fc689ac8
0x00007f36b5962148:   0000000000000000 00000006fc66d798
0x00007f36b5962158:   00007f36b5962100 00007f36b5962190
0x00007f36b5962168:   00007f36b59621e8 00007f36a9006058
0x00007f36b5962178:   00007f368b986780 0000000000000000
0x00007f36b5962188:   00000007ad509f48 0000000000000066
0x00007f36b5962198:   0000000000000000 0000000000000004
0x00007f36b59621a8:   00007f36b59621a8 00000006fc6cdcc3 

Instructions: (pc=0x00000000418f9ee3)
0x00000000418f9ec3:   68 04 48 be 78 3d 49 41 00 00 00 00 48 8b 36 48
0x00000000418f9ed3:   8b b6 38 03 00 00 48 8b f9 48 c1 e7 04 48 03 f7
0x00000000418f9ee3:   8b 3e 8b 6e 04 89 78 08 89 68 0c 8b 7e 08 8b 6e
0x00000000418f9ef3:   0c 89 78 10 89 68 14 48 83 c0 18 ff c1 ff ca 75 

Register to memory mapping:

RAX=0x00007f36884ef534 is an unknown value
RBX=0x0000000041443000 is an unknown value
RCX=0x0000000000000000 is an unknown value
RDX=0x0000000000000066 is an unknown value
RSP=0x00007f36b5961fb8 is pointing into the stack for thread: 0x00007f36ac00a800
RBP=0x000000003f080000 is an unknown value
RSI=0x0000000000000000 is an unknown value
RDI=0x0000000000000000 is an unknown value
R8 =0x00007f36ac9aafa0 is an unknown value
R9 =0x0000000120980000 is an unknown value
R10=0x247c8b489f75caff is an unknown value
R11=0x0000000000000000 is an unknown value
R12=0x0000000000000000 is an unknown value
R13=0x0000000000000066 is an unknown value
R14=0x0000000000000000 is an unknown value
R15=0x00007f36ac575b80 is an unknown value


Stack: [0x00007f36b5863000,0x00007f36b5964000],  sp=0x00007f36b5961fb8,  free space=1019k
Native frames: (J=compiled Java code, j=interpreted, Vv=VM code, C=native code)
C  0x00000000418f9ee3

[error occurred during error reporting (printing native stack), id 0xb]

Java frames: (J=compiled Java code, j=interpreted, Vv=VM code)
j  org.lwjgl.opengl.GL11.nglDrawArrays(IIIJ)V+0
j  org.lwjgl.opengl.GL11.glDrawArrays(III)V+20
j  fontRendering.FontRenderer.renderText(LfontMeshCreator/GUIText;)V+43
j  fontRendering.FontRenderer.render(Ljava/util/Map;)V+92
j  fontRendering.TextMaster.render()V+6
j  engine.GameLoop.main([Ljava/lang/String;)V+145
v  ~StubRoutines::call_stub
j  sun.reflect.NativeMethodAccessorImpl.invoke0(Ljava/lang/reflect/Method;Ljava/lang/Object;[Ljava/lang/Object;)Ljava/lang/Object;+0
j  sun.reflect.NativeMethodAccessorImpl.invoke(Ljava/lang/Object;[Ljava/lang/Object;)Ljava/lang/Object;+87
j  sun.reflect.DelegatingMethodAccessorImpl.invoke(Ljava/lang/Object;[Ljava/lang/Object;)Ljava/lang/Object;+6
j  java.lang.reflect.Method.invoke(Ljava/lang/Object;[Ljava/lang/Object;)Ljava/lang/Object;+57
j  com.intellij.rt.execution.application.AppMain.main([Ljava/lang/String;)V+170
v  ~StubRoutines::call_stub

---------------  P R O C E S S  ---------------

Java Threads: ( => current thread )
  0x00007f36ac257000 JavaThread "process reaper" daemon [_thread_blocked, id=13635, stack(0x00007f36900d7000,0x00007f3690110000)]
  0x00007f36ac24b800 JavaThread "AWT-XAWT" daemon [_thread_in_native, id=13633, stack(0x00007f369058f000,0x00007f3690690000)]
  0x00007f36ac22e000 JavaThread "Java2D Disposer" daemon [_thread_blocked, id=13632, stack(0x00007f3690aa7000,0x00007f3690ba8000)]
  0x00007f36ac190000 JavaThread "Monitor Ctrl-Break" daemon [_thread_in_native, id=13631, stack(0x00007f369a9df000,0x00007f369aae0000)]
  0x00007f36ac0b7800 JavaThread "Service Thread" daemon [_thread_blocked, id=13627, stack(0x00007f369ae44000,0x00007f369af45000)]
  0x00007f36ac0b5800 JavaThread "C2 CompilerThread1" daemon [_thread_blocked, id=13626, stack(0x00007f369af45000,0x00007f369b046000)]
  0x00007f36ac0b2800 JavaThread "C2 CompilerThread0" daemon [_thread_in_native, id=13625, stack(0x00007f369b046000,0x00007f369b147000)]
  0x00007f36ac0b0800 JavaThread "Signal Dispatcher" daemon [_thread_blocked, id=13619, stack(0x00007f369b147000,0x00007f369b248000)]
  0x00007f36ac085000 JavaThread "Finalizer" daemon [_thread_blocked, id=13615, stack(0x00007f369b3d3000,0x00007f369b4d4000)]
  0x00007f36ac083000 JavaThread "Reference Handler" daemon [_thread_blocked, id=13614, stack(0x00007f369b4d4000,0x00007f369b5d5000)]
=>0x00007f36ac00a800 JavaThread "main" [_thread_in_native, id=13594, stack(0x00007f36b5863000,0x00007f36b5964000)]

Other Threads:
  0x00007f36ac07f000 VMThread [stack: 0x00007f369b5d5000,0x00007f369b6d6000] [id=13613]
  0x00007f36ac0c2800 WatcherThread [stack: 0x00007f369ad43000,0x00007f369ae44000] [id=13629]

VM state:not at safepoint (normal execution)

VM Mutex/Monitor currently owned by a thread: None

Heap
 PSYoungGen      total 75264K, used 13094K [0x00000007acc80000, 0x00000007b2000000, 0x0000000800000000)
  eden space 65024K, 20% used [0x00000007acc80000,0x00000007ad9498f0,0x00000007b0c00000)
  from space 10240K, 0% used [0x00000007b1600000,0x00000007b1600000,0x00000007b2000000)
  to   space 10240K, 0% used [0x00000007b0c00000,0x00000007b0c00000,0x00000007b1600000)
 ParOldGen       total 169984K, used 0K [0x0000000706600000, 0x0000000710c00000, 0x00000007acc80000)
  object space 169984K, 0% used [0x0000000706600000,0x0000000706600000,0x0000000710c00000)
 PSPermGen       total 21504K, used 7826K [0x00000006fc000000, 0x00000006fd500000, 0x0000000706600000)
  object space 21504K, 36% used [0x00000006fc000000,0x00000006fc7a4900,0x00000006fd500000)

Card table byte_map: [0x00007f36b1c2f000,0x00007f36b2450000] byte_map_base: 0x00007f36ae44f000

Polling page: 0x00007f36b598e000

Code Cache  [0x00007f36a9000000, 0x00007f36a9270000, 0x00007f36ac000000)
 total_blobs=478 nmethods=32 adapters=401 free_code_cache=48582Kb largest_free_block=49730496

Compilation events (10 events):
Event: 0.885 Thread 0x00007f36ac0b5800   29             java.lang.Math::min (11 bytes)
Event: 0.886 Thread 0x00007f36ac0b5800 nmethod 29 0x00007f36a9088c90 code [0x00007f36a9088dc0, 0x00007f36a9088df8]
Event: 0.888 Thread 0x00007f36ac0b5800   30             java.lang.String::replace (127 bytes)
Event: 0.894 Thread 0x00007f36ac0b2800 nmethod 28 0x00007f36a908ad50 code [0x00007f36a908af00, 0x00007f36a908b6e8]
Event: 0.897 Thread 0x00007f36ac0b5800 nmethod 30 0x00007f36a9085cd0 code [0x00007f36a9085e20, 0x00007f36a90862b8]
Event: 0.974 Thread 0x00007f36ac0b2800   31   !         java.io.BufferedReader::readLine (304 bytes)
Event: 0.985 Thread 0x00007f36ac0b5800   32             sun.nio.cs.UTF_8$Decoder::decodeArrayLoop (543 bytes)
Event: 0.993 Thread 0x00007f36ac0b2800 nmethod 31 0x00007f36a908f950 code [0x00007f36a908fb20, 0x00007f36a9090b30]
Event: 0.997 Thread 0x00007f36ac0b5800 nmethod 32 0x00007f36a9091250 code [0x00007f36a90914c0, 0x00007f36a9092058]
Event: 1.019 Thread 0x00007f36ac0b2800   33             java.lang.String::indexOf (166 bytes)

GC Heap History (0 events):
No events

Deoptimization events (3 events):
Event: 0.082 Thread 0x00007f36ac00a800 Uncommon trap: reason=unstable_if action=reinterpret pc=0x00007f36a9060710 method=java.lang.String.indexOf(II)I @ 49
Event: 0.135 Thread 0x00007f36ac00a800 Uncommon trap: reason=unstable_if action=reinterpret pc=0x00007f36a9064a70 method=java.lang.String.indexOf([CII[CIII)I @ 123
Event: 0.903 Thread 0x00007f36ac00a800 Uncommon trap: reason=unstable_if action=reinterpret pc=0x00007f36a9074628 method=java.lang.String.indexOf([CII[CIII)I @ 3

Internal exceptions (10 events):
Event: 1.011 Thread 0x00007f36ac00a800 Threw 0x00000007ad8c1a60 at /home/jmm/jdk2/openjdk-7-7u85-2.6.1/build/openjdk/hotspot/src/share/vm/prims/jvm.cpp:1322
Event: 1.012 Thread 0x00007f36ac00a800 Threw 0x00000007ad8c63e0 at /home/jmm/jdk2/openjdk-7-7u85-2.6.1/build/openjdk/hotspot/src/share/vm/prims/jvm.cpp:1322
Event: 1.012 Thread 0x00007f36ac00a800 Threw 0x00000007ad8ce158 at /home/jmm/jdk2/openjdk-7-7u85-2.6.1/build/openjdk/hotspot/src/share/vm/prims/jvm.cpp:1322
Event: 1.013 Thread 0x00007f36ac00a800 Threw 0x00000007ad8d2b88 at /home/jmm/jdk2/openjdk-7-7u85-2.6.1/build/openjdk/hotspot/src/share/vm/prims/jvm.cpp:1322
Event: 1.014 Thread 0x00007f36ac00a800 Threw 0x00000007ad8d72f0 at /home/jmm/jdk2/openjdk-7-7u85-2.6.1/build/openjdk/hotspot/src/share/vm/prims/jvm.cpp:1322
Event: 1.015 Thread 0x00007f36ac00a800 Threw 0x00000007ad8dab68 at /home/jmm/jdk2/openjdk-7-7u85-2.6.1/build/openjdk/hotspot/src/share/vm/prims/jvm.cpp:1322
Event: 1.017 Thread 0x00007f36ac00a800 Threw 0x00000007ad8e19f8 at /home/jmm/jdk2/openjdk-7-7u85-2.6.1/build/openjdk/hotspot/src/share/vm/prims/jvm.cpp:1322
Event: 1.019 Thread 0x00007f36ac00a800 Threw 0x00000007ad8e5a38 at /home/jmm/jdk2/openjdk-7-7u85-2.6.1/build/openjdk/hotspot/src/share/vm/prims/jvm.cpp:1322
Event: 1.019 Thread 0x00007f36ac00a800 Threw 0x00000007ad8e91e0 at /home/jmm/jdk2/openjdk-7-7u85-2.6.1/build/openjdk/hotspot/src/share/vm/prims/jvm.cpp:1322
Event: 1.021 Thread 0x00007f36ac00a800 Threw 0x00000007ad8ecac0 at /home/jmm/jdk2/openjdk-7-7u85-2.6.1/build/openjdk/hotspot/src/share/vm/prims/jvm.cpp:1322

Events (10 events):
Event: 1.015 loading class 0x00007f36aca1da20
Event: 1.015 loading class 0x00007f36aca1da20 done
Event: 1.017 loading class 0x00007f36ac972f60
Event: 1.017 loading class 0x00007f36ac972f60 done
Event: 1.019 loading class 0x00007f36ac18ae20
Event: 1.019 loading class 0x00007f36ac18ae20 done
Event: 1.019 loading class 0x00007f36ac18ae50
Event: 1.019 loading class 0x00007f36ac18ae50 done
Event: 1.021 loading class 0x00007f36ac96b600
Event: 1.021 loading class 0x00007f36ac96b600 done


Dynamic libraries:
00400000-00401000 r-xp 00000000 08:01 2101986                            /usr/lib/jvm/java-7-openjdk-amd64/jre/bin/java
00600000-00601000 r--p 00000000 08:01 2101986                            /usr/lib/jvm/java-7-openjdk-amd64/jre/bin/java
00601000-00602000 rw-p 00001000 08:01 2101986                            /usr/lib/jvm/java-7-openjdk-amd64/jre/bin/java
025c9000-025ea000 rw-p 00000000 00:00 0                                  [heap]
41443000-414e2000 rw-p 00000000 00:00 0 
418f8000-418fa000 r-xs 00000000 08:12 33                                 /tmp/.glcSpYxh (deleted)
6fc000000-6fd500000 rw-p 00000000 00:00 0 
6fd500000-706600000 rw-p 00000000 00:00 0 
706600000-710c00000 rw-p 00000000 00:00 0 
710c00000-7acc80000 rw-p 00000000 00:00 0 
7acc80000-7b2000000 rw-p 00000000 00:00 0 
7b2000000-800000000 rw-p 00000000 00:00 0 
7f3634000000-7f3634021000 rw-p 00000000 00:00 0 
7f3634021000-7f3638000000 ---p 00000000 00:00 0 
7f363c000000-7f363c021000 rw-p 00000000 00:00 0 
7f363c021000-7f3640000000 ---p 00000000 00:00 0 
7f3640000000-7f3640021000 rw-p 00000000 00:00 0 
7f3640021000-7f3644000000 ---p 00000000 00:00 0 
7f3644000000-7f3644021000 rw-p 00000000 00:00 0 
7f3644021000-7f3648000000 ---p 00000000 00:00 0 
7f3648000000-7f3648027000 rw-p 00000000 00:00 0 
7f3648027000-7f364c000000 ---p 00000000 00:00 0 
7f364c000000-7f364c1ef000 rw-p 00000000 00:00 0 
7f364c1ef000-7f3650000000 ---p 00000000 00:00 0 
7f3650000000-7f3650021000 rw-p 00000000 00:00 0 
7f3650021000-7f3654000000 ---p 00000000 00:00 0 
7f3654000000-7f3654021000 rw-p 00000000 00:00 0 
7f3654021000-7f3658000000 ---p 00000000 00:00 0 
7f3658000000-7f365818d000 rw-p 00000000 00:00 0 
7f365818d000-7f365c000000 ---p 00000000 00:00 0 
7f365c000000-7f365c021000 rw-p 00000000 00:00 0 
7f365c021000-7f3660000000 ---p 00000000 00:00 0 
7f3660000000-7f3660021000 rw-p 00000000 00:00 0 
7f3660021000-7f3664000000 ---p 00000000 00:00 0 
7f3664000000-7f3664021000 rw-p 00000000 00:00 0 
7f3664021000-7f3668000000 ---p 00000000 00:00 0 
7f366be00000-7f3674000000 rw-p 00000000 00:00 0 
7f3674000000-7f3674021000 rw-p 00000000 00:00 0 
7f3674021000-7f3678000000 ---p 00000000 00:00 0 
7f367c000000-7f367c021000 rw-p 00000000 00:00 0 
7f367c021000-7f3680000000 ---p 00000000 00:00 0 
7f3684000000-7f3684021000 rw-p 00000000 00:00 0 
7f3684021000-7f3688000000 ---p 00000000 00:00 0 
7f3688495000-7f3688695000 rw-s 2678ad000 00:05 17965                     /dev/nvidiactl
7f3688698000-7f36886a9000 r-xp 00000000 08:01 2101924                    /usr/lib/jvm/java-7-openjdk-amd64/jre/lib/amd64/libnio.so
7f36886a9000-7f36888a8000 ---p 00011000 08:01 2101924                    /usr/lib/jvm/java-7-openjdk-amd64/jre/lib/amd64/libnio.so
7f36888a8000-7f36888a9000 r--p 00010000 08:01 2101924                    /usr/lib/jvm/java-7-openjdk-amd64/jre/lib/amd64/libnio.so
7f36888a9000-7f36888aa000 rw-p 00011000 08:01 2101924                    /usr/lib/jvm/java-7-openjdk-amd64/jre/lib/amd64/libnio.so
7f36888aa000-7f368892a000 rw-s 3b25ea000 00:05 17965                     /dev/nvidiactl
7f3688930000-7f3688932000 rw-s 00000000 08:12 33                         /tmp/.glcSpYxh (deleted)
7f3688939000-7f36889b9000 rw-s 35b861000 00:05 17965                     /dev/nvidiactl
7f36889ba000-7f3688a3a000 rw-s 35b8da000 00:05 17965                     /dev/nvidiactl
7f3688a3a000-7f3688b3a000 rw-s 3d038a000 00:05 17965                     /dev/nvidiactl
7f3688b40000-7f3688b60000 rw-s c0260000 00:05 19540                      /dev/nvidia0
7f3688b65000-7f3688ba5000 rw-s 33fb5d000 00:05 17965                     /dev/nvidiactl
7f3688baa000-7f3688bca000 rw-s 3b241a000 00:05 17965                     /dev/nvidiactl
7f3688bd1000-7f3688c11000 rw-s 7da79000 00:05 17965                      /dev/nvidiactl
7f3688c18000-7f368a615000 r-xp 00000000 08:01 1339821                    /usr/lib/x86_64-linux-gnu/libnvidia-glcore.so.352.55
7f368a615000-7f368a635000 rwxp 019fd000 08:01 1339821                    /usr/lib/x86_64-linux-gnu/libnvidia-glcore.so.352.55
7f368a635000-7f368a8fc000 r-xp 01a1d000 08:01 1339821                    /usr/lib/x86_64-linux-gnu/libnvidia-glcore.so.352.55
7f368a8fc000-7f368aafb000 ---p 01ce4000 08:01 1339821                    /usr/lib/x86_64-linux-gnu/libnvidia-glcore.so.352.55
7f368aafb000-7f368b697000 rw-p 01ce3000 08:01 1339821                    /usr/lib/x86_64-linux-gnu/libnvidia-glcore.so.352.55
7f368b697000-7f368b6ab000 rw-p 00000000 00:00 0 
7f368b6b0000-7f368b6b3000 r-xp 00000000 08:01 1339825                    /usr/lib/x86_64-linux-gnu/tls/libnvidia-tls.so.352.55
7f368b6b3000-7f368b8b2000 ---p 00003000 08:01 1339825                    /usr/lib/x86_64-linux-gnu/tls/libnvidia-tls.so.352.55
7f368b8b2000-7f368b8b3000 rw-p 00002000 08:01 1339825                    /usr/lib/x86_64-linux-gnu/tls/libnvidia-tls.so.352.55
7f368b8b8000-7f368b976000 r-xp 00000000 08:01 1339822                    /usr/lib/x86_64-linux-gnu/libGL.so.352.55
7f368b976000-7f368b9a9000 rwxp 000be000 08:01 1339822                    /usr/lib/x86_64-linux-gnu/libGL.so.352.55
7f368b9a9000-7f368b9bb000 r-xp 000f1000 08:01 1339822                    /usr/lib/x86_64-linux-gnu/libGL.so.352.55
7f368b9bb000-7f368bbba000 ---p 00103000 08:01 1339822                    /usr/lib/x86_64-linux-gnu/libGL.so.352.55
7f368bbba000-7f368bbe2000 rw-p 00102000 08:01 1339822                    /usr/lib/x86_64-linux-gnu/libGL.so.352.55
7f368bbe2000-7f368bbe8000 rw-p 00000000 00:00 0 
7f368bbe8000-7f368bbed000 r-xp 00000000 08:01 1317786                    /usr/lib/x86_64-linux-gnu/libXxf86vm.so.1.0.0
7f368bbed000-7f368bdec000 ---p 00005000 08:01 1317786                    /usr/lib/x86_64-linux-gnu/libXxf86vm.so.1.0.0
7f368bdec000-7f368bded000 r--p 00004000 08:01 1317786                    /usr/lib/x86_64-linux-gnu/libXxf86vm.so.1.0.0
7f368bded000-7f368bdee000 rw-p 00005000 08:01 1317786                    /usr/lib/x86_64-linux-gnu/libXxf86vm.so.1.0.0
7f368bdf0000-7f368bdf9000 r-xp 00000000 08:01 1317776                    /usr/lib/x86_64-linux-gnu/libXrandr.so.2.2.0
7f368bdf9000-7f368bff8000 ---p 00009000 08:01 1317776                    /usr/lib/x86_64-linux-gnu/libXrandr.so.2.2.0
7f368bff8000-7f368bff9000 r--p 00008000 08:01 1317776                    /usr/lib/x86_64-linux-gnu/libXrandr.so.2.2.0
7f368bff9000-7f368bffa000 rw-p 00009000 08:01 1317776                    /usr/lib/x86_64-linux-gnu/libXrandr.so.2.2.0
7f368c000000-7f368c021000 rw-p 00000000 00:00 0 
7f368c021000-7f3690000000 ---p 00000000 00:00 0 
7f3690007000-7f369001a000 rw-s 3fe797000 00:05 17965                     /dev/nvidiactl
7f369001e000-7f36900d2000 rw-s 42b5be000 00:05 17965                     /dev/nvidiactl
7f36900d7000-7f36900da000 ---p 00000000 00:00 0 
7f36900da000-7f3690110000 rw-p 00000000 00:00 0                          [stack:13635]
7f3690110000-7f3690180000 r-xp 00000000 08:13 9045172                    /home/mart/IdeaProjects/Multiplayer World 2/libs/liblwjgl64.so
7f3690180000-7f3690380000 ---p 00070000 08:13 9045172                    /home/mart/IdeaProjects/Multiplayer World 2/libs/liblwjgl64.so
7f3690380000-7f3690382000 r--p 00070000 08:13 9045172                    /home/mart/IdeaProjects/Multiplayer World 2/libs/liblwjgl64.so
7f3690382000-7f3690383000 rw-p 00072000 08:13 9045172                    /home/mart/IdeaProjects/Multiplayer World 2/libs/liblwjgl64.so
7f3690388000-7f3690389000 r-xp 00000000 08:01 2101945                    /usr/lib/jvm/java-7-openjdk-amd64/jre/lib/amd64/libjawt.so
7f3690389000-7f3690588000 ---p 00001000 08:01 2101945                    /usr/lib/jvm/java-7-openjdk-amd64/jre/lib/amd64/libjawt.so
7f3690588000-7f3690589000 r--p 00000000 08:01 2101945                    /usr/lib/jvm/java-7-openjdk-amd64/jre/lib/amd64/libjawt.so
7f3690589000-7f369058a000 rw-p 00001000 08:01 2101945                    /usr/lib/jvm/java-7-openjdk-amd64/jre/lib/amd64/libjawt.so
7f369058f000-7f3690592000 ---p 00000000 00:00 0 
7f3690592000-7f3690690000 rw-p 00000000 00:00 0                          [stack:13633]
7f3690690000-7f3690695000 r-xp 00000000 08:01 1318319                    /usr/lib/x86_64-linux-gnu/libXfixes.so.3.1.0
7f3690695000-7f3690894000 ---p 00005000 08:01 1318319                    /usr/lib/x86_64-linux-gnu/libXfixes.so.3.1.0
7f3690894000-7f3690895000 r--p 00004000 08:01 1318319                    /usr/lib/x86_64-linux-gnu/libXfixes.so.3.1.0
7f3690895000-7f3690896000 rw-p 00005000 08:01 1318319                    /usr/lib/x86_64-linux-gnu/libXfixes.so.3.1.0
7f3690898000-7f36908a2000 r-xp 00000000 08:01 1318351                    /usr/lib/x86_64-linux-gnu/libXcursor.so.1.0.2
7f36908a2000-7f3690aa1000 ---p 0000a000 08:01 1318351                    /usr/lib/x86_64-linux-gnu/libXcursor.so.1.0.2
7f3690aa1000-7f3690aa2000 r--p 00009000 08:01 1318351                    /usr/lib/x86_64-linux-gnu/libXcursor.so.1.0.2
7f3690aa2000-7f3690aa3000 rw-p 0000a000 08:01 1318351                    /usr/lib/x86_64-linux-gnu/libXcursor.so.1.0.2
7f3690aa7000-7f3690aaa000 ---p 00000000 00:00 0 
7f3690aaa000-7f3690ba8000 rw-p 00000000 00:00 0                          [stack:13632]
7f3690ba8000-7f3690bef000 r-xp 00000000 08:01 6423007                    /lib/x86_64-linux-gnu/libdbus-1.so.3.8.13
7f3690bef000-7f3690dee000 ---p 00047000 08:01 6423007                    /lib/x86_64-linux-gnu/libdbus-1.so.3.8.13
7f3690dee000-7f3690def000 r--p 00046000 08:01 6423007                    /lib/x86_64-linux-gnu/libdbus-1.so.3.8.13
7f3690def000-7f3690df0000 rw-p 00047000 08:01 6423007                    /lib/x86_64-linux-gnu/libdbus-1.so.3.8.13
7f3690df0000-7f3690e71000 r-xp 00000000 08:01 1315106                    /usr/lib/x86_64-linux-gnu/libgmp.so.10.2.0
7f3690e71000-7f3691071000 ---p 00081000 08:01 1315106                    /usr/lib/x86_64-linux-gnu/libgmp.so.10.2.0
7f3691071000-7f3691072000 r--p 00081000 08:01 1315106                    /usr/lib/x86_64-linux-gnu/libgmp.so.10.2.0
7f3691072000-7f3691073000 rw-p 00082000 08:01 1315106                    /usr/lib/x86_64-linux-gnu/libgmp.so.10.2.0
7f3691078000-7f36910a6000 r-xp 00000000 08:01 1315110                    /usr/lib/x86_64-linux-gnu/libhogweed.so.2.5
7f36910a6000-7f36912a5000 ---p 0002e000 08:01 1315110                    /usr/lib/x86_64-linux-gnu/libhogweed.so.2.5
7f36912a5000-7f36912a6000 r--p 0002d000 08:01 1315110                    /usr/lib/x86_64-linux-gnu/libhogweed.so.2.5
7f36912a6000-7f36912a7000 rw-p 0002e000 08:01 1315110                    /usr/lib/x86_64-linux-gnu/libhogweed.so.2.5
7f36912a8000-7f36912d8000 r-xp 00000000 08:01 1315108                    /usr/lib/x86_64-linux-gnu/libnettle.so.4.7
7f36912d8000-7f36914d8000 ---p 00030000 08:01 1315108                    /usr/lib/x86_64-linux-gnu/libnettle.so.4.7
7f36914d8000-7f36914d9000 r--p 00030000 08:01 1315108                    /usr/lib/x86_64-linux-gnu/libnettle.so.4.7
7f36914d9000-7f36914da000 rw-p 00031000 08:01 1315108                    /usr/lib/x86_64-linux-gnu/libnettle.so.4.7
7f36914e0000-7f36914f1000 r-xp 00000000 08:01 1315458                    /usr/lib/x86_64-linux-gnu/libtasn1.so.6.3.2
7f36914f1000-7f36916f1000 ---p 00011000 08:01 1315458                    /usr/lib/x86_64-linux-gnu/libtasn1.so.6.3.2
7f36916f1000-7f36916f3000 r--p 00011000 08:01 1315458                    /usr/lib/x86_64-linux-gnu/libtasn1.so.6.3.2
7f36916f3000-7f36916f4000 rw-p 00013000 08:01 1315458                    /usr/lib/x86_64-linux-gnu/libtasn1.so.6.3.2
7f36916f8000-7f3691734000 r-xp 00000000 08:01 1315113                    /usr/lib/x86_64-linux-gnu/libp11-kit.so.0.0.0
7f3691734000-7f3691933000 ---p 0003c000 08:01 1315113                    /usr/lib/x86_64-linux-gnu/libp11-kit.so.0.0.0
7f3691933000-7f369193c000 r--p 0003b000 08:01 1315113                    /usr/lib/x86_64-linux-gnu/libp11-kit.so.0.0.0
7f369193c000-7f369193e000 rw-p 00044000 08:01 1315113                    /usr/lib/x86_64-linux-gnu/libp11-kit.so.0.0.0
7f3691940000-7f3691943000 r-xp 00000000 08:01 6422538                    /lib/x86_64-linux-gnu/libkeyutils.so.1.5
7f3691943000-7f3691b42000 ---p 00003000 08:01 6422538                    /lib/x86_64-linux-gnu/libkeyutils.so.1.5
7f3691b42000-7f3691b43000 r--p 00002000 08:01 6422538                    /lib/x86_64-linux-gnu/libkeyutils.so.1.5
7f3691b43000-7f3691b44000 rw-p 00003000 08:01 6422538                    /lib/x86_64-linux-gnu/libkeyutils.so.1.5
7f3691b48000-7f3691b53000 r-xp 00000000 08:01 1317160                    /usr/lib/x86_64-linux-gnu/libkrb5support.so.0.1
7f3691b53000-7f3691d52000 ---p 0000b000 08:01 1317160                    /usr/lib/x86_64-linux-gnu/libkrb5support.so.0.1
7f3691d52000-7f3691d53000 r--p 0000a000 08:01 1317160                    /usr/lib/x86_64-linux-gnu/libkrb5support.so.0.1
7f3691d53000-7f3691d54000 rw-p 0000b000 08:01 1317160                    /usr/lib/x86_64-linux-gnu/libkrb5support.so.0.1
7f3691d58000-7f3691d5b000 r-xp 00000000 08:01 6422616                    /lib/x86_64-linux-gnu/libcom_err.so.2.1
7f3691d5b000-7f3691f5a000 ---p 00003000 08:01 6422616                    /lib/x86_64-linux-gnu/libcom_err.so.2.1
7f3691f5a000-7f3691f5b000 r--p 00002000 08:01 6422616                    /lib/x86_64-linux-gnu/libcom_err.so.2.1
7f3691f5b000-7f3691f5c000 rw-p 00003000 08:01 6422616                    /lib/x86_64-linux-gnu/libcom_err.so.2.1
7f3691f60000-7f3691f8e000 r-xp 00000000 08:01 1317162                    /usr/lib/x86_64-linux-gnu/libk5crypto.so.3.1
7f3691f8e000-7f369218d000 ---p 0002e000 08:01 1317162                    /usr/lib/x86_64-linux-gnu/libk5crypto.so.3.1
7f369218d000-7f369218f000 r--p 0002d000 08:01 1317162                    /usr/lib/x86_64-linux-gnu/libk5crypto.so.3.1
7f369218f000-7f3692190000 rw-p 0002f000 08:01 1317162                    /usr/lib/x86_64-linux-gnu/libk5crypto.so.3.1
7f3692190000-7f3692191000 rw-p 00000000 00:00 0 
7f3692198000-7f369225c000 r-xp 00000000 08:01 1317164                    /usr/lib/x86_64-linux-gnu/libkrb5.so.3.3
7f369225c000-7f369245c000 ---p 000c4000 08:01 1317164                    /usr/lib/x86_64-linux-gnu/libkrb5.so.3.3
7f369245c000-7f3692469000 r--p 000c4000 08:01 1317164                    /usr/lib/x86_64-linux-gnu/libkrb5.so.3.3
7f3692469000-7f369246c000 rw-p 000d1000 08:01 1317164                    /usr/lib/x86_64-linux-gnu/libkrb5.so.3.3
7f3692470000-7f3692475000 r-xp 00000000 08:01 1317761                    /usr/lib/x86_64-linux-gnu/libXdmcp.so.6.0.0
7f3692475000-7f3692674000 ---p 00005000 08:01 1317761                    /usr/lib/x86_64-linux-gnu/libXdmcp.so.6.0.0
7f3692674000-7f3692675000 rw-p 00004000 08:01 1317761                    /usr/lib/x86_64-linux-gnu/libXdmcp.so.6.0.0
7f3692678000-7f369267b000 r-xp 00000000 08:01 1317759                    /usr/lib/x86_64-linux-gnu/libXau.so.6.0.0
7f369267b000-7f369287a000 ---p 00003000 08:01 1317759                    /usr/lib/x86_64-linux-gnu/libXau.so.6.0.0
7f369287a000-7f369287b000 r--p 00002000 08:01 1317759                    /usr/lib/x86_64-linux-gnu/libXau.so.6.0.0
7f369287b000-7f369287c000 rw-p 00003000 08:01 1317759                    /usr/lib/x86_64-linux-gnu/libXau.so.6.0.0
7f3692880000-7f36928a6000 r-xp 00000000 08:01 6423568                    /lib/x86_64-linux-gnu/libpng12.so.0.50.0
7f36928a6000-7f3692aa5000 ---p 00026000 08:01 6423568                    /lib/x86_64-linux-gnu/libpng12.so.0.50.0
7f3692aa5000-7f3692aa6000 r--p 00025000 08:01 6423568                    /lib/x86_64-linux-gnu/libpng12.so.0.50.0
7f3692aa6000-7f3692aa7000 rw-p 00026000 08:01 6423568                    /lib/x86_64-linux-gnu/libpng12.so.0.50.0
7f3692aa8000-7f3692ace000 r-xp 00000000 08:01 6422533                    /lib/x86_64-linux-gnu/libexpat.so.1.6.0
7f3692ace000-7f3692ccd000 ---p 00026000 08:01 6422533                    /lib/x86_64-linux-gnu/libexpat.so.1.6.0
7f3692ccd000-7f3692cd0000 r--p 00025000 08:01 6422533                    /lib/x86_64-linux-gnu/libexpat.so.1.6.0
7f3692cd0000-7f3692cd1000 rw-p 00028000 08:01 6422533                    /lib/x86_64-linux-gnu/libexpat.so.1.6.0
7f3692cd8000-7f3692ce8000 r-xp 00000000 08:01 1317911                    /usr/lib/x86_64-linux-gnu/libavahi-client.so.3.2.9
7f3692ce8000-7f3692ee7000 ---p 00010000 08:01 1317911                    /usr/lib/x86_64-linux-gnu/libavahi-client.so.3.2.9
7f3692ee7000-7f3692ee8000 r--p 0000f000 08:01 1317911                    /usr/lib/x86_64-linux-gnu/libavahi-client.so.3.2.9
7f3692ee8000-7f3692ee9000 rw-p 00010000 08:01 1317911                    /usr/lib/x86_64-linux-gnu/libavahi-client.so.3.2.9
7f3692ef0000-7f3692efc000 r-xp 00000000 08:01 1317908                    /usr/lib/x86_64-linux-gnu/libavahi-common.so.3.5.3
7f3692efc000-7f36930fb000 ---p 0000c000 08:01 1317908                    /usr/lib/x86_64-linux-gnu/libavahi-common.so.3.5.3
7f36930fb000-7f36930fc000 r--p 0000b000 08:01 1317908                    /usr/lib/x86_64-linux-gnu/libavahi-common.so.3.5.3
7f36930fc000-7f36930fd000 rw-p 0000c000 08:01 1317908                    /usr/lib/x86_64-linux-gnu/libavahi-common.so.3.5.3
7f3693100000-7f3693213000 r-xp 00000000 08:01 1314044                    /usr/lib/x86_64-linux-gnu/libgnutls-deb0.so.28.41.0
7f3693213000-7f3693413000 ---p 00113000 08:01 1314044                    /usr/lib/x86_64-linux-gnu/libgnutls-deb0.so.28.41.0
7f3693413000-7f369341c000 r--p 00113000 08:01 1314044                    /usr/lib/x86_64-linux-gnu/libgnutls-deb0.so.28.41.0
7f369341c000-7f369341e000 rw-p 0011c000 08:01 1314044                    /usr/lib/x86_64-linux-gnu/libgnutls-deb0.so.28.41.0
7f369341e000-7f369341f000 rw-p 00000000 00:00 0 
7f3693420000-7f3693466000 r-xp 00000000 08:01 1317167                    /usr/lib/x86_64-linux-gnu/libgssapi_krb5.so.2.2
7f3693466000-7f3693666000 ---p 00046000 08:01 1317167                    /usr/lib/x86_64-linux-gnu/libgssapi_krb5.so.2.2
7f3693666000-7f3693668000 r--p 00046000 08:01 1317167                    /usr/lib/x86_64-linux-gnu/libgssapi_krb5.so.2.2
7f3693668000-7f369366a000 rw-p 00048000 08:01 1317167                    /usr/lib/x86_64-linux-gnu/libgssapi_krb5.so.2.2
7f3693670000-7f3693691000 r-xp 00000000 08:01 1317763                    /usr/lib/x86_64-linux-gnu/libxcb.so.1.1.0
7f3693691000-7f3693890000 ---p 00021000 08:01 1317763                    /usr/lib/x86_64-linux-gnu/libxcb.so.1.1.0
7f3693890000-7f3693891000 r--p 00020000 08:01 1317763                    /usr/lib/x86_64-linux-gnu/libxcb.so.1.1.0
7f3693891000-7f3693892000 rw-p 00021000 08:01 1317763                    /usr/lib/x86_64-linux-gnu/libxcb.so.1.1.0
7f3693898000-7f369393c000 r-xp 00000000 08:01 1318123                    /usr/lib/x86_64-linux-gnu/libfreetype.so.6.11.1
7f369393c000-7f3693b3b000 ---p 000a4000 08:01 1318123                    /usr/lib/x86_64-linux-gnu/libfreetype.so.6.11.1
7f3693b3b000-7f3693b41000 r--p 000a3000 08:01 1318123                    /usr/lib/x86_64-linux-gnu/libfreetype.so.6.11.1
7f3693b41000-7f3693b42000 rw-p 000a9000 08:01 1318123                    /usr/lib/x86_64-linux-gnu/libfreetype.so.6.11.1
7f3693b48000-7f3693b83000 r-xp 00000000 08:01 1318125                    /usr/lib/x86_64-linux-gnu/libfontconfig.so.1.8.0
7f3693b83000-7f3693d82000 ---p 0003b000 08:01 1318125                    /usr/lib/x86_64-linux-gnu/libfontconfig.so.1.8.0
7f3693d82000-7f3693d84000 r--p 0003a000 08:01 1318125                    /usr/lib/x86_64-linux-gnu/libfontconfig.so.1.8.0
7f3693d84000-7f3693d85000 rw-p 0003c000 08:01 1318125                    /usr/lib/x86_64-linux-gnu/libfontconfig.so.1.8.0
7f3693d88000-7f3693df8000 r-xp 00000000 08:01 1317913                    /usr/lib/x86_64-linux-gnu/libcups.so.2
7f3693df8000-7f3693ff7000 ---p 00070000 08:01 1317913                    /usr/lib/x86_64-linux-gnu/libcups.so.2
7f3693ff7000-7f3693fff000 r--p 0006f000 08:01 1317913                    /usr/lib/x86_64-linux-gnu/libcups.so.2
7f3693fff000-7f3694000000 rw-p 00077000 08:01 1317913                    /usr/lib/x86_64-linux-gnu/libcups.so.2
7f3694000000-7f3694021000 rw-p 00000000 00:00 0 
7f3694021000-7f3698000000 ---p 00000000 00:00 0 
7f3698006000-7f3698007000 rw-s 3fe796000 00:05 17965                     /dev/nvidiactl
7f369800a000-7f369800e000 rw-s 2679da000 00:05 17965                     /dev/nvidiactl
7f3698014000-7f3698015000 rw-s cfd64000 00:05 19540                      /dev/nvidia0
7f3698018000-7f3698027000 r-xp 00000000 08:01 1318353                    /usr/lib/x86_64-linux-gnu/libXi.so.6.1.0
7f3698027000-7f3698226000 ---p 0000f000 08:01 1318353                    /usr/lib/x86_64-linux-gnu/libXi.so.6.1.0
7f3698226000-7f3698227000 r--p 0000e000 08:01 1318353                    /usr/lib/x86_64-linux-gnu/libXi.so.6.1.0
7f3698227000-7f3698228000 rw-p 0000f000 08:01 1318353                    /usr/lib/x86_64-linux-gnu/libXi.so.6.1.0
7f3698228000-7f369822d000 r-xp 00000000 08:01 1318983                    /usr/lib/x86_64-linux-gnu/libXtst.so.6.1.0
7f369822d000-7f369842c000 ---p 00005000 08:01 1318983                    /usr/lib/x86_64-linux-gnu/libXtst.so.6.1.0
7f369842c000-7f369842d000 r--p 00004000 08:01 1318983                    /usr/lib/x86_64-linux-gnu/libXtst.so.6.1.0
7f369842d000-7f369842e000 rw-p 00005000 08:01 1318983                    /usr/lib/x86_64-linux-gnu/libXtst.so.6.1.0
7f3698430000-7f3698439000 r-xp 00000000 08:01 1317774                    /usr/lib/x86_64-linux-gnu/libXrender.so.1.3.0
7f3698439000-7f3698638000 ---p 00009000 08:01 1317774                    /usr/lib/x86_64-linux-gnu/libXrender.so.1.3.0
7f3698638000-7f3698639000 r--p 00008000 08:01 1317774                    /usr/lib/x86_64-linux-gnu/libXrender.so.1.3.0
7f3698639000-7f369863a000 rw-p 00009000 08:01 1317774                    /usr/lib/x86_64-linux-gnu/libXrender.so.1.3.0
7f3698640000-7f369877c000 r-xp 00000000 08:01 1317767                    /usr/lib/x86_64-linux-gnu/libX11.so.6.3.0
7f369877c000-7f369897b000 ---p 0013c000 08:01 1317767                    /usr/lib/x86_64-linux-gnu/libX11.so.6.3.0
7f369897b000-7f369897d000 r--p 0013b000 08:01 1317767                    /usr/lib/x86_64-linux-gnu/libX11.so.6.3.0
7f369897d000-7f3698982000 rw-p 0013d000 08:01 1317767                    /usr/lib/x86_64-linux-gnu/libX11.so.6.3.0
7f3698982000-7f3698983000 rw-p 00000000 00:00 0 
7f3698988000-7f3698999000 r-xp 00000000 08:01 1317770                    /usr/lib/x86_64-linux-gnu/libXext.so.6.4.0
7f3698999000-7f3698b98000 ---p 00011000 08:01 1317770                    /usr/lib/x86_64-linux-gnu/libXext.so.6.4.0
7f3698b98000-7f3698b99000 r--p 00010000 08:01 1317770                    /usr/lib/x86_64-linux-gnu/libXext.so.6.4.0
7f3698b99000-7f3698b9a000 rw-p 00011000 08:01 1317770                    /usr/lib/x86_64-linux-gnu/libXext.so.6.4.0
7f3698b9c000-7f3698b9d000 rw-s cfd64000 00:05 19540                      /dev/nvidia0
7f3698ba2000-7f3698bc2000 rw-s 7025a000 00:05 17965                      /dev/nvidiactl
7f3698bc2000-7f3698bc3000 rw-s fd642000 00:05 19540                      /dev/nvidia0
7f3698bc8000-7f3698c11000 r-xp 00000000 08:01 2235730                    /usr/lib/jvm/java-7-openjdk-amd64/jre/lib/amd64/xawt/libmawt.so
7f3698c11000-7f3698e10000 ---p 00049000 08:01 2235730                    /usr/lib/jvm/java-7-openjdk-amd64/jre/lib/amd64/xawt/libmawt.so
7f3698e10000-7f3698e11000 r--p 00048000 08:01 2235730                    /usr/lib/jvm/java-7-openjdk-amd64/jre/lib/amd64/xawt/libmawt.so
7f3698e11000-7f3698e14000 rw-p 00049000 08:01 2235730                    /usr/lib/jvm/java-7-openjdk-amd64/jre/lib/amd64/xawt/libmawt.so
7f3698e14000-7f3698e15000 rw-p 00000000 00:00 0 
7f3698e18000-7f3698eb9000 r-xp 00000000 08:01 2101931                    /usr/lib/jvm/java-7-openjdk-amd64/jre/lib/amd64/libawt.so
7f3698eb9000-7f36990b8000 ---p 000a1000 08:01 2101931                    /usr/lib/jvm/java-7-openjdk-amd64/jre/lib/amd64/libawt.so
7f36990b8000-7f36990b9000 r--p 000a0000 08:01 2101931                    /usr/lib/jvm/java-7-openjdk-amd64/jre/lib/amd64/libawt.so
7f36990b9000-7f36990c4000 rw-p 000a1000 08:01 2101931                    /usr/lib/jvm/java-7-openjdk-amd64/jre/lib/amd64/libawt.so
7f36990c4000-7f36990e9000 rw-p 00000000 00:00 0 
7f36990ef000-7f36993f0000 rw-p 00000000 00:00 0 
7f36993f0000-7f369945c000 r-xp 00000000 08:01 6423678                    /lib/x86_64-linux-gnu/libpcre.so.3.13.1
7f369945c000-7f369965c000 ---p 0006c000 08:01 6423678                    /lib/x86_64-linux-gnu/libpcre.so.3.13.1
7f369965c000-7f369965d000 r--p 0006c000 08:01 6423678                    /lib/x86_64-linux-gnu/libpcre.so.3.13.1
7f369965d000-7f369965e000 rw-p 0006d000 08:01 6423678                    /lib/x86_64-linux-gnu/libpcre.so.3.13.1
7f3699660000-7f3699667000 r-xp 00000000 08:01 1315076                    /usr/lib/x86_64-linux-gnu/libffi.so.6.0.2
7f3699667000-7f3699866000 ---p 00007000 08:01 1315076                    /usr/lib/x86_64-linux-gnu/libffi.so.6.0.2
7f3699866000-7f3699867000 r--p 00006000 08:01 1315076                    /usr/lib/x86_64-linux-gnu/libffi.so.6.0.2
7f3699867000-7f3699868000 rw-p 00007000 08:01 1315076                    /usr/lib/x86_64-linux-gnu/libffi.so.6.0.2
7f3699868000-7f369987c000 r-xp 00000000 08:01 6425568                    /lib/x86_64-linux-gnu/libresolv-2.19.so
7f369987c000-7f3699a7b000 ---p 00014000 08:01 6425568                    /lib/x86_64-linux-gnu/libresolv-2.19.so
7f3699a7b000-7f3699a7c000 r--p 00013000 08:01 6425568                    /lib/x86_64-linux-gnu/libresolv-2.19.so
7f3699a7c000-7f3699a7d000 rw-p 00014000 08:01 6425568                    /lib/x86_64-linux-gnu/libresolv-2.19.so
7f3699a7d000-7f3699a7f000 rw-p 00000000 00:00 0 
7f3699a80000-7f3699aa1000 r-xp 00000000 08:01 6422627                    /lib/x86_64-linux-gnu/libselinux.so.1
7f3699aa1000-7f3699ca1000 ---p 00021000 08:01 6422627                    /lib/x86_64-linux-gnu/libselinux.so.1
7f3699ca1000-7f3699ca2000 r--p 00021000 08:01 6422627                    /lib/x86_64-linux-gnu/libselinux.so.1
7f3699ca2000-7f3699ca3000 rw-p 00022000 08:01 6422627                    /lib/x86_64-linux-gnu/libselinux.so.1
7f3699ca3000-7f3699ca5000 rw-p 00000000 00:00 0 
7f3699ca8000-7f3699cab000 r-xp 00000000 08:01 1318028                    /usr/lib/x86_64-linux-gnu/libgmodule-2.0.so.0.4200.1
7f3699cab000-7f3699eaa000 ---p 00003000 08:01 1318028                    /usr/lib/x86_64-linux-gnu/libgmodule-2.0.so.0.4200.1
7f3699eaa000-7f3699eab000 r--p 00002000 08:01 1318028                    /usr/lib/x86_64-linux-gnu/libgmodule-2.0.so.0.4200.1
7f3699eab000-7f3699eac000 rw-p 00003000 08:01 1318028                    /usr/lib/x86_64-linux-gnu/libgmodule-2.0.so.0.4200.1
7f3699eb0000-7f3699fbc000 r-xp 00000000 08:01 6423013                    /lib/x86_64-linux-gnu/libglib-2.0.so.0.4200.1
7f3699fbc000-7f369a1bc000 ---p 0010c000 08:01 6423013                    /lib/x86_64-linux-gnu/libglib-2.0.so.0.4200.1
7f369a1bc000-7f369a1bd000 r--p 0010c000 08:01 6423013                    /lib/x86_64-linux-gnu/libglib-2.0.so.0.4200.1
7f369a1bd000-7f369a1be000 rw-p 0010d000 08:01 6423013                    /lib/x86_64-linux-gnu/libglib-2.0.so.0.4200.1
7f369a1be000-7f369a1bf000 rw-p 00000000 00:00 0 
7f369a1c0000-7f369a211000 r-xp 00000000 08:01 1318029                    /usr/lib/x86_64-linux-gnu/libgobject-2.0.so.0.4200.1
7f369a211000-7f369a410000 ---p 00051000 08:01 1318029                    /usr/lib/x86_64-linux-gnu/libgobject-2.0.so.0.4200.1
7f369a410000-7f369a411000 r--p 00050000 08:01 1318029                    /usr/lib/x86_64-linux-gnu/libgobject-2.0.so.0.4200.1
7f369a411000-7f369a412000 rw-p 00051000 08:01 1318029                    /usr/lib/x86_64-linux-gnu/libgobject-2.0.so.0.4200.1
7f369a418000-7f369a589000 r-xp 00000000 08:01 1318031                    /usr/lib/x86_64-linux-gnu/libgio-2.0.so.0.4200.1
7f369a589000-7f369a789000 ---p 00171000 08:01 1318031                    /usr/lib/x86_64-linux-gnu/libgio-2.0.so.0.4200.1
7f369a789000-7f369a78d000 r--p 00171000 08:01 1318031                    /usr/lib/x86_64-linux-gnu/libgio-2.0.so.0.4200.1
7f369a78d000-7f369a78f000 rw-p 00175000 08:01 1318031                    /usr/lib/x86_64-linux-gnu/libgio-2.0.so.0.4200.1
7f369a78f000-7f369a791000 rw-p 00000000 00:00 0 
7f369a793000-7f369a794000 rw-s 418c63000 00:05 17965                     /dev/nvidiactl
7f369a799000-7f369a79a000 rw-s fd641000 00:05 19540                      /dev/nvidia0
7f369a7a0000-7f369a7a1000 rw-s 41ad40000 00:05 17965                     /dev/nvidiactl
7f369a7a2000-7f369a7a3000 rw-s a0c72000 00:05 17965                      /dev/nvidiactl
7f369a7a8000-7f369a7a9000 rw-s fd060000 00:05 19540                      /dev/nvidia0
7f369a7b0000-7f369a7b1000 r--p 00000000 08:01 1314157                    /usr/share/locale/en_GB/LC_MESSAGES/libc.mo
7f369a7b3000-7f369a7be000 r--s 00203000 08:01 2101903                    /usr/lib/jvm/java-7-openjdk-amd64/jre/lib/charsets.jar
7f369a7c0000-7f369a7d8000 r-xp 00000000 08:01 2101942                    /usr/lib/jvm/java-7-openjdk-amd64/jre/lib/amd64/libnet.so
7f369a7d8000-7f369a9d7000 ---p 00018000 08:01 2101942                    /usr/lib/jvm/java-7-openjdk-amd64/jre/lib/amd64/libnet.so
7f369a9d7000-7f369a9d8000 r--p 00017000 08:01 2101942                    /usr/lib/jvm/java-7-openjdk-amd64/jre/lib/amd64/libnet.so
7f369a9d8000-7f369a9d9000 rw-p 00018000 08:01 2101942                    /usr/lib/jvm/java-7-openjdk-amd64/jre/lib/amd64/libnet.so
7f369a9df000-7f369a9e2000 ---p 00000000 00:00 0 
7f369a9e2000-7f369aae0000 rw-p 00000000 00:00 0                          [stack:13631]
7f369aae0000-7f369aae1000 r-xp 00000000 08:01 1573728                    /opt/intellij-idea/bin/libbreakgen64.so
7f369aae1000-7f369ace0000 ---p 00001000 08:01 1573728                    /opt/intellij-idea/bin/libbreakgen64.so
7f369ace0000-7f369ace1000 r--p 00000000 08:01 1573728                    /opt/intellij-idea/bin/libbreakgen64.so
7f369ace1000-7f369ace2000 rw-p 00001000 08:01 1573728                    /opt/intellij-idea/bin/libbreakgen64.so
7f369ace9000-7f369aceb000 r--s 00019000 08:01 1578241                    /opt/intellij-idea/lib/idea_rt.jar
7f369acf2000-7f369acf3000 r--s 00002000 08:13 4850952                    /home/mart/IdeaProjects/Multiplayer World 2/libs/PNGDecoder.jar
7f369acf7000-7f369acfa000 r--s 00017000 08:13 9045358                    /home/mart/IdeaProjects/Multiplayer World 2/libs/slick-util.jar
7f369acff000-7f369ad03000 r--s 00027000 08:13 9045357                    /home/mart/IdeaProjects/Multiplayer World 2/libs/lwjgl_util.jar
7f369ad03000-7f369ad12000 r--s 000f3000 08:13 9045342                    /home/mart/IdeaProjects/Multiplayer World 2/libs/lwjgl.jar
7f369ad17000-7f369ad25000 r--s 0010f000 08:01 2101969                    /usr/lib/jvm/java-7-openjdk-amd64/jre/lib/rhino.jar
7f369ad26000-7f369ad30000 r--s 000ae000 08:01 2101899                    /usr/lib/jvm/java-7-openjdk-amd64/jre/lib/resources.jar
7f369ad30000-7f369ad31000 r--s 00000000 08:01 2101978                    /usr/lib/jvm/java-7-openjdk-amd64/jre/lib/management-agent.jar
7f369ad36000-7f369ad3b000 r--s 0004e000 08:01 2101968                    /usr/lib/jvm/java-7-openjdk-amd64/jre/lib/jsse.jar
7f369ad40000-7f369ad42000 r--s 00018000 08:01 2101971                    /usr/lib/jvm/java-7-openjdk-amd64/jre/lib/jce.jar
7f369ad43000-7f369ad44000 ---p 00000000 00:00 0 
7f369ad44000-7f369ae44000 rw-p 00000000 00:00 0                          [stack:13629]
7f369ae44000-7f369ae47000 ---p 00000000 00:00 0 
7f369ae47000-7f369af45000 rw-p 00000000 00:00 0                          [stack:13627]
7f369af45000-7f369af48000 ---p 00000000 00:00 0 
7f369af48000-7f369b046000 rw-p 00000000 00:00 0                          [stack:13626]
7f369b046000-7f369b049000 ---p 00000000 00:00 0 
7f369b049000-7f369b147000 rw-p 00000000 00:00 0                          [stack:13625]
7f369b147000-7f369b14a000 ---p 00000000 00:00 0 
7f369b14a000-7f369b248000 rw-p 00000000 00:00 0                          [stack:13619]
7f369b248000-7f369b3d1000 r--p 00000000 08:01 1314223                    /usr/lib/locale/locale-archive
7f369b3d3000-7f369b3d6000 ---p 00000000 00:00 0 
7f369b3d6000-7f369b4d4000 rw-p 00000000 00:00 0                          [stack:13615]
7f369b4d4000-7f369b4d7000 ---p 00000000 00:00 0 
7f369b4d7000-7f369b5d5000 rw-p 00000000 00:00 0                          [stack:13614]
7f369b5d5000-7f369b5d6000 ---p 00000000 00:00 0 
7f369b5d6000-7f369c000000 rw-p 00000000 00:00 0                          [stack:13613]
7f369c000000-7f369c021000 rw-p 00000000 00:00 0 
7f369c021000-7f36a0000000 ---p 00000000 00:00 0 
7f36a0000000-7f36a0021000 rw-p 00000000 00:00 0 
7f36a0021000-7f36a4000000 ---p 00000000 00:00 0 
7f36a4000000-7f36a4021000 rw-p 00000000 00:00 0 
7f36a4021000-7f36a8000000 ---p 00000000 00:00 0 
7f36a8002000-7f36a8003000 r--s 0000a000 08:01 2101901                    /usr/lib/jvm/java-7-openjdk-amd64/jre/lib/javazic.jar
7f36a8008000-7f36a8009000 r--s 00000000 08:01 2101972                    /usr/lib/jvm/java-7-openjdk-amd64/jre/lib/compilefontconfig.jar
7f36a800a000-7f36a9000000 rw-p 00000000 00:00 0 
7f36a9000000-7f36a9270000 rwxp 00000000 00:00 0 
7f36a9270000-7f36aca8b000 rw-p 00000000 00:00 0 
7f36aca8b000-7f36b0000000 ---p 00000000 00:00 0 
7f36b0003000-7f36b000e000 r--s 00203000 08:01 2101903                    /usr/lib/jvm/java-7-openjdk-amd64/jre/lib/charsets.jar
7f36b0015000-7f36b0382000 rw-p 00000000 00:00 0 
7f36b0382000-7f36b0534000 r--s 01d32000 08:01 2101898                    /usr/lib/jvm/java-7-openjdk-amd64/jre/lib/rt.jar
7f36b0535000-7f36b0ea0000 rw-p 00000000 00:00 0 
7f36b0ea0000-7f36b0ea1000 ---p 00000000 00:00 0 
7f36b0ea1000-7f36b0fa1000 rw-p 00000000 00:00 0                          [stack:13603]
7f36b0fa1000-7f36b0fa2000 ---p 00000000 00:00 0 
7f36b0fa2000-7f36b10a2000 rw-p 00000000 00:00 0                          [stack:13602]
7f36b10a2000-7f36b10a3000 ---p 00000000 00:00 0 
7f36b10a3000-7f36b11a3000 rw-p 00000000 00:00 0                          [stack:13601]
7f36b11a3000-7f36b11a4000 ---p 00000000 00:00 0 
7f36b11a4000-7f36b12a4000 rw-p 00000000 00:00 0                          [stack:13600]
7f36b12a4000-7f36b12a5000 ---p 00000000 00:00 0 
7f36b12a5000-7f36b13a5000 rw-p 00000000 00:00 0                          [stack:13599]
7f36b13a5000-7f36b13a6000 ---p 00000000 00:00 0 
7f36b13a6000-7f36b14a6000 rw-p 00000000 00:00 0                          [stack:13598]
7f36b14a6000-7f36b14a7000 ---p 00000000 00:00 0 
7f36b14a7000-7f36b15a7000 rw-p 00000000 00:00 0                          [stack:13597]
7f36b15a7000-7f36b15a8000 ---p 00000000 00:00 0 
7f36b15a8000-7f36b16b3000 rw-p 00000000 00:00 0                          [stack:13596]
7f36b16b3000-7f36b16fb000 rw-p 00000000 00:00 0 
7f36b16fb000-7f36b174e000 rw-p 00000000 00:00 0 
7f36b174e000-7f36b1c2f000 rw-p 00000000 00:00 0 
7f36b1c2f000-7f36b1c3a000 rw-p 00000000 00:00 0 
7f36b1c3a000-7f36b1c82000 rw-p 00000000 00:00 0 
7f36b1c82000-7f36b1cd5000 rw-p 00000000 00:00 0 
7f36b1cd5000-7f36b21b5000 rw-p 00000000 00:00 0 
7f36b21b5000-7f36b21df000 rw-p 00000000 00:00 0 
7f36b21df000-7f36b244f000 rw-p 00000000 00:00 0 
7f36b244f000-7f36b2450000 rw-p 00000000 00:00 0 
7f36b2450000-7f36b2458000 r-xp 00000000 08:01 2101919                    /usr/lib/jvm/java-7-openjdk-amd64/jre/lib/amd64/libzip.so
7f36b2458000-7f36b2657000 ---p 00008000 08:01 2101919                    /usr/lib/jvm/java-7-openjdk-amd64/jre/lib/amd64/libzip.so
7f36b2657000-7f36b2658000 r--p 00007000 08:01 2101919                    /usr/lib/jvm/java-7-openjdk-amd64/jre/lib/amd64/libzip.so
7f36b2658000-7f36b2659000 rw-p 00008000 08:01 2101919                    /usr/lib/jvm/java-7-openjdk-amd64/jre/lib/amd64/libzip.so
7f36b2660000-7f36b266b000 r-xp 00000000 08:01 6425563                    /lib/x86_64-linux-gnu/libnss_files-2.19.so
7f36b266b000-7f36b286a000 ---p 0000b000 08:01 6425563                    /lib/x86_64-linux-gnu/libnss_files-2.19.so
7f36b286a000-7f36b286b000 r--p 0000a000 08:01 6425563                    /lib/x86_64-linux-gnu/libnss_files-2.19.so
7f36b286b000-7f36b286c000 rw-p 0000b000 08:01 6425563                    /lib/x86_64-linux-gnu/libnss_files-2.19.so
7f36b2870000-7f36b287a000 r-xp 00000000 08:01 6425565                    /lib/x86_64-linux-gnu/libnss_nis-2.19.so
7f36b287a000-7f36b2a79000 ---p 0000a000 08:01 6425565                    /lib/x86_64-linux-gnu/libnss_nis-2.19.so
7f36b2a79000-7f36b2a7a000 r--p 00009000 08:01 6425565                    /lib/x86_64-linux-gnu/libnss_nis-2.19.so
7f36b2a7a000-7f36b2a7b000 rw-p 0000a000 08:01 6425565                    /lib/x86_64-linux-gnu/libnss_nis-2.19.so
7f36b2a80000-7f36b2a95000 r-xp 00000000 08:01 6425560                    /lib/x86_64-linux-gnu/libnsl-2.19.so
7f36b2a95000-7f36b2c94000 ---p 00015000 08:01 6425560                    /lib/x86_64-linux-gnu/libnsl-2.19.so
7f36b2c94000-7f36b2c95000 r--p 00014000 08:01 6425560                    /lib/x86_64-linux-gnu/libnsl-2.19.so
7f36b2c95000-7f36b2c96000 rw-p 00015000 08:01 6425560                    /lib/x86_64-linux-gnu/libnsl-2.19.so
7f36b2c96000-7f36b2c98000 rw-p 00000000 00:00 0 
7f36b2c98000-7f36b2c9f000 r-xp 00000000 08:01 6425561                    /lib/x86_64-linux-gnu/libnss_compat-2.19.so
7f36b2c9f000-7f36b2e9e000 ---p 00007000 08:01 6425561                    /lib/x86_64-linux-gnu/libnss_compat-2.19.so
7f36b2e9e000-7f36b2e9f000 r--p 00006000 08:01 6425561                    /lib/x86_64-linux-gnu/libnss_compat-2.19.so
7f36b2e9f000-7f36b2ea0000 rw-p 00007000 08:01 6425561                    /lib/x86_64-linux-gnu/libnss_compat-2.19.so
7f36b2ea0000-7f36b2ecd000 r-xp 00000000 08:01 2101951                    /usr/lib/jvm/java-7-openjdk-amd64/jre/lib/amd64/libjava.so
7f36b2ecd000-7f36b30cc000 ---p 0002d000 08:01 2101951                    /usr/lib/jvm/java-7-openjdk-amd64/jre/lib/amd64/libjava.so
7f36b30cc000-7f36b30cd000 r--p 0002c000 08:01 2101951                    /usr/lib/jvm/java-7-openjdk-amd64/jre/lib/amd64/libjava.so
7f36b30cd000-7f36b30cf000 rw-p 0002d000 08:01 2101951                    /usr/lib/jvm/java-7-openjdk-amd64/jre/lib/amd64/libjava.so
7f36b30d0000-7f36b30df000 r-xp 00000000 08:01 2101914                    /usr/lib/jvm/java-7-openjdk-amd64/jre/lib/amd64/libverify.so
7f36b30df000-7f36b32de000 ---p 0000f000 08:01 2101914                    /usr/lib/jvm/java-7-openjdk-amd64/jre/lib/amd64/libverify.so
7f36b32de000-7f36b32e1000 r--p 0000e000 08:01 2101914                    /usr/lib/jvm/java-7-openjdk-amd64/jre/lib/amd64/libverify.so
7f36b32e1000-7f36b32e2000 rw-p 00011000 08:01 2101914                    /usr/lib/jvm/java-7-openjdk-amd64/jre/lib/amd64/libverify.so
7f36b32e8000-7f36b32ef000 r-xp 00000000 08:01 6425569                    /lib/x86_64-linux-gnu/librt-2.19.so
7f36b32ef000-7f36b34ee000 ---p 00007000 08:01 6425569                    /lib/x86_64-linux-gnu/librt-2.19.so
7f36b34ee000-7f36b34ef000 r--p 00006000 08:01 6425569                    /lib/x86_64-linux-gnu/librt-2.19.so
7f36b34ef000-7f36b34f0000 rw-p 00007000 08:01 6425569                    /lib/x86_64-linux-gnu/librt-2.19.so
7f36b34f0000-7f36b3506000 r-xp 00000000 08:01 6422532                    /lib/x86_64-linux-gnu/libgcc_s.so.1
7f36b3506000-7f36b3705000 ---p 00016000 08:01 6422532                    /lib/x86_64-linux-gnu/libgcc_s.so.1
7f36b3705000-7f36b3706000 rw-p 00015000 08:01 6422532                    /lib/x86_64-linux-gnu/libgcc_s.so.1
7f36b3708000-7f36b3808000 r-xp 00000000 08:01 6425558                    /lib/x86_64-linux-gnu/libm-2.19.so
7f36b3808000-7f36b3a07000 ---p 00100000 08:01 6425558                    /lib/x86_64-linux-gnu/libm-2.19.so
7f36b3a07000-7f36b3a08000 r--p 000ff000 08:01 6425558                    /lib/x86_64-linux-gnu/libm-2.19.so
7f36b3a08000-7f36b3a09000 rw-p 00100000 08:01 6425558                    /lib/x86_64-linux-gnu/libm-2.19.so
7f36b3a10000-7f36b3afc000 r-xp 00000000 08:01 1315446                    /usr/lib/x86_64-linux-gnu/libstdc++.so.6.0.20
7f36b3afc000-7f36b3cfc000 ---p 000ec000 08:01 1315446                    /usr/lib/x86_64-linux-gnu/libstdc++.so.6.0.20
7f36b3cfc000-7f36b3d04000 r--p 000ec000 08:01 1315446                    /usr/lib/x86_64-linux-gnu/libstdc++.so.6.0.20
7f36b3d04000-7f36b3d06000 rw-p 000f4000 08:01 1315446                    /usr/lib/x86_64-linux-gnu/libstdc++.so.6.0.20
7f36b3d06000-7f36b3d1b000 rw-p 00000000 00:00 0 
7f36b3d20000-7f36b4876000 r-xp 00000000 08:01 2101927                    /usr/lib/jvm/java-7-openjdk-amd64/jre/lib/amd64/server/libjvm.so
7f36b4876000-7f36b4a76000 ---p 00b56000 08:01 2101927                    /usr/lib/jvm/java-7-openjdk-amd64/jre/lib/amd64/server/libjvm.so
7f36b4a76000-7f36b4b15000 r--p 00b56000 08:01 2101927                    /usr/lib/jvm/java-7-openjdk-amd64/jre/lib/amd64/server/libjvm.so
7f36b4b15000-7f36b4b38000 rw-p 00bf5000 08:01 2101927                    /usr/lib/jvm/java-7-openjdk-amd64/jre/lib/amd64/server/libjvm.so
7f36b4b38000-7f36b4b65000 rw-p 00000000 00:00 0 
7f36b4b68000-7f36b4b82000 r-xp 00000000 08:01 6422628                    /lib/x86_64-linux-gnu/libz.so.1.2.8
7f36b4b82000-7f36b4d81000 ---p 0001a000 08:01 6422628                    /lib/x86_64-linux-gnu/libz.so.1.2.8
7f36b4d81000-7f36b4d82000 r--p 00019000 08:01 6422628                    /lib/x86_64-linux-gnu/libz.so.1.2.8
7f36b4d82000-7f36b4d83000 rw-p 0001a000 08:01 6422628                    /lib/x86_64-linux-gnu/libz.so.1.2.8
7f36b4d88000-7f36b4f27000 r-xp 00000000 08:01 6425554                    /lib/x86_64-linux-gnu/libc-2.19.so
7f36b4f27000-7f36b5127000 ---p 0019f000 08:01 6425554                    /lib/x86_64-linux-gnu/libc-2.19.so
7f36b5127000-7f36b512b000 r--p 0019f000 08:01 6425554                    /lib/x86_64-linux-gnu/libc-2.19.so
7f36b512b000-7f36b512d000 rw-p 001a3000 08:01 6425554                    /lib/x86_64-linux-gnu/libc-2.19.so
7f36b512d000-7f36b5131000 rw-p 00000000 00:00 0 
7f36b5138000-7f36b513b000 r-xp 00000000 08:01 6425557                    /lib/x86_64-linux-gnu/libdl-2.19.so
7f36b513b000-7f36b533a000 ---p 00003000 08:01 6425557                    /lib/x86_64-linux-gnu/libdl-2.19.so
7f36b533a000-7f36b533b000 r--p 00002000 08:01 6425557                    /lib/x86_64-linux-gnu/libdl-2.19.so
7f36b533b000-7f36b533c000 rw-p 00003000 08:01 6425557                    /lib/x86_64-linux-gnu/libdl-2.19.so
7f36b5340000-7f36b534d000 r-xp 00000000 08:01 2101917                    /usr/lib/jvm/java-7-openjdk-amd64/jre/lib/amd64/jli/libjli.so
7f36b534d000-7f36b554c000 ---p 0000d000 08:01 2101917                    /usr/lib/jvm/java-7-openjdk-amd64/jre/lib/amd64/jli/libjli.so
7f36b554c000-7f36b554d000 r--p 0000c000 08:01 2101917                    /usr/lib/jvm/java-7-openjdk-amd64/jre/lib/amd64/jli/libjli.so
7f36b554d000-7f36b554e000 rw-p 0000d000 08:01 2101917                    /usr/lib/jvm/java-7-openjdk-amd64/jre/lib/amd64/jli/libjli.so
7f36b5550000-7f36b5568000 r-xp 00000000 08:01 6425550                    /lib/x86_64-linux-gnu/libpthread-2.19.so
7f36b5568000-7f36b5767000 ---p 00018000 08:01 6425550                    /lib/x86_64-linux-gnu/libpthread-2.19.so
7f36b5767000-7f36b5768000 r--p 00017000 08:01 6425550                    /lib/x86_64-linux-gnu/libpthread-2.19.so
7f36b5768000-7f36b5769000 rw-p 00018000 08:01 6425550                    /lib/x86_64-linux-gnu/libpthread-2.19.so
7f36b5769000-7f36b576d000 rw-p 00000000 00:00 0 
7f36b5770000-7f36b5790000 r-xp 00000000 08:01 6425551                    /lib/x86_64-linux-gnu/ld-2.19.so
7f36b5797000-7f36b579a000 r--s 0000f000 08:01 2101910                    /usr/lib/jvm/java-7-openjdk-amd64/jre/lib/ext/icedtea-sound.jar
7f36b579c000-7f36b57a0000 r--s 00034000 08:01 2101912                    /usr/lib/jvm/java-7-openjdk-amd64/jre/lib/ext/sunjce_provider.jar
7f36b57a3000-7f36b57ad000 rw-p 00000000 00:00 0 
7f36b57ad000-7f36b5863000 rw-p 00000000 00:00 0 
7f36b5863000-7f36b5866000 ---p 00000000 00:00 0 
7f36b5866000-7f36b5968000 rw-p 00000000 00:00 0                          [stack:13594]
7f36b596e000-7f36b5970000 r--s 00006000 08:01 1841746                    /usr/share/java/java-atk-wrapper.jar
7f36b5972000-7f36b5974000 r--s 00012000 08:01 2101907                    /usr/lib/jvm/java-7-openjdk-amd64/jre/lib/ext/zipfs.jar
7f36b5975000-7f36b5979000 r--s 00085000 08:01 2101908                    /usr/lib/jvm/java-7-openjdk-amd64/jre/lib/ext/localedata.jar
7f36b597a000-7f36b597b000 r--s 00002000 08:01 2101909                    /usr/lib/jvm/java-7-openjdk-amd64/jre/lib/ext/dnsns.jar
7f36b597c000-7f36b5980000 r--s 0003c000 08:01 2101911                    /usr/lib/jvm/java-7-openjdk-amd64/jre/lib/ext/sunpkcs11.jar
7f36b5980000-7f36b5988000 rw-s 00000000 08:12 3145731                    /tmp/hsperfdata_mart/13593
7f36b598b000-7f36b598e000 rw-p 00000000 00:00 0 
7f36b598e000-7f36b598f000 r--p 00000000 00:00 0 
7f36b598f000-7f36b5990000 rw-p 00000000 00:00 0 
7f36b5990000-7f36b5991000 r--p 00020000 08:01 6425551                    /lib/x86_64-linux-gnu/ld-2.19.so
7f36b5991000-7f36b5992000 rw-p 00021000 08:01 6425551                    /lib/x86_64-linux-gnu/ld-2.19.so
7f36b5992000-7f36b5995000 rw-p 00000000 00:00 0 
7fffb0a1d000-7fffb0a3e000 rw-p 00000000 00:00 0                          [stack]
7fffb0ae0000-7fffb0ae2000 r-xp 00000000 00:00 0                          [vdso]
7fffb0ae2000-7fffb0ae4000 r--p 00000000 00:00 0                          [vvar]
ffffffffff600000-ffffffffff601000 r-xp 00000000 00:00 0                  [vsyscall]

VM Arguments:
jvm_args: -Djava.library.path=libs/ -Didea.launcher.port=7536 -Didea.launcher.bin.path=/opt/intellij-idea/bin -Dfile.encoding=UTF-8 
java_command: com.intellij.rt.execution.application.AppMain engine.GameLoop
Launcher Type: SUN_STANDARD

Environment Variables:
PATH=/usr/local/bin:/usr/bin:/bin:/usr/local/games:/usr/games
USERNAME=mart
LD_LIBRARY_PATH=/opt/intellij-idea/bin:
SHELL=/bin/bash
DISPLAY=:0

Signal Handlers:
SIGSEGV: [libjvm.so+0x988620], sa_mask[0]=0x7ffbfeff, sa_flags=0x10000004
SIGBUS: [libjvm.so+0x988620], sa_mask[0]=0x7ffbfeff, sa_flags=0x10000004
SIGFPE: [libjvm.so+0x7f5420], sa_mask[0]=0x7ffbfeff, sa_flags=0x10000004
SIGPIPE: [libjvm.so+0x7f5420], sa_mask[0]=0x7ffbfeff, sa_flags=0x10000004
SIGXFSZ: [libjvm.so+0x7f5420], sa_mask[0]=0x7ffbfeff, sa_flags=0x10000004
SIGILL: [libjvm.so+0x7f5420], sa_mask[0]=0x7ffbfeff, sa_flags=0x10000004
SIGUSR1: SIG_DFL, sa_mask[0]=0x00000000, sa_flags=0x00000000
SIGUSR2: [libjvm.so+0x7f52a0], sa_mask[0]=0x00000004, sa_flags=0x10000004
SIGHUP: [libjvm.so+0x7f54a0], sa_mask[0]=0x7ffbfeff, sa_flags=0x10000004
SIGINT: [libjvm.so+0x7f54a0], sa_mask[0]=0x7ffbfeff, sa_flags=0x10000004
SIGTERM: [libjvm.so+0x7f54a0], sa_mask[0]=0x7ffbfeff, sa_flags=0x10000004
SIGQUIT: [libjvm.so+0x7f54a0], sa_mask[0]=0x7ffbfeff, sa_flags=0x10000004
SIGTRAP: SIG_DFL, sa_mask[0]=0x00000000, sa_flags=0x00000000


---------------  S Y S T E M  ---------------

OS:8.2

uname:Linux 3.16.0-4-amd64 #1 SMP Debian 3.16.7-ckt11-1+deb8u5 (2015-10-09) x86_64
libc:glibc 2.19 NPTL 2.19 
rlimit: STACK 8192k, CORE 0k, NPROC 63809, NOFILE 65536, AS infinity
load average:0.50 0.57 0.77

/proc/meminfo:
MemTotal:       16352924 kB
MemFree:         9169000 kB
MemAvailable:   12722220 kB
Buffers:          354404 kB
Cached:          3096316 kB
SwapCached:            0 kB
Active:          5334840 kB
Inactive:        1277576 kB
Active(anon):    3165280 kB
Inactive(anon):    21752 kB
Active(file):    2169560 kB
Inactive(file):  1255824 kB
Unevictable:          32 kB
Mlocked:              32 kB
SwapTotal:             0 kB
SwapFree:              0 kB
Dirty:              2328 kB
Writeback:             0 kB
AnonPages:       3161704 kB
Mapped:           415996 kB
Shmem:             25356 kB
Slab:             428772 kB
SReclaimable:     381252 kB
SUnreclaim:        47520 kB
KernelStack:       11040 kB
PageTables:        31996 kB
NFS_Unstable:          0 kB
Bounce:                0 kB
WritebackTmp:          0 kB
CommitLimit:     8176460 kB
Committed_AS:    8180904 kB
VmallocTotal:   34359738367 kB
VmallocUsed:      330552 kB
VmallocChunk:   34359391740 kB
HardwareCorrupted:     0 kB
AnonHugePages:         0 kB
HugePages_Total:       0
HugePages_Free:        0
HugePages_Rsvd:        0
HugePages_Surp:        0
Hugepagesize:       2048 kB
DirectMap4k:      213428 kB
DirectMap2M:    13365248 kB
DirectMap1G:     3145728 kB


CPU:total 8 (8 cores per cpu, 1 threads per core) family 21 model 2 stepping 0, cmov, cx8, fxsr, mmx, sse, sse2, sse3, ssse3, sse4.1, sse4.2, popcnt, avx, aes, mmxext, 3dnowpref, lzcnt, sse4a, tsc, tscinvbit, tscinv

/proc/cpuinfo:
processor	: 0
vendor_id	: AuthenticAMD
cpu family	: 21
model		: 2
model name	: AMD FX(tm)-8320 Eight-Core Processor
stepping	: 0
microcode	: 0x6000822
cpu MHz		: 1400.000
cache size	: 2048 KB
physical id	: 0
siblings	: 8
core id		: 0
cpu cores	: 4
apicid		: 16
initial apicid	: 0
fpu		: yes
fpu_exception	: yes
cpuid level	: 13
wp		: yes
flags		: fpu vme de pse tsc msr pae mce cx8 apic sep mtrr pge mca cmov pat pse36 clflush mmx fxsr sse sse2 ht syscall nx mmxext fxsr_opt pdpe1gb rdtscp lm constant_tsc rep_good nopl nonstop_tsc extd_apicid aperfmperf pni pclmulqdq monitor ssse3 fma cx16 sse4_1 sse4_2 popcnt aes xsave avx f16c lahf_lm cmp_legacy svm extapic cr8_legacy abm sse4a misalignsse 3dnowprefetch osvw ibs xop skinit wdt lwp fma4 tce nodeid_msr tbm topoext perfctr_core perfctr_nb arat cpb hw_pstate npt lbrv svm_lock nrip_save tsc_scale vmcb_clean flushbyasid decodeassists pausefilter pfthreshold vmmcall bmi1
bogomips	: 7000.16
TLB size	: 1536 4K pages
clflush size	: 64
cache_alignment	: 64
address sizes	: 48 bits physical, 48 bits virtual
power management: ts ttp tm 100mhzsteps hwpstate cpb eff_freq_ro

processor	: 1
vendor_id	: AuthenticAMD
cpu family	: 21
model		: 2
model name	: AMD FX(tm)-8320 Eight-Core Processor           
stepping	: 0
microcode	: 0x6000822
cpu MHz		: 3500.000
cache size	: 2048 KB
physical id	: 0
siblings	: 8
core id		: 1
cpu cores	: 4
apicid		: 17
initial apicid	: 1
fpu		: yes
fpu_exception	: yes
cpuid level	: 13
wp		: yes
flags		: fpu vme de pse tsc msr pae mce cx8 apic sep mtrr pge mca cmov pat pse36 clflush mmx fxsr sse sse2 ht syscall nx mmxext fxsr_opt pdpe1gb rdtscp lm constant_tsc rep_good nopl nonstop_tsc extd_apicid aperfmperf pni pclmulqdq monitor ssse3 fma cx16 sse4_1 sse4_2 popcnt aes xsave avx f16c lahf_lm cmp_legacy svm extapic cr8_legacy abm sse4a misalignsse 3dnowprefetch osvw ibs xop skinit wdt lwp fma4 tce nodeid_msr tbm topoext perfctr_core perfctr_nb arat cpb hw_pstate npt lbrv svm_lock nrip_save tsc_scale vmcb_clean flushbyasid decodeassists pausefilter pfthreshold vmmcall bmi1
bogomips	: 7000.16
TLB size	: 1536 4K pages
clflush size	: 64
cache_alignment	: 64
address sizes	: 48 bits physical, 48 bits virtual
power management: ts ttp tm 100mhzsteps hwpstate cpb eff_freq_ro

processor	: 2
vendor_id	: AuthenticAMD
cpu family	: 21
model		: 2
model name	: AMD FX(tm)-8320 Eight-Core Processor           
stepping	: 0
microcode	: 0x6000822
cpu MHz		: 1400.000
cache size	: 2048 KB
physical id	: 0
siblings	: 8
core id		: 2
cpu cores	: 4
apicid		: 18
initial apicid	: 2
fpu		: yes
fpu_exception	: yes
cpuid level	: 13
wp		: yes
flags		: fpu vme de pse tsc msr pae mce cx8 apic sep mtrr pge mca cmov pat pse36 clflush mmx fxsr sse sse2 ht syscall nx mmxext fxsr_opt pdpe1gb rdtscp lm constant_tsc rep_good nopl nonstop_tsc extd_apicid aperfmperf pni pclmulqdq monitor ssse3 fma cx16 sse4_1 sse4_2 popcnt aes xsave avx f16c lahf_lm cmp_legacy svm extapic cr8_legacy abm sse4a misalignsse 3dnowprefetch osvw ibs xop skinit wdt lwp fma4 tce nodeid_msr tbm topoext perfctr_core perfctr_nb arat cpb hw_pstate npt lbrv svm_lock nrip_save tsc_scale vmcb_clean flushbyasid decodeassists pausefilter pfthreshold vmmcall bmi1
bogomips	: 7000.16
TLB size	: 1536 4K pages
clflush size	: 64
cache_alignment	: 64
address sizes	: 48 bits physical, 48 bits virtual
power management: ts ttp tm 100mhzsteps hwpstate cpb eff_freq_ro

processor	: 3
vendor_id	: AuthenticAMD
cpu family	: 21
model		: 2
model name	: AMD FX(tm)-8320 Eight-Core Processor           
stepping	: 0
microcode	: 0x6000822
cpu MHz		: 3500.000
cache size	: 2048 KB
physical id	: 0
siblings	: 8
core id		: 3
cpu cores	: 4
apicid		: 19
initial apicid	: 3
fpu		: yes
fpu_exception	: yes
cpuid level	: 13
wp		: yes
flags		: fpu vme de pse tsc msr pae mce cx8 apic sep mtrr pge mca cmov pat pse36 clflush mmx fxsr sse sse2 ht syscall nx mmxext fxsr_opt pdpe1gb rdtscp lm constant_tsc rep_good nopl nonstop_tsc extd_apicid aperfmperf pni pclmulqdq monitor ssse3 fma cx16 sse4_1 sse4_2 popcnt aes xsave avx f16c lahf_lm cmp_legacy svm extapic cr8_legacy abm sse4a misalignsse 3dnowprefetch osvw ibs xop skinit wdt lwp fma4 tce nodeid_msr tbm topoext perfctr_core perfctr_nb arat cpb hw_pstate npt lbrv svm_lock nrip_save tsc_scale vmcb_clean flushbyasid decodeassists pausefilter pfthreshold vmmcall bmi1
bogomips	: 7000.16
TLB size	: 1536 4K pages
clflush size	: 64
cache_alignment	: 64
address sizes	: 48 bits physical, 48 bits virtual
power management: ts ttp tm 100mhzsteps hwpstate cpb eff_freq_ro

processor	: 4
vendor_id	: AuthenticAMD
cpu family	: 21
model		: 2
model name	: AMD FX(tm)-8320 Eight-Core Processor           
stepping	: 0
microcode	: 0x6000822
cpu MHz		: 3500.000
cache size	: 2048 KB
physical id	: 0
siblings	: 8
core id		: 4
cpu cores	: 4
apicid		: 20
initial apicid	: 4
fpu		: yes
fpu_exception	: yes
cpuid level	: 13
wp		: yes
flags		: fpu vme de pse tsc msr pae mce cx8 apic sep mtrr pge mca cmov pat pse36 clflush mmx fxsr sse sse2 ht syscall nx mmxext fxsr_opt pdpe1gb rdtscp lm constant_tsc rep_good nopl nonstop_tsc extd_apicid aperfmperf pni pclmulqdq monitor ssse3 fma cx16 sse4_1 sse4_2 popcnt aes xsave avx f16c lahf_lm cmp_legacy svm extapic cr8_legacy abm sse4a misalignsse 3dnowprefetch osvw ibs xop skinit wdt lwp fma4 tce nodeid_msr tbm topoext perfctr_core perfctr_nb arat cpb hw_pstate npt lbrv svm_lock nrip_save tsc_scale vmcb_clean flushbyasid decodeassists pausefilter pfthreshold vmmcall bmi1
bogomips	: 7000.16
TLB size	: 1536 4K pages
clflush size	: 64
cache_alignment	: 64
address sizes	: 48 bits physical, 48 bits virtual
power management: ts ttp tm 100mhzsteps hwpstate cpb eff_freq_ro

processor	: 5
vendor_id	: AuthenticAMD
cpu family	: 21
model		: 2
model name	: AMD FX(tm)-8320 Eight-Core Processor           
stepping	: 0
microcode	: 0x6000822
cpu MHz		: 3500.000
cache size	: 2048 KB
physical id	: 0
siblings	: 8
core id		: 5
cpu cores	: 4
apicid		: 21
initial apicid	: 5
fpu		: yes
fpu_exception	: yes
cpuid level	: 13
wp		: yes
flags		: fpu vme de pse tsc msr pae mce cx8 apic sep mtrr pge mca cmov pat pse36 clflush mmx fxsr sse sse2 ht syscall nx mmxext fxsr_opt pdpe1gb rdtscp lm constant_tsc rep_good nopl nonstop_tsc extd_apicid aperfmperf pni pclmulqdq monitor ssse3 fma cx16 sse4_1 sse4_2 popcnt aes xsave avx f16c lahf_lm cmp_legacy svm extapic cr8_legacy abm sse4a misalignsse 3dnowprefetch osvw ibs xop skinit wdt lwp fma4 tce nodeid_msr tbm topoext perfctr_core perfctr_nb arat cpb hw_pstate npt lbrv svm_lock nrip_save tsc_scale vmcb_clean flushbyasid decodeassists pausefilter pfthreshold vmmcall bmi1
bogomips	: 7000.16
TLB size	: 1536 4K pages
clflush size	: 64
cache_alignment	: 64
address sizes	: 48 bits physical, 48 bits virtual
power management: ts ttp tm 100mhzsteps hwpstate cpb eff_freq_ro

processor	: 6
vendor_id	: AuthenticAMD
cpu family	: 21
model		: 2
model name	: AMD FX(tm)-8320 Eight-Core Processor           
stepping	: 0
microcode	: 0x6000822
cpu MHz		: 1400.000
cache size	: 2048 KB
physical id	: 0
siblings	: 8
core id		: 6
cpu cores	: 4
apicid		: 22
initial apicid	: 6
fpu		: yes
fpu_exception	: yes
cpuid level	: 13
wp		: yes
flags		: fpu vme de pse tsc msr pae mce cx8 apic sep mtrr pge mca cmov pat pse36 clflush mmx fxsr sse sse2 ht syscall nx mmxext fxsr_opt pdpe1gb rdtscp lm constant_tsc rep_good nopl nonstop_tsc extd_apicid aperfmperf pni pclmulqdq monitor ssse3 fma cx16 sse4_1 sse4_2 popcnt aes xsave avx f16c lahf_lm cmp_legacy svm extapic cr8_legacy abm sse4a misalignsse 3dnowprefetch osvw ibs xop skinit wdt lwp fma4 tce nodeid_msr tbm topoext perfctr_core perfctr_nb arat cpb hw_pstate npt lbrv svm_lock nrip_save tsc_scale vmcb_clean flushbyasid decodeassists pausefilter pfthreshold vmmcall bmi1
bogomips	: 7000.16
TLB size	: 1536 4K pages
clflush size	: 64
cache_alignment	: 64
address sizes	: 48 bits physical, 48 bits virtual
power management: ts ttp tm 100mhzsteps hwpstate cpb eff_freq_ro

processor	: 7
vendor_id	: AuthenticAMD
cpu family	: 21
model		: 2
model name	: AMD FX(tm)-8320 Eight-Core Processor           
stepping	: 0
microcode	: 0x6000822
cpu MHz		: 3500.000
cache size	: 2048 KB
physical id	: 0
siblings	: 8
core id		: 7
cpu cores	: 4
apicid		: 23
initial apicid	: 7
fpu		: yes
fpu_exception	: yes
cpuid level	: 13
wp		: yes
flags		: fpu vme de pse tsc msr pae mce cx8 apic sep mtrr pge mca cmov pat pse36 clflush mmx fxsr sse sse2 ht syscall nx mmxext fxsr_opt pdpe1gb rdtscp lm constant_tsc rep_good nopl nonstop_tsc extd_apicid aperfmperf pni pclmulqdq monitor ssse3 fma cx16 sse4_1 sse4_2 popcnt aes xsave avx f16c lahf_lm cmp_legacy svm extapic cr8_legacy abm sse4a misalignsse 3dnowprefetch osvw ibs xop skinit wdt lwp fma4 tce nodeid_msr tbm topoext perfctr_core perfctr_nb arat cpb hw_pstate npt lbrv svm_lock nrip_save tsc_scale vmcb_clean flushbyasid decodeassists pausefilter pfthreshold vmmcall bmi1
bogomips	: 7000.16
TLB size	: 1536 4K pages
clflush size	: 64
cache_alignment	: 64
address sizes	: 48 bits physical, 48 bits virtual
power management: ts ttp tm 100mhzsteps hwpstate cpb eff_freq_ro



Memory: 4k page, physical 16352924k(9169000k free), swap 0k(0k free)

vm_info: OpenJDK 64-Bit Server VM (24.85-b03) for linux-amd64 JRE (1.7.0_85-b01), built on Oct 31 2015 21:30:47 by "jmm" with gcc 4.9.2

time: Tue Jan 10 22:40:39 2017
elapsed time: 1 seconds

